[2024-06-12 05:59:31,114] {taskinstance.py:826} INFO - Dependencies all met for <TaskInstance: ETL_to_Database.crawl_companies 2024-06-12T05:59:28.866520+00:00 [queued]>
[2024-06-12 05:59:31,120] {taskinstance.py:826} INFO - Dependencies all met for <TaskInstance: ETL_to_Database.crawl_companies 2024-06-12T05:59:28.866520+00:00 [queued]>
[2024-06-12 05:59:31,120] {taskinstance.py:1017} INFO - 
--------------------------------------------------------------------------------
[2024-06-12 05:59:31,121] {taskinstance.py:1018} INFO - Starting attempt 1 of 2
[2024-06-12 05:59:31,121] {taskinstance.py:1019} INFO - 
--------------------------------------------------------------------------------
[2024-06-12 05:59:31,149] {taskinstance.py:1038} INFO - Executing <Task(BashOperator): crawl_companies> on 2024-06-12T05:59:28.866520+00:00
[2024-06-12 05:59:31,152] {standard_task_runner.py:51} INFO - Started process 21618 to run task
[2024-06-12 05:59:31,159] {standard_task_runner.py:75} INFO - Running: ['airflow', 'tasks', 'run', 'ETL_to_Database', 'crawl_companies', '2024-06-12T05:59:28.866520+00:00', '--job-id', '137', '--pool', 'default_pool', '--raw', '--subdir', 'DAGS_FOLDER/etl_to_db.py', '--cfg-path', '/tmp/tmp1d8z2gxb']
[2024-06-12 05:59:31,160] {standard_task_runner.py:76} INFO - Job 137: Subtask crawl_companies
[2024-06-12 05:59:31,199] {logging_mixin.py:103} INFO - Running <TaskInstance: ETL_to_Database.crawl_companies 2024-06-12T05:59:28.866520+00:00 [running]> on host etl.us-central1-a.c.data-engineering-stock.internal
[2024-06-12 05:59:31,238] {taskinstance.py:1230} INFO - Exporting the following env vars:
AIRFLOW_CTX_DAG_EMAIL=anhcuonghuynhnguyen@gmail.com
AIRFLOW_CTX_DAG_OWNER=airflow
AIRFLOW_CTX_DAG_ID=ETL_to_Database
AIRFLOW_CTX_TASK_ID=crawl_companies
AIRFLOW_CTX_EXECUTION_DATE=2024-06-12T05:59:28.866520+00:00
AIRFLOW_CTX_DAG_RUN_ID=manual__2024-06-12T05:59:28.866520+00:00
[2024-06-12 05:59:31,238] {bash.py:135} INFO - Tmp dir root location: 
 /tmp
[2024-06-12 05:59:31,239] {bash.py:158} INFO - Running command: /bin/python3 /home/anhcu/Project/Stock_project/backend/scripts/extract/crawl_companies.py
[2024-06-12 05:59:31,246] {bash.py:169} INFO - Output:
[2024-06-12 05:59:33,863] {bash.py:173} INFO - Extracted 14754 companies from the NASDAQ stock exchange.
[2024-06-12 05:59:33,864] {bash.py:173} INFO - Extracted 13450 companies from the NYSE stock exchange.
[2024-06-12 05:59:33,864] {bash.py:173} INFO - Data saved to /home/anhcu/Project/Stock_project/backend/data/raw/companies/crawl_companies_2024_06_12.json
[2024-06-12 05:59:33,915] {bash.py:177} INFO - Command exited with return code 0
[2024-06-12 05:59:33,940] {taskinstance.py:1135} INFO - Marking task as SUCCESS. dag_id=ETL_to_Database, task_id=crawl_companies, execution_date=20240612T055928, start_date=20240612T055931, end_date=20240612T055933
[2024-06-12 05:59:33,966] {taskinstance.py:1195} INFO - 0 downstream tasks scheduled from follow-on schedule check
[2024-06-12 05:59:33,981] {local_task_job.py:118} INFO - Task exited with return code 0
