[2024-06-10 10:23:30,941] {taskinstance.py:826} INFO - Dependencies all met for <TaskInstance: ELT_to_Data_Warehouse.load_parquet_to_hdfs 2024-06-10T10:23:18.713794+00:00 [queued]>
[2024-06-10 10:23:30,946] {taskinstance.py:826} INFO - Dependencies all met for <TaskInstance: ELT_to_Data_Warehouse.load_parquet_to_hdfs 2024-06-10T10:23:18.713794+00:00 [queued]>
[2024-06-10 10:23:30,946] {taskinstance.py:1017} INFO - 
--------------------------------------------------------------------------------
[2024-06-10 10:23:30,947] {taskinstance.py:1018} INFO - Starting attempt 1 of 3
[2024-06-10 10:23:30,947] {taskinstance.py:1019} INFO - 
--------------------------------------------------------------------------------
[2024-06-10 10:23:30,960] {taskinstance.py:1038} INFO - Executing <Task(PythonOperator): load_parquet_to_hdfs> on 2024-06-10T10:23:18.713794+00:00
[2024-06-10 10:23:30,963] {standard_task_runner.py:51} INFO - Started process 73829 to run task
[2024-06-10 10:23:30,969] {standard_task_runner.py:75} INFO - Running: ['airflow', 'tasks', 'run', 'ELT_to_Data_Warehouse', 'load_parquet_to_hdfs', '2024-06-10T10:23:18.713794+00:00', '--job-id', '38', '--pool', 'default_pool', '--raw', '--subdir', 'DAGS_FOLDER/elt_to_dw.py', '--cfg-path', '/tmp/tmpd2zpuq2_']
[2024-06-10 10:23:30,970] {standard_task_runner.py:76} INFO - Job 38: Subtask load_parquet_to_hdfs
[2024-06-10 10:23:31,004] {logging_mixin.py:103} INFO - Running <TaskInstance: ELT_to_Data_Warehouse.load_parquet_to_hdfs 2024-06-10T10:23:18.713794+00:00 [running]> on host etl.us-central1-a.c.data-engineering-stock.internal
[2024-06-10 10:23:31,029] {taskinstance.py:1230} INFO - Exporting the following env vars:
AIRFLOW_CTX_DAG_OWNER=airflow
AIRFLOW_CTX_DAG_ID=ELT_to_Data_Warehouse
AIRFLOW_CTX_TASK_ID=load_parquet_to_hdfs
AIRFLOW_CTX_EXECUTION_DATE=2024-06-10T10:23:18.713794+00:00
AIRFLOW_CTX_DAG_RUN_ID=manual__2024-06-10T10:23:18.713794+00:00
[2024-06-10 10:23:43,627] {logging_mixin.py:103} INFO - Uploaded /home/anhcu/Project/Stock_project/elt/data/completed/load_api_ohlcs_to_dl/crawl_ohlcs_2024_06_09.parquet to /user/anhcu/datalake/ohlcs on HDFS
Uploaded /home/anhcu/Project/Stock_project/elt/data/completed/load_api_news_to_dl/crawl_news_2024_06_09.parquet to /user/anhcu/datalake/news on HDFS
Uploaded /home/anhcu/Project/Stock_project/elt/data/completed/load_db_to_dl/load_db_to_dl_2024_06_10.parquet to /user/anhcu/datalake/companies on HDFS
/user/anhcu/datalake/ohlcs/crawl_ohlcs_2024_06_09.parquet
/user/anhcu/datalake/news/crawl_news_2024_06_09.parquet
/user/anhcu/datalake/companies/load_db_to_dl_2024_06_10.parquet
[2024-06-10 10:23:43,628] {logging_mixin.py:103} INFO - 
[2024-06-10 10:23:43,628] {python.py:118} INFO - Done. Returned value was: None
[2024-06-10 10:23:43,635] {taskinstance.py:1135} INFO - Marking task as SUCCESS. dag_id=ELT_to_Data_Warehouse, task_id=load_parquet_to_hdfs, execution_date=20240610T102318, start_date=20240610T102330, end_date=20240610T102343
[2024-06-10 10:23:43,662] {taskinstance.py:1195} INFO - 1 downstream tasks scheduled from follow-on schedule check
[2024-06-10 10:23:43,679] {local_task_job.py:118} INFO - Task exited with return code 0
