[2024-06-12 05:58:40,240] {scheduler_job.py:181} INFO - Started process (PID=21097) to work on /home/anhcu/Project/Stock_project/airflow_venv/lib/python3.8/site-packages/airflow/example_dags/subdags/subdag.py
[2024-06-12 05:58:40,244] {scheduler_job.py:629} INFO - Processing file /home/anhcu/Project/Stock_project/airflow_venv/lib/python3.8/site-packages/airflow/example_dags/subdags/subdag.py for tasks to queue
[2024-06-12 05:58:40,245] {logging_mixin.py:103} INFO - [2024-06-12 05:58:40,245] {dagbag.py:440} INFO - Filling up the DagBag from /home/anhcu/Project/Stock_project/airflow_venv/lib/python3.8/site-packages/airflow/example_dags/subdags/subdag.py
[2024-06-12 05:58:40,252] {scheduler_job.py:641} WARNING - No viable dags retrieved from /home/anhcu/Project/Stock_project/airflow_venv/lib/python3.8/site-packages/airflow/example_dags/subdags/subdag.py
[2024-06-12 05:58:40,279] {scheduler_job.py:189} INFO - Processing /home/anhcu/Project/Stock_project/airflow_venv/lib/python3.8/site-packages/airflow/example_dags/subdags/subdag.py took 0.052 seconds
[2024-06-12 05:58:44,384] {scheduler_job.py:181} INFO - Started process (PID=21297) to work on /home/anhcu/Project/Stock_project/airflow_venv/lib/python3.8/site-packages/airflow/example_dags/subdags/subdag.py
[2024-06-12 05:58:44,385] {scheduler_job.py:629} INFO - Processing file /home/anhcu/Project/Stock_project/airflow_venv/lib/python3.8/site-packages/airflow/example_dags/subdags/subdag.py for tasks to queue
[2024-06-12 05:58:44,386] {logging_mixin.py:103} INFO - [2024-06-12 05:58:44,386] {dagbag.py:440} INFO - Filling up the DagBag from /home/anhcu/Project/Stock_project/airflow_venv/lib/python3.8/site-packages/airflow/example_dags/subdags/subdag.py
[2024-06-12 05:58:44,390] {scheduler_job.py:641} WARNING - No viable dags retrieved from /home/anhcu/Project/Stock_project/airflow_venv/lib/python3.8/site-packages/airflow/example_dags/subdags/subdag.py
[2024-06-12 05:58:44,401] {scheduler_job.py:189} INFO - Processing /home/anhcu/Project/Stock_project/airflow_venv/lib/python3.8/site-packages/airflow/example_dags/subdags/subdag.py took 0.021 seconds
[2024-06-12 05:58:48,683] {scheduler_job.py:181} INFO - Started process (PID=21335) to work on /home/anhcu/Project/Stock_project/airflow_venv/lib/python3.8/site-packages/airflow/example_dags/subdags/subdag.py
[2024-06-12 05:58:48,700] {scheduler_job.py:629} INFO - Processing file /home/anhcu/Project/Stock_project/airflow_venv/lib/python3.8/site-packages/airflow/example_dags/subdags/subdag.py for tasks to queue
[2024-06-12 05:58:48,701] {logging_mixin.py:103} INFO - [2024-06-12 05:58:48,701] {dagbag.py:440} INFO - Filling up the DagBag from /home/anhcu/Project/Stock_project/airflow_venv/lib/python3.8/site-packages/airflow/example_dags/subdags/subdag.py
[2024-06-12 05:58:48,705] {scheduler_job.py:641} WARNING - No viable dags retrieved from /home/anhcu/Project/Stock_project/airflow_venv/lib/python3.8/site-packages/airflow/example_dags/subdags/subdag.py
[2024-06-12 05:58:48,734] {scheduler_job.py:189} INFO - Processing /home/anhcu/Project/Stock_project/airflow_venv/lib/python3.8/site-packages/airflow/example_dags/subdags/subdag.py took 0.055 seconds
[2024-06-12 05:58:54,003] {scheduler_job.py:181} INFO - Started process (PID=21403) to work on /home/anhcu/Project/Stock_project/airflow_venv/lib/python3.8/site-packages/airflow/example_dags/subdags/subdag.py
[2024-06-12 05:58:54,004] {scheduler_job.py:629} INFO - Processing file /home/anhcu/Project/Stock_project/airflow_venv/lib/python3.8/site-packages/airflow/example_dags/subdags/subdag.py for tasks to queue
[2024-06-12 05:58:54,005] {logging_mixin.py:103} INFO - [2024-06-12 05:58:54,005] {dagbag.py:440} INFO - Filling up the DagBag from /home/anhcu/Project/Stock_project/airflow_venv/lib/python3.8/site-packages/airflow/example_dags/subdags/subdag.py
[2024-06-12 05:58:54,025] {scheduler_job.py:641} WARNING - No viable dags retrieved from /home/anhcu/Project/Stock_project/airflow_venv/lib/python3.8/site-packages/airflow/example_dags/subdags/subdag.py
[2024-06-12 05:58:54,058] {scheduler_job.py:189} INFO - Processing /home/anhcu/Project/Stock_project/airflow_venv/lib/python3.8/site-packages/airflow/example_dags/subdags/subdag.py took 0.073 seconds
[2024-06-12 05:58:59,461] {scheduler_job.py:181} INFO - Started process (PID=21410) to work on /home/anhcu/Project/Stock_project/airflow_venv/lib/python3.8/site-packages/airflow/example_dags/subdags/subdag.py
[2024-06-12 05:58:59,463] {scheduler_job.py:629} INFO - Processing file /home/anhcu/Project/Stock_project/airflow_venv/lib/python3.8/site-packages/airflow/example_dags/subdags/subdag.py for tasks to queue
[2024-06-12 05:58:59,471] {logging_mixin.py:103} INFO - [2024-06-12 05:58:59,470] {dagbag.py:440} INFO - Filling up the DagBag from /home/anhcu/Project/Stock_project/airflow_venv/lib/python3.8/site-packages/airflow/example_dags/subdags/subdag.py
[2024-06-12 05:58:59,474] {scheduler_job.py:641} WARNING - No viable dags retrieved from /home/anhcu/Project/Stock_project/airflow_venv/lib/python3.8/site-packages/airflow/example_dags/subdags/subdag.py
[2024-06-12 05:58:59,494] {scheduler_job.py:189} INFO - Processing /home/anhcu/Project/Stock_project/airflow_venv/lib/python3.8/site-packages/airflow/example_dags/subdags/subdag.py took 0.053 seconds
[2024-06-12 05:59:03,344] {scheduler_job.py:181} INFO - Started process (PID=21417) to work on /home/anhcu/Project/Stock_project/airflow_venv/lib/python3.8/site-packages/airflow/example_dags/subdags/subdag.py
[2024-06-12 05:59:03,345] {scheduler_job.py:629} INFO - Processing file /home/anhcu/Project/Stock_project/airflow_venv/lib/python3.8/site-packages/airflow/example_dags/subdags/subdag.py for tasks to queue
[2024-06-12 05:59:03,345] {logging_mixin.py:103} INFO - [2024-06-12 05:59:03,345] {dagbag.py:440} INFO - Filling up the DagBag from /home/anhcu/Project/Stock_project/airflow_venv/lib/python3.8/site-packages/airflow/example_dags/subdags/subdag.py
[2024-06-12 05:59:03,348] {scheduler_job.py:641} WARNING - No viable dags retrieved from /home/anhcu/Project/Stock_project/airflow_venv/lib/python3.8/site-packages/airflow/example_dags/subdags/subdag.py
[2024-06-12 05:59:03,356] {scheduler_job.py:189} INFO - Processing /home/anhcu/Project/Stock_project/airflow_venv/lib/python3.8/site-packages/airflow/example_dags/subdags/subdag.py took 0.016 seconds
[2024-06-12 05:59:07,121] {scheduler_job.py:181} INFO - Started process (PID=21424) to work on /home/anhcu/Project/Stock_project/airflow_venv/lib/python3.8/site-packages/airflow/example_dags/subdags/subdag.py
[2024-06-12 05:59:07,122] {scheduler_job.py:629} INFO - Processing file /home/anhcu/Project/Stock_project/airflow_venv/lib/python3.8/site-packages/airflow/example_dags/subdags/subdag.py for tasks to queue
[2024-06-12 05:59:07,123] {logging_mixin.py:103} INFO - [2024-06-12 05:59:07,123] {dagbag.py:440} INFO - Filling up the DagBag from /home/anhcu/Project/Stock_project/airflow_venv/lib/python3.8/site-packages/airflow/example_dags/subdags/subdag.py
[2024-06-12 05:59:07,126] {scheduler_job.py:641} WARNING - No viable dags retrieved from /home/anhcu/Project/Stock_project/airflow_venv/lib/python3.8/site-packages/airflow/example_dags/subdags/subdag.py
[2024-06-12 05:59:07,134] {scheduler_job.py:189} INFO - Processing /home/anhcu/Project/Stock_project/airflow_venv/lib/python3.8/site-packages/airflow/example_dags/subdags/subdag.py took 0.016 seconds
[2024-06-12 05:59:11,049] {scheduler_job.py:181} INFO - Started process (PID=21431) to work on /home/anhcu/Project/Stock_project/airflow_venv/lib/python3.8/site-packages/airflow/example_dags/subdags/subdag.py
[2024-06-12 05:59:11,050] {scheduler_job.py:629} INFO - Processing file /home/anhcu/Project/Stock_project/airflow_venv/lib/python3.8/site-packages/airflow/example_dags/subdags/subdag.py for tasks to queue
[2024-06-12 05:59:11,051] {logging_mixin.py:103} INFO - [2024-06-12 05:59:11,051] {dagbag.py:440} INFO - Filling up the DagBag from /home/anhcu/Project/Stock_project/airflow_venv/lib/python3.8/site-packages/airflow/example_dags/subdags/subdag.py
[2024-06-12 05:59:11,054] {scheduler_job.py:641} WARNING - No viable dags retrieved from /home/anhcu/Project/Stock_project/airflow_venv/lib/python3.8/site-packages/airflow/example_dags/subdags/subdag.py
[2024-06-12 05:59:11,062] {scheduler_job.py:189} INFO - Processing /home/anhcu/Project/Stock_project/airflow_venv/lib/python3.8/site-packages/airflow/example_dags/subdags/subdag.py took 0.016 seconds
[2024-06-12 05:59:15,069] {scheduler_job.py:181} INFO - Started process (PID=21472) to work on /home/anhcu/Project/Stock_project/airflow_venv/lib/python3.8/site-packages/airflow/example_dags/subdags/subdag.py
[2024-06-12 05:59:15,070] {scheduler_job.py:629} INFO - Processing file /home/anhcu/Project/Stock_project/airflow_venv/lib/python3.8/site-packages/airflow/example_dags/subdags/subdag.py for tasks to queue
[2024-06-12 05:59:15,070] {logging_mixin.py:103} INFO - [2024-06-12 05:59:15,070] {dagbag.py:440} INFO - Filling up the DagBag from /home/anhcu/Project/Stock_project/airflow_venv/lib/python3.8/site-packages/airflow/example_dags/subdags/subdag.py
[2024-06-12 05:59:15,073] {scheduler_job.py:641} WARNING - No viable dags retrieved from /home/anhcu/Project/Stock_project/airflow_venv/lib/python3.8/site-packages/airflow/example_dags/subdags/subdag.py
[2024-06-12 05:59:15,082] {scheduler_job.py:189} INFO - Processing /home/anhcu/Project/Stock_project/airflow_venv/lib/python3.8/site-packages/airflow/example_dags/subdags/subdag.py took 0.016 seconds
[2024-06-12 05:59:19,085] {scheduler_job.py:181} INFO - Started process (PID=21498) to work on /home/anhcu/Project/Stock_project/airflow_venv/lib/python3.8/site-packages/airflow/example_dags/subdags/subdag.py
[2024-06-12 05:59:19,087] {scheduler_job.py:629} INFO - Processing file /home/anhcu/Project/Stock_project/airflow_venv/lib/python3.8/site-packages/airflow/example_dags/subdags/subdag.py for tasks to queue
[2024-06-12 05:59:19,088] {logging_mixin.py:103} INFO - [2024-06-12 05:59:19,087] {dagbag.py:440} INFO - Filling up the DagBag from /home/anhcu/Project/Stock_project/airflow_venv/lib/python3.8/site-packages/airflow/example_dags/subdags/subdag.py
[2024-06-12 05:59:19,091] {scheduler_job.py:641} WARNING - No viable dags retrieved from /home/anhcu/Project/Stock_project/airflow_venv/lib/python3.8/site-packages/airflow/example_dags/subdags/subdag.py
[2024-06-12 05:59:19,100] {scheduler_job.py:189} INFO - Processing /home/anhcu/Project/Stock_project/airflow_venv/lib/python3.8/site-packages/airflow/example_dags/subdags/subdag.py took 0.019 seconds
[2024-06-12 05:59:23,337] {scheduler_job.py:181} INFO - Started process (PID=21524) to work on /home/anhcu/Project/Stock_project/airflow_venv/lib/python3.8/site-packages/airflow/example_dags/subdags/subdag.py
[2024-06-12 05:59:23,338] {scheduler_job.py:629} INFO - Processing file /home/anhcu/Project/Stock_project/airflow_venv/lib/python3.8/site-packages/airflow/example_dags/subdags/subdag.py for tasks to queue
[2024-06-12 05:59:23,339] {logging_mixin.py:103} INFO - [2024-06-12 05:59:23,339] {dagbag.py:440} INFO - Filling up the DagBag from /home/anhcu/Project/Stock_project/airflow_venv/lib/python3.8/site-packages/airflow/example_dags/subdags/subdag.py
[2024-06-12 05:59:23,343] {scheduler_job.py:641} WARNING - No viable dags retrieved from /home/anhcu/Project/Stock_project/airflow_venv/lib/python3.8/site-packages/airflow/example_dags/subdags/subdag.py
[2024-06-12 05:59:23,355] {scheduler_job.py:189} INFO - Processing /home/anhcu/Project/Stock_project/airflow_venv/lib/python3.8/site-packages/airflow/example_dags/subdags/subdag.py took 0.023 seconds
[2024-06-12 05:59:27,130] {scheduler_job.py:181} INFO - Started process (PID=21569) to work on /home/anhcu/Project/Stock_project/airflow_venv/lib/python3.8/site-packages/airflow/example_dags/subdags/subdag.py
[2024-06-12 05:59:27,132] {scheduler_job.py:629} INFO - Processing file /home/anhcu/Project/Stock_project/airflow_venv/lib/python3.8/site-packages/airflow/example_dags/subdags/subdag.py for tasks to queue
[2024-06-12 05:59:27,132] {logging_mixin.py:103} INFO - [2024-06-12 05:59:27,132] {dagbag.py:440} INFO - Filling up the DagBag from /home/anhcu/Project/Stock_project/airflow_venv/lib/python3.8/site-packages/airflow/example_dags/subdags/subdag.py
[2024-06-12 05:59:27,135] {scheduler_job.py:641} WARNING - No viable dags retrieved from /home/anhcu/Project/Stock_project/airflow_venv/lib/python3.8/site-packages/airflow/example_dags/subdags/subdag.py
[2024-06-12 05:59:27,144] {scheduler_job.py:189} INFO - Processing /home/anhcu/Project/Stock_project/airflow_venv/lib/python3.8/site-packages/airflow/example_dags/subdags/subdag.py took 0.017 seconds
[2024-06-12 05:59:35,945] {scheduler_job.py:181} INFO - Started process (PID=21666) to work on /home/anhcu/Project/Stock_project/airflow_venv/lib/python3.8/site-packages/airflow/example_dags/subdags/subdag.py
[2024-06-12 05:59:35,946] {scheduler_job.py:629} INFO - Processing file /home/anhcu/Project/Stock_project/airflow_venv/lib/python3.8/site-packages/airflow/example_dags/subdags/subdag.py for tasks to queue
[2024-06-12 05:59:35,946] {logging_mixin.py:103} INFO - [2024-06-12 05:59:35,946] {dagbag.py:440} INFO - Filling up the DagBag from /home/anhcu/Project/Stock_project/airflow_venv/lib/python3.8/site-packages/airflow/example_dags/subdags/subdag.py
[2024-06-12 05:59:35,949] {scheduler_job.py:641} WARNING - No viable dags retrieved from /home/anhcu/Project/Stock_project/airflow_venv/lib/python3.8/site-packages/airflow/example_dags/subdags/subdag.py
[2024-06-12 05:59:35,958] {scheduler_job.py:189} INFO - Processing /home/anhcu/Project/Stock_project/airflow_venv/lib/python3.8/site-packages/airflow/example_dags/subdags/subdag.py took 0.017 seconds
[2024-06-12 05:59:46,579] {scheduler_job.py:181} INFO - Started process (PID=21784) to work on /home/anhcu/Project/Stock_project/airflow_venv/lib/python3.8/site-packages/airflow/example_dags/subdags/subdag.py
[2024-06-12 05:59:46,580] {scheduler_job.py:629} INFO - Processing file /home/anhcu/Project/Stock_project/airflow_venv/lib/python3.8/site-packages/airflow/example_dags/subdags/subdag.py for tasks to queue
[2024-06-12 05:59:46,581] {logging_mixin.py:103} INFO - [2024-06-12 05:59:46,581] {dagbag.py:440} INFO - Filling up the DagBag from /home/anhcu/Project/Stock_project/airflow_venv/lib/python3.8/site-packages/airflow/example_dags/subdags/subdag.py
[2024-06-12 05:59:46,584] {scheduler_job.py:641} WARNING - No viable dags retrieved from /home/anhcu/Project/Stock_project/airflow_venv/lib/python3.8/site-packages/airflow/example_dags/subdags/subdag.py
[2024-06-12 05:59:46,592] {scheduler_job.py:189} INFO - Processing /home/anhcu/Project/Stock_project/airflow_venv/lib/python3.8/site-packages/airflow/example_dags/subdags/subdag.py took 0.016 seconds
[2024-06-12 06:00:02,612] {scheduler_job.py:181} INFO - Started process (PID=21939) to work on /home/anhcu/Project/Stock_project/airflow_venv/lib/python3.8/site-packages/airflow/example_dags/subdags/subdag.py
[2024-06-12 06:00:02,613] {scheduler_job.py:629} INFO - Processing file /home/anhcu/Project/Stock_project/airflow_venv/lib/python3.8/site-packages/airflow/example_dags/subdags/subdag.py for tasks to queue
[2024-06-12 06:00:02,614] {logging_mixin.py:103} INFO - [2024-06-12 06:00:02,613] {dagbag.py:440} INFO - Filling up the DagBag from /home/anhcu/Project/Stock_project/airflow_venv/lib/python3.8/site-packages/airflow/example_dags/subdags/subdag.py
[2024-06-12 06:00:02,616] {scheduler_job.py:641} WARNING - No viable dags retrieved from /home/anhcu/Project/Stock_project/airflow_venv/lib/python3.8/site-packages/airflow/example_dags/subdags/subdag.py
[2024-06-12 06:00:02,626] {scheduler_job.py:189} INFO - Processing /home/anhcu/Project/Stock_project/airflow_venv/lib/python3.8/site-packages/airflow/example_dags/subdags/subdag.py took 0.018 seconds
[2024-06-12 06:00:05,836] {scheduler_job.py:181} INFO - Started process (PID=21983) to work on /home/anhcu/Project/Stock_project/airflow_venv/lib/python3.8/site-packages/airflow/example_dags/subdags/subdag.py
[2024-06-12 06:00:05,838] {scheduler_job.py:629} INFO - Processing file /home/anhcu/Project/Stock_project/airflow_venv/lib/python3.8/site-packages/airflow/example_dags/subdags/subdag.py for tasks to queue
[2024-06-12 06:00:05,838] {logging_mixin.py:103} INFO - [2024-06-12 06:00:05,838] {dagbag.py:440} INFO - Filling up the DagBag from /home/anhcu/Project/Stock_project/airflow_venv/lib/python3.8/site-packages/airflow/example_dags/subdags/subdag.py
[2024-06-12 06:00:05,843] {scheduler_job.py:641} WARNING - No viable dags retrieved from /home/anhcu/Project/Stock_project/airflow_venv/lib/python3.8/site-packages/airflow/example_dags/subdags/subdag.py
[2024-06-12 06:00:05,852] {scheduler_job.py:189} INFO - Processing /home/anhcu/Project/Stock_project/airflow_venv/lib/python3.8/site-packages/airflow/example_dags/subdags/subdag.py took 0.021 seconds
[2024-06-12 06:00:08,694] {scheduler_job.py:181} INFO - Started process (PID=22007) to work on /home/anhcu/Project/Stock_project/airflow_venv/lib/python3.8/site-packages/airflow/example_dags/subdags/subdag.py
[2024-06-12 06:00:08,696] {scheduler_job.py:629} INFO - Processing file /home/anhcu/Project/Stock_project/airflow_venv/lib/python3.8/site-packages/airflow/example_dags/subdags/subdag.py for tasks to queue
[2024-06-12 06:00:08,696] {logging_mixin.py:103} INFO - [2024-06-12 06:00:08,696] {dagbag.py:440} INFO - Filling up the DagBag from /home/anhcu/Project/Stock_project/airflow_venv/lib/python3.8/site-packages/airflow/example_dags/subdags/subdag.py
[2024-06-12 06:00:08,701] {scheduler_job.py:641} WARNING - No viable dags retrieved from /home/anhcu/Project/Stock_project/airflow_venv/lib/python3.8/site-packages/airflow/example_dags/subdags/subdag.py
[2024-06-12 06:00:08,709] {scheduler_job.py:189} INFO - Processing /home/anhcu/Project/Stock_project/airflow_venv/lib/python3.8/site-packages/airflow/example_dags/subdags/subdag.py took 0.020 seconds
[2024-06-12 06:00:11,799] {scheduler_job.py:181} INFO - Started process (PID=22031) to work on /home/anhcu/Project/Stock_project/airflow_venv/lib/python3.8/site-packages/airflow/example_dags/subdags/subdag.py
[2024-06-12 06:00:11,800] {scheduler_job.py:629} INFO - Processing file /home/anhcu/Project/Stock_project/airflow_venv/lib/python3.8/site-packages/airflow/example_dags/subdags/subdag.py for tasks to queue
[2024-06-12 06:00:11,801] {logging_mixin.py:103} INFO - [2024-06-12 06:00:11,801] {dagbag.py:440} INFO - Filling up the DagBag from /home/anhcu/Project/Stock_project/airflow_venv/lib/python3.8/site-packages/airflow/example_dags/subdags/subdag.py
[2024-06-12 06:00:11,805] {scheduler_job.py:641} WARNING - No viable dags retrieved from /home/anhcu/Project/Stock_project/airflow_venv/lib/python3.8/site-packages/airflow/example_dags/subdags/subdag.py
[2024-06-12 06:00:11,813] {scheduler_job.py:189} INFO - Processing /home/anhcu/Project/Stock_project/airflow_venv/lib/python3.8/site-packages/airflow/example_dags/subdags/subdag.py took 0.019 seconds
[2024-06-12 06:00:14,787] {scheduler_job.py:181} INFO - Started process (PID=22076) to work on /home/anhcu/Project/Stock_project/airflow_venv/lib/python3.8/site-packages/airflow/example_dags/subdags/subdag.py
[2024-06-12 06:00:14,789] {scheduler_job.py:629} INFO - Processing file /home/anhcu/Project/Stock_project/airflow_venv/lib/python3.8/site-packages/airflow/example_dags/subdags/subdag.py for tasks to queue
[2024-06-12 06:00:14,794] {logging_mixin.py:103} INFO - [2024-06-12 06:00:14,794] {dagbag.py:440} INFO - Filling up the DagBag from /home/anhcu/Project/Stock_project/airflow_venv/lib/python3.8/site-packages/airflow/example_dags/subdags/subdag.py
[2024-06-12 06:00:14,800] {scheduler_job.py:641} WARNING - No viable dags retrieved from /home/anhcu/Project/Stock_project/airflow_venv/lib/python3.8/site-packages/airflow/example_dags/subdags/subdag.py
[2024-06-12 06:00:14,810] {scheduler_job.py:189} INFO - Processing /home/anhcu/Project/Stock_project/airflow_venv/lib/python3.8/site-packages/airflow/example_dags/subdags/subdag.py took 0.027 seconds
[2024-06-12 06:00:17,614] {scheduler_job.py:181} INFO - Started process (PID=22081) to work on /home/anhcu/Project/Stock_project/airflow_venv/lib/python3.8/site-packages/airflow/example_dags/subdags/subdag.py
[2024-06-12 06:00:17,616] {scheduler_job.py:629} INFO - Processing file /home/anhcu/Project/Stock_project/airflow_venv/lib/python3.8/site-packages/airflow/example_dags/subdags/subdag.py for tasks to queue
[2024-06-12 06:00:17,617] {logging_mixin.py:103} INFO - [2024-06-12 06:00:17,617] {dagbag.py:440} INFO - Filling up the DagBag from /home/anhcu/Project/Stock_project/airflow_venv/lib/python3.8/site-packages/airflow/example_dags/subdags/subdag.py
[2024-06-12 06:00:17,621] {scheduler_job.py:641} WARNING - No viable dags retrieved from /home/anhcu/Project/Stock_project/airflow_venv/lib/python3.8/site-packages/airflow/example_dags/subdags/subdag.py
[2024-06-12 06:00:17,628] {scheduler_job.py:189} INFO - Processing /home/anhcu/Project/Stock_project/airflow_venv/lib/python3.8/site-packages/airflow/example_dags/subdags/subdag.py took 0.019 seconds
[2024-06-12 06:00:19,871] {scheduler_job.py:181} INFO - Started process (PID=22127) to work on /home/anhcu/Project/Stock_project/airflow_venv/lib/python3.8/site-packages/airflow/example_dags/subdags/subdag.py
[2024-06-12 06:00:19,875] {scheduler_job.py:629} INFO - Processing file /home/anhcu/Project/Stock_project/airflow_venv/lib/python3.8/site-packages/airflow/example_dags/subdags/subdag.py for tasks to queue
[2024-06-12 06:00:19,876] {logging_mixin.py:103} INFO - [2024-06-12 06:00:19,876] {dagbag.py:440} INFO - Filling up the DagBag from /home/anhcu/Project/Stock_project/airflow_venv/lib/python3.8/site-packages/airflow/example_dags/subdags/subdag.py
[2024-06-12 06:00:19,880] {scheduler_job.py:641} WARNING - No viable dags retrieved from /home/anhcu/Project/Stock_project/airflow_venv/lib/python3.8/site-packages/airflow/example_dags/subdags/subdag.py
[2024-06-12 06:00:19,889] {scheduler_job.py:189} INFO - Processing /home/anhcu/Project/Stock_project/airflow_venv/lib/python3.8/site-packages/airflow/example_dags/subdags/subdag.py took 0.025 seconds
[2024-06-12 06:00:22,829] {scheduler_job.py:181} INFO - Started process (PID=22132) to work on /home/anhcu/Project/Stock_project/airflow_venv/lib/python3.8/site-packages/airflow/example_dags/subdags/subdag.py
[2024-06-12 06:00:22,831] {scheduler_job.py:629} INFO - Processing file /home/anhcu/Project/Stock_project/airflow_venv/lib/python3.8/site-packages/airflow/example_dags/subdags/subdag.py for tasks to queue
[2024-06-12 06:00:22,832] {logging_mixin.py:103} INFO - [2024-06-12 06:00:22,832] {dagbag.py:440} INFO - Filling up the DagBag from /home/anhcu/Project/Stock_project/airflow_venv/lib/python3.8/site-packages/airflow/example_dags/subdags/subdag.py
[2024-06-12 06:00:22,838] {scheduler_job.py:641} WARNING - No viable dags retrieved from /home/anhcu/Project/Stock_project/airflow_venv/lib/python3.8/site-packages/airflow/example_dags/subdags/subdag.py
[2024-06-12 06:00:22,848] {scheduler_job.py:189} INFO - Processing /home/anhcu/Project/Stock_project/airflow_venv/lib/python3.8/site-packages/airflow/example_dags/subdags/subdag.py took 0.028 seconds
[2024-06-12 06:00:25,985] {scheduler_job.py:181} INFO - Started process (PID=22174) to work on /home/anhcu/Project/Stock_project/airflow_venv/lib/python3.8/site-packages/airflow/example_dags/subdags/subdag.py
[2024-06-12 06:00:25,987] {scheduler_job.py:629} INFO - Processing file /home/anhcu/Project/Stock_project/airflow_venv/lib/python3.8/site-packages/airflow/example_dags/subdags/subdag.py for tasks to queue
[2024-06-12 06:00:25,988] {logging_mixin.py:103} INFO - [2024-06-12 06:00:25,988] {dagbag.py:440} INFO - Filling up the DagBag from /home/anhcu/Project/Stock_project/airflow_venv/lib/python3.8/site-packages/airflow/example_dags/subdags/subdag.py
[2024-06-12 06:00:25,991] {scheduler_job.py:641} WARNING - No viable dags retrieved from /home/anhcu/Project/Stock_project/airflow_venv/lib/python3.8/site-packages/airflow/example_dags/subdags/subdag.py
[2024-06-12 06:00:25,997] {scheduler_job.py:189} INFO - Processing /home/anhcu/Project/Stock_project/airflow_venv/lib/python3.8/site-packages/airflow/example_dags/subdags/subdag.py took 0.015 seconds
[2024-06-12 06:00:28,951] {scheduler_job.py:181} INFO - Started process (PID=22200) to work on /home/anhcu/Project/Stock_project/airflow_venv/lib/python3.8/site-packages/airflow/example_dags/subdags/subdag.py
[2024-06-12 06:00:28,954] {scheduler_job.py:629} INFO - Processing file /home/anhcu/Project/Stock_project/airflow_venv/lib/python3.8/site-packages/airflow/example_dags/subdags/subdag.py for tasks to queue
[2024-06-12 06:00:28,955] {logging_mixin.py:103} INFO - [2024-06-12 06:00:28,954] {dagbag.py:440} INFO - Filling up the DagBag from /home/anhcu/Project/Stock_project/airflow_venv/lib/python3.8/site-packages/airflow/example_dags/subdags/subdag.py
[2024-06-12 06:00:28,958] {scheduler_job.py:641} WARNING - No viable dags retrieved from /home/anhcu/Project/Stock_project/airflow_venv/lib/python3.8/site-packages/airflow/example_dags/subdags/subdag.py
[2024-06-12 06:00:28,966] {scheduler_job.py:189} INFO - Processing /home/anhcu/Project/Stock_project/airflow_venv/lib/python3.8/site-packages/airflow/example_dags/subdags/subdag.py took 0.020 seconds
[2024-06-12 06:00:32,053] {scheduler_job.py:181} INFO - Started process (PID=22224) to work on /home/anhcu/Project/Stock_project/airflow_venv/lib/python3.8/site-packages/airflow/example_dags/subdags/subdag.py
[2024-06-12 06:00:32,055] {scheduler_job.py:629} INFO - Processing file /home/anhcu/Project/Stock_project/airflow_venv/lib/python3.8/site-packages/airflow/example_dags/subdags/subdag.py for tasks to queue
[2024-06-12 06:00:32,056] {logging_mixin.py:103} INFO - [2024-06-12 06:00:32,056] {dagbag.py:440} INFO - Filling up the DagBag from /home/anhcu/Project/Stock_project/airflow_venv/lib/python3.8/site-packages/airflow/example_dags/subdags/subdag.py
[2024-06-12 06:00:32,059] {scheduler_job.py:641} WARNING - No viable dags retrieved from /home/anhcu/Project/Stock_project/airflow_venv/lib/python3.8/site-packages/airflow/example_dags/subdags/subdag.py
[2024-06-12 06:00:32,067] {scheduler_job.py:189} INFO - Processing /home/anhcu/Project/Stock_project/airflow_venv/lib/python3.8/site-packages/airflow/example_dags/subdags/subdag.py took 0.019 seconds
[2024-06-12 06:00:34,320] {scheduler_job.py:181} INFO - Started process (PID=22231) to work on /home/anhcu/Project/Stock_project/airflow_venv/lib/python3.8/site-packages/airflow/example_dags/subdags/subdag.py
[2024-06-12 06:00:34,323] {scheduler_job.py:629} INFO - Processing file /home/anhcu/Project/Stock_project/airflow_venv/lib/python3.8/site-packages/airflow/example_dags/subdags/subdag.py for tasks to queue
[2024-06-12 06:00:34,324] {logging_mixin.py:103} INFO - [2024-06-12 06:00:34,324] {dagbag.py:440} INFO - Filling up the DagBag from /home/anhcu/Project/Stock_project/airflow_venv/lib/python3.8/site-packages/airflow/example_dags/subdags/subdag.py
[2024-06-12 06:00:34,328] {scheduler_job.py:641} WARNING - No viable dags retrieved from /home/anhcu/Project/Stock_project/airflow_venv/lib/python3.8/site-packages/airflow/example_dags/subdags/subdag.py
[2024-06-12 06:00:34,337] {scheduler_job.py:189} INFO - Processing /home/anhcu/Project/Stock_project/airflow_venv/lib/python3.8/site-packages/airflow/example_dags/subdags/subdag.py took 0.022 seconds
[2024-06-12 06:00:37,464] {scheduler_job.py:181} INFO - Started process (PID=22237) to work on /home/anhcu/Project/Stock_project/airflow_venv/lib/python3.8/site-packages/airflow/example_dags/subdags/subdag.py
[2024-06-12 06:00:37,466] {scheduler_job.py:629} INFO - Processing file /home/anhcu/Project/Stock_project/airflow_venv/lib/python3.8/site-packages/airflow/example_dags/subdags/subdag.py for tasks to queue
[2024-06-12 06:00:37,467] {logging_mixin.py:103} INFO - [2024-06-12 06:00:37,467] {dagbag.py:440} INFO - Filling up the DagBag from /home/anhcu/Project/Stock_project/airflow_venv/lib/python3.8/site-packages/airflow/example_dags/subdags/subdag.py
[2024-06-12 06:00:37,471] {scheduler_job.py:641} WARNING - No viable dags retrieved from /home/anhcu/Project/Stock_project/airflow_venv/lib/python3.8/site-packages/airflow/example_dags/subdags/subdag.py
[2024-06-12 06:00:37,480] {scheduler_job.py:189} INFO - Processing /home/anhcu/Project/Stock_project/airflow_venv/lib/python3.8/site-packages/airflow/example_dags/subdags/subdag.py took 0.020 seconds
[2024-06-12 06:00:40,441] {scheduler_job.py:181} INFO - Started process (PID=22244) to work on /home/anhcu/Project/Stock_project/airflow_venv/lib/python3.8/site-packages/airflow/example_dags/subdags/subdag.py
[2024-06-12 06:00:40,442] {scheduler_job.py:629} INFO - Processing file /home/anhcu/Project/Stock_project/airflow_venv/lib/python3.8/site-packages/airflow/example_dags/subdags/subdag.py for tasks to queue
[2024-06-12 06:00:40,443] {logging_mixin.py:103} INFO - [2024-06-12 06:00:40,443] {dagbag.py:440} INFO - Filling up the DagBag from /home/anhcu/Project/Stock_project/airflow_venv/lib/python3.8/site-packages/airflow/example_dags/subdags/subdag.py
[2024-06-12 06:00:40,447] {scheduler_job.py:641} WARNING - No viable dags retrieved from /home/anhcu/Project/Stock_project/airflow_venv/lib/python3.8/site-packages/airflow/example_dags/subdags/subdag.py
[2024-06-12 06:00:40,456] {scheduler_job.py:189} INFO - Processing /home/anhcu/Project/Stock_project/airflow_venv/lib/python3.8/site-packages/airflow/example_dags/subdags/subdag.py took 0.019 seconds
[2024-06-12 06:00:43,374] {scheduler_job.py:181} INFO - Started process (PID=22249) to work on /home/anhcu/Project/Stock_project/airflow_venv/lib/python3.8/site-packages/airflow/example_dags/subdags/subdag.py
[2024-06-12 06:00:43,376] {scheduler_job.py:629} INFO - Processing file /home/anhcu/Project/Stock_project/airflow_venv/lib/python3.8/site-packages/airflow/example_dags/subdags/subdag.py for tasks to queue
[2024-06-12 06:00:43,378] {logging_mixin.py:103} INFO - [2024-06-12 06:00:43,378] {dagbag.py:440} INFO - Filling up the DagBag from /home/anhcu/Project/Stock_project/airflow_venv/lib/python3.8/site-packages/airflow/example_dags/subdags/subdag.py
[2024-06-12 06:00:43,381] {scheduler_job.py:641} WARNING - No viable dags retrieved from /home/anhcu/Project/Stock_project/airflow_venv/lib/python3.8/site-packages/airflow/example_dags/subdags/subdag.py
[2024-06-12 06:00:43,389] {scheduler_job.py:189} INFO - Processing /home/anhcu/Project/Stock_project/airflow_venv/lib/python3.8/site-packages/airflow/example_dags/subdags/subdag.py took 0.019 seconds
[2024-06-12 06:00:46,505] {scheduler_job.py:181} INFO - Started process (PID=22256) to work on /home/anhcu/Project/Stock_project/airflow_venv/lib/python3.8/site-packages/airflow/example_dags/subdags/subdag.py
[2024-06-12 06:00:46,506] {scheduler_job.py:629} INFO - Processing file /home/anhcu/Project/Stock_project/airflow_venv/lib/python3.8/site-packages/airflow/example_dags/subdags/subdag.py for tasks to queue
[2024-06-12 06:00:46,507] {logging_mixin.py:103} INFO - [2024-06-12 06:00:46,507] {dagbag.py:440} INFO - Filling up the DagBag from /home/anhcu/Project/Stock_project/airflow_venv/lib/python3.8/site-packages/airflow/example_dags/subdags/subdag.py
[2024-06-12 06:00:46,510] {scheduler_job.py:641} WARNING - No viable dags retrieved from /home/anhcu/Project/Stock_project/airflow_venv/lib/python3.8/site-packages/airflow/example_dags/subdags/subdag.py
[2024-06-12 06:00:46,517] {scheduler_job.py:189} INFO - Processing /home/anhcu/Project/Stock_project/airflow_venv/lib/python3.8/site-packages/airflow/example_dags/subdags/subdag.py took 0.015 seconds
[2024-06-12 06:00:48,425] {scheduler_job.py:181} INFO - Started process (PID=22261) to work on /home/anhcu/Project/Stock_project/airflow_venv/lib/python3.8/site-packages/airflow/example_dags/subdags/subdag.py
[2024-06-12 06:00:48,427] {scheduler_job.py:629} INFO - Processing file /home/anhcu/Project/Stock_project/airflow_venv/lib/python3.8/site-packages/airflow/example_dags/subdags/subdag.py for tasks to queue
[2024-06-12 06:00:48,428] {logging_mixin.py:103} INFO - [2024-06-12 06:00:48,428] {dagbag.py:440} INFO - Filling up the DagBag from /home/anhcu/Project/Stock_project/airflow_venv/lib/python3.8/site-packages/airflow/example_dags/subdags/subdag.py
[2024-06-12 06:00:48,432] {scheduler_job.py:641} WARNING - No viable dags retrieved from /home/anhcu/Project/Stock_project/airflow_venv/lib/python3.8/site-packages/airflow/example_dags/subdags/subdag.py
[2024-06-12 06:00:48,440] {scheduler_job.py:189} INFO - Processing /home/anhcu/Project/Stock_project/airflow_venv/lib/python3.8/site-packages/airflow/example_dags/subdags/subdag.py took 0.019 seconds
[2024-06-12 06:00:51,587] {scheduler_job.py:181} INFO - Started process (PID=22289) to work on /home/anhcu/Project/Stock_project/airflow_venv/lib/python3.8/site-packages/airflow/example_dags/subdags/subdag.py
[2024-06-12 06:00:51,589] {scheduler_job.py:629} INFO - Processing file /home/anhcu/Project/Stock_project/airflow_venv/lib/python3.8/site-packages/airflow/example_dags/subdags/subdag.py for tasks to queue
[2024-06-12 06:00:51,590] {logging_mixin.py:103} INFO - [2024-06-12 06:00:51,590] {dagbag.py:440} INFO - Filling up the DagBag from /home/anhcu/Project/Stock_project/airflow_venv/lib/python3.8/site-packages/airflow/example_dags/subdags/subdag.py
[2024-06-12 06:00:51,596] {scheduler_job.py:641} WARNING - No viable dags retrieved from /home/anhcu/Project/Stock_project/airflow_venv/lib/python3.8/site-packages/airflow/example_dags/subdags/subdag.py
[2024-06-12 06:00:51,605] {scheduler_job.py:189} INFO - Processing /home/anhcu/Project/Stock_project/airflow_venv/lib/python3.8/site-packages/airflow/example_dags/subdags/subdag.py took 0.032 seconds
[2024-06-12 06:00:54,607] {scheduler_job.py:181} INFO - Started process (PID=22316) to work on /home/anhcu/Project/Stock_project/airflow_venv/lib/python3.8/site-packages/airflow/example_dags/subdags/subdag.py
[2024-06-12 06:00:54,609] {scheduler_job.py:629} INFO - Processing file /home/anhcu/Project/Stock_project/airflow_venv/lib/python3.8/site-packages/airflow/example_dags/subdags/subdag.py for tasks to queue
[2024-06-12 06:00:54,610] {logging_mixin.py:103} INFO - [2024-06-12 06:00:54,610] {dagbag.py:440} INFO - Filling up the DagBag from /home/anhcu/Project/Stock_project/airflow_venv/lib/python3.8/site-packages/airflow/example_dags/subdags/subdag.py
[2024-06-12 06:00:54,614] {scheduler_job.py:641} WARNING - No viable dags retrieved from /home/anhcu/Project/Stock_project/airflow_venv/lib/python3.8/site-packages/airflow/example_dags/subdags/subdag.py
[2024-06-12 06:00:54,625] {scheduler_job.py:189} INFO - Processing /home/anhcu/Project/Stock_project/airflow_venv/lib/python3.8/site-packages/airflow/example_dags/subdags/subdag.py took 0.022 seconds
[2024-06-12 06:00:57,770] {scheduler_job.py:181} INFO - Started process (PID=22359) to work on /home/anhcu/Project/Stock_project/airflow_venv/lib/python3.8/site-packages/airflow/example_dags/subdags/subdag.py
[2024-06-12 06:00:57,772] {scheduler_job.py:629} INFO - Processing file /home/anhcu/Project/Stock_project/airflow_venv/lib/python3.8/site-packages/airflow/example_dags/subdags/subdag.py for tasks to queue
[2024-06-12 06:00:57,772] {logging_mixin.py:103} INFO - [2024-06-12 06:00:57,772] {dagbag.py:440} INFO - Filling up the DagBag from /home/anhcu/Project/Stock_project/airflow_venv/lib/python3.8/site-packages/airflow/example_dags/subdags/subdag.py
[2024-06-12 06:00:57,776] {scheduler_job.py:641} WARNING - No viable dags retrieved from /home/anhcu/Project/Stock_project/airflow_venv/lib/python3.8/site-packages/airflow/example_dags/subdags/subdag.py
[2024-06-12 06:00:57,784] {scheduler_job.py:189} INFO - Processing /home/anhcu/Project/Stock_project/airflow_venv/lib/python3.8/site-packages/airflow/example_dags/subdags/subdag.py took 0.019 seconds
[2024-06-12 06:01:00,696] {scheduler_job.py:181} INFO - Started process (PID=22383) to work on /home/anhcu/Project/Stock_project/airflow_venv/lib/python3.8/site-packages/airflow/example_dags/subdags/subdag.py
[2024-06-12 06:01:00,697] {scheduler_job.py:629} INFO - Processing file /home/anhcu/Project/Stock_project/airflow_venv/lib/python3.8/site-packages/airflow/example_dags/subdags/subdag.py for tasks to queue
[2024-06-12 06:01:00,698] {logging_mixin.py:103} INFO - [2024-06-12 06:01:00,698] {dagbag.py:440} INFO - Filling up the DagBag from /home/anhcu/Project/Stock_project/airflow_venv/lib/python3.8/site-packages/airflow/example_dags/subdags/subdag.py
[2024-06-12 06:01:00,701] {scheduler_job.py:641} WARNING - No viable dags retrieved from /home/anhcu/Project/Stock_project/airflow_venv/lib/python3.8/site-packages/airflow/example_dags/subdags/subdag.py
[2024-06-12 06:01:00,710] {scheduler_job.py:189} INFO - Processing /home/anhcu/Project/Stock_project/airflow_venv/lib/python3.8/site-packages/airflow/example_dags/subdags/subdag.py took 0.018 seconds
[2024-06-12 06:01:03,182] {scheduler_job.py:181} INFO - Started process (PID=22407) to work on /home/anhcu/Project/Stock_project/airflow_venv/lib/python3.8/site-packages/airflow/example_dags/subdags/subdag.py
[2024-06-12 06:01:03,183] {scheduler_job.py:629} INFO - Processing file /home/anhcu/Project/Stock_project/airflow_venv/lib/python3.8/site-packages/airflow/example_dags/subdags/subdag.py for tasks to queue
[2024-06-12 06:01:03,184] {logging_mixin.py:103} INFO - [2024-06-12 06:01:03,184] {dagbag.py:440} INFO - Filling up the DagBag from /home/anhcu/Project/Stock_project/airflow_venv/lib/python3.8/site-packages/airflow/example_dags/subdags/subdag.py
[2024-06-12 06:01:03,188] {scheduler_job.py:641} WARNING - No viable dags retrieved from /home/anhcu/Project/Stock_project/airflow_venv/lib/python3.8/site-packages/airflow/example_dags/subdags/subdag.py
[2024-06-12 06:01:03,195] {scheduler_job.py:189} INFO - Processing /home/anhcu/Project/Stock_project/airflow_venv/lib/python3.8/site-packages/airflow/example_dags/subdags/subdag.py took 0.019 seconds
[2024-06-12 06:01:05,751] {scheduler_job.py:181} INFO - Started process (PID=22437) to work on /home/anhcu/Project/Stock_project/airflow_venv/lib/python3.8/site-packages/airflow/example_dags/subdags/subdag.py
[2024-06-12 06:01:05,753] {scheduler_job.py:629} INFO - Processing file /home/anhcu/Project/Stock_project/airflow_venv/lib/python3.8/site-packages/airflow/example_dags/subdags/subdag.py for tasks to queue
[2024-06-12 06:01:05,754] {logging_mixin.py:103} INFO - [2024-06-12 06:01:05,754] {dagbag.py:440} INFO - Filling up the DagBag from /home/anhcu/Project/Stock_project/airflow_venv/lib/python3.8/site-packages/airflow/example_dags/subdags/subdag.py
[2024-06-12 06:01:05,757] {scheduler_job.py:641} WARNING - No viable dags retrieved from /home/anhcu/Project/Stock_project/airflow_venv/lib/python3.8/site-packages/airflow/example_dags/subdags/subdag.py
[2024-06-12 06:01:05,765] {scheduler_job.py:189} INFO - Processing /home/anhcu/Project/Stock_project/airflow_venv/lib/python3.8/site-packages/airflow/example_dags/subdags/subdag.py took 0.018 seconds
[2024-06-12 06:01:08,717] {scheduler_job.py:181} INFO - Started process (PID=22615) to work on /home/anhcu/Project/Stock_project/airflow_venv/lib/python3.8/site-packages/airflow/example_dags/subdags/subdag.py
[2024-06-12 06:01:08,721] {scheduler_job.py:629} INFO - Processing file /home/anhcu/Project/Stock_project/airflow_venv/lib/python3.8/site-packages/airflow/example_dags/subdags/subdag.py for tasks to queue
[2024-06-12 06:01:08,722] {logging_mixin.py:103} INFO - [2024-06-12 06:01:08,722] {dagbag.py:440} INFO - Filling up the DagBag from /home/anhcu/Project/Stock_project/airflow_venv/lib/python3.8/site-packages/airflow/example_dags/subdags/subdag.py
[2024-06-12 06:01:08,725] {scheduler_job.py:641} WARNING - No viable dags retrieved from /home/anhcu/Project/Stock_project/airflow_venv/lib/python3.8/site-packages/airflow/example_dags/subdags/subdag.py
[2024-06-12 06:01:08,733] {scheduler_job.py:189} INFO - Processing /home/anhcu/Project/Stock_project/airflow_venv/lib/python3.8/site-packages/airflow/example_dags/subdags/subdag.py took 0.020 seconds
[2024-06-12 06:01:11,853] {scheduler_job.py:181} INFO - Started process (PID=22671) to work on /home/anhcu/Project/Stock_project/airflow_venv/lib/python3.8/site-packages/airflow/example_dags/subdags/subdag.py
[2024-06-12 06:01:11,855] {scheduler_job.py:629} INFO - Processing file /home/anhcu/Project/Stock_project/airflow_venv/lib/python3.8/site-packages/airflow/example_dags/subdags/subdag.py for tasks to queue
[2024-06-12 06:01:11,856] {logging_mixin.py:103} INFO - [2024-06-12 06:01:11,856] {dagbag.py:440} INFO - Filling up the DagBag from /home/anhcu/Project/Stock_project/airflow_venv/lib/python3.8/site-packages/airflow/example_dags/subdags/subdag.py
[2024-06-12 06:01:11,860] {scheduler_job.py:641} WARNING - No viable dags retrieved from /home/anhcu/Project/Stock_project/airflow_venv/lib/python3.8/site-packages/airflow/example_dags/subdags/subdag.py
[2024-06-12 06:01:11,888] {scheduler_job.py:189} INFO - Processing /home/anhcu/Project/Stock_project/airflow_venv/lib/python3.8/site-packages/airflow/example_dags/subdags/subdag.py took 0.048 seconds
