[2024-06-10 10:04:39,125] {taskinstance.py:826} INFO - Dependencies all met for <TaskInstance: ETL_to_Database.load_json_to_db_1 2024-06-09T00:01:00+00:00 [queued]>
[2024-06-10 10:04:39,138] {taskinstance.py:826} INFO - Dependencies all met for <TaskInstance: ETL_to_Database.load_json_to_db_1 2024-06-09T00:01:00+00:00 [queued]>
[2024-06-10 10:04:39,138] {taskinstance.py:1017} INFO - 
--------------------------------------------------------------------------------
[2024-06-10 10:04:39,138] {taskinstance.py:1018} INFO - Starting attempt 1 of 2
[2024-06-10 10:04:39,138] {taskinstance.py:1019} INFO - 
--------------------------------------------------------------------------------
[2024-06-10 10:04:39,168] {taskinstance.py:1038} INFO - Executing <Task(BashOperator): load_json_to_db_1> on 2024-06-09T00:01:00+00:00
[2024-06-10 10:04:39,171] {standard_task_runner.py:51} INFO - Started process 65459 to run task
[2024-06-10 10:04:39,204] {standard_task_runner.py:75} INFO - Running: ['airflow', 'tasks', 'run', 'ETL_to_Database', 'load_json_to_db_1', '2024-06-09T00:01:00+00:00', '--job-id', '10', '--pool', 'default_pool', '--raw', '--subdir', 'DAGS_FOLDER/etl_to_db.py', '--cfg-path', '/tmp/tmpbe5v0ehe']
[2024-06-10 10:04:39,206] {standard_task_runner.py:76} INFO - Job 10: Subtask load_json_to_db_1
[2024-06-10 10:04:39,433] {logging_mixin.py:103} INFO - Running <TaskInstance: ETL_to_Database.load_json_to_db_1 2024-06-09T00:01:00+00:00 [running]> on host etl.us-central1-a.c.data-engineering-stock.internal
[2024-06-10 10:04:39,488] {taskinstance.py:1230} INFO - Exporting the following env vars:
AIRFLOW_CTX_DAG_EMAIL=anhcuonghuynhnguyen@gmail.com
AIRFLOW_CTX_DAG_OWNER=airflow
AIRFLOW_CTX_DAG_ID=ETL_to_Database
AIRFLOW_CTX_TASK_ID=load_json_to_db_1
AIRFLOW_CTX_EXECUTION_DATE=2024-06-09T00:01:00+00:00
AIRFLOW_CTX_DAG_RUN_ID=scheduled__2024-06-09T00:01:00+00:00
[2024-06-10 10:04:39,489] {bash.py:135} INFO - Tmp dir root location: 
 /tmp
[2024-06-10 10:04:39,868] {bash.py:158} INFO - Running command: /bin/python3 /home/anhcu/Project/Stock_project/backend/scripts/load/load_json_to_db_1.py
[2024-06-10 10:04:39,881] {bash.py:169} INFO - Output:
[2024-06-10 10:04:41,161] {bash.py:173} INFO - Inserted data into regions
[2024-06-10 10:04:41,161] {bash.py:173} INFO - Inserted data into industries
[2024-06-10 10:04:41,161] {bash.py:173} INFO - Inserted data into sicindustries
[2024-06-10 10:04:41,175] {bash.py:177} INFO - Command exited with return code 0
[2024-06-10 10:04:41,206] {taskinstance.py:1135} INFO - Marking task as SUCCESS. dag_id=ETL_to_Database, task_id=load_json_to_db_1, execution_date=20240609T000100, start_date=20240610T100439, end_date=20240610T100441
[2024-06-10 10:04:41,374] {taskinstance.py:1195} INFO - 1 downstream tasks scheduled from follow-on schedule check
[2024-06-10 10:04:41,405] {local_task_job.py:118} INFO - Task exited with return code 0
