[2024-06-10 10:02:44,724] {taskinstance.py:826} INFO - Dependencies all met for <TaskInstance: ETL_to_Database.crawl_markets 2024-06-09T00:01:00+00:00 [queued]>
[2024-06-10 10:02:44,737] {taskinstance.py:826} INFO - Dependencies all met for <TaskInstance: ETL_to_Database.crawl_markets 2024-06-09T00:01:00+00:00 [queued]>
[2024-06-10 10:02:44,737] {taskinstance.py:1017} INFO - 
--------------------------------------------------------------------------------
[2024-06-10 10:02:44,737] {taskinstance.py:1018} INFO - Starting attempt 1 of 2
[2024-06-10 10:02:44,737] {taskinstance.py:1019} INFO - 
--------------------------------------------------------------------------------
[2024-06-10 10:02:44,880] {taskinstance.py:1038} INFO - Executing <Task(BashOperator): crawl_markets> on 2024-06-09T00:01:00+00:00
[2024-06-10 10:02:44,883] {standard_task_runner.py:51} INFO - Started process 64350 to run task
[2024-06-10 10:02:44,902] {standard_task_runner.py:75} INFO - Running: ['airflow', 'tasks', 'run', 'ETL_to_Database', 'crawl_markets', '2024-06-09T00:01:00+00:00', '--job-id', '3', '--pool', 'default_pool', '--raw', '--subdir', 'DAGS_FOLDER/etl_to_db.py', '--cfg-path', '/tmp/tmpyrazq1tx']
[2024-06-10 10:02:44,903] {standard_task_runner.py:76} INFO - Job 3: Subtask crawl_markets
[2024-06-10 10:02:45,371] {logging_mixin.py:103} INFO - Running <TaskInstance: ETL_to_Database.crawl_markets 2024-06-09T00:01:00+00:00 [running]> on host etl.us-central1-a.c.data-engineering-stock.internal
[2024-06-10 10:02:45,438] {taskinstance.py:1230} INFO - Exporting the following env vars:
AIRFLOW_CTX_DAG_EMAIL=anhcuonghuynhnguyen@gmail.com
AIRFLOW_CTX_DAG_OWNER=airflow
AIRFLOW_CTX_DAG_ID=ETL_to_Database
AIRFLOW_CTX_TASK_ID=crawl_markets
AIRFLOW_CTX_EXECUTION_DATE=2024-06-09T00:01:00+00:00
AIRFLOW_CTX_DAG_RUN_ID=scheduled__2024-06-09T00:01:00+00:00
[2024-06-10 10:02:45,439] {bash.py:135} INFO - Tmp dir root location: 
 /tmp
[2024-06-10 10:02:45,439] {bash.py:158} INFO - Running command: /bin/python3 /home/anhcu/Project/Stock_project/backend/scripts/extract/crawl_markets.py
[2024-06-10 10:02:45,464] {bash.py:169} INFO - Output:
[2024-06-10 10:02:47,436] {bash.py:173} INFO - The process of extracting 16 regions and exchanges has been completed
[2024-06-10 10:02:47,436] {bash.py:173} INFO - Saving at /home/anhcu/Project/Stock_project/backend/data/raw/markets/crawl_markets_2024_06_10.json
[2024-06-10 10:02:47,619] {bash.py:177} INFO - Command exited with return code 0
[2024-06-10 10:02:47,664] {taskinstance.py:1135} INFO - Marking task as SUCCESS. dag_id=ETL_to_Database, task_id=crawl_markets, execution_date=20240609T000100, start_date=20240610T100244, end_date=20240610T100247
[2024-06-10 10:02:47,723] {taskinstance.py:1195} INFO - 1 downstream tasks scheduled from follow-on schedule check
[2024-06-10 10:02:47,864] {local_task_job.py:118} INFO - Task exited with return code 0
