[2024-06-10 09:58:09,978] {scheduler_job.py:181} INFO - Started process (PID=62644) to work on /home/anhcu/Project/Stock_project/airflow_venv/lib/python3.8/site-packages/airflow/example_dags/subdags/subdag.py
[2024-06-10 09:58:09,980] {scheduler_job.py:629} INFO - Processing file /home/anhcu/Project/Stock_project/airflow_venv/lib/python3.8/site-packages/airflow/example_dags/subdags/subdag.py for tasks to queue
[2024-06-10 09:58:09,981] {logging_mixin.py:103} INFO - [2024-06-10 09:58:09,981] {dagbag.py:440} INFO - Filling up the DagBag from /home/anhcu/Project/Stock_project/airflow_venv/lib/python3.8/site-packages/airflow/example_dags/subdags/subdag.py
[2024-06-10 09:58:09,985] {scheduler_job.py:641} WARNING - No viable dags retrieved from /home/anhcu/Project/Stock_project/airflow_venv/lib/python3.8/site-packages/airflow/example_dags/subdags/subdag.py
[2024-06-10 09:58:10,129] {scheduler_job.py:189} INFO - Processing /home/anhcu/Project/Stock_project/airflow_venv/lib/python3.8/site-packages/airflow/example_dags/subdags/subdag.py took 0.163 seconds
[2024-06-10 09:59:06,195] {scheduler_job.py:181} INFO - Started process (PID=62865) to work on /home/anhcu/Project/Stock_project/airflow_venv/lib/python3.8/site-packages/airflow/example_dags/subdags/subdag.py
[2024-06-10 09:59:06,200] {scheduler_job.py:629} INFO - Processing file /home/anhcu/Project/Stock_project/airflow_venv/lib/python3.8/site-packages/airflow/example_dags/subdags/subdag.py for tasks to queue
[2024-06-10 09:59:06,210] {logging_mixin.py:103} INFO - [2024-06-10 09:59:06,210] {dagbag.py:440} INFO - Filling up the DagBag from /home/anhcu/Project/Stock_project/airflow_venv/lib/python3.8/site-packages/airflow/example_dags/subdags/subdag.py
[2024-06-10 09:59:06,215] {scheduler_job.py:641} WARNING - No viable dags retrieved from /home/anhcu/Project/Stock_project/airflow_venv/lib/python3.8/site-packages/airflow/example_dags/subdags/subdag.py
[2024-06-10 09:59:06,235] {scheduler_job.py:189} INFO - Processing /home/anhcu/Project/Stock_project/airflow_venv/lib/python3.8/site-packages/airflow/example_dags/subdags/subdag.py took 0.048 seconds
[2024-06-10 09:59:56,185] {scheduler_job.py:181} INFO - Started process (PID=63241) to work on /home/anhcu/Project/Stock_project/airflow_venv/lib/python3.8/site-packages/airflow/example_dags/subdags/subdag.py
[2024-06-10 09:59:56,199] {scheduler_job.py:629} INFO - Processing file /home/anhcu/Project/Stock_project/airflow_venv/lib/python3.8/site-packages/airflow/example_dags/subdags/subdag.py for tasks to queue
[2024-06-10 09:59:56,210] {logging_mixin.py:103} INFO - [2024-06-10 09:59:56,210] {dagbag.py:440} INFO - Filling up the DagBag from /home/anhcu/Project/Stock_project/airflow_venv/lib/python3.8/site-packages/airflow/example_dags/subdags/subdag.py
[2024-06-10 09:59:56,232] {scheduler_job.py:641} WARNING - No viable dags retrieved from /home/anhcu/Project/Stock_project/airflow_venv/lib/python3.8/site-packages/airflow/example_dags/subdags/subdag.py
[2024-06-10 09:59:56,380] {scheduler_job.py:189} INFO - Processing /home/anhcu/Project/Stock_project/airflow_venv/lib/python3.8/site-packages/airflow/example_dags/subdags/subdag.py took 0.198 seconds
[2024-06-10 10:00:42,459] {scheduler_job.py:181} INFO - Started process (PID=63547) to work on /home/anhcu/Project/Stock_project/airflow_venv/lib/python3.8/site-packages/airflow/example_dags/subdags/subdag.py
[2024-06-10 10:00:42,461] {scheduler_job.py:629} INFO - Processing file /home/anhcu/Project/Stock_project/airflow_venv/lib/python3.8/site-packages/airflow/example_dags/subdags/subdag.py for tasks to queue
[2024-06-10 10:00:42,462] {logging_mixin.py:103} INFO - [2024-06-10 10:00:42,462] {dagbag.py:440} INFO - Filling up the DagBag from /home/anhcu/Project/Stock_project/airflow_venv/lib/python3.8/site-packages/airflow/example_dags/subdags/subdag.py
[2024-06-10 10:00:42,466] {scheduler_job.py:641} WARNING - No viable dags retrieved from /home/anhcu/Project/Stock_project/airflow_venv/lib/python3.8/site-packages/airflow/example_dags/subdags/subdag.py
[2024-06-10 10:00:42,616] {scheduler_job.py:189} INFO - Processing /home/anhcu/Project/Stock_project/airflow_venv/lib/python3.8/site-packages/airflow/example_dags/subdags/subdag.py took 0.162 seconds
[2024-06-10 10:01:29,737] {scheduler_job.py:181} INFO - Started process (PID=63809) to work on /home/anhcu/Project/Stock_project/airflow_venv/lib/python3.8/site-packages/airflow/example_dags/subdags/subdag.py
[2024-06-10 10:01:29,868] {scheduler_job.py:629} INFO - Processing file /home/anhcu/Project/Stock_project/airflow_venv/lib/python3.8/site-packages/airflow/example_dags/subdags/subdag.py for tasks to queue
[2024-06-10 10:01:29,869] {logging_mixin.py:103} INFO - [2024-06-10 10:01:29,869] {dagbag.py:440} INFO - Filling up the DagBag from /home/anhcu/Project/Stock_project/airflow_venv/lib/python3.8/site-packages/airflow/example_dags/subdags/subdag.py
[2024-06-10 10:01:29,875] {scheduler_job.py:641} WARNING - No viable dags retrieved from /home/anhcu/Project/Stock_project/airflow_venv/lib/python3.8/site-packages/airflow/example_dags/subdags/subdag.py
[2024-06-10 10:01:29,886] {scheduler_job.py:189} INFO - Processing /home/anhcu/Project/Stock_project/airflow_venv/lib/python3.8/site-packages/airflow/example_dags/subdags/subdag.py took 0.161 seconds
[2024-06-10 10:02:48,700] {scheduler_job.py:181} INFO - Started process (PID=64395) to work on /home/anhcu/Project/Stock_project/airflow_venv/lib/python3.8/site-packages/airflow/example_dags/subdags/subdag.py
[2024-06-10 10:02:48,703] {scheduler_job.py:629} INFO - Processing file /home/anhcu/Project/Stock_project/airflow_venv/lib/python3.8/site-packages/airflow/example_dags/subdags/subdag.py for tasks to queue
[2024-06-10 10:02:48,705] {logging_mixin.py:103} INFO - [2024-06-10 10:02:48,705] {dagbag.py:440} INFO - Filling up the DagBag from /home/anhcu/Project/Stock_project/airflow_venv/lib/python3.8/site-packages/airflow/example_dags/subdags/subdag.py
[2024-06-10 10:02:48,715] {scheduler_job.py:641} WARNING - No viable dags retrieved from /home/anhcu/Project/Stock_project/airflow_venv/lib/python3.8/site-packages/airflow/example_dags/subdags/subdag.py
[2024-06-10 10:02:48,873] {scheduler_job.py:189} INFO - Processing /home/anhcu/Project/Stock_project/airflow_venv/lib/python3.8/site-packages/airflow/example_dags/subdags/subdag.py took 0.178 seconds
[2024-06-10 10:05:55,969] {scheduler_job.py:181} INFO - Started process (PID=66227) to work on /home/anhcu/Project/Stock_project/airflow_venv/lib/python3.8/site-packages/airflow/example_dags/subdags/subdag.py
[2024-06-10 10:05:55,979] {scheduler_job.py:629} INFO - Processing file /home/anhcu/Project/Stock_project/airflow_venv/lib/python3.8/site-packages/airflow/example_dags/subdags/subdag.py for tasks to queue
[2024-06-10 10:05:55,980] {logging_mixin.py:103} INFO - [2024-06-10 10:05:55,980] {dagbag.py:440} INFO - Filling up the DagBag from /home/anhcu/Project/Stock_project/airflow_venv/lib/python3.8/site-packages/airflow/example_dags/subdags/subdag.py
[2024-06-10 10:05:55,983] {scheduler_job.py:641} WARNING - No viable dags retrieved from /home/anhcu/Project/Stock_project/airflow_venv/lib/python3.8/site-packages/airflow/example_dags/subdags/subdag.py
[2024-06-10 10:05:56,368] {scheduler_job.py:189} INFO - Processing /home/anhcu/Project/Stock_project/airflow_venv/lib/python3.8/site-packages/airflow/example_dags/subdags/subdag.py took 0.404 seconds
[2024-06-10 10:07:37,281] {scheduler_job.py:181} INFO - Started process (PID=67205) to work on /home/anhcu/Project/Stock_project/airflow_venv/lib/python3.8/site-packages/airflow/example_dags/subdags/subdag.py
[2024-06-10 10:07:37,286] {scheduler_job.py:629} INFO - Processing file /home/anhcu/Project/Stock_project/airflow_venv/lib/python3.8/site-packages/airflow/example_dags/subdags/subdag.py for tasks to queue
[2024-06-10 10:07:37,287] {logging_mixin.py:103} INFO - [2024-06-10 10:07:37,287] {dagbag.py:440} INFO - Filling up the DagBag from /home/anhcu/Project/Stock_project/airflow_venv/lib/python3.8/site-packages/airflow/example_dags/subdags/subdag.py
[2024-06-10 10:07:37,290] {scheduler_job.py:641} WARNING - No viable dags retrieved from /home/anhcu/Project/Stock_project/airflow_venv/lib/python3.8/site-packages/airflow/example_dags/subdags/subdag.py
[2024-06-10 10:07:37,298] {scheduler_job.py:189} INFO - Processing /home/anhcu/Project/Stock_project/airflow_venv/lib/python3.8/site-packages/airflow/example_dags/subdags/subdag.py took 0.020 seconds
[2024-06-10 10:08:06,543] {scheduler_job.py:181} INFO - Started process (PID=67396) to work on /home/anhcu/Project/Stock_project/airflow_venv/lib/python3.8/site-packages/airflow/example_dags/subdags/subdag.py
[2024-06-10 10:08:06,545] {scheduler_job.py:629} INFO - Processing file /home/anhcu/Project/Stock_project/airflow_venv/lib/python3.8/site-packages/airflow/example_dags/subdags/subdag.py for tasks to queue
[2024-06-10 10:08:06,546] {logging_mixin.py:103} INFO - [2024-06-10 10:08:06,545] {dagbag.py:440} INFO - Filling up the DagBag from /home/anhcu/Project/Stock_project/airflow_venv/lib/python3.8/site-packages/airflow/example_dags/subdags/subdag.py
[2024-06-10 10:08:06,548] {scheduler_job.py:641} WARNING - No viable dags retrieved from /home/anhcu/Project/Stock_project/airflow_venv/lib/python3.8/site-packages/airflow/example_dags/subdags/subdag.py
[2024-06-10 10:08:06,556] {scheduler_job.py:189} INFO - Processing /home/anhcu/Project/Stock_project/airflow_venv/lib/python3.8/site-packages/airflow/example_dags/subdags/subdag.py took 0.016 seconds
[2024-06-10 10:08:34,759] {scheduler_job.py:181} INFO - Started process (PID=67593) to work on /home/anhcu/Project/Stock_project/airflow_venv/lib/python3.8/site-packages/airflow/example_dags/subdags/subdag.py
[2024-06-10 10:08:34,760] {scheduler_job.py:629} INFO - Processing file /home/anhcu/Project/Stock_project/airflow_venv/lib/python3.8/site-packages/airflow/example_dags/subdags/subdag.py for tasks to queue
[2024-06-10 10:08:34,761] {logging_mixin.py:103} INFO - [2024-06-10 10:08:34,761] {dagbag.py:440} INFO - Filling up the DagBag from /home/anhcu/Project/Stock_project/airflow_venv/lib/python3.8/site-packages/airflow/example_dags/subdags/subdag.py
[2024-06-10 10:08:34,764] {scheduler_job.py:641} WARNING - No viable dags retrieved from /home/anhcu/Project/Stock_project/airflow_venv/lib/python3.8/site-packages/airflow/example_dags/subdags/subdag.py
[2024-06-10 10:08:34,773] {scheduler_job.py:189} INFO - Processing /home/anhcu/Project/Stock_project/airflow_venv/lib/python3.8/site-packages/airflow/example_dags/subdags/subdag.py took 0.019 seconds
[2024-06-10 10:09:02,108] {scheduler_job.py:181} INFO - Started process (PID=67800) to work on /home/anhcu/Project/Stock_project/airflow_venv/lib/python3.8/site-packages/airflow/example_dags/subdags/subdag.py
[2024-06-10 10:09:02,110] {scheduler_job.py:629} INFO - Processing file /home/anhcu/Project/Stock_project/airflow_venv/lib/python3.8/site-packages/airflow/example_dags/subdags/subdag.py for tasks to queue
[2024-06-10 10:09:02,111] {logging_mixin.py:103} INFO - [2024-06-10 10:09:02,111] {dagbag.py:440} INFO - Filling up the DagBag from /home/anhcu/Project/Stock_project/airflow_venv/lib/python3.8/site-packages/airflow/example_dags/subdags/subdag.py
[2024-06-10 10:09:02,114] {scheduler_job.py:641} WARNING - No viable dags retrieved from /home/anhcu/Project/Stock_project/airflow_venv/lib/python3.8/site-packages/airflow/example_dags/subdags/subdag.py
[2024-06-10 10:09:02,121] {scheduler_job.py:189} INFO - Processing /home/anhcu/Project/Stock_project/airflow_venv/lib/python3.8/site-packages/airflow/example_dags/subdags/subdag.py took 0.017 seconds
[2024-06-10 10:09:28,289] {scheduler_job.py:181} INFO - Started process (PID=67954) to work on /home/anhcu/Project/Stock_project/airflow_venv/lib/python3.8/site-packages/airflow/example_dags/subdags/subdag.py
[2024-06-10 10:09:28,297] {scheduler_job.py:629} INFO - Processing file /home/anhcu/Project/Stock_project/airflow_venv/lib/python3.8/site-packages/airflow/example_dags/subdags/subdag.py for tasks to queue
[2024-06-10 10:09:28,298] {logging_mixin.py:103} INFO - [2024-06-10 10:09:28,298] {dagbag.py:440} INFO - Filling up the DagBag from /home/anhcu/Project/Stock_project/airflow_venv/lib/python3.8/site-packages/airflow/example_dags/subdags/subdag.py
[2024-06-10 10:09:28,302] {scheduler_job.py:641} WARNING - No viable dags retrieved from /home/anhcu/Project/Stock_project/airflow_venv/lib/python3.8/site-packages/airflow/example_dags/subdags/subdag.py
[2024-06-10 10:09:28,329] {scheduler_job.py:189} INFO - Processing /home/anhcu/Project/Stock_project/airflow_venv/lib/python3.8/site-packages/airflow/example_dags/subdags/subdag.py took 0.044 seconds
[2024-06-10 10:09:56,667] {scheduler_job.py:181} INFO - Started process (PID=68096) to work on /home/anhcu/Project/Stock_project/airflow_venv/lib/python3.8/site-packages/airflow/example_dags/subdags/subdag.py
[2024-06-10 10:09:56,669] {scheduler_job.py:629} INFO - Processing file /home/anhcu/Project/Stock_project/airflow_venv/lib/python3.8/site-packages/airflow/example_dags/subdags/subdag.py for tasks to queue
[2024-06-10 10:09:56,670] {logging_mixin.py:103} INFO - [2024-06-10 10:09:56,670] {dagbag.py:440} INFO - Filling up the DagBag from /home/anhcu/Project/Stock_project/airflow_venv/lib/python3.8/site-packages/airflow/example_dags/subdags/subdag.py
[2024-06-10 10:09:56,673] {scheduler_job.py:641} WARNING - No viable dags retrieved from /home/anhcu/Project/Stock_project/airflow_venv/lib/python3.8/site-packages/airflow/example_dags/subdags/subdag.py
[2024-06-10 10:09:56,682] {scheduler_job.py:189} INFO - Processing /home/anhcu/Project/Stock_project/airflow_venv/lib/python3.8/site-packages/airflow/example_dags/subdags/subdag.py took 0.020 seconds
[2024-06-10 10:10:25,437] {scheduler_job.py:181} INFO - Started process (PID=68256) to work on /home/anhcu/Project/Stock_project/airflow_venv/lib/python3.8/site-packages/airflow/example_dags/subdags/subdag.py
[2024-06-10 10:10:25,440] {scheduler_job.py:629} INFO - Processing file /home/anhcu/Project/Stock_project/airflow_venv/lib/python3.8/site-packages/airflow/example_dags/subdags/subdag.py for tasks to queue
[2024-06-10 10:10:25,441] {logging_mixin.py:103} INFO - [2024-06-10 10:10:25,441] {dagbag.py:440} INFO - Filling up the DagBag from /home/anhcu/Project/Stock_project/airflow_venv/lib/python3.8/site-packages/airflow/example_dags/subdags/subdag.py
[2024-06-10 10:10:25,443] {scheduler_job.py:641} WARNING - No viable dags retrieved from /home/anhcu/Project/Stock_project/airflow_venv/lib/python3.8/site-packages/airflow/example_dags/subdags/subdag.py
[2024-06-10 10:10:25,451] {scheduler_job.py:189} INFO - Processing /home/anhcu/Project/Stock_project/airflow_venv/lib/python3.8/site-packages/airflow/example_dags/subdags/subdag.py took 0.018 seconds
[2024-06-10 10:10:52,810] {scheduler_job.py:181} INFO - Started process (PID=68431) to work on /home/anhcu/Project/Stock_project/airflow_venv/lib/python3.8/site-packages/airflow/example_dags/subdags/subdag.py
[2024-06-10 10:10:52,811] {scheduler_job.py:629} INFO - Processing file /home/anhcu/Project/Stock_project/airflow_venv/lib/python3.8/site-packages/airflow/example_dags/subdags/subdag.py for tasks to queue
[2024-06-10 10:10:52,812] {logging_mixin.py:103} INFO - [2024-06-10 10:10:52,812] {dagbag.py:440} INFO - Filling up the DagBag from /home/anhcu/Project/Stock_project/airflow_venv/lib/python3.8/site-packages/airflow/example_dags/subdags/subdag.py
[2024-06-10 10:10:52,815] {scheduler_job.py:641} WARNING - No viable dags retrieved from /home/anhcu/Project/Stock_project/airflow_venv/lib/python3.8/site-packages/airflow/example_dags/subdags/subdag.py
[2024-06-10 10:10:52,824] {scheduler_job.py:189} INFO - Processing /home/anhcu/Project/Stock_project/airflow_venv/lib/python3.8/site-packages/airflow/example_dags/subdags/subdag.py took 0.019 seconds
[2024-06-10 10:11:22,095] {scheduler_job.py:181} INFO - Started process (PID=68643) to work on /home/anhcu/Project/Stock_project/airflow_venv/lib/python3.8/site-packages/airflow/example_dags/subdags/subdag.py
[2024-06-10 10:11:22,097] {scheduler_job.py:629} INFO - Processing file /home/anhcu/Project/Stock_project/airflow_venv/lib/python3.8/site-packages/airflow/example_dags/subdags/subdag.py for tasks to queue
[2024-06-10 10:11:22,098] {logging_mixin.py:103} INFO - [2024-06-10 10:11:22,098] {dagbag.py:440} INFO - Filling up the DagBag from /home/anhcu/Project/Stock_project/airflow_venv/lib/python3.8/site-packages/airflow/example_dags/subdags/subdag.py
[2024-06-10 10:11:22,101] {scheduler_job.py:641} WARNING - No viable dags retrieved from /home/anhcu/Project/Stock_project/airflow_venv/lib/python3.8/site-packages/airflow/example_dags/subdags/subdag.py
[2024-06-10 10:11:22,109] {scheduler_job.py:189} INFO - Processing /home/anhcu/Project/Stock_project/airflow_venv/lib/python3.8/site-packages/airflow/example_dags/subdags/subdag.py took 0.018 seconds
[2024-06-10 10:11:50,625] {scheduler_job.py:181} INFO - Started process (PID=68832) to work on /home/anhcu/Project/Stock_project/airflow_venv/lib/python3.8/site-packages/airflow/example_dags/subdags/subdag.py
[2024-06-10 10:11:50,627] {scheduler_job.py:629} INFO - Processing file /home/anhcu/Project/Stock_project/airflow_venv/lib/python3.8/site-packages/airflow/example_dags/subdags/subdag.py for tasks to queue
[2024-06-10 10:11:50,628] {logging_mixin.py:103} INFO - [2024-06-10 10:11:50,628] {dagbag.py:440} INFO - Filling up the DagBag from /home/anhcu/Project/Stock_project/airflow_venv/lib/python3.8/site-packages/airflow/example_dags/subdags/subdag.py
[2024-06-10 10:11:50,632] {scheduler_job.py:641} WARNING - No viable dags retrieved from /home/anhcu/Project/Stock_project/airflow_venv/lib/python3.8/site-packages/airflow/example_dags/subdags/subdag.py
[2024-06-10 10:11:50,643] {scheduler_job.py:189} INFO - Processing /home/anhcu/Project/Stock_project/airflow_venv/lib/python3.8/site-packages/airflow/example_dags/subdags/subdag.py took 0.022 seconds
[2024-06-10 10:12:20,671] {scheduler_job.py:181} INFO - Started process (PID=69039) to work on /home/anhcu/Project/Stock_project/airflow_venv/lib/python3.8/site-packages/airflow/example_dags/subdags/subdag.py
[2024-06-10 10:12:20,673] {scheduler_job.py:629} INFO - Processing file /home/anhcu/Project/Stock_project/airflow_venv/lib/python3.8/site-packages/airflow/example_dags/subdags/subdag.py for tasks to queue
[2024-06-10 10:12:20,683] {logging_mixin.py:103} INFO - [2024-06-10 10:12:20,682] {dagbag.py:440} INFO - Filling up the DagBag from /home/anhcu/Project/Stock_project/airflow_venv/lib/python3.8/site-packages/airflow/example_dags/subdags/subdag.py
[2024-06-10 10:12:20,687] {scheduler_job.py:641} WARNING - No viable dags retrieved from /home/anhcu/Project/Stock_project/airflow_venv/lib/python3.8/site-packages/airflow/example_dags/subdags/subdag.py
[2024-06-10 10:12:20,719] {scheduler_job.py:189} INFO - Processing /home/anhcu/Project/Stock_project/airflow_venv/lib/python3.8/site-packages/airflow/example_dags/subdags/subdag.py took 0.064 seconds
[2024-06-10 10:12:51,412] {scheduler_job.py:181} INFO - Started process (PID=69212) to work on /home/anhcu/Project/Stock_project/airflow_venv/lib/python3.8/site-packages/airflow/example_dags/subdags/subdag.py
[2024-06-10 10:12:51,413] {scheduler_job.py:629} INFO - Processing file /home/anhcu/Project/Stock_project/airflow_venv/lib/python3.8/site-packages/airflow/example_dags/subdags/subdag.py for tasks to queue
[2024-06-10 10:12:51,414] {logging_mixin.py:103} INFO - [2024-06-10 10:12:51,413] {dagbag.py:440} INFO - Filling up the DagBag from /home/anhcu/Project/Stock_project/airflow_venv/lib/python3.8/site-packages/airflow/example_dags/subdags/subdag.py
[2024-06-10 10:12:51,417] {scheduler_job.py:641} WARNING - No viable dags retrieved from /home/anhcu/Project/Stock_project/airflow_venv/lib/python3.8/site-packages/airflow/example_dags/subdags/subdag.py
[2024-06-10 10:12:51,424] {scheduler_job.py:189} INFO - Processing /home/anhcu/Project/Stock_project/airflow_venv/lib/python3.8/site-packages/airflow/example_dags/subdags/subdag.py took 0.016 seconds
[2024-06-10 10:13:21,141] {scheduler_job.py:181} INFO - Started process (PID=69349) to work on /home/anhcu/Project/Stock_project/airflow_venv/lib/python3.8/site-packages/airflow/example_dags/subdags/subdag.py
[2024-06-10 10:13:21,143] {scheduler_job.py:629} INFO - Processing file /home/anhcu/Project/Stock_project/airflow_venv/lib/python3.8/site-packages/airflow/example_dags/subdags/subdag.py for tasks to queue
[2024-06-10 10:13:21,145] {logging_mixin.py:103} INFO - [2024-06-10 10:13:21,144] {dagbag.py:440} INFO - Filling up the DagBag from /home/anhcu/Project/Stock_project/airflow_venv/lib/python3.8/site-packages/airflow/example_dags/subdags/subdag.py
[2024-06-10 10:13:21,149] {scheduler_job.py:641} WARNING - No viable dags retrieved from /home/anhcu/Project/Stock_project/airflow_venv/lib/python3.8/site-packages/airflow/example_dags/subdags/subdag.py
[2024-06-10 10:13:21,158] {scheduler_job.py:189} INFO - Processing /home/anhcu/Project/Stock_project/airflow_venv/lib/python3.8/site-packages/airflow/example_dags/subdags/subdag.py took 0.021 seconds
[2024-06-10 10:13:50,202] {scheduler_job.py:181} INFO - Started process (PID=69503) to work on /home/anhcu/Project/Stock_project/airflow_venv/lib/python3.8/site-packages/airflow/example_dags/subdags/subdag.py
[2024-06-10 10:13:50,204] {scheduler_job.py:629} INFO - Processing file /home/anhcu/Project/Stock_project/airflow_venv/lib/python3.8/site-packages/airflow/example_dags/subdags/subdag.py for tasks to queue
[2024-06-10 10:13:50,204] {logging_mixin.py:103} INFO - [2024-06-10 10:13:50,204] {dagbag.py:440} INFO - Filling up the DagBag from /home/anhcu/Project/Stock_project/airflow_venv/lib/python3.8/site-packages/airflow/example_dags/subdags/subdag.py
[2024-06-10 10:13:50,207] {scheduler_job.py:641} WARNING - No viable dags retrieved from /home/anhcu/Project/Stock_project/airflow_venv/lib/python3.8/site-packages/airflow/example_dags/subdags/subdag.py
[2024-06-10 10:13:50,215] {scheduler_job.py:189} INFO - Processing /home/anhcu/Project/Stock_project/airflow_venv/lib/python3.8/site-packages/airflow/example_dags/subdags/subdag.py took 0.016 seconds
[2024-06-10 10:14:19,190] {scheduler_job.py:181} INFO - Started process (PID=69641) to work on /home/anhcu/Project/Stock_project/airflow_venv/lib/python3.8/site-packages/airflow/example_dags/subdags/subdag.py
[2024-06-10 10:14:19,192] {scheduler_job.py:629} INFO - Processing file /home/anhcu/Project/Stock_project/airflow_venv/lib/python3.8/site-packages/airflow/example_dags/subdags/subdag.py for tasks to queue
[2024-06-10 10:14:19,193] {logging_mixin.py:103} INFO - [2024-06-10 10:14:19,193] {dagbag.py:440} INFO - Filling up the DagBag from /home/anhcu/Project/Stock_project/airflow_venv/lib/python3.8/site-packages/airflow/example_dags/subdags/subdag.py
[2024-06-10 10:14:19,197] {scheduler_job.py:641} WARNING - No viable dags retrieved from /home/anhcu/Project/Stock_project/airflow_venv/lib/python3.8/site-packages/airflow/example_dags/subdags/subdag.py
[2024-06-10 10:14:19,207] {scheduler_job.py:189} INFO - Processing /home/anhcu/Project/Stock_project/airflow_venv/lib/python3.8/site-packages/airflow/example_dags/subdags/subdag.py took 0.021 seconds
[2024-06-10 10:14:48,910] {scheduler_job.py:181} INFO - Started process (PID=69783) to work on /home/anhcu/Project/Stock_project/airflow_venv/lib/python3.8/site-packages/airflow/example_dags/subdags/subdag.py
[2024-06-10 10:14:48,912] {scheduler_job.py:629} INFO - Processing file /home/anhcu/Project/Stock_project/airflow_venv/lib/python3.8/site-packages/airflow/example_dags/subdags/subdag.py for tasks to queue
[2024-06-10 10:14:48,913] {logging_mixin.py:103} INFO - [2024-06-10 10:14:48,912] {dagbag.py:440} INFO - Filling up the DagBag from /home/anhcu/Project/Stock_project/airflow_venv/lib/python3.8/site-packages/airflow/example_dags/subdags/subdag.py
[2024-06-10 10:14:48,916] {scheduler_job.py:641} WARNING - No viable dags retrieved from /home/anhcu/Project/Stock_project/airflow_venv/lib/python3.8/site-packages/airflow/example_dags/subdags/subdag.py
[2024-06-10 10:14:48,925] {scheduler_job.py:189} INFO - Processing /home/anhcu/Project/Stock_project/airflow_venv/lib/python3.8/site-packages/airflow/example_dags/subdags/subdag.py took 0.019 seconds
[2024-06-10 10:15:11,972] {scheduler_job.py:181} INFO - Started process (PID=69931) to work on /home/anhcu/Project/Stock_project/airflow_venv/lib/python3.8/site-packages/airflow/example_dags/subdags/subdag.py
[2024-06-10 10:15:11,973] {scheduler_job.py:629} INFO - Processing file /home/anhcu/Project/Stock_project/airflow_venv/lib/python3.8/site-packages/airflow/example_dags/subdags/subdag.py for tasks to queue
[2024-06-10 10:15:11,974] {logging_mixin.py:103} INFO - [2024-06-10 10:15:11,974] {dagbag.py:440} INFO - Filling up the DagBag from /home/anhcu/Project/Stock_project/airflow_venv/lib/python3.8/site-packages/airflow/example_dags/subdags/subdag.py
[2024-06-10 10:15:11,977] {scheduler_job.py:641} WARNING - No viable dags retrieved from /home/anhcu/Project/Stock_project/airflow_venv/lib/python3.8/site-packages/airflow/example_dags/subdags/subdag.py
[2024-06-10 10:15:11,982] {scheduler_job.py:189} INFO - Processing /home/anhcu/Project/Stock_project/airflow_venv/lib/python3.8/site-packages/airflow/example_dags/subdags/subdag.py took 0.013 seconds
[2024-06-10 10:15:43,308] {scheduler_job.py:181} INFO - Started process (PID=70173) to work on /home/anhcu/Project/Stock_project/airflow_venv/lib/python3.8/site-packages/airflow/example_dags/subdags/subdag.py
[2024-06-10 10:15:43,310] {scheduler_job.py:629} INFO - Processing file /home/anhcu/Project/Stock_project/airflow_venv/lib/python3.8/site-packages/airflow/example_dags/subdags/subdag.py for tasks to queue
[2024-06-10 10:15:43,310] {logging_mixin.py:103} INFO - [2024-06-10 10:15:43,310] {dagbag.py:440} INFO - Filling up the DagBag from /home/anhcu/Project/Stock_project/airflow_venv/lib/python3.8/site-packages/airflow/example_dags/subdags/subdag.py
[2024-06-10 10:15:43,314] {scheduler_job.py:641} WARNING - No viable dags retrieved from /home/anhcu/Project/Stock_project/airflow_venv/lib/python3.8/site-packages/airflow/example_dags/subdags/subdag.py
[2024-06-10 10:15:43,322] {scheduler_job.py:189} INFO - Processing /home/anhcu/Project/Stock_project/airflow_venv/lib/python3.8/site-packages/airflow/example_dags/subdags/subdag.py took 0.018 seconds
[2024-06-10 10:16:12,584] {scheduler_job.py:181} INFO - Started process (PID=70367) to work on /home/anhcu/Project/Stock_project/airflow_venv/lib/python3.8/site-packages/airflow/example_dags/subdags/subdag.py
[2024-06-10 10:16:12,586] {scheduler_job.py:629} INFO - Processing file /home/anhcu/Project/Stock_project/airflow_venv/lib/python3.8/site-packages/airflow/example_dags/subdags/subdag.py for tasks to queue
[2024-06-10 10:16:12,587] {logging_mixin.py:103} INFO - [2024-06-10 10:16:12,587] {dagbag.py:440} INFO - Filling up the DagBag from /home/anhcu/Project/Stock_project/airflow_venv/lib/python3.8/site-packages/airflow/example_dags/subdags/subdag.py
[2024-06-10 10:16:12,590] {scheduler_job.py:641} WARNING - No viable dags retrieved from /home/anhcu/Project/Stock_project/airflow_venv/lib/python3.8/site-packages/airflow/example_dags/subdags/subdag.py
[2024-06-10 10:16:12,597] {scheduler_job.py:189} INFO - Processing /home/anhcu/Project/Stock_project/airflow_venv/lib/python3.8/site-packages/airflow/example_dags/subdags/subdag.py took 0.016 seconds
[2024-06-10 10:16:42,949] {scheduler_job.py:181} INFO - Started process (PID=70577) to work on /home/anhcu/Project/Stock_project/airflow_venv/lib/python3.8/site-packages/airflow/example_dags/subdags/subdag.py
[2024-06-10 10:16:42,951] {scheduler_job.py:629} INFO - Processing file /home/anhcu/Project/Stock_project/airflow_venv/lib/python3.8/site-packages/airflow/example_dags/subdags/subdag.py for tasks to queue
[2024-06-10 10:16:42,951] {logging_mixin.py:103} INFO - [2024-06-10 10:16:42,951] {dagbag.py:440} INFO - Filling up the DagBag from /home/anhcu/Project/Stock_project/airflow_venv/lib/python3.8/site-packages/airflow/example_dags/subdags/subdag.py
[2024-06-10 10:16:42,954] {scheduler_job.py:641} WARNING - No viable dags retrieved from /home/anhcu/Project/Stock_project/airflow_venv/lib/python3.8/site-packages/airflow/example_dags/subdags/subdag.py
[2024-06-10 10:16:42,961] {scheduler_job.py:189} INFO - Processing /home/anhcu/Project/Stock_project/airflow_venv/lib/python3.8/site-packages/airflow/example_dags/subdags/subdag.py took 0.015 seconds
[2024-06-10 10:17:12,128] {scheduler_job.py:181} INFO - Started process (PID=70831) to work on /home/anhcu/Project/Stock_project/airflow_venv/lib/python3.8/site-packages/airflow/example_dags/subdags/subdag.py
[2024-06-10 10:17:12,130] {scheduler_job.py:629} INFO - Processing file /home/anhcu/Project/Stock_project/airflow_venv/lib/python3.8/site-packages/airflow/example_dags/subdags/subdag.py for tasks to queue
[2024-06-10 10:17:12,130] {logging_mixin.py:103} INFO - [2024-06-10 10:17:12,130] {dagbag.py:440} INFO - Filling up the DagBag from /home/anhcu/Project/Stock_project/airflow_venv/lib/python3.8/site-packages/airflow/example_dags/subdags/subdag.py
[2024-06-10 10:17:12,133] {scheduler_job.py:641} WARNING - No viable dags retrieved from /home/anhcu/Project/Stock_project/airflow_venv/lib/python3.8/site-packages/airflow/example_dags/subdags/subdag.py
[2024-06-10 10:17:12,140] {scheduler_job.py:189} INFO - Processing /home/anhcu/Project/Stock_project/airflow_venv/lib/python3.8/site-packages/airflow/example_dags/subdags/subdag.py took 0.016 seconds
[2024-06-10 10:17:42,908] {scheduler_job.py:181} INFO - Started process (PID=71023) to work on /home/anhcu/Project/Stock_project/airflow_venv/lib/python3.8/site-packages/airflow/example_dags/subdags/subdag.py
[2024-06-10 10:17:42,910] {scheduler_job.py:629} INFO - Processing file /home/anhcu/Project/Stock_project/airflow_venv/lib/python3.8/site-packages/airflow/example_dags/subdags/subdag.py for tasks to queue
[2024-06-10 10:17:42,911] {logging_mixin.py:103} INFO - [2024-06-10 10:17:42,911] {dagbag.py:440} INFO - Filling up the DagBag from /home/anhcu/Project/Stock_project/airflow_venv/lib/python3.8/site-packages/airflow/example_dags/subdags/subdag.py
[2024-06-10 10:17:42,914] {scheduler_job.py:641} WARNING - No viable dags retrieved from /home/anhcu/Project/Stock_project/airflow_venv/lib/python3.8/site-packages/airflow/example_dags/subdags/subdag.py
[2024-06-10 10:17:42,921] {scheduler_job.py:189} INFO - Processing /home/anhcu/Project/Stock_project/airflow_venv/lib/python3.8/site-packages/airflow/example_dags/subdags/subdag.py took 0.016 seconds
[2024-06-10 10:18:12,494] {scheduler_job.py:181} INFO - Started process (PID=71213) to work on /home/anhcu/Project/Stock_project/airflow_venv/lib/python3.8/site-packages/airflow/example_dags/subdags/subdag.py
[2024-06-10 10:18:12,496] {scheduler_job.py:629} INFO - Processing file /home/anhcu/Project/Stock_project/airflow_venv/lib/python3.8/site-packages/airflow/example_dags/subdags/subdag.py for tasks to queue
[2024-06-10 10:18:12,497] {logging_mixin.py:103} INFO - [2024-06-10 10:18:12,497] {dagbag.py:440} INFO - Filling up the DagBag from /home/anhcu/Project/Stock_project/airflow_venv/lib/python3.8/site-packages/airflow/example_dags/subdags/subdag.py
[2024-06-10 10:18:12,500] {scheduler_job.py:641} WARNING - No viable dags retrieved from /home/anhcu/Project/Stock_project/airflow_venv/lib/python3.8/site-packages/airflow/example_dags/subdags/subdag.py
[2024-06-10 10:18:12,510] {scheduler_job.py:189} INFO - Processing /home/anhcu/Project/Stock_project/airflow_venv/lib/python3.8/site-packages/airflow/example_dags/subdags/subdag.py took 0.020 seconds
[2024-06-10 10:18:43,933] {scheduler_job.py:181} INFO - Started process (PID=71686) to work on /home/anhcu/Project/Stock_project/airflow_venv/lib/python3.8/site-packages/airflow/example_dags/subdags/subdag.py
[2024-06-10 10:18:43,941] {scheduler_job.py:629} INFO - Processing file /home/anhcu/Project/Stock_project/airflow_venv/lib/python3.8/site-packages/airflow/example_dags/subdags/subdag.py for tasks to queue
[2024-06-10 10:18:43,942] {logging_mixin.py:103} INFO - [2024-06-10 10:18:43,942] {dagbag.py:440} INFO - Filling up the DagBag from /home/anhcu/Project/Stock_project/airflow_venv/lib/python3.8/site-packages/airflow/example_dags/subdags/subdag.py
[2024-06-10 10:18:43,945] {scheduler_job.py:641} WARNING - No viable dags retrieved from /home/anhcu/Project/Stock_project/airflow_venv/lib/python3.8/site-packages/airflow/example_dags/subdags/subdag.py
[2024-06-10 10:18:43,952] {scheduler_job.py:189} INFO - Processing /home/anhcu/Project/Stock_project/airflow_venv/lib/python3.8/site-packages/airflow/example_dags/subdags/subdag.py took 0.023 seconds
[2024-06-10 10:19:14,100] {scheduler_job.py:181} INFO - Started process (PID=71842) to work on /home/anhcu/Project/Stock_project/airflow_venv/lib/python3.8/site-packages/airflow/example_dags/subdags/subdag.py
[2024-06-10 10:19:14,102] {scheduler_job.py:629} INFO - Processing file /home/anhcu/Project/Stock_project/airflow_venv/lib/python3.8/site-packages/airflow/example_dags/subdags/subdag.py for tasks to queue
[2024-06-10 10:19:14,103] {logging_mixin.py:103} INFO - [2024-06-10 10:19:14,103] {dagbag.py:440} INFO - Filling up the DagBag from /home/anhcu/Project/Stock_project/airflow_venv/lib/python3.8/site-packages/airflow/example_dags/subdags/subdag.py
[2024-06-10 10:19:14,105] {scheduler_job.py:641} WARNING - No viable dags retrieved from /home/anhcu/Project/Stock_project/airflow_venv/lib/python3.8/site-packages/airflow/example_dags/subdags/subdag.py
[2024-06-10 10:19:14,113] {scheduler_job.py:189} INFO - Processing /home/anhcu/Project/Stock_project/airflow_venv/lib/python3.8/site-packages/airflow/example_dags/subdags/subdag.py took 0.016 seconds
[2024-06-10 10:19:54,481] {scheduler_job.py:181} INFO - Started process (PID=72238) to work on /home/anhcu/Project/Stock_project/airflow_venv/lib/python3.8/site-packages/airflow/example_dags/subdags/subdag.py
[2024-06-10 10:19:54,482] {scheduler_job.py:629} INFO - Processing file /home/anhcu/Project/Stock_project/airflow_venv/lib/python3.8/site-packages/airflow/example_dags/subdags/subdag.py for tasks to queue
[2024-06-10 10:19:54,483] {logging_mixin.py:103} INFO - [2024-06-10 10:19:54,483] {dagbag.py:440} INFO - Filling up the DagBag from /home/anhcu/Project/Stock_project/airflow_venv/lib/python3.8/site-packages/airflow/example_dags/subdags/subdag.py
[2024-06-10 10:19:54,486] {scheduler_job.py:641} WARNING - No viable dags retrieved from /home/anhcu/Project/Stock_project/airflow_venv/lib/python3.8/site-packages/airflow/example_dags/subdags/subdag.py
[2024-06-10 10:19:54,492] {scheduler_job.py:189} INFO - Processing /home/anhcu/Project/Stock_project/airflow_venv/lib/python3.8/site-packages/airflow/example_dags/subdags/subdag.py took 0.015 seconds
[2024-06-10 10:20:23,652] {scheduler_job.py:181} INFO - Started process (PID=72509) to work on /home/anhcu/Project/Stock_project/airflow_venv/lib/python3.8/site-packages/airflow/example_dags/subdags/subdag.py
[2024-06-10 10:20:23,653] {scheduler_job.py:629} INFO - Processing file /home/anhcu/Project/Stock_project/airflow_venv/lib/python3.8/site-packages/airflow/example_dags/subdags/subdag.py for tasks to queue
[2024-06-10 10:20:23,654] {logging_mixin.py:103} INFO - [2024-06-10 10:20:23,654] {dagbag.py:440} INFO - Filling up the DagBag from /home/anhcu/Project/Stock_project/airflow_venv/lib/python3.8/site-packages/airflow/example_dags/subdags/subdag.py
[2024-06-10 10:20:23,657] {scheduler_job.py:641} WARNING - No viable dags retrieved from /home/anhcu/Project/Stock_project/airflow_venv/lib/python3.8/site-packages/airflow/example_dags/subdags/subdag.py
[2024-06-10 10:20:23,665] {scheduler_job.py:189} INFO - Processing /home/anhcu/Project/Stock_project/airflow_venv/lib/python3.8/site-packages/airflow/example_dags/subdags/subdag.py took 0.016 seconds
[2024-06-10 10:20:55,068] {scheduler_job.py:181} INFO - Started process (PID=72742) to work on /home/anhcu/Project/Stock_project/airflow_venv/lib/python3.8/site-packages/airflow/example_dags/subdags/subdag.py
[2024-06-10 10:20:55,069] {scheduler_job.py:629} INFO - Processing file /home/anhcu/Project/Stock_project/airflow_venv/lib/python3.8/site-packages/airflow/example_dags/subdags/subdag.py for tasks to queue
[2024-06-10 10:20:55,070] {logging_mixin.py:103} INFO - [2024-06-10 10:20:55,069] {dagbag.py:440} INFO - Filling up the DagBag from /home/anhcu/Project/Stock_project/airflow_venv/lib/python3.8/site-packages/airflow/example_dags/subdags/subdag.py
[2024-06-10 10:20:55,073] {scheduler_job.py:641} WARNING - No viable dags retrieved from /home/anhcu/Project/Stock_project/airflow_venv/lib/python3.8/site-packages/airflow/example_dags/subdags/subdag.py
[2024-06-10 10:20:55,080] {scheduler_job.py:189} INFO - Processing /home/anhcu/Project/Stock_project/airflow_venv/lib/python3.8/site-packages/airflow/example_dags/subdags/subdag.py took 0.016 seconds
[2024-06-10 10:21:25,962] {scheduler_job.py:181} INFO - Started process (PID=72896) to work on /home/anhcu/Project/Stock_project/airflow_venv/lib/python3.8/site-packages/airflow/example_dags/subdags/subdag.py
[2024-06-10 10:21:25,963] {scheduler_job.py:629} INFO - Processing file /home/anhcu/Project/Stock_project/airflow_venv/lib/python3.8/site-packages/airflow/example_dags/subdags/subdag.py for tasks to queue
[2024-06-10 10:21:25,964] {logging_mixin.py:103} INFO - [2024-06-10 10:21:25,964] {dagbag.py:440} INFO - Filling up the DagBag from /home/anhcu/Project/Stock_project/airflow_venv/lib/python3.8/site-packages/airflow/example_dags/subdags/subdag.py
[2024-06-10 10:21:25,968] {scheduler_job.py:641} WARNING - No viable dags retrieved from /home/anhcu/Project/Stock_project/airflow_venv/lib/python3.8/site-packages/airflow/example_dags/subdags/subdag.py
[2024-06-10 10:21:25,976] {scheduler_job.py:189} INFO - Processing /home/anhcu/Project/Stock_project/airflow_venv/lib/python3.8/site-packages/airflow/example_dags/subdags/subdag.py took 0.019 seconds
[2024-06-10 10:21:54,617] {scheduler_job.py:181} INFO - Started process (PID=73114) to work on /home/anhcu/Project/Stock_project/airflow_venv/lib/python3.8/site-packages/airflow/example_dags/subdags/subdag.py
[2024-06-10 10:21:54,619] {scheduler_job.py:629} INFO - Processing file /home/anhcu/Project/Stock_project/airflow_venv/lib/python3.8/site-packages/airflow/example_dags/subdags/subdag.py for tasks to queue
[2024-06-10 10:21:54,620] {logging_mixin.py:103} INFO - [2024-06-10 10:21:54,620] {dagbag.py:440} INFO - Filling up the DagBag from /home/anhcu/Project/Stock_project/airflow_venv/lib/python3.8/site-packages/airflow/example_dags/subdags/subdag.py
[2024-06-10 10:21:54,623] {scheduler_job.py:641} WARNING - No viable dags retrieved from /home/anhcu/Project/Stock_project/airflow_venv/lib/python3.8/site-packages/airflow/example_dags/subdags/subdag.py
[2024-06-10 10:21:54,642] {scheduler_job.py:189} INFO - Processing /home/anhcu/Project/Stock_project/airflow_venv/lib/python3.8/site-packages/airflow/example_dags/subdags/subdag.py took 0.030 seconds
[2024-06-10 10:22:24,044] {scheduler_job.py:181} INFO - Started process (PID=73287) to work on /home/anhcu/Project/Stock_project/airflow_venv/lib/python3.8/site-packages/airflow/example_dags/subdags/subdag.py
[2024-06-10 10:22:24,047] {scheduler_job.py:629} INFO - Processing file /home/anhcu/Project/Stock_project/airflow_venv/lib/python3.8/site-packages/airflow/example_dags/subdags/subdag.py for tasks to queue
[2024-06-10 10:22:24,048] {logging_mixin.py:103} INFO - [2024-06-10 10:22:24,047] {dagbag.py:440} INFO - Filling up the DagBag from /home/anhcu/Project/Stock_project/airflow_venv/lib/python3.8/site-packages/airflow/example_dags/subdags/subdag.py
[2024-06-10 10:22:24,051] {scheduler_job.py:641} WARNING - No viable dags retrieved from /home/anhcu/Project/Stock_project/airflow_venv/lib/python3.8/site-packages/airflow/example_dags/subdags/subdag.py
[2024-06-10 10:22:24,058] {scheduler_job.py:189} INFO - Processing /home/anhcu/Project/Stock_project/airflow_venv/lib/python3.8/site-packages/airflow/example_dags/subdags/subdag.py took 0.023 seconds
[2024-06-10 10:22:51,282] {scheduler_job.py:181} INFO - Started process (PID=73442) to work on /home/anhcu/Project/Stock_project/airflow_venv/lib/python3.8/site-packages/airflow/example_dags/subdags/subdag.py
[2024-06-10 10:22:51,283] {scheduler_job.py:629} INFO - Processing file /home/anhcu/Project/Stock_project/airflow_venv/lib/python3.8/site-packages/airflow/example_dags/subdags/subdag.py for tasks to queue
[2024-06-10 10:22:51,284] {logging_mixin.py:103} INFO - [2024-06-10 10:22:51,284] {dagbag.py:440} INFO - Filling up the DagBag from /home/anhcu/Project/Stock_project/airflow_venv/lib/python3.8/site-packages/airflow/example_dags/subdags/subdag.py
[2024-06-10 10:22:51,287] {scheduler_job.py:641} WARNING - No viable dags retrieved from /home/anhcu/Project/Stock_project/airflow_venv/lib/python3.8/site-packages/airflow/example_dags/subdags/subdag.py
[2024-06-10 10:22:51,294] {scheduler_job.py:189} INFO - Processing /home/anhcu/Project/Stock_project/airflow_venv/lib/python3.8/site-packages/airflow/example_dags/subdags/subdag.py took 0.017 seconds
[2024-06-10 10:23:19,055] {scheduler_job.py:181} INFO - Started process (PID=73708) to work on /home/anhcu/Project/Stock_project/airflow_venv/lib/python3.8/site-packages/airflow/example_dags/subdags/subdag.py
[2024-06-10 10:23:19,057] {scheduler_job.py:629} INFO - Processing file /home/anhcu/Project/Stock_project/airflow_venv/lib/python3.8/site-packages/airflow/example_dags/subdags/subdag.py for tasks to queue
[2024-06-10 10:23:19,058] {logging_mixin.py:103} INFO - [2024-06-10 10:23:19,058] {dagbag.py:440} INFO - Filling up the DagBag from /home/anhcu/Project/Stock_project/airflow_venv/lib/python3.8/site-packages/airflow/example_dags/subdags/subdag.py
[2024-06-10 10:23:19,072] {scheduler_job.py:641} WARNING - No viable dags retrieved from /home/anhcu/Project/Stock_project/airflow_venv/lib/python3.8/site-packages/airflow/example_dags/subdags/subdag.py
[2024-06-10 10:23:19,103] {scheduler_job.py:189} INFO - Processing /home/anhcu/Project/Stock_project/airflow_venv/lib/python3.8/site-packages/airflow/example_dags/subdags/subdag.py took 0.057 seconds
[2024-06-10 10:24:12,980] {scheduler_job.py:181} INFO - Started process (PID=74417) to work on /home/anhcu/Project/Stock_project/airflow_venv/lib/python3.8/site-packages/airflow/example_dags/subdags/subdag.py
[2024-06-10 10:24:12,983] {scheduler_job.py:629} INFO - Processing file /home/anhcu/Project/Stock_project/airflow_venv/lib/python3.8/site-packages/airflow/example_dags/subdags/subdag.py for tasks to queue
[2024-06-10 10:24:12,984] {logging_mixin.py:103} INFO - [2024-06-10 10:24:12,984] {dagbag.py:440} INFO - Filling up the DagBag from /home/anhcu/Project/Stock_project/airflow_venv/lib/python3.8/site-packages/airflow/example_dags/subdags/subdag.py
[2024-06-10 10:24:12,990] {scheduler_job.py:641} WARNING - No viable dags retrieved from /home/anhcu/Project/Stock_project/airflow_venv/lib/python3.8/site-packages/airflow/example_dags/subdags/subdag.py
[2024-06-10 10:24:12,996] {scheduler_job.py:189} INFO - Processing /home/anhcu/Project/Stock_project/airflow_venv/lib/python3.8/site-packages/airflow/example_dags/subdags/subdag.py took 0.020 seconds
[2024-06-10 10:24:43,932] {scheduler_job.py:181} INFO - Started process (PID=74730) to work on /home/anhcu/Project/Stock_project/airflow_venv/lib/python3.8/site-packages/airflow/example_dags/subdags/subdag.py
[2024-06-10 10:24:43,933] {scheduler_job.py:629} INFO - Processing file /home/anhcu/Project/Stock_project/airflow_venv/lib/python3.8/site-packages/airflow/example_dags/subdags/subdag.py for tasks to queue
[2024-06-10 10:24:43,934] {logging_mixin.py:103} INFO - [2024-06-10 10:24:43,934] {dagbag.py:440} INFO - Filling up the DagBag from /home/anhcu/Project/Stock_project/airflow_venv/lib/python3.8/site-packages/airflow/example_dags/subdags/subdag.py
[2024-06-10 10:24:43,937] {scheduler_job.py:641} WARNING - No viable dags retrieved from /home/anhcu/Project/Stock_project/airflow_venv/lib/python3.8/site-packages/airflow/example_dags/subdags/subdag.py
[2024-06-10 10:24:43,944] {scheduler_job.py:189} INFO - Processing /home/anhcu/Project/Stock_project/airflow_venv/lib/python3.8/site-packages/airflow/example_dags/subdags/subdag.py took 0.016 seconds
[2024-06-10 10:25:14,601] {scheduler_job.py:181} INFO - Started process (PID=75203) to work on /home/anhcu/Project/Stock_project/airflow_venv/lib/python3.8/site-packages/airflow/example_dags/subdags/subdag.py
[2024-06-10 10:25:14,602] {scheduler_job.py:629} INFO - Processing file /home/anhcu/Project/Stock_project/airflow_venv/lib/python3.8/site-packages/airflow/example_dags/subdags/subdag.py for tasks to queue
[2024-06-10 10:25:14,603] {logging_mixin.py:103} INFO - [2024-06-10 10:25:14,603] {dagbag.py:440} INFO - Filling up the DagBag from /home/anhcu/Project/Stock_project/airflow_venv/lib/python3.8/site-packages/airflow/example_dags/subdags/subdag.py
[2024-06-10 10:25:14,605] {scheduler_job.py:641} WARNING - No viable dags retrieved from /home/anhcu/Project/Stock_project/airflow_venv/lib/python3.8/site-packages/airflow/example_dags/subdags/subdag.py
[2024-06-10 10:25:14,613] {scheduler_job.py:189} INFO - Processing /home/anhcu/Project/Stock_project/airflow_venv/lib/python3.8/site-packages/airflow/example_dags/subdags/subdag.py took 0.016 seconds
[2024-06-10 10:25:44,891] {scheduler_job.py:181} INFO - Started process (PID=75474) to work on /home/anhcu/Project/Stock_project/airflow_venv/lib/python3.8/site-packages/airflow/example_dags/subdags/subdag.py
[2024-06-10 10:25:44,893] {scheduler_job.py:629} INFO - Processing file /home/anhcu/Project/Stock_project/airflow_venv/lib/python3.8/site-packages/airflow/example_dags/subdags/subdag.py for tasks to queue
[2024-06-10 10:25:44,894] {logging_mixin.py:103} INFO - [2024-06-10 10:25:44,893] {dagbag.py:440} INFO - Filling up the DagBag from /home/anhcu/Project/Stock_project/airflow_venv/lib/python3.8/site-packages/airflow/example_dags/subdags/subdag.py
[2024-06-10 10:25:44,897] {scheduler_job.py:641} WARNING - No viable dags retrieved from /home/anhcu/Project/Stock_project/airflow_venv/lib/python3.8/site-packages/airflow/example_dags/subdags/subdag.py
[2024-06-10 10:25:44,904] {scheduler_job.py:189} INFO - Processing /home/anhcu/Project/Stock_project/airflow_venv/lib/python3.8/site-packages/airflow/example_dags/subdags/subdag.py took 0.017 seconds
[2024-06-10 10:26:13,402] {scheduler_job.py:181} INFO - Started process (PID=75704) to work on /home/anhcu/Project/Stock_project/airflow_venv/lib/python3.8/site-packages/airflow/example_dags/subdags/subdag.py
[2024-06-10 10:26:13,404] {scheduler_job.py:629} INFO - Processing file /home/anhcu/Project/Stock_project/airflow_venv/lib/python3.8/site-packages/airflow/example_dags/subdags/subdag.py for tasks to queue
[2024-06-10 10:26:13,405] {logging_mixin.py:103} INFO - [2024-06-10 10:26:13,405] {dagbag.py:440} INFO - Filling up the DagBag from /home/anhcu/Project/Stock_project/airflow_venv/lib/python3.8/site-packages/airflow/example_dags/subdags/subdag.py
[2024-06-10 10:26:13,408] {scheduler_job.py:641} WARNING - No viable dags retrieved from /home/anhcu/Project/Stock_project/airflow_venv/lib/python3.8/site-packages/airflow/example_dags/subdags/subdag.py
[2024-06-10 10:26:13,415] {scheduler_job.py:189} INFO - Processing /home/anhcu/Project/Stock_project/airflow_venv/lib/python3.8/site-packages/airflow/example_dags/subdags/subdag.py took 0.018 seconds
[2024-06-10 10:26:40,840] {scheduler_job.py:181} INFO - Started process (PID=75876) to work on /home/anhcu/Project/Stock_project/airflow_venv/lib/python3.8/site-packages/airflow/example_dags/subdags/subdag.py
[2024-06-10 10:26:40,842] {scheduler_job.py:629} INFO - Processing file /home/anhcu/Project/Stock_project/airflow_venv/lib/python3.8/site-packages/airflow/example_dags/subdags/subdag.py for tasks to queue
[2024-06-10 10:26:40,843] {logging_mixin.py:103} INFO - [2024-06-10 10:26:40,842] {dagbag.py:440} INFO - Filling up the DagBag from /home/anhcu/Project/Stock_project/airflow_venv/lib/python3.8/site-packages/airflow/example_dags/subdags/subdag.py
[2024-06-10 10:26:40,846] {scheduler_job.py:641} WARNING - No viable dags retrieved from /home/anhcu/Project/Stock_project/airflow_venv/lib/python3.8/site-packages/airflow/example_dags/subdags/subdag.py
[2024-06-10 10:26:40,853] {scheduler_job.py:189} INFO - Processing /home/anhcu/Project/Stock_project/airflow_venv/lib/python3.8/site-packages/airflow/example_dags/subdags/subdag.py took 0.017 seconds
[2024-06-10 10:27:08,203] {scheduler_job.py:181} INFO - Started process (PID=76015) to work on /home/anhcu/Project/Stock_project/airflow_venv/lib/python3.8/site-packages/airflow/example_dags/subdags/subdag.py
[2024-06-10 10:27:08,205] {scheduler_job.py:629} INFO - Processing file /home/anhcu/Project/Stock_project/airflow_venv/lib/python3.8/site-packages/airflow/example_dags/subdags/subdag.py for tasks to queue
[2024-06-10 10:27:08,206] {logging_mixin.py:103} INFO - [2024-06-10 10:27:08,206] {dagbag.py:440} INFO - Filling up the DagBag from /home/anhcu/Project/Stock_project/airflow_venv/lib/python3.8/site-packages/airflow/example_dags/subdags/subdag.py
[2024-06-10 10:27:08,210] {scheduler_job.py:641} WARNING - No viable dags retrieved from /home/anhcu/Project/Stock_project/airflow_venv/lib/python3.8/site-packages/airflow/example_dags/subdags/subdag.py
[2024-06-10 10:27:08,219] {scheduler_job.py:189} INFO - Processing /home/anhcu/Project/Stock_project/airflow_venv/lib/python3.8/site-packages/airflow/example_dags/subdags/subdag.py took 0.022 seconds
[2024-06-10 10:27:36,404] {scheduler_job.py:181} INFO - Started process (PID=76133) to work on /home/anhcu/Project/Stock_project/airflow_venv/lib/python3.8/site-packages/airflow/example_dags/subdags/subdag.py
[2024-06-10 10:27:36,406] {scheduler_job.py:629} INFO - Processing file /home/anhcu/Project/Stock_project/airflow_venv/lib/python3.8/site-packages/airflow/example_dags/subdags/subdag.py for tasks to queue
[2024-06-10 10:27:36,407] {logging_mixin.py:103} INFO - [2024-06-10 10:27:36,407] {dagbag.py:440} INFO - Filling up the DagBag from /home/anhcu/Project/Stock_project/airflow_venv/lib/python3.8/site-packages/airflow/example_dags/subdags/subdag.py
[2024-06-10 10:27:36,410] {scheduler_job.py:641} WARNING - No viable dags retrieved from /home/anhcu/Project/Stock_project/airflow_venv/lib/python3.8/site-packages/airflow/example_dags/subdags/subdag.py
[2024-06-10 10:27:36,417] {scheduler_job.py:189} INFO - Processing /home/anhcu/Project/Stock_project/airflow_venv/lib/python3.8/site-packages/airflow/example_dags/subdags/subdag.py took 0.017 seconds
[2024-06-10 10:28:04,643] {scheduler_job.py:181} INFO - Started process (PID=76286) to work on /home/anhcu/Project/Stock_project/airflow_venv/lib/python3.8/site-packages/airflow/example_dags/subdags/subdag.py
[2024-06-10 10:28:04,645] {scheduler_job.py:629} INFO - Processing file /home/anhcu/Project/Stock_project/airflow_venv/lib/python3.8/site-packages/airflow/example_dags/subdags/subdag.py for tasks to queue
[2024-06-10 10:28:04,646] {logging_mixin.py:103} INFO - [2024-06-10 10:28:04,646] {dagbag.py:440} INFO - Filling up the DagBag from /home/anhcu/Project/Stock_project/airflow_venv/lib/python3.8/site-packages/airflow/example_dags/subdags/subdag.py
[2024-06-10 10:28:04,649] {scheduler_job.py:641} WARNING - No viable dags retrieved from /home/anhcu/Project/Stock_project/airflow_venv/lib/python3.8/site-packages/airflow/example_dags/subdags/subdag.py
[2024-06-10 10:28:04,656] {scheduler_job.py:189} INFO - Processing /home/anhcu/Project/Stock_project/airflow_venv/lib/python3.8/site-packages/airflow/example_dags/subdags/subdag.py took 0.018 seconds
[2024-06-10 10:28:32,587] {scheduler_job.py:181} INFO - Started process (PID=76440) to work on /home/anhcu/Project/Stock_project/airflow_venv/lib/python3.8/site-packages/airflow/example_dags/subdags/subdag.py
[2024-06-10 10:28:32,589] {scheduler_job.py:629} INFO - Processing file /home/anhcu/Project/Stock_project/airflow_venv/lib/python3.8/site-packages/airflow/example_dags/subdags/subdag.py for tasks to queue
[2024-06-10 10:28:32,590] {logging_mixin.py:103} INFO - [2024-06-10 10:28:32,590] {dagbag.py:440} INFO - Filling up the DagBag from /home/anhcu/Project/Stock_project/airflow_venv/lib/python3.8/site-packages/airflow/example_dags/subdags/subdag.py
[2024-06-10 10:28:32,593] {scheduler_job.py:641} WARNING - No viable dags retrieved from /home/anhcu/Project/Stock_project/airflow_venv/lib/python3.8/site-packages/airflow/example_dags/subdags/subdag.py
[2024-06-10 10:28:32,602] {scheduler_job.py:189} INFO - Processing /home/anhcu/Project/Stock_project/airflow_venv/lib/python3.8/site-packages/airflow/example_dags/subdags/subdag.py took 0.018 seconds
[2024-06-10 10:29:00,211] {scheduler_job.py:181} INFO - Started process (PID=76648) to work on /home/anhcu/Project/Stock_project/airflow_venv/lib/python3.8/site-packages/airflow/example_dags/subdags/subdag.py
[2024-06-10 10:29:00,212] {scheduler_job.py:629} INFO - Processing file /home/anhcu/Project/Stock_project/airflow_venv/lib/python3.8/site-packages/airflow/example_dags/subdags/subdag.py for tasks to queue
[2024-06-10 10:29:00,213] {logging_mixin.py:103} INFO - [2024-06-10 10:29:00,213] {dagbag.py:440} INFO - Filling up the DagBag from /home/anhcu/Project/Stock_project/airflow_venv/lib/python3.8/site-packages/airflow/example_dags/subdags/subdag.py
[2024-06-10 10:29:00,216] {scheduler_job.py:641} WARNING - No viable dags retrieved from /home/anhcu/Project/Stock_project/airflow_venv/lib/python3.8/site-packages/airflow/example_dags/subdags/subdag.py
[2024-06-10 10:29:00,235] {scheduler_job.py:189} INFO - Processing /home/anhcu/Project/Stock_project/airflow_venv/lib/python3.8/site-packages/airflow/example_dags/subdags/subdag.py took 0.027 seconds
[2024-06-10 10:29:27,550] {scheduler_job.py:181} INFO - Started process (PID=76822) to work on /home/anhcu/Project/Stock_project/airflow_venv/lib/python3.8/site-packages/airflow/example_dags/subdags/subdag.py
[2024-06-10 10:29:27,552] {scheduler_job.py:629} INFO - Processing file /home/anhcu/Project/Stock_project/airflow_venv/lib/python3.8/site-packages/airflow/example_dags/subdags/subdag.py for tasks to queue
[2024-06-10 10:29:27,554] {logging_mixin.py:103} INFO - [2024-06-10 10:29:27,553] {dagbag.py:440} INFO - Filling up the DagBag from /home/anhcu/Project/Stock_project/airflow_venv/lib/python3.8/site-packages/airflow/example_dags/subdags/subdag.py
[2024-06-10 10:29:27,557] {scheduler_job.py:641} WARNING - No viable dags retrieved from /home/anhcu/Project/Stock_project/airflow_venv/lib/python3.8/site-packages/airflow/example_dags/subdags/subdag.py
[2024-06-10 10:29:27,563] {scheduler_job.py:189} INFO - Processing /home/anhcu/Project/Stock_project/airflow_venv/lib/python3.8/site-packages/airflow/example_dags/subdags/subdag.py took 0.017 seconds
[2024-06-10 10:29:55,775] {scheduler_job.py:181} INFO - Started process (PID=76976) to work on /home/anhcu/Project/Stock_project/airflow_venv/lib/python3.8/site-packages/airflow/example_dags/subdags/subdag.py
[2024-06-10 10:29:55,777] {scheduler_job.py:629} INFO - Processing file /home/anhcu/Project/Stock_project/airflow_venv/lib/python3.8/site-packages/airflow/example_dags/subdags/subdag.py for tasks to queue
[2024-06-10 10:29:55,778] {logging_mixin.py:103} INFO - [2024-06-10 10:29:55,778] {dagbag.py:440} INFO - Filling up the DagBag from /home/anhcu/Project/Stock_project/airflow_venv/lib/python3.8/site-packages/airflow/example_dags/subdags/subdag.py
[2024-06-10 10:29:55,781] {scheduler_job.py:641} WARNING - No viable dags retrieved from /home/anhcu/Project/Stock_project/airflow_venv/lib/python3.8/site-packages/airflow/example_dags/subdags/subdag.py
[2024-06-10 10:29:55,788] {scheduler_job.py:189} INFO - Processing /home/anhcu/Project/Stock_project/airflow_venv/lib/python3.8/site-packages/airflow/example_dags/subdags/subdag.py took 0.017 seconds
[2024-06-10 10:30:22,099] {scheduler_job.py:181} INFO - Started process (PID=77115) to work on /home/anhcu/Project/Stock_project/airflow_venv/lib/python3.8/site-packages/airflow/example_dags/subdags/subdag.py
[2024-06-10 10:30:22,100] {scheduler_job.py:629} INFO - Processing file /home/anhcu/Project/Stock_project/airflow_venv/lib/python3.8/site-packages/airflow/example_dags/subdags/subdag.py for tasks to queue
[2024-06-10 10:30:22,101] {logging_mixin.py:103} INFO - [2024-06-10 10:30:22,101] {dagbag.py:440} INFO - Filling up the DagBag from /home/anhcu/Project/Stock_project/airflow_venv/lib/python3.8/site-packages/airflow/example_dags/subdags/subdag.py
[2024-06-10 10:30:22,105] {scheduler_job.py:641} WARNING - No viable dags retrieved from /home/anhcu/Project/Stock_project/airflow_venv/lib/python3.8/site-packages/airflow/example_dags/subdags/subdag.py
[2024-06-10 10:30:22,112] {scheduler_job.py:189} INFO - Processing /home/anhcu/Project/Stock_project/airflow_venv/lib/python3.8/site-packages/airflow/example_dags/subdags/subdag.py took 0.018 seconds
[2024-06-10 10:30:49,434] {scheduler_job.py:181} INFO - Started process (PID=77254) to work on /home/anhcu/Project/Stock_project/airflow_venv/lib/python3.8/site-packages/airflow/example_dags/subdags/subdag.py
[2024-06-10 10:30:49,436] {scheduler_job.py:629} INFO - Processing file /home/anhcu/Project/Stock_project/airflow_venv/lib/python3.8/site-packages/airflow/example_dags/subdags/subdag.py for tasks to queue
[2024-06-10 10:30:49,436] {logging_mixin.py:103} INFO - [2024-06-10 10:30:49,436] {dagbag.py:440} INFO - Filling up the DagBag from /home/anhcu/Project/Stock_project/airflow_venv/lib/python3.8/site-packages/airflow/example_dags/subdags/subdag.py
[2024-06-10 10:30:49,440] {scheduler_job.py:641} WARNING - No viable dags retrieved from /home/anhcu/Project/Stock_project/airflow_venv/lib/python3.8/site-packages/airflow/example_dags/subdags/subdag.py
[2024-06-10 10:30:49,448] {scheduler_job.py:189} INFO - Processing /home/anhcu/Project/Stock_project/airflow_venv/lib/python3.8/site-packages/airflow/example_dags/subdags/subdag.py took 0.018 seconds
[2024-06-10 10:31:16,642] {scheduler_job.py:181} INFO - Started process (PID=77372) to work on /home/anhcu/Project/Stock_project/airflow_venv/lib/python3.8/site-packages/airflow/example_dags/subdags/subdag.py
[2024-06-10 10:31:16,644] {scheduler_job.py:629} INFO - Processing file /home/anhcu/Project/Stock_project/airflow_venv/lib/python3.8/site-packages/airflow/example_dags/subdags/subdag.py for tasks to queue
[2024-06-10 10:31:16,646] {logging_mixin.py:103} INFO - [2024-06-10 10:31:16,645] {dagbag.py:440} INFO - Filling up the DagBag from /home/anhcu/Project/Stock_project/airflow_venv/lib/python3.8/site-packages/airflow/example_dags/subdags/subdag.py
[2024-06-10 10:31:16,652] {scheduler_job.py:641} WARNING - No viable dags retrieved from /home/anhcu/Project/Stock_project/airflow_venv/lib/python3.8/site-packages/airflow/example_dags/subdags/subdag.py
[2024-06-10 10:31:16,661] {scheduler_job.py:189} INFO - Processing /home/anhcu/Project/Stock_project/airflow_venv/lib/python3.8/site-packages/airflow/example_dags/subdags/subdag.py took 0.025 seconds
[2024-06-10 10:31:45,052] {scheduler_job.py:181} INFO - Started process (PID=77528) to work on /home/anhcu/Project/Stock_project/airflow_venv/lib/python3.8/site-packages/airflow/example_dags/subdags/subdag.py
[2024-06-10 10:31:45,054] {scheduler_job.py:629} INFO - Processing file /home/anhcu/Project/Stock_project/airflow_venv/lib/python3.8/site-packages/airflow/example_dags/subdags/subdag.py for tasks to queue
[2024-06-10 10:31:45,055] {logging_mixin.py:103} INFO - [2024-06-10 10:31:45,055] {dagbag.py:440} INFO - Filling up the DagBag from /home/anhcu/Project/Stock_project/airflow_venv/lib/python3.8/site-packages/airflow/example_dags/subdags/subdag.py
[2024-06-10 10:31:45,059] {scheduler_job.py:641} WARNING - No viable dags retrieved from /home/anhcu/Project/Stock_project/airflow_venv/lib/python3.8/site-packages/airflow/example_dags/subdags/subdag.py
[2024-06-10 10:31:45,068] {scheduler_job.py:189} INFO - Processing /home/anhcu/Project/Stock_project/airflow_venv/lib/python3.8/site-packages/airflow/example_dags/subdags/subdag.py took 0.025 seconds
[2024-06-10 10:32:14,304] {scheduler_job.py:181} INFO - Started process (PID=77650) to work on /home/anhcu/Project/Stock_project/airflow_venv/lib/python3.8/site-packages/airflow/example_dags/subdags/subdag.py
[2024-06-10 10:32:14,307] {scheduler_job.py:629} INFO - Processing file /home/anhcu/Project/Stock_project/airflow_venv/lib/python3.8/site-packages/airflow/example_dags/subdags/subdag.py for tasks to queue
[2024-06-10 10:32:14,308] {logging_mixin.py:103} INFO - [2024-06-10 10:32:14,308] {dagbag.py:440} INFO - Filling up the DagBag from /home/anhcu/Project/Stock_project/airflow_venv/lib/python3.8/site-packages/airflow/example_dags/subdags/subdag.py
[2024-06-10 10:32:14,312] {scheduler_job.py:641} WARNING - No viable dags retrieved from /home/anhcu/Project/Stock_project/airflow_venv/lib/python3.8/site-packages/airflow/example_dags/subdags/subdag.py
[2024-06-10 10:32:14,322] {scheduler_job.py:189} INFO - Processing /home/anhcu/Project/Stock_project/airflow_venv/lib/python3.8/site-packages/airflow/example_dags/subdags/subdag.py took 0.025 seconds
[2024-06-10 10:32:41,639] {scheduler_job.py:181} INFO - Started process (PID=77857) to work on /home/anhcu/Project/Stock_project/airflow_venv/lib/python3.8/site-packages/airflow/example_dags/subdags/subdag.py
[2024-06-10 10:32:41,640] {scheduler_job.py:629} INFO - Processing file /home/anhcu/Project/Stock_project/airflow_venv/lib/python3.8/site-packages/airflow/example_dags/subdags/subdag.py for tasks to queue
[2024-06-10 10:32:41,641] {logging_mixin.py:103} INFO - [2024-06-10 10:32:41,641] {dagbag.py:440} INFO - Filling up the DagBag from /home/anhcu/Project/Stock_project/airflow_venv/lib/python3.8/site-packages/airflow/example_dags/subdags/subdag.py
[2024-06-10 10:32:41,644] {scheduler_job.py:641} WARNING - No viable dags retrieved from /home/anhcu/Project/Stock_project/airflow_venv/lib/python3.8/site-packages/airflow/example_dags/subdags/subdag.py
[2024-06-10 10:32:41,651] {scheduler_job.py:189} INFO - Processing /home/anhcu/Project/Stock_project/airflow_venv/lib/python3.8/site-packages/airflow/example_dags/subdags/subdag.py took 0.017 seconds
[2024-06-10 10:33:08,856] {scheduler_job.py:181} INFO - Started process (PID=78106) to work on /home/anhcu/Project/Stock_project/airflow_venv/lib/python3.8/site-packages/airflow/example_dags/subdags/subdag.py
[2024-06-10 10:33:08,858] {scheduler_job.py:629} INFO - Processing file /home/anhcu/Project/Stock_project/airflow_venv/lib/python3.8/site-packages/airflow/example_dags/subdags/subdag.py for tasks to queue
[2024-06-10 10:33:08,859] {logging_mixin.py:103} INFO - [2024-06-10 10:33:08,859] {dagbag.py:440} INFO - Filling up the DagBag from /home/anhcu/Project/Stock_project/airflow_venv/lib/python3.8/site-packages/airflow/example_dags/subdags/subdag.py
[2024-06-10 10:33:08,862] {scheduler_job.py:641} WARNING - No viable dags retrieved from /home/anhcu/Project/Stock_project/airflow_venv/lib/python3.8/site-packages/airflow/example_dags/subdags/subdag.py
[2024-06-10 10:33:08,870] {scheduler_job.py:189} INFO - Processing /home/anhcu/Project/Stock_project/airflow_venv/lib/python3.8/site-packages/airflow/example_dags/subdags/subdag.py took 0.017 seconds
[2024-06-10 10:33:36,211] {scheduler_job.py:181} INFO - Started process (PID=78260) to work on /home/anhcu/Project/Stock_project/airflow_venv/lib/python3.8/site-packages/airflow/example_dags/subdags/subdag.py
[2024-06-10 10:33:36,213] {scheduler_job.py:629} INFO - Processing file /home/anhcu/Project/Stock_project/airflow_venv/lib/python3.8/site-packages/airflow/example_dags/subdags/subdag.py for tasks to queue
[2024-06-10 10:33:36,214] {logging_mixin.py:103} INFO - [2024-06-10 10:33:36,214] {dagbag.py:440} INFO - Filling up the DagBag from /home/anhcu/Project/Stock_project/airflow_venv/lib/python3.8/site-packages/airflow/example_dags/subdags/subdag.py
[2024-06-10 10:33:36,217] {scheduler_job.py:641} WARNING - No viable dags retrieved from /home/anhcu/Project/Stock_project/airflow_venv/lib/python3.8/site-packages/airflow/example_dags/subdags/subdag.py
[2024-06-10 10:33:36,226] {scheduler_job.py:189} INFO - Processing /home/anhcu/Project/Stock_project/airflow_venv/lib/python3.8/site-packages/airflow/example_dags/subdags/subdag.py took 0.019 seconds
[2024-06-10 10:34:04,538] {scheduler_job.py:181} INFO - Started process (PID=78422) to work on /home/anhcu/Project/Stock_project/airflow_venv/lib/python3.8/site-packages/airflow/example_dags/subdags/subdag.py
[2024-06-10 10:34:04,540] {scheduler_job.py:629} INFO - Processing file /home/anhcu/Project/Stock_project/airflow_venv/lib/python3.8/site-packages/airflow/example_dags/subdags/subdag.py for tasks to queue
[2024-06-10 10:34:04,541] {logging_mixin.py:103} INFO - [2024-06-10 10:34:04,541] {dagbag.py:440} INFO - Filling up the DagBag from /home/anhcu/Project/Stock_project/airflow_venv/lib/python3.8/site-packages/airflow/example_dags/subdags/subdag.py
[2024-06-10 10:34:04,544] {scheduler_job.py:641} WARNING - No viable dags retrieved from /home/anhcu/Project/Stock_project/airflow_venv/lib/python3.8/site-packages/airflow/example_dags/subdags/subdag.py
[2024-06-10 10:34:04,552] {scheduler_job.py:189} INFO - Processing /home/anhcu/Project/Stock_project/airflow_venv/lib/python3.8/site-packages/airflow/example_dags/subdags/subdag.py took 0.018 seconds
[2024-06-10 10:34:32,566] {scheduler_job.py:181} INFO - Started process (PID=78613) to work on /home/anhcu/Project/Stock_project/airflow_venv/lib/python3.8/site-packages/airflow/example_dags/subdags/subdag.py
[2024-06-10 10:34:32,568] {scheduler_job.py:629} INFO - Processing file /home/anhcu/Project/Stock_project/airflow_venv/lib/python3.8/site-packages/airflow/example_dags/subdags/subdag.py for tasks to queue
[2024-06-10 10:34:32,570] {logging_mixin.py:103} INFO - [2024-06-10 10:34:32,570] {dagbag.py:440} INFO - Filling up the DagBag from /home/anhcu/Project/Stock_project/airflow_venv/lib/python3.8/site-packages/airflow/example_dags/subdags/subdag.py
[2024-06-10 10:34:32,573] {scheduler_job.py:641} WARNING - No viable dags retrieved from /home/anhcu/Project/Stock_project/airflow_venv/lib/python3.8/site-packages/airflow/example_dags/subdags/subdag.py
[2024-06-10 10:34:32,580] {scheduler_job.py:189} INFO - Processing /home/anhcu/Project/Stock_project/airflow_venv/lib/python3.8/site-packages/airflow/example_dags/subdags/subdag.py took 0.018 seconds
[2024-06-10 10:35:00,144] {scheduler_job.py:181} INFO - Started process (PID=78810) to work on /home/anhcu/Project/Stock_project/airflow_venv/lib/python3.8/site-packages/airflow/example_dags/subdags/subdag.py
[2024-06-10 10:35:00,145] {scheduler_job.py:629} INFO - Processing file /home/anhcu/Project/Stock_project/airflow_venv/lib/python3.8/site-packages/airflow/example_dags/subdags/subdag.py for tasks to queue
[2024-06-10 10:35:00,146] {logging_mixin.py:103} INFO - [2024-06-10 10:35:00,146] {dagbag.py:440} INFO - Filling up the DagBag from /home/anhcu/Project/Stock_project/airflow_venv/lib/python3.8/site-packages/airflow/example_dags/subdags/subdag.py
[2024-06-10 10:35:00,150] {scheduler_job.py:641} WARNING - No viable dags retrieved from /home/anhcu/Project/Stock_project/airflow_venv/lib/python3.8/site-packages/airflow/example_dags/subdags/subdag.py
[2024-06-10 10:35:00,158] {scheduler_job.py:189} INFO - Processing /home/anhcu/Project/Stock_project/airflow_venv/lib/python3.8/site-packages/airflow/example_dags/subdags/subdag.py took 0.018 seconds
[2024-06-10 10:35:56,515] {scheduler_job.py:181} INFO - Started process (PID=79521) to work on /home/anhcu/Project/Stock_project/airflow_venv/lib/python3.8/site-packages/airflow/example_dags/subdags/subdag.py
[2024-06-10 10:35:56,519] {scheduler_job.py:629} INFO - Processing file /home/anhcu/Project/Stock_project/airflow_venv/lib/python3.8/site-packages/airflow/example_dags/subdags/subdag.py for tasks to queue
[2024-06-10 10:35:56,519] {logging_mixin.py:103} INFO - [2024-06-10 10:35:56,519] {dagbag.py:440} INFO - Filling up the DagBag from /home/anhcu/Project/Stock_project/airflow_venv/lib/python3.8/site-packages/airflow/example_dags/subdags/subdag.py
[2024-06-10 10:35:56,522] {scheduler_job.py:641} WARNING - No viable dags retrieved from /home/anhcu/Project/Stock_project/airflow_venv/lib/python3.8/site-packages/airflow/example_dags/subdags/subdag.py
[2024-06-10 10:35:56,530] {scheduler_job.py:189} INFO - Processing /home/anhcu/Project/Stock_project/airflow_venv/lib/python3.8/site-packages/airflow/example_dags/subdags/subdag.py took 0.019 seconds
