[2024-06-11 08:16:15,813] {taskinstance.py:826} INFO - Dependencies all met for <TaskInstance: ELT_to_Data_Warehouse.load_parquet_to_hdfs 2024-06-11T08:15:49.953823+00:00 [queued]>
[2024-06-11 08:16:15,821] {taskinstance.py:826} INFO - Dependencies all met for <TaskInstance: ELT_to_Data_Warehouse.load_parquet_to_hdfs 2024-06-11T08:15:49.953823+00:00 [queued]>
[2024-06-11 08:16:15,821] {taskinstance.py:1017} INFO - 
--------------------------------------------------------------------------------
[2024-06-11 08:16:15,821] {taskinstance.py:1018} INFO - Starting attempt 1 of 2
[2024-06-11 08:16:15,821] {taskinstance.py:1019} INFO - 
--------------------------------------------------------------------------------
[2024-06-11 08:16:15,835] {taskinstance.py:1038} INFO - Executing <Task(PythonOperator): load_parquet_to_hdfs> on 2024-06-11T08:15:49.953823+00:00
[2024-06-11 08:16:15,839] {standard_task_runner.py:51} INFO - Started process 21880 to run task
[2024-06-11 08:16:15,845] {standard_task_runner.py:75} INFO - Running: ['airflow', 'tasks', 'run', 'ELT_to_Data_Warehouse', 'load_parquet_to_hdfs', '2024-06-11T08:15:49.953823+00:00', '--job-id', '134', '--pool', 'default_pool', '--raw', '--subdir', 'DAGS_FOLDER/elt_to_dw.py', '--cfg-path', '/tmp/tmpn24y1k7l']
[2024-06-11 08:16:15,846] {standard_task_runner.py:76} INFO - Job 134: Subtask load_parquet_to_hdfs
[2024-06-11 08:16:15,885] {logging_mixin.py:103} INFO - Running <TaskInstance: ELT_to_Data_Warehouse.load_parquet_to_hdfs 2024-06-11T08:15:49.953823+00:00 [running]> on host etl.us-central1-a.c.data-engineering-stock.internal
[2024-06-11 08:16:15,916] {taskinstance.py:1230} INFO - Exporting the following env vars:
AIRFLOW_CTX_DAG_OWNER=airflow
AIRFLOW_CTX_DAG_ID=ELT_to_Data_Warehouse
AIRFLOW_CTX_TASK_ID=load_parquet_to_hdfs
AIRFLOW_CTX_EXECUTION_DATE=2024-06-11T08:15:49.953823+00:00
AIRFLOW_CTX_DAG_RUN_ID=manual__2024-06-11T08:15:49.953823+00:00
[2024-06-11 08:16:25,919] {logging_mixin.py:103} INFO - /user/anhcu/datalake/companies/load_db_to_dl_2024_06_11.parquet
/user/anhcu/datalake/ohlcs/crawl_ohlcs_2024_06_10.parquet
/user/anhcu/datalake/news/crawl_news_2024_06_10.parquet
[2024-06-11 08:16:25,919] {logging_mixin.py:103} INFO - 
[2024-06-11 08:16:25,919] {python.py:118} INFO - Done. Returned value was: /user/anhcu/datalake/companies/load_db_to_dl_2024_06_11.parquet
/user/anhcu/datalake/ohlcs/crawl_ohlcs_2024_06_10.parquet
/user/anhcu/datalake/news/crawl_news_2024_06_10.parquet


[2024-06-11 08:16:25,954] {taskinstance.py:1135} INFO - Marking task as SUCCESS. dag_id=ELT_to_Data_Warehouse, task_id=load_parquet_to_hdfs, execution_date=20240611T081549, start_date=20240611T081615, end_date=20240611T081625
[2024-06-11 08:16:26,004] {taskinstance.py:1195} INFO - 1 downstream tasks scheduled from follow-on schedule check
[2024-06-11 08:16:26,007] {local_task_job.py:169} WARNING - State of this instance has been externally set to success. Terminating instance.
[2024-06-11 08:16:26,013] {process_utils.py:95} INFO - Sending Signals.SIGTERM to GPID 21880
[2024-06-11 08:16:26,013] {process_utils.py:61} INFO - Process psutil.Process(pid=21880, status='terminated', exitcode=0, started='08:16:15') (21880) terminated with exit code 0
[2024-06-11 08:16:26,014] {local_task_job.py:118} INFO - Task exited with return code 0
