[2024-06-10 10:06:22,905] {taskinstance.py:826} INFO - Dependencies all met for <TaskInstance: ETL_to_Database.transform_to_database_3 2024-06-09T00:01:00+00:00 [queued]>
[2024-06-10 10:06:22,912] {taskinstance.py:826} INFO - Dependencies all met for <TaskInstance: ETL_to_Database.transform_to_database_3 2024-06-09T00:01:00+00:00 [queued]>
[2024-06-10 10:06:22,912] {taskinstance.py:1017} INFO - 
--------------------------------------------------------------------------------
[2024-06-10 10:06:22,912] {taskinstance.py:1018} INFO - Starting attempt 1 of 2
[2024-06-10 10:06:22,912] {taskinstance.py:1019} INFO - 
--------------------------------------------------------------------------------
[2024-06-10 10:06:22,929] {taskinstance.py:1038} INFO - Executing <Task(BashOperator): transform_to_database_3> on 2024-06-09T00:01:00+00:00
[2024-06-10 10:06:22,933] {standard_task_runner.py:51} INFO - Started process 66499 to run task
[2024-06-10 10:06:22,945] {standard_task_runner.py:75} INFO - Running: ['airflow', 'tasks', 'run', 'ETL_to_Database', 'transform_to_database_3', '2024-06-09T00:01:00+00:00', '--job-id', '19', '--pool', 'default_pool', '--raw', '--subdir', 'DAGS_FOLDER/etl_to_db.py', '--cfg-path', '/tmp/tmp8oeznt1m']
[2024-06-10 10:06:22,946] {standard_task_runner.py:76} INFO - Job 19: Subtask transform_to_database_3
[2024-06-10 10:06:23,125] {logging_mixin.py:103} INFO - Running <TaskInstance: ETL_to_Database.transform_to_database_3 2024-06-09T00:01:00+00:00 [running]> on host etl.us-central1-a.c.data-engineering-stock.internal
[2024-06-10 10:06:23,171] {taskinstance.py:1230} INFO - Exporting the following env vars:
AIRFLOW_CTX_DAG_EMAIL=anhcuonghuynhnguyen@gmail.com
AIRFLOW_CTX_DAG_OWNER=airflow
AIRFLOW_CTX_DAG_ID=ETL_to_Database
AIRFLOW_CTX_TASK_ID=transform_to_database_3
AIRFLOW_CTX_EXECUTION_DATE=2024-06-09T00:01:00+00:00
AIRFLOW_CTX_DAG_RUN_ID=scheduled__2024-06-09T00:01:00+00:00
[2024-06-10 10:06:23,172] {bash.py:135} INFO - Tmp dir root location: 
 /tmp
[2024-06-10 10:06:23,173] {bash.py:158} INFO - Running command: /bin/python3 /home/anhcu/Project/Stock_project/backend/scripts/transform/transform_to_database_3.py
[2024-06-10 10:06:23,184] {bash.py:169} INFO - Output:
[2024-06-10 10:06:29,962] {bash.py:173} INFO - Transforming from file: /home/anhcu/Project/Stock_project/backend/data/raw/companies/crawl_companies_2024_06_10.json
[2024-06-10 10:06:29,962] {bash.py:173} INFO - Saved dataframe to /home/anhcu/Project/Stock_project/backend/data/processed/transformed_to_database_companies/process_companies_2024_06_10.json
[2024-06-10 10:06:31,115] {bash.py:177} INFO - Command exited with return code 0
[2024-06-10 10:06:31,154] {taskinstance.py:1135} INFO - Marking task as SUCCESS. dag_id=ETL_to_Database, task_id=transform_to_database_3, execution_date=20240609T000100, start_date=20240610T100622, end_date=20240610T100631
[2024-06-10 10:06:31,203] {taskinstance.py:1195} INFO - 1 downstream tasks scheduled from follow-on schedule check
[2024-06-10 10:06:31,235] {local_task_job.py:118} INFO - Task exited with return code 0
