[2024-06-10 10:06:56,426] {taskinstance.py:826} INFO - Dependencies all met for <TaskInstance: ETL_to_Database.load_json_to_db_3 2024-06-10T10:02:22.178372+00:00 [queued]>
[2024-06-10 10:06:56,433] {taskinstance.py:826} INFO - Dependencies all met for <TaskInstance: ETL_to_Database.load_json_to_db_3 2024-06-10T10:02:22.178372+00:00 [queued]>
[2024-06-10 10:06:56,433] {taskinstance.py:1017} INFO - 
--------------------------------------------------------------------------------
[2024-06-10 10:06:56,434] {taskinstance.py:1018} INFO - Starting attempt 1 of 2
[2024-06-10 10:06:56,434] {taskinstance.py:1019} INFO - 
--------------------------------------------------------------------------------
[2024-06-10 10:06:56,452] {taskinstance.py:1038} INFO - Executing <Task(BashOperator): load_json_to_db_3> on 2024-06-10T10:02:22.178372+00:00
[2024-06-10 10:06:56,456] {standard_task_runner.py:51} INFO - Started process 66875 to run task
[2024-06-10 10:06:56,466] {standard_task_runner.py:75} INFO - Running: ['airflow', 'tasks', 'run', 'ETL_to_Database', 'load_json_to_db_3', '2024-06-10T10:02:22.178372+00:00', '--job-id', '22', '--pool', 'default_pool', '--raw', '--subdir', 'DAGS_FOLDER/etl_to_db.py', '--cfg-path', '/tmp/tmp4_4nvexu']
[2024-06-10 10:06:56,467] {standard_task_runner.py:76} INFO - Job 22: Subtask load_json_to_db_3
[2024-06-10 10:06:56,642] {logging_mixin.py:103} INFO - Running <TaskInstance: ETL_to_Database.load_json_to_db_3 2024-06-10T10:02:22.178372+00:00 [running]> on host etl.us-central1-a.c.data-engineering-stock.internal
[2024-06-10 10:06:56,679] {taskinstance.py:1230} INFO - Exporting the following env vars:
AIRFLOW_CTX_DAG_EMAIL=anhcuonghuynhnguyen@gmail.com
AIRFLOW_CTX_DAG_OWNER=airflow
AIRFLOW_CTX_DAG_ID=ETL_to_Database
AIRFLOW_CTX_TASK_ID=load_json_to_db_3
AIRFLOW_CTX_EXECUTION_DATE=2024-06-10T10:02:22.178372+00:00
AIRFLOW_CTX_DAG_RUN_ID=manual__2024-06-10T10:02:22.178372+00:00
[2024-06-10 10:06:56,679] {bash.py:135} INFO - Tmp dir root location: 
 /tmp
[2024-06-10 10:06:56,681] {bash.py:158} INFO - Running command: /bin/python3 /home/anhcu/Project/Stock_project/backend/scripts/load/load_json_to_db_3.py
[2024-06-10 10:06:56,691] {bash.py:169} INFO - Output:
[2024-06-10 10:07:09,407] {bash.py:173} INFO - Inserted data into companies
[2024-06-10 10:07:09,415] {bash.py:177} INFO - Command exited with return code 0
[2024-06-10 10:07:09,439] {taskinstance.py:1135} INFO - Marking task as SUCCESS. dag_id=ETL_to_Database, task_id=load_json_to_db_3, execution_date=20240610T100222, start_date=20240610T100656, end_date=20240610T100709
[2024-06-10 10:07:09,456] {taskinstance.py:1195} INFO - 0 downstream tasks scheduled from follow-on schedule check
[2024-06-10 10:07:09,487] {local_task_job.py:118} INFO - Task exited with return code 0
