[2024-06-11 05:21:00,664] {taskinstance.py:826} INFO - Dependencies all met for <TaskInstance: ETL_to_Database.crawl_companies 2024-06-11T05:20:58.447255+00:00 [queued]>
[2024-06-11 05:21:00,669] {taskinstance.py:826} INFO - Dependencies all met for <TaskInstance: ETL_to_Database.crawl_companies 2024-06-11T05:20:58.447255+00:00 [queued]>
[2024-06-11 05:21:00,670] {taskinstance.py:1017} INFO - 
--------------------------------------------------------------------------------
[2024-06-11 05:21:00,670] {taskinstance.py:1018} INFO - Starting attempt 1 of 2
[2024-06-11 05:21:00,670] {taskinstance.py:1019} INFO - 
--------------------------------------------------------------------------------
[2024-06-11 05:21:00,682] {taskinstance.py:1038} INFO - Executing <Task(BashOperator): crawl_companies> on 2024-06-11T05:20:58.447255+00:00
[2024-06-11 05:21:00,685] {standard_task_runner.py:51} INFO - Started process 4227 to run task
[2024-06-11 05:21:00,691] {standard_task_runner.py:75} INFO - Running: ['airflow', 'tasks', 'run', 'ETL_to_Database', 'crawl_companies', '2024-06-11T05:20:58.447255+00:00', '--job-id', '50', '--pool', 'default_pool', '--raw', '--subdir', 'DAGS_FOLDER/etl_to_db.py', '--cfg-path', '/tmp/tmp3q15kfne']
[2024-06-11 05:21:00,692] {standard_task_runner.py:76} INFO - Job 50: Subtask crawl_companies
[2024-06-11 05:21:00,728] {logging_mixin.py:103} INFO - Running <TaskInstance: ETL_to_Database.crawl_companies 2024-06-11T05:20:58.447255+00:00 [running]> on host etl.us-central1-a.c.data-engineering-stock.internal
[2024-06-11 05:21:00,758] {taskinstance.py:1230} INFO - Exporting the following env vars:
AIRFLOW_CTX_DAG_EMAIL=anhcuonghuynhnguyen@gmail.com
AIRFLOW_CTX_DAG_OWNER=airflow
AIRFLOW_CTX_DAG_ID=ETL_to_Database
AIRFLOW_CTX_TASK_ID=crawl_companies
AIRFLOW_CTX_EXECUTION_DATE=2024-06-11T05:20:58.447255+00:00
AIRFLOW_CTX_DAG_RUN_ID=manual__2024-06-11T05:20:58.447255+00:00
[2024-06-11 05:21:00,759] {bash.py:135} INFO - Tmp dir root location: 
 /tmp
[2024-06-11 05:21:00,759] {bash.py:158} INFO - Running command: /bin/python3 /home/anhcu/Project/Stock_project/backend/scripts/extract/crawl_companies.py
[2024-06-11 05:21:00,766] {bash.py:169} INFO - Output:
[2024-06-11 05:21:02,994] {bash.py:173} INFO - The process of extracting 14754 companies from the NASDAQ stock exchange has been completed
[2024-06-11 05:21:02,994] {bash.py:173} INFO - The process of extracting 13448 companies from the NYSE stock exchange has been completed
[2024-06-11 05:21:02,994] {bash.py:173} INFO - Saving at /home/anhcu/Project/Stock_project/backend/data/raw/companies/crawl_companies_2024_06_11.json
[2024-06-11 05:21:03,042] {bash.py:177} INFO - Command exited with return code 0
[2024-06-11 05:21:03,062] {taskinstance.py:1135} INFO - Marking task as SUCCESS. dag_id=ETL_to_Database, task_id=crawl_companies, execution_date=20240611T052058, start_date=20240611T052100, end_date=20240611T052103
[2024-06-11 05:21:03,082] {taskinstance.py:1195} INFO - 0 downstream tasks scheduled from follow-on schedule check
[2024-06-11 05:21:03,110] {local_task_job.py:118} INFO - Task exited with return code 0
