[2024-06-12 05:59:35,111] {taskinstance.py:826} INFO - Dependencies all met for <TaskInstance: ETL_to_Database.crawl_markets 2024-06-12T05:59:28.866520+00:00 [queued]>
[2024-06-12 05:59:35,119] {taskinstance.py:826} INFO - Dependencies all met for <TaskInstance: ETL_to_Database.crawl_markets 2024-06-12T05:59:28.866520+00:00 [queued]>
[2024-06-12 05:59:35,119] {taskinstance.py:1017} INFO - 
--------------------------------------------------------------------------------
[2024-06-12 05:59:35,119] {taskinstance.py:1018} INFO - Starting attempt 1 of 2
[2024-06-12 05:59:35,119] {taskinstance.py:1019} INFO - 
--------------------------------------------------------------------------------
[2024-06-12 05:59:35,134] {taskinstance.py:1038} INFO - Executing <Task(BashOperator): crawl_markets> on 2024-06-12T05:59:28.866520+00:00
[2024-06-12 05:59:35,136] {standard_task_runner.py:51} INFO - Started process 21664 to run task
[2024-06-12 05:59:35,142] {standard_task_runner.py:75} INFO - Running: ['airflow', 'tasks', 'run', 'ETL_to_Database', 'crawl_markets', '2024-06-12T05:59:28.866520+00:00', '--job-id', '138', '--pool', 'default_pool', '--raw', '--subdir', 'DAGS_FOLDER/etl_to_db.py', '--cfg-path', '/tmp/tmp99k_v7ku']
[2024-06-12 05:59:35,143] {standard_task_runner.py:76} INFO - Job 138: Subtask crawl_markets
[2024-06-12 05:59:35,181] {logging_mixin.py:103} INFO - Running <TaskInstance: ETL_to_Database.crawl_markets 2024-06-12T05:59:28.866520+00:00 [running]> on host etl.us-central1-a.c.data-engineering-stock.internal
[2024-06-12 05:59:35,217] {taskinstance.py:1230} INFO - Exporting the following env vars:
AIRFLOW_CTX_DAG_EMAIL=anhcuonghuynhnguyen@gmail.com
AIRFLOW_CTX_DAG_OWNER=airflow
AIRFLOW_CTX_DAG_ID=ETL_to_Database
AIRFLOW_CTX_TASK_ID=crawl_markets
AIRFLOW_CTX_EXECUTION_DATE=2024-06-12T05:59:28.866520+00:00
AIRFLOW_CTX_DAG_RUN_ID=manual__2024-06-12T05:59:28.866520+00:00
[2024-06-12 05:59:35,218] {bash.py:135} INFO - Tmp dir root location: 
 /tmp
[2024-06-12 05:59:35,218] {bash.py:158} INFO - Running command: /bin/python3 /home/anhcu/Project/Stock_project/backend/scripts/extract/crawl_markets.py
[2024-06-12 05:59:35,225] {bash.py:169} INFO - Output:
[2024-06-12 05:59:35,573] {bash.py:173} INFO - Extracted 16 regions and exchanges.
[2024-06-12 05:59:35,573] {bash.py:173} INFO - Data saved to /home/anhcu/Project/Stock_project/backend/data/raw/markets/crawl_markets_2024_06_12.json
[2024-06-12 05:59:35,601] {bash.py:177} INFO - Command exited with return code 0
[2024-06-12 05:59:35,625] {taskinstance.py:1135} INFO - Marking task as SUCCESS. dag_id=ETL_to_Database, task_id=crawl_markets, execution_date=20240612T055928, start_date=20240612T055935, end_date=20240612T055935
[2024-06-12 05:59:35,658] {taskinstance.py:1195} INFO - 1 downstream tasks scheduled from follow-on schedule check
[2024-06-12 05:59:35,674] {local_task_job.py:118} INFO - Task exited with return code 0
