[2024-06-11 05:21:12,393] {taskinstance.py:826} INFO - Dependencies all met for <TaskInstance: ETL_to_Database.transform_to_database_2 2024-06-11T05:20:58.447255+00:00 [queued]>
[2024-06-11 05:21:12,399] {taskinstance.py:826} INFO - Dependencies all met for <TaskInstance: ETL_to_Database.transform_to_database_2 2024-06-11T05:20:58.447255+00:00 [queued]>
[2024-06-11 05:21:12,399] {taskinstance.py:1017} INFO - 
--------------------------------------------------------------------------------
[2024-06-11 05:21:12,399] {taskinstance.py:1018} INFO - Starting attempt 1 of 2
[2024-06-11 05:21:12,399] {taskinstance.py:1019} INFO - 
--------------------------------------------------------------------------------
[2024-06-11 05:21:12,411] {taskinstance.py:1038} INFO - Executing <Task(BashOperator): transform_to_database_2> on 2024-06-11T05:20:58.447255+00:00
[2024-06-11 05:21:12,413] {standard_task_runner.py:51} INFO - Started process 4384 to run task
[2024-06-11 05:21:12,419] {standard_task_runner.py:75} INFO - Running: ['airflow', 'tasks', 'run', 'ETL_to_Database', 'transform_to_database_2', '2024-06-11T05:20:58.447255+00:00', '--job-id', '54', '--pool', 'default_pool', '--raw', '--subdir', 'DAGS_FOLDER/etl_to_db.py', '--cfg-path', '/tmp/tmp7bswc5ux']
[2024-06-11 05:21:12,420] {standard_task_runner.py:76} INFO - Job 54: Subtask transform_to_database_2
[2024-06-11 05:21:12,452] {logging_mixin.py:103} INFO - Running <TaskInstance: ETL_to_Database.transform_to_database_2 2024-06-11T05:20:58.447255+00:00 [running]> on host etl.us-central1-a.c.data-engineering-stock.internal
[2024-06-11 05:21:12,478] {taskinstance.py:1230} INFO - Exporting the following env vars:
AIRFLOW_CTX_DAG_EMAIL=anhcuonghuynhnguyen@gmail.com
AIRFLOW_CTX_DAG_OWNER=airflow
AIRFLOW_CTX_DAG_ID=ETL_to_Database
AIRFLOW_CTX_TASK_ID=transform_to_database_2
AIRFLOW_CTX_EXECUTION_DATE=2024-06-11T05:20:58.447255+00:00
AIRFLOW_CTX_DAG_RUN_ID=manual__2024-06-11T05:20:58.447255+00:00
[2024-06-11 05:21:12,478] {bash.py:135} INFO - Tmp dir root location: 
 /tmp
[2024-06-11 05:21:12,479] {bash.py:158} INFO - Running command: /bin/python3 /home/anhcu/Project/Stock_project/backend/scripts/transform/transform_to_database_2.py
[2024-06-11 05:21:12,485] {bash.py:169} INFO - Output:
[2024-06-11 05:21:13,464] {bash.py:173} INFO - Transforming from file: /home/anhcu/Project/Stock_project/backend/data/raw/markets/crawl_markets_2024_06_11.json
[2024-06-11 05:21:13,464] {bash.py:173} INFO - Saved dataframe to /home/anhcu/Project/Stock_project/backend/data/processed/transformed_to_database_exchanges/process_exchanges_2024_06_11.json
[2024-06-11 05:21:13,597] {bash.py:177} INFO - Command exited with return code 0
[2024-06-11 05:21:13,618] {taskinstance.py:1135} INFO - Marking task as SUCCESS. dag_id=ETL_to_Database, task_id=transform_to_database_2, execution_date=20240611T052058, start_date=20240611T052112, end_date=20240611T052113
[2024-06-11 05:21:13,648] {taskinstance.py:1195} INFO - 1 downstream tasks scheduled from follow-on schedule check
[2024-06-11 05:21:13,673] {local_task_job.py:118} INFO - Task exited with return code 0
