[2024-06-10 10:35:12,742] {taskinstance.py:826} INFO - Dependencies all met for <TaskInstance: ELT_to_Data_Warehouse.crawl_news 2024-06-10T10:35:10.401977+00:00 [queued]>
[2024-06-10 10:35:12,747] {taskinstance.py:826} INFO - Dependencies all met for <TaskInstance: ELT_to_Data_Warehouse.crawl_news 2024-06-10T10:35:10.401977+00:00 [queued]>
[2024-06-10 10:35:12,748] {taskinstance.py:1017} INFO - 
--------------------------------------------------------------------------------
[2024-06-10 10:35:12,748] {taskinstance.py:1018} INFO - Starting attempt 1 of 2
[2024-06-10 10:35:12,748] {taskinstance.py:1019} INFO - 
--------------------------------------------------------------------------------
[2024-06-10 10:35:12,760] {taskinstance.py:1038} INFO - Executing <Task(BashOperator): crawl_news> on 2024-06-10T10:35:10.401977+00:00
[2024-06-10 10:35:12,764] {standard_task_runner.py:51} INFO - Started process 78928 to run task
[2024-06-10 10:35:12,770] {standard_task_runner.py:75} INFO - Running: ['airflow', 'tasks', 'run', 'ELT_to_Data_Warehouse', 'crawl_news', '2024-06-10T10:35:10.401977+00:00', '--job-id', '42', '--pool', 'default_pool', '--raw', '--subdir', 'DAGS_FOLDER/elt_to_dw.py', '--cfg-path', '/tmp/tmpwjmbtmdq']
[2024-06-10 10:35:12,771] {standard_task_runner.py:76} INFO - Job 42: Subtask crawl_news
[2024-06-10 10:35:12,803] {logging_mixin.py:103} INFO - Running <TaskInstance: ELT_to_Data_Warehouse.crawl_news 2024-06-10T10:35:10.401977+00:00 [running]> on host etl.us-central1-a.c.data-engineering-stock.internal
[2024-06-10 10:35:12,831] {taskinstance.py:1230} INFO - Exporting the following env vars:
AIRFLOW_CTX_DAG_OWNER=airflow
AIRFLOW_CTX_DAG_ID=ELT_to_Data_Warehouse
AIRFLOW_CTX_TASK_ID=crawl_news
AIRFLOW_CTX_EXECUTION_DATE=2024-06-10T10:35:10.401977+00:00
AIRFLOW_CTX_DAG_RUN_ID=manual__2024-06-10T10:35:10.401977+00:00
[2024-06-10 10:35:12,832] {bash.py:135} INFO - Tmp dir root location: 
 /tmp
[2024-06-10 10:35:12,833] {bash.py:158} INFO - Running command: /bin/python3 /home/anhcu/Project/Stock_project/elt/scripts/extract/crawl_news.py
[2024-06-10 10:35:12,841] {bash.py:169} INFO - Output:
[2024-06-10 10:35:14,743] {bash.py:173} INFO - 20240609T0000 20240609T0929
[2024-06-10 10:35:14,743] {bash.py:173} INFO - 20240609T0930 20240609T1600
[2024-06-10 10:35:14,743] {bash.py:173} INFO - 20240609T1601 20240609T2359
[2024-06-10 10:35:14,743] {bash.py:173} INFO - The process of crawling 509 news was successful
[2024-06-10 10:35:14,743] {bash.py:173} INFO - Saving at /home/anhcu/Project/Stock_project/elt/data/raw/news/crawl_news_2024_06_09.json
[2024-06-10 10:35:14,763] {bash.py:177} INFO - Command exited with return code 0
[2024-06-10 10:35:14,783] {taskinstance.py:1135} INFO - Marking task as SUCCESS. dag_id=ELT_to_Data_Warehouse, task_id=crawl_news, execution_date=20240610T103510, start_date=20240610T103512, end_date=20240610T103514
[2024-06-10 10:35:14,805] {taskinstance.py:1195} INFO - 0 downstream tasks scheduled from follow-on schedule check
[2024-06-10 10:35:14,826] {local_task_job.py:118} INFO - Task exited with return code 0
