[2024-06-10 10:03:14,879] {taskinstance.py:826} INFO - Dependencies all met for <TaskInstance: ETL_to_Database.crawl_markets 2024-06-10T10:02:22.178372+00:00 [queued]>
[2024-06-10 10:03:14,895] {taskinstance.py:826} INFO - Dependencies all met for <TaskInstance: ETL_to_Database.crawl_markets 2024-06-10T10:02:22.178372+00:00 [queued]>
[2024-06-10 10:03:14,896] {taskinstance.py:1017} INFO - 
--------------------------------------------------------------------------------
[2024-06-10 10:03:14,896] {taskinstance.py:1018} INFO - Starting attempt 1 of 2
[2024-06-10 10:03:14,897] {taskinstance.py:1019} INFO - 
--------------------------------------------------------------------------------
[2024-06-10 10:03:14,924] {taskinstance.py:1038} INFO - Executing <Task(BashOperator): crawl_markets> on 2024-06-10T10:02:22.178372+00:00
[2024-06-10 10:03:14,927] {standard_task_runner.py:51} INFO - Started process 64634 to run task
[2024-06-10 10:03:14,953] {standard_task_runner.py:75} INFO - Running: ['airflow', 'tasks', 'run', 'ETL_to_Database', 'crawl_markets', '2024-06-10T10:02:22.178372+00:00', '--job-id', '5', '--pool', 'default_pool', '--raw', '--subdir', 'DAGS_FOLDER/etl_to_db.py', '--cfg-path', '/tmp/tmp9stqijw3']
[2024-06-10 10:03:14,958] {standard_task_runner.py:76} INFO - Job 5: Subtask crawl_markets
[2024-06-10 10:03:15,190] {logging_mixin.py:103} INFO - Running <TaskInstance: ETL_to_Database.crawl_markets 2024-06-10T10:02:22.178372+00:00 [running]> on host etl.us-central1-a.c.data-engineering-stock.internal
[2024-06-10 10:03:15,395] {taskinstance.py:1230} INFO - Exporting the following env vars:
AIRFLOW_CTX_DAG_EMAIL=anhcuonghuynhnguyen@gmail.com
AIRFLOW_CTX_DAG_OWNER=airflow
AIRFLOW_CTX_DAG_ID=ETL_to_Database
AIRFLOW_CTX_TASK_ID=crawl_markets
AIRFLOW_CTX_EXECUTION_DATE=2024-06-10T10:02:22.178372+00:00
AIRFLOW_CTX_DAG_RUN_ID=manual__2024-06-10T10:02:22.178372+00:00
[2024-06-10 10:03:15,396] {bash.py:135} INFO - Tmp dir root location: 
 /tmp
[2024-06-10 10:03:15,398] {bash.py:158} INFO - Running command: /bin/python3 /home/anhcu/Project/Stock_project/backend/scripts/extract/crawl_markets.py
[2024-06-10 10:03:15,429] {bash.py:169} INFO - Output:
[2024-06-10 10:03:17,179] {bash.py:173} INFO - The process of extracting 16 regions and exchanges has been completed
[2024-06-10 10:03:17,179] {bash.py:173} INFO - Saving at /home/anhcu/Project/Stock_project/backend/data/raw/markets/crawl_markets_2024_06_10.json
[2024-06-10 10:03:17,234] {bash.py:177} INFO - Command exited with return code 0
[2024-06-10 10:03:17,469] {taskinstance.py:1135} INFO - Marking task as SUCCESS. dag_id=ETL_to_Database, task_id=crawl_markets, execution_date=20240610T100222, start_date=20240610T100314, end_date=20240610T100317
[2024-06-10 10:03:17,652] {taskinstance.py:1195} INFO - 1 downstream tasks scheduled from follow-on schedule check
[2024-06-10 10:03:17,696] {local_task_job.py:118} INFO - Task exited with return code 0
