[2024-06-11 06:35:56,828] {taskinstance.py:826} INFO - Dependencies all met for <TaskInstance: ELT_to_Data_Warehouse.load_parquet_to_hdfs 2024-06-11T06:35:31.272544+00:00 [queued]>
[2024-06-11 06:35:56,835] {taskinstance.py:826} INFO - Dependencies all met for <TaskInstance: ELT_to_Data_Warehouse.load_parquet_to_hdfs 2024-06-11T06:35:31.272544+00:00 [queued]>
[2024-06-11 06:35:56,835] {taskinstance.py:1017} INFO - 
--------------------------------------------------------------------------------
[2024-06-11 06:35:56,835] {taskinstance.py:1018} INFO - Starting attempt 1 of 2
[2024-06-11 06:35:56,835] {taskinstance.py:1019} INFO - 
--------------------------------------------------------------------------------
[2024-06-11 06:35:56,847] {taskinstance.py:1038} INFO - Executing <Task(PythonOperator): load_parquet_to_hdfs> on 2024-06-11T06:35:31.272544+00:00
[2024-06-11 06:35:56,851] {standard_task_runner.py:51} INFO - Started process 41738 to run task
[2024-06-11 06:35:56,857] {standard_task_runner.py:75} INFO - Running: ['airflow', 'tasks', 'run', 'ELT_to_Data_Warehouse', 'load_parquet_to_hdfs', '2024-06-11T06:35:31.272544+00:00', '--job-id', '97', '--pool', 'default_pool', '--raw', '--subdir', 'DAGS_FOLDER/elt_to_dw.py', '--cfg-path', '/tmp/tmp2e0xu4im']
[2024-06-11 06:35:56,858] {standard_task_runner.py:76} INFO - Job 97: Subtask load_parquet_to_hdfs
[2024-06-11 06:35:56,895] {logging_mixin.py:103} INFO - Running <TaskInstance: ELT_to_Data_Warehouse.load_parquet_to_hdfs 2024-06-11T06:35:31.272544+00:00 [running]> on host etl.us-central1-a.c.data-engineering-stock.internal
[2024-06-11 06:35:56,927] {taskinstance.py:1230} INFO - Exporting the following env vars:
AIRFLOW_CTX_DAG_OWNER=airflow
AIRFLOW_CTX_DAG_ID=ELT_to_Data_Warehouse
AIRFLOW_CTX_TASK_ID=load_parquet_to_hdfs
AIRFLOW_CTX_EXECUTION_DATE=2024-06-11T06:35:31.272544+00:00
AIRFLOW_CTX_DAG_RUN_ID=manual__2024-06-11T06:35:31.272544+00:00
[2024-06-11 06:36:07,271] {logging_mixin.py:103} INFO - /user/anhcu/datalake/news/crawl_news_2024_06_10.parquet
/user/anhcu/datalake/ohlcs/crawl_ohlcs_2024_06_10.parquet
/user/anhcu/datalake/companies/load_db_to_dl_2024_06_11.parquet
[2024-06-11 06:36:07,272] {logging_mixin.py:103} INFO - 
[2024-06-11 06:36:07,272] {python.py:118} INFO - Done. Returned value was: /user/anhcu/datalake/news/crawl_news_2024_06_10.parquet
/user/anhcu/datalake/ohlcs/crawl_ohlcs_2024_06_10.parquet
/user/anhcu/datalake/companies/load_db_to_dl_2024_06_11.parquet


[2024-06-11 06:36:07,294] {taskinstance.py:1135} INFO - Marking task as SUCCESS. dag_id=ELT_to_Data_Warehouse, task_id=load_parquet_to_hdfs, execution_date=20240611T063531, start_date=20240611T063556, end_date=20240611T063607
[2024-06-11 06:36:07,323] {taskinstance.py:1195} INFO - 1 downstream tasks scheduled from follow-on schedule check
[2024-06-11 06:36:07,332] {local_task_job.py:118} INFO - Task exited with return code 0
