[2024-06-10 10:23:23,105] {taskinstance.py:826} INFO - Dependencies all met for <TaskInstance: ELT_to_Data_Warehouse.crawl_ohlcs 2024-06-10T10:23:18.713794+00:00 [queued]>
[2024-06-10 10:23:23,110] {taskinstance.py:826} INFO - Dependencies all met for <TaskInstance: ELT_to_Data_Warehouse.crawl_ohlcs 2024-06-10T10:23:18.713794+00:00 [queued]>
[2024-06-10 10:23:23,111] {taskinstance.py:1017} INFO - 
--------------------------------------------------------------------------------
[2024-06-10 10:23:23,111] {taskinstance.py:1018} INFO - Starting attempt 1 of 3
[2024-06-10 10:23:23,111] {taskinstance.py:1019} INFO - 
--------------------------------------------------------------------------------
[2024-06-10 10:23:23,123] {taskinstance.py:1038} INFO - Executing <Task(BashOperator): crawl_ohlcs> on 2024-06-10T10:23:18.713794+00:00
[2024-06-10 10:23:23,127] {standard_task_runner.py:51} INFO - Started process 73757 to run task
[2024-06-10 10:23:23,133] {standard_task_runner.py:75} INFO - Running: ['airflow', 'tasks', 'run', 'ELT_to_Data_Warehouse', 'crawl_ohlcs', '2024-06-10T10:23:18.713794+00:00', '--job-id', '35', '--pool', 'default_pool', '--raw', '--subdir', 'DAGS_FOLDER/elt_to_dw.py', '--cfg-path', '/tmp/tmp_jl0tbho']
[2024-06-10 10:23:23,133] {standard_task_runner.py:76} INFO - Job 35: Subtask crawl_ohlcs
[2024-06-10 10:23:23,167] {logging_mixin.py:103} INFO - Running <TaskInstance: ELT_to_Data_Warehouse.crawl_ohlcs 2024-06-10T10:23:18.713794+00:00 [running]> on host etl.us-central1-a.c.data-engineering-stock.internal
[2024-06-10 10:23:23,195] {taskinstance.py:1230} INFO - Exporting the following env vars:
AIRFLOW_CTX_DAG_OWNER=airflow
AIRFLOW_CTX_DAG_ID=ELT_to_Data_Warehouse
AIRFLOW_CTX_TASK_ID=crawl_ohlcs
AIRFLOW_CTX_EXECUTION_DATE=2024-06-10T10:23:18.713794+00:00
AIRFLOW_CTX_DAG_RUN_ID=manual__2024-06-10T10:23:18.713794+00:00
[2024-06-10 10:23:23,195] {bash.py:135} INFO - Tmp dir root location: 
 /tmp
[2024-06-10 10:23:23,196] {bash.py:158} INFO - Running command: /bin/python3 /home/anhcu/Project/Stock_project/elt/scripts/extract/crawl_ohlcs.py
[2024-06-10 10:23:23,204] {bash.py:169} INFO - Output:
[2024-06-10 10:23:23,729] {bash.py:173} INFO - The process of crawling 0 OHLCs was successful
[2024-06-10 10:23:23,729] {bash.py:173} INFO - Saving at /home/anhcu/Project/Stock_project/elt/data/raw/ohlcs/crawl_ohlcs_2024_06_09.json
[2024-06-10 10:23:23,749] {bash.py:177} INFO - Command exited with return code 0
[2024-06-10 10:23:23,769] {taskinstance.py:1135} INFO - Marking task as SUCCESS. dag_id=ELT_to_Data_Warehouse, task_id=crawl_ohlcs, execution_date=20240610T102318, start_date=20240610T102323, end_date=20240610T102323
[2024-06-10 10:23:23,797] {taskinstance.py:1195} INFO - 2 downstream tasks scheduled from follow-on schedule check
[2024-06-10 10:23:23,826] {local_task_job.py:118} INFO - Task exited with return code 0
