[2024-06-11 08:03:02,469] {taskinstance.py:826} INFO - Dependencies all met for <TaskInstance: ETL_to_Database.transform_to_database_1 2024-06-11T08:02:54.813154+00:00 [queued]>
[2024-06-11 08:03:02,477] {taskinstance.py:826} INFO - Dependencies all met for <TaskInstance: ETL_to_Database.transform_to_database_1 2024-06-11T08:02:54.813154+00:00 [queued]>
[2024-06-11 08:03:02,477] {taskinstance.py:1017} INFO - 
--------------------------------------------------------------------------------
[2024-06-11 08:03:02,478] {taskinstance.py:1018} INFO - Starting attempt 1 of 2
[2024-06-11 08:03:02,478] {taskinstance.py:1019} INFO - 
--------------------------------------------------------------------------------
[2024-06-11 08:03:02,491] {taskinstance.py:1038} INFO - Executing <Task(BashOperator): transform_to_database_1> on 2024-06-11T08:02:54.813154+00:00
[2024-06-11 08:03:02,494] {standard_task_runner.py:51} INFO - Started process 12111 to run task
[2024-06-11 08:03:02,500] {standard_task_runner.py:75} INFO - Running: ['airflow', 'tasks', 'run', 'ETL_to_Database', 'transform_to_database_1', '2024-06-11T08:02:54.813154+00:00', '--job-id', '118', '--pool', 'default_pool', '--raw', '--subdir', 'DAGS_FOLDER/etl_to_db.py', '--cfg-path', '/tmp/tmpgs9c_atq']
[2024-06-11 08:03:02,501] {standard_task_runner.py:76} INFO - Job 118: Subtask transform_to_database_1
[2024-06-11 08:03:02,540] {logging_mixin.py:103} INFO - Running <TaskInstance: ETL_to_Database.transform_to_database_1 2024-06-11T08:02:54.813154+00:00 [running]> on host etl.us-central1-a.c.data-engineering-stock.internal
[2024-06-11 08:03:02,572] {taskinstance.py:1230} INFO - Exporting the following env vars:
AIRFLOW_CTX_DAG_EMAIL=anhcuonghuynhnguyen@gmail.com
AIRFLOW_CTX_DAG_OWNER=airflow
AIRFLOW_CTX_DAG_ID=ETL_to_Database
AIRFLOW_CTX_TASK_ID=transform_to_database_1
AIRFLOW_CTX_EXECUTION_DATE=2024-06-11T08:02:54.813154+00:00
AIRFLOW_CTX_DAG_RUN_ID=manual__2024-06-11T08:02:54.813154+00:00
[2024-06-11 08:03:02,573] {bash.py:135} INFO - Tmp dir root location: 
 /tmp
[2024-06-11 08:03:02,574] {bash.py:158} INFO - Running command: /bin/python3 /home/anhcu/Project/Stock_project/backend/scripts/transform/transform_to_database_1.py
[2024-06-11 08:03:02,580] {bash.py:169} INFO - Output:
[2024-06-11 08:03:05,830] {bash.py:173} INFO - Transforming from file: /home/anhcu/Project/Stock_project/backend/data/raw/companies/crawl_companies_2024_06_11.json
[2024-06-11 08:03:05,830] {bash.py:173} INFO - Transforming from file: /home/anhcu/Project/Stock_project/backend/data/raw/markets/crawl_markets_2024_06_11.json
[2024-06-11 08:03:05,830] {bash.py:173} INFO - Saved dataframe to /home/anhcu/Project/Stock_project/backend/data/processed/transformed_to_database_regions/process_regions_2024_06_11.json
[2024-06-11 08:03:05,830] {bash.py:173} INFO - Saved dataframe to /home/anhcu/Project/Stock_project/backend/data/processed/transformed_to_database_industries/process_industries_2024_06_11.json
[2024-06-11 08:03:05,830] {bash.py:173} INFO - Saved dataframe to /home/anhcu/Project/Stock_project/backend/data/processed/transformed_to_database_sicindustries/process_sicindustries_2024_06_11.json
[2024-06-11 08:03:06,006] {bash.py:177} INFO - Command exited with return code 0
[2024-06-11 08:03:06,031] {taskinstance.py:1135} INFO - Marking task as SUCCESS. dag_id=ETL_to_Database, task_id=transform_to_database_1, execution_date=20240611T080254, start_date=20240611T080302, end_date=20240611T080306
[2024-06-11 08:03:06,061] {taskinstance.py:1195} INFO - 1 downstream tasks scheduled from follow-on schedule check
[2024-06-11 08:03:06,085] {local_task_job.py:118} INFO - Task exited with return code 0
