[2024-06-11 08:04:41,762] {taskinstance.py:826} INFO - Dependencies all met for <TaskInstance: ELT_to_Data_Warehouse.load_parquet_to_hdfs 2024-06-11T08:04:24.206184+00:00 [queued]>
[2024-06-11 08:04:41,770] {taskinstance.py:826} INFO - Dependencies all met for <TaskInstance: ELT_to_Data_Warehouse.load_parquet_to_hdfs 2024-06-11T08:04:24.206184+00:00 [queued]>
[2024-06-11 08:04:41,770] {taskinstance.py:1017} INFO - 
--------------------------------------------------------------------------------
[2024-06-11 08:04:41,770] {taskinstance.py:1018} INFO - Starting attempt 1 of 2
[2024-06-11 08:04:41,770] {taskinstance.py:1019} INFO - 
--------------------------------------------------------------------------------
[2024-06-11 08:04:41,784] {taskinstance.py:1038} INFO - Executing <Task(PythonOperator): load_parquet_to_hdfs> on 2024-06-11T08:04:24.206184+00:00
[2024-06-11 08:04:41,787] {standard_task_runner.py:51} INFO - Started process 13184 to run task
[2024-06-11 08:04:41,794] {standard_task_runner.py:75} INFO - Running: ['airflow', 'tasks', 'run', 'ELT_to_Data_Warehouse', 'load_parquet_to_hdfs', '2024-06-11T08:04:24.206184+00:00', '--job-id', '128', '--pool', 'default_pool', '--raw', '--subdir', 'DAGS_FOLDER/elt_to_dw.py', '--cfg-path', '/tmp/tmp_fbwrhx6']
[2024-06-11 08:04:41,795] {standard_task_runner.py:76} INFO - Job 128: Subtask load_parquet_to_hdfs
[2024-06-11 08:04:41,833] {logging_mixin.py:103} INFO - Running <TaskInstance: ELT_to_Data_Warehouse.load_parquet_to_hdfs 2024-06-11T08:04:24.206184+00:00 [running]> on host etl.us-central1-a.c.data-engineering-stock.internal
[2024-06-11 08:04:41,864] {taskinstance.py:1230} INFO - Exporting the following env vars:
AIRFLOW_CTX_DAG_OWNER=airflow
AIRFLOW_CTX_DAG_ID=ELT_to_Data_Warehouse
AIRFLOW_CTX_TASK_ID=load_parquet_to_hdfs
AIRFLOW_CTX_EXECUTION_DATE=2024-06-11T08:04:24.206184+00:00
AIRFLOW_CTX_DAG_RUN_ID=manual__2024-06-11T08:04:24.206184+00:00
[2024-06-11 08:04:55,416] {logging_mixin.py:103} INFO - /user/anhcu/datalake/news/crawl_news_2024_06_10.parquet
/user/anhcu/datalake/ohlcs/crawl_ohlcs_2024_06_10.parquet
/user/anhcu/datalake/companies/load_db_to_dl_2024_06_11.parquet
[2024-06-11 08:04:55,416] {logging_mixin.py:103} INFO - 
[2024-06-11 08:04:55,416] {python.py:118} INFO - Done. Returned value was: /user/anhcu/datalake/news/crawl_news_2024_06_10.parquet
/user/anhcu/datalake/ohlcs/crawl_ohlcs_2024_06_10.parquet
/user/anhcu/datalake/companies/load_db_to_dl_2024_06_11.parquet


[2024-06-11 08:04:55,454] {taskinstance.py:1135} INFO - Marking task as SUCCESS. dag_id=ELT_to_Data_Warehouse, task_id=load_parquet_to_hdfs, execution_date=20240611T080424, start_date=20240611T080441, end_date=20240611T080455
[2024-06-11 08:04:55,503] {taskinstance.py:1195} INFO - 1 downstream tasks scheduled from follow-on schedule check
[2024-06-11 08:04:55,547] {local_task_job.py:118} INFO - Task exited with return code 0
