[2024-06-12 05:59:42,775] {taskinstance.py:826} INFO - Dependencies all met for <TaskInstance: ETL_to_Database.load_json_to_db_1 2024-06-12T05:59:28.866520+00:00 [queued]>
[2024-06-12 05:59:42,782] {taskinstance.py:826} INFO - Dependencies all met for <TaskInstance: ETL_to_Database.load_json_to_db_1 2024-06-12T05:59:28.866520+00:00 [queued]>
[2024-06-12 05:59:42,783] {taskinstance.py:1017} INFO - 
--------------------------------------------------------------------------------
[2024-06-12 05:59:42,783] {taskinstance.py:1018} INFO - Starting attempt 1 of 2
[2024-06-12 05:59:42,783] {taskinstance.py:1019} INFO - 
--------------------------------------------------------------------------------
[2024-06-12 05:59:42,798] {taskinstance.py:1038} INFO - Executing <Task(BashOperator): load_json_to_db_1> on 2024-06-12T05:59:28.866520+00:00
[2024-06-12 05:59:42,800] {standard_task_runner.py:51} INFO - Started process 21729 to run task
[2024-06-12 05:59:42,806] {standard_task_runner.py:75} INFO - Running: ['airflow', 'tasks', 'run', 'ETL_to_Database', 'load_json_to_db_1', '2024-06-12T05:59:28.866520+00:00', '--job-id', '140', '--pool', 'default_pool', '--raw', '--subdir', 'DAGS_FOLDER/etl_to_db.py', '--cfg-path', '/tmp/tmphuuk8f0a']
[2024-06-12 05:59:42,807] {standard_task_runner.py:76} INFO - Job 140: Subtask load_json_to_db_1
[2024-06-12 05:59:42,847] {logging_mixin.py:103} INFO - Running <TaskInstance: ETL_to_Database.load_json_to_db_1 2024-06-12T05:59:28.866520+00:00 [running]> on host etl.us-central1-a.c.data-engineering-stock.internal
[2024-06-12 05:59:42,882] {taskinstance.py:1230} INFO - Exporting the following env vars:
AIRFLOW_CTX_DAG_EMAIL=anhcuonghuynhnguyen@gmail.com
AIRFLOW_CTX_DAG_OWNER=airflow
AIRFLOW_CTX_DAG_ID=ETL_to_Database
AIRFLOW_CTX_TASK_ID=load_json_to_db_1
AIRFLOW_CTX_EXECUTION_DATE=2024-06-12T05:59:28.866520+00:00
AIRFLOW_CTX_DAG_RUN_ID=manual__2024-06-12T05:59:28.866520+00:00
[2024-06-12 05:59:42,883] {bash.py:135} INFO - Tmp dir root location: 
 /tmp
[2024-06-12 05:59:42,883] {bash.py:158} INFO - Running command: /bin/python3 /home/anhcu/Project/Stock_project/backend/scripts/load/load_json_to_db_1.py
[2024-06-12 05:59:42,890] {bash.py:169} INFO - Output:
[2024-06-12 05:59:43,379] {bash.py:173} INFO - Inserted data into regions
[2024-06-12 05:59:43,379] {bash.py:173} INFO - Inserted data into industries
[2024-06-12 05:59:43,379] {bash.py:173} INFO - Inserted data into sicindustries
[2024-06-12 05:59:43,391] {bash.py:177} INFO - Command exited with return code 0
[2024-06-12 05:59:43,421] {taskinstance.py:1135} INFO - Marking task as SUCCESS. dag_id=ETL_to_Database, task_id=load_json_to_db_1, execution_date=20240612T055928, start_date=20240612T055942, end_date=20240612T055943
[2024-06-12 05:59:43,459] {taskinstance.py:1195} INFO - 1 downstream tasks scheduled from follow-on schedule check
[2024-06-12 05:59:43,499] {local_task_job.py:118} INFO - Task exited with return code 0
