[2024-06-11 06:35:40,401] {taskinstance.py:826} INFO - Dependencies all met for <TaskInstance: ELT_to_Data_Warehouse.crawl_ohlcs 2024-06-11T06:35:31.272544+00:00 [queued]>
[2024-06-11 06:35:40,407] {taskinstance.py:826} INFO - Dependencies all met for <TaskInstance: ELT_to_Data_Warehouse.crawl_ohlcs 2024-06-11T06:35:31.272544+00:00 [queued]>
[2024-06-11 06:35:40,407] {taskinstance.py:1017} INFO - 
--------------------------------------------------------------------------------
[2024-06-11 06:35:40,407] {taskinstance.py:1018} INFO - Starting attempt 1 of 2
[2024-06-11 06:35:40,407] {taskinstance.py:1019} INFO - 
--------------------------------------------------------------------------------
[2024-06-11 06:35:40,424] {taskinstance.py:1038} INFO - Executing <Task(BashOperator): crawl_ohlcs> on 2024-06-11T06:35:31.272544+00:00
[2024-06-11 06:35:40,428] {standard_task_runner.py:51} INFO - Started process 41434 to run task
[2024-06-11 06:35:40,439] {standard_task_runner.py:75} INFO - Running: ['airflow', 'tasks', 'run', 'ELT_to_Data_Warehouse', 'crawl_ohlcs', '2024-06-11T06:35:31.272544+00:00', '--job-id', '94', '--pool', 'default_pool', '--raw', '--subdir', 'DAGS_FOLDER/elt_to_dw.py', '--cfg-path', '/tmp/tmpogzzcg1e']
[2024-06-11 06:35:40,440] {standard_task_runner.py:76} INFO - Job 94: Subtask crawl_ohlcs
[2024-06-11 06:35:40,489] {logging_mixin.py:103} INFO - Running <TaskInstance: ELT_to_Data_Warehouse.crawl_ohlcs 2024-06-11T06:35:31.272544+00:00 [running]> on host etl.us-central1-a.c.data-engineering-stock.internal
[2024-06-11 06:35:40,527] {taskinstance.py:1230} INFO - Exporting the following env vars:
AIRFLOW_CTX_DAG_OWNER=airflow
AIRFLOW_CTX_DAG_ID=ELT_to_Data_Warehouse
AIRFLOW_CTX_TASK_ID=crawl_ohlcs
AIRFLOW_CTX_EXECUTION_DATE=2024-06-11T06:35:31.272544+00:00
AIRFLOW_CTX_DAG_RUN_ID=manual__2024-06-11T06:35:31.272544+00:00
[2024-06-11 06:35:40,528] {bash.py:135} INFO - Tmp dir root location: 
 /tmp
[2024-06-11 06:35:40,529] {bash.py:158} INFO - Running command: /bin/python3 /home/anhcu/Project/Stock_project/elt/scripts/extract/crawl_ohlcs.py
[2024-06-11 06:35:40,543] {bash.py:169} INFO - Output:
[2024-06-11 06:35:41,664] {bash.py:173} INFO - The process of crawling 14571 OHLCs was successful
[2024-06-11 06:35:41,665] {bash.py:173} INFO - Saving at /home/anhcu/Project/Stock_project/elt/data/raw/ohlcs/crawl_ohlcs_2024_06_10.json
[2024-06-11 06:35:41,704] {bash.py:177} INFO - Command exited with return code 0
[2024-06-11 06:35:41,732] {taskinstance.py:1135} INFO - Marking task as SUCCESS. dag_id=ELT_to_Data_Warehouse, task_id=crawl_ohlcs, execution_date=20240611T063531, start_date=20240611T063540, end_date=20240611T063541
[2024-06-11 06:35:41,772] {taskinstance.py:1195} INFO - 2 downstream tasks scheduled from follow-on schedule check
[2024-06-11 06:35:41,816] {local_task_job.py:118} INFO - Task exited with return code 0
