[2024-06-11 08:15:53,202] {taskinstance.py:826} INFO - Dependencies all met for <TaskInstance: ELT_to_Data_Warehouse.crawl_news 2024-06-11T08:15:49.953823+00:00 [queued]>
[2024-06-11 08:15:53,208] {taskinstance.py:826} INFO - Dependencies all met for <TaskInstance: ELT_to_Data_Warehouse.crawl_news 2024-06-11T08:15:49.953823+00:00 [queued]>
[2024-06-11 08:15:53,208] {taskinstance.py:1017} INFO - 
--------------------------------------------------------------------------------
[2024-06-11 08:15:53,208] {taskinstance.py:1018} INFO - Starting attempt 1 of 2
[2024-06-11 08:15:53,208] {taskinstance.py:1019} INFO - 
--------------------------------------------------------------------------------
[2024-06-11 08:15:53,222] {taskinstance.py:1038} INFO - Executing <Task(BashOperator): crawl_news> on 2024-06-11T08:15:49.953823+00:00
[2024-06-11 08:15:53,226] {standard_task_runner.py:51} INFO - Started process 21579 to run task
[2024-06-11 08:15:53,232] {standard_task_runner.py:75} INFO - Running: ['airflow', 'tasks', 'run', 'ELT_to_Data_Warehouse', 'crawl_news', '2024-06-11T08:15:49.953823+00:00', '--job-id', '130', '--pool', 'default_pool', '--raw', '--subdir', 'DAGS_FOLDER/elt_to_dw.py', '--cfg-path', '/tmp/tmpjaedejec']
[2024-06-11 08:15:53,233] {standard_task_runner.py:76} INFO - Job 130: Subtask crawl_news
[2024-06-11 08:15:53,270] {logging_mixin.py:103} INFO - Running <TaskInstance: ELT_to_Data_Warehouse.crawl_news 2024-06-11T08:15:49.953823+00:00 [running]> on host etl.us-central1-a.c.data-engineering-stock.internal
[2024-06-11 08:15:53,306] {taskinstance.py:1230} INFO - Exporting the following env vars:
AIRFLOW_CTX_DAG_OWNER=airflow
AIRFLOW_CTX_DAG_ID=ELT_to_Data_Warehouse
AIRFLOW_CTX_TASK_ID=crawl_news
AIRFLOW_CTX_EXECUTION_DATE=2024-06-11T08:15:49.953823+00:00
AIRFLOW_CTX_DAG_RUN_ID=manual__2024-06-11T08:15:49.953823+00:00
[2024-06-11 08:15:53,307] {bash.py:135} INFO - Tmp dir root location: 
 /tmp
[2024-06-11 08:15:53,308] {bash.py:158} INFO - Running command: /bin/python3 /home/anhcu/Project/Stock_project/elt/scripts/extract/crawl_news.py
[2024-06-11 08:15:53,316] {bash.py:169} INFO - Output:
[2024-06-11 08:15:55,039] {bash.py:173} INFO - 20240610T0000 20240610T0929
[2024-06-11 08:15:55,039] {bash.py:173} INFO - 20240610T0930 20240610T1600
[2024-06-11 08:15:55,039] {bash.py:173} INFO - 20240610T1601 20240610T2359
[2024-06-11 08:15:55,039] {bash.py:173} INFO - The process of crawling 2026 news was successful
[2024-06-11 08:15:55,039] {bash.py:173} INFO - Saving at /home/anhcu/Project/Stock_project/elt/data/raw/news/crawl_news_2024_06_10.json
[2024-06-11 08:15:55,068] {bash.py:177} INFO - Command exited with return code 0
[2024-06-11 08:15:55,091] {taskinstance.py:1135} INFO - Marking task as SUCCESS. dag_id=ELT_to_Data_Warehouse, task_id=crawl_news, execution_date=20240611T081549, start_date=20240611T081553, end_date=20240611T081555
[2024-06-11 08:15:55,115] {taskinstance.py:1195} INFO - 0 downstream tasks scheduled from follow-on schedule check
[2024-06-11 08:15:55,130] {local_task_job.py:118} INFO - Task exited with return code 0
