[2024-06-12 05:59:55,833] {taskinstance.py:826} INFO - Dependencies all met for <TaskInstance: ETL_to_Database.load_json_to_db_3 2024-06-12T05:59:28.866520+00:00 [queued]>
[2024-06-12 05:59:55,840] {taskinstance.py:826} INFO - Dependencies all met for <TaskInstance: ETL_to_Database.load_json_to_db_3 2024-06-12T05:59:28.866520+00:00 [queued]>
[2024-06-12 05:59:55,840] {taskinstance.py:1017} INFO - 
--------------------------------------------------------------------------------
[2024-06-12 05:59:55,840] {taskinstance.py:1018} INFO - Starting attempt 1 of 2
[2024-06-12 05:59:55,840] {taskinstance.py:1019} INFO - 
--------------------------------------------------------------------------------
[2024-06-12 05:59:55,855] {taskinstance.py:1038} INFO - Executing <Task(BashOperator): load_json_to_db_3> on 2024-06-12T05:59:28.866520+00:00
[2024-06-12 05:59:55,858] {standard_task_runner.py:51} INFO - Started process 21889 to run task
[2024-06-12 05:59:55,868] {standard_task_runner.py:75} INFO - Running: ['airflow', 'tasks', 'run', 'ETL_to_Database', 'load_json_to_db_3', '2024-06-12T05:59:28.866520+00:00', '--job-id', '144', '--pool', 'default_pool', '--raw', '--subdir', 'DAGS_FOLDER/etl_to_db.py', '--cfg-path', '/tmp/tmpcxgi85k0']
[2024-06-12 05:59:55,868] {standard_task_runner.py:76} INFO - Job 144: Subtask load_json_to_db_3
[2024-06-12 05:59:55,918] {logging_mixin.py:103} INFO - Running <TaskInstance: ETL_to_Database.load_json_to_db_3 2024-06-12T05:59:28.866520+00:00 [running]> on host etl.us-central1-a.c.data-engineering-stock.internal
[2024-06-12 05:59:55,964] {taskinstance.py:1230} INFO - Exporting the following env vars:
AIRFLOW_CTX_DAG_EMAIL=anhcuonghuynhnguyen@gmail.com
AIRFLOW_CTX_DAG_OWNER=airflow
AIRFLOW_CTX_DAG_ID=ETL_to_Database
AIRFLOW_CTX_TASK_ID=load_json_to_db_3
AIRFLOW_CTX_EXECUTION_DATE=2024-06-12T05:59:28.866520+00:00
AIRFLOW_CTX_DAG_RUN_ID=manual__2024-06-12T05:59:28.866520+00:00
[2024-06-12 05:59:55,964] {bash.py:135} INFO - Tmp dir root location: 
 /tmp
[2024-06-12 05:59:55,965] {bash.py:158} INFO - Running command: /bin/python3 /home/anhcu/Project/Stock_project/backend/scripts/load/load_json_to_db_3.py
[2024-06-12 05:59:55,975] {bash.py:169} INFO - Output:
[2024-06-12 06:00:02,281] {bash.py:173} INFO - Inserted data into companies
[2024-06-12 06:00:02,289] {bash.py:177} INFO - Command exited with return code 0
[2024-06-12 06:00:02,311] {taskinstance.py:1135} INFO - Marking task as SUCCESS. dag_id=ETL_to_Database, task_id=load_json_to_db_3, execution_date=20240612T055928, start_date=20240612T055955, end_date=20240612T060002
[2024-06-12 06:00:02,330] {taskinstance.py:1195} INFO - 0 downstream tasks scheduled from follow-on schedule check
[2024-06-12 06:00:02,341] {local_task_job.py:118} INFO - Task exited with return code 0
