[2024-06-10 09:58:47,451] {scheduler_job.py:181} INFO - Started process (PID=62847) to work on /home/anhcu/Project/Stock_project/airflow/dags/etl_to_db.py
[2024-06-10 09:58:47,463] {scheduler_job.py:629} INFO - Processing file /home/anhcu/Project/Stock_project/airflow/dags/etl_to_db.py for tasks to queue
[2024-06-10 09:58:47,464] {logging_mixin.py:103} INFO - [2024-06-10 09:58:47,464] {dagbag.py:440} INFO - Filling up the DagBag from /home/anhcu/Project/Stock_project/airflow/dags/etl_to_db.py
[2024-06-10 09:58:47,668] {scheduler_job.py:639} INFO - DAG(s) dict_keys(['ETL_to_Database']) retrieved from /home/anhcu/Project/Stock_project/airflow/dags/etl_to_db.py
[2024-06-10 09:58:47,670] {logging_mixin.py:103} INFO - [2024-06-10 09:58:47,669] {dag.py:1813} INFO - Sync 1 DAGs
[2024-06-10 09:58:47,868] {logging_mixin.py:103} INFO - [2024-06-10 09:58:47,868] {dag.py:1832} INFO - Creating ORM DAG for ETL_to_Database
[2024-06-10 09:58:47,924] {logging_mixin.py:103} INFO - [2024-06-10 09:58:47,924] {dag.py:2266} INFO - Setting next_dagrun for ETL_to_Database to 2024-06-09 00:01:00+00:00
[2024-06-10 09:58:48,869] {scheduler_job.py:189} INFO - Processing /home/anhcu/Project/Stock_project/airflow/dags/etl_to_db.py took 1.426 seconds
[2024-06-10 09:59:43,161] {scheduler_job.py:181} INFO - Started process (PID=63142) to work on /home/anhcu/Project/Stock_project/airflow/dags/etl_to_db.py
[2024-06-10 09:59:43,171] {scheduler_job.py:629} INFO - Processing file /home/anhcu/Project/Stock_project/airflow/dags/etl_to_db.py for tasks to queue
[2024-06-10 09:59:43,172] {logging_mixin.py:103} INFO - [2024-06-10 09:59:43,172] {dagbag.py:440} INFO - Filling up the DagBag from /home/anhcu/Project/Stock_project/airflow/dags/etl_to_db.py
[2024-06-10 09:59:43,200] {scheduler_job.py:639} INFO - DAG(s) dict_keys(['ETL_to_Database']) retrieved from /home/anhcu/Project/Stock_project/airflow/dags/etl_to_db.py
[2024-06-10 09:59:43,211] {logging_mixin.py:103} INFO - [2024-06-10 09:59:43,211] {dag.py:1813} INFO - Sync 1 DAGs
[2024-06-10 09:59:43,404] {logging_mixin.py:103} INFO - [2024-06-10 09:59:43,404] {dag.py:2266} INFO - Setting next_dagrun for ETL_to_Database to 2024-06-09 00:01:00+00:00
[2024-06-10 09:59:43,452] {scheduler_job.py:189} INFO - Processing /home/anhcu/Project/Stock_project/airflow/dags/etl_to_db.py took 0.295 seconds
[2024-06-10 10:00:31,180] {scheduler_job.py:181} INFO - Started process (PID=63451) to work on /home/anhcu/Project/Stock_project/airflow/dags/etl_to_db.py
[2024-06-10 10:00:31,183] {scheduler_job.py:629} INFO - Processing file /home/anhcu/Project/Stock_project/airflow/dags/etl_to_db.py for tasks to queue
[2024-06-10 10:00:31,184] {logging_mixin.py:103} INFO - [2024-06-10 10:00:31,184] {dagbag.py:440} INFO - Filling up the DagBag from /home/anhcu/Project/Stock_project/airflow/dags/etl_to_db.py
[2024-06-10 10:00:31,216] {scheduler_job.py:639} INFO - DAG(s) dict_keys(['ETL_to_Database']) retrieved from /home/anhcu/Project/Stock_project/airflow/dags/etl_to_db.py
[2024-06-10 10:00:31,217] {logging_mixin.py:103} INFO - [2024-06-10 10:00:31,217] {dag.py:1813} INFO - Sync 1 DAGs
[2024-06-10 10:00:31,423] {logging_mixin.py:103} INFO - [2024-06-10 10:00:31,422] {dag.py:2266} INFO - Setting next_dagrun for ETL_to_Database to 2024-06-09 00:01:00+00:00
[2024-06-10 10:00:31,464] {scheduler_job.py:189} INFO - Processing /home/anhcu/Project/Stock_project/airflow/dags/etl_to_db.py took 0.289 seconds
[2024-06-10 10:01:16,486] {scheduler_job.py:181} INFO - Started process (PID=63755) to work on /home/anhcu/Project/Stock_project/airflow/dags/etl_to_db.py
[2024-06-10 10:01:16,616] {scheduler_job.py:629} INFO - Processing file /home/anhcu/Project/Stock_project/airflow/dags/etl_to_db.py for tasks to queue
[2024-06-10 10:01:16,617] {logging_mixin.py:103} INFO - [2024-06-10 10:01:16,617] {dagbag.py:440} INFO - Filling up the DagBag from /home/anhcu/Project/Stock_project/airflow/dags/etl_to_db.py
[2024-06-10 10:01:16,658] {scheduler_job.py:639} INFO - DAG(s) dict_keys(['ETL_to_Database']) retrieved from /home/anhcu/Project/Stock_project/airflow/dags/etl_to_db.py
[2024-06-10 10:01:16,667] {logging_mixin.py:103} INFO - [2024-06-10 10:01:16,667] {dag.py:1813} INFO - Sync 1 DAGs
[2024-06-10 10:01:16,880] {logging_mixin.py:103} INFO - [2024-06-10 10:01:16,880] {dag.py:2266} INFO - Setting next_dagrun for ETL_to_Database to 2024-06-09 00:01:00+00:00
[2024-06-10 10:01:16,897] {scheduler_job.py:189} INFO - Processing /home/anhcu/Project/Stock_project/airflow/dags/etl_to_db.py took 0.431 seconds
[2024-06-10 10:02:03,125] {scheduler_job.py:181} INFO - Started process (PID=64019) to work on /home/anhcu/Project/Stock_project/airflow/dags/etl_to_db.py
[2024-06-10 10:02:03,127] {scheduler_job.py:629} INFO - Processing file /home/anhcu/Project/Stock_project/airflow/dags/etl_to_db.py for tasks to queue
[2024-06-10 10:02:03,128] {logging_mixin.py:103} INFO - [2024-06-10 10:02:03,127] {dagbag.py:440} INFO - Filling up the DagBag from /home/anhcu/Project/Stock_project/airflow/dags/etl_to_db.py
[2024-06-10 10:02:03,153] {scheduler_job.py:639} INFO - DAG(s) dict_keys(['ETL_to_Database']) retrieved from /home/anhcu/Project/Stock_project/airflow/dags/etl_to_db.py
[2024-06-10 10:02:03,159] {logging_mixin.py:103} INFO - [2024-06-10 10:02:03,159] {dag.py:1813} INFO - Sync 1 DAGs
[2024-06-10 10:02:03,235] {logging_mixin.py:103} INFO - [2024-06-10 10:02:03,235] {dag.py:2266} INFO - Setting next_dagrun for ETL_to_Database to 2024-06-09 00:01:00+00:00
[2024-06-10 10:02:03,450] {scheduler_job.py:189} INFO - Processing /home/anhcu/Project/Stock_project/airflow/dags/etl_to_db.py took 0.329 seconds
[2024-06-10 10:06:53,884] {scheduler_job.py:181} INFO - Started process (PID=66832) to work on /home/anhcu/Project/Stock_project/airflow/dags/etl_to_db.py
[2024-06-10 10:06:53,888] {scheduler_job.py:629} INFO - Processing file /home/anhcu/Project/Stock_project/airflow/dags/etl_to_db.py for tasks to queue
[2024-06-10 10:06:53,890] {logging_mixin.py:103} INFO - [2024-06-10 10:06:53,889] {dagbag.py:440} INFO - Filling up the DagBag from /home/anhcu/Project/Stock_project/airflow/dags/etl_to_db.py
[2024-06-10 10:06:53,903] {scheduler_job.py:639} INFO - DAG(s) dict_keys(['ETL_to_Database']) retrieved from /home/anhcu/Project/Stock_project/airflow/dags/etl_to_db.py
[2024-06-10 10:06:53,917] {logging_mixin.py:103} INFO - [2024-06-10 10:06:53,917] {dag.py:1813} INFO - Sync 1 DAGs
[2024-06-10 10:06:53,940] {logging_mixin.py:103} INFO - [2024-06-10 10:06:53,940] {dag.py:2266} INFO - Setting next_dagrun for ETL_to_Database to 2024-06-11 00:01:00+00:00
[2024-06-10 10:06:53,970] {scheduler_job.py:189} INFO - Processing /home/anhcu/Project/Stock_project/airflow/dags/etl_to_db.py took 0.090 seconds
[2024-06-10 10:07:10,009] {scheduler_job.py:181} INFO - Started process (PID=66979) to work on /home/anhcu/Project/Stock_project/airflow/dags/etl_to_db.py
[2024-06-10 10:07:10,010] {scheduler_job.py:629} INFO - Processing file /home/anhcu/Project/Stock_project/airflow/dags/etl_to_db.py for tasks to queue
[2024-06-10 10:07:10,011] {logging_mixin.py:103} INFO - [2024-06-10 10:07:10,011] {dagbag.py:440} INFO - Filling up the DagBag from /home/anhcu/Project/Stock_project/airflow/dags/etl_to_db.py
[2024-06-10 10:07:10,020] {scheduler_job.py:639} INFO - DAG(s) dict_keys(['ETL_to_Database']) retrieved from /home/anhcu/Project/Stock_project/airflow/dags/etl_to_db.py
[2024-06-10 10:07:10,117] {logging_mixin.py:103} INFO - [2024-06-10 10:07:10,116] {dag.py:1813} INFO - Sync 1 DAGs
[2024-06-10 10:07:10,141] {logging_mixin.py:103} INFO - [2024-06-10 10:07:10,141] {dag.py:2266} INFO - Setting next_dagrun for ETL_to_Database to 2024-06-11 00:01:00+00:00
[2024-06-10 10:07:10,157] {scheduler_job.py:189} INFO - Processing /home/anhcu/Project/Stock_project/airflow/dags/etl_to_db.py took 0.152 seconds
[2024-06-10 10:07:57,956] {scheduler_job.py:181} INFO - Started process (PID=67346) to work on /home/anhcu/Project/Stock_project/airflow/dags/etl_to_db.py
[2024-06-10 10:07:57,959] {scheduler_job.py:629} INFO - Processing file /home/anhcu/Project/Stock_project/airflow/dags/etl_to_db.py for tasks to queue
[2024-06-10 10:07:57,960] {logging_mixin.py:103} INFO - [2024-06-10 10:07:57,960] {dagbag.py:440} INFO - Filling up the DagBag from /home/anhcu/Project/Stock_project/airflow/dags/etl_to_db.py
[2024-06-10 10:07:57,969] {scheduler_job.py:639} INFO - DAG(s) dict_keys(['ETL_to_Database']) retrieved from /home/anhcu/Project/Stock_project/airflow/dags/etl_to_db.py
[2024-06-10 10:07:57,971] {logging_mixin.py:103} INFO - [2024-06-10 10:07:57,970] {dag.py:1813} INFO - Sync 1 DAGs
[2024-06-10 10:07:58,001] {logging_mixin.py:103} INFO - [2024-06-10 10:07:58,001] {dag.py:2266} INFO - Setting next_dagrun for ETL_to_Database to 2024-06-11 00:01:00+00:00
[2024-06-10 10:07:58,016] {scheduler_job.py:189} INFO - Processing /home/anhcu/Project/Stock_project/airflow/dags/etl_to_db.py took 0.064 seconds
[2024-06-10 10:08:27,515] {scheduler_job.py:181} INFO - Started process (PID=67544) to work on /home/anhcu/Project/Stock_project/airflow/dags/etl_to_db.py
[2024-06-10 10:08:27,516] {scheduler_job.py:629} INFO - Processing file /home/anhcu/Project/Stock_project/airflow/dags/etl_to_db.py for tasks to queue
[2024-06-10 10:08:27,517] {logging_mixin.py:103} INFO - [2024-06-10 10:08:27,517] {dagbag.py:440} INFO - Filling up the DagBag from /home/anhcu/Project/Stock_project/airflow/dags/etl_to_db.py
[2024-06-10 10:08:27,526] {scheduler_job.py:639} INFO - DAG(s) dict_keys(['ETL_to_Database']) retrieved from /home/anhcu/Project/Stock_project/airflow/dags/etl_to_db.py
[2024-06-10 10:08:27,529] {logging_mixin.py:103} INFO - [2024-06-10 10:08:27,529] {dag.py:1813} INFO - Sync 1 DAGs
[2024-06-10 10:08:27,558] {logging_mixin.py:103} INFO - [2024-06-10 10:08:27,558] {dag.py:2266} INFO - Setting next_dagrun for ETL_to_Database to 2024-06-11 00:01:00+00:00
[2024-06-10 10:08:27,574] {scheduler_job.py:189} INFO - Processing /home/anhcu/Project/Stock_project/airflow/dags/etl_to_db.py took 0.067 seconds
[2024-06-10 10:08:54,958] {scheduler_job.py:181} INFO - Started process (PID=67734) to work on /home/anhcu/Project/Stock_project/airflow/dags/etl_to_db.py
[2024-06-10 10:08:54,960] {scheduler_job.py:629} INFO - Processing file /home/anhcu/Project/Stock_project/airflow/dags/etl_to_db.py for tasks to queue
[2024-06-10 10:08:54,961] {logging_mixin.py:103} INFO - [2024-06-10 10:08:54,961] {dagbag.py:440} INFO - Filling up the DagBag from /home/anhcu/Project/Stock_project/airflow/dags/etl_to_db.py
[2024-06-10 10:08:54,968] {scheduler_job.py:639} INFO - DAG(s) dict_keys(['ETL_to_Database']) retrieved from /home/anhcu/Project/Stock_project/airflow/dags/etl_to_db.py
[2024-06-10 10:08:54,969] {logging_mixin.py:103} INFO - [2024-06-10 10:08:54,969] {dag.py:1813} INFO - Sync 1 DAGs
[2024-06-10 10:08:54,990] {logging_mixin.py:103} INFO - [2024-06-10 10:08:54,990] {dag.py:2266} INFO - Setting next_dagrun for ETL_to_Database to 2024-06-11 00:01:00+00:00
[2024-06-10 10:08:55,000] {scheduler_job.py:189} INFO - Processing /home/anhcu/Project/Stock_project/airflow/dags/etl_to_db.py took 0.047 seconds
[2024-06-10 10:09:21,289] {scheduler_job.py:181} INFO - Started process (PID=67925) to work on /home/anhcu/Project/Stock_project/airflow/dags/etl_to_db.py
[2024-06-10 10:09:21,291] {scheduler_job.py:629} INFO - Processing file /home/anhcu/Project/Stock_project/airflow/dags/etl_to_db.py for tasks to queue
[2024-06-10 10:09:21,292] {logging_mixin.py:103} INFO - [2024-06-10 10:09:21,291] {dagbag.py:440} INFO - Filling up the DagBag from /home/anhcu/Project/Stock_project/airflow/dags/etl_to_db.py
[2024-06-10 10:09:21,298] {scheduler_job.py:639} INFO - DAG(s) dict_keys(['ETL_to_Database']) retrieved from /home/anhcu/Project/Stock_project/airflow/dags/etl_to_db.py
[2024-06-10 10:09:21,299] {logging_mixin.py:103} INFO - [2024-06-10 10:09:21,299] {dag.py:1813} INFO - Sync 1 DAGs
[2024-06-10 10:09:21,320] {logging_mixin.py:103} INFO - [2024-06-10 10:09:21,320] {dag.py:2266} INFO - Setting next_dagrun for ETL_to_Database to 2024-06-11 00:01:00+00:00
[2024-06-10 10:09:21,332] {scheduler_job.py:189} INFO - Processing /home/anhcu/Project/Stock_project/airflow/dags/etl_to_db.py took 0.047 seconds
[2024-06-10 10:09:48,500] {scheduler_job.py:181} INFO - Started process (PID=68084) to work on /home/anhcu/Project/Stock_project/airflow/dags/etl_to_db.py
[2024-06-10 10:09:48,503] {scheduler_job.py:629} INFO - Processing file /home/anhcu/Project/Stock_project/airflow/dags/etl_to_db.py for tasks to queue
[2024-06-10 10:09:48,504] {logging_mixin.py:103} INFO - [2024-06-10 10:09:48,504] {dagbag.py:440} INFO - Filling up the DagBag from /home/anhcu/Project/Stock_project/airflow/dags/etl_to_db.py
[2024-06-10 10:09:48,510] {scheduler_job.py:639} INFO - DAG(s) dict_keys(['ETL_to_Database']) retrieved from /home/anhcu/Project/Stock_project/airflow/dags/etl_to_db.py
[2024-06-10 10:09:48,511] {logging_mixin.py:103} INFO - [2024-06-10 10:09:48,511] {dag.py:1813} INFO - Sync 1 DAGs
[2024-06-10 10:09:48,536] {logging_mixin.py:103} INFO - [2024-06-10 10:09:48,536] {dag.py:2266} INFO - Setting next_dagrun for ETL_to_Database to 2024-06-11 00:01:00+00:00
[2024-06-10 10:09:48,547] {scheduler_job.py:189} INFO - Processing /home/anhcu/Project/Stock_project/airflow/dags/etl_to_db.py took 0.051 seconds
[2024-06-10 10:10:17,405] {scheduler_job.py:181} INFO - Started process (PID=68246) to work on /home/anhcu/Project/Stock_project/airflow/dags/etl_to_db.py
[2024-06-10 10:10:17,407] {scheduler_job.py:629} INFO - Processing file /home/anhcu/Project/Stock_project/airflow/dags/etl_to_db.py for tasks to queue
[2024-06-10 10:10:17,408] {logging_mixin.py:103} INFO - [2024-06-10 10:10:17,408] {dagbag.py:440} INFO - Filling up the DagBag from /home/anhcu/Project/Stock_project/airflow/dags/etl_to_db.py
[2024-06-10 10:10:17,415] {scheduler_job.py:639} INFO - DAG(s) dict_keys(['ETL_to_Database']) retrieved from /home/anhcu/Project/Stock_project/airflow/dags/etl_to_db.py
[2024-06-10 10:10:17,416] {logging_mixin.py:103} INFO - [2024-06-10 10:10:17,415] {dag.py:1813} INFO - Sync 1 DAGs
[2024-06-10 10:10:17,436] {logging_mixin.py:103} INFO - [2024-06-10 10:10:17,436] {dag.py:2266} INFO - Setting next_dagrun for ETL_to_Database to 2024-06-11 00:01:00+00:00
[2024-06-10 10:10:17,446] {scheduler_job.py:189} INFO - Processing /home/anhcu/Project/Stock_project/airflow/dags/etl_to_db.py took 0.046 seconds
[2024-06-10 10:10:44,658] {scheduler_job.py:181} INFO - Started process (PID=68400) to work on /home/anhcu/Project/Stock_project/airflow/dags/etl_to_db.py
[2024-06-10 10:10:44,660] {scheduler_job.py:629} INFO - Processing file /home/anhcu/Project/Stock_project/airflow/dags/etl_to_db.py for tasks to queue
[2024-06-10 10:10:44,661] {logging_mixin.py:103} INFO - [2024-06-10 10:10:44,661] {dagbag.py:440} INFO - Filling up the DagBag from /home/anhcu/Project/Stock_project/airflow/dags/etl_to_db.py
[2024-06-10 10:10:44,668] {scheduler_job.py:639} INFO - DAG(s) dict_keys(['ETL_to_Database']) retrieved from /home/anhcu/Project/Stock_project/airflow/dags/etl_to_db.py
[2024-06-10 10:10:44,669] {logging_mixin.py:103} INFO - [2024-06-10 10:10:44,669] {dag.py:1813} INFO - Sync 1 DAGs
[2024-06-10 10:10:44,691] {logging_mixin.py:103} INFO - [2024-06-10 10:10:44,691] {dag.py:2266} INFO - Setting next_dagrun for ETL_to_Database to 2024-06-11 00:01:00+00:00
[2024-06-10 10:10:44,702] {scheduler_job.py:189} INFO - Processing /home/anhcu/Project/Stock_project/airflow/dags/etl_to_db.py took 0.047 seconds
[2024-06-10 10:11:13,927] {scheduler_job.py:181} INFO - Started process (PID=68630) to work on /home/anhcu/Project/Stock_project/airflow/dags/etl_to_db.py
[2024-06-10 10:11:13,929] {scheduler_job.py:629} INFO - Processing file /home/anhcu/Project/Stock_project/airflow/dags/etl_to_db.py for tasks to queue
[2024-06-10 10:11:13,930] {logging_mixin.py:103} INFO - [2024-06-10 10:11:13,930] {dagbag.py:440} INFO - Filling up the DagBag from /home/anhcu/Project/Stock_project/airflow/dags/etl_to_db.py
[2024-06-10 10:11:13,937] {scheduler_job.py:639} INFO - DAG(s) dict_keys(['ETL_to_Database']) retrieved from /home/anhcu/Project/Stock_project/airflow/dags/etl_to_db.py
[2024-06-10 10:11:13,939] {logging_mixin.py:103} INFO - [2024-06-10 10:11:13,939] {dag.py:1813} INFO - Sync 1 DAGs
[2024-06-10 10:11:13,959] {logging_mixin.py:103} INFO - [2024-06-10 10:11:13,959] {dag.py:2266} INFO - Setting next_dagrun for ETL_to_Database to 2024-06-11 00:01:00+00:00
[2024-06-10 10:11:13,970] {scheduler_job.py:189} INFO - Processing /home/anhcu/Project/Stock_project/airflow/dags/etl_to_db.py took 0.047 seconds
[2024-06-10 10:11:57,536] {scheduler_job.py:181} INFO - Started process (PID=68885) to work on /home/anhcu/Project/Stock_project/airflow/dags/etl_to_db.py
[2024-06-10 10:11:57,538] {scheduler_job.py:629} INFO - Processing file /home/anhcu/Project/Stock_project/airflow/dags/etl_to_db.py for tasks to queue
[2024-06-10 10:11:57,538] {logging_mixin.py:103} INFO - [2024-06-10 10:11:57,538] {dagbag.py:440} INFO - Filling up the DagBag from /home/anhcu/Project/Stock_project/airflow/dags/etl_to_db.py
[2024-06-10 10:11:57,550] {scheduler_job.py:639} INFO - DAG(s) dict_keys(['ETL_to_Database']) retrieved from /home/anhcu/Project/Stock_project/airflow/dags/etl_to_db.py
[2024-06-10 10:11:57,551] {logging_mixin.py:103} INFO - [2024-06-10 10:11:57,551] {dag.py:1813} INFO - Sync 1 DAGs
[2024-06-10 10:11:57,574] {logging_mixin.py:103} INFO - [2024-06-10 10:11:57,574] {dag.py:2266} INFO - Setting next_dagrun for ETL_to_Database to 2024-06-11 00:01:00+00:00
[2024-06-10 10:11:57,586] {scheduler_job.py:189} INFO - Processing /home/anhcu/Project/Stock_project/airflow/dags/etl_to_db.py took 0.053 seconds
[2024-06-10 10:12:29,718] {scheduler_job.py:181} INFO - Started process (PID=69069) to work on /home/anhcu/Project/Stock_project/airflow/dags/etl_to_db.py
[2024-06-10 10:12:29,720] {scheduler_job.py:629} INFO - Processing file /home/anhcu/Project/Stock_project/airflow/dags/etl_to_db.py for tasks to queue
[2024-06-10 10:12:29,721] {logging_mixin.py:103} INFO - [2024-06-10 10:12:29,721] {dagbag.py:440} INFO - Filling up the DagBag from /home/anhcu/Project/Stock_project/airflow/dags/etl_to_db.py
[2024-06-10 10:12:29,731] {scheduler_job.py:639} INFO - DAG(s) dict_keys(['ETL_to_Database']) retrieved from /home/anhcu/Project/Stock_project/airflow/dags/etl_to_db.py
[2024-06-10 10:12:29,732] {logging_mixin.py:103} INFO - [2024-06-10 10:12:29,732] {dag.py:1813} INFO - Sync 1 DAGs
[2024-06-10 10:12:29,752] {logging_mixin.py:103} INFO - [2024-06-10 10:12:29,752] {dag.py:2266} INFO - Setting next_dagrun for ETL_to_Database to 2024-06-11 00:01:00+00:00
[2024-06-10 10:12:29,765] {scheduler_job.py:189} INFO - Processing /home/anhcu/Project/Stock_project/airflow/dags/etl_to_db.py took 0.051 seconds
[2024-06-10 10:12:58,816] {scheduler_job.py:181} INFO - Started process (PID=69278) to work on /home/anhcu/Project/Stock_project/airflow/dags/etl_to_db.py
[2024-06-10 10:12:58,817] {scheduler_job.py:629} INFO - Processing file /home/anhcu/Project/Stock_project/airflow/dags/etl_to_db.py for tasks to queue
[2024-06-10 10:12:58,818] {logging_mixin.py:103} INFO - [2024-06-10 10:12:58,818] {dagbag.py:440} INFO - Filling up the DagBag from /home/anhcu/Project/Stock_project/airflow/dags/etl_to_db.py
[2024-06-10 10:12:58,831] {scheduler_job.py:639} INFO - DAG(s) dict_keys(['ETL_to_Database']) retrieved from /home/anhcu/Project/Stock_project/airflow/dags/etl_to_db.py
[2024-06-10 10:12:58,832] {logging_mixin.py:103} INFO - [2024-06-10 10:12:58,832] {dag.py:1813} INFO - Sync 1 DAGs
[2024-06-10 10:12:58,858] {logging_mixin.py:103} INFO - [2024-06-10 10:12:58,858] {dag.py:2266} INFO - Setting next_dagrun for ETL_to_Database to 2024-06-11 00:01:00+00:00
[2024-06-10 10:12:58,872] {scheduler_job.py:189} INFO - Processing /home/anhcu/Project/Stock_project/airflow/dags/etl_to_db.py took 0.061 seconds
[2024-06-10 10:13:27,948] {scheduler_job.py:181} INFO - Started process (PID=69413) to work on /home/anhcu/Project/Stock_project/airflow/dags/etl_to_db.py
[2024-06-10 10:13:27,949] {scheduler_job.py:629} INFO - Processing file /home/anhcu/Project/Stock_project/airflow/dags/etl_to_db.py for tasks to queue
[2024-06-10 10:13:27,950] {logging_mixin.py:103} INFO - [2024-06-10 10:13:27,950] {dagbag.py:440} INFO - Filling up the DagBag from /home/anhcu/Project/Stock_project/airflow/dags/etl_to_db.py
[2024-06-10 10:13:27,962] {scheduler_job.py:639} INFO - DAG(s) dict_keys(['ETL_to_Database']) retrieved from /home/anhcu/Project/Stock_project/airflow/dags/etl_to_db.py
[2024-06-10 10:13:27,963] {logging_mixin.py:103} INFO - [2024-06-10 10:13:27,963] {dag.py:1813} INFO - Sync 1 DAGs
[2024-06-10 10:13:27,992] {logging_mixin.py:103} INFO - [2024-06-10 10:13:27,992] {dag.py:2266} INFO - Setting next_dagrun for ETL_to_Database to 2024-06-11 00:01:00+00:00
[2024-06-10 10:13:28,006] {scheduler_job.py:189} INFO - Processing /home/anhcu/Project/Stock_project/airflow/dags/etl_to_db.py took 0.061 seconds
[2024-06-10 10:13:57,480] {scheduler_job.py:181} INFO - Started process (PID=69552) to work on /home/anhcu/Project/Stock_project/airflow/dags/etl_to_db.py
[2024-06-10 10:13:57,482] {scheduler_job.py:629} INFO - Processing file /home/anhcu/Project/Stock_project/airflow/dags/etl_to_db.py for tasks to queue
[2024-06-10 10:13:57,482] {logging_mixin.py:103} INFO - [2024-06-10 10:13:57,482] {dagbag.py:440} INFO - Filling up the DagBag from /home/anhcu/Project/Stock_project/airflow/dags/etl_to_db.py
[2024-06-10 10:13:57,493] {scheduler_job.py:639} INFO - DAG(s) dict_keys(['ETL_to_Database']) retrieved from /home/anhcu/Project/Stock_project/airflow/dags/etl_to_db.py
[2024-06-10 10:13:57,494] {logging_mixin.py:103} INFO - [2024-06-10 10:13:57,494] {dag.py:1813} INFO - Sync 1 DAGs
[2024-06-10 10:13:57,513] {logging_mixin.py:103} INFO - [2024-06-10 10:13:57,513] {dag.py:2266} INFO - Setting next_dagrun for ETL_to_Database to 2024-06-11 00:01:00+00:00
[2024-06-10 10:13:57,526] {scheduler_job.py:189} INFO - Processing /home/anhcu/Project/Stock_project/airflow/dags/etl_to_db.py took 0.049 seconds
[2024-06-10 10:14:27,184] {scheduler_job.py:181} INFO - Started process (PID=69707) to work on /home/anhcu/Project/Stock_project/airflow/dags/etl_to_db.py
[2024-06-10 10:14:27,186] {scheduler_job.py:629} INFO - Processing file /home/anhcu/Project/Stock_project/airflow/dags/etl_to_db.py for tasks to queue
[2024-06-10 10:14:27,186] {logging_mixin.py:103} INFO - [2024-06-10 10:14:27,186] {dagbag.py:440} INFO - Filling up the DagBag from /home/anhcu/Project/Stock_project/airflow/dags/etl_to_db.py
[2024-06-10 10:14:27,198] {scheduler_job.py:639} INFO - DAG(s) dict_keys(['ETL_to_Database']) retrieved from /home/anhcu/Project/Stock_project/airflow/dags/etl_to_db.py
[2024-06-10 10:14:27,199] {logging_mixin.py:103} INFO - [2024-06-10 10:14:27,198] {dag.py:1813} INFO - Sync 1 DAGs
[2024-06-10 10:14:27,222] {logging_mixin.py:103} INFO - [2024-06-10 10:14:27,222] {dag.py:2266} INFO - Setting next_dagrun for ETL_to_Database to 2024-06-11 00:01:00+00:00
[2024-06-10 10:14:27,232] {scheduler_job.py:189} INFO - Processing /home/anhcu/Project/Stock_project/airflow/dags/etl_to_db.py took 0.051 seconds
[2024-06-10 10:15:34,157] {scheduler_job.py:181} INFO - Started process (PID=70086) to work on /home/anhcu/Project/Stock_project/airflow/dags/etl_to_db.py
[2024-06-10 10:15:34,159] {scheduler_job.py:629} INFO - Processing file /home/anhcu/Project/Stock_project/airflow/dags/etl_to_db.py for tasks to queue
[2024-06-10 10:15:34,159] {logging_mixin.py:103} INFO - [2024-06-10 10:15:34,159] {dagbag.py:440} INFO - Filling up the DagBag from /home/anhcu/Project/Stock_project/airflow/dags/etl_to_db.py
[2024-06-10 10:15:34,170] {scheduler_job.py:639} INFO - DAG(s) dict_keys(['ETL_to_Database']) retrieved from /home/anhcu/Project/Stock_project/airflow/dags/etl_to_db.py
[2024-06-10 10:15:34,171] {logging_mixin.py:103} INFO - [2024-06-10 10:15:34,171] {dag.py:1813} INFO - Sync 1 DAGs
[2024-06-10 10:15:34,192] {logging_mixin.py:103} INFO - [2024-06-10 10:15:34,192] {dag.py:2266} INFO - Setting next_dagrun for ETL_to_Database to 2024-06-11 00:01:00+00:00
[2024-06-10 10:15:34,205] {scheduler_job.py:189} INFO - Processing /home/anhcu/Project/Stock_project/airflow/dags/etl_to_db.py took 0.050 seconds
[2024-06-10 10:16:03,294] {scheduler_job.py:181} INFO - Started process (PID=70318) to work on /home/anhcu/Project/Stock_project/airflow/dags/etl_to_db.py
[2024-06-10 10:16:03,296] {scheduler_job.py:629} INFO - Processing file /home/anhcu/Project/Stock_project/airflow/dags/etl_to_db.py for tasks to queue
[2024-06-10 10:16:03,297] {logging_mixin.py:103} INFO - [2024-06-10 10:16:03,297] {dagbag.py:440} INFO - Filling up the DagBag from /home/anhcu/Project/Stock_project/airflow/dags/etl_to_db.py
[2024-06-10 10:16:03,307] {scheduler_job.py:639} INFO - DAG(s) dict_keys(['ETL_to_Database']) retrieved from /home/anhcu/Project/Stock_project/airflow/dags/etl_to_db.py
[2024-06-10 10:16:03,308] {logging_mixin.py:103} INFO - [2024-06-10 10:16:03,308] {dag.py:1813} INFO - Sync 1 DAGs
[2024-06-10 10:16:03,329] {logging_mixin.py:103} INFO - [2024-06-10 10:16:03,329] {dag.py:2266} INFO - Setting next_dagrun for ETL_to_Database to 2024-06-11 00:01:00+00:00
[2024-06-10 10:16:03,341] {scheduler_job.py:189} INFO - Processing /home/anhcu/Project/Stock_project/airflow/dags/etl_to_db.py took 0.050 seconds
[2024-06-10 10:16:33,439] {scheduler_job.py:181} INFO - Started process (PID=70509) to work on /home/anhcu/Project/Stock_project/airflow/dags/etl_to_db.py
[2024-06-10 10:16:33,441] {scheduler_job.py:629} INFO - Processing file /home/anhcu/Project/Stock_project/airflow/dags/etl_to_db.py for tasks to queue
[2024-06-10 10:16:33,442] {logging_mixin.py:103} INFO - [2024-06-10 10:16:33,442] {dagbag.py:440} INFO - Filling up the DagBag from /home/anhcu/Project/Stock_project/airflow/dags/etl_to_db.py
[2024-06-10 10:16:33,452] {scheduler_job.py:639} INFO - DAG(s) dict_keys(['ETL_to_Database']) retrieved from /home/anhcu/Project/Stock_project/airflow/dags/etl_to_db.py
[2024-06-10 10:16:33,453] {logging_mixin.py:103} INFO - [2024-06-10 10:16:33,453] {dag.py:1813} INFO - Sync 1 DAGs
[2024-06-10 10:16:33,473] {logging_mixin.py:103} INFO - [2024-06-10 10:16:33,473] {dag.py:2266} INFO - Setting next_dagrun for ETL_to_Database to 2024-06-11 00:01:00+00:00
[2024-06-10 10:16:33,487] {scheduler_job.py:189} INFO - Processing /home/anhcu/Project/Stock_project/airflow/dags/etl_to_db.py took 0.050 seconds
[2024-06-10 10:17:01,942] {scheduler_job.py:181} INFO - Started process (PID=70743) to work on /home/anhcu/Project/Stock_project/airflow/dags/etl_to_db.py
[2024-06-10 10:17:01,944] {scheduler_job.py:629} INFO - Processing file /home/anhcu/Project/Stock_project/airflow/dags/etl_to_db.py for tasks to queue
[2024-06-10 10:17:01,945] {logging_mixin.py:103} INFO - [2024-06-10 10:17:01,945] {dagbag.py:440} INFO - Filling up the DagBag from /home/anhcu/Project/Stock_project/airflow/dags/etl_to_db.py
[2024-06-10 10:17:01,960] {scheduler_job.py:639} INFO - DAG(s) dict_keys(['ETL_to_Database']) retrieved from /home/anhcu/Project/Stock_project/airflow/dags/etl_to_db.py
[2024-06-10 10:17:01,961] {logging_mixin.py:103} INFO - [2024-06-10 10:17:01,961] {dag.py:1813} INFO - Sync 1 DAGs
[2024-06-10 10:17:01,992] {logging_mixin.py:103} INFO - [2024-06-10 10:17:01,991] {dag.py:2266} INFO - Setting next_dagrun for ETL_to_Database to 2024-06-11 00:01:00+00:00
[2024-06-10 10:17:02,010] {scheduler_job.py:189} INFO - Processing /home/anhcu/Project/Stock_project/airflow/dags/etl_to_db.py took 0.072 seconds
[2024-06-10 10:17:32,726] {scheduler_job.py:181} INFO - Started process (PID=70972) to work on /home/anhcu/Project/Stock_project/airflow/dags/etl_to_db.py
[2024-06-10 10:17:32,728] {scheduler_job.py:629} INFO - Processing file /home/anhcu/Project/Stock_project/airflow/dags/etl_to_db.py for tasks to queue
[2024-06-10 10:17:32,729] {logging_mixin.py:103} INFO - [2024-06-10 10:17:32,729] {dagbag.py:440} INFO - Filling up the DagBag from /home/anhcu/Project/Stock_project/airflow/dags/etl_to_db.py
[2024-06-10 10:17:32,741] {scheduler_job.py:639} INFO - DAG(s) dict_keys(['ETL_to_Database']) retrieved from /home/anhcu/Project/Stock_project/airflow/dags/etl_to_db.py
[2024-06-10 10:17:32,742] {logging_mixin.py:103} INFO - [2024-06-10 10:17:32,742] {dag.py:1813} INFO - Sync 1 DAGs
[2024-06-10 10:17:32,765] {logging_mixin.py:103} INFO - [2024-06-10 10:17:32,765] {dag.py:2266} INFO - Setting next_dagrun for ETL_to_Database to 2024-06-11 00:01:00+00:00
[2024-06-10 10:17:32,777] {scheduler_job.py:189} INFO - Processing /home/anhcu/Project/Stock_project/airflow/dags/etl_to_db.py took 0.055 seconds
[2024-06-10 10:18:02,315] {scheduler_job.py:181} INFO - Started process (PID=71127) to work on /home/anhcu/Project/Stock_project/airflow/dags/etl_to_db.py
[2024-06-10 10:18:02,316] {scheduler_job.py:629} INFO - Processing file /home/anhcu/Project/Stock_project/airflow/dags/etl_to_db.py for tasks to queue
[2024-06-10 10:18:02,317] {logging_mixin.py:103} INFO - [2024-06-10 10:18:02,316] {dagbag.py:440} INFO - Filling up the DagBag from /home/anhcu/Project/Stock_project/airflow/dags/etl_to_db.py
[2024-06-10 10:18:02,328] {scheduler_job.py:639} INFO - DAG(s) dict_keys(['ETL_to_Database']) retrieved from /home/anhcu/Project/Stock_project/airflow/dags/etl_to_db.py
[2024-06-10 10:18:02,330] {logging_mixin.py:103} INFO - [2024-06-10 10:18:02,329] {dag.py:1813} INFO - Sync 1 DAGs
[2024-06-10 10:18:02,354] {logging_mixin.py:103} INFO - [2024-06-10 10:18:02,354] {dag.py:2266} INFO - Setting next_dagrun for ETL_to_Database to 2024-06-11 00:01:00+00:00
[2024-06-10 10:18:02,364] {scheduler_job.py:189} INFO - Processing /home/anhcu/Project/Stock_project/airflow/dags/etl_to_db.py took 0.053 seconds
[2024-06-10 10:18:34,371] {scheduler_job.py:181} INFO - Started process (PID=71536) to work on /home/anhcu/Project/Stock_project/airflow/dags/etl_to_db.py
[2024-06-10 10:18:34,379] {scheduler_job.py:629} INFO - Processing file /home/anhcu/Project/Stock_project/airflow/dags/etl_to_db.py for tasks to queue
[2024-06-10 10:18:34,380] {logging_mixin.py:103} INFO - [2024-06-10 10:18:34,380] {dagbag.py:440} INFO - Filling up the DagBag from /home/anhcu/Project/Stock_project/airflow/dags/etl_to_db.py
[2024-06-10 10:18:34,408] {scheduler_job.py:639} INFO - DAG(s) dict_keys(['ETL_to_Database']) retrieved from /home/anhcu/Project/Stock_project/airflow/dags/etl_to_db.py
[2024-06-10 10:18:34,409] {logging_mixin.py:103} INFO - [2024-06-10 10:18:34,409] {dag.py:1813} INFO - Sync 1 DAGs
[2024-06-10 10:18:34,473] {logging_mixin.py:103} INFO - [2024-06-10 10:18:34,473] {dag.py:2266} INFO - Setting next_dagrun for ETL_to_Database to 2024-06-11 00:01:00+00:00
[2024-06-10 10:18:34,514] {scheduler_job.py:189} INFO - Processing /home/anhcu/Project/Stock_project/airflow/dags/etl_to_db.py took 0.155 seconds
[2024-06-10 10:19:04,096] {scheduler_job.py:181} INFO - Started process (PID=71791) to work on /home/anhcu/Project/Stock_project/airflow/dags/etl_to_db.py
[2024-06-10 10:19:04,097] {scheduler_job.py:629} INFO - Processing file /home/anhcu/Project/Stock_project/airflow/dags/etl_to_db.py for tasks to queue
[2024-06-10 10:19:04,099] {logging_mixin.py:103} INFO - [2024-06-10 10:19:04,099] {dagbag.py:440} INFO - Filling up the DagBag from /home/anhcu/Project/Stock_project/airflow/dags/etl_to_db.py
[2024-06-10 10:19:04,110] {scheduler_job.py:639} INFO - DAG(s) dict_keys(['ETL_to_Database']) retrieved from /home/anhcu/Project/Stock_project/airflow/dags/etl_to_db.py
[2024-06-10 10:19:04,111] {logging_mixin.py:103} INFO - [2024-06-10 10:19:04,111] {dag.py:1813} INFO - Sync 1 DAGs
[2024-06-10 10:19:04,133] {logging_mixin.py:103} INFO - [2024-06-10 10:19:04,133] {dag.py:2266} INFO - Setting next_dagrun for ETL_to_Database to 2024-06-11 00:01:00+00:00
[2024-06-10 10:19:04,143] {scheduler_job.py:189} INFO - Processing /home/anhcu/Project/Stock_project/airflow/dags/etl_to_db.py took 0.051 seconds
[2024-06-10 10:19:38,557] {scheduler_job.py:181} INFO - Started process (PID=72076) to work on /home/anhcu/Project/Stock_project/airflow/dags/etl_to_db.py
[2024-06-10 10:19:38,559] {scheduler_job.py:629} INFO - Processing file /home/anhcu/Project/Stock_project/airflow/dags/etl_to_db.py for tasks to queue
[2024-06-10 10:19:38,561] {logging_mixin.py:103} INFO - [2024-06-10 10:19:38,561] {dagbag.py:440} INFO - Filling up the DagBag from /home/anhcu/Project/Stock_project/airflow/dags/etl_to_db.py
[2024-06-10 10:19:38,578] {scheduler_job.py:639} INFO - DAG(s) dict_keys(['ETL_to_Database']) retrieved from /home/anhcu/Project/Stock_project/airflow/dags/etl_to_db.py
[2024-06-10 10:19:38,580] {logging_mixin.py:103} INFO - [2024-06-10 10:19:38,579] {dag.py:1813} INFO - Sync 1 DAGs
[2024-06-10 10:19:38,615] {logging_mixin.py:103} INFO - [2024-06-10 10:19:38,615] {dag.py:2266} INFO - Setting next_dagrun for ETL_to_Database to 2024-06-11 00:01:00+00:00
[2024-06-10 10:19:38,634] {scheduler_job.py:189} INFO - Processing /home/anhcu/Project/Stock_project/airflow/dags/etl_to_db.py took 0.082 seconds
[2024-06-10 10:20:14,255] {scheduler_job.py:181} INFO - Started process (PID=72419) to work on /home/anhcu/Project/Stock_project/airflow/dags/etl_to_db.py
[2024-06-10 10:20:14,256] {scheduler_job.py:629} INFO - Processing file /home/anhcu/Project/Stock_project/airflow/dags/etl_to_db.py for tasks to queue
[2024-06-10 10:20:14,257] {logging_mixin.py:103} INFO - [2024-06-10 10:20:14,257] {dagbag.py:440} INFO - Filling up the DagBag from /home/anhcu/Project/Stock_project/airflow/dags/etl_to_db.py
[2024-06-10 10:20:14,272] {scheduler_job.py:639} INFO - DAG(s) dict_keys(['ETL_to_Database']) retrieved from /home/anhcu/Project/Stock_project/airflow/dags/etl_to_db.py
[2024-06-10 10:20:14,273] {logging_mixin.py:103} INFO - [2024-06-10 10:20:14,273] {dag.py:1813} INFO - Sync 1 DAGs
[2024-06-10 10:20:14,301] {logging_mixin.py:103} INFO - [2024-06-10 10:20:14,301] {dag.py:2266} INFO - Setting next_dagrun for ETL_to_Database to 2024-06-11 00:01:00+00:00
[2024-06-10 10:20:14,316] {scheduler_job.py:189} INFO - Processing /home/anhcu/Project/Stock_project/airflow/dags/etl_to_db.py took 0.065 seconds
[2024-06-10 10:20:44,287] {scheduler_job.py:181} INFO - Started process (PID=72650) to work on /home/anhcu/Project/Stock_project/airflow/dags/etl_to_db.py
[2024-06-10 10:20:44,288] {scheduler_job.py:629} INFO - Processing file /home/anhcu/Project/Stock_project/airflow/dags/etl_to_db.py for tasks to queue
[2024-06-10 10:20:44,289] {logging_mixin.py:103} INFO - [2024-06-10 10:20:44,289] {dagbag.py:440} INFO - Filling up the DagBag from /home/anhcu/Project/Stock_project/airflow/dags/etl_to_db.py
[2024-06-10 10:20:44,300] {scheduler_job.py:639} INFO - DAG(s) dict_keys(['ETL_to_Database']) retrieved from /home/anhcu/Project/Stock_project/airflow/dags/etl_to_db.py
[2024-06-10 10:20:44,301] {logging_mixin.py:103} INFO - [2024-06-10 10:20:44,301] {dag.py:1813} INFO - Sync 1 DAGs
[2024-06-10 10:20:44,323] {logging_mixin.py:103} INFO - [2024-06-10 10:20:44,323] {dag.py:2266} INFO - Setting next_dagrun for ETL_to_Database to 2024-06-11 00:01:00+00:00
[2024-06-10 10:20:44,334] {scheduler_job.py:189} INFO - Processing /home/anhcu/Project/Stock_project/airflow/dags/etl_to_db.py took 0.050 seconds
[2024-06-10 10:21:15,162] {scheduler_job.py:181} INFO - Started process (PID=72881) to work on /home/anhcu/Project/Stock_project/airflow/dags/etl_to_db.py
[2024-06-10 10:21:15,164] {scheduler_job.py:629} INFO - Processing file /home/anhcu/Project/Stock_project/airflow/dags/etl_to_db.py for tasks to queue
[2024-06-10 10:21:15,164] {logging_mixin.py:103} INFO - [2024-06-10 10:21:15,164] {dagbag.py:440} INFO - Filling up the DagBag from /home/anhcu/Project/Stock_project/airflow/dags/etl_to_db.py
[2024-06-10 10:21:15,175] {scheduler_job.py:639} INFO - DAG(s) dict_keys(['ETL_to_Database']) retrieved from /home/anhcu/Project/Stock_project/airflow/dags/etl_to_db.py
[2024-06-10 10:21:15,176] {logging_mixin.py:103} INFO - [2024-06-10 10:21:15,176] {dag.py:1813} INFO - Sync 1 DAGs
[2024-06-10 10:21:15,199] {logging_mixin.py:103} INFO - [2024-06-10 10:21:15,199] {dag.py:2266} INFO - Setting next_dagrun for ETL_to_Database to 2024-06-11 00:01:00+00:00
[2024-06-10 10:21:15,210] {scheduler_job.py:189} INFO - Processing /home/anhcu/Project/Stock_project/airflow/dags/etl_to_db.py took 0.052 seconds
[2024-06-10 10:21:45,559] {scheduler_job.py:181} INFO - Started process (PID=73038) to work on /home/anhcu/Project/Stock_project/airflow/dags/etl_to_db.py
[2024-06-10 10:21:45,560] {scheduler_job.py:629} INFO - Processing file /home/anhcu/Project/Stock_project/airflow/dags/etl_to_db.py for tasks to queue
[2024-06-10 10:21:45,561] {logging_mixin.py:103} INFO - [2024-06-10 10:21:45,561] {dagbag.py:440} INFO - Filling up the DagBag from /home/anhcu/Project/Stock_project/airflow/dags/etl_to_db.py
[2024-06-10 10:21:45,574] {scheduler_job.py:639} INFO - DAG(s) dict_keys(['ETL_to_Database']) retrieved from /home/anhcu/Project/Stock_project/airflow/dags/etl_to_db.py
[2024-06-10 10:21:45,575] {logging_mixin.py:103} INFO - [2024-06-10 10:21:45,575] {dag.py:1813} INFO - Sync 1 DAGs
[2024-06-10 10:21:45,596] {logging_mixin.py:103} INFO - [2024-06-10 10:21:45,596] {dag.py:2266} INFO - Setting next_dagrun for ETL_to_Database to 2024-06-11 00:01:00+00:00
[2024-06-10 10:21:45,607] {scheduler_job.py:189} INFO - Processing /home/anhcu/Project/Stock_project/airflow/dags/etl_to_db.py took 0.051 seconds
[2024-06-10 10:22:14,842] {scheduler_job.py:181} INFO - Started process (PID=73271) to work on /home/anhcu/Project/Stock_project/airflow/dags/etl_to_db.py
[2024-06-10 10:22:14,846] {scheduler_job.py:629} INFO - Processing file /home/anhcu/Project/Stock_project/airflow/dags/etl_to_db.py for tasks to queue
[2024-06-10 10:22:14,846] {logging_mixin.py:103} INFO - [2024-06-10 10:22:14,846] {dagbag.py:440} INFO - Filling up the DagBag from /home/anhcu/Project/Stock_project/airflow/dags/etl_to_db.py
[2024-06-10 10:22:14,862] {scheduler_job.py:639} INFO - DAG(s) dict_keys(['ETL_to_Database']) retrieved from /home/anhcu/Project/Stock_project/airflow/dags/etl_to_db.py
[2024-06-10 10:22:14,863] {logging_mixin.py:103} INFO - [2024-06-10 10:22:14,863] {dag.py:1813} INFO - Sync 1 DAGs
[2024-06-10 10:22:14,885] {logging_mixin.py:103} INFO - [2024-06-10 10:22:14,885] {dag.py:2266} INFO - Setting next_dagrun for ETL_to_Database to 2024-06-11 00:01:00+00:00
[2024-06-10 10:22:14,897] {scheduler_job.py:189} INFO - Processing /home/anhcu/Project/Stock_project/airflow/dags/etl_to_db.py took 0.063 seconds
[2024-06-10 10:22:43,235] {scheduler_job.py:181} INFO - Started process (PID=73429) to work on /home/anhcu/Project/Stock_project/airflow/dags/etl_to_db.py
[2024-06-10 10:22:43,237] {scheduler_job.py:629} INFO - Processing file /home/anhcu/Project/Stock_project/airflow/dags/etl_to_db.py for tasks to queue
[2024-06-10 10:22:43,238] {logging_mixin.py:103} INFO - [2024-06-10 10:22:43,238] {dagbag.py:440} INFO - Filling up the DagBag from /home/anhcu/Project/Stock_project/airflow/dags/etl_to_db.py
[2024-06-10 10:22:43,251] {scheduler_job.py:639} INFO - DAG(s) dict_keys(['ETL_to_Database']) retrieved from /home/anhcu/Project/Stock_project/airflow/dags/etl_to_db.py
[2024-06-10 10:22:43,252] {logging_mixin.py:103} INFO - [2024-06-10 10:22:43,252] {dag.py:1813} INFO - Sync 1 DAGs
[2024-06-10 10:22:43,272] {logging_mixin.py:103} INFO - [2024-06-10 10:22:43,271] {dag.py:2266} INFO - Setting next_dagrun for ETL_to_Database to 2024-06-11 00:01:00+00:00
[2024-06-10 10:22:43,282] {scheduler_job.py:189} INFO - Processing /home/anhcu/Project/Stock_project/airflow/dags/etl_to_db.py took 0.051 seconds
[2024-06-10 10:23:10,446] {scheduler_job.py:181} INFO - Started process (PID=73621) to work on /home/anhcu/Project/Stock_project/airflow/dags/etl_to_db.py
[2024-06-10 10:23:10,448] {scheduler_job.py:629} INFO - Processing file /home/anhcu/Project/Stock_project/airflow/dags/etl_to_db.py for tasks to queue
[2024-06-10 10:23:10,448] {logging_mixin.py:103} INFO - [2024-06-10 10:23:10,448] {dagbag.py:440} INFO - Filling up the DagBag from /home/anhcu/Project/Stock_project/airflow/dags/etl_to_db.py
[2024-06-10 10:23:10,463] {scheduler_job.py:639} INFO - DAG(s) dict_keys(['ETL_to_Database']) retrieved from /home/anhcu/Project/Stock_project/airflow/dags/etl_to_db.py
[2024-06-10 10:23:10,464] {logging_mixin.py:103} INFO - [2024-06-10 10:23:10,464] {dag.py:1813} INFO - Sync 1 DAGs
[2024-06-10 10:23:10,485] {logging_mixin.py:103} INFO - [2024-06-10 10:23:10,485] {dag.py:2266} INFO - Setting next_dagrun for ETL_to_Database to 2024-06-11 00:01:00+00:00
[2024-06-10 10:23:10,495] {scheduler_job.py:189} INFO - Processing /home/anhcu/Project/Stock_project/airflow/dags/etl_to_db.py took 0.052 seconds
[2024-06-10 10:24:02,720] {scheduler_job.py:181} INFO - Started process (PID=74307) to work on /home/anhcu/Project/Stock_project/airflow/dags/etl_to_db.py
[2024-06-10 10:24:02,725] {scheduler_job.py:629} INFO - Processing file /home/anhcu/Project/Stock_project/airflow/dags/etl_to_db.py for tasks to queue
[2024-06-10 10:24:02,726] {logging_mixin.py:103} INFO - [2024-06-10 10:24:02,726] {dagbag.py:440} INFO - Filling up the DagBag from /home/anhcu/Project/Stock_project/airflow/dags/etl_to_db.py
[2024-06-10 10:24:02,747] {scheduler_job.py:639} INFO - DAG(s) dict_keys(['ETL_to_Database']) retrieved from /home/anhcu/Project/Stock_project/airflow/dags/etl_to_db.py
[2024-06-10 10:24:02,749] {logging_mixin.py:103} INFO - [2024-06-10 10:24:02,748] {dag.py:1813} INFO - Sync 1 DAGs
[2024-06-10 10:24:02,787] {logging_mixin.py:103} INFO - [2024-06-10 10:24:02,787] {dag.py:2266} INFO - Setting next_dagrun for ETL_to_Database to 2024-06-11 00:01:00+00:00
[2024-06-10 10:24:02,809] {scheduler_job.py:189} INFO - Processing /home/anhcu/Project/Stock_project/airflow/dags/etl_to_db.py took 0.093 seconds
[2024-06-10 10:24:33,638] {scheduler_job.py:181} INFO - Started process (PID=74594) to work on /home/anhcu/Project/Stock_project/airflow/dags/etl_to_db.py
[2024-06-10 10:24:33,644] {scheduler_job.py:629} INFO - Processing file /home/anhcu/Project/Stock_project/airflow/dags/etl_to_db.py for tasks to queue
[2024-06-10 10:24:33,645] {logging_mixin.py:103} INFO - [2024-06-10 10:24:33,645] {dagbag.py:440} INFO - Filling up the DagBag from /home/anhcu/Project/Stock_project/airflow/dags/etl_to_db.py
[2024-06-10 10:24:33,659] {scheduler_job.py:639} INFO - DAG(s) dict_keys(['ETL_to_Database']) retrieved from /home/anhcu/Project/Stock_project/airflow/dags/etl_to_db.py
[2024-06-10 10:24:33,661] {logging_mixin.py:103} INFO - [2024-06-10 10:24:33,661] {dag.py:1813} INFO - Sync 1 DAGs
[2024-06-10 10:24:33,690] {logging_mixin.py:103} INFO - [2024-06-10 10:24:33,690] {dag.py:2266} INFO - Setting next_dagrun for ETL_to_Database to 2024-06-11 00:01:00+00:00
[2024-06-10 10:24:33,706] {scheduler_job.py:189} INFO - Processing /home/anhcu/Project/Stock_project/airflow/dags/etl_to_db.py took 0.072 seconds
[2024-06-10 10:25:06,171] {scheduler_job.py:181} INFO - Started process (PID=75099) to work on /home/anhcu/Project/Stock_project/airflow/dags/etl_to_db.py
[2024-06-10 10:25:06,173] {scheduler_job.py:629} INFO - Processing file /home/anhcu/Project/Stock_project/airflow/dags/etl_to_db.py for tasks to queue
[2024-06-10 10:25:06,174] {logging_mixin.py:103} INFO - [2024-06-10 10:25:06,174] {dagbag.py:440} INFO - Filling up the DagBag from /home/anhcu/Project/Stock_project/airflow/dags/etl_to_db.py
[2024-06-10 10:25:06,189] {scheduler_job.py:639} INFO - DAG(s) dict_keys(['ETL_to_Database']) retrieved from /home/anhcu/Project/Stock_project/airflow/dags/etl_to_db.py
[2024-06-10 10:25:06,191] {logging_mixin.py:103} INFO - [2024-06-10 10:25:06,190] {dag.py:1813} INFO - Sync 1 DAGs
[2024-06-10 10:25:06,219] {logging_mixin.py:103} INFO - [2024-06-10 10:25:06,219] {dag.py:2266} INFO - Setting next_dagrun for ETL_to_Database to 2024-06-11 00:01:00+00:00
[2024-06-10 10:25:06,250] {scheduler_job.py:189} INFO - Processing /home/anhcu/Project/Stock_project/airflow/dags/etl_to_db.py took 0.084 seconds
[2024-06-10 10:25:34,941] {scheduler_job.py:181} INFO - Started process (PID=75385) to work on /home/anhcu/Project/Stock_project/airflow/dags/etl_to_db.py
[2024-06-10 10:25:34,943] {scheduler_job.py:629} INFO - Processing file /home/anhcu/Project/Stock_project/airflow/dags/etl_to_db.py for tasks to queue
[2024-06-10 10:25:34,944] {logging_mixin.py:103} INFO - [2024-06-10 10:25:34,944] {dagbag.py:440} INFO - Filling up the DagBag from /home/anhcu/Project/Stock_project/airflow/dags/etl_to_db.py
[2024-06-10 10:25:34,960] {scheduler_job.py:639} INFO - DAG(s) dict_keys(['ETL_to_Database']) retrieved from /home/anhcu/Project/Stock_project/airflow/dags/etl_to_db.py
[2024-06-10 10:25:34,961] {logging_mixin.py:103} INFO - [2024-06-10 10:25:34,961] {dag.py:1813} INFO - Sync 1 DAGs
[2024-06-10 10:25:34,992] {logging_mixin.py:103} INFO - [2024-06-10 10:25:34,992] {dag.py:2266} INFO - Setting next_dagrun for ETL_to_Database to 2024-06-11 00:01:00+00:00
[2024-06-10 10:25:35,008] {scheduler_job.py:189} INFO - Processing /home/anhcu/Project/Stock_project/airflow/dags/etl_to_db.py took 0.072 seconds
[2024-06-10 10:26:05,394] {scheduler_job.py:181} INFO - Started process (PID=75620) to work on /home/anhcu/Project/Stock_project/airflow/dags/etl_to_db.py
[2024-06-10 10:26:05,396] {scheduler_job.py:629} INFO - Processing file /home/anhcu/Project/Stock_project/airflow/dags/etl_to_db.py for tasks to queue
[2024-06-10 10:26:05,397] {logging_mixin.py:103} INFO - [2024-06-10 10:26:05,397] {dagbag.py:440} INFO - Filling up the DagBag from /home/anhcu/Project/Stock_project/airflow/dags/etl_to_db.py
[2024-06-10 10:26:05,412] {scheduler_job.py:639} INFO - DAG(s) dict_keys(['ETL_to_Database']) retrieved from /home/anhcu/Project/Stock_project/airflow/dags/etl_to_db.py
[2024-06-10 10:26:05,414] {logging_mixin.py:103} INFO - [2024-06-10 10:26:05,413] {dag.py:1813} INFO - Sync 1 DAGs
[2024-06-10 10:26:05,443] {logging_mixin.py:103} INFO - [2024-06-10 10:26:05,443] {dag.py:2266} INFO - Setting next_dagrun for ETL_to_Database to 2024-06-11 00:01:00+00:00
[2024-06-10 10:26:05,459] {scheduler_job.py:189} INFO - Processing /home/anhcu/Project/Stock_project/airflow/dags/etl_to_db.py took 0.072 seconds
[2024-06-10 10:26:32,182] {scheduler_job.py:181} INFO - Started process (PID=75807) to work on /home/anhcu/Project/Stock_project/airflow/dags/etl_to_db.py
[2024-06-10 10:26:32,185] {scheduler_job.py:629} INFO - Processing file /home/anhcu/Project/Stock_project/airflow/dags/etl_to_db.py for tasks to queue
[2024-06-10 10:26:32,186] {logging_mixin.py:103} INFO - [2024-06-10 10:26:32,186] {dagbag.py:440} INFO - Filling up the DagBag from /home/anhcu/Project/Stock_project/airflow/dags/etl_to_db.py
[2024-06-10 10:26:32,196] {scheduler_job.py:639} INFO - DAG(s) dict_keys(['ETL_to_Database']) retrieved from /home/anhcu/Project/Stock_project/airflow/dags/etl_to_db.py
[2024-06-10 10:26:32,197] {logging_mixin.py:103} INFO - [2024-06-10 10:26:32,197] {dag.py:1813} INFO - Sync 1 DAGs
[2024-06-10 10:26:32,217] {logging_mixin.py:103} INFO - [2024-06-10 10:26:32,217] {dag.py:2266} INFO - Setting next_dagrun for ETL_to_Database to 2024-06-11 00:01:00+00:00
[2024-06-10 10:26:32,228] {scheduler_job.py:189} INFO - Processing /home/anhcu/Project/Stock_project/airflow/dags/etl_to_db.py took 0.051 seconds
[2024-06-10 10:27:00,015] {scheduler_job.py:181} INFO - Started process (PID=75963) to work on /home/anhcu/Project/Stock_project/airflow/dags/etl_to_db.py
[2024-06-10 10:27:00,017] {scheduler_job.py:629} INFO - Processing file /home/anhcu/Project/Stock_project/airflow/dags/etl_to_db.py for tasks to queue
[2024-06-10 10:27:00,018] {logging_mixin.py:103} INFO - [2024-06-10 10:27:00,018] {dagbag.py:440} INFO - Filling up the DagBag from /home/anhcu/Project/Stock_project/airflow/dags/etl_to_db.py
[2024-06-10 10:27:00,031] {scheduler_job.py:639} INFO - DAG(s) dict_keys(['ETL_to_Database']) retrieved from /home/anhcu/Project/Stock_project/airflow/dags/etl_to_db.py
[2024-06-10 10:27:00,032] {logging_mixin.py:103} INFO - [2024-06-10 10:27:00,032] {dag.py:1813} INFO - Sync 1 DAGs
[2024-06-10 10:27:00,053] {logging_mixin.py:103} INFO - [2024-06-10 10:27:00,053] {dag.py:2266} INFO - Setting next_dagrun for ETL_to_Database to 2024-06-11 00:01:00+00:00
[2024-06-10 10:27:00,065] {scheduler_job.py:189} INFO - Processing /home/anhcu/Project/Stock_project/airflow/dags/etl_to_db.py took 0.054 seconds
[2024-06-10 10:27:27,337] {scheduler_job.py:181} INFO - Started process (PID=76115) to work on /home/anhcu/Project/Stock_project/airflow/dags/etl_to_db.py
[2024-06-10 10:27:27,338] {scheduler_job.py:629} INFO - Processing file /home/anhcu/Project/Stock_project/airflow/dags/etl_to_db.py for tasks to queue
[2024-06-10 10:27:27,339] {logging_mixin.py:103} INFO - [2024-06-10 10:27:27,339] {dagbag.py:440} INFO - Filling up the DagBag from /home/anhcu/Project/Stock_project/airflow/dags/etl_to_db.py
[2024-06-10 10:27:27,351] {scheduler_job.py:639} INFO - DAG(s) dict_keys(['ETL_to_Database']) retrieved from /home/anhcu/Project/Stock_project/airflow/dags/etl_to_db.py
[2024-06-10 10:27:27,352] {logging_mixin.py:103} INFO - [2024-06-10 10:27:27,352] {dag.py:1813} INFO - Sync 1 DAGs
[2024-06-10 10:27:27,372] {logging_mixin.py:103} INFO - [2024-06-10 10:27:27,372] {dag.py:2266} INFO - Setting next_dagrun for ETL_to_Database to 2024-06-11 00:01:00+00:00
[2024-06-10 10:27:27,384] {scheduler_job.py:189} INFO - Processing /home/anhcu/Project/Stock_project/airflow/dags/etl_to_db.py took 0.051 seconds
[2024-06-10 10:27:56,624] {scheduler_job.py:181} INFO - Started process (PID=76272) to work on /home/anhcu/Project/Stock_project/airflow/dags/etl_to_db.py
[2024-06-10 10:27:56,625] {scheduler_job.py:629} INFO - Processing file /home/anhcu/Project/Stock_project/airflow/dags/etl_to_db.py for tasks to queue
[2024-06-10 10:27:56,626] {logging_mixin.py:103} INFO - [2024-06-10 10:27:56,626] {dagbag.py:440} INFO - Filling up the DagBag from /home/anhcu/Project/Stock_project/airflow/dags/etl_to_db.py
[2024-06-10 10:27:56,637] {scheduler_job.py:639} INFO - DAG(s) dict_keys(['ETL_to_Database']) retrieved from /home/anhcu/Project/Stock_project/airflow/dags/etl_to_db.py
[2024-06-10 10:27:56,638] {logging_mixin.py:103} INFO - [2024-06-10 10:27:56,638] {dag.py:1813} INFO - Sync 1 DAGs
[2024-06-10 10:27:56,658] {logging_mixin.py:103} INFO - [2024-06-10 10:27:56,658] {dag.py:2266} INFO - Setting next_dagrun for ETL_to_Database to 2024-06-11 00:01:00+00:00
[2024-06-10 10:27:56,669] {scheduler_job.py:189} INFO - Processing /home/anhcu/Project/Stock_project/airflow/dags/etl_to_db.py took 0.050 seconds
[2024-06-10 10:28:23,955] {scheduler_job.py:181} INFO - Started process (PID=76424) to work on /home/anhcu/Project/Stock_project/airflow/dags/etl_to_db.py
[2024-06-10 10:28:23,956] {scheduler_job.py:629} INFO - Processing file /home/anhcu/Project/Stock_project/airflow/dags/etl_to_db.py for tasks to queue
[2024-06-10 10:28:23,957] {logging_mixin.py:103} INFO - [2024-06-10 10:28:23,957] {dagbag.py:440} INFO - Filling up the DagBag from /home/anhcu/Project/Stock_project/airflow/dags/etl_to_db.py
[2024-06-10 10:28:23,969] {scheduler_job.py:639} INFO - DAG(s) dict_keys(['ETL_to_Database']) retrieved from /home/anhcu/Project/Stock_project/airflow/dags/etl_to_db.py
[2024-06-10 10:28:23,970] {logging_mixin.py:103} INFO - [2024-06-10 10:28:23,969] {dag.py:1813} INFO - Sync 1 DAGs
[2024-06-10 10:28:23,990] {logging_mixin.py:103} INFO - [2024-06-10 10:28:23,990] {dag.py:2266} INFO - Setting next_dagrun for ETL_to_Database to 2024-06-11 00:01:00+00:00
[2024-06-10 10:28:24,000] {scheduler_job.py:189} INFO - Processing /home/anhcu/Project/Stock_project/airflow/dags/etl_to_db.py took 0.050 seconds
[2024-06-10 10:28:51,158] {scheduler_job.py:181} INFO - Started process (PID=76578) to work on /home/anhcu/Project/Stock_project/airflow/dags/etl_to_db.py
[2024-06-10 10:28:51,160] {scheduler_job.py:629} INFO - Processing file /home/anhcu/Project/Stock_project/airflow/dags/etl_to_db.py for tasks to queue
[2024-06-10 10:28:51,161] {logging_mixin.py:103} INFO - [2024-06-10 10:28:51,161] {dagbag.py:440} INFO - Filling up the DagBag from /home/anhcu/Project/Stock_project/airflow/dags/etl_to_db.py
[2024-06-10 10:28:51,174] {scheduler_job.py:639} INFO - DAG(s) dict_keys(['ETL_to_Database']) retrieved from /home/anhcu/Project/Stock_project/airflow/dags/etl_to_db.py
[2024-06-10 10:28:51,175] {logging_mixin.py:103} INFO - [2024-06-10 10:28:51,175] {dag.py:1813} INFO - Sync 1 DAGs
[2024-06-10 10:28:51,199] {logging_mixin.py:103} INFO - [2024-06-10 10:28:51,199] {dag.py:2266} INFO - Setting next_dagrun for ETL_to_Database to 2024-06-11 00:01:00+00:00
[2024-06-10 10:28:51,211] {scheduler_job.py:189} INFO - Processing /home/anhcu/Project/Stock_project/airflow/dags/etl_to_db.py took 0.058 seconds
[2024-06-10 10:29:18,738] {scheduler_job.py:181} INFO - Started process (PID=76769) to work on /home/anhcu/Project/Stock_project/airflow/dags/etl_to_db.py
[2024-06-10 10:29:18,740] {scheduler_job.py:629} INFO - Processing file /home/anhcu/Project/Stock_project/airflow/dags/etl_to_db.py for tasks to queue
[2024-06-10 10:29:18,741] {logging_mixin.py:103} INFO - [2024-06-10 10:29:18,741] {dagbag.py:440} INFO - Filling up the DagBag from /home/anhcu/Project/Stock_project/airflow/dags/etl_to_db.py
[2024-06-10 10:29:18,753] {scheduler_job.py:639} INFO - DAG(s) dict_keys(['ETL_to_Database']) retrieved from /home/anhcu/Project/Stock_project/airflow/dags/etl_to_db.py
[2024-06-10 10:29:18,755] {logging_mixin.py:103} INFO - [2024-06-10 10:29:18,754] {dag.py:1813} INFO - Sync 1 DAGs
[2024-06-10 10:29:18,777] {logging_mixin.py:103} INFO - [2024-06-10 10:29:18,777] {dag.py:2266} INFO - Setting next_dagrun for ETL_to_Database to 2024-06-11 00:01:00+00:00
[2024-06-10 10:29:18,789] {scheduler_job.py:189} INFO - Processing /home/anhcu/Project/Stock_project/airflow/dags/etl_to_db.py took 0.055 seconds
[2024-06-10 10:29:46,727] {scheduler_job.py:181} INFO - Started process (PID=76927) to work on /home/anhcu/Project/Stock_project/airflow/dags/etl_to_db.py
[2024-06-10 10:29:46,729] {scheduler_job.py:629} INFO - Processing file /home/anhcu/Project/Stock_project/airflow/dags/etl_to_db.py for tasks to queue
[2024-06-10 10:29:46,729] {logging_mixin.py:103} INFO - [2024-06-10 10:29:46,729] {dagbag.py:440} INFO - Filling up the DagBag from /home/anhcu/Project/Stock_project/airflow/dags/etl_to_db.py
[2024-06-10 10:29:46,740] {scheduler_job.py:639} INFO - DAG(s) dict_keys(['ETL_to_Database']) retrieved from /home/anhcu/Project/Stock_project/airflow/dags/etl_to_db.py
[2024-06-10 10:29:46,741] {logging_mixin.py:103} INFO - [2024-06-10 10:29:46,741] {dag.py:1813} INFO - Sync 1 DAGs
[2024-06-10 10:29:46,762] {logging_mixin.py:103} INFO - [2024-06-10 10:29:46,762] {dag.py:2266} INFO - Setting next_dagrun for ETL_to_Database to 2024-06-11 00:01:00+00:00
[2024-06-10 10:29:46,773] {scheduler_job.py:189} INFO - Processing /home/anhcu/Project/Stock_project/airflow/dags/etl_to_db.py took 0.050 seconds
[2024-06-10 10:30:14,256] {scheduler_job.py:181} INFO - Started process (PID=77043) to work on /home/anhcu/Project/Stock_project/airflow/dags/etl_to_db.py
[2024-06-10 10:30:14,257] {scheduler_job.py:629} INFO - Processing file /home/anhcu/Project/Stock_project/airflow/dags/etl_to_db.py for tasks to queue
[2024-06-10 10:30:14,258] {logging_mixin.py:103} INFO - [2024-06-10 10:30:14,258] {dagbag.py:440} INFO - Filling up the DagBag from /home/anhcu/Project/Stock_project/airflow/dags/etl_to_db.py
[2024-06-10 10:30:14,270] {scheduler_job.py:639} INFO - DAG(s) dict_keys(['ETL_to_Database']) retrieved from /home/anhcu/Project/Stock_project/airflow/dags/etl_to_db.py
[2024-06-10 10:30:14,270] {logging_mixin.py:103} INFO - [2024-06-10 10:30:14,270] {dag.py:1813} INFO - Sync 1 DAGs
[2024-06-10 10:30:14,291] {logging_mixin.py:103} INFO - [2024-06-10 10:30:14,291] {dag.py:2266} INFO - Setting next_dagrun for ETL_to_Database to 2024-06-11 00:01:00+00:00
[2024-06-10 10:30:14,302] {scheduler_job.py:189} INFO - Processing /home/anhcu/Project/Stock_project/airflow/dags/etl_to_db.py took 0.051 seconds
[2024-06-10 10:30:41,288] {scheduler_job.py:181} INFO - Started process (PID=77167) to work on /home/anhcu/Project/Stock_project/airflow/dags/etl_to_db.py
[2024-06-10 10:30:41,290] {scheduler_job.py:629} INFO - Processing file /home/anhcu/Project/Stock_project/airflow/dags/etl_to_db.py for tasks to queue
[2024-06-10 10:30:41,298] {logging_mixin.py:103} INFO - [2024-06-10 10:30:41,298] {dagbag.py:440} INFO - Filling up the DagBag from /home/anhcu/Project/Stock_project/airflow/dags/etl_to_db.py
[2024-06-10 10:30:41,313] {scheduler_job.py:639} INFO - DAG(s) dict_keys(['ETL_to_Database']) retrieved from /home/anhcu/Project/Stock_project/airflow/dags/etl_to_db.py
[2024-06-10 10:30:41,314] {logging_mixin.py:103} INFO - [2024-06-10 10:30:41,314] {dag.py:1813} INFO - Sync 1 DAGs
[2024-06-10 10:30:41,344] {logging_mixin.py:103} INFO - [2024-06-10 10:30:41,344] {dag.py:2266} INFO - Setting next_dagrun for ETL_to_Database to 2024-06-11 00:01:00+00:00
[2024-06-10 10:30:41,360] {scheduler_job.py:189} INFO - Processing /home/anhcu/Project/Stock_project/airflow/dags/etl_to_db.py took 0.079 seconds
[2024-06-10 10:31:08,615] {scheduler_job.py:181} INFO - Started process (PID=77319) to work on /home/anhcu/Project/Stock_project/airflow/dags/etl_to_db.py
[2024-06-10 10:31:08,617] {scheduler_job.py:629} INFO - Processing file /home/anhcu/Project/Stock_project/airflow/dags/etl_to_db.py for tasks to queue
[2024-06-10 10:31:08,618] {logging_mixin.py:103} INFO - [2024-06-10 10:31:08,618] {dagbag.py:440} INFO - Filling up the DagBag from /home/anhcu/Project/Stock_project/airflow/dags/etl_to_db.py
[2024-06-10 10:31:08,630] {scheduler_job.py:639} INFO - DAG(s) dict_keys(['ETL_to_Database']) retrieved from /home/anhcu/Project/Stock_project/airflow/dags/etl_to_db.py
[2024-06-10 10:31:08,631] {logging_mixin.py:103} INFO - [2024-06-10 10:31:08,631] {dag.py:1813} INFO - Sync 1 DAGs
[2024-06-10 10:31:08,651] {logging_mixin.py:103} INFO - [2024-06-10 10:31:08,651] {dag.py:2266} INFO - Setting next_dagrun for ETL_to_Database to 2024-06-11 00:01:00+00:00
[2024-06-10 10:31:08,662] {scheduler_job.py:189} INFO - Processing /home/anhcu/Project/Stock_project/airflow/dags/etl_to_db.py took 0.051 seconds
[2024-06-10 10:31:35,929] {scheduler_job.py:181} INFO - Started process (PID=77475) to work on /home/anhcu/Project/Stock_project/airflow/dags/etl_to_db.py
[2024-06-10 10:31:35,931] {scheduler_job.py:629} INFO - Processing file /home/anhcu/Project/Stock_project/airflow/dags/etl_to_db.py for tasks to queue
[2024-06-10 10:31:35,932] {logging_mixin.py:103} INFO - [2024-06-10 10:31:35,932] {dagbag.py:440} INFO - Filling up the DagBag from /home/anhcu/Project/Stock_project/airflow/dags/etl_to_db.py
[2024-06-10 10:31:35,943] {scheduler_job.py:639} INFO - DAG(s) dict_keys(['ETL_to_Database']) retrieved from /home/anhcu/Project/Stock_project/airflow/dags/etl_to_db.py
[2024-06-10 10:31:35,944] {logging_mixin.py:103} INFO - [2024-06-10 10:31:35,944] {dag.py:1813} INFO - Sync 1 DAGs
[2024-06-10 10:31:35,964] {logging_mixin.py:103} INFO - [2024-06-10 10:31:35,964] {dag.py:2266} INFO - Setting next_dagrun for ETL_to_Database to 2024-06-11 00:01:00+00:00
[2024-06-10 10:31:35,975] {scheduler_job.py:189} INFO - Processing /home/anhcu/Project/Stock_project/airflow/dags/etl_to_db.py took 0.051 seconds
[2024-06-10 10:32:05,216] {scheduler_job.py:181} INFO - Started process (PID=77633) to work on /home/anhcu/Project/Stock_project/airflow/dags/etl_to_db.py
[2024-06-10 10:32:05,218] {scheduler_job.py:629} INFO - Processing file /home/anhcu/Project/Stock_project/airflow/dags/etl_to_db.py for tasks to queue
[2024-06-10 10:32:05,219] {logging_mixin.py:103} INFO - [2024-06-10 10:32:05,219] {dagbag.py:440} INFO - Filling up the DagBag from /home/anhcu/Project/Stock_project/airflow/dags/etl_to_db.py
[2024-06-10 10:32:05,231] {scheduler_job.py:639} INFO - DAG(s) dict_keys(['ETL_to_Database']) retrieved from /home/anhcu/Project/Stock_project/airflow/dags/etl_to_db.py
[2024-06-10 10:32:05,233] {logging_mixin.py:103} INFO - [2024-06-10 10:32:05,232] {dag.py:1813} INFO - Sync 1 DAGs
[2024-06-10 10:32:05,256] {logging_mixin.py:103} INFO - [2024-06-10 10:32:05,256] {dag.py:2266} INFO - Setting next_dagrun for ETL_to_Database to 2024-06-11 00:01:00+00:00
[2024-06-10 10:32:05,267] {scheduler_job.py:189} INFO - Processing /home/anhcu/Project/Stock_project/airflow/dags/etl_to_db.py took 0.056 seconds
[2024-06-10 10:32:32,447] {scheduler_job.py:181} INFO - Started process (PID=77789) to work on /home/anhcu/Project/Stock_project/airflow/dags/etl_to_db.py
[2024-06-10 10:32:32,448] {scheduler_job.py:629} INFO - Processing file /home/anhcu/Project/Stock_project/airflow/dags/etl_to_db.py for tasks to queue
[2024-06-10 10:32:32,449] {logging_mixin.py:103} INFO - [2024-06-10 10:32:32,449] {dagbag.py:440} INFO - Filling up the DagBag from /home/anhcu/Project/Stock_project/airflow/dags/etl_to_db.py
[2024-06-10 10:32:32,462] {scheduler_job.py:639} INFO - DAG(s) dict_keys(['ETL_to_Database']) retrieved from /home/anhcu/Project/Stock_project/airflow/dags/etl_to_db.py
[2024-06-10 10:32:32,464] {logging_mixin.py:103} INFO - [2024-06-10 10:32:32,464] {dag.py:1813} INFO - Sync 1 DAGs
[2024-06-10 10:32:32,487] {logging_mixin.py:103} INFO - [2024-06-10 10:32:32,487] {dag.py:2266} INFO - Setting next_dagrun for ETL_to_Database to 2024-06-11 00:01:00+00:00
[2024-06-10 10:32:32,499] {scheduler_job.py:189} INFO - Processing /home/anhcu/Project/Stock_project/airflow/dags/etl_to_db.py took 0.056 seconds
[2024-06-10 10:33:00,818] {scheduler_job.py:181} INFO - Started process (PID=78018) to work on /home/anhcu/Project/Stock_project/airflow/dags/etl_to_db.py
[2024-06-10 10:33:00,819] {scheduler_job.py:629} INFO - Processing file /home/anhcu/Project/Stock_project/airflow/dags/etl_to_db.py for tasks to queue
[2024-06-10 10:33:00,820] {logging_mixin.py:103} INFO - [2024-06-10 10:33:00,820] {dagbag.py:440} INFO - Filling up the DagBag from /home/anhcu/Project/Stock_project/airflow/dags/etl_to_db.py
[2024-06-10 10:33:00,832] {scheduler_job.py:639} INFO - DAG(s) dict_keys(['ETL_to_Database']) retrieved from /home/anhcu/Project/Stock_project/airflow/dags/etl_to_db.py
[2024-06-10 10:33:00,833] {logging_mixin.py:103} INFO - [2024-06-10 10:33:00,833] {dag.py:1813} INFO - Sync 1 DAGs
[2024-06-10 10:33:00,853] {logging_mixin.py:103} INFO - [2024-06-10 10:33:00,853] {dag.py:2266} INFO - Setting next_dagrun for ETL_to_Database to 2024-06-11 00:01:00+00:00
[2024-06-10 10:33:00,863] {scheduler_job.py:189} INFO - Processing /home/anhcu/Project/Stock_project/airflow/dags/etl_to_db.py took 0.050 seconds
[2024-06-10 10:33:28,019] {scheduler_job.py:181} INFO - Started process (PID=78244) to work on /home/anhcu/Project/Stock_project/airflow/dags/etl_to_db.py
[2024-06-10 10:33:28,020] {scheduler_job.py:629} INFO - Processing file /home/anhcu/Project/Stock_project/airflow/dags/etl_to_db.py for tasks to queue
[2024-06-10 10:33:28,021] {logging_mixin.py:103} INFO - [2024-06-10 10:33:28,020] {dagbag.py:440} INFO - Filling up the DagBag from /home/anhcu/Project/Stock_project/airflow/dags/etl_to_db.py
[2024-06-10 10:33:28,032] {scheduler_job.py:639} INFO - DAG(s) dict_keys(['ETL_to_Database']) retrieved from /home/anhcu/Project/Stock_project/airflow/dags/etl_to_db.py
[2024-06-10 10:33:28,033] {logging_mixin.py:103} INFO - [2024-06-10 10:33:28,033] {dag.py:1813} INFO - Sync 1 DAGs
[2024-06-10 10:33:28,063] {logging_mixin.py:103} INFO - [2024-06-10 10:33:28,063] {dag.py:2266} INFO - Setting next_dagrun for ETL_to_Database to 2024-06-11 00:01:00+00:00
[2024-06-10 10:33:28,074] {scheduler_job.py:189} INFO - Processing /home/anhcu/Project/Stock_project/airflow/dags/etl_to_db.py took 0.060 seconds
[2024-06-10 10:33:55,466] {scheduler_job.py:181} INFO - Started process (PID=78368) to work on /home/anhcu/Project/Stock_project/airflow/dags/etl_to_db.py
[2024-06-10 10:33:55,467] {scheduler_job.py:629} INFO - Processing file /home/anhcu/Project/Stock_project/airflow/dags/etl_to_db.py for tasks to queue
[2024-06-10 10:33:55,468] {logging_mixin.py:103} INFO - [2024-06-10 10:33:55,468] {dagbag.py:440} INFO - Filling up the DagBag from /home/anhcu/Project/Stock_project/airflow/dags/etl_to_db.py
[2024-06-10 10:33:55,480] {scheduler_job.py:639} INFO - DAG(s) dict_keys(['ETL_to_Database']) retrieved from /home/anhcu/Project/Stock_project/airflow/dags/etl_to_db.py
[2024-06-10 10:33:55,481] {logging_mixin.py:103} INFO - [2024-06-10 10:33:55,481] {dag.py:1813} INFO - Sync 1 DAGs
[2024-06-10 10:33:55,501] {logging_mixin.py:103} INFO - [2024-06-10 10:33:55,501] {dag.py:2266} INFO - Setting next_dagrun for ETL_to_Database to 2024-06-11 00:01:00+00:00
[2024-06-10 10:33:55,512] {scheduler_job.py:189} INFO - Processing /home/anhcu/Project/Stock_project/airflow/dags/etl_to_db.py took 0.050 seconds
[2024-06-10 10:34:23,752] {scheduler_job.py:181} INFO - Started process (PID=78523) to work on /home/anhcu/Project/Stock_project/airflow/dags/etl_to_db.py
[2024-06-10 10:34:23,753] {scheduler_job.py:629} INFO - Processing file /home/anhcu/Project/Stock_project/airflow/dags/etl_to_db.py for tasks to queue
[2024-06-10 10:34:23,755] {logging_mixin.py:103} INFO - [2024-06-10 10:34:23,755] {dagbag.py:440} INFO - Filling up the DagBag from /home/anhcu/Project/Stock_project/airflow/dags/etl_to_db.py
[2024-06-10 10:34:23,770] {scheduler_job.py:639} INFO - DAG(s) dict_keys(['ETL_to_Database']) retrieved from /home/anhcu/Project/Stock_project/airflow/dags/etl_to_db.py
[2024-06-10 10:34:23,771] {logging_mixin.py:103} INFO - [2024-06-10 10:34:23,771] {dag.py:1813} INFO - Sync 1 DAGs
[2024-06-10 10:34:23,792] {logging_mixin.py:103} INFO - [2024-06-10 10:34:23,792] {dag.py:2266} INFO - Setting next_dagrun for ETL_to_Database to 2024-06-11 00:01:00+00:00
[2024-06-10 10:34:23,803] {scheduler_job.py:189} INFO - Processing /home/anhcu/Project/Stock_project/airflow/dags/etl_to_db.py took 0.055 seconds
[2024-06-10 10:34:51,090] {scheduler_job.py:181} INFO - Started process (PID=78720) to work on /home/anhcu/Project/Stock_project/airflow/dags/etl_to_db.py
[2024-06-10 10:34:51,091] {scheduler_job.py:629} INFO - Processing file /home/anhcu/Project/Stock_project/airflow/dags/etl_to_db.py for tasks to queue
[2024-06-10 10:34:51,092] {logging_mixin.py:103} INFO - [2024-06-10 10:34:51,092] {dagbag.py:440} INFO - Filling up the DagBag from /home/anhcu/Project/Stock_project/airflow/dags/etl_to_db.py
[2024-06-10 10:34:51,103] {scheduler_job.py:639} INFO - DAG(s) dict_keys(['ETL_to_Database']) retrieved from /home/anhcu/Project/Stock_project/airflow/dags/etl_to_db.py
[2024-06-10 10:34:51,104] {logging_mixin.py:103} INFO - [2024-06-10 10:34:51,104] {dag.py:1813} INFO - Sync 1 DAGs
[2024-06-10 10:34:51,125] {logging_mixin.py:103} INFO - [2024-06-10 10:34:51,125] {dag.py:2266} INFO - Setting next_dagrun for ETL_to_Database to 2024-06-11 00:01:00+00:00
[2024-06-10 10:34:51,136] {scheduler_job.py:189} INFO - Processing /home/anhcu/Project/Stock_project/airflow/dags/etl_to_db.py took 0.051 seconds
[2024-06-10 10:35:47,341] {scheduler_job.py:181} INFO - Started process (PID=79446) to work on /home/anhcu/Project/Stock_project/airflow/dags/etl_to_db.py
[2024-06-10 10:35:47,344] {scheduler_job.py:629} INFO - Processing file /home/anhcu/Project/Stock_project/airflow/dags/etl_to_db.py for tasks to queue
[2024-06-10 10:35:47,345] {logging_mixin.py:103} INFO - [2024-06-10 10:35:47,345] {dagbag.py:440} INFO - Filling up the DagBag from /home/anhcu/Project/Stock_project/airflow/dags/etl_to_db.py
[2024-06-10 10:35:47,361] {scheduler_job.py:639} INFO - DAG(s) dict_keys(['ETL_to_Database']) retrieved from /home/anhcu/Project/Stock_project/airflow/dags/etl_to_db.py
[2024-06-10 10:35:47,362] {logging_mixin.py:103} INFO - [2024-06-10 10:35:47,362] {dag.py:1813} INFO - Sync 1 DAGs
[2024-06-10 10:35:47,385] {logging_mixin.py:103} INFO - [2024-06-10 10:35:47,385] {dag.py:2266} INFO - Setting next_dagrun for ETL_to_Database to 2024-06-11 00:01:00+00:00
[2024-06-10 10:35:47,396] {scheduler_job.py:189} INFO - Processing /home/anhcu/Project/Stock_project/airflow/dags/etl_to_db.py took 0.059 seconds
[2024-06-10 10:36:17,150] {scheduler_job.py:181} INFO - Started process (PID=79659) to work on /home/anhcu/Project/Stock_project/airflow/dags/etl_to_db.py
[2024-06-10 10:36:17,151] {scheduler_job.py:629} INFO - Processing file /home/anhcu/Project/Stock_project/airflow/dags/etl_to_db.py for tasks to queue
[2024-06-10 10:36:17,152] {logging_mixin.py:103} INFO - [2024-06-10 10:36:17,152] {dagbag.py:440} INFO - Filling up the DagBag from /home/anhcu/Project/Stock_project/airflow/dags/etl_to_db.py
[2024-06-10 10:36:17,165] {scheduler_job.py:639} INFO - DAG(s) dict_keys(['ETL_to_Database']) retrieved from /home/anhcu/Project/Stock_project/airflow/dags/etl_to_db.py
[2024-06-10 10:36:17,166] {logging_mixin.py:103} INFO - [2024-06-10 10:36:17,166] {dag.py:1813} INFO - Sync 1 DAGs
[2024-06-10 10:36:17,186] {logging_mixin.py:103} INFO - [2024-06-10 10:36:17,186] {dag.py:2266} INFO - Setting next_dagrun for ETL_to_Database to 2024-06-11 00:01:00+00:00
[2024-06-10 10:36:17,198] {scheduler_job.py:189} INFO - Processing /home/anhcu/Project/Stock_project/airflow/dags/etl_to_db.py took 0.052 seconds
