[2024-06-11 05:21:14,923] {taskinstance.py:826} INFO - Dependencies all met for <TaskInstance: ETL_to_Database.load_json_to_db_2 2024-06-11T05:20:58.447255+00:00 [queued]>
[2024-06-11 05:21:14,928] {taskinstance.py:826} INFO - Dependencies all met for <TaskInstance: ETL_to_Database.load_json_to_db_2 2024-06-11T05:20:58.447255+00:00 [queued]>
[2024-06-11 05:21:14,928] {taskinstance.py:1017} INFO - 
--------------------------------------------------------------------------------
[2024-06-11 05:21:14,929] {taskinstance.py:1018} INFO - Starting attempt 1 of 2
[2024-06-11 05:21:14,929] {taskinstance.py:1019} INFO - 
--------------------------------------------------------------------------------
[2024-06-11 05:21:14,941] {taskinstance.py:1038} INFO - Executing <Task(BashOperator): load_json_to_db_2> on 2024-06-11T05:20:58.447255+00:00
[2024-06-11 05:21:14,943] {standard_task_runner.py:51} INFO - Started process 4393 to run task
[2024-06-11 05:21:14,949] {standard_task_runner.py:75} INFO - Running: ['airflow', 'tasks', 'run', 'ETL_to_Database', 'load_json_to_db_2', '2024-06-11T05:20:58.447255+00:00', '--job-id', '55', '--pool', 'default_pool', '--raw', '--subdir', 'DAGS_FOLDER/etl_to_db.py', '--cfg-path', '/tmp/tmpg_igvv4k']
[2024-06-11 05:21:14,950] {standard_task_runner.py:76} INFO - Job 55: Subtask load_json_to_db_2
[2024-06-11 05:21:14,984] {logging_mixin.py:103} INFO - Running <TaskInstance: ETL_to_Database.load_json_to_db_2 2024-06-11T05:20:58.447255+00:00 [running]> on host etl.us-central1-a.c.data-engineering-stock.internal
[2024-06-11 05:21:15,015] {taskinstance.py:1230} INFO - Exporting the following env vars:
AIRFLOW_CTX_DAG_EMAIL=anhcuonghuynhnguyen@gmail.com
AIRFLOW_CTX_DAG_OWNER=airflow
AIRFLOW_CTX_DAG_ID=ETL_to_Database
AIRFLOW_CTX_TASK_ID=load_json_to_db_2
AIRFLOW_CTX_EXECUTION_DATE=2024-06-11T05:20:58.447255+00:00
AIRFLOW_CTX_DAG_RUN_ID=manual__2024-06-11T05:20:58.447255+00:00
[2024-06-11 05:21:15,016] {bash.py:135} INFO - Tmp dir root location: 
 /tmp
[2024-06-11 05:21:15,017] {bash.py:158} INFO - Running command: /bin/python3 /home/anhcu/Project/Stock_project/backend/scripts/load/load_json_to_db_2.py
[2024-06-11 05:21:15,023] {bash.py:169} INFO - Output:
[2024-06-11 05:21:15,097] {bash.py:173} INFO - Inserted data into exchanges
[2024-06-11 05:21:15,110] {bash.py:177} INFO - Command exited with return code 0
[2024-06-11 05:21:15,134] {taskinstance.py:1135} INFO - Marking task as SUCCESS. dag_id=ETL_to_Database, task_id=load_json_to_db_2, execution_date=20240611T052058, start_date=20240611T052114, end_date=20240611T052115
[2024-06-11 05:21:15,163] {taskinstance.py:1195} INFO - 1 downstream tasks scheduled from follow-on schedule check
[2024-06-11 05:21:15,201] {local_task_job.py:118} INFO - Task exited with return code 0
