[2024-06-11 07:25:29,698] {taskinstance.py:826} INFO - Dependencies all met for <TaskInstance: ELT_to_Data_Warehouse.load_parquet_to_hdfs 2024-06-11T07:25:11.557038+00:00 [queued]>
[2024-06-11 07:25:29,704] {taskinstance.py:826} INFO - Dependencies all met for <TaskInstance: ELT_to_Data_Warehouse.load_parquet_to_hdfs 2024-06-11T07:25:11.557038+00:00 [queued]>
[2024-06-11 07:25:29,704] {taskinstance.py:1017} INFO - 
--------------------------------------------------------------------------------
[2024-06-11 07:25:29,704] {taskinstance.py:1018} INFO - Starting attempt 1 of 2
[2024-06-11 07:25:29,704] {taskinstance.py:1019} INFO - 
--------------------------------------------------------------------------------
[2024-06-11 07:25:29,715] {taskinstance.py:1038} INFO - Executing <Task(PythonOperator): load_parquet_to_hdfs> on 2024-06-11T07:25:11.557038+00:00
[2024-06-11 07:25:29,719] {standard_task_runner.py:51} INFO - Started process 62488 to run task
[2024-06-11 07:25:29,725] {standard_task_runner.py:75} INFO - Running: ['airflow', 'tasks', 'run', 'ELT_to_Data_Warehouse', 'load_parquet_to_hdfs', '2024-06-11T07:25:11.557038+00:00', '--job-id', '112', '--pool', 'default_pool', '--raw', '--subdir', 'DAGS_FOLDER/elt_to_dw.py', '--cfg-path', '/tmp/tmpqi4ah261']
[2024-06-11 07:25:29,725] {standard_task_runner.py:76} INFO - Job 112: Subtask load_parquet_to_hdfs
[2024-06-11 07:25:29,763] {logging_mixin.py:103} INFO - Running <TaskInstance: ELT_to_Data_Warehouse.load_parquet_to_hdfs 2024-06-11T07:25:11.557038+00:00 [running]> on host etl.us-central1-a.c.data-engineering-stock.internal
[2024-06-11 07:25:29,789] {taskinstance.py:1230} INFO - Exporting the following env vars:
AIRFLOW_CTX_DAG_OWNER=airflow
AIRFLOW_CTX_DAG_ID=ELT_to_Data_Warehouse
AIRFLOW_CTX_TASK_ID=load_parquet_to_hdfs
AIRFLOW_CTX_EXECUTION_DATE=2024-06-11T07:25:11.557038+00:00
AIRFLOW_CTX_DAG_RUN_ID=manual__2024-06-11T07:25:11.557038+00:00
[2024-06-11 07:25:42,204] {logging_mixin.py:103} INFO - /user/anhcu/datalake/news/crawl_news_2024_06_10.parquet
/user/anhcu/datalake/ohlcs/crawl_ohlcs_2024_06_10.parquet
/user/anhcu/datalake/companies/load_db_to_dl_2024_06_11.parquet
[2024-06-11 07:25:42,204] {logging_mixin.py:103} INFO - 
[2024-06-11 07:25:42,204] {python.py:118} INFO - Done. Returned value was: /user/anhcu/datalake/news/crawl_news_2024_06_10.parquet
/user/anhcu/datalake/ohlcs/crawl_ohlcs_2024_06_10.parquet
/user/anhcu/datalake/companies/load_db_to_dl_2024_06_11.parquet


[2024-06-11 07:25:42,225] {taskinstance.py:1135} INFO - Marking task as SUCCESS. dag_id=ELT_to_Data_Warehouse, task_id=load_parquet_to_hdfs, execution_date=20240611T072511, start_date=20240611T072529, end_date=20240611T072542
[2024-06-11 07:25:42,255] {taskinstance.py:1195} INFO - 1 downstream tasks scheduled from follow-on schedule check
[2024-06-11 07:25:42,280] {local_task_job.py:118} INFO - Task exited with return code 0
