[2024-06-11 06:24:13,152] {taskinstance.py:826} INFO - Dependencies all met for <TaskInstance: ELT_to_Data_Warehouse.crawl_news 2024-06-11T06:24:10.748556+00:00 [queued]>
[2024-06-11 06:24:13,159] {taskinstance.py:826} INFO - Dependencies all met for <TaskInstance: ELT_to_Data_Warehouse.crawl_news 2024-06-11T06:24:10.748556+00:00 [queued]>
[2024-06-11 06:24:13,159] {taskinstance.py:1017} INFO - 
--------------------------------------------------------------------------------
[2024-06-11 06:24:13,159] {taskinstance.py:1018} INFO - Starting attempt 1 of 2
[2024-06-11 06:24:13,159] {taskinstance.py:1019} INFO - 
--------------------------------------------------------------------------------
[2024-06-11 06:24:13,174] {taskinstance.py:1038} INFO - Executing <Task(BashOperator): crawl_news> on 2024-06-11T06:24:10.748556+00:00
[2024-06-11 06:24:13,178] {standard_task_runner.py:51} INFO - Started process 36115 to run task
[2024-06-11 06:24:13,185] {standard_task_runner.py:75} INFO - Running: ['airflow', 'tasks', 'run', 'ELT_to_Data_Warehouse', 'crawl_news', '2024-06-11T06:24:10.748556+00:00', '--job-id', '86', '--pool', 'default_pool', '--raw', '--subdir', 'DAGS_FOLDER/elt_to_dw.py', '--cfg-path', '/tmp/tmpwewulxc2']
[2024-06-11 06:24:13,186] {standard_task_runner.py:76} INFO - Job 86: Subtask crawl_news
[2024-06-11 06:24:13,231] {logging_mixin.py:103} INFO - Running <TaskInstance: ELT_to_Data_Warehouse.crawl_news 2024-06-11T06:24:10.748556+00:00 [running]> on host etl.us-central1-a.c.data-engineering-stock.internal
[2024-06-11 06:24:13,281] {taskinstance.py:1230} INFO - Exporting the following env vars:
AIRFLOW_CTX_DAG_OWNER=airflow
AIRFLOW_CTX_DAG_ID=ELT_to_Data_Warehouse
AIRFLOW_CTX_TASK_ID=crawl_news
AIRFLOW_CTX_EXECUTION_DATE=2024-06-11T06:24:10.748556+00:00
AIRFLOW_CTX_DAG_RUN_ID=manual__2024-06-11T06:24:10.748556+00:00
[2024-06-11 06:24:13,281] {bash.py:135} INFO - Tmp dir root location: 
 /tmp
[2024-06-11 06:24:13,282] {bash.py:158} INFO - Running command: /bin/python3 /home/anhcu/Project/Stock_project/elt/scripts/extract/crawl_news.py
[2024-06-11 06:24:13,291] {bash.py:169} INFO - Output:
[2024-06-11 06:24:14,882] {bash.py:173} INFO - 20240610T0000 20240610T0929
[2024-06-11 06:24:14,882] {bash.py:173} INFO - 20240610T0930 20240610T1600
[2024-06-11 06:24:14,882] {bash.py:173} INFO - 20240610T1601 20240610T2359
[2024-06-11 06:24:14,882] {bash.py:173} INFO - The process of crawling 2010 news was successful
[2024-06-11 06:24:14,882] {bash.py:173} INFO - Saving at /home/anhcu/Project/Stock_project/elt/data/raw/news/crawl_news_2024_06_10.json
[2024-06-11 06:24:14,932] {bash.py:177} INFO - Command exited with return code 0
[2024-06-11 06:24:14,958] {taskinstance.py:1135} INFO - Marking task as SUCCESS. dag_id=ELT_to_Data_Warehouse, task_id=crawl_news, execution_date=20240611T062410, start_date=20240611T062413, end_date=20240611T062414
[2024-06-11 06:24:14,986] {taskinstance.py:1195} INFO - 0 downstream tasks scheduled from follow-on schedule check
[2024-06-11 06:24:15,008] {local_task_job.py:118} INFO - Task exited with return code 0
