[2024-06-11 05:46:04,060] {taskinstance.py:826} INFO - Dependencies all met for <TaskInstance: ELT_to_Data_Warehouse.load_parquet_to_hdfs 2024-06-11T05:45:49.748328+00:00 [queued]>
[2024-06-11 05:46:04,067] {taskinstance.py:826} INFO - Dependencies all met for <TaskInstance: ELT_to_Data_Warehouse.load_parquet_to_hdfs 2024-06-11T05:45:49.748328+00:00 [queued]>
[2024-06-11 05:46:04,067] {taskinstance.py:1017} INFO - 
--------------------------------------------------------------------------------
[2024-06-11 05:46:04,067] {taskinstance.py:1018} INFO - Starting attempt 1 of 2
[2024-06-11 05:46:04,067] {taskinstance.py:1019} INFO - 
--------------------------------------------------------------------------------
[2024-06-11 05:46:04,078] {taskinstance.py:1038} INFO - Executing <Task(PythonOperator): load_parquet_to_hdfs> on 2024-06-11T05:45:49.748328+00:00
[2024-06-11 05:46:04,082] {standard_task_runner.py:51} INFO - Started process 20952 to run task
[2024-06-11 05:46:04,088] {standard_task_runner.py:75} INFO - Running: ['airflow', 'tasks', 'run', 'ELT_to_Data_Warehouse', 'load_parquet_to_hdfs', '2024-06-11T05:45:49.748328+00:00', '--job-id', '76', '--pool', 'default_pool', '--raw', '--subdir', 'DAGS_FOLDER/elt_to_dw.py', '--cfg-path', '/tmp/tmp06h3ka32']
[2024-06-11 05:46:04,088] {standard_task_runner.py:76} INFO - Job 76: Subtask load_parquet_to_hdfs
[2024-06-11 05:46:04,121] {logging_mixin.py:103} INFO - Running <TaskInstance: ELT_to_Data_Warehouse.load_parquet_to_hdfs 2024-06-11T05:45:49.748328+00:00 [running]> on host etl.us-central1-a.c.data-engineering-stock.internal
[2024-06-11 05:46:04,146] {taskinstance.py:1230} INFO - Exporting the following env vars:
AIRFLOW_CTX_DAG_OWNER=airflow
AIRFLOW_CTX_DAG_ID=ELT_to_Data_Warehouse
AIRFLOW_CTX_TASK_ID=load_parquet_to_hdfs
AIRFLOW_CTX_EXECUTION_DATE=2024-06-11T05:45:49.748328+00:00
AIRFLOW_CTX_DAG_RUN_ID=manual__2024-06-11T05:45:49.748328+00:00
[2024-06-11 05:46:16,725] {logging_mixin.py:103} INFO - Uploaded /home/anhcu/Project/Stock_project/elt/data/completed/load_api_ohlcs_to_dl/crawl_ohlcs_2024_06_10.parquet to /user/anhcu/datalake/ohlcs on HDFS
Uploaded /home/anhcu/Project/Stock_project/elt/data/completed/load_api_news_to_dl/crawl_news_2024_06_10.parquet to /user/anhcu/datalake/news on HDFS
Uploaded /home/anhcu/Project/Stock_project/elt/data/completed/load_db_to_dl/load_db_to_dl_2024_06_11.parquet to /user/anhcu/datalake/companies on HDFS
/user/anhcu/datalake/ohlcs/crawl_ohlcs_2024_06_10.parquet
/user/anhcu/datalake/news/crawl_news_2024_06_10.parquet
/user/anhcu/datalake/companies/load_db_to_dl_2024_06_11.parquet
[2024-06-11 05:46:16,726] {logging_mixin.py:103} INFO - 
[2024-06-11 05:46:16,726] {python.py:118} INFO - Done. Returned value was: Uploaded /home/anhcu/Project/Stock_project/elt/data/completed/load_api_ohlcs_to_dl/crawl_ohlcs_2024_06_10.parquet to /user/anhcu/datalake/ohlcs on HDFS
Uploaded /home/anhcu/Project/Stock_project/elt/data/completed/load_api_news_to_dl/crawl_news_2024_06_10.parquet to /user/anhcu/datalake/news on HDFS
Uploaded /home/anhcu/Project/Stock_project/elt/data/completed/load_db_to_dl/load_db_to_dl_2024_06_11.parquet to /user/anhcu/datalake/companies on HDFS
/user/anhcu/datalake/ohlcs/crawl_ohlcs_2024_06_10.parquet
/user/anhcu/datalake/news/crawl_news_2024_06_10.parquet
/user/anhcu/datalake/companies/load_db_to_dl_2024_06_11.parquet


[2024-06-11 05:46:16,752] {taskinstance.py:1135} INFO - Marking task as SUCCESS. dag_id=ELT_to_Data_Warehouse, task_id=load_parquet_to_hdfs, execution_date=20240611T054549, start_date=20240611T054604, end_date=20240611T054616
[2024-06-11 05:46:16,794] {taskinstance.py:1195} INFO - 1 downstream tasks scheduled from follow-on schedule check
[2024-06-11 05:46:16,818] {local_task_job.py:118} INFO - Task exited with return code 0
