[2024-06-10 09:58:33,444] {scheduler_job.py:181} INFO - Started process (PID=62789) to work on /home/anhcu/Project/Stock_project/airflow_venv/lib/python3.8/site-packages/airflow/example_dags/example_short_circuit_operator.py
[2024-06-10 09:58:33,455] {scheduler_job.py:629} INFO - Processing file /home/anhcu/Project/Stock_project/airflow_venv/lib/python3.8/site-packages/airflow/example_dags/example_short_circuit_operator.py for tasks to queue
[2024-06-10 09:58:33,456] {logging_mixin.py:103} INFO - [2024-06-10 09:58:33,456] {dagbag.py:440} INFO - Filling up the DagBag from /home/anhcu/Project/Stock_project/airflow_venv/lib/python3.8/site-packages/airflow/example_dags/example_short_circuit_operator.py
[2024-06-10 09:58:33,488] {scheduler_job.py:639} INFO - DAG(s) dict_keys(['example_short_circuit_operator']) retrieved from /home/anhcu/Project/Stock_project/airflow_venv/lib/python3.8/site-packages/airflow/example_dags/example_short_circuit_operator.py
[2024-06-10 09:58:33,616] {logging_mixin.py:103} INFO - [2024-06-10 09:58:33,616] {dag.py:1813} INFO - Sync 1 DAGs
[2024-06-10 09:58:33,642] {logging_mixin.py:103} INFO - [2024-06-10 09:58:33,642] {dag.py:2266} INFO - Setting next_dagrun for example_short_circuit_operator to 2024-06-08 00:00:00+00:00
[2024-06-10 09:58:33,663] {scheduler_job.py:189} INFO - Processing /home/anhcu/Project/Stock_project/airflow_venv/lib/python3.8/site-packages/airflow/example_dags/example_short_circuit_operator.py took 0.223 seconds
[2024-06-10 09:59:32,682] {scheduler_job.py:181} INFO - Started process (PID=63090) to work on /home/anhcu/Project/Stock_project/airflow_venv/lib/python3.8/site-packages/airflow/example_dags/example_short_circuit_operator.py
[2024-06-10 09:59:32,687] {scheduler_job.py:629} INFO - Processing file /home/anhcu/Project/Stock_project/airflow_venv/lib/python3.8/site-packages/airflow/example_dags/example_short_circuit_operator.py for tasks to queue
[2024-06-10 09:59:32,688] {logging_mixin.py:103} INFO - [2024-06-10 09:59:32,688] {dagbag.py:440} INFO - Filling up the DagBag from /home/anhcu/Project/Stock_project/airflow_venv/lib/python3.8/site-packages/airflow/example_dags/example_short_circuit_operator.py
[2024-06-10 09:59:32,717] {scheduler_job.py:639} INFO - DAG(s) dict_keys(['example_short_circuit_operator']) retrieved from /home/anhcu/Project/Stock_project/airflow_venv/lib/python3.8/site-packages/airflow/example_dags/example_short_circuit_operator.py
[2024-06-10 09:59:32,718] {logging_mixin.py:103} INFO - [2024-06-10 09:59:32,718] {dag.py:1813} INFO - Sync 1 DAGs
[2024-06-10 09:59:33,133] {logging_mixin.py:103} INFO - [2024-06-10 09:59:33,133] {dag.py:2266} INFO - Setting next_dagrun for example_short_circuit_operator to 2024-06-08 00:00:00+00:00
[2024-06-10 09:59:33,164] {scheduler_job.py:189} INFO - Processing /home/anhcu/Project/Stock_project/airflow_venv/lib/python3.8/site-packages/airflow/example_dags/example_short_circuit_operator.py took 0.491 seconds
[2024-06-10 10:00:21,163] {scheduler_job.py:181} INFO - Started process (PID=63410) to work on /home/anhcu/Project/Stock_project/airflow_venv/lib/python3.8/site-packages/airflow/example_dags/example_short_circuit_operator.py
[2024-06-10 10:00:21,176] {scheduler_job.py:629} INFO - Processing file /home/anhcu/Project/Stock_project/airflow_venv/lib/python3.8/site-packages/airflow/example_dags/example_short_circuit_operator.py for tasks to queue
[2024-06-10 10:00:21,177] {logging_mixin.py:103} INFO - [2024-06-10 10:00:21,177] {dagbag.py:440} INFO - Filling up the DagBag from /home/anhcu/Project/Stock_project/airflow_venv/lib/python3.8/site-packages/airflow/example_dags/example_short_circuit_operator.py
[2024-06-10 10:00:21,203] {scheduler_job.py:639} INFO - DAG(s) dict_keys(['example_short_circuit_operator']) retrieved from /home/anhcu/Project/Stock_project/airflow_venv/lib/python3.8/site-packages/airflow/example_dags/example_short_circuit_operator.py
[2024-06-10 10:00:21,205] {logging_mixin.py:103} INFO - [2024-06-10 10:00:21,205] {dag.py:1813} INFO - Sync 1 DAGs
[2024-06-10 10:00:21,375] {logging_mixin.py:103} INFO - [2024-06-10 10:00:21,375] {dag.py:2266} INFO - Setting next_dagrun for example_short_circuit_operator to 2024-06-08 00:00:00+00:00
[2024-06-10 10:00:21,393] {scheduler_job.py:189} INFO - Processing /home/anhcu/Project/Stock_project/airflow_venv/lib/python3.8/site-packages/airflow/example_dags/example_short_circuit_operator.py took 0.242 seconds
[2024-06-10 10:01:06,935] {scheduler_job.py:181} INFO - Started process (PID=63667) to work on /home/anhcu/Project/Stock_project/airflow_venv/lib/python3.8/site-packages/airflow/example_dags/example_short_circuit_operator.py
[2024-06-10 10:01:06,944] {scheduler_job.py:629} INFO - Processing file /home/anhcu/Project/Stock_project/airflow_venv/lib/python3.8/site-packages/airflow/example_dags/example_short_circuit_operator.py for tasks to queue
[2024-06-10 10:01:06,953] {logging_mixin.py:103} INFO - [2024-06-10 10:01:06,953] {dagbag.py:440} INFO - Filling up the DagBag from /home/anhcu/Project/Stock_project/airflow_venv/lib/python3.8/site-packages/airflow/example_dags/example_short_circuit_operator.py
[2024-06-10 10:01:06,971] {scheduler_job.py:639} INFO - DAG(s) dict_keys(['example_short_circuit_operator']) retrieved from /home/anhcu/Project/Stock_project/airflow_venv/lib/python3.8/site-packages/airflow/example_dags/example_short_circuit_operator.py
[2024-06-10 10:01:06,988] {logging_mixin.py:103} INFO - [2024-06-10 10:01:06,988] {dag.py:1813} INFO - Sync 1 DAGs
[2024-06-10 10:01:07,431] {logging_mixin.py:103} INFO - [2024-06-10 10:01:07,431] {dag.py:2266} INFO - Setting next_dagrun for example_short_circuit_operator to 2024-06-08 00:00:00+00:00
[2024-06-10 10:01:07,452] {scheduler_job.py:189} INFO - Processing /home/anhcu/Project/Stock_project/airflow_venv/lib/python3.8/site-packages/airflow/example_dags/example_short_circuit_operator.py took 0.521 seconds
[2024-06-10 10:01:52,866] {scheduler_job.py:181} INFO - Started process (PID=63994) to work on /home/anhcu/Project/Stock_project/airflow_venv/lib/python3.8/site-packages/airflow/example_dags/example_short_circuit_operator.py
[2024-06-10 10:01:52,869] {scheduler_job.py:629} INFO - Processing file /home/anhcu/Project/Stock_project/airflow_venv/lib/python3.8/site-packages/airflow/example_dags/example_short_circuit_operator.py for tasks to queue
[2024-06-10 10:01:52,871] {logging_mixin.py:103} INFO - [2024-06-10 10:01:52,871] {dagbag.py:440} INFO - Filling up the DagBag from /home/anhcu/Project/Stock_project/airflow_venv/lib/python3.8/site-packages/airflow/example_dags/example_short_circuit_operator.py
[2024-06-10 10:01:52,889] {scheduler_job.py:639} INFO - DAG(s) dict_keys(['example_short_circuit_operator']) retrieved from /home/anhcu/Project/Stock_project/airflow_venv/lib/python3.8/site-packages/airflow/example_dags/example_short_circuit_operator.py
[2024-06-10 10:01:52,891] {logging_mixin.py:103} INFO - [2024-06-10 10:01:52,891] {dag.py:1813} INFO - Sync 1 DAGs
[2024-06-10 10:01:52,919] {logging_mixin.py:103} INFO - [2024-06-10 10:01:52,919] {dag.py:2266} INFO - Setting next_dagrun for example_short_circuit_operator to 2024-06-08 00:00:00+00:00
[2024-06-10 10:01:52,936] {scheduler_job.py:189} INFO - Processing /home/anhcu/Project/Stock_project/airflow_venv/lib/python3.8/site-packages/airflow/example_dags/example_short_circuit_operator.py took 0.210 seconds
[2024-06-10 10:07:24,770] {scheduler_job.py:181} INFO - Started process (PID=67076) to work on /home/anhcu/Project/Stock_project/airflow_venv/lib/python3.8/site-packages/airflow/example_dags/example_short_circuit_operator.py
[2024-06-10 10:07:24,773] {scheduler_job.py:629} INFO - Processing file /home/anhcu/Project/Stock_project/airflow_venv/lib/python3.8/site-packages/airflow/example_dags/example_short_circuit_operator.py for tasks to queue
[2024-06-10 10:07:24,775] {logging_mixin.py:103} INFO - [2024-06-10 10:07:24,775] {dagbag.py:440} INFO - Filling up the DagBag from /home/anhcu/Project/Stock_project/airflow_venv/lib/python3.8/site-packages/airflow/example_dags/example_short_circuit_operator.py
[2024-06-10 10:07:24,786] {scheduler_job.py:639} INFO - DAG(s) dict_keys(['example_short_circuit_operator']) retrieved from /home/anhcu/Project/Stock_project/airflow_venv/lib/python3.8/site-packages/airflow/example_dags/example_short_circuit_operator.py
[2024-06-10 10:07:24,788] {logging_mixin.py:103} INFO - [2024-06-10 10:07:24,788] {dag.py:1813} INFO - Sync 1 DAGs
[2024-06-10 10:07:24,820] {logging_mixin.py:103} INFO - [2024-06-10 10:07:24,820] {dag.py:2266} INFO - Setting next_dagrun for example_short_circuit_operator to 2024-06-08 00:00:00+00:00
[2024-06-10 10:07:24,839] {scheduler_job.py:189} INFO - Processing /home/anhcu/Project/Stock_project/airflow_venv/lib/python3.8/site-packages/airflow/example_dags/example_short_circuit_operator.py took 0.074 seconds
[2024-06-10 10:07:52,776] {scheduler_job.py:181} INFO - Started process (PID=67299) to work on /home/anhcu/Project/Stock_project/airflow_venv/lib/python3.8/site-packages/airflow/example_dags/example_short_circuit_operator.py
[2024-06-10 10:07:52,778] {scheduler_job.py:629} INFO - Processing file /home/anhcu/Project/Stock_project/airflow_venv/lib/python3.8/site-packages/airflow/example_dags/example_short_circuit_operator.py for tasks to queue
[2024-06-10 10:07:52,779] {logging_mixin.py:103} INFO - [2024-06-10 10:07:52,779] {dagbag.py:440} INFO - Filling up the DagBag from /home/anhcu/Project/Stock_project/airflow_venv/lib/python3.8/site-packages/airflow/example_dags/example_short_circuit_operator.py
[2024-06-10 10:07:52,786] {scheduler_job.py:639} INFO - DAG(s) dict_keys(['example_short_circuit_operator']) retrieved from /home/anhcu/Project/Stock_project/airflow_venv/lib/python3.8/site-packages/airflow/example_dags/example_short_circuit_operator.py
[2024-06-10 10:07:52,787] {logging_mixin.py:103} INFO - [2024-06-10 10:07:52,787] {dag.py:1813} INFO - Sync 1 DAGs
[2024-06-10 10:07:52,802] {logging_mixin.py:103} INFO - [2024-06-10 10:07:52,802] {dag.py:2266} INFO - Setting next_dagrun for example_short_circuit_operator to 2024-06-08 00:00:00+00:00
[2024-06-10 10:07:52,814] {scheduler_job.py:189} INFO - Processing /home/anhcu/Project/Stock_project/airflow_venv/lib/python3.8/site-packages/airflow/example_dags/example_short_circuit_operator.py took 0.041 seconds
[2024-06-10 10:08:23,545] {scheduler_job.py:181} INFO - Started process (PID=67500) to work on /home/anhcu/Project/Stock_project/airflow_venv/lib/python3.8/site-packages/airflow/example_dags/example_short_circuit_operator.py
[2024-06-10 10:08:23,547] {scheduler_job.py:629} INFO - Processing file /home/anhcu/Project/Stock_project/airflow_venv/lib/python3.8/site-packages/airflow/example_dags/example_short_circuit_operator.py for tasks to queue
[2024-06-10 10:08:23,548] {logging_mixin.py:103} INFO - [2024-06-10 10:08:23,548] {dagbag.py:440} INFO - Filling up the DagBag from /home/anhcu/Project/Stock_project/airflow_venv/lib/python3.8/site-packages/airflow/example_dags/example_short_circuit_operator.py
[2024-06-10 10:08:23,555] {scheduler_job.py:639} INFO - DAG(s) dict_keys(['example_short_circuit_operator']) retrieved from /home/anhcu/Project/Stock_project/airflow_venv/lib/python3.8/site-packages/airflow/example_dags/example_short_circuit_operator.py
[2024-06-10 10:08:23,557] {logging_mixin.py:103} INFO - [2024-06-10 10:08:23,556] {dag.py:1813} INFO - Sync 1 DAGs
[2024-06-10 10:08:23,572] {logging_mixin.py:103} INFO - [2024-06-10 10:08:23,572] {dag.py:2266} INFO - Setting next_dagrun for example_short_circuit_operator to 2024-06-08 00:00:00+00:00
[2024-06-10 10:08:23,583] {scheduler_job.py:189} INFO - Processing /home/anhcu/Project/Stock_project/airflow_venv/lib/python3.8/site-packages/airflow/example_dags/example_short_circuit_operator.py took 0.042 seconds
[2024-06-10 10:08:49,906] {scheduler_job.py:181} INFO - Started process (PID=67723) to work on /home/anhcu/Project/Stock_project/airflow_venv/lib/python3.8/site-packages/airflow/example_dags/example_short_circuit_operator.py
[2024-06-10 10:08:49,908] {scheduler_job.py:629} INFO - Processing file /home/anhcu/Project/Stock_project/airflow_venv/lib/python3.8/site-packages/airflow/example_dags/example_short_circuit_operator.py for tasks to queue
[2024-06-10 10:08:49,909] {logging_mixin.py:103} INFO - [2024-06-10 10:08:49,909] {dagbag.py:440} INFO - Filling up the DagBag from /home/anhcu/Project/Stock_project/airflow_venv/lib/python3.8/site-packages/airflow/example_dags/example_short_circuit_operator.py
[2024-06-10 10:08:49,916] {scheduler_job.py:639} INFO - DAG(s) dict_keys(['example_short_circuit_operator']) retrieved from /home/anhcu/Project/Stock_project/airflow_venv/lib/python3.8/site-packages/airflow/example_dags/example_short_circuit_operator.py
[2024-06-10 10:08:49,917] {logging_mixin.py:103} INFO - [2024-06-10 10:08:49,917] {dag.py:1813} INFO - Sync 1 DAGs
[2024-06-10 10:08:49,933] {logging_mixin.py:103} INFO - [2024-06-10 10:08:49,933] {dag.py:2266} INFO - Setting next_dagrun for example_short_circuit_operator to 2024-06-08 00:00:00+00:00
[2024-06-10 10:08:49,945] {scheduler_job.py:189} INFO - Processing /home/anhcu/Project/Stock_project/airflow_venv/lib/python3.8/site-packages/airflow/example_dags/example_short_circuit_operator.py took 0.043 seconds
[2024-06-10 10:09:16,543] {scheduler_job.py:181} INFO - Started process (PID=67915) to work on /home/anhcu/Project/Stock_project/airflow_venv/lib/python3.8/site-packages/airflow/example_dags/example_short_circuit_operator.py
[2024-06-10 10:09:16,545] {scheduler_job.py:629} INFO - Processing file /home/anhcu/Project/Stock_project/airflow_venv/lib/python3.8/site-packages/airflow/example_dags/example_short_circuit_operator.py for tasks to queue
[2024-06-10 10:09:16,546] {logging_mixin.py:103} INFO - [2024-06-10 10:09:16,546] {dagbag.py:440} INFO - Filling up the DagBag from /home/anhcu/Project/Stock_project/airflow_venv/lib/python3.8/site-packages/airflow/example_dags/example_short_circuit_operator.py
[2024-06-10 10:09:16,554] {scheduler_job.py:639} INFO - DAG(s) dict_keys(['example_short_circuit_operator']) retrieved from /home/anhcu/Project/Stock_project/airflow_venv/lib/python3.8/site-packages/airflow/example_dags/example_short_circuit_operator.py
[2024-06-10 10:09:16,555] {logging_mixin.py:103} INFO - [2024-06-10 10:09:16,555] {dag.py:1813} INFO - Sync 1 DAGs
[2024-06-10 10:09:16,571] {logging_mixin.py:103} INFO - [2024-06-10 10:09:16,571] {dag.py:2266} INFO - Setting next_dagrun for example_short_circuit_operator to 2024-06-08 00:00:00+00:00
[2024-06-10 10:09:16,584] {scheduler_job.py:189} INFO - Processing /home/anhcu/Project/Stock_project/airflow_venv/lib/python3.8/site-packages/airflow/example_dags/example_short_circuit_operator.py took 0.045 seconds
[2024-06-10 10:09:43,462] {scheduler_job.py:181} INFO - Started process (PID=68071) to work on /home/anhcu/Project/Stock_project/airflow_venv/lib/python3.8/site-packages/airflow/example_dags/example_short_circuit_operator.py
[2024-06-10 10:09:43,464] {scheduler_job.py:629} INFO - Processing file /home/anhcu/Project/Stock_project/airflow_venv/lib/python3.8/site-packages/airflow/example_dags/example_short_circuit_operator.py for tasks to queue
[2024-06-10 10:09:43,465] {logging_mixin.py:103} INFO - [2024-06-10 10:09:43,465] {dagbag.py:440} INFO - Filling up the DagBag from /home/anhcu/Project/Stock_project/airflow_venv/lib/python3.8/site-packages/airflow/example_dags/example_short_circuit_operator.py
[2024-06-10 10:09:43,475] {scheduler_job.py:639} INFO - DAG(s) dict_keys(['example_short_circuit_operator']) retrieved from /home/anhcu/Project/Stock_project/airflow_venv/lib/python3.8/site-packages/airflow/example_dags/example_short_circuit_operator.py
[2024-06-10 10:09:43,477] {logging_mixin.py:103} INFO - [2024-06-10 10:09:43,477] {dag.py:1813} INFO - Sync 1 DAGs
[2024-06-10 10:09:43,492] {logging_mixin.py:103} INFO - [2024-06-10 10:09:43,492] {dag.py:2266} INFO - Setting next_dagrun for example_short_circuit_operator to 2024-06-08 00:00:00+00:00
[2024-06-10 10:09:43,504] {scheduler_job.py:189} INFO - Processing /home/anhcu/Project/Stock_project/airflow_venv/lib/python3.8/site-packages/airflow/example_dags/example_short_circuit_operator.py took 0.046 seconds
[2024-06-10 10:10:12,737] {scheduler_job.py:181} INFO - Started process (PID=68237) to work on /home/anhcu/Project/Stock_project/airflow_venv/lib/python3.8/site-packages/airflow/example_dags/example_short_circuit_operator.py
[2024-06-10 10:10:12,739] {scheduler_job.py:629} INFO - Processing file /home/anhcu/Project/Stock_project/airflow_venv/lib/python3.8/site-packages/airflow/example_dags/example_short_circuit_operator.py for tasks to queue
[2024-06-10 10:10:12,740] {logging_mixin.py:103} INFO - [2024-06-10 10:10:12,740] {dagbag.py:440} INFO - Filling up the DagBag from /home/anhcu/Project/Stock_project/airflow_venv/lib/python3.8/site-packages/airflow/example_dags/example_short_circuit_operator.py
[2024-06-10 10:10:12,748] {scheduler_job.py:639} INFO - DAG(s) dict_keys(['example_short_circuit_operator']) retrieved from /home/anhcu/Project/Stock_project/airflow_venv/lib/python3.8/site-packages/airflow/example_dags/example_short_circuit_operator.py
[2024-06-10 10:10:12,750] {logging_mixin.py:103} INFO - [2024-06-10 10:10:12,750] {dag.py:1813} INFO - Sync 1 DAGs
[2024-06-10 10:10:12,767] {logging_mixin.py:103} INFO - [2024-06-10 10:10:12,767] {dag.py:2266} INFO - Setting next_dagrun for example_short_circuit_operator to 2024-06-08 00:00:00+00:00
[2024-06-10 10:10:12,780] {scheduler_job.py:189} INFO - Processing /home/anhcu/Project/Stock_project/airflow_venv/lib/python3.8/site-packages/airflow/example_dags/example_short_circuit_operator.py took 0.048 seconds
[2024-06-10 10:10:40,640] {scheduler_job.py:181} INFO - Started process (PID=68391) to work on /home/anhcu/Project/Stock_project/airflow_venv/lib/python3.8/site-packages/airflow/example_dags/example_short_circuit_operator.py
[2024-06-10 10:10:40,641] {scheduler_job.py:629} INFO - Processing file /home/anhcu/Project/Stock_project/airflow_venv/lib/python3.8/site-packages/airflow/example_dags/example_short_circuit_operator.py for tasks to queue
[2024-06-10 10:10:40,642] {logging_mixin.py:103} INFO - [2024-06-10 10:10:40,642] {dagbag.py:440} INFO - Filling up the DagBag from /home/anhcu/Project/Stock_project/airflow_venv/lib/python3.8/site-packages/airflow/example_dags/example_short_circuit_operator.py
[2024-06-10 10:10:40,651] {scheduler_job.py:639} INFO - DAG(s) dict_keys(['example_short_circuit_operator']) retrieved from /home/anhcu/Project/Stock_project/airflow_venv/lib/python3.8/site-packages/airflow/example_dags/example_short_circuit_operator.py
[2024-06-10 10:10:40,652] {logging_mixin.py:103} INFO - [2024-06-10 10:10:40,651] {dag.py:1813} INFO - Sync 1 DAGs
[2024-06-10 10:10:40,668] {logging_mixin.py:103} INFO - [2024-06-10 10:10:40,668] {dag.py:2266} INFO - Setting next_dagrun for example_short_circuit_operator to 2024-06-08 00:00:00+00:00
[2024-06-10 10:10:40,680] {scheduler_job.py:189} INFO - Processing /home/anhcu/Project/Stock_project/airflow_venv/lib/python3.8/site-packages/airflow/example_dags/example_short_circuit_operator.py took 0.045 seconds
[2024-06-10 10:11:09,016] {scheduler_job.py:181} INFO - Started process (PID=68587) to work on /home/anhcu/Project/Stock_project/airflow_venv/lib/python3.8/site-packages/airflow/example_dags/example_short_circuit_operator.py
[2024-06-10 10:11:09,017] {scheduler_job.py:629} INFO - Processing file /home/anhcu/Project/Stock_project/airflow_venv/lib/python3.8/site-packages/airflow/example_dags/example_short_circuit_operator.py for tasks to queue
[2024-06-10 10:11:09,018] {logging_mixin.py:103} INFO - [2024-06-10 10:11:09,018] {dagbag.py:440} INFO - Filling up the DagBag from /home/anhcu/Project/Stock_project/airflow_venv/lib/python3.8/site-packages/airflow/example_dags/example_short_circuit_operator.py
[2024-06-10 10:11:09,026] {scheduler_job.py:639} INFO - DAG(s) dict_keys(['example_short_circuit_operator']) retrieved from /home/anhcu/Project/Stock_project/airflow_venv/lib/python3.8/site-packages/airflow/example_dags/example_short_circuit_operator.py
[2024-06-10 10:11:09,027] {logging_mixin.py:103} INFO - [2024-06-10 10:11:09,027] {dag.py:1813} INFO - Sync 1 DAGs
[2024-06-10 10:11:09,042] {logging_mixin.py:103} INFO - [2024-06-10 10:11:09,042] {dag.py:2266} INFO - Setting next_dagrun for example_short_circuit_operator to 2024-06-08 00:00:00+00:00
[2024-06-10 10:11:09,054] {scheduler_job.py:189} INFO - Processing /home/anhcu/Project/Stock_project/airflow_venv/lib/python3.8/site-packages/airflow/example_dags/example_short_circuit_operator.py took 0.042 seconds
[2024-06-10 10:11:45,648] {scheduler_job.py:181} INFO - Started process (PID=68807) to work on /home/anhcu/Project/Stock_project/airflow_venv/lib/python3.8/site-packages/airflow/example_dags/example_short_circuit_operator.py
[2024-06-10 10:11:45,650] {scheduler_job.py:629} INFO - Processing file /home/anhcu/Project/Stock_project/airflow_venv/lib/python3.8/site-packages/airflow/example_dags/example_short_circuit_operator.py for tasks to queue
[2024-06-10 10:11:45,650] {logging_mixin.py:103} INFO - [2024-06-10 10:11:45,650] {dagbag.py:440} INFO - Filling up the DagBag from /home/anhcu/Project/Stock_project/airflow_venv/lib/python3.8/site-packages/airflow/example_dags/example_short_circuit_operator.py
[2024-06-10 10:11:45,661] {scheduler_job.py:639} INFO - DAG(s) dict_keys(['example_short_circuit_operator']) retrieved from /home/anhcu/Project/Stock_project/airflow_venv/lib/python3.8/site-packages/airflow/example_dags/example_short_circuit_operator.py
[2024-06-10 10:11:45,662] {logging_mixin.py:103} INFO - [2024-06-10 10:11:45,662] {dag.py:1813} INFO - Sync 1 DAGs
[2024-06-10 10:11:45,678] {logging_mixin.py:103} INFO - [2024-06-10 10:11:45,678] {dag.py:2266} INFO - Setting next_dagrun for example_short_circuit_operator to 2024-06-08 00:00:00+00:00
[2024-06-10 10:11:45,691] {scheduler_job.py:189} INFO - Processing /home/anhcu/Project/Stock_project/airflow_venv/lib/python3.8/site-packages/airflow/example_dags/example_short_circuit_operator.py took 0.046 seconds
[2024-06-10 10:12:15,269] {scheduler_job.py:181} INFO - Started process (PID=68988) to work on /home/anhcu/Project/Stock_project/airflow_venv/lib/python3.8/site-packages/airflow/example_dags/example_short_circuit_operator.py
[2024-06-10 10:12:15,271] {scheduler_job.py:629} INFO - Processing file /home/anhcu/Project/Stock_project/airflow_venv/lib/python3.8/site-packages/airflow/example_dags/example_short_circuit_operator.py for tasks to queue
[2024-06-10 10:12:15,272] {logging_mixin.py:103} INFO - [2024-06-10 10:12:15,272] {dagbag.py:440} INFO - Filling up the DagBag from /home/anhcu/Project/Stock_project/airflow_venv/lib/python3.8/site-packages/airflow/example_dags/example_short_circuit_operator.py
[2024-06-10 10:12:15,287] {scheduler_job.py:639} INFO - DAG(s) dict_keys(['example_short_circuit_operator']) retrieved from /home/anhcu/Project/Stock_project/airflow_venv/lib/python3.8/site-packages/airflow/example_dags/example_short_circuit_operator.py
[2024-06-10 10:12:15,288] {logging_mixin.py:103} INFO - [2024-06-10 10:12:15,288] {dag.py:1813} INFO - Sync 1 DAGs
[2024-06-10 10:12:15,309] {logging_mixin.py:103} INFO - [2024-06-10 10:12:15,309] {dag.py:2266} INFO - Setting next_dagrun for example_short_circuit_operator to 2024-06-08 00:00:00+00:00
[2024-06-10 10:12:15,329] {scheduler_job.py:189} INFO - Processing /home/anhcu/Project/Stock_project/airflow_venv/lib/python3.8/site-packages/airflow/example_dags/example_short_circuit_operator.py took 0.063 seconds
[2024-06-10 10:12:46,282] {scheduler_job.py:181} INFO - Started process (PID=69169) to work on /home/anhcu/Project/Stock_project/airflow_venv/lib/python3.8/site-packages/airflow/example_dags/example_short_circuit_operator.py
[2024-06-10 10:12:46,285] {scheduler_job.py:629} INFO - Processing file /home/anhcu/Project/Stock_project/airflow_venv/lib/python3.8/site-packages/airflow/example_dags/example_short_circuit_operator.py for tasks to queue
[2024-06-10 10:12:46,286] {logging_mixin.py:103} INFO - [2024-06-10 10:12:46,286] {dagbag.py:440} INFO - Filling up the DagBag from /home/anhcu/Project/Stock_project/airflow_venv/lib/python3.8/site-packages/airflow/example_dags/example_short_circuit_operator.py
[2024-06-10 10:12:46,301] {scheduler_job.py:639} INFO - DAG(s) dict_keys(['example_short_circuit_operator']) retrieved from /home/anhcu/Project/Stock_project/airflow_venv/lib/python3.8/site-packages/airflow/example_dags/example_short_circuit_operator.py
[2024-06-10 10:12:46,302] {logging_mixin.py:103} INFO - [2024-06-10 10:12:46,302] {dag.py:1813} INFO - Sync 1 DAGs
[2024-06-10 10:12:46,338] {logging_mixin.py:103} INFO - [2024-06-10 10:12:46,338] {dag.py:2266} INFO - Setting next_dagrun for example_short_circuit_operator to 2024-06-08 00:00:00+00:00
[2024-06-10 10:12:46,357] {scheduler_job.py:189} INFO - Processing /home/anhcu/Project/Stock_project/airflow_venv/lib/python3.8/site-packages/airflow/example_dags/example_short_circuit_operator.py took 0.079 seconds
[2024-06-10 10:13:16,006] {scheduler_job.py:181} INFO - Started process (PID=69305) to work on /home/anhcu/Project/Stock_project/airflow_venv/lib/python3.8/site-packages/airflow/example_dags/example_short_circuit_operator.py
[2024-06-10 10:13:16,008] {scheduler_job.py:629} INFO - Processing file /home/anhcu/Project/Stock_project/airflow_venv/lib/python3.8/site-packages/airflow/example_dags/example_short_circuit_operator.py for tasks to queue
[2024-06-10 10:13:16,009] {logging_mixin.py:103} INFO - [2024-06-10 10:13:16,009] {dagbag.py:440} INFO - Filling up the DagBag from /home/anhcu/Project/Stock_project/airflow_venv/lib/python3.8/site-packages/airflow/example_dags/example_short_circuit_operator.py
[2024-06-10 10:13:16,026] {scheduler_job.py:639} INFO - DAG(s) dict_keys(['example_short_circuit_operator']) retrieved from /home/anhcu/Project/Stock_project/airflow_venv/lib/python3.8/site-packages/airflow/example_dags/example_short_circuit_operator.py
[2024-06-10 10:13:16,028] {logging_mixin.py:103} INFO - [2024-06-10 10:13:16,028] {dag.py:1813} INFO - Sync 1 DAGs
[2024-06-10 10:13:16,057] {logging_mixin.py:103} INFO - [2024-06-10 10:13:16,057] {dag.py:2266} INFO - Setting next_dagrun for example_short_circuit_operator to 2024-06-08 00:00:00+00:00
[2024-06-10 10:13:16,077] {scheduler_job.py:189} INFO - Processing /home/anhcu/Project/Stock_project/airflow_venv/lib/python3.8/site-packages/airflow/example_dags/example_short_circuit_operator.py took 0.076 seconds
[2024-06-10 10:13:45,343] {scheduler_job.py:181} INFO - Started process (PID=69458) to work on /home/anhcu/Project/Stock_project/airflow_venv/lib/python3.8/site-packages/airflow/example_dags/example_short_circuit_operator.py
[2024-06-10 10:13:45,344] {scheduler_job.py:629} INFO - Processing file /home/anhcu/Project/Stock_project/airflow_venv/lib/python3.8/site-packages/airflow/example_dags/example_short_circuit_operator.py for tasks to queue
[2024-06-10 10:13:45,345] {logging_mixin.py:103} INFO - [2024-06-10 10:13:45,345] {dagbag.py:440} INFO - Filling up the DagBag from /home/anhcu/Project/Stock_project/airflow_venv/lib/python3.8/site-packages/airflow/example_dags/example_short_circuit_operator.py
[2024-06-10 10:13:45,357] {scheduler_job.py:639} INFO - DAG(s) dict_keys(['example_short_circuit_operator']) retrieved from /home/anhcu/Project/Stock_project/airflow_venv/lib/python3.8/site-packages/airflow/example_dags/example_short_circuit_operator.py
[2024-06-10 10:13:45,358] {logging_mixin.py:103} INFO - [2024-06-10 10:13:45,358] {dag.py:1813} INFO - Sync 1 DAGs
[2024-06-10 10:13:45,378] {logging_mixin.py:103} INFO - [2024-06-10 10:13:45,378] {dag.py:2266} INFO - Setting next_dagrun for example_short_circuit_operator to 2024-06-08 00:00:00+00:00
[2024-06-10 10:13:45,390] {scheduler_job.py:189} INFO - Processing /home/anhcu/Project/Stock_project/airflow_venv/lib/python3.8/site-packages/airflow/example_dags/example_short_circuit_operator.py took 0.051 seconds
[2024-06-10 10:14:14,477] {scheduler_job.py:181} INFO - Started process (PID=69613) to work on /home/anhcu/Project/Stock_project/airflow_venv/lib/python3.8/site-packages/airflow/example_dags/example_short_circuit_operator.py
[2024-06-10 10:14:14,479] {scheduler_job.py:629} INFO - Processing file /home/anhcu/Project/Stock_project/airflow_venv/lib/python3.8/site-packages/airflow/example_dags/example_short_circuit_operator.py for tasks to queue
[2024-06-10 10:14:14,480] {logging_mixin.py:103} INFO - [2024-06-10 10:14:14,480] {dagbag.py:440} INFO - Filling up the DagBag from /home/anhcu/Project/Stock_project/airflow_venv/lib/python3.8/site-packages/airflow/example_dags/example_short_circuit_operator.py
[2024-06-10 10:14:14,491] {scheduler_job.py:639} INFO - DAG(s) dict_keys(['example_short_circuit_operator']) retrieved from /home/anhcu/Project/Stock_project/airflow_venv/lib/python3.8/site-packages/airflow/example_dags/example_short_circuit_operator.py
[2024-06-10 10:14:14,492] {logging_mixin.py:103} INFO - [2024-06-10 10:14:14,492] {dag.py:1813} INFO - Sync 1 DAGs
[2024-06-10 10:14:14,509] {logging_mixin.py:103} INFO - [2024-06-10 10:14:14,509] {dag.py:2266} INFO - Setting next_dagrun for example_short_circuit_operator to 2024-06-08 00:00:00+00:00
[2024-06-10 10:14:14,521] {scheduler_job.py:189} INFO - Processing /home/anhcu/Project/Stock_project/airflow_venv/lib/python3.8/site-packages/airflow/example_dags/example_short_circuit_operator.py took 0.046 seconds
[2024-06-10 10:14:43,609] {scheduler_job.py:181} INFO - Started process (PID=69774) to work on /home/anhcu/Project/Stock_project/airflow_venv/lib/python3.8/site-packages/airflow/example_dags/example_short_circuit_operator.py
[2024-06-10 10:14:43,611] {scheduler_job.py:629} INFO - Processing file /home/anhcu/Project/Stock_project/airflow_venv/lib/python3.8/site-packages/airflow/example_dags/example_short_circuit_operator.py for tasks to queue
[2024-06-10 10:14:43,612] {logging_mixin.py:103} INFO - [2024-06-10 10:14:43,612] {dagbag.py:440} INFO - Filling up the DagBag from /home/anhcu/Project/Stock_project/airflow_venv/lib/python3.8/site-packages/airflow/example_dags/example_short_circuit_operator.py
[2024-06-10 10:14:43,624] {scheduler_job.py:639} INFO - DAG(s) dict_keys(['example_short_circuit_operator']) retrieved from /home/anhcu/Project/Stock_project/airflow_venv/lib/python3.8/site-packages/airflow/example_dags/example_short_circuit_operator.py
[2024-06-10 10:14:43,626] {logging_mixin.py:103} INFO - [2024-06-10 10:14:43,625] {dag.py:1813} INFO - Sync 1 DAGs
[2024-06-10 10:14:43,644] {logging_mixin.py:103} INFO - [2024-06-10 10:14:43,644] {dag.py:2266} INFO - Setting next_dagrun for example_short_circuit_operator to 2024-06-08 00:00:00+00:00
[2024-06-10 10:14:43,656] {scheduler_job.py:189} INFO - Processing /home/anhcu/Project/Stock_project/airflow_venv/lib/python3.8/site-packages/airflow/example_dags/example_short_circuit_operator.py took 0.050 seconds
[2024-06-10 10:15:18,092] {scheduler_job.py:181} INFO - Started process (PID=69973) to work on /home/anhcu/Project/Stock_project/airflow_venv/lib/python3.8/site-packages/airflow/example_dags/example_short_circuit_operator.py
[2024-06-10 10:15:18,094] {scheduler_job.py:629} INFO - Processing file /home/anhcu/Project/Stock_project/airflow_venv/lib/python3.8/site-packages/airflow/example_dags/example_short_circuit_operator.py for tasks to queue
[2024-06-10 10:15:18,096] {logging_mixin.py:103} INFO - [2024-06-10 10:15:18,095] {dagbag.py:440} INFO - Filling up the DagBag from /home/anhcu/Project/Stock_project/airflow_venv/lib/python3.8/site-packages/airflow/example_dags/example_short_circuit_operator.py
[2024-06-10 10:15:18,111] {scheduler_job.py:639} INFO - DAG(s) dict_keys(['example_short_circuit_operator']) retrieved from /home/anhcu/Project/Stock_project/airflow_venv/lib/python3.8/site-packages/airflow/example_dags/example_short_circuit_operator.py
[2024-06-10 10:15:18,112] {logging_mixin.py:103} INFO - [2024-06-10 10:15:18,112] {dag.py:1813} INFO - Sync 1 DAGs
[2024-06-10 10:15:18,135] {logging_mixin.py:103} INFO - [2024-06-10 10:15:18,135] {dag.py:2266} INFO - Setting next_dagrun for example_short_circuit_operator to 2024-06-08 00:00:00+00:00
[2024-06-10 10:15:18,155] {scheduler_job.py:189} INFO - Processing /home/anhcu/Project/Stock_project/airflow_venv/lib/python3.8/site-packages/airflow/example_dags/example_short_circuit_operator.py took 0.067 seconds
[2024-06-10 10:15:49,591] {scheduler_job.py:181} INFO - Started process (PID=70181) to work on /home/anhcu/Project/Stock_project/airflow_venv/lib/python3.8/site-packages/airflow/example_dags/example_short_circuit_operator.py
[2024-06-10 10:15:49,593] {scheduler_job.py:629} INFO - Processing file /home/anhcu/Project/Stock_project/airflow_venv/lib/python3.8/site-packages/airflow/example_dags/example_short_circuit_operator.py for tasks to queue
[2024-06-10 10:15:49,593] {logging_mixin.py:103} INFO - [2024-06-10 10:15:49,593] {dagbag.py:440} INFO - Filling up the DagBag from /home/anhcu/Project/Stock_project/airflow_venv/lib/python3.8/site-packages/airflow/example_dags/example_short_circuit_operator.py
[2024-06-10 10:15:49,604] {scheduler_job.py:639} INFO - DAG(s) dict_keys(['example_short_circuit_operator']) retrieved from /home/anhcu/Project/Stock_project/airflow_venv/lib/python3.8/site-packages/airflow/example_dags/example_short_circuit_operator.py
[2024-06-10 10:15:49,605] {logging_mixin.py:103} INFO - [2024-06-10 10:15:49,605] {dag.py:1813} INFO - Sync 1 DAGs
[2024-06-10 10:15:49,620] {logging_mixin.py:103} INFO - [2024-06-10 10:15:49,620] {dag.py:2266} INFO - Setting next_dagrun for example_short_circuit_operator to 2024-06-08 00:00:00+00:00
[2024-06-10 10:15:49,632] {scheduler_job.py:189} INFO - Processing /home/anhcu/Project/Stock_project/airflow_venv/lib/python3.8/site-packages/airflow/example_dags/example_short_circuit_operator.py took 0.045 seconds
[2024-06-10 10:16:19,136] {scheduler_job.py:181} INFO - Started process (PID=70377) to work on /home/anhcu/Project/Stock_project/airflow_venv/lib/python3.8/site-packages/airflow/example_dags/example_short_circuit_operator.py
[2024-06-10 10:16:19,138] {scheduler_job.py:629} INFO - Processing file /home/anhcu/Project/Stock_project/airflow_venv/lib/python3.8/site-packages/airflow/example_dags/example_short_circuit_operator.py for tasks to queue
[2024-06-10 10:16:19,138] {logging_mixin.py:103} INFO - [2024-06-10 10:16:19,138] {dagbag.py:440} INFO - Filling up the DagBag from /home/anhcu/Project/Stock_project/airflow_venv/lib/python3.8/site-packages/airflow/example_dags/example_short_circuit_operator.py
[2024-06-10 10:16:19,149] {scheduler_job.py:639} INFO - DAG(s) dict_keys(['example_short_circuit_operator']) retrieved from /home/anhcu/Project/Stock_project/airflow_venv/lib/python3.8/site-packages/airflow/example_dags/example_short_circuit_operator.py
[2024-06-10 10:16:19,150] {logging_mixin.py:103} INFO - [2024-06-10 10:16:19,150] {dag.py:1813} INFO - Sync 1 DAGs
[2024-06-10 10:16:19,166] {logging_mixin.py:103} INFO - [2024-06-10 10:16:19,166] {dag.py:2266} INFO - Setting next_dagrun for example_short_circuit_operator to 2024-06-08 00:00:00+00:00
[2024-06-10 10:16:19,179] {scheduler_job.py:189} INFO - Processing /home/anhcu/Project/Stock_project/airflow_venv/lib/python3.8/site-packages/airflow/example_dags/example_short_circuit_operator.py took 0.046 seconds
[2024-06-10 10:16:48,758] {scheduler_job.py:181} INFO - Started process (PID=70643) to work on /home/anhcu/Project/Stock_project/airflow_venv/lib/python3.8/site-packages/airflow/example_dags/example_short_circuit_operator.py
[2024-06-10 10:16:48,760] {scheduler_job.py:629} INFO - Processing file /home/anhcu/Project/Stock_project/airflow_venv/lib/python3.8/site-packages/airflow/example_dags/example_short_circuit_operator.py for tasks to queue
[2024-06-10 10:16:48,761] {logging_mixin.py:103} INFO - [2024-06-10 10:16:48,761] {dagbag.py:440} INFO - Filling up the DagBag from /home/anhcu/Project/Stock_project/airflow_venv/lib/python3.8/site-packages/airflow/example_dags/example_short_circuit_operator.py
[2024-06-10 10:16:48,771] {scheduler_job.py:639} INFO - DAG(s) dict_keys(['example_short_circuit_operator']) retrieved from /home/anhcu/Project/Stock_project/airflow_venv/lib/python3.8/site-packages/airflow/example_dags/example_short_circuit_operator.py
[2024-06-10 10:16:48,772] {logging_mixin.py:103} INFO - [2024-06-10 10:16:48,772] {dag.py:1813} INFO - Sync 1 DAGs
[2024-06-10 10:16:48,788] {logging_mixin.py:103} INFO - [2024-06-10 10:16:48,788] {dag.py:2266} INFO - Setting next_dagrun for example_short_circuit_operator to 2024-06-08 00:00:00+00:00
[2024-06-10 10:16:48,801] {scheduler_job.py:189} INFO - Processing /home/anhcu/Project/Stock_project/airflow_venv/lib/python3.8/site-packages/airflow/example_dags/example_short_circuit_operator.py took 0.046 seconds
[2024-06-10 10:17:18,416] {scheduler_job.py:181} INFO - Started process (PID=70875) to work on /home/anhcu/Project/Stock_project/airflow_venv/lib/python3.8/site-packages/airflow/example_dags/example_short_circuit_operator.py
[2024-06-10 10:17:18,417] {scheduler_job.py:629} INFO - Processing file /home/anhcu/Project/Stock_project/airflow_venv/lib/python3.8/site-packages/airflow/example_dags/example_short_circuit_operator.py for tasks to queue
[2024-06-10 10:17:18,418] {logging_mixin.py:103} INFO - [2024-06-10 10:17:18,418] {dagbag.py:440} INFO - Filling up the DagBag from /home/anhcu/Project/Stock_project/airflow_venv/lib/python3.8/site-packages/airflow/example_dags/example_short_circuit_operator.py
[2024-06-10 10:17:18,429] {scheduler_job.py:639} INFO - DAG(s) dict_keys(['example_short_circuit_operator']) retrieved from /home/anhcu/Project/Stock_project/airflow_venv/lib/python3.8/site-packages/airflow/example_dags/example_short_circuit_operator.py
[2024-06-10 10:17:18,430] {logging_mixin.py:103} INFO - [2024-06-10 10:17:18,430] {dag.py:1813} INFO - Sync 1 DAGs
[2024-06-10 10:17:18,447] {logging_mixin.py:103} INFO - [2024-06-10 10:17:18,447] {dag.py:2266} INFO - Setting next_dagrun for example_short_circuit_operator to 2024-06-08 00:00:00+00:00
[2024-06-10 10:17:18,458] {scheduler_job.py:189} INFO - Processing /home/anhcu/Project/Stock_project/airflow_venv/lib/python3.8/site-packages/airflow/example_dags/example_short_circuit_operator.py took 0.046 seconds
[2024-06-10 10:17:49,153] {scheduler_job.py:181} INFO - Started process (PID=71031) to work on /home/anhcu/Project/Stock_project/airflow_venv/lib/python3.8/site-packages/airflow/example_dags/example_short_circuit_operator.py
[2024-06-10 10:17:49,154] {scheduler_job.py:629} INFO - Processing file /home/anhcu/Project/Stock_project/airflow_venv/lib/python3.8/site-packages/airflow/example_dags/example_short_circuit_operator.py for tasks to queue
[2024-06-10 10:17:49,155] {logging_mixin.py:103} INFO - [2024-06-10 10:17:49,155] {dagbag.py:440} INFO - Filling up the DagBag from /home/anhcu/Project/Stock_project/airflow_venv/lib/python3.8/site-packages/airflow/example_dags/example_short_circuit_operator.py
[2024-06-10 10:17:49,167] {scheduler_job.py:639} INFO - DAG(s) dict_keys(['example_short_circuit_operator']) retrieved from /home/anhcu/Project/Stock_project/airflow_venv/lib/python3.8/site-packages/airflow/example_dags/example_short_circuit_operator.py
[2024-06-10 10:17:49,168] {logging_mixin.py:103} INFO - [2024-06-10 10:17:49,168] {dag.py:1813} INFO - Sync 1 DAGs
[2024-06-10 10:17:49,188] {logging_mixin.py:103} INFO - [2024-06-10 10:17:49,188] {dag.py:2266} INFO - Setting next_dagrun for example_short_circuit_operator to 2024-06-08 00:00:00+00:00
[2024-06-10 10:17:49,201] {scheduler_job.py:189} INFO - Processing /home/anhcu/Project/Stock_project/airflow_venv/lib/python3.8/site-packages/airflow/example_dags/example_short_circuit_operator.py took 0.053 seconds
[2024-06-10 10:18:18,798] {scheduler_job.py:181} INFO - Started process (PID=71274) to work on /home/anhcu/Project/Stock_project/airflow_venv/lib/python3.8/site-packages/airflow/example_dags/example_short_circuit_operator.py
[2024-06-10 10:18:18,799] {scheduler_job.py:629} INFO - Processing file /home/anhcu/Project/Stock_project/airflow_venv/lib/python3.8/site-packages/airflow/example_dags/example_short_circuit_operator.py for tasks to queue
[2024-06-10 10:18:18,800] {logging_mixin.py:103} INFO - [2024-06-10 10:18:18,800] {dagbag.py:440} INFO - Filling up the DagBag from /home/anhcu/Project/Stock_project/airflow_venv/lib/python3.8/site-packages/airflow/example_dags/example_short_circuit_operator.py
[2024-06-10 10:18:18,811] {scheduler_job.py:639} INFO - DAG(s) dict_keys(['example_short_circuit_operator']) retrieved from /home/anhcu/Project/Stock_project/airflow_venv/lib/python3.8/site-packages/airflow/example_dags/example_short_circuit_operator.py
[2024-06-10 10:18:18,812] {logging_mixin.py:103} INFO - [2024-06-10 10:18:18,812] {dag.py:1813} INFO - Sync 1 DAGs
[2024-06-10 10:18:18,829] {logging_mixin.py:103} INFO - [2024-06-10 10:18:18,829] {dag.py:2266} INFO - Setting next_dagrun for example_short_circuit_operator to 2024-06-08 00:00:00+00:00
[2024-06-10 10:18:18,841] {scheduler_job.py:189} INFO - Processing /home/anhcu/Project/Stock_project/airflow_venv/lib/python3.8/site-packages/airflow/example_dags/example_short_circuit_operator.py took 0.046 seconds
[2024-06-10 10:18:49,805] {scheduler_job.py:181} INFO - Started process (PID=71694) to work on /home/anhcu/Project/Stock_project/airflow_venv/lib/python3.8/site-packages/airflow/example_dags/example_short_circuit_operator.py
[2024-06-10 10:18:49,808] {scheduler_job.py:629} INFO - Processing file /home/anhcu/Project/Stock_project/airflow_venv/lib/python3.8/site-packages/airflow/example_dags/example_short_circuit_operator.py for tasks to queue
[2024-06-10 10:18:49,809] {logging_mixin.py:103} INFO - [2024-06-10 10:18:49,809] {dagbag.py:440} INFO - Filling up the DagBag from /home/anhcu/Project/Stock_project/airflow_venv/lib/python3.8/site-packages/airflow/example_dags/example_short_circuit_operator.py
[2024-06-10 10:18:49,820] {scheduler_job.py:639} INFO - DAG(s) dict_keys(['example_short_circuit_operator']) retrieved from /home/anhcu/Project/Stock_project/airflow_venv/lib/python3.8/site-packages/airflow/example_dags/example_short_circuit_operator.py
[2024-06-10 10:18:49,821] {logging_mixin.py:103} INFO - [2024-06-10 10:18:49,821] {dag.py:1813} INFO - Sync 1 DAGs
[2024-06-10 10:18:49,838] {logging_mixin.py:103} INFO - [2024-06-10 10:18:49,838] {dag.py:2266} INFO - Setting next_dagrun for example_short_circuit_operator to 2024-06-08 00:00:00+00:00
[2024-06-10 10:18:49,850] {scheduler_job.py:189} INFO - Processing /home/anhcu/Project/Stock_project/airflow_venv/lib/python3.8/site-packages/airflow/example_dags/example_short_circuit_operator.py took 0.048 seconds
[2024-06-10 10:19:19,539] {scheduler_job.py:181} INFO - Started process (PID=71886) to work on /home/anhcu/Project/Stock_project/airflow_venv/lib/python3.8/site-packages/airflow/example_dags/example_short_circuit_operator.py
[2024-06-10 10:19:19,541] {scheduler_job.py:629} INFO - Processing file /home/anhcu/Project/Stock_project/airflow_venv/lib/python3.8/site-packages/airflow/example_dags/example_short_circuit_operator.py for tasks to queue
[2024-06-10 10:19:19,542] {logging_mixin.py:103} INFO - [2024-06-10 10:19:19,542] {dagbag.py:440} INFO - Filling up the DagBag from /home/anhcu/Project/Stock_project/airflow_venv/lib/python3.8/site-packages/airflow/example_dags/example_short_circuit_operator.py
[2024-06-10 10:19:19,558] {scheduler_job.py:639} INFO - DAG(s) dict_keys(['example_short_circuit_operator']) retrieved from /home/anhcu/Project/Stock_project/airflow_venv/lib/python3.8/site-packages/airflow/example_dags/example_short_circuit_operator.py
[2024-06-10 10:19:19,560] {logging_mixin.py:103} INFO - [2024-06-10 10:19:19,560] {dag.py:1813} INFO - Sync 1 DAGs
[2024-06-10 10:19:19,576] {logging_mixin.py:103} INFO - [2024-06-10 10:19:19,576] {dag.py:2266} INFO - Setting next_dagrun for example_short_circuit_operator to 2024-06-08 00:00:00+00:00
[2024-06-10 10:19:19,588] {scheduler_job.py:189} INFO - Processing /home/anhcu/Project/Stock_project/airflow_venv/lib/python3.8/site-packages/airflow/example_dags/example_short_circuit_operator.py took 0.052 seconds
[2024-06-10 10:19:59,641] {scheduler_job.py:181} INFO - Started process (PID=72284) to work on /home/anhcu/Project/Stock_project/airflow_venv/lib/python3.8/site-packages/airflow/example_dags/example_short_circuit_operator.py
[2024-06-10 10:19:59,644] {scheduler_job.py:629} INFO - Processing file /home/anhcu/Project/Stock_project/airflow_venv/lib/python3.8/site-packages/airflow/example_dags/example_short_circuit_operator.py for tasks to queue
[2024-06-10 10:19:59,645] {logging_mixin.py:103} INFO - [2024-06-10 10:19:59,645] {dagbag.py:440} INFO - Filling up the DagBag from /home/anhcu/Project/Stock_project/airflow_venv/lib/python3.8/site-packages/airflow/example_dags/example_short_circuit_operator.py
[2024-06-10 10:19:59,661] {scheduler_job.py:639} INFO - DAG(s) dict_keys(['example_short_circuit_operator']) retrieved from /home/anhcu/Project/Stock_project/airflow_venv/lib/python3.8/site-packages/airflow/example_dags/example_short_circuit_operator.py
[2024-06-10 10:19:59,663] {logging_mixin.py:103} INFO - [2024-06-10 10:19:59,663] {dag.py:1813} INFO - Sync 1 DAGs
[2024-06-10 10:19:59,688] {logging_mixin.py:103} INFO - [2024-06-10 10:19:59,688] {dag.py:2266} INFO - Setting next_dagrun for example_short_circuit_operator to 2024-06-08 00:00:00+00:00
[2024-06-10 10:19:59,706] {scheduler_job.py:189} INFO - Processing /home/anhcu/Project/Stock_project/airflow_venv/lib/python3.8/site-packages/airflow/example_dags/example_short_circuit_operator.py took 0.069 seconds
[2024-06-10 10:20:29,704] {scheduler_job.py:181} INFO - Started process (PID=72555) to work on /home/anhcu/Project/Stock_project/airflow_venv/lib/python3.8/site-packages/airflow/example_dags/example_short_circuit_operator.py
[2024-06-10 10:20:29,706] {scheduler_job.py:629} INFO - Processing file /home/anhcu/Project/Stock_project/airflow_venv/lib/python3.8/site-packages/airflow/example_dags/example_short_circuit_operator.py for tasks to queue
[2024-06-10 10:20:29,707] {logging_mixin.py:103} INFO - [2024-06-10 10:20:29,707] {dagbag.py:440} INFO - Filling up the DagBag from /home/anhcu/Project/Stock_project/airflow_venv/lib/python3.8/site-packages/airflow/example_dags/example_short_circuit_operator.py
[2024-06-10 10:20:29,724] {scheduler_job.py:639} INFO - DAG(s) dict_keys(['example_short_circuit_operator']) retrieved from /home/anhcu/Project/Stock_project/airflow_venv/lib/python3.8/site-packages/airflow/example_dags/example_short_circuit_operator.py
[2024-06-10 10:20:29,726] {logging_mixin.py:103} INFO - [2024-06-10 10:20:29,725] {dag.py:1813} INFO - Sync 1 DAGs
[2024-06-10 10:20:29,751] {logging_mixin.py:103} INFO - [2024-06-10 10:20:29,751] {dag.py:2266} INFO - Setting next_dagrun for example_short_circuit_operator to 2024-06-08 00:00:00+00:00
[2024-06-10 10:20:29,768] {scheduler_job.py:189} INFO - Processing /home/anhcu/Project/Stock_project/airflow_venv/lib/python3.8/site-packages/airflow/example_dags/example_short_circuit_operator.py took 0.069 seconds
[2024-06-10 10:21:01,166] {scheduler_job.py:181} INFO - Started process (PID=72788) to work on /home/anhcu/Project/Stock_project/airflow_venv/lib/python3.8/site-packages/airflow/example_dags/example_short_circuit_operator.py
[2024-06-10 10:21:01,168] {scheduler_job.py:629} INFO - Processing file /home/anhcu/Project/Stock_project/airflow_venv/lib/python3.8/site-packages/airflow/example_dags/example_short_circuit_operator.py for tasks to queue
[2024-06-10 10:21:01,169] {logging_mixin.py:103} INFO - [2024-06-10 10:21:01,169] {dagbag.py:440} INFO - Filling up the DagBag from /home/anhcu/Project/Stock_project/airflow_venv/lib/python3.8/site-packages/airflow/example_dags/example_short_circuit_operator.py
[2024-06-10 10:21:01,184] {scheduler_job.py:639} INFO - DAG(s) dict_keys(['example_short_circuit_operator']) retrieved from /home/anhcu/Project/Stock_project/airflow_venv/lib/python3.8/site-packages/airflow/example_dags/example_short_circuit_operator.py
[2024-06-10 10:21:01,188] {logging_mixin.py:103} INFO - [2024-06-10 10:21:01,188] {dag.py:1813} INFO - Sync 1 DAGs
[2024-06-10 10:21:01,210] {logging_mixin.py:103} INFO - [2024-06-10 10:21:01,210] {dag.py:2266} INFO - Setting next_dagrun for example_short_circuit_operator to 2024-06-08 00:00:00+00:00
[2024-06-10 10:21:01,226] {scheduler_job.py:189} INFO - Processing /home/anhcu/Project/Stock_project/airflow_venv/lib/python3.8/site-packages/airflow/example_dags/example_short_circuit_operator.py took 0.065 seconds
[2024-06-10 10:21:31,576] {scheduler_job.py:181} INFO - Started process (PID=72942) to work on /home/anhcu/Project/Stock_project/airflow_venv/lib/python3.8/site-packages/airflow/example_dags/example_short_circuit_operator.py
[2024-06-10 10:21:31,577] {scheduler_job.py:629} INFO - Processing file /home/anhcu/Project/Stock_project/airflow_venv/lib/python3.8/site-packages/airflow/example_dags/example_short_circuit_operator.py for tasks to queue
[2024-06-10 10:21:31,578] {logging_mixin.py:103} INFO - [2024-06-10 10:21:31,578] {dagbag.py:440} INFO - Filling up the DagBag from /home/anhcu/Project/Stock_project/airflow_venv/lib/python3.8/site-packages/airflow/example_dags/example_short_circuit_operator.py
[2024-06-10 10:21:31,596] {scheduler_job.py:639} INFO - DAG(s) dict_keys(['example_short_circuit_operator']) retrieved from /home/anhcu/Project/Stock_project/airflow_venv/lib/python3.8/site-packages/airflow/example_dags/example_short_circuit_operator.py
[2024-06-10 10:21:31,598] {logging_mixin.py:103} INFO - [2024-06-10 10:21:31,597] {dag.py:1813} INFO - Sync 1 DAGs
[2024-06-10 10:21:31,618] {logging_mixin.py:103} INFO - [2024-06-10 10:21:31,618] {dag.py:2266} INFO - Setting next_dagrun for example_short_circuit_operator to 2024-06-08 00:00:00+00:00
[2024-06-10 10:21:31,635] {scheduler_job.py:189} INFO - Processing /home/anhcu/Project/Stock_project/airflow_venv/lib/python3.8/site-packages/airflow/example_dags/example_short_circuit_operator.py took 0.063 seconds
[2024-06-10 10:22:00,723] {scheduler_job.py:181} INFO - Started process (PID=73161) to work on /home/anhcu/Project/Stock_project/airflow_venv/lib/python3.8/site-packages/airflow/example_dags/example_short_circuit_operator.py
[2024-06-10 10:22:00,725] {scheduler_job.py:629} INFO - Processing file /home/anhcu/Project/Stock_project/airflow_venv/lib/python3.8/site-packages/airflow/example_dags/example_short_circuit_operator.py for tasks to queue
[2024-06-10 10:22:00,726] {logging_mixin.py:103} INFO - [2024-06-10 10:22:00,726] {dagbag.py:440} INFO - Filling up the DagBag from /home/anhcu/Project/Stock_project/airflow_venv/lib/python3.8/site-packages/airflow/example_dags/example_short_circuit_operator.py
[2024-06-10 10:22:00,751] {scheduler_job.py:639} INFO - DAG(s) dict_keys(['example_short_circuit_operator']) retrieved from /home/anhcu/Project/Stock_project/airflow_venv/lib/python3.8/site-packages/airflow/example_dags/example_short_circuit_operator.py
[2024-06-10 10:22:00,752] {logging_mixin.py:103} INFO - [2024-06-10 10:22:00,752] {dag.py:1813} INFO - Sync 1 DAGs
[2024-06-10 10:22:00,773] {logging_mixin.py:103} INFO - [2024-06-10 10:22:00,773] {dag.py:2266} INFO - Setting next_dagrun for example_short_circuit_operator to 2024-06-08 00:00:00+00:00
[2024-06-10 10:22:00,790] {scheduler_job.py:189} INFO - Processing /home/anhcu/Project/Stock_project/airflow_venv/lib/python3.8/site-packages/airflow/example_dags/example_short_circuit_operator.py took 0.074 seconds
[2024-06-10 10:22:30,038] {scheduler_job.py:181} INFO - Started process (PID=73296) to work on /home/anhcu/Project/Stock_project/airflow_venv/lib/python3.8/site-packages/airflow/example_dags/example_short_circuit_operator.py
[2024-06-10 10:22:30,041] {scheduler_job.py:629} INFO - Processing file /home/anhcu/Project/Stock_project/airflow_venv/lib/python3.8/site-packages/airflow/example_dags/example_short_circuit_operator.py for tasks to queue
[2024-06-10 10:22:30,046] {logging_mixin.py:103} INFO - [2024-06-10 10:22:30,046] {dagbag.py:440} INFO - Filling up the DagBag from /home/anhcu/Project/Stock_project/airflow_venv/lib/python3.8/site-packages/airflow/example_dags/example_short_circuit_operator.py
[2024-06-10 10:22:30,076] {scheduler_job.py:639} INFO - DAG(s) dict_keys(['example_short_circuit_operator']) retrieved from /home/anhcu/Project/Stock_project/airflow_venv/lib/python3.8/site-packages/airflow/example_dags/example_short_circuit_operator.py
[2024-06-10 10:22:30,079] {logging_mixin.py:103} INFO - [2024-06-10 10:22:30,079] {dag.py:1813} INFO - Sync 1 DAGs
[2024-06-10 10:22:30,099] {logging_mixin.py:103} INFO - [2024-06-10 10:22:30,098] {dag.py:2266} INFO - Setting next_dagrun for example_short_circuit_operator to 2024-06-08 00:00:00+00:00
[2024-06-10 10:22:30,116] {scheduler_job.py:189} INFO - Processing /home/anhcu/Project/Stock_project/airflow_venv/lib/python3.8/site-packages/airflow/example_dags/example_short_circuit_operator.py took 0.090 seconds
[2024-06-10 10:22:57,365] {scheduler_job.py:181} INFO - Started process (PID=73505) to work on /home/anhcu/Project/Stock_project/airflow_venv/lib/python3.8/site-packages/airflow/example_dags/example_short_circuit_operator.py
[2024-06-10 10:22:57,366] {scheduler_job.py:629} INFO - Processing file /home/anhcu/Project/Stock_project/airflow_venv/lib/python3.8/site-packages/airflow/example_dags/example_short_circuit_operator.py for tasks to queue
[2024-06-10 10:22:57,367] {logging_mixin.py:103} INFO - [2024-06-10 10:22:57,367] {dagbag.py:440} INFO - Filling up the DagBag from /home/anhcu/Project/Stock_project/airflow_venv/lib/python3.8/site-packages/airflow/example_dags/example_short_circuit_operator.py
[2024-06-10 10:22:57,380] {scheduler_job.py:639} INFO - DAG(s) dict_keys(['example_short_circuit_operator']) retrieved from /home/anhcu/Project/Stock_project/airflow_venv/lib/python3.8/site-packages/airflow/example_dags/example_short_circuit_operator.py
[2024-06-10 10:22:57,381] {logging_mixin.py:103} INFO - [2024-06-10 10:22:57,381] {dag.py:1813} INFO - Sync 1 DAGs
[2024-06-10 10:22:57,396] {logging_mixin.py:103} INFO - [2024-06-10 10:22:57,396] {dag.py:2266} INFO - Setting next_dagrun for example_short_circuit_operator to 2024-06-08 00:00:00+00:00
[2024-06-10 10:22:57,408] {scheduler_job.py:189} INFO - Processing /home/anhcu/Project/Stock_project/airflow_venv/lib/python3.8/site-packages/airflow/example_dags/example_short_circuit_operator.py took 0.047 seconds
[2024-06-10 10:23:48,954] {scheduler_job.py:181} INFO - Started process (PID=74194) to work on /home/anhcu/Project/Stock_project/airflow_venv/lib/python3.8/site-packages/airflow/example_dags/example_short_circuit_operator.py
[2024-06-10 10:23:48,958] {scheduler_job.py:629} INFO - Processing file /home/anhcu/Project/Stock_project/airflow_venv/lib/python3.8/site-packages/airflow/example_dags/example_short_circuit_operator.py for tasks to queue
[2024-06-10 10:23:48,959] {logging_mixin.py:103} INFO - [2024-06-10 10:23:48,959] {dagbag.py:440} INFO - Filling up the DagBag from /home/anhcu/Project/Stock_project/airflow_venv/lib/python3.8/site-packages/airflow/example_dags/example_short_circuit_operator.py
[2024-06-10 10:23:48,971] {scheduler_job.py:639} INFO - DAG(s) dict_keys(['example_short_circuit_operator']) retrieved from /home/anhcu/Project/Stock_project/airflow_venv/lib/python3.8/site-packages/airflow/example_dags/example_short_circuit_operator.py
[2024-06-10 10:23:48,972] {logging_mixin.py:103} INFO - [2024-06-10 10:23:48,972] {dag.py:1813} INFO - Sync 1 DAGs
[2024-06-10 10:23:48,987] {logging_mixin.py:103} INFO - [2024-06-10 10:23:48,987] {dag.py:2266} INFO - Setting next_dagrun for example_short_circuit_operator to 2024-06-08 00:00:00+00:00
[2024-06-10 10:23:49,000] {scheduler_job.py:189} INFO - Processing /home/anhcu/Project/Stock_project/airflow_venv/lib/python3.8/site-packages/airflow/example_dags/example_short_circuit_operator.py took 0.049 seconds
[2024-06-10 10:24:19,293] {scheduler_job.py:181} INFO - Started process (PID=74461) to work on /home/anhcu/Project/Stock_project/airflow_venv/lib/python3.8/site-packages/airflow/example_dags/example_short_circuit_operator.py
[2024-06-10 10:24:19,298] {scheduler_job.py:629} INFO - Processing file /home/anhcu/Project/Stock_project/airflow_venv/lib/python3.8/site-packages/airflow/example_dags/example_short_circuit_operator.py for tasks to queue
[2024-06-10 10:24:19,299] {logging_mixin.py:103} INFO - [2024-06-10 10:24:19,298] {dagbag.py:440} INFO - Filling up the DagBag from /home/anhcu/Project/Stock_project/airflow_venv/lib/python3.8/site-packages/airflow/example_dags/example_short_circuit_operator.py
[2024-06-10 10:24:19,311] {scheduler_job.py:639} INFO - DAG(s) dict_keys(['example_short_circuit_operator']) retrieved from /home/anhcu/Project/Stock_project/airflow_venv/lib/python3.8/site-packages/airflow/example_dags/example_short_circuit_operator.py
[2024-06-10 10:24:19,312] {logging_mixin.py:103} INFO - [2024-06-10 10:24:19,312] {dag.py:1813} INFO - Sync 1 DAGs
[2024-06-10 10:24:19,327] {logging_mixin.py:103} INFO - [2024-06-10 10:24:19,327] {dag.py:2266} INFO - Setting next_dagrun for example_short_circuit_operator to 2024-06-08 00:00:00+00:00
[2024-06-10 10:24:19,339] {scheduler_job.py:189} INFO - Processing /home/anhcu/Project/Stock_project/airflow_venv/lib/python3.8/site-packages/airflow/example_dags/example_short_circuit_operator.py took 0.050 seconds
[2024-06-10 10:24:50,714] {scheduler_job.py:181} INFO - Started process (PID=74844) to work on /home/anhcu/Project/Stock_project/airflow_venv/lib/python3.8/site-packages/airflow/example_dags/example_short_circuit_operator.py
[2024-06-10 10:24:50,716] {scheduler_job.py:629} INFO - Processing file /home/anhcu/Project/Stock_project/airflow_venv/lib/python3.8/site-packages/airflow/example_dags/example_short_circuit_operator.py for tasks to queue
[2024-06-10 10:24:50,722] {logging_mixin.py:103} INFO - [2024-06-10 10:24:50,722] {dagbag.py:440} INFO - Filling up the DagBag from /home/anhcu/Project/Stock_project/airflow_venv/lib/python3.8/site-packages/airflow/example_dags/example_short_circuit_operator.py
[2024-06-10 10:24:50,761] {scheduler_job.py:639} INFO - DAG(s) dict_keys(['example_short_circuit_operator']) retrieved from /home/anhcu/Project/Stock_project/airflow_venv/lib/python3.8/site-packages/airflow/example_dags/example_short_circuit_operator.py
[2024-06-10 10:24:50,763] {logging_mixin.py:103} INFO - [2024-06-10 10:24:50,763] {dag.py:1813} INFO - Sync 1 DAGs
[2024-06-10 10:24:50,807] {logging_mixin.py:103} INFO - [2024-06-10 10:24:50,807] {dag.py:2266} INFO - Setting next_dagrun for example_short_circuit_operator to 2024-06-08 00:00:00+00:00
[2024-06-10 10:24:50,843] {scheduler_job.py:189} INFO - Processing /home/anhcu/Project/Stock_project/airflow_venv/lib/python3.8/site-packages/airflow/example_dags/example_short_circuit_operator.py took 0.134 seconds
[2024-06-10 10:25:20,591] {scheduler_job.py:181} INFO - Started process (PID=75247) to work on /home/anhcu/Project/Stock_project/airflow_venv/lib/python3.8/site-packages/airflow/example_dags/example_short_circuit_operator.py
[2024-06-10 10:25:20,593] {scheduler_job.py:629} INFO - Processing file /home/anhcu/Project/Stock_project/airflow_venv/lib/python3.8/site-packages/airflow/example_dags/example_short_circuit_operator.py for tasks to queue
[2024-06-10 10:25:20,593] {logging_mixin.py:103} INFO - [2024-06-10 10:25:20,593] {dagbag.py:440} INFO - Filling up the DagBag from /home/anhcu/Project/Stock_project/airflow_venv/lib/python3.8/site-packages/airflow/example_dags/example_short_circuit_operator.py
[2024-06-10 10:25:20,604] {scheduler_job.py:639} INFO - DAG(s) dict_keys(['example_short_circuit_operator']) retrieved from /home/anhcu/Project/Stock_project/airflow_venv/lib/python3.8/site-packages/airflow/example_dags/example_short_circuit_operator.py
[2024-06-10 10:25:20,605] {logging_mixin.py:103} INFO - [2024-06-10 10:25:20,605] {dag.py:1813} INFO - Sync 1 DAGs
[2024-06-10 10:25:20,621] {logging_mixin.py:103} INFO - [2024-06-10 10:25:20,621] {dag.py:2266} INFO - Setting next_dagrun for example_short_circuit_operator to 2024-06-08 00:00:00+00:00
[2024-06-10 10:25:20,633] {scheduler_job.py:189} INFO - Processing /home/anhcu/Project/Stock_project/airflow_venv/lib/python3.8/site-packages/airflow/example_dags/example_short_circuit_operator.py took 0.045 seconds
[2024-06-10 10:25:52,083] {scheduler_job.py:181} INFO - Started process (PID=75540) to work on /home/anhcu/Project/Stock_project/airflow_venv/lib/python3.8/site-packages/airflow/example_dags/example_short_circuit_operator.py
[2024-06-10 10:25:52,085] {scheduler_job.py:629} INFO - Processing file /home/anhcu/Project/Stock_project/airflow_venv/lib/python3.8/site-packages/airflow/example_dags/example_short_circuit_operator.py for tasks to queue
[2024-06-10 10:25:52,085] {logging_mixin.py:103} INFO - [2024-06-10 10:25:52,085] {dagbag.py:440} INFO - Filling up the DagBag from /home/anhcu/Project/Stock_project/airflow_venv/lib/python3.8/site-packages/airflow/example_dags/example_short_circuit_operator.py
[2024-06-10 10:25:52,097] {scheduler_job.py:639} INFO - DAG(s) dict_keys(['example_short_circuit_operator']) retrieved from /home/anhcu/Project/Stock_project/airflow_venv/lib/python3.8/site-packages/airflow/example_dags/example_short_circuit_operator.py
[2024-06-10 10:25:52,098] {logging_mixin.py:103} INFO - [2024-06-10 10:25:52,098] {dag.py:1813} INFO - Sync 1 DAGs
[2024-06-10 10:25:52,113] {logging_mixin.py:103} INFO - [2024-06-10 10:25:52,113] {dag.py:2266} INFO - Setting next_dagrun for example_short_circuit_operator to 2024-06-08 00:00:00+00:00
[2024-06-10 10:25:52,125] {scheduler_job.py:189} INFO - Processing /home/anhcu/Project/Stock_project/airflow_venv/lib/python3.8/site-packages/airflow/example_dags/example_short_circuit_operator.py took 0.045 seconds
[2024-06-10 10:26:18,460] {scheduler_job.py:181} INFO - Started process (PID=75748) to work on /home/anhcu/Project/Stock_project/airflow_venv/lib/python3.8/site-packages/airflow/example_dags/example_short_circuit_operator.py
[2024-06-10 10:26:18,463] {scheduler_job.py:629} INFO - Processing file /home/anhcu/Project/Stock_project/airflow_venv/lib/python3.8/site-packages/airflow/example_dags/example_short_circuit_operator.py for tasks to queue
[2024-06-10 10:26:18,465] {logging_mixin.py:103} INFO - [2024-06-10 10:26:18,464] {dagbag.py:440} INFO - Filling up the DagBag from /home/anhcu/Project/Stock_project/airflow_venv/lib/python3.8/site-packages/airflow/example_dags/example_short_circuit_operator.py
[2024-06-10 10:26:18,480] {scheduler_job.py:639} INFO - DAG(s) dict_keys(['example_short_circuit_operator']) retrieved from /home/anhcu/Project/Stock_project/airflow_venv/lib/python3.8/site-packages/airflow/example_dags/example_short_circuit_operator.py
[2024-06-10 10:26:18,482] {logging_mixin.py:103} INFO - [2024-06-10 10:26:18,481] {dag.py:1813} INFO - Sync 1 DAGs
[2024-06-10 10:26:18,497] {logging_mixin.py:103} INFO - [2024-06-10 10:26:18,497] {dag.py:2266} INFO - Setting next_dagrun for example_short_circuit_operator to 2024-06-08 00:00:00+00:00
[2024-06-10 10:26:18,509] {scheduler_job.py:189} INFO - Processing /home/anhcu/Project/Stock_project/airflow_venv/lib/python3.8/site-packages/airflow/example_dags/example_short_circuit_operator.py took 0.054 seconds
[2024-06-10 10:26:46,190] {scheduler_job.py:181} INFO - Started process (PID=75921) to work on /home/anhcu/Project/Stock_project/airflow_venv/lib/python3.8/site-packages/airflow/example_dags/example_short_circuit_operator.py
[2024-06-10 10:26:46,192] {scheduler_job.py:629} INFO - Processing file /home/anhcu/Project/Stock_project/airflow_venv/lib/python3.8/site-packages/airflow/example_dags/example_short_circuit_operator.py for tasks to queue
[2024-06-10 10:26:46,193] {logging_mixin.py:103} INFO - [2024-06-10 10:26:46,193] {dagbag.py:440} INFO - Filling up the DagBag from /home/anhcu/Project/Stock_project/airflow_venv/lib/python3.8/site-packages/airflow/example_dags/example_short_circuit_operator.py
[2024-06-10 10:26:46,205] {scheduler_job.py:639} INFO - DAG(s) dict_keys(['example_short_circuit_operator']) retrieved from /home/anhcu/Project/Stock_project/airflow_venv/lib/python3.8/site-packages/airflow/example_dags/example_short_circuit_operator.py
[2024-06-10 10:26:46,206] {logging_mixin.py:103} INFO - [2024-06-10 10:26:46,206] {dag.py:1813} INFO - Sync 1 DAGs
[2024-06-10 10:26:46,224] {logging_mixin.py:103} INFO - [2024-06-10 10:26:46,224] {dag.py:2266} INFO - Setting next_dagrun for example_short_circuit_operator to 2024-06-08 00:00:00+00:00
[2024-06-10 10:26:46,236] {scheduler_job.py:189} INFO - Processing /home/anhcu/Project/Stock_project/airflow_venv/lib/python3.8/site-packages/airflow/example_dags/example_short_circuit_operator.py took 0.051 seconds
[2024-06-10 10:27:14,119] {scheduler_job.py:181} INFO - Started process (PID=76061) to work on /home/anhcu/Project/Stock_project/airflow_venv/lib/python3.8/site-packages/airflow/example_dags/example_short_circuit_operator.py
[2024-06-10 10:27:14,121] {scheduler_job.py:629} INFO - Processing file /home/anhcu/Project/Stock_project/airflow_venv/lib/python3.8/site-packages/airflow/example_dags/example_short_circuit_operator.py for tasks to queue
[2024-06-10 10:27:14,122] {logging_mixin.py:103} INFO - [2024-06-10 10:27:14,122] {dagbag.py:440} INFO - Filling up the DagBag from /home/anhcu/Project/Stock_project/airflow_venv/lib/python3.8/site-packages/airflow/example_dags/example_short_circuit_operator.py
[2024-06-10 10:27:14,134] {scheduler_job.py:639} INFO - DAG(s) dict_keys(['example_short_circuit_operator']) retrieved from /home/anhcu/Project/Stock_project/airflow_venv/lib/python3.8/site-packages/airflow/example_dags/example_short_circuit_operator.py
[2024-06-10 10:27:14,135] {logging_mixin.py:103} INFO - [2024-06-10 10:27:14,135] {dag.py:1813} INFO - Sync 1 DAGs
[2024-06-10 10:27:14,156] {logging_mixin.py:103} INFO - [2024-06-10 10:27:14,156] {dag.py:2266} INFO - Setting next_dagrun for example_short_circuit_operator to 2024-06-08 00:00:00+00:00
[2024-06-10 10:27:14,168] {scheduler_job.py:189} INFO - Processing /home/anhcu/Project/Stock_project/airflow_venv/lib/python3.8/site-packages/airflow/example_dags/example_short_circuit_operator.py took 0.053 seconds
[2024-06-10 10:27:42,513] {scheduler_job.py:181} INFO - Started process (PID=76179) to work on /home/anhcu/Project/Stock_project/airflow_venv/lib/python3.8/site-packages/airflow/example_dags/example_short_circuit_operator.py
[2024-06-10 10:27:42,515] {scheduler_job.py:629} INFO - Processing file /home/anhcu/Project/Stock_project/airflow_venv/lib/python3.8/site-packages/airflow/example_dags/example_short_circuit_operator.py for tasks to queue
[2024-06-10 10:27:42,515] {logging_mixin.py:103} INFO - [2024-06-10 10:27:42,515] {dagbag.py:440} INFO - Filling up the DagBag from /home/anhcu/Project/Stock_project/airflow_venv/lib/python3.8/site-packages/airflow/example_dags/example_short_circuit_operator.py
[2024-06-10 10:27:42,528] {scheduler_job.py:639} INFO - DAG(s) dict_keys(['example_short_circuit_operator']) retrieved from /home/anhcu/Project/Stock_project/airflow_venv/lib/python3.8/site-packages/airflow/example_dags/example_short_circuit_operator.py
[2024-06-10 10:27:42,529] {logging_mixin.py:103} INFO - [2024-06-10 10:27:42,529] {dag.py:1813} INFO - Sync 1 DAGs
[2024-06-10 10:27:42,546] {logging_mixin.py:103} INFO - [2024-06-10 10:27:42,546] {dag.py:2266} INFO - Setting next_dagrun for example_short_circuit_operator to 2024-06-08 00:00:00+00:00
[2024-06-10 10:27:42,559] {scheduler_job.py:189} INFO - Processing /home/anhcu/Project/Stock_project/airflow_venv/lib/python3.8/site-packages/airflow/example_dags/example_short_circuit_operator.py took 0.051 seconds
[2024-06-10 10:28:10,757] {scheduler_job.py:181} INFO - Started process (PID=76332) to work on /home/anhcu/Project/Stock_project/airflow_venv/lib/python3.8/site-packages/airflow/example_dags/example_short_circuit_operator.py
[2024-06-10 10:28:10,759] {scheduler_job.py:629} INFO - Processing file /home/anhcu/Project/Stock_project/airflow_venv/lib/python3.8/site-packages/airflow/example_dags/example_short_circuit_operator.py for tasks to queue
[2024-06-10 10:28:10,759] {logging_mixin.py:103} INFO - [2024-06-10 10:28:10,759] {dagbag.py:440} INFO - Filling up the DagBag from /home/anhcu/Project/Stock_project/airflow_venv/lib/python3.8/site-packages/airflow/example_dags/example_short_circuit_operator.py
[2024-06-10 10:28:10,770] {scheduler_job.py:639} INFO - DAG(s) dict_keys(['example_short_circuit_operator']) retrieved from /home/anhcu/Project/Stock_project/airflow_venv/lib/python3.8/site-packages/airflow/example_dags/example_short_circuit_operator.py
[2024-06-10 10:28:10,771] {logging_mixin.py:103} INFO - [2024-06-10 10:28:10,771] {dag.py:1813} INFO - Sync 1 DAGs
[2024-06-10 10:28:10,786] {logging_mixin.py:103} INFO - [2024-06-10 10:28:10,786] {dag.py:2266} INFO - Setting next_dagrun for example_short_circuit_operator to 2024-06-08 00:00:00+00:00
[2024-06-10 10:28:10,798] {scheduler_job.py:189} INFO - Processing /home/anhcu/Project/Stock_project/airflow_venv/lib/python3.8/site-packages/airflow/example_dags/example_short_circuit_operator.py took 0.046 seconds
[2024-06-10 10:28:38,115] {scheduler_job.py:181} INFO - Started process (PID=76451) to work on /home/anhcu/Project/Stock_project/airflow_venv/lib/python3.8/site-packages/airflow/example_dags/example_short_circuit_operator.py
[2024-06-10 10:28:38,117] {scheduler_job.py:629} INFO - Processing file /home/anhcu/Project/Stock_project/airflow_venv/lib/python3.8/site-packages/airflow/example_dags/example_short_circuit_operator.py for tasks to queue
[2024-06-10 10:28:38,118] {logging_mixin.py:103} INFO - [2024-06-10 10:28:38,118] {dagbag.py:440} INFO - Filling up the DagBag from /home/anhcu/Project/Stock_project/airflow_venv/lib/python3.8/site-packages/airflow/example_dags/example_short_circuit_operator.py
[2024-06-10 10:28:38,134] {scheduler_job.py:639} INFO - DAG(s) dict_keys(['example_short_circuit_operator']) retrieved from /home/anhcu/Project/Stock_project/airflow_venv/lib/python3.8/site-packages/airflow/example_dags/example_short_circuit_operator.py
[2024-06-10 10:28:38,135] {logging_mixin.py:103} INFO - [2024-06-10 10:28:38,135] {dag.py:1813} INFO - Sync 1 DAGs
[2024-06-10 10:28:38,157] {logging_mixin.py:103} INFO - [2024-06-10 10:28:38,157] {dag.py:2266} INFO - Setting next_dagrun for example_short_circuit_operator to 2024-06-08 00:00:00+00:00
[2024-06-10 10:28:38,176] {scheduler_job.py:189} INFO - Processing /home/anhcu/Project/Stock_project/airflow_venv/lib/python3.8/site-packages/airflow/example_dags/example_short_circuit_operator.py took 0.068 seconds
[2024-06-10 10:29:05,252] {scheduler_job.py:181} INFO - Started process (PID=76677) to work on /home/anhcu/Project/Stock_project/airflow_venv/lib/python3.8/site-packages/airflow/example_dags/example_short_circuit_operator.py
[2024-06-10 10:29:05,254] {scheduler_job.py:629} INFO - Processing file /home/anhcu/Project/Stock_project/airflow_venv/lib/python3.8/site-packages/airflow/example_dags/example_short_circuit_operator.py for tasks to queue
[2024-06-10 10:29:05,255] {logging_mixin.py:103} INFO - [2024-06-10 10:29:05,255] {dagbag.py:440} INFO - Filling up the DagBag from /home/anhcu/Project/Stock_project/airflow_venv/lib/python3.8/site-packages/airflow/example_dags/example_short_circuit_operator.py
[2024-06-10 10:29:05,266] {scheduler_job.py:639} INFO - DAG(s) dict_keys(['example_short_circuit_operator']) retrieved from /home/anhcu/Project/Stock_project/airflow_venv/lib/python3.8/site-packages/airflow/example_dags/example_short_circuit_operator.py
[2024-06-10 10:29:05,268] {logging_mixin.py:103} INFO - [2024-06-10 10:29:05,267] {dag.py:1813} INFO - Sync 1 DAGs
[2024-06-10 10:29:05,286] {logging_mixin.py:103} INFO - [2024-06-10 10:29:05,286] {dag.py:2266} INFO - Setting next_dagrun for example_short_circuit_operator to 2024-06-08 00:00:00+00:00
[2024-06-10 10:29:05,297] {scheduler_job.py:189} INFO - Processing /home/anhcu/Project/Stock_project/airflow_venv/lib/python3.8/site-packages/airflow/example_dags/example_short_circuit_operator.py took 0.050 seconds
[2024-06-10 10:29:32,742] {scheduler_job.py:181} INFO - Started process (PID=76833) to work on /home/anhcu/Project/Stock_project/airflow_venv/lib/python3.8/site-packages/airflow/example_dags/example_short_circuit_operator.py
[2024-06-10 10:29:32,745] {scheduler_job.py:629} INFO - Processing file /home/anhcu/Project/Stock_project/airflow_venv/lib/python3.8/site-packages/airflow/example_dags/example_short_circuit_operator.py for tasks to queue
[2024-06-10 10:29:32,746] {logging_mixin.py:103} INFO - [2024-06-10 10:29:32,745] {dagbag.py:440} INFO - Filling up the DagBag from /home/anhcu/Project/Stock_project/airflow_venv/lib/python3.8/site-packages/airflow/example_dags/example_short_circuit_operator.py
[2024-06-10 10:29:32,756] {scheduler_job.py:639} INFO - DAG(s) dict_keys(['example_short_circuit_operator']) retrieved from /home/anhcu/Project/Stock_project/airflow_venv/lib/python3.8/site-packages/airflow/example_dags/example_short_circuit_operator.py
[2024-06-10 10:29:32,757] {logging_mixin.py:103} INFO - [2024-06-10 10:29:32,757] {dag.py:1813} INFO - Sync 1 DAGs
[2024-06-10 10:29:32,772] {logging_mixin.py:103} INFO - [2024-06-10 10:29:32,772] {dag.py:2266} INFO - Setting next_dagrun for example_short_circuit_operator to 2024-06-08 00:00:00+00:00
[2024-06-10 10:29:32,784] {scheduler_job.py:189} INFO - Processing /home/anhcu/Project/Stock_project/airflow_venv/lib/python3.8/site-packages/airflow/example_dags/example_short_circuit_operator.py took 0.047 seconds
[2024-06-10 10:30:00,840] {scheduler_job.py:181} INFO - Started process (PID=76984) to work on /home/anhcu/Project/Stock_project/airflow_venv/lib/python3.8/site-packages/airflow/example_dags/example_short_circuit_operator.py
[2024-06-10 10:30:00,842] {scheduler_job.py:629} INFO - Processing file /home/anhcu/Project/Stock_project/airflow_venv/lib/python3.8/site-packages/airflow/example_dags/example_short_circuit_operator.py for tasks to queue
[2024-06-10 10:30:00,842] {logging_mixin.py:103} INFO - [2024-06-10 10:30:00,842] {dagbag.py:440} INFO - Filling up the DagBag from /home/anhcu/Project/Stock_project/airflow_venv/lib/python3.8/site-packages/airflow/example_dags/example_short_circuit_operator.py
[2024-06-10 10:30:00,854] {scheduler_job.py:639} INFO - DAG(s) dict_keys(['example_short_circuit_operator']) retrieved from /home/anhcu/Project/Stock_project/airflow_venv/lib/python3.8/site-packages/airflow/example_dags/example_short_circuit_operator.py
[2024-06-10 10:30:00,855] {logging_mixin.py:103} INFO - [2024-06-10 10:30:00,855] {dag.py:1813} INFO - Sync 1 DAGs
[2024-06-10 10:30:00,875] {logging_mixin.py:103} INFO - [2024-06-10 10:30:00,875] {dag.py:2266} INFO - Setting next_dagrun for example_short_circuit_operator to 2024-06-08 00:00:00+00:00
[2024-06-10 10:30:00,887] {scheduler_job.py:189} INFO - Processing /home/anhcu/Project/Stock_project/airflow_venv/lib/python3.8/site-packages/airflow/example_dags/example_short_circuit_operator.py took 0.050 seconds
[2024-06-10 10:30:28,177] {scheduler_job.py:181} INFO - Started process (PID=77142) to work on /home/anhcu/Project/Stock_project/airflow_venv/lib/python3.8/site-packages/airflow/example_dags/example_short_circuit_operator.py
[2024-06-10 10:30:28,179] {scheduler_job.py:629} INFO - Processing file /home/anhcu/Project/Stock_project/airflow_venv/lib/python3.8/site-packages/airflow/example_dags/example_short_circuit_operator.py for tasks to queue
[2024-06-10 10:30:28,180] {logging_mixin.py:103} INFO - [2024-06-10 10:30:28,180] {dagbag.py:440} INFO - Filling up the DagBag from /home/anhcu/Project/Stock_project/airflow_venv/lib/python3.8/site-packages/airflow/example_dags/example_short_circuit_operator.py
[2024-06-10 10:30:28,192] {scheduler_job.py:639} INFO - DAG(s) dict_keys(['example_short_circuit_operator']) retrieved from /home/anhcu/Project/Stock_project/airflow_venv/lib/python3.8/site-packages/airflow/example_dags/example_short_circuit_operator.py
[2024-06-10 10:30:28,193] {logging_mixin.py:103} INFO - [2024-06-10 10:30:28,193] {dag.py:1813} INFO - Sync 1 DAGs
[2024-06-10 10:30:28,208] {logging_mixin.py:103} INFO - [2024-06-10 10:30:28,208] {dag.py:2266} INFO - Setting next_dagrun for example_short_circuit_operator to 2024-06-08 00:00:00+00:00
[2024-06-10 10:30:28,220] {scheduler_job.py:189} INFO - Processing /home/anhcu/Project/Stock_project/airflow_venv/lib/python3.8/site-packages/airflow/example_dags/example_short_circuit_operator.py took 0.047 seconds
[2024-06-10 10:30:55,545] {scheduler_job.py:181} INFO - Started process (PID=77300) to work on /home/anhcu/Project/Stock_project/airflow_venv/lib/python3.8/site-packages/airflow/example_dags/example_short_circuit_operator.py
[2024-06-10 10:30:55,548] {scheduler_job.py:629} INFO - Processing file /home/anhcu/Project/Stock_project/airflow_venv/lib/python3.8/site-packages/airflow/example_dags/example_short_circuit_operator.py for tasks to queue
[2024-06-10 10:30:55,549] {logging_mixin.py:103} INFO - [2024-06-10 10:30:55,549] {dagbag.py:440} INFO - Filling up the DagBag from /home/anhcu/Project/Stock_project/airflow_venv/lib/python3.8/site-packages/airflow/example_dags/example_short_circuit_operator.py
[2024-06-10 10:30:55,564] {scheduler_job.py:639} INFO - DAG(s) dict_keys(['example_short_circuit_operator']) retrieved from /home/anhcu/Project/Stock_project/airflow_venv/lib/python3.8/site-packages/airflow/example_dags/example_short_circuit_operator.py
[2024-06-10 10:30:55,566] {logging_mixin.py:103} INFO - [2024-06-10 10:30:55,566] {dag.py:1813} INFO - Sync 1 DAGs
[2024-06-10 10:30:55,587] {logging_mixin.py:103} INFO - [2024-06-10 10:30:55,587] {dag.py:2266} INFO - Setting next_dagrun for example_short_circuit_operator to 2024-06-08 00:00:00+00:00
[2024-06-10 10:30:55,604] {scheduler_job.py:189} INFO - Processing /home/anhcu/Project/Stock_project/airflow_venv/lib/python3.8/site-packages/airflow/example_dags/example_short_circuit_operator.py took 0.076 seconds
[2024-06-10 10:31:22,756] {scheduler_job.py:181} INFO - Started process (PID=77422) to work on /home/anhcu/Project/Stock_project/airflow_venv/lib/python3.8/site-packages/airflow/example_dags/example_short_circuit_operator.py
[2024-06-10 10:31:22,759] {scheduler_job.py:629} INFO - Processing file /home/anhcu/Project/Stock_project/airflow_venv/lib/python3.8/site-packages/airflow/example_dags/example_short_circuit_operator.py for tasks to queue
[2024-06-10 10:31:22,761] {logging_mixin.py:103} INFO - [2024-06-10 10:31:22,761] {dagbag.py:440} INFO - Filling up the DagBag from /home/anhcu/Project/Stock_project/airflow_venv/lib/python3.8/site-packages/airflow/example_dags/example_short_circuit_operator.py
[2024-06-10 10:31:22,775] {scheduler_job.py:639} INFO - DAG(s) dict_keys(['example_short_circuit_operator']) retrieved from /home/anhcu/Project/Stock_project/airflow_venv/lib/python3.8/site-packages/airflow/example_dags/example_short_circuit_operator.py
[2024-06-10 10:31:22,777] {logging_mixin.py:103} INFO - [2024-06-10 10:31:22,777] {dag.py:1813} INFO - Sync 1 DAGs
[2024-06-10 10:31:22,793] {logging_mixin.py:103} INFO - [2024-06-10 10:31:22,793] {dag.py:2266} INFO - Setting next_dagrun for example_short_circuit_operator to 2024-06-08 00:00:00+00:00
[2024-06-10 10:31:22,805] {scheduler_job.py:189} INFO - Processing /home/anhcu/Project/Stock_project/airflow_venv/lib/python3.8/site-packages/airflow/example_dags/example_short_circuit_operator.py took 0.054 seconds
[2024-06-10 10:31:51,088] {scheduler_job.py:181} INFO - Started process (PID=77572) to work on /home/anhcu/Project/Stock_project/airflow_venv/lib/python3.8/site-packages/airflow/example_dags/example_short_circuit_operator.py
[2024-06-10 10:31:51,090] {scheduler_job.py:629} INFO - Processing file /home/anhcu/Project/Stock_project/airflow_venv/lib/python3.8/site-packages/airflow/example_dags/example_short_circuit_operator.py for tasks to queue
[2024-06-10 10:31:51,091] {logging_mixin.py:103} INFO - [2024-06-10 10:31:51,091] {dagbag.py:440} INFO - Filling up the DagBag from /home/anhcu/Project/Stock_project/airflow_venv/lib/python3.8/site-packages/airflow/example_dags/example_short_circuit_operator.py
[2024-06-10 10:31:51,102] {scheduler_job.py:639} INFO - DAG(s) dict_keys(['example_short_circuit_operator']) retrieved from /home/anhcu/Project/Stock_project/airflow_venv/lib/python3.8/site-packages/airflow/example_dags/example_short_circuit_operator.py
[2024-06-10 10:31:51,103] {logging_mixin.py:103} INFO - [2024-06-10 10:31:51,103] {dag.py:1813} INFO - Sync 1 DAGs
[2024-06-10 10:31:51,119] {logging_mixin.py:103} INFO - [2024-06-10 10:31:51,119] {dag.py:2266} INFO - Setting next_dagrun for example_short_circuit_operator to 2024-06-08 00:00:00+00:00
[2024-06-10 10:31:51,131] {scheduler_job.py:189} INFO - Processing /home/anhcu/Project/Stock_project/airflow_venv/lib/python3.8/site-packages/airflow/example_dags/example_short_circuit_operator.py took 0.047 seconds
[2024-06-10 10:32:19,362] {scheduler_job.py:181} INFO - Started process (PID=77694) to work on /home/anhcu/Project/Stock_project/airflow_venv/lib/python3.8/site-packages/airflow/example_dags/example_short_circuit_operator.py
[2024-06-10 10:32:19,364] {scheduler_job.py:629} INFO - Processing file /home/anhcu/Project/Stock_project/airflow_venv/lib/python3.8/site-packages/airflow/example_dags/example_short_circuit_operator.py for tasks to queue
[2024-06-10 10:32:19,365] {logging_mixin.py:103} INFO - [2024-06-10 10:32:19,365] {dagbag.py:440} INFO - Filling up the DagBag from /home/anhcu/Project/Stock_project/airflow_venv/lib/python3.8/site-packages/airflow/example_dags/example_short_circuit_operator.py
[2024-06-10 10:32:19,376] {scheduler_job.py:639} INFO - DAG(s) dict_keys(['example_short_circuit_operator']) retrieved from /home/anhcu/Project/Stock_project/airflow_venv/lib/python3.8/site-packages/airflow/example_dags/example_short_circuit_operator.py
[2024-06-10 10:32:19,377] {logging_mixin.py:103} INFO - [2024-06-10 10:32:19,377] {dag.py:1813} INFO - Sync 1 DAGs
[2024-06-10 10:32:19,398] {logging_mixin.py:103} INFO - [2024-06-10 10:32:19,398] {dag.py:2266} INFO - Setting next_dagrun for example_short_circuit_operator to 2024-06-08 00:00:00+00:00
[2024-06-10 10:32:19,414] {scheduler_job.py:189} INFO - Processing /home/anhcu/Project/Stock_project/airflow_venv/lib/python3.8/site-packages/airflow/example_dags/example_short_circuit_operator.py took 0.057 seconds
[2024-06-10 10:32:47,267] {scheduler_job.py:181} INFO - Started process (PID=77925) to work on /home/anhcu/Project/Stock_project/airflow_venv/lib/python3.8/site-packages/airflow/example_dags/example_short_circuit_operator.py
[2024-06-10 10:32:47,268] {scheduler_job.py:629} INFO - Processing file /home/anhcu/Project/Stock_project/airflow_venv/lib/python3.8/site-packages/airflow/example_dags/example_short_circuit_operator.py for tasks to queue
[2024-06-10 10:32:47,269] {logging_mixin.py:103} INFO - [2024-06-10 10:32:47,269] {dagbag.py:440} INFO - Filling up the DagBag from /home/anhcu/Project/Stock_project/airflow_venv/lib/python3.8/site-packages/airflow/example_dags/example_short_circuit_operator.py
[2024-06-10 10:32:47,284] {scheduler_job.py:639} INFO - DAG(s) dict_keys(['example_short_circuit_operator']) retrieved from /home/anhcu/Project/Stock_project/airflow_venv/lib/python3.8/site-packages/airflow/example_dags/example_short_circuit_operator.py
[2024-06-10 10:32:47,285] {logging_mixin.py:103} INFO - [2024-06-10 10:32:47,285] {dag.py:1813} INFO - Sync 1 DAGs
[2024-06-10 10:32:47,306] {logging_mixin.py:103} INFO - [2024-06-10 10:32:47,306] {dag.py:2266} INFO - Setting next_dagrun for example_short_circuit_operator to 2024-06-08 00:00:00+00:00
[2024-06-10 10:32:47,323] {scheduler_job.py:189} INFO - Processing /home/anhcu/Project/Stock_project/airflow_venv/lib/python3.8/site-packages/airflow/example_dags/example_short_circuit_operator.py took 0.063 seconds
[2024-06-10 10:33:14,953] {scheduler_job.py:181} INFO - Started process (PID=78115) to work on /home/anhcu/Project/Stock_project/airflow_venv/lib/python3.8/site-packages/airflow/example_dags/example_short_circuit_operator.py
[2024-06-10 10:33:14,955] {scheduler_job.py:629} INFO - Processing file /home/anhcu/Project/Stock_project/airflow_venv/lib/python3.8/site-packages/airflow/example_dags/example_short_circuit_operator.py for tasks to queue
[2024-06-10 10:33:14,955] {logging_mixin.py:103} INFO - [2024-06-10 10:33:14,955] {dagbag.py:440} INFO - Filling up the DagBag from /home/anhcu/Project/Stock_project/airflow_venv/lib/python3.8/site-packages/airflow/example_dags/example_short_circuit_operator.py
[2024-06-10 10:33:14,970] {scheduler_job.py:639} INFO - DAG(s) dict_keys(['example_short_circuit_operator']) retrieved from /home/anhcu/Project/Stock_project/airflow_venv/lib/python3.8/site-packages/airflow/example_dags/example_short_circuit_operator.py
[2024-06-10 10:33:14,972] {logging_mixin.py:103} INFO - [2024-06-10 10:33:14,972] {dag.py:1813} INFO - Sync 1 DAGs
[2024-06-10 10:33:14,993] {logging_mixin.py:103} INFO - [2024-06-10 10:33:14,993] {dag.py:2266} INFO - Setting next_dagrun for example_short_circuit_operator to 2024-06-08 00:00:00+00:00
[2024-06-10 10:33:15,011] {scheduler_job.py:189} INFO - Processing /home/anhcu/Project/Stock_project/airflow_venv/lib/python3.8/site-packages/airflow/example_dags/example_short_circuit_operator.py took 0.067 seconds
[2024-06-10 10:33:42,259] {scheduler_job.py:181} INFO - Started process (PID=78273) to work on /home/anhcu/Project/Stock_project/airflow_venv/lib/python3.8/site-packages/airflow/example_dags/example_short_circuit_operator.py
[2024-06-10 10:33:42,261] {scheduler_job.py:629} INFO - Processing file /home/anhcu/Project/Stock_project/airflow_venv/lib/python3.8/site-packages/airflow/example_dags/example_short_circuit_operator.py for tasks to queue
[2024-06-10 10:33:42,261] {logging_mixin.py:103} INFO - [2024-06-10 10:33:42,261] {dagbag.py:440} INFO - Filling up the DagBag from /home/anhcu/Project/Stock_project/airflow_venv/lib/python3.8/site-packages/airflow/example_dags/example_short_circuit_operator.py
[2024-06-10 10:33:42,273] {scheduler_job.py:639} INFO - DAG(s) dict_keys(['example_short_circuit_operator']) retrieved from /home/anhcu/Project/Stock_project/airflow_venv/lib/python3.8/site-packages/airflow/example_dags/example_short_circuit_operator.py
[2024-06-10 10:33:42,274] {logging_mixin.py:103} INFO - [2024-06-10 10:33:42,274] {dag.py:1813} INFO - Sync 1 DAGs
[2024-06-10 10:33:42,290] {logging_mixin.py:103} INFO - [2024-06-10 10:33:42,289] {dag.py:2266} INFO - Setting next_dagrun for example_short_circuit_operator to 2024-06-08 00:00:00+00:00
[2024-06-10 10:33:42,301] {scheduler_job.py:189} INFO - Processing /home/anhcu/Project/Stock_project/airflow_venv/lib/python3.8/site-packages/airflow/example_dags/example_short_circuit_operator.py took 0.046 seconds
[2024-06-10 10:34:10,621] {scheduler_job.py:181} INFO - Started process (PID=78431) to work on /home/anhcu/Project/Stock_project/airflow_venv/lib/python3.8/site-packages/airflow/example_dags/example_short_circuit_operator.py
[2024-06-10 10:34:10,623] {scheduler_job.py:629} INFO - Processing file /home/anhcu/Project/Stock_project/airflow_venv/lib/python3.8/site-packages/airflow/example_dags/example_short_circuit_operator.py for tasks to queue
[2024-06-10 10:34:10,624] {logging_mixin.py:103} INFO - [2024-06-10 10:34:10,624] {dagbag.py:440} INFO - Filling up the DagBag from /home/anhcu/Project/Stock_project/airflow_venv/lib/python3.8/site-packages/airflow/example_dags/example_short_circuit_operator.py
[2024-06-10 10:34:10,635] {scheduler_job.py:639} INFO - DAG(s) dict_keys(['example_short_circuit_operator']) retrieved from /home/anhcu/Project/Stock_project/airflow_venv/lib/python3.8/site-packages/airflow/example_dags/example_short_circuit_operator.py
[2024-06-10 10:34:10,637] {logging_mixin.py:103} INFO - [2024-06-10 10:34:10,637] {dag.py:1813} INFO - Sync 1 DAGs
[2024-06-10 10:34:10,652] {logging_mixin.py:103} INFO - [2024-06-10 10:34:10,652] {dag.py:2266} INFO - Setting next_dagrun for example_short_circuit_operator to 2024-06-08 00:00:00+00:00
[2024-06-10 10:34:10,664] {scheduler_job.py:189} INFO - Processing /home/anhcu/Project/Stock_project/airflow_venv/lib/python3.8/site-packages/airflow/example_dags/example_short_circuit_operator.py took 0.048 seconds
[2024-06-10 10:34:37,979] {scheduler_job.py:181} INFO - Started process (PID=78657) to work on /home/anhcu/Project/Stock_project/airflow_venv/lib/python3.8/site-packages/airflow/example_dags/example_short_circuit_operator.py
[2024-06-10 10:34:37,982] {scheduler_job.py:629} INFO - Processing file /home/anhcu/Project/Stock_project/airflow_venv/lib/python3.8/site-packages/airflow/example_dags/example_short_circuit_operator.py for tasks to queue
[2024-06-10 10:34:37,983] {logging_mixin.py:103} INFO - [2024-06-10 10:34:37,983] {dagbag.py:440} INFO - Filling up the DagBag from /home/anhcu/Project/Stock_project/airflow_venv/lib/python3.8/site-packages/airflow/example_dags/example_short_circuit_operator.py
[2024-06-10 10:34:37,993] {scheduler_job.py:639} INFO - DAG(s) dict_keys(['example_short_circuit_operator']) retrieved from /home/anhcu/Project/Stock_project/airflow_venv/lib/python3.8/site-packages/airflow/example_dags/example_short_circuit_operator.py
[2024-06-10 10:34:37,994] {logging_mixin.py:103} INFO - [2024-06-10 10:34:37,994] {dag.py:1813} INFO - Sync 1 DAGs
[2024-06-10 10:34:38,009] {logging_mixin.py:103} INFO - [2024-06-10 10:34:38,009] {dag.py:2266} INFO - Setting next_dagrun for example_short_circuit_operator to 2024-06-08 00:00:00+00:00
[2024-06-10 10:34:38,020] {scheduler_job.py:189} INFO - Processing /home/anhcu/Project/Stock_project/airflow_venv/lib/python3.8/site-packages/airflow/example_dags/example_short_circuit_operator.py took 0.045 seconds
[2024-06-10 10:35:05,192] {scheduler_job.py:181} INFO - Started process (PID=78859) to work on /home/anhcu/Project/Stock_project/airflow_venv/lib/python3.8/site-packages/airflow/example_dags/example_short_circuit_operator.py
[2024-06-10 10:35:05,194] {scheduler_job.py:629} INFO - Processing file /home/anhcu/Project/Stock_project/airflow_venv/lib/python3.8/site-packages/airflow/example_dags/example_short_circuit_operator.py for tasks to queue
[2024-06-10 10:35:05,194] {logging_mixin.py:103} INFO - [2024-06-10 10:35:05,194] {dagbag.py:440} INFO - Filling up the DagBag from /home/anhcu/Project/Stock_project/airflow_venv/lib/python3.8/site-packages/airflow/example_dags/example_short_circuit_operator.py
[2024-06-10 10:35:05,205] {scheduler_job.py:639} INFO - DAG(s) dict_keys(['example_short_circuit_operator']) retrieved from /home/anhcu/Project/Stock_project/airflow_venv/lib/python3.8/site-packages/airflow/example_dags/example_short_circuit_operator.py
[2024-06-10 10:35:05,206] {logging_mixin.py:103} INFO - [2024-06-10 10:35:05,206] {dag.py:1813} INFO - Sync 1 DAGs
[2024-06-10 10:35:05,222] {logging_mixin.py:103} INFO - [2024-06-10 10:35:05,222] {dag.py:2266} INFO - Setting next_dagrun for example_short_circuit_operator to 2024-06-08 00:00:00+00:00
[2024-06-10 10:35:05,233] {scheduler_job.py:189} INFO - Processing /home/anhcu/Project/Stock_project/airflow_venv/lib/python3.8/site-packages/airflow/example_dags/example_short_circuit_operator.py took 0.045 seconds
[2024-06-10 10:36:02,832] {scheduler_job.py:181} INFO - Started process (PID=79566) to work on /home/anhcu/Project/Stock_project/airflow_venv/lib/python3.8/site-packages/airflow/example_dags/example_short_circuit_operator.py
[2024-06-10 10:36:02,835] {scheduler_job.py:629} INFO - Processing file /home/anhcu/Project/Stock_project/airflow_venv/lib/python3.8/site-packages/airflow/example_dags/example_short_circuit_operator.py for tasks to queue
[2024-06-10 10:36:02,836] {logging_mixin.py:103} INFO - [2024-06-10 10:36:02,836] {dagbag.py:440} INFO - Filling up the DagBag from /home/anhcu/Project/Stock_project/airflow_venv/lib/python3.8/site-packages/airflow/example_dags/example_short_circuit_operator.py
[2024-06-10 10:36:02,847] {scheduler_job.py:639} INFO - DAG(s) dict_keys(['example_short_circuit_operator']) retrieved from /home/anhcu/Project/Stock_project/airflow_venv/lib/python3.8/site-packages/airflow/example_dags/example_short_circuit_operator.py
[2024-06-10 10:36:02,848] {logging_mixin.py:103} INFO - [2024-06-10 10:36:02,848] {dag.py:1813} INFO - Sync 1 DAGs
[2024-06-10 10:36:02,864] {logging_mixin.py:103} INFO - [2024-06-10 10:36:02,864] {dag.py:2266} INFO - Setting next_dagrun for example_short_circuit_operator to 2024-06-08 00:00:00+00:00
[2024-06-10 10:36:02,876] {scheduler_job.py:189} INFO - Processing /home/anhcu/Project/Stock_project/airflow_venv/lib/python3.8/site-packages/airflow/example_dags/example_short_circuit_operator.py took 0.047 seconds
