[2024-06-10 09:58:20,458] {scheduler_job.py:181} INFO - Started process (PID=62724) to work on /home/anhcu/Project/Stock_project/airflow_venv/lib/python3.8/site-packages/airflow/example_dags/example_trigger_controller_dag.py
[2024-06-10 09:58:20,460] {scheduler_job.py:629} INFO - Processing file /home/anhcu/Project/Stock_project/airflow_venv/lib/python3.8/site-packages/airflow/example_dags/example_trigger_controller_dag.py for tasks to queue
[2024-06-10 09:58:20,462] {logging_mixin.py:103} INFO - [2024-06-10 09:58:20,462] {dagbag.py:440} INFO - Filling up the DagBag from /home/anhcu/Project/Stock_project/airflow_venv/lib/python3.8/site-packages/airflow/example_dags/example_trigger_controller_dag.py
[2024-06-10 09:58:20,484] {scheduler_job.py:639} INFO - DAG(s) dict_keys(['example_trigger_controller_dag']) retrieved from /home/anhcu/Project/Stock_project/airflow_venv/lib/python3.8/site-packages/airflow/example_dags/example_trigger_controller_dag.py
[2024-06-10 09:58:20,488] {logging_mixin.py:103} INFO - [2024-06-10 09:58:20,488] {dag.py:1813} INFO - Sync 1 DAGs
[2024-06-10 09:58:20,670] {logging_mixin.py:103} INFO - [2024-06-10 09:58:20,670] {dag.py:2266} INFO - Setting next_dagrun for example_trigger_controller_dag to 2024-06-08 00:00:00+00:00
[2024-06-10 09:58:20,708] {scheduler_job.py:189} INFO - Processing /home/anhcu/Project/Stock_project/airflow_venv/lib/python3.8/site-packages/airflow/example_dags/example_trigger_controller_dag.py took 0.265 seconds
[2024-06-10 09:59:17,667] {scheduler_job.py:181} INFO - Started process (PID=62953) to work on /home/anhcu/Project/Stock_project/airflow_venv/lib/python3.8/site-packages/airflow/example_dags/example_trigger_controller_dag.py
[2024-06-10 09:59:17,669] {scheduler_job.py:629} INFO - Processing file /home/anhcu/Project/Stock_project/airflow_venv/lib/python3.8/site-packages/airflow/example_dags/example_trigger_controller_dag.py for tasks to queue
[2024-06-10 09:59:17,670] {logging_mixin.py:103} INFO - [2024-06-10 09:59:17,670] {dagbag.py:440} INFO - Filling up the DagBag from /home/anhcu/Project/Stock_project/airflow_venv/lib/python3.8/site-packages/airflow/example_dags/example_trigger_controller_dag.py
[2024-06-10 09:59:17,694] {scheduler_job.py:639} INFO - DAG(s) dict_keys(['example_trigger_controller_dag']) retrieved from /home/anhcu/Project/Stock_project/airflow_venv/lib/python3.8/site-packages/airflow/example_dags/example_trigger_controller_dag.py
[2024-06-10 09:59:17,700] {logging_mixin.py:103} INFO - [2024-06-10 09:59:17,700] {dag.py:1813} INFO - Sync 1 DAGs
[2024-06-10 09:59:18,119] {logging_mixin.py:103} INFO - [2024-06-10 09:59:18,118] {dag.py:2266} INFO - Setting next_dagrun for example_trigger_controller_dag to 2024-06-08 00:00:00+00:00
[2024-06-10 09:59:18,140] {scheduler_job.py:189} INFO - Processing /home/anhcu/Project/Stock_project/airflow_venv/lib/python3.8/site-packages/airflow/example_dags/example_trigger_controller_dag.py took 0.489 seconds
[2024-06-10 10:00:08,148] {scheduler_job.py:181} INFO - Started process (PID=63297) to work on /home/anhcu/Project/Stock_project/airflow_venv/lib/python3.8/site-packages/airflow/example_dags/example_trigger_controller_dag.py
[2024-06-10 10:00:08,149] {scheduler_job.py:629} INFO - Processing file /home/anhcu/Project/Stock_project/airflow_venv/lib/python3.8/site-packages/airflow/example_dags/example_trigger_controller_dag.py for tasks to queue
[2024-06-10 10:00:08,162] {logging_mixin.py:103} INFO - [2024-06-10 10:00:08,162] {dagbag.py:440} INFO - Filling up the DagBag from /home/anhcu/Project/Stock_project/airflow_venv/lib/python3.8/site-packages/airflow/example_dags/example_trigger_controller_dag.py
[2024-06-10 10:00:08,188] {scheduler_job.py:639} INFO - DAG(s) dict_keys(['example_trigger_controller_dag']) retrieved from /home/anhcu/Project/Stock_project/airflow_venv/lib/python3.8/site-packages/airflow/example_dags/example_trigger_controller_dag.py
[2024-06-10 10:00:08,189] {logging_mixin.py:103} INFO - [2024-06-10 10:00:08,189] {dag.py:1813} INFO - Sync 1 DAGs
[2024-06-10 10:00:08,224] {logging_mixin.py:103} INFO - [2024-06-10 10:00:08,224] {dag.py:2266} INFO - Setting next_dagrun for example_trigger_controller_dag to 2024-06-08 00:00:00+00:00
[2024-06-10 10:00:08,370] {scheduler_job.py:189} INFO - Processing /home/anhcu/Project/Stock_project/airflow_venv/lib/python3.8/site-packages/airflow/example_dags/example_trigger_controller_dag.py took 0.226 seconds
[2024-06-10 10:00:53,909] {scheduler_job.py:181} INFO - Started process (PID=63648) to work on /home/anhcu/Project/Stock_project/airflow_venv/lib/python3.8/site-packages/airflow/example_dags/example_trigger_controller_dag.py
[2024-06-10 10:00:53,915] {scheduler_job.py:629} INFO - Processing file /home/anhcu/Project/Stock_project/airflow_venv/lib/python3.8/site-packages/airflow/example_dags/example_trigger_controller_dag.py for tasks to queue
[2024-06-10 10:00:53,923] {logging_mixin.py:103} INFO - [2024-06-10 10:00:53,922] {dagbag.py:440} INFO - Filling up the DagBag from /home/anhcu/Project/Stock_project/airflow_venv/lib/python3.8/site-packages/airflow/example_dags/example_trigger_controller_dag.py
[2024-06-10 10:00:53,945] {scheduler_job.py:639} INFO - DAG(s) dict_keys(['example_trigger_controller_dag']) retrieved from /home/anhcu/Project/Stock_project/airflow_venv/lib/python3.8/site-packages/airflow/example_dags/example_trigger_controller_dag.py
[2024-06-10 10:00:53,949] {logging_mixin.py:103} INFO - [2024-06-10 10:00:53,948] {dag.py:1813} INFO - Sync 1 DAGs
[2024-06-10 10:00:54,373] {logging_mixin.py:103} INFO - [2024-06-10 10:00:54,372] {dag.py:2266} INFO - Setting next_dagrun for example_trigger_controller_dag to 2024-06-08 00:00:00+00:00
[2024-06-10 10:00:54,395] {scheduler_job.py:189} INFO - Processing /home/anhcu/Project/Stock_project/airflow_venv/lib/python3.8/site-packages/airflow/example_dags/example_trigger_controller_dag.py took 0.494 seconds
[2024-06-10 10:01:39,445] {scheduler_job.py:181} INFO - Started process (PID=63881) to work on /home/anhcu/Project/Stock_project/airflow_venv/lib/python3.8/site-packages/airflow/example_dags/example_trigger_controller_dag.py
[2024-06-10 10:01:39,447] {scheduler_job.py:629} INFO - Processing file /home/anhcu/Project/Stock_project/airflow_venv/lib/python3.8/site-packages/airflow/example_dags/example_trigger_controller_dag.py for tasks to queue
[2024-06-10 10:01:39,448] {logging_mixin.py:103} INFO - [2024-06-10 10:01:39,448] {dagbag.py:440} INFO - Filling up the DagBag from /home/anhcu/Project/Stock_project/airflow_venv/lib/python3.8/site-packages/airflow/example_dags/example_trigger_controller_dag.py
[2024-06-10 10:01:39,480] {scheduler_job.py:639} INFO - DAG(s) dict_keys(['example_trigger_controller_dag']) retrieved from /home/anhcu/Project/Stock_project/airflow_venv/lib/python3.8/site-packages/airflow/example_dags/example_trigger_controller_dag.py
[2024-06-10 10:01:39,616] {logging_mixin.py:103} INFO - [2024-06-10 10:01:39,616] {dag.py:1813} INFO - Sync 1 DAGs
[2024-06-10 10:01:39,640] {logging_mixin.py:103} INFO - [2024-06-10 10:01:39,640] {dag.py:2266} INFO - Setting next_dagrun for example_trigger_controller_dag to 2024-06-08 00:00:00+00:00
[2024-06-10 10:01:39,659] {scheduler_job.py:189} INFO - Processing /home/anhcu/Project/Stock_project/airflow_venv/lib/python3.8/site-packages/airflow/example_dags/example_trigger_controller_dag.py took 0.227 seconds
[2024-06-10 10:07:15,917] {scheduler_job.py:181} INFO - Started process (PID=67025) to work on /home/anhcu/Project/Stock_project/airflow_venv/lib/python3.8/site-packages/airflow/example_dags/example_trigger_controller_dag.py
[2024-06-10 10:07:15,920] {scheduler_job.py:629} INFO - Processing file /home/anhcu/Project/Stock_project/airflow_venv/lib/python3.8/site-packages/airflow/example_dags/example_trigger_controller_dag.py for tasks to queue
[2024-06-10 10:07:15,921] {logging_mixin.py:103} INFO - [2024-06-10 10:07:15,921] {dagbag.py:440} INFO - Filling up the DagBag from /home/anhcu/Project/Stock_project/airflow_venv/lib/python3.8/site-packages/airflow/example_dags/example_trigger_controller_dag.py
[2024-06-10 10:07:15,927] {scheduler_job.py:639} INFO - DAG(s) dict_keys(['example_trigger_controller_dag']) retrieved from /home/anhcu/Project/Stock_project/airflow_venv/lib/python3.8/site-packages/airflow/example_dags/example_trigger_controller_dag.py
[2024-06-10 10:07:15,928] {logging_mixin.py:103} INFO - [2024-06-10 10:07:15,928] {dag.py:1813} INFO - Sync 1 DAGs
[2024-06-10 10:07:15,945] {logging_mixin.py:103} INFO - [2024-06-10 10:07:15,945] {dag.py:2266} INFO - Setting next_dagrun for example_trigger_controller_dag to 2024-06-08 00:00:00+00:00
[2024-06-10 10:07:15,960] {scheduler_job.py:189} INFO - Processing /home/anhcu/Project/Stock_project/airflow_venv/lib/python3.8/site-packages/airflow/example_dags/example_trigger_controller_dag.py took 0.046 seconds
[2024-06-10 10:07:43,584] {scheduler_job.py:181} INFO - Started process (PID=67214) to work on /home/anhcu/Project/Stock_project/airflow_venv/lib/python3.8/site-packages/airflow/example_dags/example_trigger_controller_dag.py
[2024-06-10 10:07:43,586] {scheduler_job.py:629} INFO - Processing file /home/anhcu/Project/Stock_project/airflow_venv/lib/python3.8/site-packages/airflow/example_dags/example_trigger_controller_dag.py for tasks to queue
[2024-06-10 10:07:43,587] {logging_mixin.py:103} INFO - [2024-06-10 10:07:43,587] {dagbag.py:440} INFO - Filling up the DagBag from /home/anhcu/Project/Stock_project/airflow_venv/lib/python3.8/site-packages/airflow/example_dags/example_trigger_controller_dag.py
[2024-06-10 10:07:43,592] {scheduler_job.py:639} INFO - DAG(s) dict_keys(['example_trigger_controller_dag']) retrieved from /home/anhcu/Project/Stock_project/airflow_venv/lib/python3.8/site-packages/airflow/example_dags/example_trigger_controller_dag.py
[2024-06-10 10:07:43,594] {logging_mixin.py:103} INFO - [2024-06-10 10:07:43,593] {dag.py:1813} INFO - Sync 1 DAGs
[2024-06-10 10:07:43,611] {logging_mixin.py:103} INFO - [2024-06-10 10:07:43,611] {dag.py:2266} INFO - Setting next_dagrun for example_trigger_controller_dag to 2024-06-08 00:00:00+00:00
[2024-06-10 10:07:43,624] {scheduler_job.py:189} INFO - Processing /home/anhcu/Project/Stock_project/airflow_venv/lib/python3.8/site-packages/airflow/example_dags/example_trigger_controller_dag.py took 0.043 seconds
[2024-06-10 10:08:13,436] {scheduler_job.py:181} INFO - Started process (PID=67405) to work on /home/anhcu/Project/Stock_project/airflow_venv/lib/python3.8/site-packages/airflow/example_dags/example_trigger_controller_dag.py
[2024-06-10 10:08:13,438] {scheduler_job.py:629} INFO - Processing file /home/anhcu/Project/Stock_project/airflow_venv/lib/python3.8/site-packages/airflow/example_dags/example_trigger_controller_dag.py for tasks to queue
[2024-06-10 10:08:13,438] {logging_mixin.py:103} INFO - [2024-06-10 10:08:13,438] {dagbag.py:440} INFO - Filling up the DagBag from /home/anhcu/Project/Stock_project/airflow_venv/lib/python3.8/site-packages/airflow/example_dags/example_trigger_controller_dag.py
[2024-06-10 10:08:13,444] {scheduler_job.py:639} INFO - DAG(s) dict_keys(['example_trigger_controller_dag']) retrieved from /home/anhcu/Project/Stock_project/airflow_venv/lib/python3.8/site-packages/airflow/example_dags/example_trigger_controller_dag.py
[2024-06-10 10:08:13,445] {logging_mixin.py:103} INFO - [2024-06-10 10:08:13,445] {dag.py:1813} INFO - Sync 1 DAGs
[2024-06-10 10:08:13,461] {logging_mixin.py:103} INFO - [2024-06-10 10:08:13,461] {dag.py:2266} INFO - Setting next_dagrun for example_trigger_controller_dag to 2024-06-08 00:00:00+00:00
[2024-06-10 10:08:13,473] {scheduler_job.py:189} INFO - Processing /home/anhcu/Project/Stock_project/airflow_venv/lib/python3.8/site-packages/airflow/example_dags/example_trigger_controller_dag.py took 0.041 seconds
[2024-06-10 10:08:41,485] {scheduler_job.py:181} INFO - Started process (PID=67655) to work on /home/anhcu/Project/Stock_project/airflow_venv/lib/python3.8/site-packages/airflow/example_dags/example_trigger_controller_dag.py
[2024-06-10 10:08:41,486] {scheduler_job.py:629} INFO - Processing file /home/anhcu/Project/Stock_project/airflow_venv/lib/python3.8/site-packages/airflow/example_dags/example_trigger_controller_dag.py for tasks to queue
[2024-06-10 10:08:41,487] {logging_mixin.py:103} INFO - [2024-06-10 10:08:41,487] {dagbag.py:440} INFO - Filling up the DagBag from /home/anhcu/Project/Stock_project/airflow_venv/lib/python3.8/site-packages/airflow/example_dags/example_trigger_controller_dag.py
[2024-06-10 10:08:41,493] {scheduler_job.py:639} INFO - DAG(s) dict_keys(['example_trigger_controller_dag']) retrieved from /home/anhcu/Project/Stock_project/airflow_venv/lib/python3.8/site-packages/airflow/example_dags/example_trigger_controller_dag.py
[2024-06-10 10:08:41,494] {logging_mixin.py:103} INFO - [2024-06-10 10:08:41,494] {dag.py:1813} INFO - Sync 1 DAGs
[2024-06-10 10:08:41,510] {logging_mixin.py:103} INFO - [2024-06-10 10:08:41,510] {dag.py:2266} INFO - Setting next_dagrun for example_trigger_controller_dag to 2024-06-08 00:00:00+00:00
[2024-06-10 10:08:41,522] {scheduler_job.py:189} INFO - Processing /home/anhcu/Project/Stock_project/airflow_venv/lib/python3.8/site-packages/airflow/example_dags/example_trigger_controller_dag.py took 0.042 seconds
[2024-06-10 10:09:09,100] {scheduler_job.py:181} INFO - Started process (PID=67866) to work on /home/anhcu/Project/Stock_project/airflow_venv/lib/python3.8/site-packages/airflow/example_dags/example_trigger_controller_dag.py
[2024-06-10 10:09:09,102] {scheduler_job.py:629} INFO - Processing file /home/anhcu/Project/Stock_project/airflow_venv/lib/python3.8/site-packages/airflow/example_dags/example_trigger_controller_dag.py for tasks to queue
[2024-06-10 10:09:09,102] {logging_mixin.py:103} INFO - [2024-06-10 10:09:09,102] {dagbag.py:440} INFO - Filling up the DagBag from /home/anhcu/Project/Stock_project/airflow_venv/lib/python3.8/site-packages/airflow/example_dags/example_trigger_controller_dag.py
[2024-06-10 10:09:09,108] {scheduler_job.py:639} INFO - DAG(s) dict_keys(['example_trigger_controller_dag']) retrieved from /home/anhcu/Project/Stock_project/airflow_venv/lib/python3.8/site-packages/airflow/example_dags/example_trigger_controller_dag.py
[2024-06-10 10:09:09,109] {logging_mixin.py:103} INFO - [2024-06-10 10:09:09,109] {dag.py:1813} INFO - Sync 1 DAGs
[2024-06-10 10:09:09,124] {logging_mixin.py:103} INFO - [2024-06-10 10:09:09,124] {dag.py:2266} INFO - Setting next_dagrun for example_trigger_controller_dag to 2024-06-08 00:00:00+00:00
[2024-06-10 10:09:09,136] {scheduler_job.py:189} INFO - Processing /home/anhcu/Project/Stock_project/airflow_venv/lib/python3.8/site-packages/airflow/example_dags/example_trigger_controller_dag.py took 0.040 seconds
[2024-06-10 10:09:35,432] {scheduler_job.py:181} INFO - Started process (PID=68024) to work on /home/anhcu/Project/Stock_project/airflow_venv/lib/python3.8/site-packages/airflow/example_dags/example_trigger_controller_dag.py
[2024-06-10 10:09:35,434] {scheduler_job.py:629} INFO - Processing file /home/anhcu/Project/Stock_project/airflow_venv/lib/python3.8/site-packages/airflow/example_dags/example_trigger_controller_dag.py for tasks to queue
[2024-06-10 10:09:35,435] {logging_mixin.py:103} INFO - [2024-06-10 10:09:35,435] {dagbag.py:440} INFO - Filling up the DagBag from /home/anhcu/Project/Stock_project/airflow_venv/lib/python3.8/site-packages/airflow/example_dags/example_trigger_controller_dag.py
[2024-06-10 10:09:35,441] {scheduler_job.py:639} INFO - DAG(s) dict_keys(['example_trigger_controller_dag']) retrieved from /home/anhcu/Project/Stock_project/airflow_venv/lib/python3.8/site-packages/airflow/example_dags/example_trigger_controller_dag.py
[2024-06-10 10:09:35,442] {logging_mixin.py:103} INFO - [2024-06-10 10:09:35,442] {dag.py:1813} INFO - Sync 1 DAGs
[2024-06-10 10:09:35,460] {logging_mixin.py:103} INFO - [2024-06-10 10:09:35,460] {dag.py:2266} INFO - Setting next_dagrun for example_trigger_controller_dag to 2024-06-08 00:00:00+00:00
[2024-06-10 10:09:35,472] {scheduler_job.py:189} INFO - Processing /home/anhcu/Project/Stock_project/airflow_venv/lib/python3.8/site-packages/airflow/example_dags/example_trigger_controller_dag.py took 0.045 seconds
[2024-06-10 10:10:03,677] {scheduler_job.py:181} INFO - Started process (PID=68161) to work on /home/anhcu/Project/Stock_project/airflow_venv/lib/python3.8/site-packages/airflow/example_dags/example_trigger_controller_dag.py
[2024-06-10 10:10:03,679] {scheduler_job.py:629} INFO - Processing file /home/anhcu/Project/Stock_project/airflow_venv/lib/python3.8/site-packages/airflow/example_dags/example_trigger_controller_dag.py for tasks to queue
[2024-06-10 10:10:03,680] {logging_mixin.py:103} INFO - [2024-06-10 10:10:03,680] {dagbag.py:440} INFO - Filling up the DagBag from /home/anhcu/Project/Stock_project/airflow_venv/lib/python3.8/site-packages/airflow/example_dags/example_trigger_controller_dag.py
[2024-06-10 10:10:03,688] {scheduler_job.py:639} INFO - DAG(s) dict_keys(['example_trigger_controller_dag']) retrieved from /home/anhcu/Project/Stock_project/airflow_venv/lib/python3.8/site-packages/airflow/example_dags/example_trigger_controller_dag.py
[2024-06-10 10:10:03,689] {logging_mixin.py:103} INFO - [2024-06-10 10:10:03,689] {dag.py:1813} INFO - Sync 1 DAGs
[2024-06-10 10:10:03,706] {logging_mixin.py:103} INFO - [2024-06-10 10:10:03,706] {dag.py:2266} INFO - Setting next_dagrun for example_trigger_controller_dag to 2024-06-08 00:00:00+00:00
[2024-06-10 10:10:03,717] {scheduler_job.py:189} INFO - Processing /home/anhcu/Project/Stock_project/airflow_venv/lib/python3.8/site-packages/airflow/example_dags/example_trigger_controller_dag.py took 0.044 seconds
[2024-06-10 10:10:31,556] {scheduler_job.py:181} INFO - Started process (PID=68304) to work on /home/anhcu/Project/Stock_project/airflow_venv/lib/python3.8/site-packages/airflow/example_dags/example_trigger_controller_dag.py
[2024-06-10 10:10:31,559] {scheduler_job.py:629} INFO - Processing file /home/anhcu/Project/Stock_project/airflow_venv/lib/python3.8/site-packages/airflow/example_dags/example_trigger_controller_dag.py for tasks to queue
[2024-06-10 10:10:31,560] {logging_mixin.py:103} INFO - [2024-06-10 10:10:31,559] {dagbag.py:440} INFO - Filling up the DagBag from /home/anhcu/Project/Stock_project/airflow_venv/lib/python3.8/site-packages/airflow/example_dags/example_trigger_controller_dag.py
[2024-06-10 10:10:31,564] {scheduler_job.py:639} INFO - DAG(s) dict_keys(['example_trigger_controller_dag']) retrieved from /home/anhcu/Project/Stock_project/airflow_venv/lib/python3.8/site-packages/airflow/example_dags/example_trigger_controller_dag.py
[2024-06-10 10:10:31,566] {logging_mixin.py:103} INFO - [2024-06-10 10:10:31,565] {dag.py:1813} INFO - Sync 1 DAGs
[2024-06-10 10:10:31,581] {logging_mixin.py:103} INFO - [2024-06-10 10:10:31,581] {dag.py:2266} INFO - Setting next_dagrun for example_trigger_controller_dag to 2024-06-08 00:00:00+00:00
[2024-06-10 10:10:31,592] {scheduler_job.py:189} INFO - Processing /home/anhcu/Project/Stock_project/airflow_venv/lib/python3.8/site-packages/airflow/example_dags/example_trigger_controller_dag.py took 0.040 seconds
[2024-06-10 10:10:59,811] {scheduler_job.py:181} INFO - Started process (PID=68499) to work on /home/anhcu/Project/Stock_project/airflow_venv/lib/python3.8/site-packages/airflow/example_dags/example_trigger_controller_dag.py
[2024-06-10 10:10:59,818] {scheduler_job.py:629} INFO - Processing file /home/anhcu/Project/Stock_project/airflow_venv/lib/python3.8/site-packages/airflow/example_dags/example_trigger_controller_dag.py for tasks to queue
[2024-06-10 10:10:59,819] {logging_mixin.py:103} INFO - [2024-06-10 10:10:59,819] {dagbag.py:440} INFO - Filling up the DagBag from /home/anhcu/Project/Stock_project/airflow_venv/lib/python3.8/site-packages/airflow/example_dags/example_trigger_controller_dag.py
[2024-06-10 10:10:59,834] {scheduler_job.py:639} INFO - DAG(s) dict_keys(['example_trigger_controller_dag']) retrieved from /home/anhcu/Project/Stock_project/airflow_venv/lib/python3.8/site-packages/airflow/example_dags/example_trigger_controller_dag.py
[2024-06-10 10:10:59,835] {logging_mixin.py:103} INFO - [2024-06-10 10:10:59,835] {dag.py:1813} INFO - Sync 1 DAGs
[2024-06-10 10:10:59,867] {logging_mixin.py:103} INFO - [2024-06-10 10:10:59,867] {dag.py:2266} INFO - Setting next_dagrun for example_trigger_controller_dag to 2024-06-08 00:00:00+00:00
[2024-06-10 10:10:59,884] {scheduler_job.py:189} INFO - Processing /home/anhcu/Project/Stock_project/airflow_venv/lib/python3.8/site-packages/airflow/example_dags/example_trigger_controller_dag.py took 0.076 seconds
[2024-06-10 10:12:02,065] {scheduler_job.py:181} INFO - Started process (PID=68892) to work on /home/anhcu/Project/Stock_project/airflow_venv/lib/python3.8/site-packages/airflow/example_dags/example_trigger_controller_dag.py
[2024-06-10 10:12:02,067] {scheduler_job.py:629} INFO - Processing file /home/anhcu/Project/Stock_project/airflow_venv/lib/python3.8/site-packages/airflow/example_dags/example_trigger_controller_dag.py for tasks to queue
[2024-06-10 10:12:02,068] {logging_mixin.py:103} INFO - [2024-06-10 10:12:02,067] {dagbag.py:440} INFO - Filling up the DagBag from /home/anhcu/Project/Stock_project/airflow_venv/lib/python3.8/site-packages/airflow/example_dags/example_trigger_controller_dag.py
[2024-06-10 10:12:02,079] {scheduler_job.py:639} INFO - DAG(s) dict_keys(['example_trigger_controller_dag']) retrieved from /home/anhcu/Project/Stock_project/airflow_venv/lib/python3.8/site-packages/airflow/example_dags/example_trigger_controller_dag.py
[2024-06-10 10:12:02,080] {logging_mixin.py:103} INFO - [2024-06-10 10:12:02,080] {dag.py:1813} INFO - Sync 1 DAGs
[2024-06-10 10:12:02,098] {logging_mixin.py:103} INFO - [2024-06-10 10:12:02,098] {dag.py:2266} INFO - Setting next_dagrun for example_trigger_controller_dag to 2024-06-08 00:00:00+00:00
[2024-06-10 10:12:02,110] {scheduler_job.py:189} INFO - Processing /home/anhcu/Project/Stock_project/airflow_venv/lib/python3.8/site-packages/airflow/example_dags/example_trigger_controller_dag.py took 0.048 seconds
[2024-06-10 10:12:33,713] {scheduler_job.py:181} INFO - Started process (PID=69097) to work on /home/anhcu/Project/Stock_project/airflow_venv/lib/python3.8/site-packages/airflow/example_dags/example_trigger_controller_dag.py
[2024-06-10 10:12:33,716] {scheduler_job.py:629} INFO - Processing file /home/anhcu/Project/Stock_project/airflow_venv/lib/python3.8/site-packages/airflow/example_dags/example_trigger_controller_dag.py for tasks to queue
[2024-06-10 10:12:33,717] {logging_mixin.py:103} INFO - [2024-06-10 10:12:33,717] {dagbag.py:440} INFO - Filling up the DagBag from /home/anhcu/Project/Stock_project/airflow_venv/lib/python3.8/site-packages/airflow/example_dags/example_trigger_controller_dag.py
[2024-06-10 10:12:33,727] {scheduler_job.py:639} INFO - DAG(s) dict_keys(['example_trigger_controller_dag']) retrieved from /home/anhcu/Project/Stock_project/airflow_venv/lib/python3.8/site-packages/airflow/example_dags/example_trigger_controller_dag.py
[2024-06-10 10:12:33,728] {logging_mixin.py:103} INFO - [2024-06-10 10:12:33,728] {dag.py:1813} INFO - Sync 1 DAGs
[2024-06-10 10:12:33,747] {logging_mixin.py:103} INFO - [2024-06-10 10:12:33,747] {dag.py:2266} INFO - Setting next_dagrun for example_trigger_controller_dag to 2024-06-08 00:00:00+00:00
[2024-06-10 10:12:33,759] {scheduler_job.py:189} INFO - Processing /home/anhcu/Project/Stock_project/airflow_venv/lib/python3.8/site-packages/airflow/example_dags/example_trigger_controller_dag.py took 0.050 seconds
[2024-06-10 10:13:02,822] {scheduler_job.py:181} INFO - Started process (PID=69285) to work on /home/anhcu/Project/Stock_project/airflow_venv/lib/python3.8/site-packages/airflow/example_dags/example_trigger_controller_dag.py
[2024-06-10 10:13:02,824] {scheduler_job.py:629} INFO - Processing file /home/anhcu/Project/Stock_project/airflow_venv/lib/python3.8/site-packages/airflow/example_dags/example_trigger_controller_dag.py for tasks to queue
[2024-06-10 10:13:02,825] {logging_mixin.py:103} INFO - [2024-06-10 10:13:02,825] {dagbag.py:440} INFO - Filling up the DagBag from /home/anhcu/Project/Stock_project/airflow_venv/lib/python3.8/site-packages/airflow/example_dags/example_trigger_controller_dag.py
[2024-06-10 10:13:02,834] {scheduler_job.py:639} INFO - DAG(s) dict_keys(['example_trigger_controller_dag']) retrieved from /home/anhcu/Project/Stock_project/airflow_venv/lib/python3.8/site-packages/airflow/example_dags/example_trigger_controller_dag.py
[2024-06-10 10:13:02,835] {logging_mixin.py:103} INFO - [2024-06-10 10:13:02,835] {dag.py:1813} INFO - Sync 1 DAGs
[2024-06-10 10:13:02,851] {logging_mixin.py:103} INFO - [2024-06-10 10:13:02,851] {dag.py:2266} INFO - Setting next_dagrun for example_trigger_controller_dag to 2024-06-08 00:00:00+00:00
[2024-06-10 10:13:02,864] {scheduler_job.py:189} INFO - Processing /home/anhcu/Project/Stock_project/airflow_venv/lib/python3.8/site-packages/airflow/example_dags/example_trigger_controller_dag.py took 0.045 seconds
[2024-06-10 10:13:32,481] {scheduler_job.py:181} INFO - Started process (PID=69441) to work on /home/anhcu/Project/Stock_project/airflow_venv/lib/python3.8/site-packages/airflow/example_dags/example_trigger_controller_dag.py
[2024-06-10 10:13:32,482] {scheduler_job.py:629} INFO - Processing file /home/anhcu/Project/Stock_project/airflow_venv/lib/python3.8/site-packages/airflow/example_dags/example_trigger_controller_dag.py for tasks to queue
[2024-06-10 10:13:32,483] {logging_mixin.py:103} INFO - [2024-06-10 10:13:32,483] {dagbag.py:440} INFO - Filling up the DagBag from /home/anhcu/Project/Stock_project/airflow_venv/lib/python3.8/site-packages/airflow/example_dags/example_trigger_controller_dag.py
[2024-06-10 10:13:32,493] {scheduler_job.py:639} INFO - DAG(s) dict_keys(['example_trigger_controller_dag']) retrieved from /home/anhcu/Project/Stock_project/airflow_venv/lib/python3.8/site-packages/airflow/example_dags/example_trigger_controller_dag.py
[2024-06-10 10:13:32,494] {logging_mixin.py:103} INFO - [2024-06-10 10:13:32,494] {dag.py:1813} INFO - Sync 1 DAGs
[2024-06-10 10:13:32,511] {logging_mixin.py:103} INFO - [2024-06-10 10:13:32,511] {dag.py:2266} INFO - Setting next_dagrun for example_trigger_controller_dag to 2024-06-08 00:00:00+00:00
[2024-06-10 10:13:32,526] {scheduler_job.py:189} INFO - Processing /home/anhcu/Project/Stock_project/airflow_venv/lib/python3.8/site-packages/airflow/example_dags/example_trigger_controller_dag.py took 0.049 seconds
[2024-06-10 10:14:01,472] {scheduler_job.py:181} INFO - Started process (PID=69592) to work on /home/anhcu/Project/Stock_project/airflow_venv/lib/python3.8/site-packages/airflow/example_dags/example_trigger_controller_dag.py
[2024-06-10 10:14:01,473] {scheduler_job.py:629} INFO - Processing file /home/anhcu/Project/Stock_project/airflow_venv/lib/python3.8/site-packages/airflow/example_dags/example_trigger_controller_dag.py for tasks to queue
[2024-06-10 10:14:01,475] {logging_mixin.py:103} INFO - [2024-06-10 10:14:01,475] {dagbag.py:440} INFO - Filling up the DagBag from /home/anhcu/Project/Stock_project/airflow_venv/lib/python3.8/site-packages/airflow/example_dags/example_trigger_controller_dag.py
[2024-06-10 10:14:01,484] {scheduler_job.py:639} INFO - DAG(s) dict_keys(['example_trigger_controller_dag']) retrieved from /home/anhcu/Project/Stock_project/airflow_venv/lib/python3.8/site-packages/airflow/example_dags/example_trigger_controller_dag.py
[2024-06-10 10:14:01,485] {logging_mixin.py:103} INFO - [2024-06-10 10:14:01,485] {dag.py:1813} INFO - Sync 1 DAGs
[2024-06-10 10:14:01,501] {logging_mixin.py:103} INFO - [2024-06-10 10:14:01,501] {dag.py:2266} INFO - Setting next_dagrun for example_trigger_controller_dag to 2024-06-08 00:00:00+00:00
[2024-06-10 10:14:01,514] {scheduler_job.py:189} INFO - Processing /home/anhcu/Project/Stock_project/airflow_venv/lib/python3.8/site-packages/airflow/example_dags/example_trigger_controller_dag.py took 0.046 seconds
[2024-06-10 10:14:30,737] {scheduler_job.py:181} INFO - Started process (PID=69751) to work on /home/anhcu/Project/Stock_project/airflow_venv/lib/python3.8/site-packages/airflow/example_dags/example_trigger_controller_dag.py
[2024-06-10 10:14:30,739] {scheduler_job.py:629} INFO - Processing file /home/anhcu/Project/Stock_project/airflow_venv/lib/python3.8/site-packages/airflow/example_dags/example_trigger_controller_dag.py for tasks to queue
[2024-06-10 10:14:30,739] {logging_mixin.py:103} INFO - [2024-06-10 10:14:30,739] {dagbag.py:440} INFO - Filling up the DagBag from /home/anhcu/Project/Stock_project/airflow_venv/lib/python3.8/site-packages/airflow/example_dags/example_trigger_controller_dag.py
[2024-06-10 10:14:30,749] {scheduler_job.py:639} INFO - DAG(s) dict_keys(['example_trigger_controller_dag']) retrieved from /home/anhcu/Project/Stock_project/airflow_venv/lib/python3.8/site-packages/airflow/example_dags/example_trigger_controller_dag.py
[2024-06-10 10:14:30,750] {logging_mixin.py:103} INFO - [2024-06-10 10:14:30,750] {dag.py:1813} INFO - Sync 1 DAGs
[2024-06-10 10:14:30,765] {logging_mixin.py:103} INFO - [2024-06-10 10:14:30,765] {dag.py:2266} INFO - Setting next_dagrun for example_trigger_controller_dag to 2024-06-08 00:00:00+00:00
[2024-06-10 10:14:30,778] {scheduler_job.py:189} INFO - Processing /home/anhcu/Project/Stock_project/airflow_venv/lib/python3.8/site-packages/airflow/example_dags/example_trigger_controller_dag.py took 0.045 seconds
[2024-06-10 10:15:22,136] {scheduler_job.py:181} INFO - Started process (PID=69994) to work on /home/anhcu/Project/Stock_project/airflow_venv/lib/python3.8/site-packages/airflow/example_dags/example_trigger_controller_dag.py
[2024-06-10 10:15:22,137] {scheduler_job.py:629} INFO - Processing file /home/anhcu/Project/Stock_project/airflow_venv/lib/python3.8/site-packages/airflow/example_dags/example_trigger_controller_dag.py for tasks to queue
[2024-06-10 10:15:22,143] {logging_mixin.py:103} INFO - [2024-06-10 10:15:22,143] {dagbag.py:440} INFO - Filling up the DagBag from /home/anhcu/Project/Stock_project/airflow_venv/lib/python3.8/site-packages/airflow/example_dags/example_trigger_controller_dag.py
[2024-06-10 10:15:22,189] {scheduler_job.py:639} INFO - DAG(s) dict_keys(['example_trigger_controller_dag']) retrieved from /home/anhcu/Project/Stock_project/airflow_venv/lib/python3.8/site-packages/airflow/example_dags/example_trigger_controller_dag.py
[2024-06-10 10:15:22,197] {logging_mixin.py:103} INFO - [2024-06-10 10:15:22,197] {dag.py:1813} INFO - Sync 1 DAGs
[2024-06-10 10:15:22,274] {logging_mixin.py:103} INFO - [2024-06-10 10:15:22,274] {dag.py:2266} INFO - Setting next_dagrun for example_trigger_controller_dag to 2024-06-08 00:00:00+00:00
[2024-06-10 10:15:22,327] {scheduler_job.py:189} INFO - Processing /home/anhcu/Project/Stock_project/airflow_venv/lib/python3.8/site-packages/airflow/example_dags/example_trigger_controller_dag.py took 0.205 seconds
[2024-06-10 10:15:53,610] {scheduler_job.py:181} INFO - Started process (PID=70226) to work on /home/anhcu/Project/Stock_project/airflow_venv/lib/python3.8/site-packages/airflow/example_dags/example_trigger_controller_dag.py
[2024-06-10 10:15:53,613] {scheduler_job.py:629} INFO - Processing file /home/anhcu/Project/Stock_project/airflow_venv/lib/python3.8/site-packages/airflow/example_dags/example_trigger_controller_dag.py for tasks to queue
[2024-06-10 10:15:53,615] {logging_mixin.py:103} INFO - [2024-06-10 10:15:53,615] {dagbag.py:440} INFO - Filling up the DagBag from /home/anhcu/Project/Stock_project/airflow_venv/lib/python3.8/site-packages/airflow/example_dags/example_trigger_controller_dag.py
[2024-06-10 10:15:53,628] {scheduler_job.py:639} INFO - DAG(s) dict_keys(['example_trigger_controller_dag']) retrieved from /home/anhcu/Project/Stock_project/airflow_venv/lib/python3.8/site-packages/airflow/example_dags/example_trigger_controller_dag.py
[2024-06-10 10:15:53,630] {logging_mixin.py:103} INFO - [2024-06-10 10:15:53,630] {dag.py:1813} INFO - Sync 1 DAGs
[2024-06-10 10:15:53,653] {logging_mixin.py:103} INFO - [2024-06-10 10:15:53,653] {dag.py:2266} INFO - Setting next_dagrun for example_trigger_controller_dag to 2024-06-08 00:00:00+00:00
[2024-06-10 10:15:53,674] {scheduler_job.py:189} INFO - Processing /home/anhcu/Project/Stock_project/airflow_venv/lib/python3.8/site-packages/airflow/example_dags/example_trigger_controller_dag.py took 0.069 seconds
[2024-06-10 10:16:23,161] {scheduler_job.py:181} INFO - Started process (PID=70400) to work on /home/anhcu/Project/Stock_project/airflow_venv/lib/python3.8/site-packages/airflow/example_dags/example_trigger_controller_dag.py
[2024-06-10 10:16:23,163] {scheduler_job.py:629} INFO - Processing file /home/anhcu/Project/Stock_project/airflow_venv/lib/python3.8/site-packages/airflow/example_dags/example_trigger_controller_dag.py for tasks to queue
[2024-06-10 10:16:23,165] {logging_mixin.py:103} INFO - [2024-06-10 10:16:23,165] {dagbag.py:440} INFO - Filling up the DagBag from /home/anhcu/Project/Stock_project/airflow_venv/lib/python3.8/site-packages/airflow/example_dags/example_trigger_controller_dag.py
[2024-06-10 10:16:23,177] {scheduler_job.py:639} INFO - DAG(s) dict_keys(['example_trigger_controller_dag']) retrieved from /home/anhcu/Project/Stock_project/airflow_venv/lib/python3.8/site-packages/airflow/example_dags/example_trigger_controller_dag.py
[2024-06-10 10:16:23,179] {logging_mixin.py:103} INFO - [2024-06-10 10:16:23,178] {dag.py:1813} INFO - Sync 1 DAGs
[2024-06-10 10:16:23,200] {logging_mixin.py:103} INFO - [2024-06-10 10:16:23,200] {dag.py:2266} INFO - Setting next_dagrun for example_trigger_controller_dag to 2024-06-08 00:00:00+00:00
[2024-06-10 10:16:23,218] {scheduler_job.py:189} INFO - Processing /home/anhcu/Project/Stock_project/airflow_venv/lib/python3.8/site-packages/airflow/example_dags/example_trigger_controller_dag.py took 0.063 seconds
[2024-06-10 10:16:52,776] {scheduler_job.py:181} INFO - Started process (PID=70651) to work on /home/anhcu/Project/Stock_project/airflow_venv/lib/python3.8/site-packages/airflow/example_dags/example_trigger_controller_dag.py
[2024-06-10 10:16:52,779] {scheduler_job.py:629} INFO - Processing file /home/anhcu/Project/Stock_project/airflow_venv/lib/python3.8/site-packages/airflow/example_dags/example_trigger_controller_dag.py for tasks to queue
[2024-06-10 10:16:52,780] {logging_mixin.py:103} INFO - [2024-06-10 10:16:52,780] {dagbag.py:440} INFO - Filling up the DagBag from /home/anhcu/Project/Stock_project/airflow_venv/lib/python3.8/site-packages/airflow/example_dags/example_trigger_controller_dag.py
[2024-06-10 10:16:52,792] {scheduler_job.py:639} INFO - DAG(s) dict_keys(['example_trigger_controller_dag']) retrieved from /home/anhcu/Project/Stock_project/airflow_venv/lib/python3.8/site-packages/airflow/example_dags/example_trigger_controller_dag.py
[2024-06-10 10:16:52,794] {logging_mixin.py:103} INFO - [2024-06-10 10:16:52,794] {dag.py:1813} INFO - Sync 1 DAGs
[2024-06-10 10:16:52,836] {logging_mixin.py:103} INFO - [2024-06-10 10:16:52,836] {dag.py:2266} INFO - Setting next_dagrun for example_trigger_controller_dag to 2024-06-08 00:00:00+00:00
[2024-06-10 10:16:52,872] {scheduler_job.py:189} INFO - Processing /home/anhcu/Project/Stock_project/airflow_venv/lib/python3.8/site-packages/airflow/example_dags/example_trigger_controller_dag.py took 0.100 seconds
[2024-06-10 10:17:22,432] {scheduler_job.py:181} INFO - Started process (PID=70881) to work on /home/anhcu/Project/Stock_project/airflow_venv/lib/python3.8/site-packages/airflow/example_dags/example_trigger_controller_dag.py
[2024-06-10 10:17:22,434] {scheduler_job.py:629} INFO - Processing file /home/anhcu/Project/Stock_project/airflow_venv/lib/python3.8/site-packages/airflow/example_dags/example_trigger_controller_dag.py for tasks to queue
[2024-06-10 10:17:22,435] {logging_mixin.py:103} INFO - [2024-06-10 10:17:22,435] {dagbag.py:440} INFO - Filling up the DagBag from /home/anhcu/Project/Stock_project/airflow_venv/lib/python3.8/site-packages/airflow/example_dags/example_trigger_controller_dag.py
[2024-06-10 10:17:22,444] {scheduler_job.py:639} INFO - DAG(s) dict_keys(['example_trigger_controller_dag']) retrieved from /home/anhcu/Project/Stock_project/airflow_venv/lib/python3.8/site-packages/airflow/example_dags/example_trigger_controller_dag.py
[2024-06-10 10:17:22,445] {logging_mixin.py:103} INFO - [2024-06-10 10:17:22,445] {dag.py:1813} INFO - Sync 1 DAGs
[2024-06-10 10:17:22,461] {logging_mixin.py:103} INFO - [2024-06-10 10:17:22,461] {dag.py:2266} INFO - Setting next_dagrun for example_trigger_controller_dag to 2024-06-08 00:00:00+00:00
[2024-06-10 10:17:22,474] {scheduler_job.py:189} INFO - Processing /home/anhcu/Project/Stock_project/airflow_venv/lib/python3.8/site-packages/airflow/example_dags/example_trigger_controller_dag.py took 0.045 seconds
[2024-06-10 10:17:53,168] {scheduler_job.py:181} INFO - Started process (PID=71037) to work on /home/anhcu/Project/Stock_project/airflow_venv/lib/python3.8/site-packages/airflow/example_dags/example_trigger_controller_dag.py
[2024-06-10 10:17:53,169] {scheduler_job.py:629} INFO - Processing file /home/anhcu/Project/Stock_project/airflow_venv/lib/python3.8/site-packages/airflow/example_dags/example_trigger_controller_dag.py for tasks to queue
[2024-06-10 10:17:53,170] {logging_mixin.py:103} INFO - [2024-06-10 10:17:53,170] {dagbag.py:440} INFO - Filling up the DagBag from /home/anhcu/Project/Stock_project/airflow_venv/lib/python3.8/site-packages/airflow/example_dags/example_trigger_controller_dag.py
[2024-06-10 10:17:53,181] {scheduler_job.py:639} INFO - DAG(s) dict_keys(['example_trigger_controller_dag']) retrieved from /home/anhcu/Project/Stock_project/airflow_venv/lib/python3.8/site-packages/airflow/example_dags/example_trigger_controller_dag.py
[2024-06-10 10:17:53,182] {logging_mixin.py:103} INFO - [2024-06-10 10:17:53,182] {dag.py:1813} INFO - Sync 1 DAGs
[2024-06-10 10:17:53,198] {logging_mixin.py:103} INFO - [2024-06-10 10:17:53,198] {dag.py:2266} INFO - Setting next_dagrun for example_trigger_controller_dag to 2024-06-08 00:00:00+00:00
[2024-06-10 10:17:53,211] {scheduler_job.py:189} INFO - Processing /home/anhcu/Project/Stock_project/airflow_venv/lib/python3.8/site-packages/airflow/example_dags/example_trigger_controller_dag.py took 0.047 seconds
[2024-06-10 10:18:22,797] {scheduler_job.py:181} INFO - Started process (PID=71296) to work on /home/anhcu/Project/Stock_project/airflow_venv/lib/python3.8/site-packages/airflow/example_dags/example_trigger_controller_dag.py
[2024-06-10 10:18:22,799] {scheduler_job.py:629} INFO - Processing file /home/anhcu/Project/Stock_project/airflow_venv/lib/python3.8/site-packages/airflow/example_dags/example_trigger_controller_dag.py for tasks to queue
[2024-06-10 10:18:22,800] {logging_mixin.py:103} INFO - [2024-06-10 10:18:22,800] {dagbag.py:440} INFO - Filling up the DagBag from /home/anhcu/Project/Stock_project/airflow_venv/lib/python3.8/site-packages/airflow/example_dags/example_trigger_controller_dag.py
[2024-06-10 10:18:22,812] {scheduler_job.py:639} INFO - DAG(s) dict_keys(['example_trigger_controller_dag']) retrieved from /home/anhcu/Project/Stock_project/airflow_venv/lib/python3.8/site-packages/airflow/example_dags/example_trigger_controller_dag.py
[2024-06-10 10:18:22,814] {logging_mixin.py:103} INFO - [2024-06-10 10:18:22,814] {dag.py:1813} INFO - Sync 1 DAGs
[2024-06-10 10:18:22,833] {logging_mixin.py:103} INFO - [2024-06-10 10:18:22,833] {dag.py:2266} INFO - Setting next_dagrun for example_trigger_controller_dag to 2024-06-08 00:00:00+00:00
[2024-06-10 10:18:22,846] {scheduler_job.py:189} INFO - Processing /home/anhcu/Project/Stock_project/airflow_venv/lib/python3.8/site-packages/airflow/example_dags/example_trigger_controller_dag.py took 0.053 seconds
[2024-06-10 10:18:53,803] {scheduler_job.py:181} INFO - Started process (PID=71700) to work on /home/anhcu/Project/Stock_project/airflow_venv/lib/python3.8/site-packages/airflow/example_dags/example_trigger_controller_dag.py
[2024-06-10 10:18:53,807] {scheduler_job.py:629} INFO - Processing file /home/anhcu/Project/Stock_project/airflow_venv/lib/python3.8/site-packages/airflow/example_dags/example_trigger_controller_dag.py for tasks to queue
[2024-06-10 10:18:53,808] {logging_mixin.py:103} INFO - [2024-06-10 10:18:53,807] {dagbag.py:440} INFO - Filling up the DagBag from /home/anhcu/Project/Stock_project/airflow_venv/lib/python3.8/site-packages/airflow/example_dags/example_trigger_controller_dag.py
[2024-06-10 10:18:53,817] {scheduler_job.py:639} INFO - DAG(s) dict_keys(['example_trigger_controller_dag']) retrieved from /home/anhcu/Project/Stock_project/airflow_venv/lib/python3.8/site-packages/airflow/example_dags/example_trigger_controller_dag.py
[2024-06-10 10:18:53,818] {logging_mixin.py:103} INFO - [2024-06-10 10:18:53,818] {dag.py:1813} INFO - Sync 1 DAGs
[2024-06-10 10:18:53,836] {logging_mixin.py:103} INFO - [2024-06-10 10:18:53,836] {dag.py:2266} INFO - Setting next_dagrun for example_trigger_controller_dag to 2024-06-08 00:00:00+00:00
[2024-06-10 10:18:53,847] {scheduler_job.py:189} INFO - Processing /home/anhcu/Project/Stock_project/airflow_venv/lib/python3.8/site-packages/airflow/example_dags/example_trigger_controller_dag.py took 0.047 seconds
[2024-06-10 10:19:24,065] {scheduler_job.py:181} INFO - Started process (PID=71928) to work on /home/anhcu/Project/Stock_project/airflow_venv/lib/python3.8/site-packages/airflow/example_dags/example_trigger_controller_dag.py
[2024-06-10 10:19:24,066] {scheduler_job.py:629} INFO - Processing file /home/anhcu/Project/Stock_project/airflow_venv/lib/python3.8/site-packages/airflow/example_dags/example_trigger_controller_dag.py for tasks to queue
[2024-06-10 10:19:24,067] {logging_mixin.py:103} INFO - [2024-06-10 10:19:24,067] {dagbag.py:440} INFO - Filling up the DagBag from /home/anhcu/Project/Stock_project/airflow_venv/lib/python3.8/site-packages/airflow/example_dags/example_trigger_controller_dag.py
[2024-06-10 10:19:24,076] {scheduler_job.py:639} INFO - DAG(s) dict_keys(['example_trigger_controller_dag']) retrieved from /home/anhcu/Project/Stock_project/airflow_venv/lib/python3.8/site-packages/airflow/example_dags/example_trigger_controller_dag.py
[2024-06-10 10:19:24,077] {logging_mixin.py:103} INFO - [2024-06-10 10:19:24,077] {dag.py:1813} INFO - Sync 1 DAGs
[2024-06-10 10:19:24,095] {logging_mixin.py:103} INFO - [2024-06-10 10:19:24,095] {dag.py:2266} INFO - Setting next_dagrun for example_trigger_controller_dag to 2024-06-08 00:00:00+00:00
[2024-06-10 10:19:24,106] {scheduler_job.py:189} INFO - Processing /home/anhcu/Project/Stock_project/airflow_venv/lib/python3.8/site-packages/airflow/example_dags/example_trigger_controller_dag.py took 0.045 seconds
[2024-06-10 10:20:04,234] {scheduler_job.py:181} INFO - Started process (PID=72329) to work on /home/anhcu/Project/Stock_project/airflow_venv/lib/python3.8/site-packages/airflow/example_dags/example_trigger_controller_dag.py
[2024-06-10 10:20:04,235] {scheduler_job.py:629} INFO - Processing file /home/anhcu/Project/Stock_project/airflow_venv/lib/python3.8/site-packages/airflow/example_dags/example_trigger_controller_dag.py for tasks to queue
[2024-06-10 10:20:04,236] {logging_mixin.py:103} INFO - [2024-06-10 10:20:04,236] {dagbag.py:440} INFO - Filling up the DagBag from /home/anhcu/Project/Stock_project/airflow_venv/lib/python3.8/site-packages/airflow/example_dags/example_trigger_controller_dag.py
[2024-06-10 10:20:04,245] {scheduler_job.py:639} INFO - DAG(s) dict_keys(['example_trigger_controller_dag']) retrieved from /home/anhcu/Project/Stock_project/airflow_venv/lib/python3.8/site-packages/airflow/example_dags/example_trigger_controller_dag.py
[2024-06-10 10:20:04,246] {logging_mixin.py:103} INFO - [2024-06-10 10:20:04,246] {dag.py:1813} INFO - Sync 1 DAGs
[2024-06-10 10:20:04,264] {logging_mixin.py:103} INFO - [2024-06-10 10:20:04,264] {dag.py:2266} INFO - Setting next_dagrun for example_trigger_controller_dag to 2024-06-08 00:00:00+00:00
[2024-06-10 10:20:04,276] {scheduler_job.py:189} INFO - Processing /home/anhcu/Project/Stock_project/airflow_venv/lib/python3.8/site-packages/airflow/example_dags/example_trigger_controller_dag.py took 0.045 seconds
[2024-06-10 10:20:33,970] {scheduler_job.py:181} INFO - Started process (PID=72581) to work on /home/anhcu/Project/Stock_project/airflow_venv/lib/python3.8/site-packages/airflow/example_dags/example_trigger_controller_dag.py
[2024-06-10 10:20:33,972] {scheduler_job.py:629} INFO - Processing file /home/anhcu/Project/Stock_project/airflow_venv/lib/python3.8/site-packages/airflow/example_dags/example_trigger_controller_dag.py for tasks to queue
[2024-06-10 10:20:33,973] {logging_mixin.py:103} INFO - [2024-06-10 10:20:33,972] {dagbag.py:440} INFO - Filling up the DagBag from /home/anhcu/Project/Stock_project/airflow_venv/lib/python3.8/site-packages/airflow/example_dags/example_trigger_controller_dag.py
[2024-06-10 10:20:33,982] {scheduler_job.py:639} INFO - DAG(s) dict_keys(['example_trigger_controller_dag']) retrieved from /home/anhcu/Project/Stock_project/airflow_venv/lib/python3.8/site-packages/airflow/example_dags/example_trigger_controller_dag.py
[2024-06-10 10:20:33,983] {logging_mixin.py:103} INFO - [2024-06-10 10:20:33,983] {dag.py:1813} INFO - Sync 1 DAGs
[2024-06-10 10:20:34,003] {logging_mixin.py:103} INFO - [2024-06-10 10:20:34,003] {dag.py:2266} INFO - Setting next_dagrun for example_trigger_controller_dag to 2024-06-08 00:00:00+00:00
[2024-06-10 10:20:34,015] {scheduler_job.py:189} INFO - Processing /home/anhcu/Project/Stock_project/airflow_venv/lib/python3.8/site-packages/airflow/example_dags/example_trigger_controller_dag.py took 0.048 seconds
[2024-06-10 10:21:05,406] {scheduler_job.py:181} INFO - Started process (PID=72831) to work on /home/anhcu/Project/Stock_project/airflow_venv/lib/python3.8/site-packages/airflow/example_dags/example_trigger_controller_dag.py
[2024-06-10 10:21:05,407] {scheduler_job.py:629} INFO - Processing file /home/anhcu/Project/Stock_project/airflow_venv/lib/python3.8/site-packages/airflow/example_dags/example_trigger_controller_dag.py for tasks to queue
[2024-06-10 10:21:05,408] {logging_mixin.py:103} INFO - [2024-06-10 10:21:05,408] {dagbag.py:440} INFO - Filling up the DagBag from /home/anhcu/Project/Stock_project/airflow_venv/lib/python3.8/site-packages/airflow/example_dags/example_trigger_controller_dag.py
[2024-06-10 10:21:05,417] {scheduler_job.py:639} INFO - DAG(s) dict_keys(['example_trigger_controller_dag']) retrieved from /home/anhcu/Project/Stock_project/airflow_venv/lib/python3.8/site-packages/airflow/example_dags/example_trigger_controller_dag.py
[2024-06-10 10:21:05,418] {logging_mixin.py:103} INFO - [2024-06-10 10:21:05,418] {dag.py:1813} INFO - Sync 1 DAGs
[2024-06-10 10:21:05,435] {logging_mixin.py:103} INFO - [2024-06-10 10:21:05,435] {dag.py:2266} INFO - Setting next_dagrun for example_trigger_controller_dag to 2024-06-08 00:00:00+00:00
[2024-06-10 10:21:05,447] {scheduler_job.py:189} INFO - Processing /home/anhcu/Project/Stock_project/airflow_venv/lib/python3.8/site-packages/airflow/example_dags/example_trigger_controller_dag.py took 0.044 seconds
[2024-06-10 10:21:35,248] {scheduler_job.py:181} INFO - Started process (PID=72969) to work on /home/anhcu/Project/Stock_project/airflow_venv/lib/python3.8/site-packages/airflow/example_dags/example_trigger_controller_dag.py
[2024-06-10 10:21:35,250] {scheduler_job.py:629} INFO - Processing file /home/anhcu/Project/Stock_project/airflow_venv/lib/python3.8/site-packages/airflow/example_dags/example_trigger_controller_dag.py for tasks to queue
[2024-06-10 10:21:35,251] {logging_mixin.py:103} INFO - [2024-06-10 10:21:35,250] {dagbag.py:440} INFO - Filling up the DagBag from /home/anhcu/Project/Stock_project/airflow_venv/lib/python3.8/site-packages/airflow/example_dags/example_trigger_controller_dag.py
[2024-06-10 10:21:35,262] {scheduler_job.py:639} INFO - DAG(s) dict_keys(['example_trigger_controller_dag']) retrieved from /home/anhcu/Project/Stock_project/airflow_venv/lib/python3.8/site-packages/airflow/example_dags/example_trigger_controller_dag.py
[2024-06-10 10:21:35,263] {logging_mixin.py:103} INFO - [2024-06-10 10:21:35,263] {dag.py:1813} INFO - Sync 1 DAGs
[2024-06-10 10:21:35,278] {logging_mixin.py:103} INFO - [2024-06-10 10:21:35,278] {dag.py:2266} INFO - Setting next_dagrun for example_trigger_controller_dag to 2024-06-08 00:00:00+00:00
[2024-06-10 10:21:35,289] {scheduler_job.py:189} INFO - Processing /home/anhcu/Project/Stock_project/airflow_venv/lib/python3.8/site-packages/airflow/example_dags/example_trigger_controller_dag.py took 0.045 seconds
[2024-06-10 10:22:04,735] {scheduler_job.py:181} INFO - Started process (PID=73187) to work on /home/anhcu/Project/Stock_project/airflow_venv/lib/python3.8/site-packages/airflow/example_dags/example_trigger_controller_dag.py
[2024-06-10 10:22:04,738] {scheduler_job.py:629} INFO - Processing file /home/anhcu/Project/Stock_project/airflow_venv/lib/python3.8/site-packages/airflow/example_dags/example_trigger_controller_dag.py for tasks to queue
[2024-06-10 10:22:04,740] {logging_mixin.py:103} INFO - [2024-06-10 10:22:04,739] {dagbag.py:440} INFO - Filling up the DagBag from /home/anhcu/Project/Stock_project/airflow_venv/lib/python3.8/site-packages/airflow/example_dags/example_trigger_controller_dag.py
[2024-06-10 10:22:04,756] {scheduler_job.py:639} INFO - DAG(s) dict_keys(['example_trigger_controller_dag']) retrieved from /home/anhcu/Project/Stock_project/airflow_venv/lib/python3.8/site-packages/airflow/example_dags/example_trigger_controller_dag.py
[2024-06-10 10:22:04,758] {logging_mixin.py:103} INFO - [2024-06-10 10:22:04,757] {dag.py:1813} INFO - Sync 1 DAGs
[2024-06-10 10:22:04,774] {logging_mixin.py:103} INFO - [2024-06-10 10:22:04,774] {dag.py:2266} INFO - Setting next_dagrun for example_trigger_controller_dag to 2024-06-08 00:00:00+00:00
[2024-06-10 10:22:04,785] {scheduler_job.py:189} INFO - Processing /home/anhcu/Project/Stock_project/airflow_venv/lib/python3.8/site-packages/airflow/example_dags/example_trigger_controller_dag.py took 0.055 seconds
[2024-06-10 10:22:33,917] {scheduler_job.py:181} INFO - Started process (PID=73343) to work on /home/anhcu/Project/Stock_project/airflow_venv/lib/python3.8/site-packages/airflow/example_dags/example_trigger_controller_dag.py
[2024-06-10 10:22:33,919] {scheduler_job.py:629} INFO - Processing file /home/anhcu/Project/Stock_project/airflow_venv/lib/python3.8/site-packages/airflow/example_dags/example_trigger_controller_dag.py for tasks to queue
[2024-06-10 10:22:33,920] {logging_mixin.py:103} INFO - [2024-06-10 10:22:33,920] {dagbag.py:440} INFO - Filling up the DagBag from /home/anhcu/Project/Stock_project/airflow_venv/lib/python3.8/site-packages/airflow/example_dags/example_trigger_controller_dag.py
[2024-06-10 10:22:33,932] {scheduler_job.py:639} INFO - DAG(s) dict_keys(['example_trigger_controller_dag']) retrieved from /home/anhcu/Project/Stock_project/airflow_venv/lib/python3.8/site-packages/airflow/example_dags/example_trigger_controller_dag.py
[2024-06-10 10:22:33,933] {logging_mixin.py:103} INFO - [2024-06-10 10:22:33,933] {dag.py:1813} INFO - Sync 1 DAGs
[2024-06-10 10:22:33,948] {logging_mixin.py:103} INFO - [2024-06-10 10:22:33,948] {dag.py:2266} INFO - Setting next_dagrun for example_trigger_controller_dag to 2024-06-08 00:00:00+00:00
[2024-06-10 10:22:33,959] {scheduler_job.py:189} INFO - Processing /home/anhcu/Project/Stock_project/airflow_venv/lib/python3.8/site-packages/airflow/example_dags/example_trigger_controller_dag.py took 0.046 seconds
[2024-06-10 10:23:00,887] {scheduler_job.py:181} INFO - Started process (PID=73529) to work on /home/anhcu/Project/Stock_project/airflow_venv/lib/python3.8/site-packages/airflow/example_dags/example_trigger_controller_dag.py
[2024-06-10 10:23:00,889] {scheduler_job.py:629} INFO - Processing file /home/anhcu/Project/Stock_project/airflow_venv/lib/python3.8/site-packages/airflow/example_dags/example_trigger_controller_dag.py for tasks to queue
[2024-06-10 10:23:00,889] {logging_mixin.py:103} INFO - [2024-06-10 10:23:00,889] {dagbag.py:440} INFO - Filling up the DagBag from /home/anhcu/Project/Stock_project/airflow_venv/lib/python3.8/site-packages/airflow/example_dags/example_trigger_controller_dag.py
[2024-06-10 10:23:00,910] {scheduler_job.py:639} INFO - DAG(s) dict_keys(['example_trigger_controller_dag']) retrieved from /home/anhcu/Project/Stock_project/airflow_venv/lib/python3.8/site-packages/airflow/example_dags/example_trigger_controller_dag.py
[2024-06-10 10:23:00,912] {logging_mixin.py:103} INFO - [2024-06-10 10:23:00,911] {dag.py:1813} INFO - Sync 1 DAGs
[2024-06-10 10:23:00,932] {logging_mixin.py:103} INFO - [2024-06-10 10:23:00,932] {dag.py:2266} INFO - Setting next_dagrun for example_trigger_controller_dag to 2024-06-08 00:00:00+00:00
[2024-06-10 10:23:00,948] {scheduler_job.py:189} INFO - Processing /home/anhcu/Project/Stock_project/airflow_venv/lib/python3.8/site-packages/airflow/example_dags/example_trigger_controller_dag.py took 0.072 seconds
[2024-06-10 10:23:53,534] {scheduler_job.py:181} INFO - Started process (PID=74236) to work on /home/anhcu/Project/Stock_project/airflow_venv/lib/python3.8/site-packages/airflow/example_dags/example_trigger_controller_dag.py
[2024-06-10 10:23:53,537] {scheduler_job.py:629} INFO - Processing file /home/anhcu/Project/Stock_project/airflow_venv/lib/python3.8/site-packages/airflow/example_dags/example_trigger_controller_dag.py for tasks to queue
[2024-06-10 10:23:53,537] {logging_mixin.py:103} INFO - [2024-06-10 10:23:53,537] {dagbag.py:440} INFO - Filling up the DagBag from /home/anhcu/Project/Stock_project/airflow_venv/lib/python3.8/site-packages/airflow/example_dags/example_trigger_controller_dag.py
[2024-06-10 10:23:53,549] {scheduler_job.py:639} INFO - DAG(s) dict_keys(['example_trigger_controller_dag']) retrieved from /home/anhcu/Project/Stock_project/airflow_venv/lib/python3.8/site-packages/airflow/example_dags/example_trigger_controller_dag.py
[2024-06-10 10:23:53,550] {logging_mixin.py:103} INFO - [2024-06-10 10:23:53,550] {dag.py:1813} INFO - Sync 1 DAGs
[2024-06-10 10:23:53,565] {logging_mixin.py:103} INFO - [2024-06-10 10:23:53,565] {dag.py:2266} INFO - Setting next_dagrun for example_trigger_controller_dag to 2024-06-08 00:00:00+00:00
[2024-06-10 10:23:53,576] {scheduler_job.py:189} INFO - Processing /home/anhcu/Project/Stock_project/airflow_venv/lib/python3.8/site-packages/airflow/example_dags/example_trigger_controller_dag.py took 0.046 seconds
[2024-06-10 10:24:23,298] {scheduler_job.py:181} INFO - Started process (PID=74503) to work on /home/anhcu/Project/Stock_project/airflow_venv/lib/python3.8/site-packages/airflow/example_dags/example_trigger_controller_dag.py
[2024-06-10 10:24:23,303] {scheduler_job.py:629} INFO - Processing file /home/anhcu/Project/Stock_project/airflow_venv/lib/python3.8/site-packages/airflow/example_dags/example_trigger_controller_dag.py for tasks to queue
[2024-06-10 10:24:23,304] {logging_mixin.py:103} INFO - [2024-06-10 10:24:23,304] {dagbag.py:440} INFO - Filling up the DagBag from /home/anhcu/Project/Stock_project/airflow_venv/lib/python3.8/site-packages/airflow/example_dags/example_trigger_controller_dag.py
[2024-06-10 10:24:23,313] {scheduler_job.py:639} INFO - DAG(s) dict_keys(['example_trigger_controller_dag']) retrieved from /home/anhcu/Project/Stock_project/airflow_venv/lib/python3.8/site-packages/airflow/example_dags/example_trigger_controller_dag.py
[2024-06-10 10:24:23,314] {logging_mixin.py:103} INFO - [2024-06-10 10:24:23,314] {dag.py:1813} INFO - Sync 1 DAGs
[2024-06-10 10:24:23,332] {logging_mixin.py:103} INFO - [2024-06-10 10:24:23,331] {dag.py:2266} INFO - Setting next_dagrun for example_trigger_controller_dag to 2024-06-08 00:00:00+00:00
[2024-06-10 10:24:23,343] {scheduler_job.py:189} INFO - Processing /home/anhcu/Project/Stock_project/airflow_venv/lib/python3.8/site-packages/airflow/example_dags/example_trigger_controller_dag.py took 0.048 seconds
[2024-06-10 10:24:55,547] {scheduler_job.py:181} INFO - Started process (PID=74918) to work on /home/anhcu/Project/Stock_project/airflow_venv/lib/python3.8/site-packages/airflow/example_dags/example_trigger_controller_dag.py
[2024-06-10 10:24:55,548] {scheduler_job.py:629} INFO - Processing file /home/anhcu/Project/Stock_project/airflow_venv/lib/python3.8/site-packages/airflow/example_dags/example_trigger_controller_dag.py for tasks to queue
[2024-06-10 10:24:55,549] {logging_mixin.py:103} INFO - [2024-06-10 10:24:55,549] {dagbag.py:440} INFO - Filling up the DagBag from /home/anhcu/Project/Stock_project/airflow_venv/lib/python3.8/site-packages/airflow/example_dags/example_trigger_controller_dag.py
[2024-06-10 10:24:55,558] {scheduler_job.py:639} INFO - DAG(s) dict_keys(['example_trigger_controller_dag']) retrieved from /home/anhcu/Project/Stock_project/airflow_venv/lib/python3.8/site-packages/airflow/example_dags/example_trigger_controller_dag.py
[2024-06-10 10:24:55,559] {logging_mixin.py:103} INFO - [2024-06-10 10:24:55,559] {dag.py:1813} INFO - Sync 1 DAGs
[2024-06-10 10:24:55,574] {logging_mixin.py:103} INFO - [2024-06-10 10:24:55,574] {dag.py:2266} INFO - Setting next_dagrun for example_trigger_controller_dag to 2024-06-08 00:00:00+00:00
[2024-06-10 10:24:55,585] {scheduler_job.py:189} INFO - Processing /home/anhcu/Project/Stock_project/airflow_venv/lib/python3.8/site-packages/airflow/example_dags/example_trigger_controller_dag.py took 0.042 seconds
[2024-06-10 10:25:24,606] {scheduler_job.py:181} INFO - Started process (PID=75291) to work on /home/anhcu/Project/Stock_project/airflow_venv/lib/python3.8/site-packages/airflow/example_dags/example_trigger_controller_dag.py
[2024-06-10 10:25:24,608] {scheduler_job.py:629} INFO - Processing file /home/anhcu/Project/Stock_project/airflow_venv/lib/python3.8/site-packages/airflow/example_dags/example_trigger_controller_dag.py for tasks to queue
[2024-06-10 10:25:24,609] {logging_mixin.py:103} INFO - [2024-06-10 10:25:24,609] {dagbag.py:440} INFO - Filling up the DagBag from /home/anhcu/Project/Stock_project/airflow_venv/lib/python3.8/site-packages/airflow/example_dags/example_trigger_controller_dag.py
[2024-06-10 10:25:24,618] {scheduler_job.py:639} INFO - DAG(s) dict_keys(['example_trigger_controller_dag']) retrieved from /home/anhcu/Project/Stock_project/airflow_venv/lib/python3.8/site-packages/airflow/example_dags/example_trigger_controller_dag.py
[2024-06-10 10:25:24,619] {logging_mixin.py:103} INFO - [2024-06-10 10:25:24,619] {dag.py:1813} INFO - Sync 1 DAGs
[2024-06-10 10:25:24,634] {logging_mixin.py:103} INFO - [2024-06-10 10:25:24,634] {dag.py:2266} INFO - Setting next_dagrun for example_trigger_controller_dag to 2024-06-08 00:00:00+00:00
[2024-06-10 10:25:24,646] {scheduler_job.py:189} INFO - Processing /home/anhcu/Project/Stock_project/airflow_venv/lib/python3.8/site-packages/airflow/example_dags/example_trigger_controller_dag.py took 0.043 seconds
[2024-06-10 10:25:56,353] {scheduler_job.py:181} INFO - Started process (PID=75568) to work on /home/anhcu/Project/Stock_project/airflow_venv/lib/python3.8/site-packages/airflow/example_dags/example_trigger_controller_dag.py
[2024-06-10 10:25:56,357] {scheduler_job.py:629} INFO - Processing file /home/anhcu/Project/Stock_project/airflow_venv/lib/python3.8/site-packages/airflow/example_dags/example_trigger_controller_dag.py for tasks to queue
[2024-06-10 10:25:56,362] {logging_mixin.py:103} INFO - [2024-06-10 10:25:56,362] {dagbag.py:440} INFO - Filling up the DagBag from /home/anhcu/Project/Stock_project/airflow_venv/lib/python3.8/site-packages/airflow/example_dags/example_trigger_controller_dag.py
[2024-06-10 10:25:56,381] {scheduler_job.py:639} INFO - DAG(s) dict_keys(['example_trigger_controller_dag']) retrieved from /home/anhcu/Project/Stock_project/airflow_venv/lib/python3.8/site-packages/airflow/example_dags/example_trigger_controller_dag.py
[2024-06-10 10:25:56,383] {logging_mixin.py:103} INFO - [2024-06-10 10:25:56,383] {dag.py:1813} INFO - Sync 1 DAGs
[2024-06-10 10:25:56,407] {logging_mixin.py:103} INFO - [2024-06-10 10:25:56,406] {dag.py:2266} INFO - Setting next_dagrun for example_trigger_controller_dag to 2024-06-08 00:00:00+00:00
[2024-06-10 10:25:56,435] {scheduler_job.py:189} INFO - Processing /home/anhcu/Project/Stock_project/airflow_venv/lib/python3.8/site-packages/airflow/example_dags/example_trigger_controller_dag.py took 0.101 seconds
[2024-06-10 10:26:22,591] {scheduler_job.py:181} INFO - Started process (PID=75754) to work on /home/anhcu/Project/Stock_project/airflow_venv/lib/python3.8/site-packages/airflow/example_dags/example_trigger_controller_dag.py
[2024-06-10 10:26:22,593] {scheduler_job.py:629} INFO - Processing file /home/anhcu/Project/Stock_project/airflow_venv/lib/python3.8/site-packages/airflow/example_dags/example_trigger_controller_dag.py for tasks to queue
[2024-06-10 10:26:22,595] {logging_mixin.py:103} INFO - [2024-06-10 10:26:22,594] {dagbag.py:440} INFO - Filling up the DagBag from /home/anhcu/Project/Stock_project/airflow_venv/lib/python3.8/site-packages/airflow/example_dags/example_trigger_controller_dag.py
[2024-06-10 10:26:22,603] {scheduler_job.py:639} INFO - DAG(s) dict_keys(['example_trigger_controller_dag']) retrieved from /home/anhcu/Project/Stock_project/airflow_venv/lib/python3.8/site-packages/airflow/example_dags/example_trigger_controller_dag.py
[2024-06-10 10:26:22,604] {logging_mixin.py:103} INFO - [2024-06-10 10:26:22,604] {dag.py:1813} INFO - Sync 1 DAGs
[2024-06-10 10:26:22,620] {logging_mixin.py:103} INFO - [2024-06-10 10:26:22,620] {dag.py:2266} INFO - Setting next_dagrun for example_trigger_controller_dag to 2024-06-08 00:00:00+00:00
[2024-06-10 10:26:22,631] {scheduler_job.py:189} INFO - Processing /home/anhcu/Project/Stock_project/airflow_venv/lib/python3.8/site-packages/airflow/example_dags/example_trigger_controller_dag.py took 0.044 seconds
[2024-06-10 10:26:49,913] {scheduler_job.py:181} INFO - Started process (PID=75946) to work on /home/anhcu/Project/Stock_project/airflow_venv/lib/python3.8/site-packages/airflow/example_dags/example_trigger_controller_dag.py
[2024-06-10 10:26:49,915] {scheduler_job.py:629} INFO - Processing file /home/anhcu/Project/Stock_project/airflow_venv/lib/python3.8/site-packages/airflow/example_dags/example_trigger_controller_dag.py for tasks to queue
[2024-06-10 10:26:49,916] {logging_mixin.py:103} INFO - [2024-06-10 10:26:49,916] {dagbag.py:440} INFO - Filling up the DagBag from /home/anhcu/Project/Stock_project/airflow_venv/lib/python3.8/site-packages/airflow/example_dags/example_trigger_controller_dag.py
[2024-06-10 10:26:49,925] {scheduler_job.py:639} INFO - DAG(s) dict_keys(['example_trigger_controller_dag']) retrieved from /home/anhcu/Project/Stock_project/airflow_venv/lib/python3.8/site-packages/airflow/example_dags/example_trigger_controller_dag.py
[2024-06-10 10:26:49,926] {logging_mixin.py:103} INFO - [2024-06-10 10:26:49,926] {dag.py:1813} INFO - Sync 1 DAGs
[2024-06-10 10:26:49,941] {logging_mixin.py:103} INFO - [2024-06-10 10:26:49,941] {dag.py:2266} INFO - Setting next_dagrun for example_trigger_controller_dag to 2024-06-08 00:00:00+00:00
[2024-06-10 10:26:49,953] {scheduler_job.py:189} INFO - Processing /home/anhcu/Project/Stock_project/airflow_venv/lib/python3.8/site-packages/airflow/example_dags/example_trigger_controller_dag.py took 0.044 seconds
[2024-06-10 10:27:17,355] {scheduler_job.py:181} INFO - Started process (PID=76082) to work on /home/anhcu/Project/Stock_project/airflow_venv/lib/python3.8/site-packages/airflow/example_dags/example_trigger_controller_dag.py
[2024-06-10 10:27:17,357] {scheduler_job.py:629} INFO - Processing file /home/anhcu/Project/Stock_project/airflow_venv/lib/python3.8/site-packages/airflow/example_dags/example_trigger_controller_dag.py for tasks to queue
[2024-06-10 10:27:17,357] {logging_mixin.py:103} INFO - [2024-06-10 10:27:17,357] {dagbag.py:440} INFO - Filling up the DagBag from /home/anhcu/Project/Stock_project/airflow_venv/lib/python3.8/site-packages/airflow/example_dags/example_trigger_controller_dag.py
[2024-06-10 10:27:17,367] {scheduler_job.py:639} INFO - DAG(s) dict_keys(['example_trigger_controller_dag']) retrieved from /home/anhcu/Project/Stock_project/airflow_venv/lib/python3.8/site-packages/airflow/example_dags/example_trigger_controller_dag.py
[2024-06-10 10:27:17,368] {logging_mixin.py:103} INFO - [2024-06-10 10:27:17,368] {dag.py:1813} INFO - Sync 1 DAGs
[2024-06-10 10:27:17,384] {logging_mixin.py:103} INFO - [2024-06-10 10:27:17,384] {dag.py:2266} INFO - Setting next_dagrun for example_trigger_controller_dag to 2024-06-08 00:00:00+00:00
[2024-06-10 10:27:17,395] {scheduler_job.py:189} INFO - Processing /home/anhcu/Project/Stock_project/airflow_venv/lib/python3.8/site-packages/airflow/example_dags/example_trigger_controller_dag.py took 0.044 seconds
[2024-06-10 10:27:46,400] {scheduler_job.py:181} INFO - Started process (PID=76222) to work on /home/anhcu/Project/Stock_project/airflow_venv/lib/python3.8/site-packages/airflow/example_dags/example_trigger_controller_dag.py
[2024-06-10 10:27:46,401] {scheduler_job.py:629} INFO - Processing file /home/anhcu/Project/Stock_project/airflow_venv/lib/python3.8/site-packages/airflow/example_dags/example_trigger_controller_dag.py for tasks to queue
[2024-06-10 10:27:46,402] {logging_mixin.py:103} INFO - [2024-06-10 10:27:46,402] {dagbag.py:440} INFO - Filling up the DagBag from /home/anhcu/Project/Stock_project/airflow_venv/lib/python3.8/site-packages/airflow/example_dags/example_trigger_controller_dag.py
[2024-06-10 10:27:46,412] {scheduler_job.py:639} INFO - DAG(s) dict_keys(['example_trigger_controller_dag']) retrieved from /home/anhcu/Project/Stock_project/airflow_venv/lib/python3.8/site-packages/airflow/example_dags/example_trigger_controller_dag.py
[2024-06-10 10:27:46,413] {logging_mixin.py:103} INFO - [2024-06-10 10:27:46,413] {dag.py:1813} INFO - Sync 1 DAGs
[2024-06-10 10:27:46,428] {logging_mixin.py:103} INFO - [2024-06-10 10:27:46,428] {dag.py:2266} INFO - Setting next_dagrun for example_trigger_controller_dag to 2024-06-08 00:00:00+00:00
[2024-06-10 10:27:46,439] {scheduler_job.py:189} INFO - Processing /home/anhcu/Project/Stock_project/airflow_venv/lib/python3.8/site-packages/airflow/example_dags/example_trigger_controller_dag.py took 0.044 seconds
[2024-06-10 10:28:14,755] {scheduler_job.py:181} INFO - Started process (PID=76374) to work on /home/anhcu/Project/Stock_project/airflow_venv/lib/python3.8/site-packages/airflow/example_dags/example_trigger_controller_dag.py
[2024-06-10 10:28:14,758] {scheduler_job.py:629} INFO - Processing file /home/anhcu/Project/Stock_project/airflow_venv/lib/python3.8/site-packages/airflow/example_dags/example_trigger_controller_dag.py for tasks to queue
[2024-06-10 10:28:14,759] {logging_mixin.py:103} INFO - [2024-06-10 10:28:14,759] {dagbag.py:440} INFO - Filling up the DagBag from /home/anhcu/Project/Stock_project/airflow_venv/lib/python3.8/site-packages/airflow/example_dags/example_trigger_controller_dag.py
[2024-06-10 10:28:14,769] {scheduler_job.py:639} INFO - DAG(s) dict_keys(['example_trigger_controller_dag']) retrieved from /home/anhcu/Project/Stock_project/airflow_venv/lib/python3.8/site-packages/airflow/example_dags/example_trigger_controller_dag.py
[2024-06-10 10:28:14,770] {logging_mixin.py:103} INFO - [2024-06-10 10:28:14,770] {dag.py:1813} INFO - Sync 1 DAGs
[2024-06-10 10:28:14,791] {logging_mixin.py:103} INFO - [2024-06-10 10:28:14,791] {dag.py:2266} INFO - Setting next_dagrun for example_trigger_controller_dag to 2024-06-08 00:00:00+00:00
[2024-06-10 10:28:14,804] {scheduler_job.py:189} INFO - Processing /home/anhcu/Project/Stock_project/airflow_venv/lib/python3.8/site-packages/airflow/example_dags/example_trigger_controller_dag.py took 0.053 seconds
[2024-06-10 10:28:42,103] {scheduler_job.py:181} INFO - Started process (PID=76492) to work on /home/anhcu/Project/Stock_project/airflow_venv/lib/python3.8/site-packages/airflow/example_dags/example_trigger_controller_dag.py
[2024-06-10 10:28:42,104] {scheduler_job.py:629} INFO - Processing file /home/anhcu/Project/Stock_project/airflow_venv/lib/python3.8/site-packages/airflow/example_dags/example_trigger_controller_dag.py for tasks to queue
[2024-06-10 10:28:42,105] {logging_mixin.py:103} INFO - [2024-06-10 10:28:42,105] {dagbag.py:440} INFO - Filling up the DagBag from /home/anhcu/Project/Stock_project/airflow_venv/lib/python3.8/site-packages/airflow/example_dags/example_trigger_controller_dag.py
[2024-06-10 10:28:42,114] {scheduler_job.py:639} INFO - DAG(s) dict_keys(['example_trigger_controller_dag']) retrieved from /home/anhcu/Project/Stock_project/airflow_venv/lib/python3.8/site-packages/airflow/example_dags/example_trigger_controller_dag.py
[2024-06-10 10:28:42,115] {logging_mixin.py:103} INFO - [2024-06-10 10:28:42,115] {dag.py:1813} INFO - Sync 1 DAGs
[2024-06-10 10:28:42,131] {logging_mixin.py:103} INFO - [2024-06-10 10:28:42,131] {dag.py:2266} INFO - Setting next_dagrun for example_trigger_controller_dag to 2024-06-08 00:00:00+00:00
[2024-06-10 10:28:42,142] {scheduler_job.py:189} INFO - Processing /home/anhcu/Project/Stock_project/airflow_venv/lib/python3.8/site-packages/airflow/example_dags/example_trigger_controller_dag.py took 0.044 seconds
[2024-06-10 10:29:09,406] {scheduler_job.py:181} INFO - Started process (PID=76683) to work on /home/anhcu/Project/Stock_project/airflow_venv/lib/python3.8/site-packages/airflow/example_dags/example_trigger_controller_dag.py
[2024-06-10 10:29:09,409] {scheduler_job.py:629} INFO - Processing file /home/anhcu/Project/Stock_project/airflow_venv/lib/python3.8/site-packages/airflow/example_dags/example_trigger_controller_dag.py for tasks to queue
[2024-06-10 10:29:09,410] {logging_mixin.py:103} INFO - [2024-06-10 10:29:09,410] {dagbag.py:440} INFO - Filling up the DagBag from /home/anhcu/Project/Stock_project/airflow_venv/lib/python3.8/site-packages/airflow/example_dags/example_trigger_controller_dag.py
[2024-06-10 10:29:09,423] {scheduler_job.py:639} INFO - DAG(s) dict_keys(['example_trigger_controller_dag']) retrieved from /home/anhcu/Project/Stock_project/airflow_venv/lib/python3.8/site-packages/airflow/example_dags/example_trigger_controller_dag.py
[2024-06-10 10:29:09,424] {logging_mixin.py:103} INFO - [2024-06-10 10:29:09,424] {dag.py:1813} INFO - Sync 1 DAGs
[2024-06-10 10:29:09,445] {logging_mixin.py:103} INFO - [2024-06-10 10:29:09,445] {dag.py:2266} INFO - Setting next_dagrun for example_trigger_controller_dag to 2024-06-08 00:00:00+00:00
[2024-06-10 10:29:09,461] {scheduler_job.py:189} INFO - Processing /home/anhcu/Project/Stock_project/airflow_venv/lib/python3.8/site-packages/airflow/example_dags/example_trigger_controller_dag.py took 0.058 seconds
[2024-06-10 10:29:36,624] {scheduler_job.py:181} INFO - Started process (PID=76839) to work on /home/anhcu/Project/Stock_project/airflow_venv/lib/python3.8/site-packages/airflow/example_dags/example_trigger_controller_dag.py
[2024-06-10 10:29:36,627] {scheduler_job.py:629} INFO - Processing file /home/anhcu/Project/Stock_project/airflow_venv/lib/python3.8/site-packages/airflow/example_dags/example_trigger_controller_dag.py for tasks to queue
[2024-06-10 10:29:36,628] {logging_mixin.py:103} INFO - [2024-06-10 10:29:36,628] {dagbag.py:440} INFO - Filling up the DagBag from /home/anhcu/Project/Stock_project/airflow_venv/lib/python3.8/site-packages/airflow/example_dags/example_trigger_controller_dag.py
[2024-06-10 10:29:36,637] {scheduler_job.py:639} INFO - DAG(s) dict_keys(['example_trigger_controller_dag']) retrieved from /home/anhcu/Project/Stock_project/airflow_venv/lib/python3.8/site-packages/airflow/example_dags/example_trigger_controller_dag.py
[2024-06-10 10:29:36,638] {logging_mixin.py:103} INFO - [2024-06-10 10:29:36,638] {dag.py:1813} INFO - Sync 1 DAGs
[2024-06-10 10:29:36,653] {logging_mixin.py:103} INFO - [2024-06-10 10:29:36,653] {dag.py:2266} INFO - Setting next_dagrun for example_trigger_controller_dag to 2024-06-08 00:00:00+00:00
[2024-06-10 10:29:36,665] {scheduler_job.py:189} INFO - Processing /home/anhcu/Project/Stock_project/airflow_venv/lib/python3.8/site-packages/airflow/example_dags/example_trigger_controller_dag.py took 0.045 seconds
[2024-06-10 10:30:04,972] {scheduler_job.py:181} INFO - Started process (PID=76991) to work on /home/anhcu/Project/Stock_project/airflow_venv/lib/python3.8/site-packages/airflow/example_dags/example_trigger_controller_dag.py
[2024-06-10 10:30:04,974] {scheduler_job.py:629} INFO - Processing file /home/anhcu/Project/Stock_project/airflow_venv/lib/python3.8/site-packages/airflow/example_dags/example_trigger_controller_dag.py for tasks to queue
[2024-06-10 10:30:04,975] {logging_mixin.py:103} INFO - [2024-06-10 10:30:04,975] {dagbag.py:440} INFO - Filling up the DagBag from /home/anhcu/Project/Stock_project/airflow_venv/lib/python3.8/site-packages/airflow/example_dags/example_trigger_controller_dag.py
[2024-06-10 10:30:04,984] {scheduler_job.py:639} INFO - DAG(s) dict_keys(['example_trigger_controller_dag']) retrieved from /home/anhcu/Project/Stock_project/airflow_venv/lib/python3.8/site-packages/airflow/example_dags/example_trigger_controller_dag.py
[2024-06-10 10:30:04,985] {logging_mixin.py:103} INFO - [2024-06-10 10:30:04,985] {dag.py:1813} INFO - Sync 1 DAGs
[2024-06-10 10:30:05,000] {logging_mixin.py:103} INFO - [2024-06-10 10:30:05,000] {dag.py:2266} INFO - Setting next_dagrun for example_trigger_controller_dag to 2024-06-08 00:00:00+00:00
[2024-06-10 10:30:05,011] {scheduler_job.py:189} INFO - Processing /home/anhcu/Project/Stock_project/airflow_venv/lib/python3.8/site-packages/airflow/example_dags/example_trigger_controller_dag.py took 0.044 seconds
[2024-06-10 10:30:31,157] {scheduler_job.py:181} INFO - Started process (PID=77148) to work on /home/anhcu/Project/Stock_project/airflow_venv/lib/python3.8/site-packages/airflow/example_dags/example_trigger_controller_dag.py
[2024-06-10 10:30:31,158] {scheduler_job.py:629} INFO - Processing file /home/anhcu/Project/Stock_project/airflow_venv/lib/python3.8/site-packages/airflow/example_dags/example_trigger_controller_dag.py for tasks to queue
[2024-06-10 10:30:31,159] {logging_mixin.py:103} INFO - [2024-06-10 10:30:31,158] {dagbag.py:440} INFO - Filling up the DagBag from /home/anhcu/Project/Stock_project/airflow_venv/lib/python3.8/site-packages/airflow/example_dags/example_trigger_controller_dag.py
[2024-06-10 10:30:31,169] {scheduler_job.py:639} INFO - DAG(s) dict_keys(['example_trigger_controller_dag']) retrieved from /home/anhcu/Project/Stock_project/airflow_venv/lib/python3.8/site-packages/airflow/example_dags/example_trigger_controller_dag.py
[2024-06-10 10:30:31,170] {logging_mixin.py:103} INFO - [2024-06-10 10:30:31,170] {dag.py:1813} INFO - Sync 1 DAGs
[2024-06-10 10:30:31,189] {logging_mixin.py:103} INFO - [2024-06-10 10:30:31,189] {dag.py:2266} INFO - Setting next_dagrun for example_trigger_controller_dag to 2024-06-08 00:00:00+00:00
[2024-06-10 10:30:31,201] {scheduler_job.py:189} INFO - Processing /home/anhcu/Project/Stock_project/airflow_venv/lib/python3.8/site-packages/airflow/example_dags/example_trigger_controller_dag.py took 0.047 seconds
[2024-06-10 10:30:59,536] {scheduler_job.py:181} INFO - Started process (PID=77306) to work on /home/anhcu/Project/Stock_project/airflow_venv/lib/python3.8/site-packages/airflow/example_dags/example_trigger_controller_dag.py
[2024-06-10 10:30:59,537] {scheduler_job.py:629} INFO - Processing file /home/anhcu/Project/Stock_project/airflow_venv/lib/python3.8/site-packages/airflow/example_dags/example_trigger_controller_dag.py for tasks to queue
[2024-06-10 10:30:59,538] {logging_mixin.py:103} INFO - [2024-06-10 10:30:59,538] {dagbag.py:440} INFO - Filling up the DagBag from /home/anhcu/Project/Stock_project/airflow_venv/lib/python3.8/site-packages/airflow/example_dags/example_trigger_controller_dag.py
[2024-06-10 10:30:59,548] {scheduler_job.py:639} INFO - DAG(s) dict_keys(['example_trigger_controller_dag']) retrieved from /home/anhcu/Project/Stock_project/airflow_venv/lib/python3.8/site-packages/airflow/example_dags/example_trigger_controller_dag.py
[2024-06-10 10:30:59,549] {logging_mixin.py:103} INFO - [2024-06-10 10:30:59,549] {dag.py:1813} INFO - Sync 1 DAGs
[2024-06-10 10:30:59,566] {logging_mixin.py:103} INFO - [2024-06-10 10:30:59,566] {dag.py:2266} INFO - Setting next_dagrun for example_trigger_controller_dag to 2024-06-08 00:00:00+00:00
[2024-06-10 10:30:59,581] {scheduler_job.py:189} INFO - Processing /home/anhcu/Project/Stock_project/airflow_venv/lib/python3.8/site-packages/airflow/example_dags/example_trigger_controller_dag.py took 0.050 seconds
[2024-06-10 10:31:26,746] {scheduler_job.py:181} INFO - Started process (PID=77460) to work on /home/anhcu/Project/Stock_project/airflow_venv/lib/python3.8/site-packages/airflow/example_dags/example_trigger_controller_dag.py
[2024-06-10 10:31:26,749] {scheduler_job.py:629} INFO - Processing file /home/anhcu/Project/Stock_project/airflow_venv/lib/python3.8/site-packages/airflow/example_dags/example_trigger_controller_dag.py for tasks to queue
[2024-06-10 10:31:26,750] {logging_mixin.py:103} INFO - [2024-06-10 10:31:26,750] {dagbag.py:440} INFO - Filling up the DagBag from /home/anhcu/Project/Stock_project/airflow_venv/lib/python3.8/site-packages/airflow/example_dags/example_trigger_controller_dag.py
[2024-06-10 10:31:26,758] {scheduler_job.py:639} INFO - DAG(s) dict_keys(['example_trigger_controller_dag']) retrieved from /home/anhcu/Project/Stock_project/airflow_venv/lib/python3.8/site-packages/airflow/example_dags/example_trigger_controller_dag.py
[2024-06-10 10:31:26,759] {logging_mixin.py:103} INFO - [2024-06-10 10:31:26,759] {dag.py:1813} INFO - Sync 1 DAGs
[2024-06-10 10:31:26,781] {logging_mixin.py:103} INFO - [2024-06-10 10:31:26,781] {dag.py:2266} INFO - Setting next_dagrun for example_trigger_controller_dag to 2024-06-08 00:00:00+00:00
[2024-06-10 10:31:26,792] {scheduler_job.py:189} INFO - Processing /home/anhcu/Project/Stock_project/airflow_venv/lib/python3.8/site-packages/airflow/example_dags/example_trigger_controller_dag.py took 0.051 seconds
[2024-06-10 10:31:55,116] {scheduler_job.py:181} INFO - Started process (PID=77614) to work on /home/anhcu/Project/Stock_project/airflow_venv/lib/python3.8/site-packages/airflow/example_dags/example_trigger_controller_dag.py
[2024-06-10 10:31:55,119] {scheduler_job.py:629} INFO - Processing file /home/anhcu/Project/Stock_project/airflow_venv/lib/python3.8/site-packages/airflow/example_dags/example_trigger_controller_dag.py for tasks to queue
[2024-06-10 10:31:55,120] {logging_mixin.py:103} INFO - [2024-06-10 10:31:55,120] {dagbag.py:440} INFO - Filling up the DagBag from /home/anhcu/Project/Stock_project/airflow_venv/lib/python3.8/site-packages/airflow/example_dags/example_trigger_controller_dag.py
[2024-06-10 10:31:55,129] {scheduler_job.py:639} INFO - DAG(s) dict_keys(['example_trigger_controller_dag']) retrieved from /home/anhcu/Project/Stock_project/airflow_venv/lib/python3.8/site-packages/airflow/example_dags/example_trigger_controller_dag.py
[2024-06-10 10:31:55,130] {logging_mixin.py:103} INFO - [2024-06-10 10:31:55,130] {dag.py:1813} INFO - Sync 1 DAGs
[2024-06-10 10:31:55,146] {logging_mixin.py:103} INFO - [2024-06-10 10:31:55,146] {dag.py:2266} INFO - Setting next_dagrun for example_trigger_controller_dag to 2024-06-08 00:00:00+00:00
[2024-06-10 10:31:55,157] {scheduler_job.py:189} INFO - Processing /home/anhcu/Project/Stock_project/airflow_venv/lib/python3.8/site-packages/airflow/example_dags/example_trigger_controller_dag.py took 0.045 seconds
[2024-06-10 10:32:23,384] {scheduler_job.py:181} INFO - Started process (PID=77738) to work on /home/anhcu/Project/Stock_project/airflow_venv/lib/python3.8/site-packages/airflow/example_dags/example_trigger_controller_dag.py
[2024-06-10 10:32:23,386] {scheduler_job.py:629} INFO - Processing file /home/anhcu/Project/Stock_project/airflow_venv/lib/python3.8/site-packages/airflow/example_dags/example_trigger_controller_dag.py for tasks to queue
[2024-06-10 10:32:23,387] {logging_mixin.py:103} INFO - [2024-06-10 10:32:23,387] {dagbag.py:440} INFO - Filling up the DagBag from /home/anhcu/Project/Stock_project/airflow_venv/lib/python3.8/site-packages/airflow/example_dags/example_trigger_controller_dag.py
[2024-06-10 10:32:23,396] {scheduler_job.py:639} INFO - DAG(s) dict_keys(['example_trigger_controller_dag']) retrieved from /home/anhcu/Project/Stock_project/airflow_venv/lib/python3.8/site-packages/airflow/example_dags/example_trigger_controller_dag.py
[2024-06-10 10:32:23,397] {logging_mixin.py:103} INFO - [2024-06-10 10:32:23,397] {dag.py:1813} INFO - Sync 1 DAGs
[2024-06-10 10:32:23,413] {logging_mixin.py:103} INFO - [2024-06-10 10:32:23,413] {dag.py:2266} INFO - Setting next_dagrun for example_trigger_controller_dag to 2024-06-08 00:00:00+00:00
[2024-06-10 10:32:23,424] {scheduler_job.py:189} INFO - Processing /home/anhcu/Project/Stock_project/airflow_venv/lib/python3.8/site-packages/airflow/example_dags/example_trigger_controller_dag.py took 0.045 seconds
[2024-06-10 10:32:50,722] {scheduler_job.py:181} INFO - Started process (PID=77931) to work on /home/anhcu/Project/Stock_project/airflow_venv/lib/python3.8/site-packages/airflow/example_dags/example_trigger_controller_dag.py
[2024-06-10 10:32:50,724] {scheduler_job.py:629} INFO - Processing file /home/anhcu/Project/Stock_project/airflow_venv/lib/python3.8/site-packages/airflow/example_dags/example_trigger_controller_dag.py for tasks to queue
[2024-06-10 10:32:50,725] {logging_mixin.py:103} INFO - [2024-06-10 10:32:50,725] {dagbag.py:440} INFO - Filling up the DagBag from /home/anhcu/Project/Stock_project/airflow_venv/lib/python3.8/site-packages/airflow/example_dags/example_trigger_controller_dag.py
[2024-06-10 10:32:50,735] {scheduler_job.py:639} INFO - DAG(s) dict_keys(['example_trigger_controller_dag']) retrieved from /home/anhcu/Project/Stock_project/airflow_venv/lib/python3.8/site-packages/airflow/example_dags/example_trigger_controller_dag.py
[2024-06-10 10:32:50,736] {logging_mixin.py:103} INFO - [2024-06-10 10:32:50,736] {dag.py:1813} INFO - Sync 1 DAGs
[2024-06-10 10:32:50,752] {logging_mixin.py:103} INFO - [2024-06-10 10:32:50,752] {dag.py:2266} INFO - Setting next_dagrun for example_trigger_controller_dag to 2024-06-08 00:00:00+00:00
[2024-06-10 10:32:50,764] {scheduler_job.py:189} INFO - Processing /home/anhcu/Project/Stock_project/airflow_venv/lib/python3.8/site-packages/airflow/example_dags/example_trigger_controller_dag.py took 0.047 seconds
[2024-06-10 10:33:17,923] {scheduler_job.py:181} INFO - Started process (PID=78158) to work on /home/anhcu/Project/Stock_project/airflow_venv/lib/python3.8/site-packages/airflow/example_dags/example_trigger_controller_dag.py
[2024-06-10 10:33:17,924] {scheduler_job.py:629} INFO - Processing file /home/anhcu/Project/Stock_project/airflow_venv/lib/python3.8/site-packages/airflow/example_dags/example_trigger_controller_dag.py for tasks to queue
[2024-06-10 10:33:17,926] {logging_mixin.py:103} INFO - [2024-06-10 10:33:17,925] {dagbag.py:440} INFO - Filling up the DagBag from /home/anhcu/Project/Stock_project/airflow_venv/lib/python3.8/site-packages/airflow/example_dags/example_trigger_controller_dag.py
[2024-06-10 10:33:17,942] {scheduler_job.py:639} INFO - DAG(s) dict_keys(['example_trigger_controller_dag']) retrieved from /home/anhcu/Project/Stock_project/airflow_venv/lib/python3.8/site-packages/airflow/example_dags/example_trigger_controller_dag.py
[2024-06-10 10:33:17,944] {logging_mixin.py:103} INFO - [2024-06-10 10:33:17,943] {dag.py:1813} INFO - Sync 1 DAGs
[2024-06-10 10:33:17,964] {logging_mixin.py:103} INFO - [2024-06-10 10:33:17,964] {dag.py:2266} INFO - Setting next_dagrun for example_trigger_controller_dag to 2024-06-08 00:00:00+00:00
[2024-06-10 10:33:17,980] {scheduler_job.py:189} INFO - Processing /home/anhcu/Project/Stock_project/airflow_venv/lib/python3.8/site-packages/airflow/example_dags/example_trigger_controller_dag.py took 0.068 seconds
[2024-06-10 10:33:46,302] {scheduler_job.py:181} INFO - Started process (PID=78279) to work on /home/anhcu/Project/Stock_project/airflow_venv/lib/python3.8/site-packages/airflow/example_dags/example_trigger_controller_dag.py
[2024-06-10 10:33:46,304] {scheduler_job.py:629} INFO - Processing file /home/anhcu/Project/Stock_project/airflow_venv/lib/python3.8/site-packages/airflow/example_dags/example_trigger_controller_dag.py for tasks to queue
[2024-06-10 10:33:46,305] {logging_mixin.py:103} INFO - [2024-06-10 10:33:46,305] {dagbag.py:440} INFO - Filling up the DagBag from /home/anhcu/Project/Stock_project/airflow_venv/lib/python3.8/site-packages/airflow/example_dags/example_trigger_controller_dag.py
[2024-06-10 10:33:46,317] {scheduler_job.py:639} INFO - DAG(s) dict_keys(['example_trigger_controller_dag']) retrieved from /home/anhcu/Project/Stock_project/airflow_venv/lib/python3.8/site-packages/airflow/example_dags/example_trigger_controller_dag.py
[2024-06-10 10:33:46,319] {logging_mixin.py:103} INFO - [2024-06-10 10:33:46,319] {dag.py:1813} INFO - Sync 1 DAGs
[2024-06-10 10:33:46,340] {logging_mixin.py:103} INFO - [2024-06-10 10:33:46,339] {dag.py:2266} INFO - Setting next_dagrun for example_trigger_controller_dag to 2024-06-08 00:00:00+00:00
[2024-06-10 10:33:46,355] {scheduler_job.py:189} INFO - Processing /home/anhcu/Project/Stock_project/airflow_venv/lib/python3.8/site-packages/airflow/example_dags/example_trigger_controller_dag.py took 0.058 seconds
[2024-06-10 10:34:14,660] {scheduler_job.py:181} INFO - Started process (PID=78454) to work on /home/anhcu/Project/Stock_project/airflow_venv/lib/python3.8/site-packages/airflow/example_dags/example_trigger_controller_dag.py
[2024-06-10 10:34:14,662] {scheduler_job.py:629} INFO - Processing file /home/anhcu/Project/Stock_project/airflow_venv/lib/python3.8/site-packages/airflow/example_dags/example_trigger_controller_dag.py for tasks to queue
[2024-06-10 10:34:14,663] {logging_mixin.py:103} INFO - [2024-06-10 10:34:14,663] {dagbag.py:440} INFO - Filling up the DagBag from /home/anhcu/Project/Stock_project/airflow_venv/lib/python3.8/site-packages/airflow/example_dags/example_trigger_controller_dag.py
[2024-06-10 10:34:14,673] {scheduler_job.py:639} INFO - DAG(s) dict_keys(['example_trigger_controller_dag']) retrieved from /home/anhcu/Project/Stock_project/airflow_venv/lib/python3.8/site-packages/airflow/example_dags/example_trigger_controller_dag.py
[2024-06-10 10:34:14,674] {logging_mixin.py:103} INFO - [2024-06-10 10:34:14,674] {dag.py:1813} INFO - Sync 1 DAGs
[2024-06-10 10:34:14,690] {logging_mixin.py:103} INFO - [2024-06-10 10:34:14,690] {dag.py:2266} INFO - Setting next_dagrun for example_trigger_controller_dag to 2024-06-08 00:00:00+00:00
[2024-06-10 10:34:14,702] {scheduler_job.py:189} INFO - Processing /home/anhcu/Project/Stock_project/airflow_venv/lib/python3.8/site-packages/airflow/example_dags/example_trigger_controller_dag.py took 0.046 seconds
[2024-06-10 10:34:41,997] {scheduler_job.py:181} INFO - Started process (PID=78665) to work on /home/anhcu/Project/Stock_project/airflow_venv/lib/python3.8/site-packages/airflow/example_dags/example_trigger_controller_dag.py
[2024-06-10 10:34:42,000] {scheduler_job.py:629} INFO - Processing file /home/anhcu/Project/Stock_project/airflow_venv/lib/python3.8/site-packages/airflow/example_dags/example_trigger_controller_dag.py for tasks to queue
[2024-06-10 10:34:42,001] {logging_mixin.py:103} INFO - [2024-06-10 10:34:42,001] {dagbag.py:440} INFO - Filling up the DagBag from /home/anhcu/Project/Stock_project/airflow_venv/lib/python3.8/site-packages/airflow/example_dags/example_trigger_controller_dag.py
[2024-06-10 10:34:42,009] {scheduler_job.py:639} INFO - DAG(s) dict_keys(['example_trigger_controller_dag']) retrieved from /home/anhcu/Project/Stock_project/airflow_venv/lib/python3.8/site-packages/airflow/example_dags/example_trigger_controller_dag.py
[2024-06-10 10:34:42,010] {logging_mixin.py:103} INFO - [2024-06-10 10:34:42,010] {dag.py:1813} INFO - Sync 1 DAGs
[2024-06-10 10:34:42,026] {logging_mixin.py:103} INFO - [2024-06-10 10:34:42,026] {dag.py:2266} INFO - Setting next_dagrun for example_trigger_controller_dag to 2024-06-08 00:00:00+00:00
[2024-06-10 10:34:42,037] {scheduler_job.py:189} INFO - Processing /home/anhcu/Project/Stock_project/airflow_venv/lib/python3.8/site-packages/airflow/example_dags/example_trigger_controller_dag.py took 0.044 seconds
[2024-06-10 10:35:09,192] {scheduler_job.py:181} INFO - Started process (PID=78901) to work on /home/anhcu/Project/Stock_project/airflow_venv/lib/python3.8/site-packages/airflow/example_dags/example_trigger_controller_dag.py
[2024-06-10 10:35:09,194] {scheduler_job.py:629} INFO - Processing file /home/anhcu/Project/Stock_project/airflow_venv/lib/python3.8/site-packages/airflow/example_dags/example_trigger_controller_dag.py for tasks to queue
[2024-06-10 10:35:09,196] {logging_mixin.py:103} INFO - [2024-06-10 10:35:09,196] {dagbag.py:440} INFO - Filling up the DagBag from /home/anhcu/Project/Stock_project/airflow_venv/lib/python3.8/site-packages/airflow/example_dags/example_trigger_controller_dag.py
[2024-06-10 10:35:09,205] {scheduler_job.py:639} INFO - DAG(s) dict_keys(['example_trigger_controller_dag']) retrieved from /home/anhcu/Project/Stock_project/airflow_venv/lib/python3.8/site-packages/airflow/example_dags/example_trigger_controller_dag.py
[2024-06-10 10:35:09,206] {logging_mixin.py:103} INFO - [2024-06-10 10:35:09,206] {dag.py:1813} INFO - Sync 1 DAGs
[2024-06-10 10:35:09,227] {logging_mixin.py:103} INFO - [2024-06-10 10:35:09,227] {dag.py:2266} INFO - Setting next_dagrun for example_trigger_controller_dag to 2024-06-08 00:00:00+00:00
[2024-06-10 10:35:09,238] {scheduler_job.py:189} INFO - Processing /home/anhcu/Project/Stock_project/airflow_venv/lib/python3.8/site-packages/airflow/example_dags/example_trigger_controller_dag.py took 0.050 seconds
[2024-06-10 10:36:06,833] {scheduler_job.py:181} INFO - Started process (PID=79608) to work on /home/anhcu/Project/Stock_project/airflow_venv/lib/python3.8/site-packages/airflow/example_dags/example_trigger_controller_dag.py
[2024-06-10 10:36:06,835] {scheduler_job.py:629} INFO - Processing file /home/anhcu/Project/Stock_project/airflow_venv/lib/python3.8/site-packages/airflow/example_dags/example_trigger_controller_dag.py for tasks to queue
[2024-06-10 10:36:06,836] {logging_mixin.py:103} INFO - [2024-06-10 10:36:06,836] {dagbag.py:440} INFO - Filling up the DagBag from /home/anhcu/Project/Stock_project/airflow_venv/lib/python3.8/site-packages/airflow/example_dags/example_trigger_controller_dag.py
[2024-06-10 10:36:06,846] {scheduler_job.py:639} INFO - DAG(s) dict_keys(['example_trigger_controller_dag']) retrieved from /home/anhcu/Project/Stock_project/airflow_venv/lib/python3.8/site-packages/airflow/example_dags/example_trigger_controller_dag.py
[2024-06-10 10:36:06,847] {logging_mixin.py:103} INFO - [2024-06-10 10:36:06,847] {dag.py:1813} INFO - Sync 1 DAGs
[2024-06-10 10:36:06,866] {logging_mixin.py:103} INFO - [2024-06-10 10:36:06,866] {dag.py:2266} INFO - Setting next_dagrun for example_trigger_controller_dag to 2024-06-08 00:00:00+00:00
[2024-06-10 10:36:06,877] {scheduler_job.py:189} INFO - Processing /home/anhcu/Project/Stock_project/airflow_venv/lib/python3.8/site-packages/airflow/example_dags/example_trigger_controller_dag.py took 0.048 seconds
