[2024-06-10 09:58:16,413] {scheduler_job.py:181} INFO - Started process (PID=62698) to work on /home/anhcu/Project/Stock_project/airflow_venv/lib/python3.8/site-packages/airflow/example_dags/example_trigger_target_dag.py
[2024-06-10 09:58:16,423] {scheduler_job.py:629} INFO - Processing file /home/anhcu/Project/Stock_project/airflow_venv/lib/python3.8/site-packages/airflow/example_dags/example_trigger_target_dag.py for tasks to queue
[2024-06-10 09:58:16,425] {logging_mixin.py:103} INFO - [2024-06-10 09:58:16,425] {dagbag.py:440} INFO - Filling up the DagBag from /home/anhcu/Project/Stock_project/airflow_venv/lib/python3.8/site-packages/airflow/example_dags/example_trigger_target_dag.py
[2024-06-10 09:58:16,456] {scheduler_job.py:639} INFO - DAG(s) dict_keys(['example_trigger_target_dag']) retrieved from /home/anhcu/Project/Stock_project/airflow_venv/lib/python3.8/site-packages/airflow/example_dags/example_trigger_target_dag.py
[2024-06-10 09:58:16,458] {logging_mixin.py:103} INFO - [2024-06-10 09:58:16,457] {dag.py:1813} INFO - Sync 1 DAGs
[2024-06-10 09:58:16,624] {logging_mixin.py:103} INFO - [2024-06-10 09:58:16,624] {dag.py:2266} INFO - Setting next_dagrun for example_trigger_target_dag to None
[2024-06-10 09:58:16,649] {scheduler_job.py:189} INFO - Processing /home/anhcu/Project/Stock_project/airflow_venv/lib/python3.8/site-packages/airflow/example_dags/example_trigger_target_dag.py took 0.241 seconds
[2024-06-10 09:59:12,125] {scheduler_job.py:181} INFO - Started process (PID=62898) to work on /home/anhcu/Project/Stock_project/airflow_venv/lib/python3.8/site-packages/airflow/example_dags/example_trigger_target_dag.py
[2024-06-10 09:59:12,128] {scheduler_job.py:629} INFO - Processing file /home/anhcu/Project/Stock_project/airflow_venv/lib/python3.8/site-packages/airflow/example_dags/example_trigger_target_dag.py for tasks to queue
[2024-06-10 09:59:12,131] {logging_mixin.py:103} INFO - [2024-06-10 09:59:12,130] {dagbag.py:440} INFO - Filling up the DagBag from /home/anhcu/Project/Stock_project/airflow_venv/lib/python3.8/site-packages/airflow/example_dags/example_trigger_target_dag.py
[2024-06-10 09:59:12,163] {scheduler_job.py:639} INFO - DAG(s) dict_keys(['example_trigger_target_dag']) retrieved from /home/anhcu/Project/Stock_project/airflow_venv/lib/python3.8/site-packages/airflow/example_dags/example_trigger_target_dag.py
[2024-06-10 09:59:12,165] {logging_mixin.py:103} INFO - [2024-06-10 09:59:12,165] {dag.py:1813} INFO - Sync 1 DAGs
[2024-06-10 09:59:12,203] {logging_mixin.py:103} INFO - [2024-06-10 09:59:12,203] {dag.py:2266} INFO - Setting next_dagrun for example_trigger_target_dag to None
[2024-06-10 09:59:12,619] {scheduler_job.py:189} INFO - Processing /home/anhcu/Project/Stock_project/airflow_venv/lib/python3.8/site-packages/airflow/example_dags/example_trigger_target_dag.py took 0.634 seconds
[2024-06-10 10:00:03,418] {scheduler_job.py:181} INFO - Started process (PID=63251) to work on /home/anhcu/Project/Stock_project/airflow_venv/lib/python3.8/site-packages/airflow/example_dags/example_trigger_target_dag.py
[2024-06-10 10:00:03,421] {scheduler_job.py:629} INFO - Processing file /home/anhcu/Project/Stock_project/airflow_venv/lib/python3.8/site-packages/airflow/example_dags/example_trigger_target_dag.py for tasks to queue
[2024-06-10 10:00:03,423] {logging_mixin.py:103} INFO - [2024-06-10 10:00:03,423] {dagbag.py:440} INFO - Filling up the DagBag from /home/anhcu/Project/Stock_project/airflow_venv/lib/python3.8/site-packages/airflow/example_dags/example_trigger_target_dag.py
[2024-06-10 10:00:03,453] {scheduler_job.py:639} INFO - DAG(s) dict_keys(['example_trigger_target_dag']) retrieved from /home/anhcu/Project/Stock_project/airflow_venv/lib/python3.8/site-packages/airflow/example_dags/example_trigger_target_dag.py
[2024-06-10 10:00:03,457] {logging_mixin.py:103} INFO - [2024-06-10 10:00:03,456] {dag.py:1813} INFO - Sync 1 DAGs
[2024-06-10 10:00:03,880] {logging_mixin.py:103} INFO - [2024-06-10 10:00:03,880] {dag.py:2266} INFO - Setting next_dagrun for example_trigger_target_dag to None
[2024-06-10 10:00:03,902] {scheduler_job.py:189} INFO - Processing /home/anhcu/Project/Stock_project/airflow_venv/lib/python3.8/site-packages/airflow/example_dags/example_trigger_target_dag.py took 0.501 seconds
[2024-06-10 10:00:47,963] {scheduler_job.py:181} INFO - Started process (PID=63597) to work on /home/anhcu/Project/Stock_project/airflow_venv/lib/python3.8/site-packages/airflow/example_dags/example_trigger_target_dag.py
[2024-06-10 10:00:47,967] {scheduler_job.py:629} INFO - Processing file /home/anhcu/Project/Stock_project/airflow_venv/lib/python3.8/site-packages/airflow/example_dags/example_trigger_target_dag.py for tasks to queue
[2024-06-10 10:00:47,967] {logging_mixin.py:103} INFO - [2024-06-10 10:00:47,967] {dagbag.py:440} INFO - Filling up the DagBag from /home/anhcu/Project/Stock_project/airflow_venv/lib/python3.8/site-packages/airflow/example_dags/example_trigger_target_dag.py
[2024-06-10 10:00:48,151] {scheduler_job.py:639} INFO - DAG(s) dict_keys(['example_trigger_target_dag']) retrieved from /home/anhcu/Project/Stock_project/airflow_venv/lib/python3.8/site-packages/airflow/example_dags/example_trigger_target_dag.py
[2024-06-10 10:00:48,153] {logging_mixin.py:103} INFO - [2024-06-10 10:00:48,153] {dag.py:1813} INFO - Sync 1 DAGs
[2024-06-10 10:00:48,211] {logging_mixin.py:103} INFO - [2024-06-10 10:00:48,211] {dag.py:2266} INFO - Setting next_dagrun for example_trigger_target_dag to None
[2024-06-10 10:00:48,378] {scheduler_job.py:189} INFO - Processing /home/anhcu/Project/Stock_project/airflow_venv/lib/python3.8/site-packages/airflow/example_dags/example_trigger_target_dag.py took 0.428 seconds
[2024-06-10 10:01:35,444] {scheduler_job.py:181} INFO - Started process (PID=63855) to work on /home/anhcu/Project/Stock_project/airflow_venv/lib/python3.8/site-packages/airflow/example_dags/example_trigger_target_dag.py
[2024-06-10 10:01:35,448] {scheduler_job.py:629} INFO - Processing file /home/anhcu/Project/Stock_project/airflow_venv/lib/python3.8/site-packages/airflow/example_dags/example_trigger_target_dag.py for tasks to queue
[2024-06-10 10:01:35,454] {logging_mixin.py:103} INFO - [2024-06-10 10:01:35,454] {dagbag.py:440} INFO - Filling up the DagBag from /home/anhcu/Project/Stock_project/airflow_venv/lib/python3.8/site-packages/airflow/example_dags/example_trigger_target_dag.py
[2024-06-10 10:01:35,486] {scheduler_job.py:639} INFO - DAG(s) dict_keys(['example_trigger_target_dag']) retrieved from /home/anhcu/Project/Stock_project/airflow_venv/lib/python3.8/site-packages/airflow/example_dags/example_trigger_target_dag.py
[2024-06-10 10:01:35,617] {logging_mixin.py:103} INFO - [2024-06-10 10:01:35,617] {dag.py:1813} INFO - Sync 1 DAGs
[2024-06-10 10:01:35,645] {logging_mixin.py:103} INFO - [2024-06-10 10:01:35,645] {dag.py:2266} INFO - Setting next_dagrun for example_trigger_target_dag to None
[2024-06-10 10:01:35,662] {scheduler_job.py:189} INFO - Processing /home/anhcu/Project/Stock_project/airflow_venv/lib/python3.8/site-packages/airflow/example_dags/example_trigger_target_dag.py took 0.231 seconds
[2024-06-10 10:07:09,883] {scheduler_job.py:181} INFO - Started process (PID=66978) to work on /home/anhcu/Project/Stock_project/airflow_venv/lib/python3.8/site-packages/airflow/example_dags/example_trigger_target_dag.py
[2024-06-10 10:07:09,886] {scheduler_job.py:629} INFO - Processing file /home/anhcu/Project/Stock_project/airflow_venv/lib/python3.8/site-packages/airflow/example_dags/example_trigger_target_dag.py for tasks to queue
[2024-06-10 10:07:09,887] {logging_mixin.py:103} INFO - [2024-06-10 10:07:09,887] {dagbag.py:440} INFO - Filling up the DagBag from /home/anhcu/Project/Stock_project/airflow_venv/lib/python3.8/site-packages/airflow/example_dags/example_trigger_target_dag.py
[2024-06-10 10:07:09,895] {scheduler_job.py:639} INFO - DAG(s) dict_keys(['example_trigger_target_dag']) retrieved from /home/anhcu/Project/Stock_project/airflow_venv/lib/python3.8/site-packages/airflow/example_dags/example_trigger_target_dag.py
[2024-06-10 10:07:09,896] {logging_mixin.py:103} INFO - [2024-06-10 10:07:09,896] {dag.py:1813} INFO - Sync 1 DAGs
[2024-06-10 10:07:09,910] {logging_mixin.py:103} INFO - [2024-06-10 10:07:09,910] {dag.py:2266} INFO - Setting next_dagrun for example_trigger_target_dag to None
[2024-06-10 10:07:09,925] {scheduler_job.py:189} INFO - Processing /home/anhcu/Project/Stock_project/airflow_venv/lib/python3.8/site-packages/airflow/example_dags/example_trigger_target_dag.py took 0.045 seconds
[2024-06-10 10:07:41,091] {scheduler_job.py:181} INFO - Started process (PID=67211) to work on /home/anhcu/Project/Stock_project/airflow_venv/lib/python3.8/site-packages/airflow/example_dags/example_trigger_target_dag.py
[2024-06-10 10:07:41,092] {scheduler_job.py:629} INFO - Processing file /home/anhcu/Project/Stock_project/airflow_venv/lib/python3.8/site-packages/airflow/example_dags/example_trigger_target_dag.py for tasks to queue
[2024-06-10 10:07:41,093] {logging_mixin.py:103} INFO - [2024-06-10 10:07:41,093] {dagbag.py:440} INFO - Filling up the DagBag from /home/anhcu/Project/Stock_project/airflow_venv/lib/python3.8/site-packages/airflow/example_dags/example_trigger_target_dag.py
[2024-06-10 10:07:41,099] {scheduler_job.py:639} INFO - DAG(s) dict_keys(['example_trigger_target_dag']) retrieved from /home/anhcu/Project/Stock_project/airflow_venv/lib/python3.8/site-packages/airflow/example_dags/example_trigger_target_dag.py
[2024-06-10 10:07:41,100] {logging_mixin.py:103} INFO - [2024-06-10 10:07:41,100] {dag.py:1813} INFO - Sync 1 DAGs
[2024-06-10 10:07:41,114] {logging_mixin.py:103} INFO - [2024-06-10 10:07:41,114] {dag.py:2266} INFO - Setting next_dagrun for example_trigger_target_dag to None
[2024-06-10 10:07:41,126] {scheduler_job.py:189} INFO - Processing /home/anhcu/Project/Stock_project/airflow_venv/lib/python3.8/site-packages/airflow/example_dags/example_trigger_target_dag.py took 0.038 seconds
[2024-06-10 10:08:10,250] {scheduler_job.py:181} INFO - Started process (PID=67402) to work on /home/anhcu/Project/Stock_project/airflow_venv/lib/python3.8/site-packages/airflow/example_dags/example_trigger_target_dag.py
[2024-06-10 10:08:10,251] {scheduler_job.py:629} INFO - Processing file /home/anhcu/Project/Stock_project/airflow_venv/lib/python3.8/site-packages/airflow/example_dags/example_trigger_target_dag.py for tasks to queue
[2024-06-10 10:08:10,252] {logging_mixin.py:103} INFO - [2024-06-10 10:08:10,252] {dagbag.py:440} INFO - Filling up the DagBag from /home/anhcu/Project/Stock_project/airflow_venv/lib/python3.8/site-packages/airflow/example_dags/example_trigger_target_dag.py
[2024-06-10 10:08:10,259] {scheduler_job.py:639} INFO - DAG(s) dict_keys(['example_trigger_target_dag']) retrieved from /home/anhcu/Project/Stock_project/airflow_venv/lib/python3.8/site-packages/airflow/example_dags/example_trigger_target_dag.py
[2024-06-10 10:08:10,260] {logging_mixin.py:103} INFO - [2024-06-10 10:08:10,260] {dag.py:1813} INFO - Sync 1 DAGs
[2024-06-10 10:08:10,277] {logging_mixin.py:103} INFO - [2024-06-10 10:08:10,277] {dag.py:2266} INFO - Setting next_dagrun for example_trigger_target_dag to None
[2024-06-10 10:08:10,289] {scheduler_job.py:189} INFO - Processing /home/anhcu/Project/Stock_project/airflow_venv/lib/python3.8/site-packages/airflow/example_dags/example_trigger_target_dag.py took 0.043 seconds
[2024-06-10 10:08:38,773] {scheduler_job.py:181} INFO - Started process (PID=67635) to work on /home/anhcu/Project/Stock_project/airflow_venv/lib/python3.8/site-packages/airflow/example_dags/example_trigger_target_dag.py
[2024-06-10 10:08:38,775] {scheduler_job.py:629} INFO - Processing file /home/anhcu/Project/Stock_project/airflow_venv/lib/python3.8/site-packages/airflow/example_dags/example_trigger_target_dag.py for tasks to queue
[2024-06-10 10:08:38,776] {logging_mixin.py:103} INFO - [2024-06-10 10:08:38,776] {dagbag.py:440} INFO - Filling up the DagBag from /home/anhcu/Project/Stock_project/airflow_venv/lib/python3.8/site-packages/airflow/example_dags/example_trigger_target_dag.py
[2024-06-10 10:08:38,784] {scheduler_job.py:639} INFO - DAG(s) dict_keys(['example_trigger_target_dag']) retrieved from /home/anhcu/Project/Stock_project/airflow_venv/lib/python3.8/site-packages/airflow/example_dags/example_trigger_target_dag.py
[2024-06-10 10:08:38,785] {logging_mixin.py:103} INFO - [2024-06-10 10:08:38,785] {dag.py:1813} INFO - Sync 1 DAGs
[2024-06-10 10:08:38,803] {logging_mixin.py:103} INFO - [2024-06-10 10:08:38,803] {dag.py:2266} INFO - Setting next_dagrun for example_trigger_target_dag to None
[2024-06-10 10:08:38,816] {scheduler_job.py:189} INFO - Processing /home/anhcu/Project/Stock_project/airflow_venv/lib/python3.8/site-packages/airflow/example_dags/example_trigger_target_dag.py took 0.047 seconds
[2024-06-10 10:09:06,112] {scheduler_job.py:181} INFO - Started process (PID=67825) to work on /home/anhcu/Project/Stock_project/airflow_venv/lib/python3.8/site-packages/airflow/example_dags/example_trigger_target_dag.py
[2024-06-10 10:09:06,114] {scheduler_job.py:629} INFO - Processing file /home/anhcu/Project/Stock_project/airflow_venv/lib/python3.8/site-packages/airflow/example_dags/example_trigger_target_dag.py for tasks to queue
[2024-06-10 10:09:06,115] {logging_mixin.py:103} INFO - [2024-06-10 10:09:06,115] {dagbag.py:440} INFO - Filling up the DagBag from /home/anhcu/Project/Stock_project/airflow_venv/lib/python3.8/site-packages/airflow/example_dags/example_trigger_target_dag.py
[2024-06-10 10:09:06,122] {scheduler_job.py:639} INFO - DAG(s) dict_keys(['example_trigger_target_dag']) retrieved from /home/anhcu/Project/Stock_project/airflow_venv/lib/python3.8/site-packages/airflow/example_dags/example_trigger_target_dag.py
[2024-06-10 10:09:06,123] {logging_mixin.py:103} INFO - [2024-06-10 10:09:06,123] {dag.py:1813} INFO - Sync 1 DAGs
[2024-06-10 10:09:06,139] {logging_mixin.py:103} INFO - [2024-06-10 10:09:06,139] {dag.py:2266} INFO - Setting next_dagrun for example_trigger_target_dag to None
[2024-06-10 10:09:06,150] {scheduler_job.py:189} INFO - Processing /home/anhcu/Project/Stock_project/airflow_venv/lib/python3.8/site-packages/airflow/example_dags/example_trigger_target_dag.py took 0.043 seconds
[2024-06-10 10:09:32,461] {scheduler_job.py:181} INFO - Started process (PID=67983) to work on /home/anhcu/Project/Stock_project/airflow_venv/lib/python3.8/site-packages/airflow/example_dags/example_trigger_target_dag.py
[2024-06-10 10:09:32,463] {scheduler_job.py:629} INFO - Processing file /home/anhcu/Project/Stock_project/airflow_venv/lib/python3.8/site-packages/airflow/example_dags/example_trigger_target_dag.py for tasks to queue
[2024-06-10 10:09:32,464] {logging_mixin.py:103} INFO - [2024-06-10 10:09:32,464] {dagbag.py:440} INFO - Filling up the DagBag from /home/anhcu/Project/Stock_project/airflow_venv/lib/python3.8/site-packages/airflow/example_dags/example_trigger_target_dag.py
[2024-06-10 10:09:32,474] {scheduler_job.py:639} INFO - DAG(s) dict_keys(['example_trigger_target_dag']) retrieved from /home/anhcu/Project/Stock_project/airflow_venv/lib/python3.8/site-packages/airflow/example_dags/example_trigger_target_dag.py
[2024-06-10 10:09:32,475] {logging_mixin.py:103} INFO - [2024-06-10 10:09:32,475] {dag.py:1813} INFO - Sync 1 DAGs
[2024-06-10 10:09:32,494] {logging_mixin.py:103} INFO - [2024-06-10 10:09:32,494] {dag.py:2266} INFO - Setting next_dagrun for example_trigger_target_dag to None
[2024-06-10 10:09:32,508] {scheduler_job.py:189} INFO - Processing /home/anhcu/Project/Stock_project/airflow_venv/lib/python3.8/site-packages/airflow/example_dags/example_trigger_target_dag.py took 0.051 seconds
[2024-06-10 10:10:00,724] {scheduler_job.py:181} INFO - Started process (PID=68140) to work on /home/anhcu/Project/Stock_project/airflow_venv/lib/python3.8/site-packages/airflow/example_dags/example_trigger_target_dag.py
[2024-06-10 10:10:00,726] {scheduler_job.py:629} INFO - Processing file /home/anhcu/Project/Stock_project/airflow_venv/lib/python3.8/site-packages/airflow/example_dags/example_trigger_target_dag.py for tasks to queue
[2024-06-10 10:10:00,728] {logging_mixin.py:103} INFO - [2024-06-10 10:10:00,728] {dagbag.py:440} INFO - Filling up the DagBag from /home/anhcu/Project/Stock_project/airflow_venv/lib/python3.8/site-packages/airflow/example_dags/example_trigger_target_dag.py
[2024-06-10 10:10:00,738] {scheduler_job.py:639} INFO - DAG(s) dict_keys(['example_trigger_target_dag']) retrieved from /home/anhcu/Project/Stock_project/airflow_venv/lib/python3.8/site-packages/airflow/example_dags/example_trigger_target_dag.py
[2024-06-10 10:10:00,740] {logging_mixin.py:103} INFO - [2024-06-10 10:10:00,740] {dag.py:1813} INFO - Sync 1 DAGs
[2024-06-10 10:10:00,761] {logging_mixin.py:103} INFO - [2024-06-10 10:10:00,761] {dag.py:2266} INFO - Setting next_dagrun for example_trigger_target_dag to None
[2024-06-10 10:10:00,778] {scheduler_job.py:189} INFO - Processing /home/anhcu/Project/Stock_project/airflow_venv/lib/python3.8/site-packages/airflow/example_dags/example_trigger_target_dag.py took 0.060 seconds
[2024-06-10 10:10:28,837] {scheduler_job.py:181} INFO - Started process (PID=68264) to work on /home/anhcu/Project/Stock_project/airflow_venv/lib/python3.8/site-packages/airflow/example_dags/example_trigger_target_dag.py
[2024-06-10 10:10:28,839] {scheduler_job.py:629} INFO - Processing file /home/anhcu/Project/Stock_project/airflow_venv/lib/python3.8/site-packages/airflow/example_dags/example_trigger_target_dag.py for tasks to queue
[2024-06-10 10:10:28,841] {logging_mixin.py:103} INFO - [2024-06-10 10:10:28,840] {dagbag.py:440} INFO - Filling up the DagBag from /home/anhcu/Project/Stock_project/airflow_venv/lib/python3.8/site-packages/airflow/example_dags/example_trigger_target_dag.py
[2024-06-10 10:10:28,850] {scheduler_job.py:639} INFO - DAG(s) dict_keys(['example_trigger_target_dag']) retrieved from /home/anhcu/Project/Stock_project/airflow_venv/lib/python3.8/site-packages/airflow/example_dags/example_trigger_target_dag.py
[2024-06-10 10:10:28,851] {logging_mixin.py:103} INFO - [2024-06-10 10:10:28,851] {dag.py:1813} INFO - Sync 1 DAGs
[2024-06-10 10:10:28,873] {logging_mixin.py:103} INFO - [2024-06-10 10:10:28,873] {dag.py:2266} INFO - Setting next_dagrun for example_trigger_target_dag to None
[2024-06-10 10:10:28,890] {scheduler_job.py:189} INFO - Processing /home/anhcu/Project/Stock_project/airflow_venv/lib/python3.8/site-packages/airflow/example_dags/example_trigger_target_dag.py took 0.065 seconds
[2024-06-10 10:10:56,831] {scheduler_job.py:181} INFO - Started process (PID=68456) to work on /home/anhcu/Project/Stock_project/airflow_venv/lib/python3.8/site-packages/airflow/example_dags/example_trigger_target_dag.py
[2024-06-10 10:10:56,833] {scheduler_job.py:629} INFO - Processing file /home/anhcu/Project/Stock_project/airflow_venv/lib/python3.8/site-packages/airflow/example_dags/example_trigger_target_dag.py for tasks to queue
[2024-06-10 10:10:56,834] {logging_mixin.py:103} INFO - [2024-06-10 10:10:56,834] {dagbag.py:440} INFO - Filling up the DagBag from /home/anhcu/Project/Stock_project/airflow_venv/lib/python3.8/site-packages/airflow/example_dags/example_trigger_target_dag.py
[2024-06-10 10:10:56,842] {scheduler_job.py:639} INFO - DAG(s) dict_keys(['example_trigger_target_dag']) retrieved from /home/anhcu/Project/Stock_project/airflow_venv/lib/python3.8/site-packages/airflow/example_dags/example_trigger_target_dag.py
[2024-06-10 10:10:56,843] {logging_mixin.py:103} INFO - [2024-06-10 10:10:56,843] {dag.py:1813} INFO - Sync 1 DAGs
[2024-06-10 10:10:56,860] {logging_mixin.py:103} INFO - [2024-06-10 10:10:56,860] {dag.py:2266} INFO - Setting next_dagrun for example_trigger_target_dag to None
[2024-06-10 10:10:56,873] {scheduler_job.py:189} INFO - Processing /home/anhcu/Project/Stock_project/airflow_venv/lib/python3.8/site-packages/airflow/example_dags/example_trigger_target_dag.py took 0.047 seconds
[2024-06-10 10:11:25,864] {scheduler_job.py:181} INFO - Started process (PID=68649) to work on /home/anhcu/Project/Stock_project/airflow_venv/lib/python3.8/site-packages/airflow/example_dags/example_trigger_target_dag.py
[2024-06-10 10:11:25,866] {scheduler_job.py:629} INFO - Processing file /home/anhcu/Project/Stock_project/airflow_venv/lib/python3.8/site-packages/airflow/example_dags/example_trigger_target_dag.py for tasks to queue
[2024-06-10 10:11:25,867] {logging_mixin.py:103} INFO - [2024-06-10 10:11:25,867] {dagbag.py:440} INFO - Filling up the DagBag from /home/anhcu/Project/Stock_project/airflow_venv/lib/python3.8/site-packages/airflow/example_dags/example_trigger_target_dag.py
[2024-06-10 10:11:25,874] {scheduler_job.py:639} INFO - DAG(s) dict_keys(['example_trigger_target_dag']) retrieved from /home/anhcu/Project/Stock_project/airflow_venv/lib/python3.8/site-packages/airflow/example_dags/example_trigger_target_dag.py
[2024-06-10 10:11:25,876] {logging_mixin.py:103} INFO - [2024-06-10 10:11:25,876] {dag.py:1813} INFO - Sync 1 DAGs
[2024-06-10 10:11:25,892] {logging_mixin.py:103} INFO - [2024-06-10 10:11:25,892] {dag.py:2266} INFO - Setting next_dagrun for example_trigger_target_dag to None
[2024-06-10 10:11:25,903] {scheduler_job.py:189} INFO - Processing /home/anhcu/Project/Stock_project/airflow_venv/lib/python3.8/site-packages/airflow/example_dags/example_trigger_target_dag.py took 0.043 seconds
[2024-06-10 10:11:53,544] {scheduler_job.py:181} INFO - Started process (PID=68851) to work on /home/anhcu/Project/Stock_project/airflow_venv/lib/python3.8/site-packages/airflow/example_dags/example_trigger_target_dag.py
[2024-06-10 10:11:53,546] {scheduler_job.py:629} INFO - Processing file /home/anhcu/Project/Stock_project/airflow_venv/lib/python3.8/site-packages/airflow/example_dags/example_trigger_target_dag.py for tasks to queue
[2024-06-10 10:11:53,546] {logging_mixin.py:103} INFO - [2024-06-10 10:11:53,546] {dagbag.py:440} INFO - Filling up the DagBag from /home/anhcu/Project/Stock_project/airflow_venv/lib/python3.8/site-packages/airflow/example_dags/example_trigger_target_dag.py
[2024-06-10 10:11:53,556] {scheduler_job.py:639} INFO - DAG(s) dict_keys(['example_trigger_target_dag']) retrieved from /home/anhcu/Project/Stock_project/airflow_venv/lib/python3.8/site-packages/airflow/example_dags/example_trigger_target_dag.py
[2024-06-10 10:11:53,557] {logging_mixin.py:103} INFO - [2024-06-10 10:11:53,557] {dag.py:1813} INFO - Sync 1 DAGs
[2024-06-10 10:11:53,572] {logging_mixin.py:103} INFO - [2024-06-10 10:11:53,571] {dag.py:2266} INFO - Setting next_dagrun for example_trigger_target_dag to None
[2024-06-10 10:11:53,584] {scheduler_job.py:189} INFO - Processing /home/anhcu/Project/Stock_project/airflow_venv/lib/python3.8/site-packages/airflow/example_dags/example_trigger_target_dag.py took 0.043 seconds
[2024-06-10 10:12:24,616] {scheduler_job.py:181} INFO - Started process (PID=69045) to work on /home/anhcu/Project/Stock_project/airflow_venv/lib/python3.8/site-packages/airflow/example_dags/example_trigger_target_dag.py
[2024-06-10 10:12:24,618] {scheduler_job.py:629} INFO - Processing file /home/anhcu/Project/Stock_project/airflow_venv/lib/python3.8/site-packages/airflow/example_dags/example_trigger_target_dag.py for tasks to queue
[2024-06-10 10:12:24,634] {logging_mixin.py:103} INFO - [2024-06-10 10:12:24,634] {dagbag.py:440} INFO - Filling up the DagBag from /home/anhcu/Project/Stock_project/airflow_venv/lib/python3.8/site-packages/airflow/example_dags/example_trigger_target_dag.py
[2024-06-10 10:12:24,665] {scheduler_job.py:639} INFO - DAG(s) dict_keys(['example_trigger_target_dag']) retrieved from /home/anhcu/Project/Stock_project/airflow_venv/lib/python3.8/site-packages/airflow/example_dags/example_trigger_target_dag.py
[2024-06-10 10:12:24,671] {logging_mixin.py:103} INFO - [2024-06-10 10:12:24,670] {dag.py:1813} INFO - Sync 1 DAGs
[2024-06-10 10:12:24,709] {logging_mixin.py:103} INFO - [2024-06-10 10:12:24,709] {dag.py:2266} INFO - Setting next_dagrun for example_trigger_target_dag to None
[2024-06-10 10:12:24,765] {scheduler_job.py:189} INFO - Processing /home/anhcu/Project/Stock_project/airflow_venv/lib/python3.8/site-packages/airflow/example_dags/example_trigger_target_dag.py took 0.159 seconds
[2024-06-10 10:12:54,068] {scheduler_job.py:181} INFO - Started process (PID=69237) to work on /home/anhcu/Project/Stock_project/airflow_venv/lib/python3.8/site-packages/airflow/example_dags/example_trigger_target_dag.py
[2024-06-10 10:12:54,069] {scheduler_job.py:629} INFO - Processing file /home/anhcu/Project/Stock_project/airflow_venv/lib/python3.8/site-packages/airflow/example_dags/example_trigger_target_dag.py for tasks to queue
[2024-06-10 10:12:54,070] {logging_mixin.py:103} INFO - [2024-06-10 10:12:54,070] {dagbag.py:440} INFO - Filling up the DagBag from /home/anhcu/Project/Stock_project/airflow_venv/lib/python3.8/site-packages/airflow/example_dags/example_trigger_target_dag.py
[2024-06-10 10:12:54,081] {scheduler_job.py:639} INFO - DAG(s) dict_keys(['example_trigger_target_dag']) retrieved from /home/anhcu/Project/Stock_project/airflow_venv/lib/python3.8/site-packages/airflow/example_dags/example_trigger_target_dag.py
[2024-06-10 10:12:54,082] {logging_mixin.py:103} INFO - [2024-06-10 10:12:54,082] {dag.py:1813} INFO - Sync 1 DAGs
[2024-06-10 10:12:54,098] {logging_mixin.py:103} INFO - [2024-06-10 10:12:54,097] {dag.py:2266} INFO - Setting next_dagrun for example_trigger_target_dag to None
[2024-06-10 10:12:54,111] {scheduler_job.py:189} INFO - Processing /home/anhcu/Project/Stock_project/airflow_venv/lib/python3.8/site-packages/airflow/example_dags/example_trigger_target_dag.py took 0.046 seconds
[2024-06-10 10:13:23,802] {scheduler_job.py:181} INFO - Started process (PID=69389) to work on /home/anhcu/Project/Stock_project/airflow_venv/lib/python3.8/site-packages/airflow/example_dags/example_trigger_target_dag.py
[2024-06-10 10:13:23,804] {scheduler_job.py:629} INFO - Processing file /home/anhcu/Project/Stock_project/airflow_venv/lib/python3.8/site-packages/airflow/example_dags/example_trigger_target_dag.py for tasks to queue
[2024-06-10 10:13:23,804] {logging_mixin.py:103} INFO - [2024-06-10 10:13:23,804] {dagbag.py:440} INFO - Filling up the DagBag from /home/anhcu/Project/Stock_project/airflow_venv/lib/python3.8/site-packages/airflow/example_dags/example_trigger_target_dag.py
[2024-06-10 10:13:23,815] {scheduler_job.py:639} INFO - DAG(s) dict_keys(['example_trigger_target_dag']) retrieved from /home/anhcu/Project/Stock_project/airflow_venv/lib/python3.8/site-packages/airflow/example_dags/example_trigger_target_dag.py
[2024-06-10 10:13:23,816] {logging_mixin.py:103} INFO - [2024-06-10 10:13:23,816] {dag.py:1813} INFO - Sync 1 DAGs
[2024-06-10 10:13:23,831] {logging_mixin.py:103} INFO - [2024-06-10 10:13:23,831] {dag.py:2266} INFO - Setting next_dagrun for example_trigger_target_dag to None
[2024-06-10 10:13:23,844] {scheduler_job.py:189} INFO - Processing /home/anhcu/Project/Stock_project/airflow_venv/lib/python3.8/site-packages/airflow/example_dags/example_trigger_target_dag.py took 0.046 seconds
[2024-06-10 10:13:52,330] {scheduler_job.py:181} INFO - Started process (PID=69509) to work on /home/anhcu/Project/Stock_project/airflow_venv/lib/python3.8/site-packages/airflow/example_dags/example_trigger_target_dag.py
[2024-06-10 10:13:52,332] {scheduler_job.py:629} INFO - Processing file /home/anhcu/Project/Stock_project/airflow_venv/lib/python3.8/site-packages/airflow/example_dags/example_trigger_target_dag.py for tasks to queue
[2024-06-10 10:13:52,333] {logging_mixin.py:103} INFO - [2024-06-10 10:13:52,333] {dagbag.py:440} INFO - Filling up the DagBag from /home/anhcu/Project/Stock_project/airflow_venv/lib/python3.8/site-packages/airflow/example_dags/example_trigger_target_dag.py
[2024-06-10 10:13:52,343] {scheduler_job.py:639} INFO - DAG(s) dict_keys(['example_trigger_target_dag']) retrieved from /home/anhcu/Project/Stock_project/airflow_venv/lib/python3.8/site-packages/airflow/example_dags/example_trigger_target_dag.py
[2024-06-10 10:13:52,344] {logging_mixin.py:103} INFO - [2024-06-10 10:13:52,344] {dag.py:1813} INFO - Sync 1 DAGs
[2024-06-10 10:13:52,359] {logging_mixin.py:103} INFO - [2024-06-10 10:13:52,359] {dag.py:2266} INFO - Setting next_dagrun for example_trigger_target_dag to None
[2024-06-10 10:13:52,372] {scheduler_job.py:189} INFO - Processing /home/anhcu/Project/Stock_project/airflow_venv/lib/python3.8/site-packages/airflow/example_dags/example_trigger_target_dag.py took 0.045 seconds
[2024-06-10 10:14:22,042] {scheduler_job.py:181} INFO - Started process (PID=69664) to work on /home/anhcu/Project/Stock_project/airflow_venv/lib/python3.8/site-packages/airflow/example_dags/example_trigger_target_dag.py
[2024-06-10 10:14:22,044] {scheduler_job.py:629} INFO - Processing file /home/anhcu/Project/Stock_project/airflow_venv/lib/python3.8/site-packages/airflow/example_dags/example_trigger_target_dag.py for tasks to queue
[2024-06-10 10:14:22,044] {logging_mixin.py:103} INFO - [2024-06-10 10:14:22,044] {dagbag.py:440} INFO - Filling up the DagBag from /home/anhcu/Project/Stock_project/airflow_venv/lib/python3.8/site-packages/airflow/example_dags/example_trigger_target_dag.py
[2024-06-10 10:14:22,055] {scheduler_job.py:639} INFO - DAG(s) dict_keys(['example_trigger_target_dag']) retrieved from /home/anhcu/Project/Stock_project/airflow_venv/lib/python3.8/site-packages/airflow/example_dags/example_trigger_target_dag.py
[2024-06-10 10:14:22,056] {logging_mixin.py:103} INFO - [2024-06-10 10:14:22,056] {dag.py:1813} INFO - Sync 1 DAGs
[2024-06-10 10:14:22,073] {logging_mixin.py:103} INFO - [2024-06-10 10:14:22,073] {dag.py:2266} INFO - Setting next_dagrun for example_trigger_target_dag to None
[2024-06-10 10:14:22,085] {scheduler_job.py:189} INFO - Processing /home/anhcu/Project/Stock_project/airflow_venv/lib/python3.8/site-packages/airflow/example_dags/example_trigger_target_dag.py took 0.045 seconds
[2024-06-10 10:15:36,414] {scheduler_job.py:181} INFO - Started process (PID=70124) to work on /home/anhcu/Project/Stock_project/airflow_venv/lib/python3.8/site-packages/airflow/example_dags/example_trigger_target_dag.py
[2024-06-10 10:15:36,415] {scheduler_job.py:629} INFO - Processing file /home/anhcu/Project/Stock_project/airflow_venv/lib/python3.8/site-packages/airflow/example_dags/example_trigger_target_dag.py for tasks to queue
[2024-06-10 10:15:36,416] {logging_mixin.py:103} INFO - [2024-06-10 10:15:36,416] {dagbag.py:440} INFO - Filling up the DagBag from /home/anhcu/Project/Stock_project/airflow_venv/lib/python3.8/site-packages/airflow/example_dags/example_trigger_target_dag.py
[2024-06-10 10:15:36,426] {scheduler_job.py:639} INFO - DAG(s) dict_keys(['example_trigger_target_dag']) retrieved from /home/anhcu/Project/Stock_project/airflow_venv/lib/python3.8/site-packages/airflow/example_dags/example_trigger_target_dag.py
[2024-06-10 10:15:36,427] {logging_mixin.py:103} INFO - [2024-06-10 10:15:36,427] {dag.py:1813} INFO - Sync 1 DAGs
[2024-06-10 10:15:36,445] {logging_mixin.py:103} INFO - [2024-06-10 10:15:36,445] {dag.py:2266} INFO - Setting next_dagrun for example_trigger_target_dag to None
[2024-06-10 10:15:36,459] {scheduler_job.py:189} INFO - Processing /home/anhcu/Project/Stock_project/airflow_venv/lib/python3.8/site-packages/airflow/example_dags/example_trigger_target_dag.py took 0.049 seconds
[2024-06-10 10:16:05,063] {scheduler_job.py:181} INFO - Started process (PID=70320) to work on /home/anhcu/Project/Stock_project/airflow_venv/lib/python3.8/site-packages/airflow/example_dags/example_trigger_target_dag.py
[2024-06-10 10:16:05,065] {scheduler_job.py:629} INFO - Processing file /home/anhcu/Project/Stock_project/airflow_venv/lib/python3.8/site-packages/airflow/example_dags/example_trigger_target_dag.py for tasks to queue
[2024-06-10 10:16:05,066] {logging_mixin.py:103} INFO - [2024-06-10 10:16:05,066] {dagbag.py:440} INFO - Filling up the DagBag from /home/anhcu/Project/Stock_project/airflow_venv/lib/python3.8/site-packages/airflow/example_dags/example_trigger_target_dag.py
[2024-06-10 10:16:05,080] {scheduler_job.py:639} INFO - DAG(s) dict_keys(['example_trigger_target_dag']) retrieved from /home/anhcu/Project/Stock_project/airflow_venv/lib/python3.8/site-packages/airflow/example_dags/example_trigger_target_dag.py
[2024-06-10 10:16:05,082] {logging_mixin.py:103} INFO - [2024-06-10 10:16:05,082] {dag.py:1813} INFO - Sync 1 DAGs
[2024-06-10 10:16:05,104] {logging_mixin.py:103} INFO - [2024-06-10 10:16:05,104] {dag.py:2266} INFO - Setting next_dagrun for example_trigger_target_dag to None
[2024-06-10 10:16:05,151] {scheduler_job.py:189} INFO - Processing /home/anhcu/Project/Stock_project/airflow_venv/lib/python3.8/site-packages/airflow/example_dags/example_trigger_target_dag.py took 0.093 seconds
[2024-06-10 10:16:35,191] {scheduler_job.py:181} INFO - Started process (PID=70513) to work on /home/anhcu/Project/Stock_project/airflow_venv/lib/python3.8/site-packages/airflow/example_dags/example_trigger_target_dag.py
[2024-06-10 10:16:35,193] {scheduler_job.py:629} INFO - Processing file /home/anhcu/Project/Stock_project/airflow_venv/lib/python3.8/site-packages/airflow/example_dags/example_trigger_target_dag.py for tasks to queue
[2024-06-10 10:16:35,193] {logging_mixin.py:103} INFO - [2024-06-10 10:16:35,193] {dagbag.py:440} INFO - Filling up the DagBag from /home/anhcu/Project/Stock_project/airflow_venv/lib/python3.8/site-packages/airflow/example_dags/example_trigger_target_dag.py
[2024-06-10 10:16:35,204] {scheduler_job.py:639} INFO - DAG(s) dict_keys(['example_trigger_target_dag']) retrieved from /home/anhcu/Project/Stock_project/airflow_venv/lib/python3.8/site-packages/airflow/example_dags/example_trigger_target_dag.py
[2024-06-10 10:16:35,205] {logging_mixin.py:103} INFO - [2024-06-10 10:16:35,205] {dag.py:1813} INFO - Sync 1 DAGs
[2024-06-10 10:16:35,219] {logging_mixin.py:103} INFO - [2024-06-10 10:16:35,219] {dag.py:2266} INFO - Setting next_dagrun for example_trigger_target_dag to None
[2024-06-10 10:16:35,232] {scheduler_job.py:189} INFO - Processing /home/anhcu/Project/Stock_project/airflow_venv/lib/python3.8/site-packages/airflow/example_dags/example_trigger_target_dag.py took 0.044 seconds
[2024-06-10 10:17:04,201] {scheduler_job.py:181} INFO - Started process (PID=70781) to work on /home/anhcu/Project/Stock_project/airflow_venv/lib/python3.8/site-packages/airflow/example_dags/example_trigger_target_dag.py
[2024-06-10 10:17:04,202] {scheduler_job.py:629} INFO - Processing file /home/anhcu/Project/Stock_project/airflow_venv/lib/python3.8/site-packages/airflow/example_dags/example_trigger_target_dag.py for tasks to queue
[2024-06-10 10:17:04,203] {logging_mixin.py:103} INFO - [2024-06-10 10:17:04,203] {dagbag.py:440} INFO - Filling up the DagBag from /home/anhcu/Project/Stock_project/airflow_venv/lib/python3.8/site-packages/airflow/example_dags/example_trigger_target_dag.py
[2024-06-10 10:17:04,216] {scheduler_job.py:639} INFO - DAG(s) dict_keys(['example_trigger_target_dag']) retrieved from /home/anhcu/Project/Stock_project/airflow_venv/lib/python3.8/site-packages/airflow/example_dags/example_trigger_target_dag.py
[2024-06-10 10:17:04,217] {logging_mixin.py:103} INFO - [2024-06-10 10:17:04,217] {dag.py:1813} INFO - Sync 1 DAGs
[2024-06-10 10:17:04,238] {logging_mixin.py:103} INFO - [2024-06-10 10:17:04,238] {dag.py:2266} INFO - Setting next_dagrun for example_trigger_target_dag to None
[2024-06-10 10:17:04,258] {scheduler_job.py:189} INFO - Processing /home/anhcu/Project/Stock_project/airflow_venv/lib/python3.8/site-packages/airflow/example_dags/example_trigger_target_dag.py took 0.061 seconds
[2024-06-10 10:17:34,982] {scheduler_job.py:181} INFO - Started process (PID=71010) to work on /home/anhcu/Project/Stock_project/airflow_venv/lib/python3.8/site-packages/airflow/example_dags/example_trigger_target_dag.py
[2024-06-10 10:17:34,983] {scheduler_job.py:629} INFO - Processing file /home/anhcu/Project/Stock_project/airflow_venv/lib/python3.8/site-packages/airflow/example_dags/example_trigger_target_dag.py for tasks to queue
[2024-06-10 10:17:34,984] {logging_mixin.py:103} INFO - [2024-06-10 10:17:34,984] {dagbag.py:440} INFO - Filling up the DagBag from /home/anhcu/Project/Stock_project/airflow_venv/lib/python3.8/site-packages/airflow/example_dags/example_trigger_target_dag.py
[2024-06-10 10:17:34,995] {scheduler_job.py:639} INFO - DAG(s) dict_keys(['example_trigger_target_dag']) retrieved from /home/anhcu/Project/Stock_project/airflow_venv/lib/python3.8/site-packages/airflow/example_dags/example_trigger_target_dag.py
[2024-06-10 10:17:34,996] {logging_mixin.py:103} INFO - [2024-06-10 10:17:34,996] {dag.py:1813} INFO - Sync 1 DAGs
[2024-06-10 10:17:35,014] {logging_mixin.py:103} INFO - [2024-06-10 10:17:35,014] {dag.py:2266} INFO - Setting next_dagrun for example_trigger_target_dag to None
[2024-06-10 10:17:35,025] {scheduler_job.py:189} INFO - Processing /home/anhcu/Project/Stock_project/airflow_venv/lib/python3.8/site-packages/airflow/example_dags/example_trigger_target_dag.py took 0.047 seconds
[2024-06-10 10:18:04,584] {scheduler_job.py:181} INFO - Started process (PID=71148) to work on /home/anhcu/Project/Stock_project/airflow_venv/lib/python3.8/site-packages/airflow/example_dags/example_trigger_target_dag.py
[2024-06-10 10:18:04,586] {scheduler_job.py:629} INFO - Processing file /home/anhcu/Project/Stock_project/airflow_venv/lib/python3.8/site-packages/airflow/example_dags/example_trigger_target_dag.py for tasks to queue
[2024-06-10 10:18:04,587] {logging_mixin.py:103} INFO - [2024-06-10 10:18:04,587] {dagbag.py:440} INFO - Filling up the DagBag from /home/anhcu/Project/Stock_project/airflow_venv/lib/python3.8/site-packages/airflow/example_dags/example_trigger_target_dag.py
[2024-06-10 10:18:04,597] {scheduler_job.py:639} INFO - DAG(s) dict_keys(['example_trigger_target_dag']) retrieved from /home/anhcu/Project/Stock_project/airflow_venv/lib/python3.8/site-packages/airflow/example_dags/example_trigger_target_dag.py
[2024-06-10 10:18:04,598] {logging_mixin.py:103} INFO - [2024-06-10 10:18:04,598] {dag.py:1813} INFO - Sync 1 DAGs
[2024-06-10 10:18:04,615] {logging_mixin.py:103} INFO - [2024-06-10 10:18:04,615] {dag.py:2266} INFO - Setting next_dagrun for example_trigger_target_dag to None
[2024-06-10 10:18:04,626] {scheduler_job.py:189} INFO - Processing /home/anhcu/Project/Stock_project/airflow_venv/lib/python3.8/site-packages/airflow/example_dags/example_trigger_target_dag.py took 0.045 seconds
[2024-06-10 10:18:36,746] {scheduler_job.py:181} INFO - Started process (PID=71633) to work on /home/anhcu/Project/Stock_project/airflow_venv/lib/python3.8/site-packages/airflow/example_dags/example_trigger_target_dag.py
[2024-06-10 10:18:36,753] {scheduler_job.py:629} INFO - Processing file /home/anhcu/Project/Stock_project/airflow_venv/lib/python3.8/site-packages/airflow/example_dags/example_trigger_target_dag.py for tasks to queue
[2024-06-10 10:18:36,754] {logging_mixin.py:103} INFO - [2024-06-10 10:18:36,754] {dagbag.py:440} INFO - Filling up the DagBag from /home/anhcu/Project/Stock_project/airflow_venv/lib/python3.8/site-packages/airflow/example_dags/example_trigger_target_dag.py
[2024-06-10 10:18:36,785] {scheduler_job.py:639} INFO - DAG(s) dict_keys(['example_trigger_target_dag']) retrieved from /home/anhcu/Project/Stock_project/airflow_venv/lib/python3.8/site-packages/airflow/example_dags/example_trigger_target_dag.py
[2024-06-10 10:18:36,791] {logging_mixin.py:103} INFO - [2024-06-10 10:18:36,790] {dag.py:1813} INFO - Sync 1 DAGs
[2024-06-10 10:18:36,850] {logging_mixin.py:103} INFO - [2024-06-10 10:18:36,849] {dag.py:2266} INFO - Setting next_dagrun for example_trigger_target_dag to None
[2024-06-10 10:18:36,867] {scheduler_job.py:189} INFO - Processing /home/anhcu/Project/Stock_project/airflow_venv/lib/python3.8/site-packages/airflow/example_dags/example_trigger_target_dag.py took 0.125 seconds
[2024-06-10 10:19:06,365] {scheduler_job.py:181} INFO - Started process (PID=71812) to work on /home/anhcu/Project/Stock_project/airflow_venv/lib/python3.8/site-packages/airflow/example_dags/example_trigger_target_dag.py
[2024-06-10 10:19:06,366] {scheduler_job.py:629} INFO - Processing file /home/anhcu/Project/Stock_project/airflow_venv/lib/python3.8/site-packages/airflow/example_dags/example_trigger_target_dag.py for tasks to queue
[2024-06-10 10:19:06,368] {logging_mixin.py:103} INFO - [2024-06-10 10:19:06,368] {dagbag.py:440} INFO - Filling up the DagBag from /home/anhcu/Project/Stock_project/airflow_venv/lib/python3.8/site-packages/airflow/example_dags/example_trigger_target_dag.py
[2024-06-10 10:19:06,378] {scheduler_job.py:639} INFO - DAG(s) dict_keys(['example_trigger_target_dag']) retrieved from /home/anhcu/Project/Stock_project/airflow_venv/lib/python3.8/site-packages/airflow/example_dags/example_trigger_target_dag.py
[2024-06-10 10:19:06,379] {logging_mixin.py:103} INFO - [2024-06-10 10:19:06,379] {dag.py:1813} INFO - Sync 1 DAGs
[2024-06-10 10:19:06,397] {logging_mixin.py:103} INFO - [2024-06-10 10:19:06,396] {dag.py:2266} INFO - Setting next_dagrun for example_trigger_target_dag to None
[2024-06-10 10:19:06,408] {scheduler_job.py:189} INFO - Processing /home/anhcu/Project/Stock_project/airflow_venv/lib/python3.8/site-packages/airflow/example_dags/example_trigger_target_dag.py took 0.046 seconds
[2024-06-10 10:19:46,331] {scheduler_job.py:181} INFO - Started process (PID=72167) to work on /home/anhcu/Project/Stock_project/airflow_venv/lib/python3.8/site-packages/airflow/example_dags/example_trigger_target_dag.py
[2024-06-10 10:19:46,332] {scheduler_job.py:629} INFO - Processing file /home/anhcu/Project/Stock_project/airflow_venv/lib/python3.8/site-packages/airflow/example_dags/example_trigger_target_dag.py for tasks to queue
[2024-06-10 10:19:46,333] {logging_mixin.py:103} INFO - [2024-06-10 10:19:46,333] {dagbag.py:440} INFO - Filling up the DagBag from /home/anhcu/Project/Stock_project/airflow_venv/lib/python3.8/site-packages/airflow/example_dags/example_trigger_target_dag.py
[2024-06-10 10:19:46,343] {scheduler_job.py:639} INFO - DAG(s) dict_keys(['example_trigger_target_dag']) retrieved from /home/anhcu/Project/Stock_project/airflow_venv/lib/python3.8/site-packages/airflow/example_dags/example_trigger_target_dag.py
[2024-06-10 10:19:46,344] {logging_mixin.py:103} INFO - [2024-06-10 10:19:46,344] {dag.py:1813} INFO - Sync 1 DAGs
[2024-06-10 10:19:46,360] {logging_mixin.py:103} INFO - [2024-06-10 10:19:46,360] {dag.py:2266} INFO - Setting next_dagrun for example_trigger_target_dag to None
[2024-06-10 10:19:46,371] {scheduler_job.py:189} INFO - Processing /home/anhcu/Project/Stock_project/airflow_venv/lib/python3.8/site-packages/airflow/example_dags/example_trigger_target_dag.py took 0.044 seconds
[2024-06-10 10:20:15,133] {scheduler_job.py:181} INFO - Started process (PID=72426) to work on /home/anhcu/Project/Stock_project/airflow_venv/lib/python3.8/site-packages/airflow/example_dags/example_trigger_target_dag.py
[2024-06-10 10:20:15,134] {scheduler_job.py:629} INFO - Processing file /home/anhcu/Project/Stock_project/airflow_venv/lib/python3.8/site-packages/airflow/example_dags/example_trigger_target_dag.py for tasks to queue
[2024-06-10 10:20:15,135] {logging_mixin.py:103} INFO - [2024-06-10 10:20:15,135] {dagbag.py:440} INFO - Filling up the DagBag from /home/anhcu/Project/Stock_project/airflow_venv/lib/python3.8/site-packages/airflow/example_dags/example_trigger_target_dag.py
[2024-06-10 10:20:15,145] {scheduler_job.py:639} INFO - DAG(s) dict_keys(['example_trigger_target_dag']) retrieved from /home/anhcu/Project/Stock_project/airflow_venv/lib/python3.8/site-packages/airflow/example_dags/example_trigger_target_dag.py
[2024-06-10 10:20:15,146] {logging_mixin.py:103} INFO - [2024-06-10 10:20:15,146] {dag.py:1813} INFO - Sync 1 DAGs
[2024-06-10 10:20:15,162] {logging_mixin.py:103} INFO - [2024-06-10 10:20:15,162] {dag.py:2266} INFO - Setting next_dagrun for example_trigger_target_dag to None
[2024-06-10 10:20:15,173] {scheduler_job.py:189} INFO - Processing /home/anhcu/Project/Stock_project/airflow_venv/lib/python3.8/site-packages/airflow/example_dags/example_trigger_target_dag.py took 0.043 seconds
[2024-06-10 10:20:46,011] {scheduler_job.py:181} INFO - Started process (PID=72654) to work on /home/anhcu/Project/Stock_project/airflow_venv/lib/python3.8/site-packages/airflow/example_dags/example_trigger_target_dag.py
[2024-06-10 10:20:46,012] {scheduler_job.py:629} INFO - Processing file /home/anhcu/Project/Stock_project/airflow_venv/lib/python3.8/site-packages/airflow/example_dags/example_trigger_target_dag.py for tasks to queue
[2024-06-10 10:20:46,013] {logging_mixin.py:103} INFO - [2024-06-10 10:20:46,013] {dagbag.py:440} INFO - Filling up the DagBag from /home/anhcu/Project/Stock_project/airflow_venv/lib/python3.8/site-packages/airflow/example_dags/example_trigger_target_dag.py
[2024-06-10 10:20:46,023] {scheduler_job.py:639} INFO - DAG(s) dict_keys(['example_trigger_target_dag']) retrieved from /home/anhcu/Project/Stock_project/airflow_venv/lib/python3.8/site-packages/airflow/example_dags/example_trigger_target_dag.py
[2024-06-10 10:20:46,024] {logging_mixin.py:103} INFO - [2024-06-10 10:20:46,024] {dag.py:1813} INFO - Sync 1 DAGs
[2024-06-10 10:20:46,040] {logging_mixin.py:103} INFO - [2024-06-10 10:20:46,040] {dag.py:2266} INFO - Setting next_dagrun for example_trigger_target_dag to None
[2024-06-10 10:20:46,052] {scheduler_job.py:189} INFO - Processing /home/anhcu/Project/Stock_project/airflow_venv/lib/python3.8/site-packages/airflow/example_dags/example_trigger_target_dag.py took 0.044 seconds
[2024-06-10 10:21:17,458] {scheduler_job.py:181} INFO - Started process (PID=72885) to work on /home/anhcu/Project/Stock_project/airflow_venv/lib/python3.8/site-packages/airflow/example_dags/example_trigger_target_dag.py
[2024-06-10 10:21:17,459] {scheduler_job.py:629} INFO - Processing file /home/anhcu/Project/Stock_project/airflow_venv/lib/python3.8/site-packages/airflow/example_dags/example_trigger_target_dag.py for tasks to queue
[2024-06-10 10:21:17,460] {logging_mixin.py:103} INFO - [2024-06-10 10:21:17,460] {dagbag.py:440} INFO - Filling up the DagBag from /home/anhcu/Project/Stock_project/airflow_venv/lib/python3.8/site-packages/airflow/example_dags/example_trigger_target_dag.py
[2024-06-10 10:21:17,472] {scheduler_job.py:639} INFO - DAG(s) dict_keys(['example_trigger_target_dag']) retrieved from /home/anhcu/Project/Stock_project/airflow_venv/lib/python3.8/site-packages/airflow/example_dags/example_trigger_target_dag.py
[2024-06-10 10:21:17,473] {logging_mixin.py:103} INFO - [2024-06-10 10:21:17,473] {dag.py:1813} INFO - Sync 1 DAGs
[2024-06-10 10:21:17,487] {logging_mixin.py:103} INFO - [2024-06-10 10:21:17,487] {dag.py:2266} INFO - Setting next_dagrun for example_trigger_target_dag to None
[2024-06-10 10:21:17,501] {scheduler_job.py:189} INFO - Processing /home/anhcu/Project/Stock_project/airflow_venv/lib/python3.8/site-packages/airflow/example_dags/example_trigger_target_dag.py took 0.046 seconds
[2024-06-10 10:21:47,848] {scheduler_job.py:181} INFO - Started process (PID=73040) to work on /home/anhcu/Project/Stock_project/airflow_venv/lib/python3.8/site-packages/airflow/example_dags/example_trigger_target_dag.py
[2024-06-10 10:21:47,849] {scheduler_job.py:629} INFO - Processing file /home/anhcu/Project/Stock_project/airflow_venv/lib/python3.8/site-packages/airflow/example_dags/example_trigger_target_dag.py for tasks to queue
[2024-06-10 10:21:47,850] {logging_mixin.py:103} INFO - [2024-06-10 10:21:47,850] {dagbag.py:440} INFO - Filling up the DagBag from /home/anhcu/Project/Stock_project/airflow_venv/lib/python3.8/site-packages/airflow/example_dags/example_trigger_target_dag.py
[2024-06-10 10:21:47,862] {scheduler_job.py:639} INFO - DAG(s) dict_keys(['example_trigger_target_dag']) retrieved from /home/anhcu/Project/Stock_project/airflow_venv/lib/python3.8/site-packages/airflow/example_dags/example_trigger_target_dag.py
[2024-06-10 10:21:47,863] {logging_mixin.py:103} INFO - [2024-06-10 10:21:47,863] {dag.py:1813} INFO - Sync 1 DAGs
[2024-06-10 10:21:47,878] {logging_mixin.py:103} INFO - [2024-06-10 10:21:47,878] {dag.py:2266} INFO - Setting next_dagrun for example_trigger_target_dag to None
[2024-06-10 10:21:47,890] {scheduler_job.py:189} INFO - Processing /home/anhcu/Project/Stock_project/airflow_venv/lib/python3.8/site-packages/airflow/example_dags/example_trigger_target_dag.py took 0.045 seconds
[2024-06-10 10:22:16,788] {scheduler_job.py:181} INFO - Started process (PID=73276) to work on /home/anhcu/Project/Stock_project/airflow_venv/lib/python3.8/site-packages/airflow/example_dags/example_trigger_target_dag.py
[2024-06-10 10:22:16,790] {scheduler_job.py:629} INFO - Processing file /home/anhcu/Project/Stock_project/airflow_venv/lib/python3.8/site-packages/airflow/example_dags/example_trigger_target_dag.py for tasks to queue
[2024-06-10 10:22:16,792] {logging_mixin.py:103} INFO - [2024-06-10 10:22:16,792] {dagbag.py:440} INFO - Filling up the DagBag from /home/anhcu/Project/Stock_project/airflow_venv/lib/python3.8/site-packages/airflow/example_dags/example_trigger_target_dag.py
[2024-06-10 10:22:16,804] {scheduler_job.py:639} INFO - DAG(s) dict_keys(['example_trigger_target_dag']) retrieved from /home/anhcu/Project/Stock_project/airflow_venv/lib/python3.8/site-packages/airflow/example_dags/example_trigger_target_dag.py
[2024-06-10 10:22:16,805] {logging_mixin.py:103} INFO - [2024-06-10 10:22:16,805] {dag.py:1813} INFO - Sync 1 DAGs
[2024-06-10 10:22:16,820] {logging_mixin.py:103} INFO - [2024-06-10 10:22:16,820] {dag.py:2266} INFO - Setting next_dagrun for example_trigger_target_dag to None
[2024-06-10 10:22:16,832] {scheduler_job.py:189} INFO - Processing /home/anhcu/Project/Stock_project/airflow_venv/lib/python3.8/site-packages/airflow/example_dags/example_trigger_target_dag.py took 0.048 seconds
[2024-06-10 10:22:45,178] {scheduler_job.py:181} INFO - Started process (PID=73431) to work on /home/anhcu/Project/Stock_project/airflow_venv/lib/python3.8/site-packages/airflow/example_dags/example_trigger_target_dag.py
[2024-06-10 10:22:45,180] {scheduler_job.py:629} INFO - Processing file /home/anhcu/Project/Stock_project/airflow_venv/lib/python3.8/site-packages/airflow/example_dags/example_trigger_target_dag.py for tasks to queue
[2024-06-10 10:22:45,181] {logging_mixin.py:103} INFO - [2024-06-10 10:22:45,181] {dagbag.py:440} INFO - Filling up the DagBag from /home/anhcu/Project/Stock_project/airflow_venv/lib/python3.8/site-packages/airflow/example_dags/example_trigger_target_dag.py
[2024-06-10 10:22:45,197] {scheduler_job.py:639} INFO - DAG(s) dict_keys(['example_trigger_target_dag']) retrieved from /home/anhcu/Project/Stock_project/airflow_venv/lib/python3.8/site-packages/airflow/example_dags/example_trigger_target_dag.py
[2024-06-10 10:22:45,198] {logging_mixin.py:103} INFO - [2024-06-10 10:22:45,198] {dag.py:1813} INFO - Sync 1 DAGs
[2024-06-10 10:22:45,215] {logging_mixin.py:103} INFO - [2024-06-10 10:22:45,215] {dag.py:2266} INFO - Setting next_dagrun for example_trigger_target_dag to None
[2024-06-10 10:22:45,228] {scheduler_job.py:189} INFO - Processing /home/anhcu/Project/Stock_project/airflow_venv/lib/python3.8/site-packages/airflow/example_dags/example_trigger_target_dag.py took 0.055 seconds
[2024-06-10 10:23:12,516] {scheduler_job.py:181} INFO - Started process (PID=73640) to work on /home/anhcu/Project/Stock_project/airflow_venv/lib/python3.8/site-packages/airflow/example_dags/example_trigger_target_dag.py
[2024-06-10 10:23:12,518] {scheduler_job.py:629} INFO - Processing file /home/anhcu/Project/Stock_project/airflow_venv/lib/python3.8/site-packages/airflow/example_dags/example_trigger_target_dag.py for tasks to queue
[2024-06-10 10:23:12,519] {logging_mixin.py:103} INFO - [2024-06-10 10:23:12,519] {dagbag.py:440} INFO - Filling up the DagBag from /home/anhcu/Project/Stock_project/airflow_venv/lib/python3.8/site-packages/airflow/example_dags/example_trigger_target_dag.py
[2024-06-10 10:23:12,532] {scheduler_job.py:639} INFO - DAG(s) dict_keys(['example_trigger_target_dag']) retrieved from /home/anhcu/Project/Stock_project/airflow_venv/lib/python3.8/site-packages/airflow/example_dags/example_trigger_target_dag.py
[2024-06-10 10:23:12,533] {logging_mixin.py:103} INFO - [2024-06-10 10:23:12,533] {dag.py:1813} INFO - Sync 1 DAGs
[2024-06-10 10:23:12,549] {logging_mixin.py:103} INFO - [2024-06-10 10:23:12,549] {dag.py:2266} INFO - Setting next_dagrun for example_trigger_target_dag to None
[2024-06-10 10:23:12,562] {scheduler_job.py:189} INFO - Processing /home/anhcu/Project/Stock_project/airflow_venv/lib/python3.8/site-packages/airflow/example_dags/example_trigger_target_dag.py took 0.050 seconds
[2024-06-10 10:24:04,437] {scheduler_job.py:181} INFO - Started process (PID=74330) to work on /home/anhcu/Project/Stock_project/airflow_venv/lib/python3.8/site-packages/airflow/example_dags/example_trigger_target_dag.py
[2024-06-10 10:24:04,441] {scheduler_job.py:629} INFO - Processing file /home/anhcu/Project/Stock_project/airflow_venv/lib/python3.8/site-packages/airflow/example_dags/example_trigger_target_dag.py for tasks to queue
[2024-06-10 10:24:04,442] {logging_mixin.py:103} INFO - [2024-06-10 10:24:04,442] {dagbag.py:440} INFO - Filling up the DagBag from /home/anhcu/Project/Stock_project/airflow_venv/lib/python3.8/site-packages/airflow/example_dags/example_trigger_target_dag.py
[2024-06-10 10:24:04,459] {scheduler_job.py:639} INFO - DAG(s) dict_keys(['example_trigger_target_dag']) retrieved from /home/anhcu/Project/Stock_project/airflow_venv/lib/python3.8/site-packages/airflow/example_dags/example_trigger_target_dag.py
[2024-06-10 10:24:04,460] {logging_mixin.py:103} INFO - [2024-06-10 10:24:04,460] {dag.py:1813} INFO - Sync 1 DAGs
[2024-06-10 10:24:04,479] {logging_mixin.py:103} INFO - [2024-06-10 10:24:04,479] {dag.py:2266} INFO - Setting next_dagrun for example_trigger_target_dag to None
[2024-06-10 10:24:04,497] {scheduler_job.py:189} INFO - Processing /home/anhcu/Project/Stock_project/airflow_venv/lib/python3.8/site-packages/airflow/example_dags/example_trigger_target_dag.py took 0.063 seconds
[2024-06-10 10:24:35,346] {scheduler_job.py:181} INFO - Started process (PID=74596) to work on /home/anhcu/Project/Stock_project/airflow_venv/lib/python3.8/site-packages/airflow/example_dags/example_trigger_target_dag.py
[2024-06-10 10:24:35,348] {scheduler_job.py:629} INFO - Processing file /home/anhcu/Project/Stock_project/airflow_venv/lib/python3.8/site-packages/airflow/example_dags/example_trigger_target_dag.py for tasks to queue
[2024-06-10 10:24:35,349] {logging_mixin.py:103} INFO - [2024-06-10 10:24:35,348] {dagbag.py:440} INFO - Filling up the DagBag from /home/anhcu/Project/Stock_project/airflow_venv/lib/python3.8/site-packages/airflow/example_dags/example_trigger_target_dag.py
[2024-06-10 10:24:35,362] {scheduler_job.py:639} INFO - DAG(s) dict_keys(['example_trigger_target_dag']) retrieved from /home/anhcu/Project/Stock_project/airflow_venv/lib/python3.8/site-packages/airflow/example_dags/example_trigger_target_dag.py
[2024-06-10 10:24:35,363] {logging_mixin.py:103} INFO - [2024-06-10 10:24:35,363] {dag.py:1813} INFO - Sync 1 DAGs
[2024-06-10 10:24:35,384] {logging_mixin.py:103} INFO - [2024-06-10 10:24:35,384] {dag.py:2266} INFO - Setting next_dagrun for example_trigger_target_dag to None
[2024-06-10 10:24:35,402] {scheduler_job.py:189} INFO - Processing /home/anhcu/Project/Stock_project/airflow_venv/lib/python3.8/site-packages/airflow/example_dags/example_trigger_target_dag.py took 0.060 seconds
[2024-06-10 10:25:07,507] {scheduler_job.py:181} INFO - Started process (PID=75119) to work on /home/anhcu/Project/Stock_project/airflow_venv/lib/python3.8/site-packages/airflow/example_dags/example_trigger_target_dag.py
[2024-06-10 10:25:07,509] {scheduler_job.py:629} INFO - Processing file /home/anhcu/Project/Stock_project/airflow_venv/lib/python3.8/site-packages/airflow/example_dags/example_trigger_target_dag.py for tasks to queue
[2024-06-10 10:25:07,510] {logging_mixin.py:103} INFO - [2024-06-10 10:25:07,510] {dagbag.py:440} INFO - Filling up the DagBag from /home/anhcu/Project/Stock_project/airflow_venv/lib/python3.8/site-packages/airflow/example_dags/example_trigger_target_dag.py
[2024-06-10 10:25:07,526] {scheduler_job.py:639} INFO - DAG(s) dict_keys(['example_trigger_target_dag']) retrieved from /home/anhcu/Project/Stock_project/airflow_venv/lib/python3.8/site-packages/airflow/example_dags/example_trigger_target_dag.py
[2024-06-10 10:25:07,528] {logging_mixin.py:103} INFO - [2024-06-10 10:25:07,528] {dag.py:1813} INFO - Sync 1 DAGs
[2024-06-10 10:25:07,550] {logging_mixin.py:103} INFO - [2024-06-10 10:25:07,550] {dag.py:2266} INFO - Setting next_dagrun for example_trigger_target_dag to None
[2024-06-10 10:25:07,568] {scheduler_job.py:189} INFO - Processing /home/anhcu/Project/Stock_project/airflow_venv/lib/python3.8/site-packages/airflow/example_dags/example_trigger_target_dag.py took 0.066 seconds
[2024-06-10 10:25:37,248] {scheduler_job.py:181} INFO - Started process (PID=75404) to work on /home/anhcu/Project/Stock_project/airflow_venv/lib/python3.8/site-packages/airflow/example_dags/example_trigger_target_dag.py
[2024-06-10 10:25:37,251] {scheduler_job.py:629} INFO - Processing file /home/anhcu/Project/Stock_project/airflow_venv/lib/python3.8/site-packages/airflow/example_dags/example_trigger_target_dag.py for tasks to queue
[2024-06-10 10:25:37,252] {logging_mixin.py:103} INFO - [2024-06-10 10:25:37,252] {dagbag.py:440} INFO - Filling up the DagBag from /home/anhcu/Project/Stock_project/airflow_venv/lib/python3.8/site-packages/airflow/example_dags/example_trigger_target_dag.py
[2024-06-10 10:25:37,267] {scheduler_job.py:639} INFO - DAG(s) dict_keys(['example_trigger_target_dag']) retrieved from /home/anhcu/Project/Stock_project/airflow_venv/lib/python3.8/site-packages/airflow/example_dags/example_trigger_target_dag.py
[2024-06-10 10:25:37,268] {logging_mixin.py:103} INFO - [2024-06-10 10:25:37,268] {dag.py:1813} INFO - Sync 1 DAGs
[2024-06-10 10:25:37,289] {logging_mixin.py:103} INFO - [2024-06-10 10:25:37,289] {dag.py:2266} INFO - Setting next_dagrun for example_trigger_target_dag to None
[2024-06-10 10:25:37,300] {scheduler_job.py:189} INFO - Processing /home/anhcu/Project/Stock_project/airflow_venv/lib/python3.8/site-packages/airflow/example_dags/example_trigger_target_dag.py took 0.056 seconds
[2024-06-10 10:26:07,474] {scheduler_job.py:181} INFO - Started process (PID=75660) to work on /home/anhcu/Project/Stock_project/airflow_venv/lib/python3.8/site-packages/airflow/example_dags/example_trigger_target_dag.py
[2024-06-10 10:26:07,476] {scheduler_job.py:629} INFO - Processing file /home/anhcu/Project/Stock_project/airflow_venv/lib/python3.8/site-packages/airflow/example_dags/example_trigger_target_dag.py for tasks to queue
[2024-06-10 10:26:07,477] {logging_mixin.py:103} INFO - [2024-06-10 10:26:07,477] {dagbag.py:440} INFO - Filling up the DagBag from /home/anhcu/Project/Stock_project/airflow_venv/lib/python3.8/site-packages/airflow/example_dags/example_trigger_target_dag.py
[2024-06-10 10:26:07,493] {scheduler_job.py:639} INFO - DAG(s) dict_keys(['example_trigger_target_dag']) retrieved from /home/anhcu/Project/Stock_project/airflow_venv/lib/python3.8/site-packages/airflow/example_dags/example_trigger_target_dag.py
[2024-06-10 10:26:07,494] {logging_mixin.py:103} INFO - [2024-06-10 10:26:07,494] {dag.py:1813} INFO - Sync 1 DAGs
[2024-06-10 10:26:07,516] {logging_mixin.py:103} INFO - [2024-06-10 10:26:07,516] {dag.py:2266} INFO - Setting next_dagrun for example_trigger_target_dag to None
[2024-06-10 10:26:07,532] {scheduler_job.py:189} INFO - Processing /home/anhcu/Project/Stock_project/airflow_venv/lib/python3.8/site-packages/airflow/example_dags/example_trigger_target_dag.py took 0.065 seconds
[2024-06-10 10:26:33,599] {scheduler_job.py:181} INFO - Started process (PID=75809) to work on /home/anhcu/Project/Stock_project/airflow_venv/lib/python3.8/site-packages/airflow/example_dags/example_trigger_target_dag.py
[2024-06-10 10:26:33,602] {scheduler_job.py:629} INFO - Processing file /home/anhcu/Project/Stock_project/airflow_venv/lib/python3.8/site-packages/airflow/example_dags/example_trigger_target_dag.py for tasks to queue
[2024-06-10 10:26:33,603] {logging_mixin.py:103} INFO - [2024-06-10 10:26:33,603] {dagbag.py:440} INFO - Filling up the DagBag from /home/anhcu/Project/Stock_project/airflow_venv/lib/python3.8/site-packages/airflow/example_dags/example_trigger_target_dag.py
[2024-06-10 10:26:33,614] {scheduler_job.py:639} INFO - DAG(s) dict_keys(['example_trigger_target_dag']) retrieved from /home/anhcu/Project/Stock_project/airflow_venv/lib/python3.8/site-packages/airflow/example_dags/example_trigger_target_dag.py
[2024-06-10 10:26:33,615] {logging_mixin.py:103} INFO - [2024-06-10 10:26:33,615] {dag.py:1813} INFO - Sync 1 DAGs
[2024-06-10 10:26:33,634] {logging_mixin.py:103} INFO - [2024-06-10 10:26:33,634] {dag.py:2266} INFO - Setting next_dagrun for example_trigger_target_dag to None
[2024-06-10 10:26:33,646] {scheduler_job.py:189} INFO - Processing /home/anhcu/Project/Stock_project/airflow_venv/lib/python3.8/site-packages/airflow/example_dags/example_trigger_target_dag.py took 0.051 seconds
[2024-06-10 10:27:01,227] {scheduler_job.py:181} INFO - Started process (PID=75965) to work on /home/anhcu/Project/Stock_project/airflow_venv/lib/python3.8/site-packages/airflow/example_dags/example_trigger_target_dag.py
[2024-06-10 10:27:01,229] {scheduler_job.py:629} INFO - Processing file /home/anhcu/Project/Stock_project/airflow_venv/lib/python3.8/site-packages/airflow/example_dags/example_trigger_target_dag.py for tasks to queue
[2024-06-10 10:27:01,230] {logging_mixin.py:103} INFO - [2024-06-10 10:27:01,230] {dagbag.py:440} INFO - Filling up the DagBag from /home/anhcu/Project/Stock_project/airflow_venv/lib/python3.8/site-packages/airflow/example_dags/example_trigger_target_dag.py
[2024-06-10 10:27:01,241] {scheduler_job.py:639} INFO - DAG(s) dict_keys(['example_trigger_target_dag']) retrieved from /home/anhcu/Project/Stock_project/airflow_venv/lib/python3.8/site-packages/airflow/example_dags/example_trigger_target_dag.py
[2024-06-10 10:27:01,242] {logging_mixin.py:103} INFO - [2024-06-10 10:27:01,242] {dag.py:1813} INFO - Sync 1 DAGs
[2024-06-10 10:27:01,257] {logging_mixin.py:103} INFO - [2024-06-10 10:27:01,257] {dag.py:2266} INFO - Setting next_dagrun for example_trigger_target_dag to None
[2024-06-10 10:27:01,269] {scheduler_job.py:189} INFO - Processing /home/anhcu/Project/Stock_project/airflow_venv/lib/python3.8/site-packages/airflow/example_dags/example_trigger_target_dag.py took 0.046 seconds
[2024-06-10 10:27:29,286] {scheduler_job.py:181} INFO - Started process (PID=76117) to work on /home/anhcu/Project/Stock_project/airflow_venv/lib/python3.8/site-packages/airflow/example_dags/example_trigger_target_dag.py
[2024-06-10 10:27:29,287] {scheduler_job.py:629} INFO - Processing file /home/anhcu/Project/Stock_project/airflow_venv/lib/python3.8/site-packages/airflow/example_dags/example_trigger_target_dag.py for tasks to queue
[2024-06-10 10:27:29,288] {logging_mixin.py:103} INFO - [2024-06-10 10:27:29,288] {dagbag.py:440} INFO - Filling up the DagBag from /home/anhcu/Project/Stock_project/airflow_venv/lib/python3.8/site-packages/airflow/example_dags/example_trigger_target_dag.py
[2024-06-10 10:27:29,302] {scheduler_job.py:639} INFO - DAG(s) dict_keys(['example_trigger_target_dag']) retrieved from /home/anhcu/Project/Stock_project/airflow_venv/lib/python3.8/site-packages/airflow/example_dags/example_trigger_target_dag.py
[2024-06-10 10:27:29,303] {logging_mixin.py:103} INFO - [2024-06-10 10:27:29,303] {dag.py:1813} INFO - Sync 1 DAGs
[2024-06-10 10:27:29,320] {logging_mixin.py:103} INFO - [2024-06-10 10:27:29,320] {dag.py:2266} INFO - Setting next_dagrun for example_trigger_target_dag to None
[2024-06-10 10:27:29,331] {scheduler_job.py:189} INFO - Processing /home/anhcu/Project/Stock_project/airflow_venv/lib/python3.8/site-packages/airflow/example_dags/example_trigger_target_dag.py took 0.048 seconds
[2024-06-10 10:27:58,683] {scheduler_job.py:181} INFO - Started process (PID=76274) to work on /home/anhcu/Project/Stock_project/airflow_venv/lib/python3.8/site-packages/airflow/example_dags/example_trigger_target_dag.py
[2024-06-10 10:27:58,685] {scheduler_job.py:629} INFO - Processing file /home/anhcu/Project/Stock_project/airflow_venv/lib/python3.8/site-packages/airflow/example_dags/example_trigger_target_dag.py for tasks to queue
[2024-06-10 10:27:58,685] {logging_mixin.py:103} INFO - [2024-06-10 10:27:58,685] {dagbag.py:440} INFO - Filling up the DagBag from /home/anhcu/Project/Stock_project/airflow_venv/lib/python3.8/site-packages/airflow/example_dags/example_trigger_target_dag.py
[2024-06-10 10:27:58,696] {scheduler_job.py:639} INFO - DAG(s) dict_keys(['example_trigger_target_dag']) retrieved from /home/anhcu/Project/Stock_project/airflow_venv/lib/python3.8/site-packages/airflow/example_dags/example_trigger_target_dag.py
[2024-06-10 10:27:58,697] {logging_mixin.py:103} INFO - [2024-06-10 10:27:58,697] {dag.py:1813} INFO - Sync 1 DAGs
[2024-06-10 10:27:58,712] {logging_mixin.py:103} INFO - [2024-06-10 10:27:58,712] {dag.py:2266} INFO - Setting next_dagrun for example_trigger_target_dag to None
[2024-06-10 10:27:58,723] {scheduler_job.py:189} INFO - Processing /home/anhcu/Project/Stock_project/airflow_venv/lib/python3.8/site-packages/airflow/example_dags/example_trigger_target_dag.py took 0.044 seconds
[2024-06-10 10:28:25,905] {scheduler_job.py:181} INFO - Started process (PID=76426) to work on /home/anhcu/Project/Stock_project/airflow_venv/lib/python3.8/site-packages/airflow/example_dags/example_trigger_target_dag.py
[2024-06-10 10:28:25,907] {scheduler_job.py:629} INFO - Processing file /home/anhcu/Project/Stock_project/airflow_venv/lib/python3.8/site-packages/airflow/example_dags/example_trigger_target_dag.py for tasks to queue
[2024-06-10 10:28:25,908] {logging_mixin.py:103} INFO - [2024-06-10 10:28:25,908] {dagbag.py:440} INFO - Filling up the DagBag from /home/anhcu/Project/Stock_project/airflow_venv/lib/python3.8/site-packages/airflow/example_dags/example_trigger_target_dag.py
[2024-06-10 10:28:25,922] {scheduler_job.py:639} INFO - DAG(s) dict_keys(['example_trigger_target_dag']) retrieved from /home/anhcu/Project/Stock_project/airflow_venv/lib/python3.8/site-packages/airflow/example_dags/example_trigger_target_dag.py
[2024-06-10 10:28:25,923] {logging_mixin.py:103} INFO - [2024-06-10 10:28:25,923] {dag.py:1813} INFO - Sync 1 DAGs
[2024-06-10 10:28:25,938] {logging_mixin.py:103} INFO - [2024-06-10 10:28:25,938] {dag.py:2266} INFO - Setting next_dagrun for example_trigger_target_dag to None
[2024-06-10 10:28:25,949] {scheduler_job.py:189} INFO - Processing /home/anhcu/Project/Stock_project/airflow_venv/lib/python3.8/site-packages/airflow/example_dags/example_trigger_target_dag.py took 0.049 seconds
[2024-06-10 10:28:53,218] {scheduler_job.py:181} INFO - Started process (PID=76580) to work on /home/anhcu/Project/Stock_project/airflow_venv/lib/python3.8/site-packages/airflow/example_dags/example_trigger_target_dag.py
[2024-06-10 10:28:53,220] {scheduler_job.py:629} INFO - Processing file /home/anhcu/Project/Stock_project/airflow_venv/lib/python3.8/site-packages/airflow/example_dags/example_trigger_target_dag.py for tasks to queue
[2024-06-10 10:28:53,221] {logging_mixin.py:103} INFO - [2024-06-10 10:28:53,221] {dagbag.py:440} INFO - Filling up the DagBag from /home/anhcu/Project/Stock_project/airflow_venv/lib/python3.8/site-packages/airflow/example_dags/example_trigger_target_dag.py
[2024-06-10 10:28:53,233] {scheduler_job.py:639} INFO - DAG(s) dict_keys(['example_trigger_target_dag']) retrieved from /home/anhcu/Project/Stock_project/airflow_venv/lib/python3.8/site-packages/airflow/example_dags/example_trigger_target_dag.py
[2024-06-10 10:28:53,234] {logging_mixin.py:103} INFO - [2024-06-10 10:28:53,234] {dag.py:1813} INFO - Sync 1 DAGs
[2024-06-10 10:28:53,252] {logging_mixin.py:103} INFO - [2024-06-10 10:28:53,252] {dag.py:2266} INFO - Setting next_dagrun for example_trigger_target_dag to None
[2024-06-10 10:28:53,264] {scheduler_job.py:189} INFO - Processing /home/anhcu/Project/Stock_project/airflow_venv/lib/python3.8/site-packages/airflow/example_dags/example_trigger_target_dag.py took 0.051 seconds
[2024-06-10 10:29:20,430] {scheduler_job.py:181} INFO - Started process (PID=76791) to work on /home/anhcu/Project/Stock_project/airflow_venv/lib/python3.8/site-packages/airflow/example_dags/example_trigger_target_dag.py
[2024-06-10 10:29:20,431] {scheduler_job.py:629} INFO - Processing file /home/anhcu/Project/Stock_project/airflow_venv/lib/python3.8/site-packages/airflow/example_dags/example_trigger_target_dag.py for tasks to queue
[2024-06-10 10:29:20,433] {logging_mixin.py:103} INFO - [2024-06-10 10:29:20,433] {dagbag.py:440} INFO - Filling up the DagBag from /home/anhcu/Project/Stock_project/airflow_venv/lib/python3.8/site-packages/airflow/example_dags/example_trigger_target_dag.py
[2024-06-10 10:29:20,445] {scheduler_job.py:639} INFO - DAG(s) dict_keys(['example_trigger_target_dag']) retrieved from /home/anhcu/Project/Stock_project/airflow_venv/lib/python3.8/site-packages/airflow/example_dags/example_trigger_target_dag.py
[2024-06-10 10:29:20,446] {logging_mixin.py:103} INFO - [2024-06-10 10:29:20,446] {dag.py:1813} INFO - Sync 1 DAGs
[2024-06-10 10:29:20,461] {logging_mixin.py:103} INFO - [2024-06-10 10:29:20,461] {dag.py:2266} INFO - Setting next_dagrun for example_trigger_target_dag to None
[2024-06-10 10:29:20,472] {scheduler_job.py:189} INFO - Processing /home/anhcu/Project/Stock_project/airflow_venv/lib/python3.8/site-packages/airflow/example_dags/example_trigger_target_dag.py took 0.046 seconds
[2024-06-10 10:29:48,790] {scheduler_job.py:181} INFO - Started process (PID=76929) to work on /home/anhcu/Project/Stock_project/airflow_venv/lib/python3.8/site-packages/airflow/example_dags/example_trigger_target_dag.py
[2024-06-10 10:29:48,792] {scheduler_job.py:629} INFO - Processing file /home/anhcu/Project/Stock_project/airflow_venv/lib/python3.8/site-packages/airflow/example_dags/example_trigger_target_dag.py for tasks to queue
[2024-06-10 10:29:48,793] {logging_mixin.py:103} INFO - [2024-06-10 10:29:48,793] {dagbag.py:440} INFO - Filling up the DagBag from /home/anhcu/Project/Stock_project/airflow_venv/lib/python3.8/site-packages/airflow/example_dags/example_trigger_target_dag.py
[2024-06-10 10:29:48,805] {scheduler_job.py:639} INFO - DAG(s) dict_keys(['example_trigger_target_dag']) retrieved from /home/anhcu/Project/Stock_project/airflow_venv/lib/python3.8/site-packages/airflow/example_dags/example_trigger_target_dag.py
[2024-06-10 10:29:48,807] {logging_mixin.py:103} INFO - [2024-06-10 10:29:48,807] {dag.py:1813} INFO - Sync 1 DAGs
[2024-06-10 10:29:48,825] {logging_mixin.py:103} INFO - [2024-06-10 10:29:48,825] {dag.py:2266} INFO - Setting next_dagrun for example_trigger_target_dag to None
[2024-06-10 10:29:48,837] {scheduler_job.py:189} INFO - Processing /home/anhcu/Project/Stock_project/airflow_venv/lib/python3.8/site-packages/airflow/example_dags/example_trigger_target_dag.py took 0.052 seconds
[2024-06-10 10:30:15,762] {scheduler_job.py:181} INFO - Started process (PID=77045) to work on /home/anhcu/Project/Stock_project/airflow_venv/lib/python3.8/site-packages/airflow/example_dags/example_trigger_target_dag.py
[2024-06-10 10:30:15,764] {scheduler_job.py:629} INFO - Processing file /home/anhcu/Project/Stock_project/airflow_venv/lib/python3.8/site-packages/airflow/example_dags/example_trigger_target_dag.py for tasks to queue
[2024-06-10 10:30:15,765] {logging_mixin.py:103} INFO - [2024-06-10 10:30:15,764] {dagbag.py:440} INFO - Filling up the DagBag from /home/anhcu/Project/Stock_project/airflow_venv/lib/python3.8/site-packages/airflow/example_dags/example_trigger_target_dag.py
[2024-06-10 10:30:15,775] {scheduler_job.py:639} INFO - DAG(s) dict_keys(['example_trigger_target_dag']) retrieved from /home/anhcu/Project/Stock_project/airflow_venv/lib/python3.8/site-packages/airflow/example_dags/example_trigger_target_dag.py
[2024-06-10 10:30:15,777] {logging_mixin.py:103} INFO - [2024-06-10 10:30:15,777] {dag.py:1813} INFO - Sync 1 DAGs
[2024-06-10 10:30:15,793] {logging_mixin.py:103} INFO - [2024-06-10 10:30:15,793] {dag.py:2266} INFO - Setting next_dagrun for example_trigger_target_dag to None
[2024-06-10 10:30:15,805] {scheduler_job.py:189} INFO - Processing /home/anhcu/Project/Stock_project/airflow_venv/lib/python3.8/site-packages/airflow/example_dags/example_trigger_target_dag.py took 0.047 seconds
[2024-06-10 10:30:43,373] {scheduler_job.py:181} INFO - Started process (PID=77205) to work on /home/anhcu/Project/Stock_project/airflow_venv/lib/python3.8/site-packages/airflow/example_dags/example_trigger_target_dag.py
[2024-06-10 10:30:43,376] {scheduler_job.py:629} INFO - Processing file /home/anhcu/Project/Stock_project/airflow_venv/lib/python3.8/site-packages/airflow/example_dags/example_trigger_target_dag.py for tasks to queue
[2024-06-10 10:30:43,377] {logging_mixin.py:103} INFO - [2024-06-10 10:30:43,377] {dagbag.py:440} INFO - Filling up the DagBag from /home/anhcu/Project/Stock_project/airflow_venv/lib/python3.8/site-packages/airflow/example_dags/example_trigger_target_dag.py
[2024-06-10 10:30:43,392] {scheduler_job.py:639} INFO - DAG(s) dict_keys(['example_trigger_target_dag']) retrieved from /home/anhcu/Project/Stock_project/airflow_venv/lib/python3.8/site-packages/airflow/example_dags/example_trigger_target_dag.py
[2024-06-10 10:30:43,393] {logging_mixin.py:103} INFO - [2024-06-10 10:30:43,393] {dag.py:1813} INFO - Sync 1 DAGs
[2024-06-10 10:30:43,414] {logging_mixin.py:103} INFO - [2024-06-10 10:30:43,414] {dag.py:2266} INFO - Setting next_dagrun for example_trigger_target_dag to None
[2024-06-10 10:30:43,431] {scheduler_job.py:189} INFO - Processing /home/anhcu/Project/Stock_project/airflow_venv/lib/python3.8/site-packages/airflow/example_dags/example_trigger_target_dag.py took 0.066 seconds
[2024-06-10 10:31:10,674] {scheduler_job.py:181} INFO - Started process (PID=77323) to work on /home/anhcu/Project/Stock_project/airflow_venv/lib/python3.8/site-packages/airflow/example_dags/example_trigger_target_dag.py
[2024-06-10 10:31:10,676] {scheduler_job.py:629} INFO - Processing file /home/anhcu/Project/Stock_project/airflow_venv/lib/python3.8/site-packages/airflow/example_dags/example_trigger_target_dag.py for tasks to queue
[2024-06-10 10:31:10,677] {logging_mixin.py:103} INFO - [2024-06-10 10:31:10,677] {dagbag.py:440} INFO - Filling up the DagBag from /home/anhcu/Project/Stock_project/airflow_venv/lib/python3.8/site-packages/airflow/example_dags/example_trigger_target_dag.py
[2024-06-10 10:31:10,688] {scheduler_job.py:639} INFO - DAG(s) dict_keys(['example_trigger_target_dag']) retrieved from /home/anhcu/Project/Stock_project/airflow_venv/lib/python3.8/site-packages/airflow/example_dags/example_trigger_target_dag.py
[2024-06-10 10:31:10,689] {logging_mixin.py:103} INFO - [2024-06-10 10:31:10,689] {dag.py:1813} INFO - Sync 1 DAGs
[2024-06-10 10:31:10,706] {logging_mixin.py:103} INFO - [2024-06-10 10:31:10,706] {dag.py:2266} INFO - Setting next_dagrun for example_trigger_target_dag to None
[2024-06-10 10:31:10,720] {scheduler_job.py:189} INFO - Processing /home/anhcu/Project/Stock_project/airflow_venv/lib/python3.8/site-packages/airflow/example_dags/example_trigger_target_dag.py took 0.050 seconds
[2024-06-10 10:31:37,891] {scheduler_job.py:181} INFO - Started process (PID=77479) to work on /home/anhcu/Project/Stock_project/airflow_venv/lib/python3.8/site-packages/airflow/example_dags/example_trigger_target_dag.py
[2024-06-10 10:31:37,894] {scheduler_job.py:629} INFO - Processing file /home/anhcu/Project/Stock_project/airflow_venv/lib/python3.8/site-packages/airflow/example_dags/example_trigger_target_dag.py for tasks to queue
[2024-06-10 10:31:37,895] {logging_mixin.py:103} INFO - [2024-06-10 10:31:37,895] {dagbag.py:440} INFO - Filling up the DagBag from /home/anhcu/Project/Stock_project/airflow_venv/lib/python3.8/site-packages/airflow/example_dags/example_trigger_target_dag.py
[2024-06-10 10:31:37,905] {scheduler_job.py:639} INFO - DAG(s) dict_keys(['example_trigger_target_dag']) retrieved from /home/anhcu/Project/Stock_project/airflow_venv/lib/python3.8/site-packages/airflow/example_dags/example_trigger_target_dag.py
[2024-06-10 10:31:37,906] {logging_mixin.py:103} INFO - [2024-06-10 10:31:37,906] {dag.py:1813} INFO - Sync 1 DAGs
[2024-06-10 10:31:37,923] {logging_mixin.py:103} INFO - [2024-06-10 10:31:37,923] {dag.py:2266} INFO - Setting next_dagrun for example_trigger_target_dag to None
[2024-06-10 10:31:37,934] {scheduler_job.py:189} INFO - Processing /home/anhcu/Project/Stock_project/airflow_venv/lib/python3.8/site-packages/airflow/example_dags/example_trigger_target_dag.py took 0.048 seconds
[2024-06-10 10:32:07,156] {scheduler_job.py:181} INFO - Started process (PID=77635) to work on /home/anhcu/Project/Stock_project/airflow_venv/lib/python3.8/site-packages/airflow/example_dags/example_trigger_target_dag.py
[2024-06-10 10:32:07,157] {scheduler_job.py:629} INFO - Processing file /home/anhcu/Project/Stock_project/airflow_venv/lib/python3.8/site-packages/airflow/example_dags/example_trigger_target_dag.py for tasks to queue
[2024-06-10 10:32:07,158] {logging_mixin.py:103} INFO - [2024-06-10 10:32:07,158] {dagbag.py:440} INFO - Filling up the DagBag from /home/anhcu/Project/Stock_project/airflow_venv/lib/python3.8/site-packages/airflow/example_dags/example_trigger_target_dag.py
[2024-06-10 10:32:07,168] {scheduler_job.py:639} INFO - DAG(s) dict_keys(['example_trigger_target_dag']) retrieved from /home/anhcu/Project/Stock_project/airflow_venv/lib/python3.8/site-packages/airflow/example_dags/example_trigger_target_dag.py
[2024-06-10 10:32:07,169] {logging_mixin.py:103} INFO - [2024-06-10 10:32:07,169] {dag.py:1813} INFO - Sync 1 DAGs
[2024-06-10 10:32:07,195] {logging_mixin.py:103} INFO - [2024-06-10 10:32:07,195] {dag.py:2266} INFO - Setting next_dagrun for example_trigger_target_dag to None
[2024-06-10 10:32:07,207] {scheduler_job.py:189} INFO - Processing /home/anhcu/Project/Stock_project/airflow_venv/lib/python3.8/site-packages/airflow/example_dags/example_trigger_target_dag.py took 0.055 seconds
[2024-06-10 10:32:34,528] {scheduler_job.py:181} INFO - Started process (PID=77793) to work on /home/anhcu/Project/Stock_project/airflow_venv/lib/python3.8/site-packages/airflow/example_dags/example_trigger_target_dag.py
[2024-06-10 10:32:34,530] {scheduler_job.py:629} INFO - Processing file /home/anhcu/Project/Stock_project/airflow_venv/lib/python3.8/site-packages/airflow/example_dags/example_trigger_target_dag.py for tasks to queue
[2024-06-10 10:32:34,531] {logging_mixin.py:103} INFO - [2024-06-10 10:32:34,531] {dagbag.py:440} INFO - Filling up the DagBag from /home/anhcu/Project/Stock_project/airflow_venv/lib/python3.8/site-packages/airflow/example_dags/example_trigger_target_dag.py
[2024-06-10 10:32:34,541] {scheduler_job.py:639} INFO - DAG(s) dict_keys(['example_trigger_target_dag']) retrieved from /home/anhcu/Project/Stock_project/airflow_venv/lib/python3.8/site-packages/airflow/example_dags/example_trigger_target_dag.py
[2024-06-10 10:32:34,543] {logging_mixin.py:103} INFO - [2024-06-10 10:32:34,543] {dag.py:1813} INFO - Sync 1 DAGs
[2024-06-10 10:32:34,558] {logging_mixin.py:103} INFO - [2024-06-10 10:32:34,558] {dag.py:2266} INFO - Setting next_dagrun for example_trigger_target_dag to None
[2024-06-10 10:32:34,570] {scheduler_job.py:189} INFO - Processing /home/anhcu/Project/Stock_project/airflow_venv/lib/python3.8/site-packages/airflow/example_dags/example_trigger_target_dag.py took 0.046 seconds
[2024-06-10 10:33:02,291] {scheduler_job.py:181} INFO - Started process (PID=78057) to work on /home/anhcu/Project/Stock_project/airflow_venv/lib/python3.8/site-packages/airflow/example_dags/example_trigger_target_dag.py
[2024-06-10 10:33:02,293] {scheduler_job.py:629} INFO - Processing file /home/anhcu/Project/Stock_project/airflow_venv/lib/python3.8/site-packages/airflow/example_dags/example_trigger_target_dag.py for tasks to queue
[2024-06-10 10:33:02,294] {logging_mixin.py:103} INFO - [2024-06-10 10:33:02,294] {dagbag.py:440} INFO - Filling up the DagBag from /home/anhcu/Project/Stock_project/airflow_venv/lib/python3.8/site-packages/airflow/example_dags/example_trigger_target_dag.py
[2024-06-10 10:33:02,305] {scheduler_job.py:639} INFO - DAG(s) dict_keys(['example_trigger_target_dag']) retrieved from /home/anhcu/Project/Stock_project/airflow_venv/lib/python3.8/site-packages/airflow/example_dags/example_trigger_target_dag.py
[2024-06-10 10:33:02,306] {logging_mixin.py:103} INFO - [2024-06-10 10:33:02,306] {dag.py:1813} INFO - Sync 1 DAGs
[2024-06-10 10:33:02,321] {logging_mixin.py:103} INFO - [2024-06-10 10:33:02,321] {dag.py:2266} INFO - Setting next_dagrun for example_trigger_target_dag to None
[2024-06-10 10:33:02,333] {scheduler_job.py:189} INFO - Processing /home/anhcu/Project/Stock_project/airflow_venv/lib/python3.8/site-packages/airflow/example_dags/example_trigger_target_dag.py took 0.046 seconds
[2024-06-10 10:33:30,097] {scheduler_job.py:181} INFO - Started process (PID=78246) to work on /home/anhcu/Project/Stock_project/airflow_venv/lib/python3.8/site-packages/airflow/example_dags/example_trigger_target_dag.py
[2024-06-10 10:33:30,099] {scheduler_job.py:629} INFO - Processing file /home/anhcu/Project/Stock_project/airflow_venv/lib/python3.8/site-packages/airflow/example_dags/example_trigger_target_dag.py for tasks to queue
[2024-06-10 10:33:30,100] {logging_mixin.py:103} INFO - [2024-06-10 10:33:30,100] {dagbag.py:440} INFO - Filling up the DagBag from /home/anhcu/Project/Stock_project/airflow_venv/lib/python3.8/site-packages/airflow/example_dags/example_trigger_target_dag.py
[2024-06-10 10:33:30,110] {scheduler_job.py:639} INFO - DAG(s) dict_keys(['example_trigger_target_dag']) retrieved from /home/anhcu/Project/Stock_project/airflow_venv/lib/python3.8/site-packages/airflow/example_dags/example_trigger_target_dag.py
[2024-06-10 10:33:30,112] {logging_mixin.py:103} INFO - [2024-06-10 10:33:30,111] {dag.py:1813} INFO - Sync 1 DAGs
[2024-06-10 10:33:30,127] {logging_mixin.py:103} INFO - [2024-06-10 10:33:30,127] {dag.py:2266} INFO - Setting next_dagrun for example_trigger_target_dag to None
[2024-06-10 10:33:30,139] {scheduler_job.py:189} INFO - Processing /home/anhcu/Project/Stock_project/airflow_venv/lib/python3.8/site-packages/airflow/example_dags/example_trigger_target_dag.py took 0.047 seconds
[2024-06-10 10:33:57,550] {scheduler_job.py:181} INFO - Started process (PID=78408) to work on /home/anhcu/Project/Stock_project/airflow_venv/lib/python3.8/site-packages/airflow/example_dags/example_trigger_target_dag.py
[2024-06-10 10:33:57,552] {scheduler_job.py:629} INFO - Processing file /home/anhcu/Project/Stock_project/airflow_venv/lib/python3.8/site-packages/airflow/example_dags/example_trigger_target_dag.py for tasks to queue
[2024-06-10 10:33:57,553] {logging_mixin.py:103} INFO - [2024-06-10 10:33:57,553] {dagbag.py:440} INFO - Filling up the DagBag from /home/anhcu/Project/Stock_project/airflow_venv/lib/python3.8/site-packages/airflow/example_dags/example_trigger_target_dag.py
[2024-06-10 10:33:57,564] {scheduler_job.py:639} INFO - DAG(s) dict_keys(['example_trigger_target_dag']) retrieved from /home/anhcu/Project/Stock_project/airflow_venv/lib/python3.8/site-packages/airflow/example_dags/example_trigger_target_dag.py
[2024-06-10 10:33:57,565] {logging_mixin.py:103} INFO - [2024-06-10 10:33:57,565] {dag.py:1813} INFO - Sync 1 DAGs
[2024-06-10 10:33:57,581] {logging_mixin.py:103} INFO - [2024-06-10 10:33:57,581] {dag.py:2266} INFO - Setting next_dagrun for example_trigger_target_dag to None
[2024-06-10 10:33:57,593] {scheduler_job.py:189} INFO - Processing /home/anhcu/Project/Stock_project/airflow_venv/lib/python3.8/site-packages/airflow/example_dags/example_trigger_target_dag.py took 0.047 seconds
[2024-06-10 10:34:25,822] {scheduler_job.py:181} INFO - Started process (PID=78563) to work on /home/anhcu/Project/Stock_project/airflow_venv/lib/python3.8/site-packages/airflow/example_dags/example_trigger_target_dag.py
[2024-06-10 10:34:25,823] {scheduler_job.py:629} INFO - Processing file /home/anhcu/Project/Stock_project/airflow_venv/lib/python3.8/site-packages/airflow/example_dags/example_trigger_target_dag.py for tasks to queue
[2024-06-10 10:34:25,825] {logging_mixin.py:103} INFO - [2024-06-10 10:34:25,825] {dagbag.py:440} INFO - Filling up the DagBag from /home/anhcu/Project/Stock_project/airflow_venv/lib/python3.8/site-packages/airflow/example_dags/example_trigger_target_dag.py
[2024-06-10 10:34:25,834] {scheduler_job.py:639} INFO - DAG(s) dict_keys(['example_trigger_target_dag']) retrieved from /home/anhcu/Project/Stock_project/airflow_venv/lib/python3.8/site-packages/airflow/example_dags/example_trigger_target_dag.py
[2024-06-10 10:34:25,835] {logging_mixin.py:103} INFO - [2024-06-10 10:34:25,835] {dag.py:1813} INFO - Sync 1 DAGs
[2024-06-10 10:34:25,851] {logging_mixin.py:103} INFO - [2024-06-10 10:34:25,851] {dag.py:2266} INFO - Setting next_dagrun for example_trigger_target_dag to None
[2024-06-10 10:34:25,862] {scheduler_job.py:189} INFO - Processing /home/anhcu/Project/Stock_project/airflow_venv/lib/python3.8/site-packages/airflow/example_dags/example_trigger_target_dag.py took 0.045 seconds
[2024-06-10 10:34:53,196] {scheduler_job.py:181} INFO - Started process (PID=78740) to work on /home/anhcu/Project/Stock_project/airflow_venv/lib/python3.8/site-packages/airflow/example_dags/example_trigger_target_dag.py
[2024-06-10 10:34:53,207] {scheduler_job.py:629} INFO - Processing file /home/anhcu/Project/Stock_project/airflow_venv/lib/python3.8/site-packages/airflow/example_dags/example_trigger_target_dag.py for tasks to queue
[2024-06-10 10:34:53,209] {logging_mixin.py:103} INFO - [2024-06-10 10:34:53,208] {dagbag.py:440} INFO - Filling up the DagBag from /home/anhcu/Project/Stock_project/airflow_venv/lib/python3.8/site-packages/airflow/example_dags/example_trigger_target_dag.py
[2024-06-10 10:34:53,247] {scheduler_job.py:639} INFO - DAG(s) dict_keys(['example_trigger_target_dag']) retrieved from /home/anhcu/Project/Stock_project/airflow_venv/lib/python3.8/site-packages/airflow/example_dags/example_trigger_target_dag.py
[2024-06-10 10:34:53,259] {logging_mixin.py:103} INFO - [2024-06-10 10:34:53,258] {dag.py:1813} INFO - Sync 1 DAGs
[2024-06-10 10:34:53,297] {logging_mixin.py:103} INFO - [2024-06-10 10:34:53,297] {dag.py:2266} INFO - Setting next_dagrun for example_trigger_target_dag to None
[2024-06-10 10:34:53,312] {scheduler_job.py:189} INFO - Processing /home/anhcu/Project/Stock_project/airflow_venv/lib/python3.8/site-packages/airflow/example_dags/example_trigger_target_dag.py took 0.132 seconds
[2024-06-10 10:35:49,639] {scheduler_job.py:181} INFO - Started process (PID=79471) to work on /home/anhcu/Project/Stock_project/airflow_venv/lib/python3.8/site-packages/airflow/example_dags/example_trigger_target_dag.py
[2024-06-10 10:35:49,643] {scheduler_job.py:629} INFO - Processing file /home/anhcu/Project/Stock_project/airflow_venv/lib/python3.8/site-packages/airflow/example_dags/example_trigger_target_dag.py for tasks to queue
[2024-06-10 10:35:49,645] {logging_mixin.py:103} INFO - [2024-06-10 10:35:49,644] {dagbag.py:440} INFO - Filling up the DagBag from /home/anhcu/Project/Stock_project/airflow_venv/lib/python3.8/site-packages/airflow/example_dags/example_trigger_target_dag.py
[2024-06-10 10:35:49,660] {scheduler_job.py:639} INFO - DAG(s) dict_keys(['example_trigger_target_dag']) retrieved from /home/anhcu/Project/Stock_project/airflow_venv/lib/python3.8/site-packages/airflow/example_dags/example_trigger_target_dag.py
[2024-06-10 10:35:49,662] {logging_mixin.py:103} INFO - [2024-06-10 10:35:49,662] {dag.py:1813} INFO - Sync 1 DAGs
[2024-06-10 10:35:49,688] {logging_mixin.py:103} INFO - [2024-06-10 10:35:49,688] {dag.py:2266} INFO - Setting next_dagrun for example_trigger_target_dag to None
[2024-06-10 10:35:49,705] {scheduler_job.py:189} INFO - Processing /home/anhcu/Project/Stock_project/airflow_venv/lib/python3.8/site-packages/airflow/example_dags/example_trigger_target_dag.py took 0.073 seconds
[2024-06-10 10:36:19,447] {scheduler_job.py:181} INFO - Started process (PID=79661) to work on /home/anhcu/Project/Stock_project/airflow_venv/lib/python3.8/site-packages/airflow/example_dags/example_trigger_target_dag.py
[2024-06-10 10:36:19,448] {scheduler_job.py:629} INFO - Processing file /home/anhcu/Project/Stock_project/airflow_venv/lib/python3.8/site-packages/airflow/example_dags/example_trigger_target_dag.py for tasks to queue
[2024-06-10 10:36:19,449] {logging_mixin.py:103} INFO - [2024-06-10 10:36:19,449] {dagbag.py:440} INFO - Filling up the DagBag from /home/anhcu/Project/Stock_project/airflow_venv/lib/python3.8/site-packages/airflow/example_dags/example_trigger_target_dag.py
[2024-06-10 10:36:19,459] {scheduler_job.py:639} INFO - DAG(s) dict_keys(['example_trigger_target_dag']) retrieved from /home/anhcu/Project/Stock_project/airflow_venv/lib/python3.8/site-packages/airflow/example_dags/example_trigger_target_dag.py
[2024-06-10 10:36:19,460] {logging_mixin.py:103} INFO - [2024-06-10 10:36:19,460] {dag.py:1813} INFO - Sync 1 DAGs
[2024-06-10 10:36:19,477] {logging_mixin.py:103} INFO - [2024-06-10 10:36:19,477] {dag.py:2266} INFO - Setting next_dagrun for example_trigger_target_dag to None
[2024-06-10 10:36:19,500] {scheduler_job.py:189} INFO - Processing /home/anhcu/Project/Stock_project/airflow_venv/lib/python3.8/site-packages/airflow/example_dags/example_trigger_target_dag.py took 0.057 seconds
