[2024-06-10 09:58:30,423] {scheduler_job.py:181} INFO - Started process (PID=62757) to work on /home/anhcu/Project/Stock_project/airflow_venv/lib/python3.8/site-packages/airflow/example_dags/example_branch_python_dop_operator_3.py
[2024-06-10 09:58:30,432] {scheduler_job.py:629} INFO - Processing file /home/anhcu/Project/Stock_project/airflow_venv/lib/python3.8/site-packages/airflow/example_dags/example_branch_python_dop_operator_3.py for tasks to queue
[2024-06-10 09:58:30,434] {logging_mixin.py:103} INFO - [2024-06-10 09:58:30,434] {dagbag.py:440} INFO - Filling up the DagBag from /home/anhcu/Project/Stock_project/airflow_venv/lib/python3.8/site-packages/airflow/example_dags/example_branch_python_dop_operator_3.py
[2024-06-10 09:58:30,474] {scheduler_job.py:639} INFO - DAG(s) dict_keys(['example_branch_dop_operator_v3']) retrieved from /home/anhcu/Project/Stock_project/airflow_venv/lib/python3.8/site-packages/airflow/example_dags/example_branch_python_dop_operator_3.py
[2024-06-10 09:58:30,476] {logging_mixin.py:103} INFO - [2024-06-10 09:58:30,476] {dag.py:1813} INFO - Sync 1 DAGs
[2024-06-10 09:58:30,652] {logging_mixin.py:103} INFO - [2024-06-10 09:58:30,652] {dag.py:2266} INFO - Setting next_dagrun for example_branch_dop_operator_v3 to 2024-06-08 00:00:00+00:00
[2024-06-10 09:58:30,686] {scheduler_job.py:189} INFO - Processing /home/anhcu/Project/Stock_project/airflow_venv/lib/python3.8/site-packages/airflow/example_dags/example_branch_python_dop_operator_3.py took 0.267 seconds
[2024-06-10 09:59:29,198] {scheduler_job.py:181} INFO - Started process (PID=63044) to work on /home/anhcu/Project/Stock_project/airflow_venv/lib/python3.8/site-packages/airflow/example_dags/example_branch_python_dop_operator_3.py
[2024-06-10 09:59:29,201] {scheduler_job.py:629} INFO - Processing file /home/anhcu/Project/Stock_project/airflow_venv/lib/python3.8/site-packages/airflow/example_dags/example_branch_python_dop_operator_3.py for tasks to queue
[2024-06-10 09:59:29,202] {logging_mixin.py:103} INFO - [2024-06-10 09:59:29,202] {dagbag.py:440} INFO - Filling up the DagBag from /home/anhcu/Project/Stock_project/airflow_venv/lib/python3.8/site-packages/airflow/example_dags/example_branch_python_dop_operator_3.py
[2024-06-10 09:59:29,239] {scheduler_job.py:639} INFO - DAG(s) dict_keys(['example_branch_dop_operator_v3']) retrieved from /home/anhcu/Project/Stock_project/airflow_venv/lib/python3.8/site-packages/airflow/example_dags/example_branch_python_dop_operator_3.py
[2024-06-10 09:59:29,390] {logging_mixin.py:103} INFO - [2024-06-10 09:59:29,390] {dag.py:1813} INFO - Sync 1 DAGs
[2024-06-10 09:59:29,873] {logging_mixin.py:103} INFO - [2024-06-10 09:59:29,873] {dag.py:2266} INFO - Setting next_dagrun for example_branch_dop_operator_v3 to 2024-06-08 00:00:00+00:00
[2024-06-10 09:59:29,895] {scheduler_job.py:189} INFO - Processing /home/anhcu/Project/Stock_project/airflow_venv/lib/python3.8/site-packages/airflow/example_dags/example_branch_python_dop_operator_3.py took 0.705 seconds
[2024-06-10 10:00:18,119] {scheduler_job.py:181} INFO - Started process (PID=63390) to work on /home/anhcu/Project/Stock_project/airflow_venv/lib/python3.8/site-packages/airflow/example_dags/example_branch_python_dop_operator_3.py
[2024-06-10 10:00:18,121] {scheduler_job.py:629} INFO - Processing file /home/anhcu/Project/Stock_project/airflow_venv/lib/python3.8/site-packages/airflow/example_dags/example_branch_python_dop_operator_3.py for tasks to queue
[2024-06-10 10:00:18,123] {logging_mixin.py:103} INFO - [2024-06-10 10:00:18,122] {dagbag.py:440} INFO - Filling up the DagBag from /home/anhcu/Project/Stock_project/airflow_venv/lib/python3.8/site-packages/airflow/example_dags/example_branch_python_dop_operator_3.py
[2024-06-10 10:00:18,140] {scheduler_job.py:639} INFO - DAG(s) dict_keys(['example_branch_dop_operator_v3']) retrieved from /home/anhcu/Project/Stock_project/airflow_venv/lib/python3.8/site-packages/airflow/example_dags/example_branch_python_dop_operator_3.py
[2024-06-10 10:00:18,142] {logging_mixin.py:103} INFO - [2024-06-10 10:00:18,142] {dag.py:1813} INFO - Sync 1 DAGs
[2024-06-10 10:00:18,183] {logging_mixin.py:103} INFO - [2024-06-10 10:00:18,183] {dag.py:2266} INFO - Setting next_dagrun for example_branch_dop_operator_v3 to 2024-06-08 00:00:00+00:00
[2024-06-10 10:00:18,203] {scheduler_job.py:189} INFO - Processing /home/anhcu/Project/Stock_project/airflow_venv/lib/python3.8/site-packages/airflow/example_dags/example_branch_python_dop_operator_3.py took 0.475 seconds
[2024-06-10 10:01:04,419] {scheduler_job.py:181} INFO - Started process (PID=63661) to work on /home/anhcu/Project/Stock_project/airflow_venv/lib/python3.8/site-packages/airflow/example_dags/example_branch_python_dop_operator_3.py
[2024-06-10 10:01:04,421] {scheduler_job.py:629} INFO - Processing file /home/anhcu/Project/Stock_project/airflow_venv/lib/python3.8/site-packages/airflow/example_dags/example_branch_python_dop_operator_3.py for tasks to queue
[2024-06-10 10:01:04,422] {logging_mixin.py:103} INFO - [2024-06-10 10:01:04,422] {dagbag.py:440} INFO - Filling up the DagBag from /home/anhcu/Project/Stock_project/airflow_venv/lib/python3.8/site-packages/airflow/example_dags/example_branch_python_dop_operator_3.py
[2024-06-10 10:01:04,450] {scheduler_job.py:639} INFO - DAG(s) dict_keys(['example_branch_dop_operator_v3']) retrieved from /home/anhcu/Project/Stock_project/airflow_venv/lib/python3.8/site-packages/airflow/example_dags/example_branch_python_dop_operator_3.py
[2024-06-10 10:01:04,459] {logging_mixin.py:103} INFO - [2024-06-10 10:01:04,459] {dag.py:1813} INFO - Sync 1 DAGs
[2024-06-10 10:01:04,689] {logging_mixin.py:103} INFO - [2024-06-10 10:01:04,688] {dag.py:2266} INFO - Setting next_dagrun for example_branch_dop_operator_v3 to 2024-06-08 00:00:00+00:00
[2024-06-10 10:01:04,720] {scheduler_job.py:189} INFO - Processing /home/anhcu/Project/Stock_project/airflow_venv/lib/python3.8/site-packages/airflow/example_dags/example_branch_python_dop_operator_3.py took 0.306 seconds
[2024-06-10 10:01:49,451] {scheduler_job.py:181} INFO - Started process (PID=63955) to work on /home/anhcu/Project/Stock_project/airflow_venv/lib/python3.8/site-packages/airflow/example_dags/example_branch_python_dop_operator_3.py
[2024-06-10 10:01:49,453] {scheduler_job.py:629} INFO - Processing file /home/anhcu/Project/Stock_project/airflow_venv/lib/python3.8/site-packages/airflow/example_dags/example_branch_python_dop_operator_3.py for tasks to queue
[2024-06-10 10:01:49,455] {logging_mixin.py:103} INFO - [2024-06-10 10:01:49,455] {dagbag.py:440} INFO - Filling up the DagBag from /home/anhcu/Project/Stock_project/airflow_venv/lib/python3.8/site-packages/airflow/example_dags/example_branch_python_dop_operator_3.py
[2024-06-10 10:01:49,488] {scheduler_job.py:639} INFO - DAG(s) dict_keys(['example_branch_dop_operator_v3']) retrieved from /home/anhcu/Project/Stock_project/airflow_venv/lib/python3.8/site-packages/airflow/example_dags/example_branch_python_dop_operator_3.py
[2024-06-10 10:01:49,617] {logging_mixin.py:103} INFO - [2024-06-10 10:01:49,617] {dag.py:1813} INFO - Sync 1 DAGs
[2024-06-10 10:01:49,719] {logging_mixin.py:103} INFO - [2024-06-10 10:01:49,719] {dag.py:2266} INFO - Setting next_dagrun for example_branch_dop_operator_v3 to 2024-06-08 00:00:00+00:00
[2024-06-10 10:01:49,876] {scheduler_job.py:189} INFO - Processing /home/anhcu/Project/Stock_project/airflow_venv/lib/python3.8/site-packages/airflow/example_dags/example_branch_python_dop_operator_3.py took 0.438 seconds
[2024-06-10 10:07:23,367] {scheduler_job.py:181} INFO - Started process (PID=67072) to work on /home/anhcu/Project/Stock_project/airflow_venv/lib/python3.8/site-packages/airflow/example_dags/example_branch_python_dop_operator_3.py
[2024-06-10 10:07:23,370] {scheduler_job.py:629} INFO - Processing file /home/anhcu/Project/Stock_project/airflow_venv/lib/python3.8/site-packages/airflow/example_dags/example_branch_python_dop_operator_3.py for tasks to queue
[2024-06-10 10:07:23,371] {logging_mixin.py:103} INFO - [2024-06-10 10:07:23,371] {dagbag.py:440} INFO - Filling up the DagBag from /home/anhcu/Project/Stock_project/airflow_venv/lib/python3.8/site-packages/airflow/example_dags/example_branch_python_dop_operator_3.py
[2024-06-10 10:07:23,380] {scheduler_job.py:639} INFO - DAG(s) dict_keys(['example_branch_dop_operator_v3']) retrieved from /home/anhcu/Project/Stock_project/airflow_venv/lib/python3.8/site-packages/airflow/example_dags/example_branch_python_dop_operator_3.py
[2024-06-10 10:07:23,381] {logging_mixin.py:103} INFO - [2024-06-10 10:07:23,381] {dag.py:1813} INFO - Sync 1 DAGs
[2024-06-10 10:07:23,408] {logging_mixin.py:103} INFO - [2024-06-10 10:07:23,408] {dag.py:2266} INFO - Setting next_dagrun for example_branch_dop_operator_v3 to 2024-06-08 00:00:00+00:00
[2024-06-10 10:07:23,421] {scheduler_job.py:189} INFO - Processing /home/anhcu/Project/Stock_project/airflow_venv/lib/python3.8/site-packages/airflow/example_dags/example_branch_python_dop_operator_3.py took 0.057 seconds
[2024-06-10 10:07:51,066] {scheduler_job.py:181} INFO - Started process (PID=67261) to work on /home/anhcu/Project/Stock_project/airflow_venv/lib/python3.8/site-packages/airflow/example_dags/example_branch_python_dop_operator_3.py
[2024-06-10 10:07:51,068] {scheduler_job.py:629} INFO - Processing file /home/anhcu/Project/Stock_project/airflow_venv/lib/python3.8/site-packages/airflow/example_dags/example_branch_python_dop_operator_3.py for tasks to queue
[2024-06-10 10:07:51,069] {logging_mixin.py:103} INFO - [2024-06-10 10:07:51,069] {dagbag.py:440} INFO - Filling up the DagBag from /home/anhcu/Project/Stock_project/airflow_venv/lib/python3.8/site-packages/airflow/example_dags/example_branch_python_dop_operator_3.py
[2024-06-10 10:07:51,079] {scheduler_job.py:639} INFO - DAG(s) dict_keys(['example_branch_dop_operator_v3']) retrieved from /home/anhcu/Project/Stock_project/airflow_venv/lib/python3.8/site-packages/airflow/example_dags/example_branch_python_dop_operator_3.py
[2024-06-10 10:07:51,080] {logging_mixin.py:103} INFO - [2024-06-10 10:07:51,080] {dag.py:1813} INFO - Sync 1 DAGs
[2024-06-10 10:07:51,109] {logging_mixin.py:103} INFO - [2024-06-10 10:07:51,108] {dag.py:2266} INFO - Setting next_dagrun for example_branch_dop_operator_v3 to 2024-06-08 00:00:00+00:00
[2024-06-10 10:07:51,121] {scheduler_job.py:189} INFO - Processing /home/anhcu/Project/Stock_project/airflow_venv/lib/python3.8/site-packages/airflow/example_dags/example_branch_python_dop_operator_3.py took 0.059 seconds
[2024-06-10 10:08:21,587] {scheduler_job.py:181} INFO - Started process (PID=67498) to work on /home/anhcu/Project/Stock_project/airflow_venv/lib/python3.8/site-packages/airflow/example_dags/example_branch_python_dop_operator_3.py
[2024-06-10 10:08:21,589] {scheduler_job.py:629} INFO - Processing file /home/anhcu/Project/Stock_project/airflow_venv/lib/python3.8/site-packages/airflow/example_dags/example_branch_python_dop_operator_3.py for tasks to queue
[2024-06-10 10:08:21,590] {logging_mixin.py:103} INFO - [2024-06-10 10:08:21,590] {dagbag.py:440} INFO - Filling up the DagBag from /home/anhcu/Project/Stock_project/airflow_venv/lib/python3.8/site-packages/airflow/example_dags/example_branch_python_dop_operator_3.py
[2024-06-10 10:08:21,599] {scheduler_job.py:639} INFO - DAG(s) dict_keys(['example_branch_dop_operator_v3']) retrieved from /home/anhcu/Project/Stock_project/airflow_venv/lib/python3.8/site-packages/airflow/example_dags/example_branch_python_dop_operator_3.py
[2024-06-10 10:08:21,600] {logging_mixin.py:103} INFO - [2024-06-10 10:08:21,600] {dag.py:1813} INFO - Sync 1 DAGs
[2024-06-10 10:08:21,629] {logging_mixin.py:103} INFO - [2024-06-10 10:08:21,629] {dag.py:2266} INFO - Setting next_dagrun for example_branch_dop_operator_v3 to 2024-06-08 00:00:00+00:00
[2024-06-10 10:08:21,641] {scheduler_job.py:189} INFO - Processing /home/anhcu/Project/Stock_project/airflow_venv/lib/python3.8/site-packages/airflow/example_dags/example_branch_python_dop_operator_3.py took 0.059 seconds
[2024-06-10 10:08:47,825] {scheduler_job.py:181} INFO - Started process (PID=67721) to work on /home/anhcu/Project/Stock_project/airflow_venv/lib/python3.8/site-packages/airflow/example_dags/example_branch_python_dop_operator_3.py
[2024-06-10 10:08:47,827] {scheduler_job.py:629} INFO - Processing file /home/anhcu/Project/Stock_project/airflow_venv/lib/python3.8/site-packages/airflow/example_dags/example_branch_python_dop_operator_3.py for tasks to queue
[2024-06-10 10:08:47,828] {logging_mixin.py:103} INFO - [2024-06-10 10:08:47,828] {dagbag.py:440} INFO - Filling up the DagBag from /home/anhcu/Project/Stock_project/airflow_venv/lib/python3.8/site-packages/airflow/example_dags/example_branch_python_dop_operator_3.py
[2024-06-10 10:08:47,837] {scheduler_job.py:639} INFO - DAG(s) dict_keys(['example_branch_dop_operator_v3']) retrieved from /home/anhcu/Project/Stock_project/airflow_venv/lib/python3.8/site-packages/airflow/example_dags/example_branch_python_dop_operator_3.py
[2024-06-10 10:08:47,838] {logging_mixin.py:103} INFO - [2024-06-10 10:08:47,838] {dag.py:1813} INFO - Sync 1 DAGs
[2024-06-10 10:08:47,874] {logging_mixin.py:103} INFO - [2024-06-10 10:08:47,874] {dag.py:2266} INFO - Setting next_dagrun for example_branch_dop_operator_v3 to 2024-06-08 00:00:00+00:00
[2024-06-10 10:08:47,886] {scheduler_job.py:189} INFO - Processing /home/anhcu/Project/Stock_project/airflow_venv/lib/python3.8/site-packages/airflow/example_dags/example_branch_python_dop_operator_3.py took 0.065 seconds
[2024-06-10 10:09:14,499] {scheduler_job.py:181} INFO - Started process (PID=67878) to work on /home/anhcu/Project/Stock_project/airflow_venv/lib/python3.8/site-packages/airflow/example_dags/example_branch_python_dop_operator_3.py
[2024-06-10 10:09:14,501] {scheduler_job.py:629} INFO - Processing file /home/anhcu/Project/Stock_project/airflow_venv/lib/python3.8/site-packages/airflow/example_dags/example_branch_python_dop_operator_3.py for tasks to queue
[2024-06-10 10:09:14,503] {logging_mixin.py:103} INFO - [2024-06-10 10:09:14,502] {dagbag.py:440} INFO - Filling up the DagBag from /home/anhcu/Project/Stock_project/airflow_venv/lib/python3.8/site-packages/airflow/example_dags/example_branch_python_dop_operator_3.py
[2024-06-10 10:09:14,515] {scheduler_job.py:639} INFO - DAG(s) dict_keys(['example_branch_dop_operator_v3']) retrieved from /home/anhcu/Project/Stock_project/airflow_venv/lib/python3.8/site-packages/airflow/example_dags/example_branch_python_dop_operator_3.py
[2024-06-10 10:09:14,517] {logging_mixin.py:103} INFO - [2024-06-10 10:09:14,517] {dag.py:1813} INFO - Sync 1 DAGs
[2024-06-10 10:09:14,547] {logging_mixin.py:103} INFO - [2024-06-10 10:09:14,547] {dag.py:2266} INFO - Setting next_dagrun for example_branch_dop_operator_v3 to 2024-06-08 00:00:00+00:00
[2024-06-10 10:09:14,559] {scheduler_job.py:189} INFO - Processing /home/anhcu/Project/Stock_project/airflow_venv/lib/python3.8/site-packages/airflow/example_dags/example_branch_python_dop_operator_3.py took 0.064 seconds
[2024-06-10 10:09:41,633] {scheduler_job.py:181} INFO - Started process (PID=68069) to work on /home/anhcu/Project/Stock_project/airflow_venv/lib/python3.8/site-packages/airflow/example_dags/example_branch_python_dop_operator_3.py
[2024-06-10 10:09:41,634] {scheduler_job.py:629} INFO - Processing file /home/anhcu/Project/Stock_project/airflow_venv/lib/python3.8/site-packages/airflow/example_dags/example_branch_python_dop_operator_3.py for tasks to queue
[2024-06-10 10:09:41,635] {logging_mixin.py:103} INFO - [2024-06-10 10:09:41,635] {dagbag.py:440} INFO - Filling up the DagBag from /home/anhcu/Project/Stock_project/airflow_venv/lib/python3.8/site-packages/airflow/example_dags/example_branch_python_dop_operator_3.py
[2024-06-10 10:09:41,644] {scheduler_job.py:639} INFO - DAG(s) dict_keys(['example_branch_dop_operator_v3']) retrieved from /home/anhcu/Project/Stock_project/airflow_venv/lib/python3.8/site-packages/airflow/example_dags/example_branch_python_dop_operator_3.py
[2024-06-10 10:09:41,645] {logging_mixin.py:103} INFO - [2024-06-10 10:09:41,645] {dag.py:1813} INFO - Sync 1 DAGs
[2024-06-10 10:09:41,671] {logging_mixin.py:103} INFO - [2024-06-10 10:09:41,671] {dag.py:2266} INFO - Setting next_dagrun for example_branch_dop_operator_v3 to 2024-06-08 00:00:00+00:00
[2024-06-10 10:09:41,683] {scheduler_job.py:189} INFO - Processing /home/anhcu/Project/Stock_project/airflow_venv/lib/python3.8/site-packages/airflow/example_dags/example_branch_python_dop_operator_3.py took 0.054 seconds
[2024-06-10 10:10:10,668] {scheduler_job.py:181} INFO - Started process (PID=68233) to work on /home/anhcu/Project/Stock_project/airflow_venv/lib/python3.8/site-packages/airflow/example_dags/example_branch_python_dop_operator_3.py
[2024-06-10 10:10:10,670] {scheduler_job.py:629} INFO - Processing file /home/anhcu/Project/Stock_project/airflow_venv/lib/python3.8/site-packages/airflow/example_dags/example_branch_python_dop_operator_3.py for tasks to queue
[2024-06-10 10:10:10,671] {logging_mixin.py:103} INFO - [2024-06-10 10:10:10,671] {dagbag.py:440} INFO - Filling up the DagBag from /home/anhcu/Project/Stock_project/airflow_venv/lib/python3.8/site-packages/airflow/example_dags/example_branch_python_dop_operator_3.py
[2024-06-10 10:10:10,680] {scheduler_job.py:639} INFO - DAG(s) dict_keys(['example_branch_dop_operator_v3']) retrieved from /home/anhcu/Project/Stock_project/airflow_venv/lib/python3.8/site-packages/airflow/example_dags/example_branch_python_dop_operator_3.py
[2024-06-10 10:10:10,682] {logging_mixin.py:103} INFO - [2024-06-10 10:10:10,681] {dag.py:1813} INFO - Sync 1 DAGs
[2024-06-10 10:10:10,709] {logging_mixin.py:103} INFO - [2024-06-10 10:10:10,709] {dag.py:2266} INFO - Setting next_dagrun for example_branch_dop_operator_v3 to 2024-06-08 00:00:00+00:00
[2024-06-10 10:10:10,720] {scheduler_job.py:189} INFO - Processing /home/anhcu/Project/Stock_project/airflow_venv/lib/python3.8/site-packages/airflow/example_dags/example_branch_python_dop_operator_3.py took 0.056 seconds
[2024-06-10 10:10:38,679] {scheduler_job.py:181} INFO - Started process (PID=68353) to work on /home/anhcu/Project/Stock_project/airflow_venv/lib/python3.8/site-packages/airflow/example_dags/example_branch_python_dop_operator_3.py
[2024-06-10 10:10:38,681] {scheduler_job.py:629} INFO - Processing file /home/anhcu/Project/Stock_project/airflow_venv/lib/python3.8/site-packages/airflow/example_dags/example_branch_python_dop_operator_3.py for tasks to queue
[2024-06-10 10:10:38,682] {logging_mixin.py:103} INFO - [2024-06-10 10:10:38,682] {dagbag.py:440} INFO - Filling up the DagBag from /home/anhcu/Project/Stock_project/airflow_venv/lib/python3.8/site-packages/airflow/example_dags/example_branch_python_dop_operator_3.py
[2024-06-10 10:10:38,691] {scheduler_job.py:639} INFO - DAG(s) dict_keys(['example_branch_dop_operator_v3']) retrieved from /home/anhcu/Project/Stock_project/airflow_venv/lib/python3.8/site-packages/airflow/example_dags/example_branch_python_dop_operator_3.py
[2024-06-10 10:10:38,693] {logging_mixin.py:103} INFO - [2024-06-10 10:10:38,693] {dag.py:1813} INFO - Sync 1 DAGs
[2024-06-10 10:10:38,719] {logging_mixin.py:103} INFO - [2024-06-10 10:10:38,719] {dag.py:2266} INFO - Setting next_dagrun for example_branch_dop_operator_v3 to 2024-06-08 00:00:00+00:00
[2024-06-10 10:10:38,730] {scheduler_job.py:189} INFO - Processing /home/anhcu/Project/Stock_project/airflow_venv/lib/python3.8/site-packages/airflow/example_dags/example_branch_python_dop_operator_3.py took 0.056 seconds
[2024-06-10 10:11:06,953] {scheduler_job.py:181} INFO - Started process (PID=68546) to work on /home/anhcu/Project/Stock_project/airflow_venv/lib/python3.8/site-packages/airflow/example_dags/example_branch_python_dop_operator_3.py
[2024-06-10 10:11:06,955] {scheduler_job.py:629} INFO - Processing file /home/anhcu/Project/Stock_project/airflow_venv/lib/python3.8/site-packages/airflow/example_dags/example_branch_python_dop_operator_3.py for tasks to queue
[2024-06-10 10:11:06,956] {logging_mixin.py:103} INFO - [2024-06-10 10:11:06,955] {dagbag.py:440} INFO - Filling up the DagBag from /home/anhcu/Project/Stock_project/airflow_venv/lib/python3.8/site-packages/airflow/example_dags/example_branch_python_dop_operator_3.py
[2024-06-10 10:11:06,965] {scheduler_job.py:639} INFO - DAG(s) dict_keys(['example_branch_dop_operator_v3']) retrieved from /home/anhcu/Project/Stock_project/airflow_venv/lib/python3.8/site-packages/airflow/example_dags/example_branch_python_dop_operator_3.py
[2024-06-10 10:11:06,966] {logging_mixin.py:103} INFO - [2024-06-10 10:11:06,966] {dag.py:1813} INFO - Sync 1 DAGs
[2024-06-10 10:11:06,992] {logging_mixin.py:103} INFO - [2024-06-10 10:11:06,992] {dag.py:2266} INFO - Setting next_dagrun for example_branch_dop_operator_v3 to 2024-06-08 00:00:00+00:00
[2024-06-10 10:11:07,004] {scheduler_job.py:189} INFO - Processing /home/anhcu/Project/Stock_project/airflow_venv/lib/python3.8/site-packages/airflow/example_dags/example_branch_python_dop_operator_3.py took 0.055 seconds
[2024-06-10 10:11:43,392] {scheduler_job.py:181} INFO - Started process (PID=68763) to work on /home/anhcu/Project/Stock_project/airflow_venv/lib/python3.8/site-packages/airflow/example_dags/example_branch_python_dop_operator_3.py
[2024-06-10 10:11:43,394] {scheduler_job.py:629} INFO - Processing file /home/anhcu/Project/Stock_project/airflow_venv/lib/python3.8/site-packages/airflow/example_dags/example_branch_python_dop_operator_3.py for tasks to queue
[2024-06-10 10:11:43,394] {logging_mixin.py:103} INFO - [2024-06-10 10:11:43,394] {dagbag.py:440} INFO - Filling up the DagBag from /home/anhcu/Project/Stock_project/airflow_venv/lib/python3.8/site-packages/airflow/example_dags/example_branch_python_dop_operator_3.py
[2024-06-10 10:11:43,407] {scheduler_job.py:639} INFO - DAG(s) dict_keys(['example_branch_dop_operator_v3']) retrieved from /home/anhcu/Project/Stock_project/airflow_venv/lib/python3.8/site-packages/airflow/example_dags/example_branch_python_dop_operator_3.py
[2024-06-10 10:11:43,408] {logging_mixin.py:103} INFO - [2024-06-10 10:11:43,408] {dag.py:1813} INFO - Sync 1 DAGs
[2024-06-10 10:11:43,434] {logging_mixin.py:103} INFO - [2024-06-10 10:11:43,434] {dag.py:2266} INFO - Setting next_dagrun for example_branch_dop_operator_v3 to 2024-06-08 00:00:00+00:00
[2024-06-10 10:11:43,457] {scheduler_job.py:189} INFO - Processing /home/anhcu/Project/Stock_project/airflow_venv/lib/python3.8/site-packages/airflow/example_dags/example_branch_python_dop_operator_3.py took 0.068 seconds
[2024-06-10 10:12:12,971] {scheduler_job.py:181} INFO - Started process (PID=68966) to work on /home/anhcu/Project/Stock_project/airflow_venv/lib/python3.8/site-packages/airflow/example_dags/example_branch_python_dop_operator_3.py
[2024-06-10 10:12:12,973] {scheduler_job.py:629} INFO - Processing file /home/anhcu/Project/Stock_project/airflow_venv/lib/python3.8/site-packages/airflow/example_dags/example_branch_python_dop_operator_3.py for tasks to queue
[2024-06-10 10:12:12,974] {logging_mixin.py:103} INFO - [2024-06-10 10:12:12,974] {dagbag.py:440} INFO - Filling up the DagBag from /home/anhcu/Project/Stock_project/airflow_venv/lib/python3.8/site-packages/airflow/example_dags/example_branch_python_dop_operator_3.py
[2024-06-10 10:12:12,992] {scheduler_job.py:639} INFO - DAG(s) dict_keys(['example_branch_dop_operator_v3']) retrieved from /home/anhcu/Project/Stock_project/airflow_venv/lib/python3.8/site-packages/airflow/example_dags/example_branch_python_dop_operator_3.py
[2024-06-10 10:12:12,994] {logging_mixin.py:103} INFO - [2024-06-10 10:12:12,994] {dag.py:1813} INFO - Sync 1 DAGs
[2024-06-10 10:12:13,034] {logging_mixin.py:103} INFO - [2024-06-10 10:12:13,034] {dag.py:2266} INFO - Setting next_dagrun for example_branch_dop_operator_v3 to 2024-06-08 00:00:00+00:00
[2024-06-10 10:12:13,048] {scheduler_job.py:189} INFO - Processing /home/anhcu/Project/Stock_project/airflow_venv/lib/python3.8/site-packages/airflow/example_dags/example_branch_python_dop_operator_3.py took 0.082 seconds
[2024-06-10 10:12:43,995] {scheduler_job.py:181} INFO - Started process (PID=69148) to work on /home/anhcu/Project/Stock_project/airflow_venv/lib/python3.8/site-packages/airflow/example_dags/example_branch_python_dop_operator_3.py
[2024-06-10 10:12:43,996] {scheduler_job.py:629} INFO - Processing file /home/anhcu/Project/Stock_project/airflow_venv/lib/python3.8/site-packages/airflow/example_dags/example_branch_python_dop_operator_3.py for tasks to queue
[2024-06-10 10:12:43,997] {logging_mixin.py:103} INFO - [2024-06-10 10:12:43,997] {dagbag.py:440} INFO - Filling up the DagBag from /home/anhcu/Project/Stock_project/airflow_venv/lib/python3.8/site-packages/airflow/example_dags/example_branch_python_dop_operator_3.py
[2024-06-10 10:12:44,009] {scheduler_job.py:639} INFO - DAG(s) dict_keys(['example_branch_dop_operator_v3']) retrieved from /home/anhcu/Project/Stock_project/airflow_venv/lib/python3.8/site-packages/airflow/example_dags/example_branch_python_dop_operator_3.py
[2024-06-10 10:12:44,010] {logging_mixin.py:103} INFO - [2024-06-10 10:12:44,010] {dag.py:1813} INFO - Sync 1 DAGs
[2024-06-10 10:12:44,036] {logging_mixin.py:103} INFO - [2024-06-10 10:12:44,036] {dag.py:2266} INFO - Setting next_dagrun for example_branch_dop_operator_v3 to 2024-06-08 00:00:00+00:00
[2024-06-10 10:12:44,050] {scheduler_job.py:189} INFO - Processing /home/anhcu/Project/Stock_project/airflow_venv/lib/python3.8/site-packages/airflow/example_dags/example_branch_python_dop_operator_3.py took 0.058 seconds
[2024-06-10 10:13:13,949] {scheduler_job.py:181} INFO - Started process (PID=69300) to work on /home/anhcu/Project/Stock_project/airflow_venv/lib/python3.8/site-packages/airflow/example_dags/example_branch_python_dop_operator_3.py
[2024-06-10 10:13:13,950] {scheduler_job.py:629} INFO - Processing file /home/anhcu/Project/Stock_project/airflow_venv/lib/python3.8/site-packages/airflow/example_dags/example_branch_python_dop_operator_3.py for tasks to queue
[2024-06-10 10:13:13,951] {logging_mixin.py:103} INFO - [2024-06-10 10:13:13,951] {dagbag.py:440} INFO - Filling up the DagBag from /home/anhcu/Project/Stock_project/airflow_venv/lib/python3.8/site-packages/airflow/example_dags/example_branch_python_dop_operator_3.py
[2024-06-10 10:13:13,964] {scheduler_job.py:639} INFO - DAG(s) dict_keys(['example_branch_dop_operator_v3']) retrieved from /home/anhcu/Project/Stock_project/airflow_venv/lib/python3.8/site-packages/airflow/example_dags/example_branch_python_dop_operator_3.py
[2024-06-10 10:13:13,965] {logging_mixin.py:103} INFO - [2024-06-10 10:13:13,965] {dag.py:1813} INFO - Sync 1 DAGs
[2024-06-10 10:13:13,993] {logging_mixin.py:103} INFO - [2024-06-10 10:13:13,993] {dag.py:2266} INFO - Setting next_dagrun for example_branch_dop_operator_v3 to 2024-06-08 00:00:00+00:00
[2024-06-10 10:13:14,004] {scheduler_job.py:189} INFO - Processing /home/anhcu/Project/Stock_project/airflow_venv/lib/python3.8/site-packages/airflow/example_dags/example_branch_python_dop_operator_3.py took 0.059 seconds
[2024-06-10 10:13:43,079] {scheduler_job.py:181} INFO - Started process (PID=69456) to work on /home/anhcu/Project/Stock_project/airflow_venv/lib/python3.8/site-packages/airflow/example_dags/example_branch_python_dop_operator_3.py
[2024-06-10 10:13:43,081] {scheduler_job.py:629} INFO - Processing file /home/anhcu/Project/Stock_project/airflow_venv/lib/python3.8/site-packages/airflow/example_dags/example_branch_python_dop_operator_3.py for tasks to queue
[2024-06-10 10:13:43,081] {logging_mixin.py:103} INFO - [2024-06-10 10:13:43,081] {dagbag.py:440} INFO - Filling up the DagBag from /home/anhcu/Project/Stock_project/airflow_venv/lib/python3.8/site-packages/airflow/example_dags/example_branch_python_dop_operator_3.py
[2024-06-10 10:13:43,094] {scheduler_job.py:639} INFO - DAG(s) dict_keys(['example_branch_dop_operator_v3']) retrieved from /home/anhcu/Project/Stock_project/airflow_venv/lib/python3.8/site-packages/airflow/example_dags/example_branch_python_dop_operator_3.py
[2024-06-10 10:13:43,095] {logging_mixin.py:103} INFO - [2024-06-10 10:13:43,095] {dag.py:1813} INFO - Sync 1 DAGs
[2024-06-10 10:13:43,122] {logging_mixin.py:103} INFO - [2024-06-10 10:13:43,122] {dag.py:2266} INFO - Setting next_dagrun for example_branch_dop_operator_v3 to 2024-06-08 00:00:00+00:00
[2024-06-10 10:13:43,134] {scheduler_job.py:189} INFO - Processing /home/anhcu/Project/Stock_project/airflow_venv/lib/python3.8/site-packages/airflow/example_dags/example_branch_python_dop_operator_3.py took 0.058 seconds
[2024-06-10 10:14:12,900] {scheduler_job.py:181} INFO - Started process (PID=69611) to work on /home/anhcu/Project/Stock_project/airflow_venv/lib/python3.8/site-packages/airflow/example_dags/example_branch_python_dop_operator_3.py
[2024-06-10 10:14:12,901] {scheduler_job.py:629} INFO - Processing file /home/anhcu/Project/Stock_project/airflow_venv/lib/python3.8/site-packages/airflow/example_dags/example_branch_python_dop_operator_3.py for tasks to queue
[2024-06-10 10:14:12,902] {logging_mixin.py:103} INFO - [2024-06-10 10:14:12,902] {dagbag.py:440} INFO - Filling up the DagBag from /home/anhcu/Project/Stock_project/airflow_venv/lib/python3.8/site-packages/airflow/example_dags/example_branch_python_dop_operator_3.py
[2024-06-10 10:14:12,915] {scheduler_job.py:639} INFO - DAG(s) dict_keys(['example_branch_dop_operator_v3']) retrieved from /home/anhcu/Project/Stock_project/airflow_venv/lib/python3.8/site-packages/airflow/example_dags/example_branch_python_dop_operator_3.py
[2024-06-10 10:14:12,916] {logging_mixin.py:103} INFO - [2024-06-10 10:14:12,915] {dag.py:1813} INFO - Sync 1 DAGs
[2024-06-10 10:14:12,944] {logging_mixin.py:103} INFO - [2024-06-10 10:14:12,943] {dag.py:2266} INFO - Setting next_dagrun for example_branch_dop_operator_v3 to 2024-06-08 00:00:00+00:00
[2024-06-10 10:14:12,955] {scheduler_job.py:189} INFO - Processing /home/anhcu/Project/Stock_project/airflow_venv/lib/python3.8/site-packages/airflow/example_dags/example_branch_python_dop_operator_3.py took 0.058 seconds
[2024-06-10 10:14:42,051] {scheduler_job.py:181} INFO - Started process (PID=69772) to work on /home/anhcu/Project/Stock_project/airflow_venv/lib/python3.8/site-packages/airflow/example_dags/example_branch_python_dop_operator_3.py
[2024-06-10 10:14:42,053] {scheduler_job.py:629} INFO - Processing file /home/anhcu/Project/Stock_project/airflow_venv/lib/python3.8/site-packages/airflow/example_dags/example_branch_python_dop_operator_3.py for tasks to queue
[2024-06-10 10:14:42,054] {logging_mixin.py:103} INFO - [2024-06-10 10:14:42,054] {dagbag.py:440} INFO - Filling up the DagBag from /home/anhcu/Project/Stock_project/airflow_venv/lib/python3.8/site-packages/airflow/example_dags/example_branch_python_dop_operator_3.py
[2024-06-10 10:14:42,066] {scheduler_job.py:639} INFO - DAG(s) dict_keys(['example_branch_dop_operator_v3']) retrieved from /home/anhcu/Project/Stock_project/airflow_venv/lib/python3.8/site-packages/airflow/example_dags/example_branch_python_dop_operator_3.py
[2024-06-10 10:14:42,067] {logging_mixin.py:103} INFO - [2024-06-10 10:14:42,067] {dag.py:1813} INFO - Sync 1 DAGs
[2024-06-10 10:14:42,095] {logging_mixin.py:103} INFO - [2024-06-10 10:14:42,095] {dag.py:2266} INFO - Setting next_dagrun for example_branch_dop_operator_v3 to 2024-06-08 00:00:00+00:00
[2024-06-10 10:14:42,107] {scheduler_job.py:189} INFO - Processing /home/anhcu/Project/Stock_project/airflow_venv/lib/python3.8/site-packages/airflow/example_dags/example_branch_python_dop_operator_3.py took 0.058 seconds
[2024-06-10 10:15:24,879] {scheduler_job.py:181} INFO - Started process (PID=70035) to work on /home/anhcu/Project/Stock_project/airflow_venv/lib/python3.8/site-packages/airflow/example_dags/example_branch_python_dop_operator_3.py
[2024-06-10 10:15:24,881] {scheduler_job.py:629} INFO - Processing file /home/anhcu/Project/Stock_project/airflow_venv/lib/python3.8/site-packages/airflow/example_dags/example_branch_python_dop_operator_3.py for tasks to queue
[2024-06-10 10:15:24,882] {logging_mixin.py:103} INFO - [2024-06-10 10:15:24,881] {dagbag.py:440} INFO - Filling up the DagBag from /home/anhcu/Project/Stock_project/airflow_venv/lib/python3.8/site-packages/airflow/example_dags/example_branch_python_dop_operator_3.py
[2024-06-10 10:15:24,950] {scheduler_job.py:639} INFO - DAG(s) dict_keys(['example_branch_dop_operator_v3']) retrieved from /home/anhcu/Project/Stock_project/airflow_venv/lib/python3.8/site-packages/airflow/example_dags/example_branch_python_dop_operator_3.py
[2024-06-10 10:15:24,952] {logging_mixin.py:103} INFO - [2024-06-10 10:15:24,951] {dag.py:1813} INFO - Sync 1 DAGs
[2024-06-10 10:15:25,050] {logging_mixin.py:103} INFO - [2024-06-10 10:15:25,050] {dag.py:2266} INFO - Setting next_dagrun for example_branch_dop_operator_v3 to 2024-06-08 00:00:00+00:00
[2024-06-10 10:15:25,117] {scheduler_job.py:189} INFO - Processing /home/anhcu/Project/Stock_project/airflow_venv/lib/python3.8/site-packages/airflow/example_dags/example_branch_python_dop_operator_3.py took 0.257 seconds
[2024-06-10 10:15:55,894] {scheduler_job.py:181} INFO - Started process (PID=70228) to work on /home/anhcu/Project/Stock_project/airflow_venv/lib/python3.8/site-packages/airflow/example_dags/example_branch_python_dop_operator_3.py
[2024-06-10 10:15:55,895] {scheduler_job.py:629} INFO - Processing file /home/anhcu/Project/Stock_project/airflow_venv/lib/python3.8/site-packages/airflow/example_dags/example_branch_python_dop_operator_3.py for tasks to queue
[2024-06-10 10:15:55,896] {logging_mixin.py:103} INFO - [2024-06-10 10:15:55,896] {dagbag.py:440} INFO - Filling up the DagBag from /home/anhcu/Project/Stock_project/airflow_venv/lib/python3.8/site-packages/airflow/example_dags/example_branch_python_dop_operator_3.py
[2024-06-10 10:15:55,908] {scheduler_job.py:639} INFO - DAG(s) dict_keys(['example_branch_dop_operator_v3']) retrieved from /home/anhcu/Project/Stock_project/airflow_venv/lib/python3.8/site-packages/airflow/example_dags/example_branch_python_dop_operator_3.py
[2024-06-10 10:15:55,909] {logging_mixin.py:103} INFO - [2024-06-10 10:15:55,909] {dag.py:1813} INFO - Sync 1 DAGs
[2024-06-10 10:15:55,934] {logging_mixin.py:103} INFO - [2024-06-10 10:15:55,934] {dag.py:2266} INFO - Setting next_dagrun for example_branch_dop_operator_v3 to 2024-06-08 00:00:00+00:00
[2024-06-10 10:15:55,947] {scheduler_job.py:189} INFO - Processing /home/anhcu/Project/Stock_project/airflow_venv/lib/python3.8/site-packages/airflow/example_dags/example_branch_python_dop_operator_3.py took 0.056 seconds
[2024-06-10 10:16:24,901] {scheduler_job.py:181} INFO - Started process (PID=70424) to work on /home/anhcu/Project/Stock_project/airflow_venv/lib/python3.8/site-packages/airflow/example_dags/example_branch_python_dop_operator_3.py
[2024-06-10 10:16:24,902] {scheduler_job.py:629} INFO - Processing file /home/anhcu/Project/Stock_project/airflow_venv/lib/python3.8/site-packages/airflow/example_dags/example_branch_python_dop_operator_3.py for tasks to queue
[2024-06-10 10:16:24,903] {logging_mixin.py:103} INFO - [2024-06-10 10:16:24,903] {dagbag.py:440} INFO - Filling up the DagBag from /home/anhcu/Project/Stock_project/airflow_venv/lib/python3.8/site-packages/airflow/example_dags/example_branch_python_dop_operator_3.py
[2024-06-10 10:16:24,917] {scheduler_job.py:639} INFO - DAG(s) dict_keys(['example_branch_dop_operator_v3']) retrieved from /home/anhcu/Project/Stock_project/airflow_venv/lib/python3.8/site-packages/airflow/example_dags/example_branch_python_dop_operator_3.py
[2024-06-10 10:16:24,918] {logging_mixin.py:103} INFO - [2024-06-10 10:16:24,918] {dag.py:1813} INFO - Sync 1 DAGs
[2024-06-10 10:16:24,945] {logging_mixin.py:103} INFO - [2024-06-10 10:16:24,945] {dag.py:2266} INFO - Setting next_dagrun for example_branch_dop_operator_v3 to 2024-06-08 00:00:00+00:00
[2024-06-10 10:16:24,956] {scheduler_job.py:189} INFO - Processing /home/anhcu/Project/Stock_project/airflow_venv/lib/python3.8/site-packages/airflow/example_dags/example_branch_python_dop_operator_3.py took 0.059 seconds
[2024-06-10 10:16:55,167] {scheduler_job.py:181} INFO - Started process (PID=70690) to work on /home/anhcu/Project/Stock_project/airflow_venv/lib/python3.8/site-packages/airflow/example_dags/example_branch_python_dop_operator_3.py
[2024-06-10 10:16:55,169] {scheduler_job.py:629} INFO - Processing file /home/anhcu/Project/Stock_project/airflow_venv/lib/python3.8/site-packages/airflow/example_dags/example_branch_python_dop_operator_3.py for tasks to queue
[2024-06-10 10:16:55,170] {logging_mixin.py:103} INFO - [2024-06-10 10:16:55,170] {dagbag.py:440} INFO - Filling up the DagBag from /home/anhcu/Project/Stock_project/airflow_venv/lib/python3.8/site-packages/airflow/example_dags/example_branch_python_dop_operator_3.py
[2024-06-10 10:16:55,189] {scheduler_job.py:639} INFO - DAG(s) dict_keys(['example_branch_dop_operator_v3']) retrieved from /home/anhcu/Project/Stock_project/airflow_venv/lib/python3.8/site-packages/airflow/example_dags/example_branch_python_dop_operator_3.py
[2024-06-10 10:16:55,190] {logging_mixin.py:103} INFO - [2024-06-10 10:16:55,190] {dag.py:1813} INFO - Sync 1 DAGs
[2024-06-10 10:16:55,237] {logging_mixin.py:103} INFO - [2024-06-10 10:16:55,237] {dag.py:2266} INFO - Setting next_dagrun for example_branch_dop_operator_v3 to 2024-06-08 00:00:00+00:00
[2024-06-10 10:16:55,258] {scheduler_job.py:189} INFO - Processing /home/anhcu/Project/Stock_project/airflow_venv/lib/python3.8/site-packages/airflow/example_dags/example_branch_python_dop_operator_3.py took 0.095 seconds
[2024-06-10 10:17:24,698] {scheduler_job.py:181} INFO - Started process (PID=70902) to work on /home/anhcu/Project/Stock_project/airflow_venv/lib/python3.8/site-packages/airflow/example_dags/example_branch_python_dop_operator_3.py
[2024-06-10 10:17:24,700] {scheduler_job.py:629} INFO - Processing file /home/anhcu/Project/Stock_project/airflow_venv/lib/python3.8/site-packages/airflow/example_dags/example_branch_python_dop_operator_3.py for tasks to queue
[2024-06-10 10:17:24,702] {logging_mixin.py:103} INFO - [2024-06-10 10:17:24,702] {dagbag.py:440} INFO - Filling up the DagBag from /home/anhcu/Project/Stock_project/airflow_venv/lib/python3.8/site-packages/airflow/example_dags/example_branch_python_dop_operator_3.py
[2024-06-10 10:17:24,720] {scheduler_job.py:639} INFO - DAG(s) dict_keys(['example_branch_dop_operator_v3']) retrieved from /home/anhcu/Project/Stock_project/airflow_venv/lib/python3.8/site-packages/airflow/example_dags/example_branch_python_dop_operator_3.py
[2024-06-10 10:17:24,721] {logging_mixin.py:103} INFO - [2024-06-10 10:17:24,721] {dag.py:1813} INFO - Sync 1 DAGs
[2024-06-10 10:17:24,763] {logging_mixin.py:103} INFO - [2024-06-10 10:17:24,763] {dag.py:2266} INFO - Setting next_dagrun for example_branch_dop_operator_v3 to 2024-06-08 00:00:00+00:00
[2024-06-10 10:17:24,782] {scheduler_job.py:189} INFO - Processing /home/anhcu/Project/Stock_project/airflow_venv/lib/python3.8/site-packages/airflow/example_dags/example_branch_python_dop_operator_3.py took 0.088 seconds
[2024-06-10 10:17:55,432] {scheduler_job.py:181} INFO - Started process (PID=71058) to work on /home/anhcu/Project/Stock_project/airflow_venv/lib/python3.8/site-packages/airflow/example_dags/example_branch_python_dop_operator_3.py
[2024-06-10 10:17:55,434] {scheduler_job.py:629} INFO - Processing file /home/anhcu/Project/Stock_project/airflow_venv/lib/python3.8/site-packages/airflow/example_dags/example_branch_python_dop_operator_3.py for tasks to queue
[2024-06-10 10:17:55,435] {logging_mixin.py:103} INFO - [2024-06-10 10:17:55,435] {dagbag.py:440} INFO - Filling up the DagBag from /home/anhcu/Project/Stock_project/airflow_venv/lib/python3.8/site-packages/airflow/example_dags/example_branch_python_dop_operator_3.py
[2024-06-10 10:17:55,455] {scheduler_job.py:639} INFO - DAG(s) dict_keys(['example_branch_dop_operator_v3']) retrieved from /home/anhcu/Project/Stock_project/airflow_venv/lib/python3.8/site-packages/airflow/example_dags/example_branch_python_dop_operator_3.py
[2024-06-10 10:17:55,456] {logging_mixin.py:103} INFO - [2024-06-10 10:17:55,456] {dag.py:1813} INFO - Sync 1 DAGs
[2024-06-10 10:17:55,500] {logging_mixin.py:103} INFO - [2024-06-10 10:17:55,500] {dag.py:2266} INFO - Setting next_dagrun for example_branch_dop_operator_v3 to 2024-06-08 00:00:00+00:00
[2024-06-10 10:17:55,520] {scheduler_job.py:189} INFO - Processing /home/anhcu/Project/Stock_project/airflow_venv/lib/python3.8/site-packages/airflow/example_dags/example_branch_python_dop_operator_3.py took 0.092 seconds
[2024-06-10 10:18:25,076] {scheduler_job.py:181} INFO - Started process (PID=71349) to work on /home/anhcu/Project/Stock_project/airflow_venv/lib/python3.8/site-packages/airflow/example_dags/example_branch_python_dop_operator_3.py
[2024-06-10 10:18:25,078] {scheduler_job.py:629} INFO - Processing file /home/anhcu/Project/Stock_project/airflow_venv/lib/python3.8/site-packages/airflow/example_dags/example_branch_python_dop_operator_3.py for tasks to queue
[2024-06-10 10:18:25,079] {logging_mixin.py:103} INFO - [2024-06-10 10:18:25,079] {dagbag.py:440} INFO - Filling up the DagBag from /home/anhcu/Project/Stock_project/airflow_venv/lib/python3.8/site-packages/airflow/example_dags/example_branch_python_dop_operator_3.py
[2024-06-10 10:18:25,096] {scheduler_job.py:639} INFO - DAG(s) dict_keys(['example_branch_dop_operator_v3']) retrieved from /home/anhcu/Project/Stock_project/airflow_venv/lib/python3.8/site-packages/airflow/example_dags/example_branch_python_dop_operator_3.py
[2024-06-10 10:18:25,098] {logging_mixin.py:103} INFO - [2024-06-10 10:18:25,097] {dag.py:1813} INFO - Sync 1 DAGs
[2024-06-10 10:18:25,165] {logging_mixin.py:103} INFO - [2024-06-10 10:18:25,165] {dag.py:2266} INFO - Setting next_dagrun for example_branch_dop_operator_v3 to 2024-06-08 00:00:00+00:00
[2024-06-10 10:18:25,218] {scheduler_job.py:189} INFO - Processing /home/anhcu/Project/Stock_project/airflow_venv/lib/python3.8/site-packages/airflow/example_dags/example_branch_python_dop_operator_3.py took 0.146 seconds
[2024-06-10 10:18:56,079] {scheduler_job.py:181} INFO - Started process (PID=71725) to work on /home/anhcu/Project/Stock_project/airflow_venv/lib/python3.8/site-packages/airflow/example_dags/example_branch_python_dop_operator_3.py
[2024-06-10 10:18:56,080] {scheduler_job.py:629} INFO - Processing file /home/anhcu/Project/Stock_project/airflow_venv/lib/python3.8/site-packages/airflow/example_dags/example_branch_python_dop_operator_3.py for tasks to queue
[2024-06-10 10:18:56,081] {logging_mixin.py:103} INFO - [2024-06-10 10:18:56,081] {dagbag.py:440} INFO - Filling up the DagBag from /home/anhcu/Project/Stock_project/airflow_venv/lib/python3.8/site-packages/airflow/example_dags/example_branch_python_dop_operator_3.py
[2024-06-10 10:18:56,094] {scheduler_job.py:639} INFO - DAG(s) dict_keys(['example_branch_dop_operator_v3']) retrieved from /home/anhcu/Project/Stock_project/airflow_venv/lib/python3.8/site-packages/airflow/example_dags/example_branch_python_dop_operator_3.py
[2024-06-10 10:18:56,095] {logging_mixin.py:103} INFO - [2024-06-10 10:18:56,095] {dag.py:1813} INFO - Sync 1 DAGs
[2024-06-10 10:18:56,135] {logging_mixin.py:103} INFO - [2024-06-10 10:18:56,135] {dag.py:2266} INFO - Setting next_dagrun for example_branch_dop_operator_v3 to 2024-06-08 00:00:00+00:00
[2024-06-10 10:18:56,151] {scheduler_job.py:189} INFO - Processing /home/anhcu/Project/Stock_project/airflow_venv/lib/python3.8/site-packages/airflow/example_dags/example_branch_python_dop_operator_3.py took 0.076 seconds
[2024-06-10 10:19:25,836] {scheduler_job.py:181} INFO - Started process (PID=71931) to work on /home/anhcu/Project/Stock_project/airflow_venv/lib/python3.8/site-packages/airflow/example_dags/example_branch_python_dop_operator_3.py
[2024-06-10 10:19:25,843] {scheduler_job.py:629} INFO - Processing file /home/anhcu/Project/Stock_project/airflow_venv/lib/python3.8/site-packages/airflow/example_dags/example_branch_python_dop_operator_3.py for tasks to queue
[2024-06-10 10:19:25,844] {logging_mixin.py:103} INFO - [2024-06-10 10:19:25,844] {dagbag.py:440} INFO - Filling up the DagBag from /home/anhcu/Project/Stock_project/airflow_venv/lib/python3.8/site-packages/airflow/example_dags/example_branch_python_dop_operator_3.py
[2024-06-10 10:19:25,874] {scheduler_job.py:639} INFO - DAG(s) dict_keys(['example_branch_dop_operator_v3']) retrieved from /home/anhcu/Project/Stock_project/airflow_venv/lib/python3.8/site-packages/airflow/example_dags/example_branch_python_dop_operator_3.py
[2024-06-10 10:19:25,884] {logging_mixin.py:103} INFO - [2024-06-10 10:19:25,884] {dag.py:1813} INFO - Sync 1 DAGs
[2024-06-10 10:19:25,966] {logging_mixin.py:103} INFO - [2024-06-10 10:19:25,965] {dag.py:2266} INFO - Setting next_dagrun for example_branch_dop_operator_v3 to 2024-06-08 00:00:00+00:00
[2024-06-10 10:19:26,004] {scheduler_job.py:189} INFO - Processing /home/anhcu/Project/Stock_project/airflow_venv/lib/python3.8/site-packages/airflow/example_dags/example_branch_python_dop_operator_3.py took 0.173 seconds
[2024-06-10 10:20:05,971] {scheduler_job.py:181} INFO - Started process (PID=72332) to work on /home/anhcu/Project/Stock_project/airflow_venv/lib/python3.8/site-packages/airflow/example_dags/example_branch_python_dop_operator_3.py
[2024-06-10 10:20:05,972] {scheduler_job.py:629} INFO - Processing file /home/anhcu/Project/Stock_project/airflow_venv/lib/python3.8/site-packages/airflow/example_dags/example_branch_python_dop_operator_3.py for tasks to queue
[2024-06-10 10:20:05,973] {logging_mixin.py:103} INFO - [2024-06-10 10:20:05,972] {dagbag.py:440} INFO - Filling up the DagBag from /home/anhcu/Project/Stock_project/airflow_venv/lib/python3.8/site-packages/airflow/example_dags/example_branch_python_dop_operator_3.py
[2024-06-10 10:20:05,985] {scheduler_job.py:639} INFO - DAG(s) dict_keys(['example_branch_dop_operator_v3']) retrieved from /home/anhcu/Project/Stock_project/airflow_venv/lib/python3.8/site-packages/airflow/example_dags/example_branch_python_dop_operator_3.py
[2024-06-10 10:20:05,986] {logging_mixin.py:103} INFO - [2024-06-10 10:20:05,986] {dag.py:1813} INFO - Sync 1 DAGs
[2024-06-10 10:20:06,014] {logging_mixin.py:103} INFO - [2024-06-10 10:20:06,014] {dag.py:2266} INFO - Setting next_dagrun for example_branch_dop_operator_v3 to 2024-06-08 00:00:00+00:00
[2024-06-10 10:20:06,026] {scheduler_job.py:189} INFO - Processing /home/anhcu/Project/Stock_project/airflow_venv/lib/python3.8/site-packages/airflow/example_dags/example_branch_python_dop_operator_3.py took 0.059 seconds
[2024-06-10 10:20:35,694] {scheduler_job.py:181} INFO - Started process (PID=72604) to work on /home/anhcu/Project/Stock_project/airflow_venv/lib/python3.8/site-packages/airflow/example_dags/example_branch_python_dop_operator_3.py
[2024-06-10 10:20:35,696] {scheduler_job.py:629} INFO - Processing file /home/anhcu/Project/Stock_project/airflow_venv/lib/python3.8/site-packages/airflow/example_dags/example_branch_python_dop_operator_3.py for tasks to queue
[2024-06-10 10:20:35,696] {logging_mixin.py:103} INFO - [2024-06-10 10:20:35,696] {dagbag.py:440} INFO - Filling up the DagBag from /home/anhcu/Project/Stock_project/airflow_venv/lib/python3.8/site-packages/airflow/example_dags/example_branch_python_dop_operator_3.py
[2024-06-10 10:20:35,708] {scheduler_job.py:639} INFO - DAG(s) dict_keys(['example_branch_dop_operator_v3']) retrieved from /home/anhcu/Project/Stock_project/airflow_venv/lib/python3.8/site-packages/airflow/example_dags/example_branch_python_dop_operator_3.py
[2024-06-10 10:20:35,709] {logging_mixin.py:103} INFO - [2024-06-10 10:20:35,709] {dag.py:1813} INFO - Sync 1 DAGs
[2024-06-10 10:20:35,736] {logging_mixin.py:103} INFO - [2024-06-10 10:20:35,736] {dag.py:2266} INFO - Setting next_dagrun for example_branch_dop_operator_v3 to 2024-06-08 00:00:00+00:00
[2024-06-10 10:20:35,749] {scheduler_job.py:189} INFO - Processing /home/anhcu/Project/Stock_project/airflow_venv/lib/python3.8/site-packages/airflow/example_dags/example_branch_python_dop_operator_3.py took 0.058 seconds
[2024-06-10 10:21:07,698] {scheduler_job.py:181} INFO - Started process (PID=72835) to work on /home/anhcu/Project/Stock_project/airflow_venv/lib/python3.8/site-packages/airflow/example_dags/example_branch_python_dop_operator_3.py
[2024-06-10 10:21:07,700] {scheduler_job.py:629} INFO - Processing file /home/anhcu/Project/Stock_project/airflow_venv/lib/python3.8/site-packages/airflow/example_dags/example_branch_python_dop_operator_3.py for tasks to queue
[2024-06-10 10:21:07,701] {logging_mixin.py:103} INFO - [2024-06-10 10:21:07,701] {dagbag.py:440} INFO - Filling up the DagBag from /home/anhcu/Project/Stock_project/airflow_venv/lib/python3.8/site-packages/airflow/example_dags/example_branch_python_dop_operator_3.py
[2024-06-10 10:21:07,712] {scheduler_job.py:639} INFO - DAG(s) dict_keys(['example_branch_dop_operator_v3']) retrieved from /home/anhcu/Project/Stock_project/airflow_venv/lib/python3.8/site-packages/airflow/example_dags/example_branch_python_dop_operator_3.py
[2024-06-10 10:21:07,716] {logging_mixin.py:103} INFO - [2024-06-10 10:21:07,716] {dag.py:1813} INFO - Sync 1 DAGs
[2024-06-10 10:21:07,741] {logging_mixin.py:103} INFO - [2024-06-10 10:21:07,741] {dag.py:2266} INFO - Setting next_dagrun for example_branch_dop_operator_v3 to 2024-06-08 00:00:00+00:00
[2024-06-10 10:21:07,752] {scheduler_job.py:189} INFO - Processing /home/anhcu/Project/Stock_project/airflow_venv/lib/python3.8/site-packages/airflow/example_dags/example_branch_python_dop_operator_3.py took 0.057 seconds
[2024-06-10 10:21:37,531] {scheduler_job.py:181} INFO - Started process (PID=72990) to work on /home/anhcu/Project/Stock_project/airflow_venv/lib/python3.8/site-packages/airflow/example_dags/example_branch_python_dop_operator_3.py
[2024-06-10 10:21:37,533] {scheduler_job.py:629} INFO - Processing file /home/anhcu/Project/Stock_project/airflow_venv/lib/python3.8/site-packages/airflow/example_dags/example_branch_python_dop_operator_3.py for tasks to queue
[2024-06-10 10:21:37,534] {logging_mixin.py:103} INFO - [2024-06-10 10:21:37,534] {dagbag.py:440} INFO - Filling up the DagBag from /home/anhcu/Project/Stock_project/airflow_venv/lib/python3.8/site-packages/airflow/example_dags/example_branch_python_dop_operator_3.py
[2024-06-10 10:21:37,548] {scheduler_job.py:639} INFO - DAG(s) dict_keys(['example_branch_dop_operator_v3']) retrieved from /home/anhcu/Project/Stock_project/airflow_venv/lib/python3.8/site-packages/airflow/example_dags/example_branch_python_dop_operator_3.py
[2024-06-10 10:21:37,550] {logging_mixin.py:103} INFO - [2024-06-10 10:21:37,550] {dag.py:1813} INFO - Sync 1 DAGs
[2024-06-10 10:21:37,576] {logging_mixin.py:103} INFO - [2024-06-10 10:21:37,576] {dag.py:2266} INFO - Setting next_dagrun for example_branch_dop_operator_v3 to 2024-06-08 00:00:00+00:00
[2024-06-10 10:21:37,589] {scheduler_job.py:189} INFO - Processing /home/anhcu/Project/Stock_project/airflow_venv/lib/python3.8/site-packages/airflow/example_dags/example_branch_python_dop_operator_3.py took 0.061 seconds
[2024-06-10 10:22:06,810] {scheduler_job.py:181} INFO - Started process (PID=73225) to work on /home/anhcu/Project/Stock_project/airflow_venv/lib/python3.8/site-packages/airflow/example_dags/example_branch_python_dop_operator_3.py
[2024-06-10 10:22:06,812] {scheduler_job.py:629} INFO - Processing file /home/anhcu/Project/Stock_project/airflow_venv/lib/python3.8/site-packages/airflow/example_dags/example_branch_python_dop_operator_3.py for tasks to queue
[2024-06-10 10:22:06,813] {logging_mixin.py:103} INFO - [2024-06-10 10:22:06,813] {dagbag.py:440} INFO - Filling up the DagBag from /home/anhcu/Project/Stock_project/airflow_venv/lib/python3.8/site-packages/airflow/example_dags/example_branch_python_dop_operator_3.py
[2024-06-10 10:22:06,828] {scheduler_job.py:639} INFO - DAG(s) dict_keys(['example_branch_dop_operator_v3']) retrieved from /home/anhcu/Project/Stock_project/airflow_venv/lib/python3.8/site-packages/airflow/example_dags/example_branch_python_dop_operator_3.py
[2024-06-10 10:22:06,829] {logging_mixin.py:103} INFO - [2024-06-10 10:22:06,829] {dag.py:1813} INFO - Sync 1 DAGs
[2024-06-10 10:22:06,854] {logging_mixin.py:103} INFO - [2024-06-10 10:22:06,854] {dag.py:2266} INFO - Setting next_dagrun for example_branch_dop_operator_v3 to 2024-06-08 00:00:00+00:00
[2024-06-10 10:22:06,865] {scheduler_job.py:189} INFO - Processing /home/anhcu/Project/Stock_project/airflow_venv/lib/python3.8/site-packages/airflow/example_dags/example_branch_python_dop_operator_3.py took 0.059 seconds
[2024-06-10 10:22:35,071] {scheduler_job.py:181} INFO - Started process (PID=73345) to work on /home/anhcu/Project/Stock_project/airflow_venv/lib/python3.8/site-packages/airflow/example_dags/example_branch_python_dop_operator_3.py
[2024-06-10 10:22:35,075] {scheduler_job.py:629} INFO - Processing file /home/anhcu/Project/Stock_project/airflow_venv/lib/python3.8/site-packages/airflow/example_dags/example_branch_python_dop_operator_3.py for tasks to queue
[2024-06-10 10:22:35,076] {logging_mixin.py:103} INFO - [2024-06-10 10:22:35,076] {dagbag.py:440} INFO - Filling up the DagBag from /home/anhcu/Project/Stock_project/airflow_venv/lib/python3.8/site-packages/airflow/example_dags/example_branch_python_dop_operator_3.py
[2024-06-10 10:22:35,093] {scheduler_job.py:639} INFO - DAG(s) dict_keys(['example_branch_dop_operator_v3']) retrieved from /home/anhcu/Project/Stock_project/airflow_venv/lib/python3.8/site-packages/airflow/example_dags/example_branch_python_dop_operator_3.py
[2024-06-10 10:22:35,094] {logging_mixin.py:103} INFO - [2024-06-10 10:22:35,094] {dag.py:1813} INFO - Sync 1 DAGs
[2024-06-10 10:22:35,122] {logging_mixin.py:103} INFO - [2024-06-10 10:22:35,121] {dag.py:2266} INFO - Setting next_dagrun for example_branch_dop_operator_v3 to 2024-06-08 00:00:00+00:00
[2024-06-10 10:22:35,133] {scheduler_job.py:189} INFO - Processing /home/anhcu/Project/Stock_project/airflow_venv/lib/python3.8/site-packages/airflow/example_dags/example_branch_python_dop_operator_3.py took 0.066 seconds
[2024-06-10 10:23:02,971] {scheduler_job.py:181} INFO - Started process (PID=73574) to work on /home/anhcu/Project/Stock_project/airflow_venv/lib/python3.8/site-packages/airflow/example_dags/example_branch_python_dop_operator_3.py
[2024-06-10 10:23:02,973] {scheduler_job.py:629} INFO - Processing file /home/anhcu/Project/Stock_project/airflow_venv/lib/python3.8/site-packages/airflow/example_dags/example_branch_python_dop_operator_3.py for tasks to queue
[2024-06-10 10:23:02,974] {logging_mixin.py:103} INFO - [2024-06-10 10:23:02,974] {dagbag.py:440} INFO - Filling up the DagBag from /home/anhcu/Project/Stock_project/airflow_venv/lib/python3.8/site-packages/airflow/example_dags/example_branch_python_dop_operator_3.py
[2024-06-10 10:23:02,993] {scheduler_job.py:639} INFO - DAG(s) dict_keys(['example_branch_dop_operator_v3']) retrieved from /home/anhcu/Project/Stock_project/airflow_venv/lib/python3.8/site-packages/airflow/example_dags/example_branch_python_dop_operator_3.py
[2024-06-10 10:23:02,995] {logging_mixin.py:103} INFO - [2024-06-10 10:23:02,995] {dag.py:1813} INFO - Sync 1 DAGs
[2024-06-10 10:23:03,033] {logging_mixin.py:103} INFO - [2024-06-10 10:23:03,033] {dag.py:2266} INFO - Setting next_dagrun for example_branch_dop_operator_v3 to 2024-06-08 00:00:00+00:00
[2024-06-10 10:23:03,050] {scheduler_job.py:189} INFO - Processing /home/anhcu/Project/Stock_project/airflow_venv/lib/python3.8/site-packages/airflow/example_dags/example_branch_python_dop_operator_3.py took 0.084 seconds
[2024-06-10 10:23:55,270] {scheduler_job.py:181} INFO - Started process (PID=74240) to work on /home/anhcu/Project/Stock_project/airflow_venv/lib/python3.8/site-packages/airflow/example_dags/example_branch_python_dop_operator_3.py
[2024-06-10 10:23:55,274] {scheduler_job.py:629} INFO - Processing file /home/anhcu/Project/Stock_project/airflow_venv/lib/python3.8/site-packages/airflow/example_dags/example_branch_python_dop_operator_3.py for tasks to queue
[2024-06-10 10:23:55,275] {logging_mixin.py:103} INFO - [2024-06-10 10:23:55,275] {dagbag.py:440} INFO - Filling up the DagBag from /home/anhcu/Project/Stock_project/airflow_venv/lib/python3.8/site-packages/airflow/example_dags/example_branch_python_dop_operator_3.py
[2024-06-10 10:23:55,289] {scheduler_job.py:639} INFO - DAG(s) dict_keys(['example_branch_dop_operator_v3']) retrieved from /home/anhcu/Project/Stock_project/airflow_venv/lib/python3.8/site-packages/airflow/example_dags/example_branch_python_dop_operator_3.py
[2024-06-10 10:23:55,290] {logging_mixin.py:103} INFO - [2024-06-10 10:23:55,290] {dag.py:1813} INFO - Sync 1 DAGs
[2024-06-10 10:23:55,315] {logging_mixin.py:103} INFO - [2024-06-10 10:23:55,315] {dag.py:2266} INFO - Setting next_dagrun for example_branch_dop_operator_v3 to 2024-06-08 00:00:00+00:00
[2024-06-10 10:23:55,327] {scheduler_job.py:189} INFO - Processing /home/anhcu/Project/Stock_project/airflow_venv/lib/python3.8/site-packages/airflow/example_dags/example_branch_python_dop_operator_3.py took 0.060 seconds
[2024-06-10 10:24:25,021] {scheduler_job.py:181} INFO - Started process (PID=74505) to work on /home/anhcu/Project/Stock_project/airflow_venv/lib/python3.8/site-packages/airflow/example_dags/example_branch_python_dop_operator_3.py
[2024-06-10 10:24:25,025] {scheduler_job.py:629} INFO - Processing file /home/anhcu/Project/Stock_project/airflow_venv/lib/python3.8/site-packages/airflow/example_dags/example_branch_python_dop_operator_3.py for tasks to queue
[2024-06-10 10:24:25,026] {logging_mixin.py:103} INFO - [2024-06-10 10:24:25,026] {dagbag.py:440} INFO - Filling up the DagBag from /home/anhcu/Project/Stock_project/airflow_venv/lib/python3.8/site-packages/airflow/example_dags/example_branch_python_dop_operator_3.py
[2024-06-10 10:24:25,038] {scheduler_job.py:639} INFO - DAG(s) dict_keys(['example_branch_dop_operator_v3']) retrieved from /home/anhcu/Project/Stock_project/airflow_venv/lib/python3.8/site-packages/airflow/example_dags/example_branch_python_dop_operator_3.py
[2024-06-10 10:24:25,039] {logging_mixin.py:103} INFO - [2024-06-10 10:24:25,039] {dag.py:1813} INFO - Sync 1 DAGs
[2024-06-10 10:24:25,064] {logging_mixin.py:103} INFO - [2024-06-10 10:24:25,064] {dag.py:2266} INFO - Setting next_dagrun for example_branch_dop_operator_v3 to 2024-06-08 00:00:00+00:00
[2024-06-10 10:24:25,076] {scheduler_job.py:189} INFO - Processing /home/anhcu/Project/Stock_project/airflow_venv/lib/python3.8/site-packages/airflow/example_dags/example_branch_python_dop_operator_3.py took 0.058 seconds
[2024-06-10 10:24:57,173] {scheduler_job.py:181} INFO - Started process (PID=74940) to work on /home/anhcu/Project/Stock_project/airflow_venv/lib/python3.8/site-packages/airflow/example_dags/example_branch_python_dop_operator_3.py
[2024-06-10 10:24:57,174] {scheduler_job.py:629} INFO - Processing file /home/anhcu/Project/Stock_project/airflow_venv/lib/python3.8/site-packages/airflow/example_dags/example_branch_python_dop_operator_3.py for tasks to queue
[2024-06-10 10:24:57,175] {logging_mixin.py:103} INFO - [2024-06-10 10:24:57,175] {dagbag.py:440} INFO - Filling up the DagBag from /home/anhcu/Project/Stock_project/airflow_venv/lib/python3.8/site-packages/airflow/example_dags/example_branch_python_dop_operator_3.py
[2024-06-10 10:24:57,187] {scheduler_job.py:639} INFO - DAG(s) dict_keys(['example_branch_dop_operator_v3']) retrieved from /home/anhcu/Project/Stock_project/airflow_venv/lib/python3.8/site-packages/airflow/example_dags/example_branch_python_dop_operator_3.py
[2024-06-10 10:24:57,188] {logging_mixin.py:103} INFO - [2024-06-10 10:24:57,188] {dag.py:1813} INFO - Sync 1 DAGs
[2024-06-10 10:24:57,214] {logging_mixin.py:103} INFO - [2024-06-10 10:24:57,214] {dag.py:2266} INFO - Setting next_dagrun for example_branch_dop_operator_v3 to 2024-06-08 00:00:00+00:00
[2024-06-10 10:24:57,226] {scheduler_job.py:189} INFO - Processing /home/anhcu/Project/Stock_project/airflow_venv/lib/python3.8/site-packages/airflow/example_dags/example_branch_python_dop_operator_3.py took 0.056 seconds
[2024-06-10 10:25:26,891] {scheduler_job.py:181} INFO - Started process (PID=75310) to work on /home/anhcu/Project/Stock_project/airflow_venv/lib/python3.8/site-packages/airflow/example_dags/example_branch_python_dop_operator_3.py
[2024-06-10 10:25:26,892] {scheduler_job.py:629} INFO - Processing file /home/anhcu/Project/Stock_project/airflow_venv/lib/python3.8/site-packages/airflow/example_dags/example_branch_python_dop_operator_3.py for tasks to queue
[2024-06-10 10:25:26,893] {logging_mixin.py:103} INFO - [2024-06-10 10:25:26,892] {dagbag.py:440} INFO - Filling up the DagBag from /home/anhcu/Project/Stock_project/airflow_venv/lib/python3.8/site-packages/airflow/example_dags/example_branch_python_dop_operator_3.py
[2024-06-10 10:25:26,905] {scheduler_job.py:639} INFO - DAG(s) dict_keys(['example_branch_dop_operator_v3']) retrieved from /home/anhcu/Project/Stock_project/airflow_venv/lib/python3.8/site-packages/airflow/example_dags/example_branch_python_dop_operator_3.py
[2024-06-10 10:25:26,907] {logging_mixin.py:103} INFO - [2024-06-10 10:25:26,906] {dag.py:1813} INFO - Sync 1 DAGs
[2024-06-10 10:25:26,933] {logging_mixin.py:103} INFO - [2024-06-10 10:25:26,933] {dag.py:2266} INFO - Setting next_dagrun for example_branch_dop_operator_v3 to 2024-06-08 00:00:00+00:00
[2024-06-10 10:25:26,944] {scheduler_job.py:189} INFO - Processing /home/anhcu/Project/Stock_project/airflow_venv/lib/python3.8/site-packages/airflow/example_dags/example_branch_python_dop_operator_3.py took 0.057 seconds
[2024-06-10 10:25:58,259] {scheduler_job.py:181} INFO - Started process (PID=75606) to work on /home/anhcu/Project/Stock_project/airflow_venv/lib/python3.8/site-packages/airflow/example_dags/example_branch_python_dop_operator_3.py
[2024-06-10 10:25:58,260] {scheduler_job.py:629} INFO - Processing file /home/anhcu/Project/Stock_project/airflow_venv/lib/python3.8/site-packages/airflow/example_dags/example_branch_python_dop_operator_3.py for tasks to queue
[2024-06-10 10:25:58,261] {logging_mixin.py:103} INFO - [2024-06-10 10:25:58,261] {dagbag.py:440} INFO - Filling up the DagBag from /home/anhcu/Project/Stock_project/airflow_venv/lib/python3.8/site-packages/airflow/example_dags/example_branch_python_dop_operator_3.py
[2024-06-10 10:25:58,276] {scheduler_job.py:639} INFO - DAG(s) dict_keys(['example_branch_dop_operator_v3']) retrieved from /home/anhcu/Project/Stock_project/airflow_venv/lib/python3.8/site-packages/airflow/example_dags/example_branch_python_dop_operator_3.py
[2024-06-10 10:25:58,277] {logging_mixin.py:103} INFO - [2024-06-10 10:25:58,277] {dag.py:1813} INFO - Sync 1 DAGs
[2024-06-10 10:25:58,303] {logging_mixin.py:103} INFO - [2024-06-10 10:25:58,303] {dag.py:2266} INFO - Setting next_dagrun for example_branch_dop_operator_v3 to 2024-06-08 00:00:00+00:00
[2024-06-10 10:25:58,316] {scheduler_job.py:189} INFO - Processing /home/anhcu/Project/Stock_project/airflow_venv/lib/python3.8/site-packages/airflow/example_dags/example_branch_python_dop_operator_3.py took 0.061 seconds
[2024-06-10 10:26:24,547] {scheduler_job.py:181} INFO - Started process (PID=75756) to work on /home/anhcu/Project/Stock_project/airflow_venv/lib/python3.8/site-packages/airflow/example_dags/example_branch_python_dop_operator_3.py
[2024-06-10 10:26:24,549] {scheduler_job.py:629} INFO - Processing file /home/anhcu/Project/Stock_project/airflow_venv/lib/python3.8/site-packages/airflow/example_dags/example_branch_python_dop_operator_3.py for tasks to queue
[2024-06-10 10:26:24,550] {logging_mixin.py:103} INFO - [2024-06-10 10:26:24,550] {dagbag.py:440} INFO - Filling up the DagBag from /home/anhcu/Project/Stock_project/airflow_venv/lib/python3.8/site-packages/airflow/example_dags/example_branch_python_dop_operator_3.py
[2024-06-10 10:26:24,562] {scheduler_job.py:639} INFO - DAG(s) dict_keys(['example_branch_dop_operator_v3']) retrieved from /home/anhcu/Project/Stock_project/airflow_venv/lib/python3.8/site-packages/airflow/example_dags/example_branch_python_dop_operator_3.py
[2024-06-10 10:26:24,563] {logging_mixin.py:103} INFO - [2024-06-10 10:26:24,563] {dag.py:1813} INFO - Sync 1 DAGs
[2024-06-10 10:26:24,591] {logging_mixin.py:103} INFO - [2024-06-10 10:26:24,591] {dag.py:2266} INFO - Setting next_dagrun for example_branch_dop_operator_v3 to 2024-06-08 00:00:00+00:00
[2024-06-10 10:26:24,603] {scheduler_job.py:189} INFO - Processing /home/anhcu/Project/Stock_project/airflow_venv/lib/python3.8/site-packages/airflow/example_dags/example_branch_python_dop_operator_3.py took 0.060 seconds
[2024-06-10 10:26:51,973] {scheduler_job.py:181} INFO - Started process (PID=75948) to work on /home/anhcu/Project/Stock_project/airflow_venv/lib/python3.8/site-packages/airflow/example_dags/example_branch_python_dop_operator_3.py
[2024-06-10 10:26:51,975] {scheduler_job.py:629} INFO - Processing file /home/anhcu/Project/Stock_project/airflow_venv/lib/python3.8/site-packages/airflow/example_dags/example_branch_python_dop_operator_3.py for tasks to queue
[2024-06-10 10:26:51,976] {logging_mixin.py:103} INFO - [2024-06-10 10:26:51,976] {dagbag.py:440} INFO - Filling up the DagBag from /home/anhcu/Project/Stock_project/airflow_venv/lib/python3.8/site-packages/airflow/example_dags/example_branch_python_dop_operator_3.py
[2024-06-10 10:26:51,989] {scheduler_job.py:639} INFO - DAG(s) dict_keys(['example_branch_dop_operator_v3']) retrieved from /home/anhcu/Project/Stock_project/airflow_venv/lib/python3.8/site-packages/airflow/example_dags/example_branch_python_dop_operator_3.py
[2024-06-10 10:26:51,990] {logging_mixin.py:103} INFO - [2024-06-10 10:26:51,990] {dag.py:1813} INFO - Sync 1 DAGs
[2024-06-10 10:26:52,016] {logging_mixin.py:103} INFO - [2024-06-10 10:26:52,016] {dag.py:2266} INFO - Setting next_dagrun for example_branch_dop_operator_v3 to 2024-06-08 00:00:00+00:00
[2024-06-10 10:26:52,028] {scheduler_job.py:189} INFO - Processing /home/anhcu/Project/Stock_project/airflow_venv/lib/python3.8/site-packages/airflow/example_dags/example_branch_python_dop_operator_3.py took 0.059 seconds
[2024-06-10 10:27:19,179] {scheduler_job.py:181} INFO - Started process (PID=76103) to work on /home/anhcu/Project/Stock_project/airflow_venv/lib/python3.8/site-packages/airflow/example_dags/example_branch_python_dop_operator_3.py
[2024-06-10 10:27:19,180] {scheduler_job.py:629} INFO - Processing file /home/anhcu/Project/Stock_project/airflow_venv/lib/python3.8/site-packages/airflow/example_dags/example_branch_python_dop_operator_3.py for tasks to queue
[2024-06-10 10:27:19,181] {logging_mixin.py:103} INFO - [2024-06-10 10:27:19,181] {dagbag.py:440} INFO - Filling up the DagBag from /home/anhcu/Project/Stock_project/airflow_venv/lib/python3.8/site-packages/airflow/example_dags/example_branch_python_dop_operator_3.py
[2024-06-10 10:27:19,196] {scheduler_job.py:639} INFO - DAG(s) dict_keys(['example_branch_dop_operator_v3']) retrieved from /home/anhcu/Project/Stock_project/airflow_venv/lib/python3.8/site-packages/airflow/example_dags/example_branch_python_dop_operator_3.py
[2024-06-10 10:27:19,197] {logging_mixin.py:103} INFO - [2024-06-10 10:27:19,197] {dag.py:1813} INFO - Sync 1 DAGs
[2024-06-10 10:27:19,223] {logging_mixin.py:103} INFO - [2024-06-10 10:27:19,223] {dag.py:2266} INFO - Setting next_dagrun for example_branch_dop_operator_v3 to 2024-06-08 00:00:00+00:00
[2024-06-10 10:27:19,248] {scheduler_job.py:189} INFO - Processing /home/anhcu/Project/Stock_project/airflow_venv/lib/python3.8/site-packages/airflow/example_dags/example_branch_python_dop_operator_3.py took 0.072 seconds
[2024-06-10 10:27:48,461] {scheduler_job.py:181} INFO - Started process (PID=76241) to work on /home/anhcu/Project/Stock_project/airflow_venv/lib/python3.8/site-packages/airflow/example_dags/example_branch_python_dop_operator_3.py
[2024-06-10 10:27:48,462] {scheduler_job.py:629} INFO - Processing file /home/anhcu/Project/Stock_project/airflow_venv/lib/python3.8/site-packages/airflow/example_dags/example_branch_python_dop_operator_3.py for tasks to queue
[2024-06-10 10:27:48,463] {logging_mixin.py:103} INFO - [2024-06-10 10:27:48,463] {dagbag.py:440} INFO - Filling up the DagBag from /home/anhcu/Project/Stock_project/airflow_venv/lib/python3.8/site-packages/airflow/example_dags/example_branch_python_dop_operator_3.py
[2024-06-10 10:27:48,476] {scheduler_job.py:639} INFO - DAG(s) dict_keys(['example_branch_dop_operator_v3']) retrieved from /home/anhcu/Project/Stock_project/airflow_venv/lib/python3.8/site-packages/airflow/example_dags/example_branch_python_dop_operator_3.py
[2024-06-10 10:27:48,477] {logging_mixin.py:103} INFO - [2024-06-10 10:27:48,477] {dag.py:1813} INFO - Sync 1 DAGs
[2024-06-10 10:27:48,503] {logging_mixin.py:103} INFO - [2024-06-10 10:27:48,503] {dag.py:2266} INFO - Setting next_dagrun for example_branch_dop_operator_v3 to 2024-06-08 00:00:00+00:00
[2024-06-10 10:27:48,515] {scheduler_job.py:189} INFO - Processing /home/anhcu/Project/Stock_project/airflow_venv/lib/python3.8/site-packages/airflow/example_dags/example_branch_python_dop_operator_3.py took 0.058 seconds
[2024-06-10 10:28:16,473] {scheduler_job.py:181} INFO - Started process (PID=76376) to work on /home/anhcu/Project/Stock_project/airflow_venv/lib/python3.8/site-packages/airflow/example_dags/example_branch_python_dop_operator_3.py
[2024-06-10 10:28:16,475] {scheduler_job.py:629} INFO - Processing file /home/anhcu/Project/Stock_project/airflow_venv/lib/python3.8/site-packages/airflow/example_dags/example_branch_python_dop_operator_3.py for tasks to queue
[2024-06-10 10:28:16,476] {logging_mixin.py:103} INFO - [2024-06-10 10:28:16,476] {dagbag.py:440} INFO - Filling up the DagBag from /home/anhcu/Project/Stock_project/airflow_venv/lib/python3.8/site-packages/airflow/example_dags/example_branch_python_dop_operator_3.py
[2024-06-10 10:28:16,489] {scheduler_job.py:639} INFO - DAG(s) dict_keys(['example_branch_dop_operator_v3']) retrieved from /home/anhcu/Project/Stock_project/airflow_venv/lib/python3.8/site-packages/airflow/example_dags/example_branch_python_dop_operator_3.py
[2024-06-10 10:28:16,490] {logging_mixin.py:103} INFO - [2024-06-10 10:28:16,490] {dag.py:1813} INFO - Sync 1 DAGs
[2024-06-10 10:28:16,515] {logging_mixin.py:103} INFO - [2024-06-10 10:28:16,515] {dag.py:2266} INFO - Setting next_dagrun for example_branch_dop_operator_v3 to 2024-06-08 00:00:00+00:00
[2024-06-10 10:28:16,527] {scheduler_job.py:189} INFO - Processing /home/anhcu/Project/Stock_project/airflow_venv/lib/python3.8/site-packages/airflow/example_dags/example_branch_python_dop_operator_3.py took 0.058 seconds
[2024-06-10 10:28:44,163] {scheduler_job.py:181} INFO - Started process (PID=76513) to work on /home/anhcu/Project/Stock_project/airflow_venv/lib/python3.8/site-packages/airflow/example_dags/example_branch_python_dop_operator_3.py
[2024-06-10 10:28:44,165] {scheduler_job.py:629} INFO - Processing file /home/anhcu/Project/Stock_project/airflow_venv/lib/python3.8/site-packages/airflow/example_dags/example_branch_python_dop_operator_3.py for tasks to queue
[2024-06-10 10:28:44,166] {logging_mixin.py:103} INFO - [2024-06-10 10:28:44,165] {dagbag.py:440} INFO - Filling up the DagBag from /home/anhcu/Project/Stock_project/airflow_venv/lib/python3.8/site-packages/airflow/example_dags/example_branch_python_dop_operator_3.py
[2024-06-10 10:28:44,179] {scheduler_job.py:639} INFO - DAG(s) dict_keys(['example_branch_dop_operator_v3']) retrieved from /home/anhcu/Project/Stock_project/airflow_venv/lib/python3.8/site-packages/airflow/example_dags/example_branch_python_dop_operator_3.py
[2024-06-10 10:28:44,180] {logging_mixin.py:103} INFO - [2024-06-10 10:28:44,180] {dag.py:1813} INFO - Sync 1 DAGs
[2024-06-10 10:28:44,213] {logging_mixin.py:103} INFO - [2024-06-10 10:28:44,213] {dag.py:2266} INFO - Setting next_dagrun for example_branch_dop_operator_v3 to 2024-06-08 00:00:00+00:00
[2024-06-10 10:28:44,225] {scheduler_job.py:189} INFO - Processing /home/anhcu/Project/Stock_project/airflow_venv/lib/python3.8/site-packages/airflow/example_dags/example_branch_python_dop_operator_3.py took 0.066 seconds
[2024-06-10 10:29:11,388] {scheduler_job.py:181} INFO - Started process (PID=76723) to work on /home/anhcu/Project/Stock_project/airflow_venv/lib/python3.8/site-packages/airflow/example_dags/example_branch_python_dop_operator_3.py
[2024-06-10 10:29:11,391] {scheduler_job.py:629} INFO - Processing file /home/anhcu/Project/Stock_project/airflow_venv/lib/python3.8/site-packages/airflow/example_dags/example_branch_python_dop_operator_3.py for tasks to queue
[2024-06-10 10:29:11,392] {logging_mixin.py:103} INFO - [2024-06-10 10:29:11,392] {dagbag.py:440} INFO - Filling up the DagBag from /home/anhcu/Project/Stock_project/airflow_venv/lib/python3.8/site-packages/airflow/example_dags/example_branch_python_dop_operator_3.py
[2024-06-10 10:29:11,410] {scheduler_job.py:639} INFO - DAG(s) dict_keys(['example_branch_dop_operator_v3']) retrieved from /home/anhcu/Project/Stock_project/airflow_venv/lib/python3.8/site-packages/airflow/example_dags/example_branch_python_dop_operator_3.py
[2024-06-10 10:29:11,412] {logging_mixin.py:103} INFO - [2024-06-10 10:29:11,412] {dag.py:1813} INFO - Sync 1 DAGs
[2024-06-10 10:29:11,452] {logging_mixin.py:103} INFO - [2024-06-10 10:29:11,452] {dag.py:2266} INFO - Setting next_dagrun for example_branch_dop_operator_v3 to 2024-06-08 00:00:00+00:00
[2024-06-10 10:29:11,471] {scheduler_job.py:189} INFO - Processing /home/anhcu/Project/Stock_project/airflow_venv/lib/python3.8/site-packages/airflow/example_dags/example_branch_python_dop_operator_3.py took 0.087 seconds
[2024-06-10 10:29:38,685] {scheduler_job.py:181} INFO - Started process (PID=76841) to work on /home/anhcu/Project/Stock_project/airflow_venv/lib/python3.8/site-packages/airflow/example_dags/example_branch_python_dop_operator_3.py
[2024-06-10 10:29:38,688] {scheduler_job.py:629} INFO - Processing file /home/anhcu/Project/Stock_project/airflow_venv/lib/python3.8/site-packages/airflow/example_dags/example_branch_python_dop_operator_3.py for tasks to queue
[2024-06-10 10:29:38,689] {logging_mixin.py:103} INFO - [2024-06-10 10:29:38,689] {dagbag.py:440} INFO - Filling up the DagBag from /home/anhcu/Project/Stock_project/airflow_venv/lib/python3.8/site-packages/airflow/example_dags/example_branch_python_dop_operator_3.py
[2024-06-10 10:29:38,702] {scheduler_job.py:639} INFO - DAG(s) dict_keys(['example_branch_dop_operator_v3']) retrieved from /home/anhcu/Project/Stock_project/airflow_venv/lib/python3.8/site-packages/airflow/example_dags/example_branch_python_dop_operator_3.py
[2024-06-10 10:29:38,704] {logging_mixin.py:103} INFO - [2024-06-10 10:29:38,704] {dag.py:1813} INFO - Sync 1 DAGs
[2024-06-10 10:29:38,744] {logging_mixin.py:103} INFO - [2024-06-10 10:29:38,744] {dag.py:2266} INFO - Setting next_dagrun for example_branch_dop_operator_v3 to 2024-06-08 00:00:00+00:00
[2024-06-10 10:29:38,764] {scheduler_job.py:189} INFO - Processing /home/anhcu/Project/Stock_project/airflow_venv/lib/python3.8/site-packages/airflow/example_dags/example_branch_python_dop_operator_3.py took 0.084 seconds
[2024-06-10 10:30:06,930] {scheduler_job.py:181} INFO - Started process (PID=76993) to work on /home/anhcu/Project/Stock_project/airflow_venv/lib/python3.8/site-packages/airflow/example_dags/example_branch_python_dop_operator_3.py
[2024-06-10 10:30:06,931] {scheduler_job.py:629} INFO - Processing file /home/anhcu/Project/Stock_project/airflow_venv/lib/python3.8/site-packages/airflow/example_dags/example_branch_python_dop_operator_3.py for tasks to queue
[2024-06-10 10:30:06,932] {logging_mixin.py:103} INFO - [2024-06-10 10:30:06,932] {dagbag.py:440} INFO - Filling up the DagBag from /home/anhcu/Project/Stock_project/airflow_venv/lib/python3.8/site-packages/airflow/example_dags/example_branch_python_dop_operator_3.py
[2024-06-10 10:30:06,945] {scheduler_job.py:639} INFO - DAG(s) dict_keys(['example_branch_dop_operator_v3']) retrieved from /home/anhcu/Project/Stock_project/airflow_venv/lib/python3.8/site-packages/airflow/example_dags/example_branch_python_dop_operator_3.py
[2024-06-10 10:30:06,946] {logging_mixin.py:103} INFO - [2024-06-10 10:30:06,946] {dag.py:1813} INFO - Sync 1 DAGs
[2024-06-10 10:30:06,972] {logging_mixin.py:103} INFO - [2024-06-10 10:30:06,972] {dag.py:2266} INFO - Setting next_dagrun for example_branch_dop_operator_v3 to 2024-06-08 00:00:00+00:00
[2024-06-10 10:30:06,983] {scheduler_job.py:189} INFO - Processing /home/anhcu/Project/Stock_project/airflow_venv/lib/python3.8/site-packages/airflow/example_dags/example_branch_python_dop_operator_3.py took 0.057 seconds
[2024-06-10 10:30:33,233] {scheduler_job.py:181} INFO - Started process (PID=77153) to work on /home/anhcu/Project/Stock_project/airflow_venv/lib/python3.8/site-packages/airflow/example_dags/example_branch_python_dop_operator_3.py
[2024-06-10 10:30:33,235] {scheduler_job.py:629} INFO - Processing file /home/anhcu/Project/Stock_project/airflow_venv/lib/python3.8/site-packages/airflow/example_dags/example_branch_python_dop_operator_3.py for tasks to queue
[2024-06-10 10:30:33,237] {logging_mixin.py:103} INFO - [2024-06-10 10:30:33,236] {dagbag.py:440} INFO - Filling up the DagBag from /home/anhcu/Project/Stock_project/airflow_venv/lib/python3.8/site-packages/airflow/example_dags/example_branch_python_dop_operator_3.py
[2024-06-10 10:30:33,251] {scheduler_job.py:639} INFO - DAG(s) dict_keys(['example_branch_dop_operator_v3']) retrieved from /home/anhcu/Project/Stock_project/airflow_venv/lib/python3.8/site-packages/airflow/example_dags/example_branch_python_dop_operator_3.py
[2024-06-10 10:30:33,252] {logging_mixin.py:103} INFO - [2024-06-10 10:30:33,252] {dag.py:1813} INFO - Sync 1 DAGs
[2024-06-10 10:30:33,278] {logging_mixin.py:103} INFO - [2024-06-10 10:30:33,278] {dag.py:2266} INFO - Setting next_dagrun for example_branch_dop_operator_v3 to 2024-06-08 00:00:00+00:00
[2024-06-10 10:30:33,290] {scheduler_job.py:189} INFO - Processing /home/anhcu/Project/Stock_project/airflow_venv/lib/python3.8/site-packages/airflow/example_dags/example_branch_python_dop_operator_3.py took 0.061 seconds
[2024-06-10 10:31:00,870] {scheduler_job.py:181} INFO - Started process (PID=77308) to work on /home/anhcu/Project/Stock_project/airflow_venv/lib/python3.8/site-packages/airflow/example_dags/example_branch_python_dop_operator_3.py
[2024-06-10 10:31:00,871] {scheduler_job.py:629} INFO - Processing file /home/anhcu/Project/Stock_project/airflow_venv/lib/python3.8/site-packages/airflow/example_dags/example_branch_python_dop_operator_3.py for tasks to queue
[2024-06-10 10:31:00,872] {logging_mixin.py:103} INFO - [2024-06-10 10:31:00,872] {dagbag.py:440} INFO - Filling up the DagBag from /home/anhcu/Project/Stock_project/airflow_venv/lib/python3.8/site-packages/airflow/example_dags/example_branch_python_dop_operator_3.py
[2024-06-10 10:31:00,885] {scheduler_job.py:639} INFO - DAG(s) dict_keys(['example_branch_dop_operator_v3']) retrieved from /home/anhcu/Project/Stock_project/airflow_venv/lib/python3.8/site-packages/airflow/example_dags/example_branch_python_dop_operator_3.py
[2024-06-10 10:31:00,886] {logging_mixin.py:103} INFO - [2024-06-10 10:31:00,886] {dag.py:1813} INFO - Sync 1 DAGs
[2024-06-10 10:31:00,914] {logging_mixin.py:103} INFO - [2024-06-10 10:31:00,914] {dag.py:2266} INFO - Setting next_dagrun for example_branch_dop_operator_v3 to 2024-06-08 00:00:00+00:00
[2024-06-10 10:31:00,925] {scheduler_job.py:189} INFO - Processing /home/anhcu/Project/Stock_project/airflow_venv/lib/python3.8/site-packages/airflow/example_dags/example_branch_python_dop_operator_3.py took 0.059 seconds
[2024-06-10 10:31:28,823] {scheduler_job.py:181} INFO - Started process (PID=77462) to work on /home/anhcu/Project/Stock_project/airflow_venv/lib/python3.8/site-packages/airflow/example_dags/example_branch_python_dop_operator_3.py
[2024-06-10 10:31:28,826] {scheduler_job.py:629} INFO - Processing file /home/anhcu/Project/Stock_project/airflow_venv/lib/python3.8/site-packages/airflow/example_dags/example_branch_python_dop_operator_3.py for tasks to queue
[2024-06-10 10:31:28,827] {logging_mixin.py:103} INFO - [2024-06-10 10:31:28,827] {dagbag.py:440} INFO - Filling up the DagBag from /home/anhcu/Project/Stock_project/airflow_venv/lib/python3.8/site-packages/airflow/example_dags/example_branch_python_dop_operator_3.py
[2024-06-10 10:31:28,838] {scheduler_job.py:639} INFO - DAG(s) dict_keys(['example_branch_dop_operator_v3']) retrieved from /home/anhcu/Project/Stock_project/airflow_venv/lib/python3.8/site-packages/airflow/example_dags/example_branch_python_dop_operator_3.py
[2024-06-10 10:31:28,839] {logging_mixin.py:103} INFO - [2024-06-10 10:31:28,839] {dag.py:1813} INFO - Sync 1 DAGs
[2024-06-10 10:31:28,865] {logging_mixin.py:103} INFO - [2024-06-10 10:31:28,865] {dag.py:2266} INFO - Setting next_dagrun for example_branch_dop_operator_v3 to 2024-06-08 00:00:00+00:00
[2024-06-10 10:31:28,876] {scheduler_job.py:189} INFO - Processing /home/anhcu/Project/Stock_project/airflow_venv/lib/python3.8/site-packages/airflow/example_dags/example_branch_python_dop_operator_3.py took 0.058 seconds
[2024-06-10 10:31:57,054] {scheduler_job.py:181} INFO - Started process (PID=77616) to work on /home/anhcu/Project/Stock_project/airflow_venv/lib/python3.8/site-packages/airflow/example_dags/example_branch_python_dop_operator_3.py
[2024-06-10 10:31:57,057] {scheduler_job.py:629} INFO - Processing file /home/anhcu/Project/Stock_project/airflow_venv/lib/python3.8/site-packages/airflow/example_dags/example_branch_python_dop_operator_3.py for tasks to queue
[2024-06-10 10:31:57,058] {logging_mixin.py:103} INFO - [2024-06-10 10:31:57,058] {dagbag.py:440} INFO - Filling up the DagBag from /home/anhcu/Project/Stock_project/airflow_venv/lib/python3.8/site-packages/airflow/example_dags/example_branch_python_dop_operator_3.py
[2024-06-10 10:31:57,073] {scheduler_job.py:639} INFO - DAG(s) dict_keys(['example_branch_dop_operator_v3']) retrieved from /home/anhcu/Project/Stock_project/airflow_venv/lib/python3.8/site-packages/airflow/example_dags/example_branch_python_dop_operator_3.py
[2024-06-10 10:31:57,074] {logging_mixin.py:103} INFO - [2024-06-10 10:31:57,074] {dag.py:1813} INFO - Sync 1 DAGs
[2024-06-10 10:31:57,104] {logging_mixin.py:103} INFO - [2024-06-10 10:31:57,104] {dag.py:2266} INFO - Setting next_dagrun for example_branch_dop_operator_v3 to 2024-06-08 00:00:00+00:00
[2024-06-10 10:31:57,115] {scheduler_job.py:189} INFO - Processing /home/anhcu/Project/Stock_project/airflow_venv/lib/python3.8/site-packages/airflow/example_dags/example_branch_python_dop_operator_3.py took 0.066 seconds
[2024-06-10 10:32:25,452] {scheduler_job.py:181} INFO - Started process (PID=77757) to work on /home/anhcu/Project/Stock_project/airflow_venv/lib/python3.8/site-packages/airflow/example_dags/example_branch_python_dop_operator_3.py
[2024-06-10 10:32:25,453] {scheduler_job.py:629} INFO - Processing file /home/anhcu/Project/Stock_project/airflow_venv/lib/python3.8/site-packages/airflow/example_dags/example_branch_python_dop_operator_3.py for tasks to queue
[2024-06-10 10:32:25,455] {logging_mixin.py:103} INFO - [2024-06-10 10:32:25,454] {dagbag.py:440} INFO - Filling up the DagBag from /home/anhcu/Project/Stock_project/airflow_venv/lib/python3.8/site-packages/airflow/example_dags/example_branch_python_dop_operator_3.py
[2024-06-10 10:32:25,472] {scheduler_job.py:639} INFO - DAG(s) dict_keys(['example_branch_dop_operator_v3']) retrieved from /home/anhcu/Project/Stock_project/airflow_venv/lib/python3.8/site-packages/airflow/example_dags/example_branch_python_dop_operator_3.py
[2024-06-10 10:32:25,474] {logging_mixin.py:103} INFO - [2024-06-10 10:32:25,474] {dag.py:1813} INFO - Sync 1 DAGs
[2024-06-10 10:32:25,501] {logging_mixin.py:103} INFO - [2024-06-10 10:32:25,501] {dag.py:2266} INFO - Setting next_dagrun for example_branch_dop_operator_v3 to 2024-06-08 00:00:00+00:00
[2024-06-10 10:32:25,512] {scheduler_job.py:189} INFO - Processing /home/anhcu/Project/Stock_project/airflow_venv/lib/python3.8/site-packages/airflow/example_dags/example_branch_python_dop_operator_3.py took 0.065 seconds
[2024-06-10 10:32:52,666] {scheduler_job.py:181} INFO - Started process (PID=77969) to work on /home/anhcu/Project/Stock_project/airflow_venv/lib/python3.8/site-packages/airflow/example_dags/example_branch_python_dop_operator_3.py
[2024-06-10 10:32:52,667] {scheduler_job.py:629} INFO - Processing file /home/anhcu/Project/Stock_project/airflow_venv/lib/python3.8/site-packages/airflow/example_dags/example_branch_python_dop_operator_3.py for tasks to queue
[2024-06-10 10:32:52,668] {logging_mixin.py:103} INFO - [2024-06-10 10:32:52,668] {dagbag.py:440} INFO - Filling up the DagBag from /home/anhcu/Project/Stock_project/airflow_venv/lib/python3.8/site-packages/airflow/example_dags/example_branch_python_dop_operator_3.py
[2024-06-10 10:32:52,683] {scheduler_job.py:639} INFO - DAG(s) dict_keys(['example_branch_dop_operator_v3']) retrieved from /home/anhcu/Project/Stock_project/airflow_venv/lib/python3.8/site-packages/airflow/example_dags/example_branch_python_dop_operator_3.py
[2024-06-10 10:32:52,684] {logging_mixin.py:103} INFO - [2024-06-10 10:32:52,684] {dag.py:1813} INFO - Sync 1 DAGs
[2024-06-10 10:32:52,710] {logging_mixin.py:103} INFO - [2024-06-10 10:32:52,710] {dag.py:2266} INFO - Setting next_dagrun for example_branch_dop_operator_v3 to 2024-06-08 00:00:00+00:00
[2024-06-10 10:32:52,722] {scheduler_job.py:189} INFO - Processing /home/anhcu/Project/Stock_project/airflow_venv/lib/python3.8/site-packages/airflow/example_dags/example_branch_python_dop_operator_3.py took 0.059 seconds
[2024-06-10 10:33:20,001] {scheduler_job.py:181} INFO - Started process (PID=78160) to work on /home/anhcu/Project/Stock_project/airflow_venv/lib/python3.8/site-packages/airflow/example_dags/example_branch_python_dop_operator_3.py
[2024-06-10 10:33:20,003] {scheduler_job.py:629} INFO - Processing file /home/anhcu/Project/Stock_project/airflow_venv/lib/python3.8/site-packages/airflow/example_dags/example_branch_python_dop_operator_3.py for tasks to queue
[2024-06-10 10:33:20,004] {logging_mixin.py:103} INFO - [2024-06-10 10:33:20,004] {dagbag.py:440} INFO - Filling up the DagBag from /home/anhcu/Project/Stock_project/airflow_venv/lib/python3.8/site-packages/airflow/example_dags/example_branch_python_dop_operator_3.py
[2024-06-10 10:33:20,022] {scheduler_job.py:639} INFO - DAG(s) dict_keys(['example_branch_dop_operator_v3']) retrieved from /home/anhcu/Project/Stock_project/airflow_venv/lib/python3.8/site-packages/airflow/example_dags/example_branch_python_dop_operator_3.py
[2024-06-10 10:33:20,024] {logging_mixin.py:103} INFO - [2024-06-10 10:33:20,024] {dag.py:1813} INFO - Sync 1 DAGs
[2024-06-10 10:33:20,062] {logging_mixin.py:103} INFO - [2024-06-10 10:33:20,062] {dag.py:2266} INFO - Setting next_dagrun for example_branch_dop_operator_v3 to 2024-06-08 00:00:00+00:00
[2024-06-10 10:33:20,079] {scheduler_job.py:189} INFO - Processing /home/anhcu/Project/Stock_project/airflow_venv/lib/python3.8/site-packages/airflow/example_dags/example_branch_python_dop_operator_3.py took 0.082 seconds
[2024-06-10 10:33:47,460] {scheduler_job.py:181} INFO - Started process (PID=78301) to work on /home/anhcu/Project/Stock_project/airflow_venv/lib/python3.8/site-packages/airflow/example_dags/example_branch_python_dop_operator_3.py
[2024-06-10 10:33:47,463] {scheduler_job.py:629} INFO - Processing file /home/anhcu/Project/Stock_project/airflow_venv/lib/python3.8/site-packages/airflow/example_dags/example_branch_python_dop_operator_3.py for tasks to queue
[2024-06-10 10:33:47,465] {logging_mixin.py:103} INFO - [2024-06-10 10:33:47,465] {dagbag.py:440} INFO - Filling up the DagBag from /home/anhcu/Project/Stock_project/airflow_venv/lib/python3.8/site-packages/airflow/example_dags/example_branch_python_dop_operator_3.py
[2024-06-10 10:33:47,484] {scheduler_job.py:639} INFO - DAG(s) dict_keys(['example_branch_dop_operator_v3']) retrieved from /home/anhcu/Project/Stock_project/airflow_venv/lib/python3.8/site-packages/airflow/example_dags/example_branch_python_dop_operator_3.py
[2024-06-10 10:33:47,486] {logging_mixin.py:103} INFO - [2024-06-10 10:33:47,486] {dag.py:1813} INFO - Sync 1 DAGs
[2024-06-10 10:33:47,530] {logging_mixin.py:103} INFO - [2024-06-10 10:33:47,530] {dag.py:2266} INFO - Setting next_dagrun for example_branch_dop_operator_v3 to 2024-06-08 00:00:00+00:00
[2024-06-10 10:33:47,551] {scheduler_job.py:189} INFO - Processing /home/anhcu/Project/Stock_project/airflow_venv/lib/python3.8/site-packages/airflow/example_dags/example_branch_python_dop_operator_3.py took 0.099 seconds
[2024-06-10 10:34:16,493] {scheduler_job.py:181} INFO - Started process (PID=78477) to work on /home/anhcu/Project/Stock_project/airflow_venv/lib/python3.8/site-packages/airflow/example_dags/example_branch_python_dop_operator_3.py
[2024-06-10 10:34:16,497] {scheduler_job.py:629} INFO - Processing file /home/anhcu/Project/Stock_project/airflow_venv/lib/python3.8/site-packages/airflow/example_dags/example_branch_python_dop_operator_3.py for tasks to queue
[2024-06-10 10:34:16,499] {logging_mixin.py:103} INFO - [2024-06-10 10:34:16,499] {dagbag.py:440} INFO - Filling up the DagBag from /home/anhcu/Project/Stock_project/airflow_venv/lib/python3.8/site-packages/airflow/example_dags/example_branch_python_dop_operator_3.py
[2024-06-10 10:34:16,535] {scheduler_job.py:639} INFO - DAG(s) dict_keys(['example_branch_dop_operator_v3']) retrieved from /home/anhcu/Project/Stock_project/airflow_venv/lib/python3.8/site-packages/airflow/example_dags/example_branch_python_dop_operator_3.py
[2024-06-10 10:34:16,539] {logging_mixin.py:103} INFO - [2024-06-10 10:34:16,539] {dag.py:1813} INFO - Sync 1 DAGs
[2024-06-10 10:34:16,584] {logging_mixin.py:103} INFO - [2024-06-10 10:34:16,584] {dag.py:2266} INFO - Setting next_dagrun for example_branch_dop_operator_v3 to 2024-06-08 00:00:00+00:00
[2024-06-10 10:34:16,602] {scheduler_job.py:189} INFO - Processing /home/anhcu/Project/Stock_project/airflow_venv/lib/python3.8/site-packages/airflow/example_dags/example_branch_python_dop_operator_3.py took 0.117 seconds
[2024-06-10 10:34:43,948] {scheduler_job.py:181} INFO - Started process (PID=78667) to work on /home/anhcu/Project/Stock_project/airflow_venv/lib/python3.8/site-packages/airflow/example_dags/example_branch_python_dop_operator_3.py
[2024-06-10 10:34:43,949] {scheduler_job.py:629} INFO - Processing file /home/anhcu/Project/Stock_project/airflow_venv/lib/python3.8/site-packages/airflow/example_dags/example_branch_python_dop_operator_3.py for tasks to queue
[2024-06-10 10:34:43,950] {logging_mixin.py:103} INFO - [2024-06-10 10:34:43,950] {dagbag.py:440} INFO - Filling up the DagBag from /home/anhcu/Project/Stock_project/airflow_venv/lib/python3.8/site-packages/airflow/example_dags/example_branch_python_dop_operator_3.py
[2024-06-10 10:34:43,965] {scheduler_job.py:639} INFO - DAG(s) dict_keys(['example_branch_dop_operator_v3']) retrieved from /home/anhcu/Project/Stock_project/airflow_venv/lib/python3.8/site-packages/airflow/example_dags/example_branch_python_dop_operator_3.py
[2024-06-10 10:34:43,966] {logging_mixin.py:103} INFO - [2024-06-10 10:34:43,966] {dag.py:1813} INFO - Sync 1 DAGs
[2024-06-10 10:34:43,993] {logging_mixin.py:103} INFO - [2024-06-10 10:34:43,992] {dag.py:2266} INFO - Setting next_dagrun for example_branch_dop_operator_v3 to 2024-06-08 00:00:00+00:00
[2024-06-10 10:34:44,004] {scheduler_job.py:189} INFO - Processing /home/anhcu/Project/Stock_project/airflow_venv/lib/python3.8/site-packages/airflow/example_dags/example_branch_python_dop_operator_3.py took 0.060 seconds
[2024-06-10 10:35:11,272] {scheduler_job.py:181} INFO - Started process (PID=78905) to work on /home/anhcu/Project/Stock_project/airflow_venv/lib/python3.8/site-packages/airflow/example_dags/example_branch_python_dop_operator_3.py
[2024-06-10 10:35:11,274] {scheduler_job.py:629} INFO - Processing file /home/anhcu/Project/Stock_project/airflow_venv/lib/python3.8/site-packages/airflow/example_dags/example_branch_python_dop_operator_3.py for tasks to queue
[2024-06-10 10:35:11,276] {logging_mixin.py:103} INFO - [2024-06-10 10:35:11,276] {dagbag.py:440} INFO - Filling up the DagBag from /home/anhcu/Project/Stock_project/airflow_venv/lib/python3.8/site-packages/airflow/example_dags/example_branch_python_dop_operator_3.py
[2024-06-10 10:35:11,299] {scheduler_job.py:639} INFO - DAG(s) dict_keys(['example_branch_dop_operator_v3']) retrieved from /home/anhcu/Project/Stock_project/airflow_venv/lib/python3.8/site-packages/airflow/example_dags/example_branch_python_dop_operator_3.py
[2024-06-10 10:35:11,300] {logging_mixin.py:103} INFO - [2024-06-10 10:35:11,300] {dag.py:1813} INFO - Sync 1 DAGs
[2024-06-10 10:35:11,354] {logging_mixin.py:103} INFO - [2024-06-10 10:35:11,354] {dag.py:2266} INFO - Setting next_dagrun for example_branch_dop_operator_v3 to 2024-06-08 00:00:00+00:00
[2024-06-10 10:35:11,372] {scheduler_job.py:189} INFO - Processing /home/anhcu/Project/Stock_project/airflow_venv/lib/python3.8/site-packages/airflow/example_dags/example_branch_python_dop_operator_3.py took 0.105 seconds
[2024-06-10 10:36:09,130] {scheduler_job.py:181} INFO - Started process (PID=79629) to work on /home/anhcu/Project/Stock_project/airflow_venv/lib/python3.8/site-packages/airflow/example_dags/example_branch_python_dop_operator_3.py
[2024-06-10 10:36:09,131] {scheduler_job.py:629} INFO - Processing file /home/anhcu/Project/Stock_project/airflow_venv/lib/python3.8/site-packages/airflow/example_dags/example_branch_python_dop_operator_3.py for tasks to queue
[2024-06-10 10:36:09,132] {logging_mixin.py:103} INFO - [2024-06-10 10:36:09,132] {dagbag.py:440} INFO - Filling up the DagBag from /home/anhcu/Project/Stock_project/airflow_venv/lib/python3.8/site-packages/airflow/example_dags/example_branch_python_dop_operator_3.py
[2024-06-10 10:36:09,145] {scheduler_job.py:639} INFO - DAG(s) dict_keys(['example_branch_dop_operator_v3']) retrieved from /home/anhcu/Project/Stock_project/airflow_venv/lib/python3.8/site-packages/airflow/example_dags/example_branch_python_dop_operator_3.py
[2024-06-10 10:36:09,146] {logging_mixin.py:103} INFO - [2024-06-10 10:36:09,146] {dag.py:1813} INFO - Sync 1 DAGs
[2024-06-10 10:36:09,172] {logging_mixin.py:103} INFO - [2024-06-10 10:36:09,172] {dag.py:2266} INFO - Setting next_dagrun for example_branch_dop_operator_v3 to 2024-06-08 00:00:00+00:00
[2024-06-10 10:36:09,184] {scheduler_job.py:189} INFO - Processing /home/anhcu/Project/Stock_project/airflow_venv/lib/python3.8/site-packages/airflow/example_dags/example_branch_python_dop_operator_3.py took 0.058 seconds
