[2024-06-10 09:58:08,632] {scheduler_job.py:181} INFO - Started process (PID=62643) to work on /home/anhcu/Project/Stock_project/airflow_venv/lib/python3.8/site-packages/airflow/example_dags/example_task_group.py
[2024-06-10 09:58:08,635] {scheduler_job.py:629} INFO - Processing file /home/anhcu/Project/Stock_project/airflow_venv/lib/python3.8/site-packages/airflow/example_dags/example_task_group.py for tasks to queue
[2024-06-10 09:58:08,636] {logging_mixin.py:103} INFO - [2024-06-10 09:58:08,636] {dagbag.py:440} INFO - Filling up the DagBag from /home/anhcu/Project/Stock_project/airflow_venv/lib/python3.8/site-packages/airflow/example_dags/example_task_group.py
[2024-06-10 09:58:08,651] {scheduler_job.py:639} INFO - DAG(s) dict_keys(['example_task_group']) retrieved from /home/anhcu/Project/Stock_project/airflow_venv/lib/python3.8/site-packages/airflow/example_dags/example_task_group.py
[2024-06-10 09:58:08,653] {logging_mixin.py:103} INFO - [2024-06-10 09:58:08,653] {dag.py:1813} INFO - Sync 1 DAGs
[2024-06-10 09:58:08,677] {logging_mixin.py:103} INFO - [2024-06-10 09:58:08,677] {dag.py:2266} INFO - Setting next_dagrun for example_task_group to 2024-06-08 00:00:00+00:00
[2024-06-10 09:58:08,717] {scheduler_job.py:189} INFO - Processing /home/anhcu/Project/Stock_project/airflow_venv/lib/python3.8/site-packages/airflow/example_dags/example_task_group.py took 0.090 seconds
[2024-06-10 09:59:04,722] {scheduler_job.py:181} INFO - Started process (PID=62864) to work on /home/anhcu/Project/Stock_project/airflow_venv/lib/python3.8/site-packages/airflow/example_dags/example_task_group.py
[2024-06-10 09:59:04,724] {scheduler_job.py:629} INFO - Processing file /home/anhcu/Project/Stock_project/airflow_venv/lib/python3.8/site-packages/airflow/example_dags/example_task_group.py for tasks to queue
[2024-06-10 09:59:04,725] {logging_mixin.py:103} INFO - [2024-06-10 09:59:04,725] {dagbag.py:440} INFO - Filling up the DagBag from /home/anhcu/Project/Stock_project/airflow_venv/lib/python3.8/site-packages/airflow/example_dags/example_task_group.py
[2024-06-10 09:59:04,883] {scheduler_job.py:639} INFO - DAG(s) dict_keys(['example_task_group']) retrieved from /home/anhcu/Project/Stock_project/airflow_venv/lib/python3.8/site-packages/airflow/example_dags/example_task_group.py
[2024-06-10 09:59:04,889] {logging_mixin.py:103} INFO - [2024-06-10 09:59:04,888] {dag.py:1813} INFO - Sync 1 DAGs
[2024-06-10 09:59:04,931] {logging_mixin.py:103} INFO - [2024-06-10 09:59:04,931] {dag.py:2266} INFO - Setting next_dagrun for example_task_group to 2024-06-08 00:00:00+00:00
[2024-06-10 09:59:04,973] {scheduler_job.py:189} INFO - Processing /home/anhcu/Project/Stock_project/airflow_venv/lib/python3.8/site-packages/airflow/example_dags/example_task_group.py took 0.267 seconds
[2024-06-10 09:59:54,408] {scheduler_job.py:181} INFO - Started process (PID=63238) to work on /home/anhcu/Project/Stock_project/airflow_venv/lib/python3.8/site-packages/airflow/example_dags/example_task_group.py
[2024-06-10 09:59:54,416] {scheduler_job.py:629} INFO - Processing file /home/anhcu/Project/Stock_project/airflow_venv/lib/python3.8/site-packages/airflow/example_dags/example_task_group.py for tasks to queue
[2024-06-10 09:59:54,418] {logging_mixin.py:103} INFO - [2024-06-10 09:59:54,418] {dagbag.py:440} INFO - Filling up the DagBag from /home/anhcu/Project/Stock_project/airflow_venv/lib/python3.8/site-packages/airflow/example_dags/example_task_group.py
[2024-06-10 09:59:54,447] {scheduler_job.py:639} INFO - DAG(s) dict_keys(['example_task_group']) retrieved from /home/anhcu/Project/Stock_project/airflow_venv/lib/python3.8/site-packages/airflow/example_dags/example_task_group.py
[2024-06-10 09:59:54,454] {logging_mixin.py:103} INFO - [2024-06-10 09:59:54,454] {dag.py:1813} INFO - Sync 1 DAGs
[2024-06-10 09:59:54,871] {logging_mixin.py:103} INFO - [2024-06-10 09:59:54,871] {dag.py:2266} INFO - Setting next_dagrun for example_task_group to 2024-06-08 00:00:00+00:00
[2024-06-10 09:59:54,894] {scheduler_job.py:189} INFO - Processing /home/anhcu/Project/Stock_project/airflow_venv/lib/python3.8/site-packages/airflow/example_dags/example_task_group.py took 0.491 seconds
[2024-06-10 10:00:41,682] {scheduler_job.py:181} INFO - Started process (PID=63545) to work on /home/anhcu/Project/Stock_project/airflow_venv/lib/python3.8/site-packages/airflow/example_dags/example_task_group.py
[2024-06-10 10:00:41,684] {scheduler_job.py:629} INFO - Processing file /home/anhcu/Project/Stock_project/airflow_venv/lib/python3.8/site-packages/airflow/example_dags/example_task_group.py for tasks to queue
[2024-06-10 10:00:41,686] {logging_mixin.py:103} INFO - [2024-06-10 10:00:41,685] {dagbag.py:440} INFO - Filling up the DagBag from /home/anhcu/Project/Stock_project/airflow_venv/lib/python3.8/site-packages/airflow/example_dags/example_task_group.py
[2024-06-10 10:00:41,734] {scheduler_job.py:639} INFO - DAG(s) dict_keys(['example_task_group']) retrieved from /home/anhcu/Project/Stock_project/airflow_venv/lib/python3.8/site-packages/airflow/example_dags/example_task_group.py
[2024-06-10 10:00:41,736] {logging_mixin.py:103} INFO - [2024-06-10 10:00:41,736] {dag.py:1813} INFO - Sync 1 DAGs
[2024-06-10 10:00:41,919] {logging_mixin.py:103} INFO - [2024-06-10 10:00:41,919] {dag.py:2266} INFO - Setting next_dagrun for example_task_group to 2024-06-08 00:00:00+00:00
[2024-06-10 10:00:41,956] {scheduler_job.py:189} INFO - Processing /home/anhcu/Project/Stock_project/airflow_venv/lib/python3.8/site-packages/airflow/example_dags/example_task_group.py took 0.304 seconds
[2024-06-10 10:01:27,711] {scheduler_job.py:181} INFO - Started process (PID=63808) to work on /home/anhcu/Project/Stock_project/airflow_venv/lib/python3.8/site-packages/airflow/example_dags/example_task_group.py
[2024-06-10 10:01:27,713] {scheduler_job.py:629} INFO - Processing file /home/anhcu/Project/Stock_project/airflow_venv/lib/python3.8/site-packages/airflow/example_dags/example_task_group.py for tasks to queue
[2024-06-10 10:01:27,715] {logging_mixin.py:103} INFO - [2024-06-10 10:01:27,715] {dagbag.py:440} INFO - Filling up the DagBag from /home/anhcu/Project/Stock_project/airflow_venv/lib/python3.8/site-packages/airflow/example_dags/example_task_group.py
[2024-06-10 10:01:27,948] {scheduler_job.py:639} INFO - DAG(s) dict_keys(['example_task_group']) retrieved from /home/anhcu/Project/Stock_project/airflow_venv/lib/python3.8/site-packages/airflow/example_dags/example_task_group.py
[2024-06-10 10:01:27,950] {logging_mixin.py:103} INFO - [2024-06-10 10:01:27,950] {dag.py:1813} INFO - Sync 1 DAGs
[2024-06-10 10:01:28,210] {logging_mixin.py:103} INFO - [2024-06-10 10:01:28,210] {dag.py:2266} INFO - Setting next_dagrun for example_task_group to 2024-06-08 00:00:00+00:00
[2024-06-10 10:01:28,430] {scheduler_job.py:189} INFO - Processing /home/anhcu/Project/Stock_project/airflow_venv/lib/python3.8/site-packages/airflow/example_dags/example_task_group.py took 0.728 seconds
[2024-06-10 10:02:13,951] {scheduler_job.py:181} INFO - Started process (PID=64069) to work on /home/anhcu/Project/Stock_project/airflow_venv/lib/python3.8/site-packages/airflow/example_dags/example_task_group.py
[2024-06-10 10:02:13,953] {scheduler_job.py:629} INFO - Processing file /home/anhcu/Project/Stock_project/airflow_venv/lib/python3.8/site-packages/airflow/example_dags/example_task_group.py for tasks to queue
[2024-06-10 10:02:13,954] {logging_mixin.py:103} INFO - [2024-06-10 10:02:13,954] {dagbag.py:440} INFO - Filling up the DagBag from /home/anhcu/Project/Stock_project/airflow_venv/lib/python3.8/site-packages/airflow/example_dags/example_task_group.py
[2024-06-10 10:02:13,968] {scheduler_job.py:639} INFO - DAG(s) dict_keys(['example_task_group']) retrieved from /home/anhcu/Project/Stock_project/airflow_venv/lib/python3.8/site-packages/airflow/example_dags/example_task_group.py
[2024-06-10 10:02:13,970] {logging_mixin.py:103} INFO - [2024-06-10 10:02:13,970] {dag.py:1813} INFO - Sync 1 DAGs
[2024-06-10 10:02:14,124] {logging_mixin.py:103} INFO - [2024-06-10 10:02:14,124] {dag.py:2266} INFO - Setting next_dagrun for example_task_group to 2024-06-08 00:00:00+00:00
[2024-06-10 10:02:14,143] {scheduler_job.py:189} INFO - Processing /home/anhcu/Project/Stock_project/airflow_venv/lib/python3.8/site-packages/airflow/example_dags/example_task_group.py took 0.208 seconds
[2024-06-10 10:04:13,908] {scheduler_job.py:181} INFO - Started process (PID=65216) to work on /home/anhcu/Project/Stock_project/airflow_venv/lib/python3.8/site-packages/airflow/example_dags/example_task_group.py
[2024-06-10 10:04:13,911] {scheduler_job.py:629} INFO - Processing file /home/anhcu/Project/Stock_project/airflow_venv/lib/python3.8/site-packages/airflow/example_dags/example_task_group.py for tasks to queue
[2024-06-10 10:04:13,912] {logging_mixin.py:103} INFO - [2024-06-10 10:04:13,912] {dagbag.py:440} INFO - Filling up the DagBag from /home/anhcu/Project/Stock_project/airflow_venv/lib/python3.8/site-packages/airflow/example_dags/example_task_group.py
[2024-06-10 10:04:13,928] {scheduler_job.py:639} INFO - DAG(s) dict_keys(['example_task_group']) retrieved from /home/anhcu/Project/Stock_project/airflow_venv/lib/python3.8/site-packages/airflow/example_dags/example_task_group.py
[2024-06-10 10:04:13,938] {logging_mixin.py:103} INFO - [2024-06-10 10:04:13,937] {dag.py:1813} INFO - Sync 1 DAGs
[2024-06-10 10:04:13,979] {logging_mixin.py:103} INFO - [2024-06-10 10:04:13,979] {dag.py:2266} INFO - Setting next_dagrun for example_task_group to 2024-06-08 00:00:00+00:00
[2024-06-10 10:04:14,125] {scheduler_job.py:189} INFO - Processing /home/anhcu/Project/Stock_project/airflow_venv/lib/python3.8/site-packages/airflow/example_dags/example_task_group.py took 0.222 seconds
[2024-06-10 10:05:22,683] {scheduler_job.py:181} INFO - Started process (PID=65909) to work on /home/anhcu/Project/Stock_project/airflow_venv/lib/python3.8/site-packages/airflow/example_dags/example_task_group.py
[2024-06-10 10:05:22,689] {scheduler_job.py:629} INFO - Processing file /home/anhcu/Project/Stock_project/airflow_venv/lib/python3.8/site-packages/airflow/example_dags/example_task_group.py for tasks to queue
[2024-06-10 10:05:22,693] {logging_mixin.py:103} INFO - [2024-06-10 10:05:22,693] {dagbag.py:440} INFO - Filling up the DagBag from /home/anhcu/Project/Stock_project/airflow_venv/lib/python3.8/site-packages/airflow/example_dags/example_task_group.py
[2024-06-10 10:05:22,709] {scheduler_job.py:639} INFO - DAG(s) dict_keys(['example_task_group']) retrieved from /home/anhcu/Project/Stock_project/airflow_venv/lib/python3.8/site-packages/airflow/example_dags/example_task_group.py
[2024-06-10 10:05:22,713] {logging_mixin.py:103} INFO - [2024-06-10 10:05:22,713] {dag.py:1813} INFO - Sync 1 DAGs
[2024-06-10 10:05:22,883] {logging_mixin.py:103} INFO - [2024-06-10 10:05:22,883] {dag.py:2266} INFO - Setting next_dagrun for example_task_group to 2024-06-08 00:00:00+00:00
[2024-06-10 10:05:22,902] {scheduler_job.py:189} INFO - Processing /home/anhcu/Project/Stock_project/airflow_venv/lib/python3.8/site-packages/airflow/example_dags/example_task_group.py took 0.224 seconds
[2024-06-10 10:07:36,122] {scheduler_job.py:181} INFO - Started process (PID=67204) to work on /home/anhcu/Project/Stock_project/airflow_venv/lib/python3.8/site-packages/airflow/example_dags/example_task_group.py
[2024-06-10 10:07:36,125] {scheduler_job.py:629} INFO - Processing file /home/anhcu/Project/Stock_project/airflow_venv/lib/python3.8/site-packages/airflow/example_dags/example_task_group.py for tasks to queue
[2024-06-10 10:07:36,125] {logging_mixin.py:103} INFO - [2024-06-10 10:07:36,125] {dagbag.py:440} INFO - Filling up the DagBag from /home/anhcu/Project/Stock_project/airflow_venv/lib/python3.8/site-packages/airflow/example_dags/example_task_group.py
[2024-06-10 10:07:36,132] {scheduler_job.py:639} INFO - DAG(s) dict_keys(['example_task_group']) retrieved from /home/anhcu/Project/Stock_project/airflow_venv/lib/python3.8/site-packages/airflow/example_dags/example_task_group.py
[2024-06-10 10:07:36,133] {logging_mixin.py:103} INFO - [2024-06-10 10:07:36,133] {dag.py:1813} INFO - Sync 1 DAGs
[2024-06-10 10:07:36,149] {logging_mixin.py:103} INFO - [2024-06-10 10:07:36,149] {dag.py:2266} INFO - Setting next_dagrun for example_task_group to 2024-06-08 00:00:00+00:00
[2024-06-10 10:07:36,162] {scheduler_job.py:189} INFO - Processing /home/anhcu/Project/Stock_project/airflow_venv/lib/python3.8/site-packages/airflow/example_dags/example_task_group.py took 0.044 seconds
[2024-06-10 10:08:05,401] {scheduler_job.py:181} INFO - Started process (PID=67395) to work on /home/anhcu/Project/Stock_project/airflow_venv/lib/python3.8/site-packages/airflow/example_dags/example_task_group.py
[2024-06-10 10:08:05,403] {scheduler_job.py:629} INFO - Processing file /home/anhcu/Project/Stock_project/airflow_venv/lib/python3.8/site-packages/airflow/example_dags/example_task_group.py for tasks to queue
[2024-06-10 10:08:05,404] {logging_mixin.py:103} INFO - [2024-06-10 10:08:05,404] {dagbag.py:440} INFO - Filling up the DagBag from /home/anhcu/Project/Stock_project/airflow_venv/lib/python3.8/site-packages/airflow/example_dags/example_task_group.py
[2024-06-10 10:08:05,410] {scheduler_job.py:639} INFO - DAG(s) dict_keys(['example_task_group']) retrieved from /home/anhcu/Project/Stock_project/airflow_venv/lib/python3.8/site-packages/airflow/example_dags/example_task_group.py
[2024-06-10 10:08:05,411] {logging_mixin.py:103} INFO - [2024-06-10 10:08:05,411] {dag.py:1813} INFO - Sync 1 DAGs
[2024-06-10 10:08:05,428] {logging_mixin.py:103} INFO - [2024-06-10 10:08:05,428] {dag.py:2266} INFO - Setting next_dagrun for example_task_group to 2024-06-08 00:00:00+00:00
[2024-06-10 10:08:05,442] {scheduler_job.py:189} INFO - Processing /home/anhcu/Project/Stock_project/airflow_venv/lib/python3.8/site-packages/airflow/example_dags/example_task_group.py took 0.044 seconds
[2024-06-10 10:08:33,725] {scheduler_job.py:181} INFO - Started process (PID=67592) to work on /home/anhcu/Project/Stock_project/airflow_venv/lib/python3.8/site-packages/airflow/example_dags/example_task_group.py
[2024-06-10 10:08:33,727] {scheduler_job.py:629} INFO - Processing file /home/anhcu/Project/Stock_project/airflow_venv/lib/python3.8/site-packages/airflow/example_dags/example_task_group.py for tasks to queue
[2024-06-10 10:08:33,727] {logging_mixin.py:103} INFO - [2024-06-10 10:08:33,727] {dagbag.py:440} INFO - Filling up the DagBag from /home/anhcu/Project/Stock_project/airflow_venv/lib/python3.8/site-packages/airflow/example_dags/example_task_group.py
[2024-06-10 10:08:33,734] {scheduler_job.py:639} INFO - DAG(s) dict_keys(['example_task_group']) retrieved from /home/anhcu/Project/Stock_project/airflow_venv/lib/python3.8/site-packages/airflow/example_dags/example_task_group.py
[2024-06-10 10:08:33,735] {logging_mixin.py:103} INFO - [2024-06-10 10:08:33,735] {dag.py:1813} INFO - Sync 1 DAGs
[2024-06-10 10:08:33,751] {logging_mixin.py:103} INFO - [2024-06-10 10:08:33,751] {dag.py:2266} INFO - Setting next_dagrun for example_task_group to 2024-06-08 00:00:00+00:00
[2024-06-10 10:08:33,763] {scheduler_job.py:189} INFO - Processing /home/anhcu/Project/Stock_project/airflow_venv/lib/python3.8/site-packages/airflow/example_dags/example_task_group.py took 0.043 seconds
[2024-06-10 10:09:01,084] {scheduler_job.py:181} INFO - Started process (PID=67781) to work on /home/anhcu/Project/Stock_project/airflow_venv/lib/python3.8/site-packages/airflow/example_dags/example_task_group.py
[2024-06-10 10:09:01,086] {scheduler_job.py:629} INFO - Processing file /home/anhcu/Project/Stock_project/airflow_venv/lib/python3.8/site-packages/airflow/example_dags/example_task_group.py for tasks to queue
[2024-06-10 10:09:01,087] {logging_mixin.py:103} INFO - [2024-06-10 10:09:01,086] {dagbag.py:440} INFO - Filling up the DagBag from /home/anhcu/Project/Stock_project/airflow_venv/lib/python3.8/site-packages/airflow/example_dags/example_task_group.py
[2024-06-10 10:09:01,094] {scheduler_job.py:639} INFO - DAG(s) dict_keys(['example_task_group']) retrieved from /home/anhcu/Project/Stock_project/airflow_venv/lib/python3.8/site-packages/airflow/example_dags/example_task_group.py
[2024-06-10 10:09:01,096] {logging_mixin.py:103} INFO - [2024-06-10 10:09:01,096] {dag.py:1813} INFO - Sync 1 DAGs
[2024-06-10 10:09:01,116] {logging_mixin.py:103} INFO - [2024-06-10 10:09:01,116] {dag.py:2266} INFO - Setting next_dagrun for example_task_group to 2024-06-08 00:00:00+00:00
[2024-06-10 10:09:01,134] {scheduler_job.py:189} INFO - Processing /home/anhcu/Project/Stock_project/airflow_venv/lib/python3.8/site-packages/airflow/example_dags/example_task_group.py took 0.058 seconds
[2024-06-10 10:09:27,651] {scheduler_job.py:181} INFO - Started process (PID=67937) to work on /home/anhcu/Project/Stock_project/airflow_venv/lib/python3.8/site-packages/airflow/example_dags/example_task_group.py
[2024-06-10 10:09:27,653] {scheduler_job.py:629} INFO - Processing file /home/anhcu/Project/Stock_project/airflow_venv/lib/python3.8/site-packages/airflow/example_dags/example_task_group.py for tasks to queue
[2024-06-10 10:09:27,654] {logging_mixin.py:103} INFO - [2024-06-10 10:09:27,654] {dagbag.py:440} INFO - Filling up the DagBag from /home/anhcu/Project/Stock_project/airflow_venv/lib/python3.8/site-packages/airflow/example_dags/example_task_group.py
[2024-06-10 10:09:27,664] {scheduler_job.py:639} INFO - DAG(s) dict_keys(['example_task_group']) retrieved from /home/anhcu/Project/Stock_project/airflow_venv/lib/python3.8/site-packages/airflow/example_dags/example_task_group.py
[2024-06-10 10:09:27,675] {logging_mixin.py:103} INFO - [2024-06-10 10:09:27,675] {dag.py:1813} INFO - Sync 1 DAGs
[2024-06-10 10:09:27,698] {logging_mixin.py:103} INFO - [2024-06-10 10:09:27,698] {dag.py:2266} INFO - Setting next_dagrun for example_task_group to 2024-06-08 00:00:00+00:00
[2024-06-10 10:09:27,718] {scheduler_job.py:189} INFO - Processing /home/anhcu/Project/Stock_project/airflow_venv/lib/python3.8/site-packages/airflow/example_dags/example_task_group.py took 0.071 seconds
[2024-06-10 10:09:55,632] {scheduler_job.py:181} INFO - Started process (PID=68095) to work on /home/anhcu/Project/Stock_project/airflow_venv/lib/python3.8/site-packages/airflow/example_dags/example_task_group.py
[2024-06-10 10:09:55,634] {scheduler_job.py:629} INFO - Processing file /home/anhcu/Project/Stock_project/airflow_venv/lib/python3.8/site-packages/airflow/example_dags/example_task_group.py for tasks to queue
[2024-06-10 10:09:55,635] {logging_mixin.py:103} INFO - [2024-06-10 10:09:55,635] {dagbag.py:440} INFO - Filling up the DagBag from /home/anhcu/Project/Stock_project/airflow_venv/lib/python3.8/site-packages/airflow/example_dags/example_task_group.py
[2024-06-10 10:09:55,641] {scheduler_job.py:639} INFO - DAG(s) dict_keys(['example_task_group']) retrieved from /home/anhcu/Project/Stock_project/airflow_venv/lib/python3.8/site-packages/airflow/example_dags/example_task_group.py
[2024-06-10 10:09:55,643] {logging_mixin.py:103} INFO - [2024-06-10 10:09:55,642] {dag.py:1813} INFO - Sync 1 DAGs
[2024-06-10 10:09:55,660] {logging_mixin.py:103} INFO - [2024-06-10 10:09:55,660] {dag.py:2266} INFO - Setting next_dagrun for example_task_group to 2024-06-08 00:00:00+00:00
[2024-06-10 10:09:55,672] {scheduler_job.py:189} INFO - Processing /home/anhcu/Project/Stock_project/airflow_venv/lib/python3.8/site-packages/airflow/example_dags/example_task_group.py took 0.044 seconds
[2024-06-10 10:10:24,393] {scheduler_job.py:181} INFO - Started process (PID=68255) to work on /home/anhcu/Project/Stock_project/airflow_venv/lib/python3.8/site-packages/airflow/example_dags/example_task_group.py
[2024-06-10 10:10:24,395] {scheduler_job.py:629} INFO - Processing file /home/anhcu/Project/Stock_project/airflow_venv/lib/python3.8/site-packages/airflow/example_dags/example_task_group.py for tasks to queue
[2024-06-10 10:10:24,396] {logging_mixin.py:103} INFO - [2024-06-10 10:10:24,396] {dagbag.py:440} INFO - Filling up the DagBag from /home/anhcu/Project/Stock_project/airflow_venv/lib/python3.8/site-packages/airflow/example_dags/example_task_group.py
[2024-06-10 10:10:24,405] {scheduler_job.py:639} INFO - DAG(s) dict_keys(['example_task_group']) retrieved from /home/anhcu/Project/Stock_project/airflow_venv/lib/python3.8/site-packages/airflow/example_dags/example_task_group.py
[2024-06-10 10:10:24,406] {logging_mixin.py:103} INFO - [2024-06-10 10:10:24,406] {dag.py:1813} INFO - Sync 1 DAGs
[2024-06-10 10:10:24,426] {logging_mixin.py:103} INFO - [2024-06-10 10:10:24,426] {dag.py:2266} INFO - Setting next_dagrun for example_task_group to 2024-06-08 00:00:00+00:00
[2024-06-10 10:10:24,441] {scheduler_job.py:189} INFO - Processing /home/anhcu/Project/Stock_project/airflow_venv/lib/python3.8/site-packages/airflow/example_dags/example_task_group.py took 0.051 seconds
[2024-06-10 10:10:51,778] {scheduler_job.py:181} INFO - Started process (PID=68413) to work on /home/anhcu/Project/Stock_project/airflow_venv/lib/python3.8/site-packages/airflow/example_dags/example_task_group.py
[2024-06-10 10:10:51,780] {scheduler_job.py:629} INFO - Processing file /home/anhcu/Project/Stock_project/airflow_venv/lib/python3.8/site-packages/airflow/example_dags/example_task_group.py for tasks to queue
[2024-06-10 10:10:51,781] {logging_mixin.py:103} INFO - [2024-06-10 10:10:51,781] {dagbag.py:440} INFO - Filling up the DagBag from /home/anhcu/Project/Stock_project/airflow_venv/lib/python3.8/site-packages/airflow/example_dags/example_task_group.py
[2024-06-10 10:10:51,787] {scheduler_job.py:639} INFO - DAG(s) dict_keys(['example_task_group']) retrieved from /home/anhcu/Project/Stock_project/airflow_venv/lib/python3.8/site-packages/airflow/example_dags/example_task_group.py
[2024-06-10 10:10:51,788] {logging_mixin.py:103} INFO - [2024-06-10 10:10:51,788] {dag.py:1813} INFO - Sync 1 DAGs
[2024-06-10 10:10:51,803] {logging_mixin.py:103} INFO - [2024-06-10 10:10:51,803] {dag.py:2266} INFO - Setting next_dagrun for example_task_group to 2024-06-08 00:00:00+00:00
[2024-06-10 10:10:51,815] {scheduler_job.py:189} INFO - Processing /home/anhcu/Project/Stock_project/airflow_venv/lib/python3.8/site-packages/airflow/example_dags/example_task_group.py took 0.041 seconds
[2024-06-10 10:11:21,065] {scheduler_job.py:181} INFO - Started process (PID=68642) to work on /home/anhcu/Project/Stock_project/airflow_venv/lib/python3.8/site-packages/airflow/example_dags/example_task_group.py
[2024-06-10 10:11:21,067] {scheduler_job.py:629} INFO - Processing file /home/anhcu/Project/Stock_project/airflow_venv/lib/python3.8/site-packages/airflow/example_dags/example_task_group.py for tasks to queue
[2024-06-10 10:11:21,068] {logging_mixin.py:103} INFO - [2024-06-10 10:11:21,068] {dagbag.py:440} INFO - Filling up the DagBag from /home/anhcu/Project/Stock_project/airflow_venv/lib/python3.8/site-packages/airflow/example_dags/example_task_group.py
[2024-06-10 10:11:21,075] {scheduler_job.py:639} INFO - DAG(s) dict_keys(['example_task_group']) retrieved from /home/anhcu/Project/Stock_project/airflow_venv/lib/python3.8/site-packages/airflow/example_dags/example_task_group.py
[2024-06-10 10:11:21,076] {logging_mixin.py:103} INFO - [2024-06-10 10:11:21,076] {dag.py:1813} INFO - Sync 1 DAGs
[2024-06-10 10:11:21,091] {logging_mixin.py:103} INFO - [2024-06-10 10:11:21,091] {dag.py:2266} INFO - Setting next_dagrun for example_task_group to 2024-06-08 00:00:00+00:00
[2024-06-10 10:11:21,103] {scheduler_job.py:189} INFO - Processing /home/anhcu/Project/Stock_project/airflow_venv/lib/python3.8/site-packages/airflow/example_dags/example_task_group.py took 0.042 seconds
[2024-06-10 10:12:08,968] {scheduler_job.py:181} INFO - Started process (PID=68930) to work on /home/anhcu/Project/Stock_project/airflow_venv/lib/python3.8/site-packages/airflow/example_dags/example_task_group.py
[2024-06-10 10:12:08,969] {scheduler_job.py:629} INFO - Processing file /home/anhcu/Project/Stock_project/airflow_venv/lib/python3.8/site-packages/airflow/example_dags/example_task_group.py for tasks to queue
[2024-06-10 10:12:08,970] {logging_mixin.py:103} INFO - [2024-06-10 10:12:08,970] {dagbag.py:440} INFO - Filling up the DagBag from /home/anhcu/Project/Stock_project/airflow_venv/lib/python3.8/site-packages/airflow/example_dags/example_task_group.py
[2024-06-10 10:12:08,980] {scheduler_job.py:639} INFO - DAG(s) dict_keys(['example_task_group']) retrieved from /home/anhcu/Project/Stock_project/airflow_venv/lib/python3.8/site-packages/airflow/example_dags/example_task_group.py
[2024-06-10 10:12:08,981] {logging_mixin.py:103} INFO - [2024-06-10 10:12:08,981] {dag.py:1813} INFO - Sync 1 DAGs
[2024-06-10 10:12:08,997] {logging_mixin.py:103} INFO - [2024-06-10 10:12:08,996] {dag.py:2266} INFO - Setting next_dagrun for example_task_group to 2024-06-08 00:00:00+00:00
[2024-06-10 10:12:09,020] {scheduler_job.py:189} INFO - Processing /home/anhcu/Project/Stock_project/airflow_venv/lib/python3.8/site-packages/airflow/example_dags/example_task_group.py took 0.056 seconds
[2024-06-10 10:12:41,124] {scheduler_job.py:181} INFO - Started process (PID=69142) to work on /home/anhcu/Project/Stock_project/airflow_venv/lib/python3.8/site-packages/airflow/example_dags/example_task_group.py
[2024-06-10 10:12:41,125] {scheduler_job.py:629} INFO - Processing file /home/anhcu/Project/Stock_project/airflow_venv/lib/python3.8/site-packages/airflow/example_dags/example_task_group.py for tasks to queue
[2024-06-10 10:12:41,126] {logging_mixin.py:103} INFO - [2024-06-10 10:12:41,126] {dagbag.py:440} INFO - Filling up the DagBag from /home/anhcu/Project/Stock_project/airflow_venv/lib/python3.8/site-packages/airflow/example_dags/example_task_group.py
[2024-06-10 10:12:41,136] {scheduler_job.py:639} INFO - DAG(s) dict_keys(['example_task_group']) retrieved from /home/anhcu/Project/Stock_project/airflow_venv/lib/python3.8/site-packages/airflow/example_dags/example_task_group.py
[2024-06-10 10:12:41,137] {logging_mixin.py:103} INFO - [2024-06-10 10:12:41,137] {dag.py:1813} INFO - Sync 1 DAGs
[2024-06-10 10:12:41,153] {logging_mixin.py:103} INFO - [2024-06-10 10:12:41,153] {dag.py:2266} INFO - Setting next_dagrun for example_task_group to 2024-06-08 00:00:00+00:00
[2024-06-10 10:12:41,169] {scheduler_job.py:189} INFO - Processing /home/anhcu/Project/Stock_project/airflow_venv/lib/python3.8/site-packages/airflow/example_dags/example_task_group.py took 0.049 seconds
[2024-06-10 10:13:09,706] {scheduler_job.py:181} INFO - Started process (PID=69296) to work on /home/anhcu/Project/Stock_project/airflow_venv/lib/python3.8/site-packages/airflow/example_dags/example_task_group.py
[2024-06-10 10:13:09,708] {scheduler_job.py:629} INFO - Processing file /home/anhcu/Project/Stock_project/airflow_venv/lib/python3.8/site-packages/airflow/example_dags/example_task_group.py for tasks to queue
[2024-06-10 10:13:09,709] {logging_mixin.py:103} INFO - [2024-06-10 10:13:09,709] {dagbag.py:440} INFO - Filling up the DagBag from /home/anhcu/Project/Stock_project/airflow_venv/lib/python3.8/site-packages/airflow/example_dags/example_task_group.py
[2024-06-10 10:13:09,720] {scheduler_job.py:639} INFO - DAG(s) dict_keys(['example_task_group']) retrieved from /home/anhcu/Project/Stock_project/airflow_venv/lib/python3.8/site-packages/airflow/example_dags/example_task_group.py
[2024-06-10 10:13:09,721] {logging_mixin.py:103} INFO - [2024-06-10 10:13:09,721] {dag.py:1813} INFO - Sync 1 DAGs
[2024-06-10 10:13:09,738] {logging_mixin.py:103} INFO - [2024-06-10 10:13:09,738] {dag.py:2266} INFO - Setting next_dagrun for example_task_group to 2024-06-08 00:00:00+00:00
[2024-06-10 10:13:09,751] {scheduler_job.py:189} INFO - Processing /home/anhcu/Project/Stock_project/airflow_venv/lib/python3.8/site-packages/airflow/example_dags/example_task_group.py took 0.049 seconds
[2024-06-10 10:13:39,885] {scheduler_job.py:181} INFO - Started process (PID=69450) to work on /home/anhcu/Project/Stock_project/airflow_venv/lib/python3.8/site-packages/airflow/example_dags/example_task_group.py
[2024-06-10 10:13:39,887] {scheduler_job.py:629} INFO - Processing file /home/anhcu/Project/Stock_project/airflow_venv/lib/python3.8/site-packages/airflow/example_dags/example_task_group.py for tasks to queue
[2024-06-10 10:13:39,888] {logging_mixin.py:103} INFO - [2024-06-10 10:13:39,888] {dagbag.py:440} INFO - Filling up the DagBag from /home/anhcu/Project/Stock_project/airflow_venv/lib/python3.8/site-packages/airflow/example_dags/example_task_group.py
[2024-06-10 10:13:39,900] {scheduler_job.py:639} INFO - DAG(s) dict_keys(['example_task_group']) retrieved from /home/anhcu/Project/Stock_project/airflow_venv/lib/python3.8/site-packages/airflow/example_dags/example_task_group.py
[2024-06-10 10:13:39,901] {logging_mixin.py:103} INFO - [2024-06-10 10:13:39,901] {dag.py:1813} INFO - Sync 1 DAGs
[2024-06-10 10:13:39,920] {logging_mixin.py:103} INFO - [2024-06-10 10:13:39,919] {dag.py:2266} INFO - Setting next_dagrun for example_task_group to 2024-06-08 00:00:00+00:00
[2024-06-10 10:13:39,935] {scheduler_job.py:189} INFO - Processing /home/anhcu/Project/Stock_project/airflow_venv/lib/python3.8/site-packages/airflow/example_dags/example_task_group.py took 0.053 seconds
[2024-06-10 10:14:08,894] {scheduler_job.py:181} INFO - Started process (PID=69605) to work on /home/anhcu/Project/Stock_project/airflow_venv/lib/python3.8/site-packages/airflow/example_dags/example_task_group.py
[2024-06-10 10:14:08,895] {scheduler_job.py:629} INFO - Processing file /home/anhcu/Project/Stock_project/airflow_venv/lib/python3.8/site-packages/airflow/example_dags/example_task_group.py for tasks to queue
[2024-06-10 10:14:08,896] {logging_mixin.py:103} INFO - [2024-06-10 10:14:08,896] {dagbag.py:440} INFO - Filling up the DagBag from /home/anhcu/Project/Stock_project/airflow_venv/lib/python3.8/site-packages/airflow/example_dags/example_task_group.py
[2024-06-10 10:14:08,906] {scheduler_job.py:639} INFO - DAG(s) dict_keys(['example_task_group']) retrieved from /home/anhcu/Project/Stock_project/airflow_venv/lib/python3.8/site-packages/airflow/example_dags/example_task_group.py
[2024-06-10 10:14:08,907] {logging_mixin.py:103} INFO - [2024-06-10 10:14:08,907] {dag.py:1813} INFO - Sync 1 DAGs
[2024-06-10 10:14:08,925] {logging_mixin.py:103} INFO - [2024-06-10 10:14:08,925] {dag.py:2266} INFO - Setting next_dagrun for example_task_group to 2024-06-08 00:00:00+00:00
[2024-06-10 10:14:08,937] {scheduler_job.py:189} INFO - Processing /home/anhcu/Project/Stock_project/airflow_venv/lib/python3.8/site-packages/airflow/example_dags/example_task_group.py took 0.046 seconds
[2024-06-10 10:14:37,467] {scheduler_job.py:181} INFO - Started process (PID=69763) to work on /home/anhcu/Project/Stock_project/airflow_venv/lib/python3.8/site-packages/airflow/example_dags/example_task_group.py
[2024-06-10 10:14:37,469] {scheduler_job.py:629} INFO - Processing file /home/anhcu/Project/Stock_project/airflow_venv/lib/python3.8/site-packages/airflow/example_dags/example_task_group.py for tasks to queue
[2024-06-10 10:14:37,469] {logging_mixin.py:103} INFO - [2024-06-10 10:14:37,469] {dagbag.py:440} INFO - Filling up the DagBag from /home/anhcu/Project/Stock_project/airflow_venv/lib/python3.8/site-packages/airflow/example_dags/example_task_group.py
[2024-06-10 10:14:37,480] {scheduler_job.py:639} INFO - DAG(s) dict_keys(['example_task_group']) retrieved from /home/anhcu/Project/Stock_project/airflow_venv/lib/python3.8/site-packages/airflow/example_dags/example_task_group.py
[2024-06-10 10:14:37,482] {logging_mixin.py:103} INFO - [2024-06-10 10:14:37,482] {dag.py:1813} INFO - Sync 1 DAGs
[2024-06-10 10:14:37,500] {logging_mixin.py:103} INFO - [2024-06-10 10:14:37,500] {dag.py:2266} INFO - Setting next_dagrun for example_task_group to 2024-06-08 00:00:00+00:00
[2024-06-10 10:14:37,512] {scheduler_job.py:189} INFO - Processing /home/anhcu/Project/Stock_project/airflow_venv/lib/python3.8/site-packages/airflow/example_dags/example_task_group.py took 0.048 seconds
[2024-06-10 10:15:26,241] {scheduler_job.py:181} INFO - Started process (PID=70038) to work on /home/anhcu/Project/Stock_project/airflow_venv/lib/python3.8/site-packages/airflow/example_dags/example_task_group.py
[2024-06-10 10:15:26,244] {scheduler_job.py:629} INFO - Processing file /home/anhcu/Project/Stock_project/airflow_venv/lib/python3.8/site-packages/airflow/example_dags/example_task_group.py for tasks to queue
[2024-06-10 10:15:26,246] {logging_mixin.py:103} INFO - [2024-06-10 10:15:26,246] {dagbag.py:440} INFO - Filling up the DagBag from /home/anhcu/Project/Stock_project/airflow_venv/lib/python3.8/site-packages/airflow/example_dags/example_task_group.py
[2024-06-10 10:15:26,277] {scheduler_job.py:639} INFO - DAG(s) dict_keys(['example_task_group']) retrieved from /home/anhcu/Project/Stock_project/airflow_venv/lib/python3.8/site-packages/airflow/example_dags/example_task_group.py
[2024-06-10 10:15:26,278] {logging_mixin.py:103} INFO - [2024-06-10 10:15:26,278] {dag.py:1813} INFO - Sync 1 DAGs
[2024-06-10 10:15:26,320] {logging_mixin.py:103} INFO - [2024-06-10 10:15:26,320] {dag.py:2266} INFO - Setting next_dagrun for example_task_group to 2024-06-08 00:00:00+00:00
[2024-06-10 10:15:26,377] {scheduler_job.py:189} INFO - Processing /home/anhcu/Project/Stock_project/airflow_venv/lib/python3.8/site-packages/airflow/example_dags/example_task_group.py took 0.157 seconds
[2024-06-10 10:15:57,022] {scheduler_job.py:181} INFO - Started process (PID=70247) to work on /home/anhcu/Project/Stock_project/airflow_venv/lib/python3.8/site-packages/airflow/example_dags/example_task_group.py
[2024-06-10 10:15:57,024] {scheduler_job.py:629} INFO - Processing file /home/anhcu/Project/Stock_project/airflow_venv/lib/python3.8/site-packages/airflow/example_dags/example_task_group.py for tasks to queue
[2024-06-10 10:15:57,025] {logging_mixin.py:103} INFO - [2024-06-10 10:15:57,025] {dagbag.py:440} INFO - Filling up the DagBag from /home/anhcu/Project/Stock_project/airflow_venv/lib/python3.8/site-packages/airflow/example_dags/example_task_group.py
[2024-06-10 10:15:57,034] {scheduler_job.py:639} INFO - DAG(s) dict_keys(['example_task_group']) retrieved from /home/anhcu/Project/Stock_project/airflow_venv/lib/python3.8/site-packages/airflow/example_dags/example_task_group.py
[2024-06-10 10:15:57,035] {logging_mixin.py:103} INFO - [2024-06-10 10:15:57,035] {dag.py:1813} INFO - Sync 1 DAGs
[2024-06-10 10:15:57,051] {logging_mixin.py:103} INFO - [2024-06-10 10:15:57,051] {dag.py:2266} INFO - Setting next_dagrun for example_task_group to 2024-06-08 00:00:00+00:00
[2024-06-10 10:15:57,065] {scheduler_job.py:189} INFO - Processing /home/anhcu/Project/Stock_project/airflow_venv/lib/python3.8/site-packages/airflow/example_dags/example_task_group.py took 0.046 seconds
[2024-06-10 10:16:26,041] {scheduler_job.py:181} INFO - Started process (PID=70425) to work on /home/anhcu/Project/Stock_project/airflow_venv/lib/python3.8/site-packages/airflow/example_dags/example_task_group.py
[2024-06-10 10:16:26,042] {scheduler_job.py:629} INFO - Processing file /home/anhcu/Project/Stock_project/airflow_venv/lib/python3.8/site-packages/airflow/example_dags/example_task_group.py for tasks to queue
[2024-06-10 10:16:26,043] {logging_mixin.py:103} INFO - [2024-06-10 10:16:26,043] {dagbag.py:440} INFO - Filling up the DagBag from /home/anhcu/Project/Stock_project/airflow_venv/lib/python3.8/site-packages/airflow/example_dags/example_task_group.py
[2024-06-10 10:16:26,055] {scheduler_job.py:639} INFO - DAG(s) dict_keys(['example_task_group']) retrieved from /home/anhcu/Project/Stock_project/airflow_venv/lib/python3.8/site-packages/airflow/example_dags/example_task_group.py
[2024-06-10 10:16:26,056] {logging_mixin.py:103} INFO - [2024-06-10 10:16:26,056] {dag.py:1813} INFO - Sync 1 DAGs
[2024-06-10 10:16:26,071] {logging_mixin.py:103} INFO - [2024-06-10 10:16:26,071] {dag.py:2266} INFO - Setting next_dagrun for example_task_group to 2024-06-08 00:00:00+00:00
[2024-06-10 10:16:26,085] {scheduler_job.py:189} INFO - Processing /home/anhcu/Project/Stock_project/airflow_venv/lib/python3.8/site-packages/airflow/example_dags/example_task_group.py took 0.047 seconds
[2024-06-10 10:16:55,656] {scheduler_job.py:181} INFO - Started process (PID=70693) to work on /home/anhcu/Project/Stock_project/airflow_venv/lib/python3.8/site-packages/airflow/example_dags/example_task_group.py
[2024-06-10 10:16:55,657] {scheduler_job.py:629} INFO - Processing file /home/anhcu/Project/Stock_project/airflow_venv/lib/python3.8/site-packages/airflow/example_dags/example_task_group.py for tasks to queue
[2024-06-10 10:16:55,658] {logging_mixin.py:103} INFO - [2024-06-10 10:16:55,657] {dagbag.py:440} INFO - Filling up the DagBag from /home/anhcu/Project/Stock_project/airflow_venv/lib/python3.8/site-packages/airflow/example_dags/example_task_group.py
[2024-06-10 10:16:55,667] {scheduler_job.py:639} INFO - DAG(s) dict_keys(['example_task_group']) retrieved from /home/anhcu/Project/Stock_project/airflow_venv/lib/python3.8/site-packages/airflow/example_dags/example_task_group.py
[2024-06-10 10:16:55,668] {logging_mixin.py:103} INFO - [2024-06-10 10:16:55,668] {dag.py:1813} INFO - Sync 1 DAGs
[2024-06-10 10:16:55,682] {logging_mixin.py:103} INFO - [2024-06-10 10:16:55,682] {dag.py:2266} INFO - Setting next_dagrun for example_task_group to 2024-06-08 00:00:00+00:00
[2024-06-10 10:16:55,695] {scheduler_job.py:189} INFO - Processing /home/anhcu/Project/Stock_project/airflow_venv/lib/python3.8/site-packages/airflow/example_dags/example_task_group.py took 0.042 seconds
[2024-06-10 10:17:25,902] {scheduler_job.py:181} INFO - Started process (PID=70922) to work on /home/anhcu/Project/Stock_project/airflow_venv/lib/python3.8/site-packages/airflow/example_dags/example_task_group.py
[2024-06-10 10:17:25,904] {scheduler_job.py:629} INFO - Processing file /home/anhcu/Project/Stock_project/airflow_venv/lib/python3.8/site-packages/airflow/example_dags/example_task_group.py for tasks to queue
[2024-06-10 10:17:25,906] {logging_mixin.py:103} INFO - [2024-06-10 10:17:25,905] {dagbag.py:440} INFO - Filling up the DagBag from /home/anhcu/Project/Stock_project/airflow_venv/lib/python3.8/site-packages/airflow/example_dags/example_task_group.py
[2024-06-10 10:17:25,920] {scheduler_job.py:639} INFO - DAG(s) dict_keys(['example_task_group']) retrieved from /home/anhcu/Project/Stock_project/airflow_venv/lib/python3.8/site-packages/airflow/example_dags/example_task_group.py
[2024-06-10 10:17:25,922] {logging_mixin.py:103} INFO - [2024-06-10 10:17:25,922] {dag.py:1813} INFO - Sync 1 DAGs
[2024-06-10 10:17:25,943] {logging_mixin.py:103} INFO - [2024-06-10 10:17:25,943] {dag.py:2266} INFO - Setting next_dagrun for example_task_group to 2024-06-08 00:00:00+00:00
[2024-06-10 10:17:25,964] {scheduler_job.py:189} INFO - Processing /home/anhcu/Project/Stock_project/airflow_venv/lib/python3.8/site-packages/airflow/example_dags/example_task_group.py took 0.066 seconds
[2024-06-10 10:17:56,579] {scheduler_job.py:181} INFO - Started process (PID=71078) to work on /home/anhcu/Project/Stock_project/airflow_venv/lib/python3.8/site-packages/airflow/example_dags/example_task_group.py
[2024-06-10 10:17:56,583] {scheduler_job.py:629} INFO - Processing file /home/anhcu/Project/Stock_project/airflow_venv/lib/python3.8/site-packages/airflow/example_dags/example_task_group.py for tasks to queue
[2024-06-10 10:17:56,589] {logging_mixin.py:103} INFO - [2024-06-10 10:17:56,588] {dagbag.py:440} INFO - Filling up the DagBag from /home/anhcu/Project/Stock_project/airflow_venv/lib/python3.8/site-packages/airflow/example_dags/example_task_group.py
[2024-06-10 10:17:56,603] {scheduler_job.py:639} INFO - DAG(s) dict_keys(['example_task_group']) retrieved from /home/anhcu/Project/Stock_project/airflow_venv/lib/python3.8/site-packages/airflow/example_dags/example_task_group.py
[2024-06-10 10:17:56,604] {logging_mixin.py:103} INFO - [2024-06-10 10:17:56,604] {dag.py:1813} INFO - Sync 1 DAGs
[2024-06-10 10:17:56,629] {logging_mixin.py:103} INFO - [2024-06-10 10:17:56,629] {dag.py:2266} INFO - Setting next_dagrun for example_task_group to 2024-06-08 00:00:00+00:00
[2024-06-10 10:17:56,646] {scheduler_job.py:189} INFO - Processing /home/anhcu/Project/Stock_project/airflow_venv/lib/python3.8/site-packages/airflow/example_dags/example_task_group.py took 0.078 seconds
[2024-06-10 10:18:26,366] {scheduler_job.py:181} INFO - Started process (PID=71367) to work on /home/anhcu/Project/Stock_project/airflow_venv/lib/python3.8/site-packages/airflow/example_dags/example_task_group.py
[2024-06-10 10:18:26,368] {scheduler_job.py:629} INFO - Processing file /home/anhcu/Project/Stock_project/airflow_venv/lib/python3.8/site-packages/airflow/example_dags/example_task_group.py for tasks to queue
[2024-06-10 10:18:26,377] {logging_mixin.py:103} INFO - [2024-06-10 10:18:26,377] {dagbag.py:440} INFO - Filling up the DagBag from /home/anhcu/Project/Stock_project/airflow_venv/lib/python3.8/site-packages/airflow/example_dags/example_task_group.py
[2024-06-10 10:18:26,422] {scheduler_job.py:639} INFO - DAG(s) dict_keys(['example_task_group']) retrieved from /home/anhcu/Project/Stock_project/airflow_venv/lib/python3.8/site-packages/airflow/example_dags/example_task_group.py
[2024-06-10 10:18:26,427] {logging_mixin.py:103} INFO - [2024-06-10 10:18:26,427] {dag.py:1813} INFO - Sync 1 DAGs
[2024-06-10 10:18:26,503] {logging_mixin.py:103} INFO - [2024-06-10 10:18:26,502] {dag.py:2266} INFO - Setting next_dagrun for example_task_group to 2024-06-08 00:00:00+00:00
[2024-06-10 10:18:26,542] {scheduler_job.py:189} INFO - Processing /home/anhcu/Project/Stock_project/airflow_venv/lib/python3.8/site-packages/airflow/example_dags/example_task_group.py took 0.197 seconds
[2024-06-10 10:18:57,215] {scheduler_job.py:181} INFO - Started process (PID=71745) to work on /home/anhcu/Project/Stock_project/airflow_venv/lib/python3.8/site-packages/airflow/example_dags/example_task_group.py
[2024-06-10 10:18:57,217] {scheduler_job.py:629} INFO - Processing file /home/anhcu/Project/Stock_project/airflow_venv/lib/python3.8/site-packages/airflow/example_dags/example_task_group.py for tasks to queue
[2024-06-10 10:18:57,218] {logging_mixin.py:103} INFO - [2024-06-10 10:18:57,218] {dagbag.py:440} INFO - Filling up the DagBag from /home/anhcu/Project/Stock_project/airflow_venv/lib/python3.8/site-packages/airflow/example_dags/example_task_group.py
[2024-06-10 10:18:57,232] {scheduler_job.py:639} INFO - DAG(s) dict_keys(['example_task_group']) retrieved from /home/anhcu/Project/Stock_project/airflow_venv/lib/python3.8/site-packages/airflow/example_dags/example_task_group.py
[2024-06-10 10:18:57,234] {logging_mixin.py:103} INFO - [2024-06-10 10:18:57,234] {dag.py:1813} INFO - Sync 1 DAGs
[2024-06-10 10:18:57,257] {logging_mixin.py:103} INFO - [2024-06-10 10:18:57,257] {dag.py:2266} INFO - Setting next_dagrun for example_task_group to 2024-06-08 00:00:00+00:00
[2024-06-10 10:18:57,274] {scheduler_job.py:189} INFO - Processing /home/anhcu/Project/Stock_project/airflow_venv/lib/python3.8/site-packages/airflow/example_dags/example_task_group.py took 0.063 seconds
[2024-06-10 10:19:27,073] {scheduler_job.py:181} INFO - Started process (PID=71951) to work on /home/anhcu/Project/Stock_project/airflow_venv/lib/python3.8/site-packages/airflow/example_dags/example_task_group.py
[2024-06-10 10:19:27,075] {scheduler_job.py:629} INFO - Processing file /home/anhcu/Project/Stock_project/airflow_venv/lib/python3.8/site-packages/airflow/example_dags/example_task_group.py for tasks to queue
[2024-06-10 10:19:27,076] {logging_mixin.py:103} INFO - [2024-06-10 10:19:27,076] {dagbag.py:440} INFO - Filling up the DagBag from /home/anhcu/Project/Stock_project/airflow_venv/lib/python3.8/site-packages/airflow/example_dags/example_task_group.py
[2024-06-10 10:19:27,090] {scheduler_job.py:639} INFO - DAG(s) dict_keys(['example_task_group']) retrieved from /home/anhcu/Project/Stock_project/airflow_venv/lib/python3.8/site-packages/airflow/example_dags/example_task_group.py
[2024-06-10 10:19:27,092] {logging_mixin.py:103} INFO - [2024-06-10 10:19:27,092] {dag.py:1813} INFO - Sync 1 DAGs
[2024-06-10 10:19:27,116] {logging_mixin.py:103} INFO - [2024-06-10 10:19:27,116] {dag.py:2266} INFO - Setting next_dagrun for example_task_group to 2024-06-08 00:00:00+00:00
[2024-06-10 10:19:27,134] {scheduler_job.py:189} INFO - Processing /home/anhcu/Project/Stock_project/airflow_venv/lib/python3.8/site-packages/airflow/example_dags/example_task_group.py took 0.066 seconds
[2024-06-10 10:20:07,112] {scheduler_job.py:181} INFO - Started process (PID=72350) to work on /home/anhcu/Project/Stock_project/airflow_venv/lib/python3.8/site-packages/airflow/example_dags/example_task_group.py
[2024-06-10 10:20:07,116] {scheduler_job.py:629} INFO - Processing file /home/anhcu/Project/Stock_project/airflow_venv/lib/python3.8/site-packages/airflow/example_dags/example_task_group.py for tasks to queue
[2024-06-10 10:20:07,116] {logging_mixin.py:103} INFO - [2024-06-10 10:20:07,116] {dagbag.py:440} INFO - Filling up the DagBag from /home/anhcu/Project/Stock_project/airflow_venv/lib/python3.8/site-packages/airflow/example_dags/example_task_group.py
[2024-06-10 10:20:07,126] {scheduler_job.py:639} INFO - DAG(s) dict_keys(['example_task_group']) retrieved from /home/anhcu/Project/Stock_project/airflow_venv/lib/python3.8/site-packages/airflow/example_dags/example_task_group.py
[2024-06-10 10:20:07,127] {logging_mixin.py:103} INFO - [2024-06-10 10:20:07,127] {dag.py:1813} INFO - Sync 1 DAGs
[2024-06-10 10:20:07,144] {logging_mixin.py:103} INFO - [2024-06-10 10:20:07,144] {dag.py:2266} INFO - Setting next_dagrun for example_task_group to 2024-06-08 00:00:00+00:00
[2024-06-10 10:20:07,156] {scheduler_job.py:189} INFO - Processing /home/anhcu/Project/Stock_project/airflow_venv/lib/python3.8/site-packages/airflow/example_dags/example_task_group.py took 0.047 seconds
[2024-06-10 10:20:36,849] {scheduler_job.py:181} INFO - Started process (PID=72605) to work on /home/anhcu/Project/Stock_project/airflow_venv/lib/python3.8/site-packages/airflow/example_dags/example_task_group.py
[2024-06-10 10:20:36,850] {scheduler_job.py:629} INFO - Processing file /home/anhcu/Project/Stock_project/airflow_venv/lib/python3.8/site-packages/airflow/example_dags/example_task_group.py for tasks to queue
[2024-06-10 10:20:36,851] {logging_mixin.py:103} INFO - [2024-06-10 10:20:36,851] {dagbag.py:440} INFO - Filling up the DagBag from /home/anhcu/Project/Stock_project/airflow_venv/lib/python3.8/site-packages/airflow/example_dags/example_task_group.py
[2024-06-10 10:20:36,861] {scheduler_job.py:639} INFO - DAG(s) dict_keys(['example_task_group']) retrieved from /home/anhcu/Project/Stock_project/airflow_venv/lib/python3.8/site-packages/airflow/example_dags/example_task_group.py
[2024-06-10 10:20:36,862] {logging_mixin.py:103} INFO - [2024-06-10 10:20:36,862] {dag.py:1813} INFO - Sync 1 DAGs
[2024-06-10 10:20:36,879] {logging_mixin.py:103} INFO - [2024-06-10 10:20:36,879] {dag.py:2266} INFO - Setting next_dagrun for example_task_group to 2024-06-08 00:00:00+00:00
[2024-06-10 10:20:36,890] {scheduler_job.py:189} INFO - Processing /home/anhcu/Project/Stock_project/airflow_venv/lib/python3.8/site-packages/airflow/example_dags/example_task_group.py took 0.045 seconds
[2024-06-10 10:21:08,266] {scheduler_job.py:181} INFO - Started process (PID=72836) to work on /home/anhcu/Project/Stock_project/airflow_venv/lib/python3.8/site-packages/airflow/example_dags/example_task_group.py
[2024-06-10 10:21:08,269] {scheduler_job.py:629} INFO - Processing file /home/anhcu/Project/Stock_project/airflow_venv/lib/python3.8/site-packages/airflow/example_dags/example_task_group.py for tasks to queue
[2024-06-10 10:21:08,269] {logging_mixin.py:103} INFO - [2024-06-10 10:21:08,269] {dagbag.py:440} INFO - Filling up the DagBag from /home/anhcu/Project/Stock_project/airflow_venv/lib/python3.8/site-packages/airflow/example_dags/example_task_group.py
[2024-06-10 10:21:08,280] {scheduler_job.py:639} INFO - DAG(s) dict_keys(['example_task_group']) retrieved from /home/anhcu/Project/Stock_project/airflow_venv/lib/python3.8/site-packages/airflow/example_dags/example_task_group.py
[2024-06-10 10:21:08,281] {logging_mixin.py:103} INFO - [2024-06-10 10:21:08,281] {dag.py:1813} INFO - Sync 1 DAGs
[2024-06-10 10:21:08,298] {logging_mixin.py:103} INFO - [2024-06-10 10:21:08,298] {dag.py:2266} INFO - Setting next_dagrun for example_task_group to 2024-06-08 00:00:00+00:00
[2024-06-10 10:21:08,313] {scheduler_job.py:189} INFO - Processing /home/anhcu/Project/Stock_project/airflow_venv/lib/python3.8/site-packages/airflow/example_dags/example_task_group.py took 0.051 seconds
[2024-06-10 10:21:38,682] {scheduler_job.py:181} INFO - Started process (PID=72993) to work on /home/anhcu/Project/Stock_project/airflow_venv/lib/python3.8/site-packages/airflow/example_dags/example_task_group.py
[2024-06-10 10:21:38,683] {scheduler_job.py:629} INFO - Processing file /home/anhcu/Project/Stock_project/airflow_venv/lib/python3.8/site-packages/airflow/example_dags/example_task_group.py for tasks to queue
[2024-06-10 10:21:38,684] {logging_mixin.py:103} INFO - [2024-06-10 10:21:38,684] {dagbag.py:440} INFO - Filling up the DagBag from /home/anhcu/Project/Stock_project/airflow_venv/lib/python3.8/site-packages/airflow/example_dags/example_task_group.py
[2024-06-10 10:21:38,697] {scheduler_job.py:639} INFO - DAG(s) dict_keys(['example_task_group']) retrieved from /home/anhcu/Project/Stock_project/airflow_venv/lib/python3.8/site-packages/airflow/example_dags/example_task_group.py
[2024-06-10 10:21:38,699] {logging_mixin.py:103} INFO - [2024-06-10 10:21:38,698] {dag.py:1813} INFO - Sync 1 DAGs
[2024-06-10 10:21:38,713] {logging_mixin.py:103} INFO - [2024-06-10 10:21:38,713] {dag.py:2266} INFO - Setting next_dagrun for example_task_group to 2024-06-08 00:00:00+00:00
[2024-06-10 10:21:38,725] {scheduler_job.py:189} INFO - Processing /home/anhcu/Project/Stock_project/airflow_venv/lib/python3.8/site-packages/airflow/example_dags/example_task_group.py took 0.047 seconds
[2024-06-10 10:22:07,840] {scheduler_job.py:181} INFO - Started process (PID=73226) to work on /home/anhcu/Project/Stock_project/airflow_venv/lib/python3.8/site-packages/airflow/example_dags/example_task_group.py
[2024-06-10 10:22:07,842] {scheduler_job.py:629} INFO - Processing file /home/anhcu/Project/Stock_project/airflow_venv/lib/python3.8/site-packages/airflow/example_dags/example_task_group.py for tasks to queue
[2024-06-10 10:22:07,842] {logging_mixin.py:103} INFO - [2024-06-10 10:22:07,842] {dagbag.py:440} INFO - Filling up the DagBag from /home/anhcu/Project/Stock_project/airflow_venv/lib/python3.8/site-packages/airflow/example_dags/example_task_group.py
[2024-06-10 10:22:07,855] {scheduler_job.py:639} INFO - DAG(s) dict_keys(['example_task_group']) retrieved from /home/anhcu/Project/Stock_project/airflow_venv/lib/python3.8/site-packages/airflow/example_dags/example_task_group.py
[2024-06-10 10:22:07,856] {logging_mixin.py:103} INFO - [2024-06-10 10:22:07,856] {dag.py:1813} INFO - Sync 1 DAGs
[2024-06-10 10:22:07,871] {logging_mixin.py:103} INFO - [2024-06-10 10:22:07,871] {dag.py:2266} INFO - Setting next_dagrun for example_task_group to 2024-06-08 00:00:00+00:00
[2024-06-10 10:22:07,882] {scheduler_job.py:189} INFO - Processing /home/anhcu/Project/Stock_project/airflow_venv/lib/python3.8/site-packages/airflow/example_dags/example_task_group.py took 0.047 seconds
[2024-06-10 10:22:36,126] {scheduler_job.py:181} INFO - Started process (PID=73365) to work on /home/anhcu/Project/Stock_project/airflow_venv/lib/python3.8/site-packages/airflow/example_dags/example_task_group.py
[2024-06-10 10:22:36,128] {scheduler_job.py:629} INFO - Processing file /home/anhcu/Project/Stock_project/airflow_venv/lib/python3.8/site-packages/airflow/example_dags/example_task_group.py for tasks to queue
[2024-06-10 10:22:36,129] {logging_mixin.py:103} INFO - [2024-06-10 10:22:36,129] {dagbag.py:440} INFO - Filling up the DagBag from /home/anhcu/Project/Stock_project/airflow_venv/lib/python3.8/site-packages/airflow/example_dags/example_task_group.py
[2024-06-10 10:22:36,143] {scheduler_job.py:639} INFO - DAG(s) dict_keys(['example_task_group']) retrieved from /home/anhcu/Project/Stock_project/airflow_venv/lib/python3.8/site-packages/airflow/example_dags/example_task_group.py
[2024-06-10 10:22:36,144] {logging_mixin.py:103} INFO - [2024-06-10 10:22:36,144] {dag.py:1813} INFO - Sync 1 DAGs
[2024-06-10 10:22:36,161] {logging_mixin.py:103} INFO - [2024-06-10 10:22:36,161] {dag.py:2266} INFO - Setting next_dagrun for example_task_group to 2024-06-08 00:00:00+00:00
[2024-06-10 10:22:36,174] {scheduler_job.py:189} INFO - Processing /home/anhcu/Project/Stock_project/airflow_venv/lib/python3.8/site-packages/airflow/example_dags/example_task_group.py took 0.052 seconds
[2024-06-10 10:23:04,011] {scheduler_job.py:181} INFO - Started process (PID=73575) to work on /home/anhcu/Project/Stock_project/airflow_venv/lib/python3.8/site-packages/airflow/example_dags/example_task_group.py
[2024-06-10 10:23:04,013] {scheduler_job.py:629} INFO - Processing file /home/anhcu/Project/Stock_project/airflow_venv/lib/python3.8/site-packages/airflow/example_dags/example_task_group.py for tasks to queue
[2024-06-10 10:23:04,015] {logging_mixin.py:103} INFO - [2024-06-10 10:23:04,015] {dagbag.py:440} INFO - Filling up the DagBag from /home/anhcu/Project/Stock_project/airflow_venv/lib/python3.8/site-packages/airflow/example_dags/example_task_group.py
[2024-06-10 10:23:04,032] {scheduler_job.py:639} INFO - DAG(s) dict_keys(['example_task_group']) retrieved from /home/anhcu/Project/Stock_project/airflow_venv/lib/python3.8/site-packages/airflow/example_dags/example_task_group.py
[2024-06-10 10:23:04,034] {logging_mixin.py:103} INFO - [2024-06-10 10:23:04,034] {dag.py:1813} INFO - Sync 1 DAGs
[2024-06-10 10:23:04,055] {logging_mixin.py:103} INFO - [2024-06-10 10:23:04,055] {dag.py:2266} INFO - Setting next_dagrun for example_task_group to 2024-06-08 00:00:00+00:00
[2024-06-10 10:23:04,074] {scheduler_job.py:189} INFO - Processing /home/anhcu/Project/Stock_project/airflow_venv/lib/python3.8/site-packages/airflow/example_dags/example_task_group.py took 0.075 seconds
[2024-06-10 10:23:56,412] {scheduler_job.py:181} INFO - Started process (PID=74241) to work on /home/anhcu/Project/Stock_project/airflow_venv/lib/python3.8/site-packages/airflow/example_dags/example_task_group.py
[2024-06-10 10:23:56,415] {scheduler_job.py:629} INFO - Processing file /home/anhcu/Project/Stock_project/airflow_venv/lib/python3.8/site-packages/airflow/example_dags/example_task_group.py for tasks to queue
[2024-06-10 10:23:56,415] {logging_mixin.py:103} INFO - [2024-06-10 10:23:56,415] {dagbag.py:440} INFO - Filling up the DagBag from /home/anhcu/Project/Stock_project/airflow_venv/lib/python3.8/site-packages/airflow/example_dags/example_task_group.py
[2024-06-10 10:23:56,427] {scheduler_job.py:639} INFO - DAG(s) dict_keys(['example_task_group']) retrieved from /home/anhcu/Project/Stock_project/airflow_venv/lib/python3.8/site-packages/airflow/example_dags/example_task_group.py
[2024-06-10 10:23:56,428] {logging_mixin.py:103} INFO - [2024-06-10 10:23:56,428] {dag.py:1813} INFO - Sync 1 DAGs
[2024-06-10 10:23:56,443] {logging_mixin.py:103} INFO - [2024-06-10 10:23:56,443] {dag.py:2266} INFO - Setting next_dagrun for example_task_group to 2024-06-08 00:00:00+00:00
[2024-06-10 10:23:56,455] {scheduler_job.py:189} INFO - Processing /home/anhcu/Project/Stock_project/airflow_venv/lib/python3.8/site-packages/airflow/example_dags/example_task_group.py took 0.047 seconds
[2024-06-10 10:24:26,176] {scheduler_job.py:181} INFO - Started process (PID=74506) to work on /home/anhcu/Project/Stock_project/airflow_venv/lib/python3.8/site-packages/airflow/example_dags/example_task_group.py
[2024-06-10 10:24:26,180] {scheduler_job.py:629} INFO - Processing file /home/anhcu/Project/Stock_project/airflow_venv/lib/python3.8/site-packages/airflow/example_dags/example_task_group.py for tasks to queue
[2024-06-10 10:24:26,181] {logging_mixin.py:103} INFO - [2024-06-10 10:24:26,181] {dagbag.py:440} INFO - Filling up the DagBag from /home/anhcu/Project/Stock_project/airflow_venv/lib/python3.8/site-packages/airflow/example_dags/example_task_group.py
[2024-06-10 10:24:26,190] {scheduler_job.py:639} INFO - DAG(s) dict_keys(['example_task_group']) retrieved from /home/anhcu/Project/Stock_project/airflow_venv/lib/python3.8/site-packages/airflow/example_dags/example_task_group.py
[2024-06-10 10:24:26,192] {logging_mixin.py:103} INFO - [2024-06-10 10:24:26,192] {dag.py:1813} INFO - Sync 1 DAGs
[2024-06-10 10:24:26,207] {logging_mixin.py:103} INFO - [2024-06-10 10:24:26,207] {dag.py:2266} INFO - Setting next_dagrun for example_task_group to 2024-06-08 00:00:00+00:00
[2024-06-10 10:24:26,219] {scheduler_job.py:189} INFO - Processing /home/anhcu/Project/Stock_project/airflow_venv/lib/python3.8/site-packages/airflow/example_dags/example_task_group.py took 0.046 seconds
[2024-06-10 10:24:58,314] {scheduler_job.py:181} INFO - Started process (PID=74962) to work on /home/anhcu/Project/Stock_project/airflow_venv/lib/python3.8/site-packages/airflow/example_dags/example_task_group.py
[2024-06-10 10:24:58,315] {scheduler_job.py:629} INFO - Processing file /home/anhcu/Project/Stock_project/airflow_venv/lib/python3.8/site-packages/airflow/example_dags/example_task_group.py for tasks to queue
[2024-06-10 10:24:58,316] {logging_mixin.py:103} INFO - [2024-06-10 10:24:58,316] {dagbag.py:440} INFO - Filling up the DagBag from /home/anhcu/Project/Stock_project/airflow_venv/lib/python3.8/site-packages/airflow/example_dags/example_task_group.py
[2024-06-10 10:24:58,326] {scheduler_job.py:639} INFO - DAG(s) dict_keys(['example_task_group']) retrieved from /home/anhcu/Project/Stock_project/airflow_venv/lib/python3.8/site-packages/airflow/example_dags/example_task_group.py
[2024-06-10 10:24:58,327] {logging_mixin.py:103} INFO - [2024-06-10 10:24:58,327] {dag.py:1813} INFO - Sync 1 DAGs
[2024-06-10 10:24:58,343] {logging_mixin.py:103} INFO - [2024-06-10 10:24:58,343] {dag.py:2266} INFO - Setting next_dagrun for example_task_group to 2024-06-08 00:00:00+00:00
[2024-06-10 10:24:58,355] {scheduler_job.py:189} INFO - Processing /home/anhcu/Project/Stock_project/airflow_venv/lib/python3.8/site-packages/airflow/example_dags/example_task_group.py took 0.044 seconds
[2024-06-10 10:25:27,471] {scheduler_job.py:181} INFO - Started process (PID=75311) to work on /home/anhcu/Project/Stock_project/airflow_venv/lib/python3.8/site-packages/airflow/example_dags/example_task_group.py
[2024-06-10 10:25:27,472] {scheduler_job.py:629} INFO - Processing file /home/anhcu/Project/Stock_project/airflow_venv/lib/python3.8/site-packages/airflow/example_dags/example_task_group.py for tasks to queue
[2024-06-10 10:25:27,473] {logging_mixin.py:103} INFO - [2024-06-10 10:25:27,473] {dagbag.py:440} INFO - Filling up the DagBag from /home/anhcu/Project/Stock_project/airflow_venv/lib/python3.8/site-packages/airflow/example_dags/example_task_group.py
[2024-06-10 10:25:27,483] {scheduler_job.py:639} INFO - DAG(s) dict_keys(['example_task_group']) retrieved from /home/anhcu/Project/Stock_project/airflow_venv/lib/python3.8/site-packages/airflow/example_dags/example_task_group.py
[2024-06-10 10:25:27,484] {logging_mixin.py:103} INFO - [2024-06-10 10:25:27,484] {dag.py:1813} INFO - Sync 1 DAGs
[2024-06-10 10:25:27,499] {logging_mixin.py:103} INFO - [2024-06-10 10:25:27,499] {dag.py:2266} INFO - Setting next_dagrun for example_task_group to 2024-06-08 00:00:00+00:00
[2024-06-10 10:25:27,514] {scheduler_job.py:189} INFO - Processing /home/anhcu/Project/Stock_project/airflow_venv/lib/python3.8/site-packages/airflow/example_dags/example_task_group.py took 0.046 seconds
[2024-06-10 10:25:59,299] {scheduler_job.py:181} INFO - Started process (PID=75607) to work on /home/anhcu/Project/Stock_project/airflow_venv/lib/python3.8/site-packages/airflow/example_dags/example_task_group.py
[2024-06-10 10:25:59,300] {scheduler_job.py:629} INFO - Processing file /home/anhcu/Project/Stock_project/airflow_venv/lib/python3.8/site-packages/airflow/example_dags/example_task_group.py for tasks to queue
[2024-06-10 10:25:59,301] {logging_mixin.py:103} INFO - [2024-06-10 10:25:59,301] {dagbag.py:440} INFO - Filling up the DagBag from /home/anhcu/Project/Stock_project/airflow_venv/lib/python3.8/site-packages/airflow/example_dags/example_task_group.py
[2024-06-10 10:25:59,312] {scheduler_job.py:639} INFO - DAG(s) dict_keys(['example_task_group']) retrieved from /home/anhcu/Project/Stock_project/airflow_venv/lib/python3.8/site-packages/airflow/example_dags/example_task_group.py
[2024-06-10 10:25:59,313] {logging_mixin.py:103} INFO - [2024-06-10 10:25:59,313] {dag.py:1813} INFO - Sync 1 DAGs
[2024-06-10 10:25:59,328] {logging_mixin.py:103} INFO - [2024-06-10 10:25:59,328] {dag.py:2266} INFO - Setting next_dagrun for example_task_group to 2024-06-08 00:00:00+00:00
[2024-06-10 10:25:59,340] {scheduler_job.py:189} INFO - Processing /home/anhcu/Project/Stock_project/airflow_venv/lib/python3.8/site-packages/airflow/example_dags/example_task_group.py took 0.045 seconds
[2024-06-10 10:26:25,579] {scheduler_job.py:181} INFO - Started process (PID=75757) to work on /home/anhcu/Project/Stock_project/airflow_venv/lib/python3.8/site-packages/airflow/example_dags/example_task_group.py
[2024-06-10 10:26:25,582] {scheduler_job.py:629} INFO - Processing file /home/anhcu/Project/Stock_project/airflow_venv/lib/python3.8/site-packages/airflow/example_dags/example_task_group.py for tasks to queue
[2024-06-10 10:26:25,583] {logging_mixin.py:103} INFO - [2024-06-10 10:26:25,583] {dagbag.py:440} INFO - Filling up the DagBag from /home/anhcu/Project/Stock_project/airflow_venv/lib/python3.8/site-packages/airflow/example_dags/example_task_group.py
[2024-06-10 10:26:25,593] {scheduler_job.py:639} INFO - DAG(s) dict_keys(['example_task_group']) retrieved from /home/anhcu/Project/Stock_project/airflow_venv/lib/python3.8/site-packages/airflow/example_dags/example_task_group.py
[2024-06-10 10:26:25,594] {logging_mixin.py:103} INFO - [2024-06-10 10:26:25,594] {dag.py:1813} INFO - Sync 1 DAGs
[2024-06-10 10:26:25,610] {logging_mixin.py:103} INFO - [2024-06-10 10:26:25,610] {dag.py:2266} INFO - Setting next_dagrun for example_task_group to 2024-06-08 00:00:00+00:00
[2024-06-10 10:26:25,622] {scheduler_job.py:189} INFO - Processing /home/anhcu/Project/Stock_project/airflow_venv/lib/python3.8/site-packages/airflow/example_dags/example_task_group.py took 0.048 seconds
[2024-06-10 10:26:53,009] {scheduler_job.py:181} INFO - Started process (PID=75951) to work on /home/anhcu/Project/Stock_project/airflow_venv/lib/python3.8/site-packages/airflow/example_dags/example_task_group.py
[2024-06-10 10:26:53,011] {scheduler_job.py:629} INFO - Processing file /home/anhcu/Project/Stock_project/airflow_venv/lib/python3.8/site-packages/airflow/example_dags/example_task_group.py for tasks to queue
[2024-06-10 10:26:53,012] {logging_mixin.py:103} INFO - [2024-06-10 10:26:53,012] {dagbag.py:440} INFO - Filling up the DagBag from /home/anhcu/Project/Stock_project/airflow_venv/lib/python3.8/site-packages/airflow/example_dags/example_task_group.py
[2024-06-10 10:26:53,023] {scheduler_job.py:639} INFO - DAG(s) dict_keys(['example_task_group']) retrieved from /home/anhcu/Project/Stock_project/airflow_venv/lib/python3.8/site-packages/airflow/example_dags/example_task_group.py
[2024-06-10 10:26:53,024] {logging_mixin.py:103} INFO - [2024-06-10 10:26:53,024] {dag.py:1813} INFO - Sync 1 DAGs
[2024-06-10 10:26:53,042] {logging_mixin.py:103} INFO - [2024-06-10 10:26:53,042] {dag.py:2266} INFO - Setting next_dagrun for example_task_group to 2024-06-08 00:00:00+00:00
[2024-06-10 10:26:53,056] {scheduler_job.py:189} INFO - Processing /home/anhcu/Project/Stock_project/airflow_venv/lib/python3.8/site-packages/airflow/example_dags/example_task_group.py took 0.050 seconds
[2024-06-10 10:27:20,222] {scheduler_job.py:181} INFO - Started process (PID=76106) to work on /home/anhcu/Project/Stock_project/airflow_venv/lib/python3.8/site-packages/airflow/example_dags/example_task_group.py
[2024-06-10 10:27:20,224] {scheduler_job.py:629} INFO - Processing file /home/anhcu/Project/Stock_project/airflow_venv/lib/python3.8/site-packages/airflow/example_dags/example_task_group.py for tasks to queue
[2024-06-10 10:27:20,225] {logging_mixin.py:103} INFO - [2024-06-10 10:27:20,225] {dagbag.py:440} INFO - Filling up the DagBag from /home/anhcu/Project/Stock_project/airflow_venv/lib/python3.8/site-packages/airflow/example_dags/example_task_group.py
[2024-06-10 10:27:20,235] {scheduler_job.py:639} INFO - DAG(s) dict_keys(['example_task_group']) retrieved from /home/anhcu/Project/Stock_project/airflow_venv/lib/python3.8/site-packages/airflow/example_dags/example_task_group.py
[2024-06-10 10:27:20,236] {logging_mixin.py:103} INFO - [2024-06-10 10:27:20,236] {dag.py:1813} INFO - Sync 1 DAGs
[2024-06-10 10:27:20,251] {logging_mixin.py:103} INFO - [2024-06-10 10:27:20,251] {dag.py:2266} INFO - Setting next_dagrun for example_task_group to 2024-06-08 00:00:00+00:00
[2024-06-10 10:27:20,262] {scheduler_job.py:189} INFO - Processing /home/anhcu/Project/Stock_project/airflow_venv/lib/python3.8/site-packages/airflow/example_dags/example_task_group.py took 0.045 seconds
[2024-06-10 10:27:49,503] {scheduler_job.py:181} INFO - Started process (PID=76261) to work on /home/anhcu/Project/Stock_project/airflow_venv/lib/python3.8/site-packages/airflow/example_dags/example_task_group.py
[2024-06-10 10:27:49,506] {scheduler_job.py:629} INFO - Processing file /home/anhcu/Project/Stock_project/airflow_venv/lib/python3.8/site-packages/airflow/example_dags/example_task_group.py for tasks to queue
[2024-06-10 10:27:49,507] {logging_mixin.py:103} INFO - [2024-06-10 10:27:49,507] {dagbag.py:440} INFO - Filling up the DagBag from /home/anhcu/Project/Stock_project/airflow_venv/lib/python3.8/site-packages/airflow/example_dags/example_task_group.py
[2024-06-10 10:27:49,520] {scheduler_job.py:639} INFO - DAG(s) dict_keys(['example_task_group']) retrieved from /home/anhcu/Project/Stock_project/airflow_venv/lib/python3.8/site-packages/airflow/example_dags/example_task_group.py
[2024-06-10 10:27:49,521] {logging_mixin.py:103} INFO - [2024-06-10 10:27:49,521] {dag.py:1813} INFO - Sync 1 DAGs
[2024-06-10 10:27:49,536] {logging_mixin.py:103} INFO - [2024-06-10 10:27:49,536] {dag.py:2266} INFO - Setting next_dagrun for example_task_group to 2024-06-08 00:00:00+00:00
[2024-06-10 10:27:49,548] {scheduler_job.py:189} INFO - Processing /home/anhcu/Project/Stock_project/airflow_venv/lib/python3.8/site-packages/airflow/example_dags/example_task_group.py took 0.048 seconds
[2024-06-10 10:28:17,502] {scheduler_job.py:181} INFO - Started process (PID=76379) to work on /home/anhcu/Project/Stock_project/airflow_venv/lib/python3.8/site-packages/airflow/example_dags/example_task_group.py
[2024-06-10 10:28:17,504] {scheduler_job.py:629} INFO - Processing file /home/anhcu/Project/Stock_project/airflow_venv/lib/python3.8/site-packages/airflow/example_dags/example_task_group.py for tasks to queue
[2024-06-10 10:28:17,505] {logging_mixin.py:103} INFO - [2024-06-10 10:28:17,504] {dagbag.py:440} INFO - Filling up the DagBag from /home/anhcu/Project/Stock_project/airflow_venv/lib/python3.8/site-packages/airflow/example_dags/example_task_group.py
[2024-06-10 10:28:17,515] {scheduler_job.py:639} INFO - DAG(s) dict_keys(['example_task_group']) retrieved from /home/anhcu/Project/Stock_project/airflow_venv/lib/python3.8/site-packages/airflow/example_dags/example_task_group.py
[2024-06-10 10:28:17,516] {logging_mixin.py:103} INFO - [2024-06-10 10:28:17,516] {dag.py:1813} INFO - Sync 1 DAGs
[2024-06-10 10:28:17,531] {logging_mixin.py:103} INFO - [2024-06-10 10:28:17,531] {dag.py:2266} INFO - Setting next_dagrun for example_task_group to 2024-06-08 00:00:00+00:00
[2024-06-10 10:28:17,543] {scheduler_job.py:189} INFO - Processing /home/anhcu/Project/Stock_project/airflow_venv/lib/python3.8/site-packages/airflow/example_dags/example_task_group.py took 0.045 seconds
[2024-06-10 10:28:45,059] {scheduler_job.py:181} INFO - Started process (PID=76514) to work on /home/anhcu/Project/Stock_project/airflow_venv/lib/python3.8/site-packages/airflow/example_dags/example_task_group.py
[2024-06-10 10:28:45,063] {scheduler_job.py:629} INFO - Processing file /home/anhcu/Project/Stock_project/airflow_venv/lib/python3.8/site-packages/airflow/example_dags/example_task_group.py for tasks to queue
[2024-06-10 10:28:45,064] {logging_mixin.py:103} INFO - [2024-06-10 10:28:45,064] {dagbag.py:440} INFO - Filling up the DagBag from /home/anhcu/Project/Stock_project/airflow_venv/lib/python3.8/site-packages/airflow/example_dags/example_task_group.py
[2024-06-10 10:28:45,075] {scheduler_job.py:639} INFO - DAG(s) dict_keys(['example_task_group']) retrieved from /home/anhcu/Project/Stock_project/airflow_venv/lib/python3.8/site-packages/airflow/example_dags/example_task_group.py
[2024-06-10 10:28:45,076] {logging_mixin.py:103} INFO - [2024-06-10 10:28:45,076] {dag.py:1813} INFO - Sync 1 DAGs
[2024-06-10 10:28:45,094] {logging_mixin.py:103} INFO - [2024-06-10 10:28:45,094] {dag.py:2266} INFO - Setting next_dagrun for example_task_group to 2024-06-08 00:00:00+00:00
[2024-06-10 10:28:45,106] {scheduler_job.py:189} INFO - Processing /home/anhcu/Project/Stock_project/airflow_venv/lib/python3.8/site-packages/airflow/example_dags/example_task_group.py took 0.051 seconds
[2024-06-10 10:29:12,409] {scheduler_job.py:181} INFO - Started process (PID=76724) to work on /home/anhcu/Project/Stock_project/airflow_venv/lib/python3.8/site-packages/airflow/example_dags/example_task_group.py
[2024-06-10 10:29:12,410] {scheduler_job.py:629} INFO - Processing file /home/anhcu/Project/Stock_project/airflow_venv/lib/python3.8/site-packages/airflow/example_dags/example_task_group.py for tasks to queue
[2024-06-10 10:29:12,411] {logging_mixin.py:103} INFO - [2024-06-10 10:29:12,411] {dagbag.py:440} INFO - Filling up the DagBag from /home/anhcu/Project/Stock_project/airflow_venv/lib/python3.8/site-packages/airflow/example_dags/example_task_group.py
[2024-06-10 10:29:12,422] {scheduler_job.py:639} INFO - DAG(s) dict_keys(['example_task_group']) retrieved from /home/anhcu/Project/Stock_project/airflow_venv/lib/python3.8/site-packages/airflow/example_dags/example_task_group.py
[2024-06-10 10:29:12,423] {logging_mixin.py:103} INFO - [2024-06-10 10:29:12,423] {dag.py:1813} INFO - Sync 1 DAGs
[2024-06-10 10:29:12,438] {logging_mixin.py:103} INFO - [2024-06-10 10:29:12,438] {dag.py:2266} INFO - Setting next_dagrun for example_task_group to 2024-06-08 00:00:00+00:00
[2024-06-10 10:29:12,450] {scheduler_job.py:189} INFO - Processing /home/anhcu/Project/Stock_project/airflow_venv/lib/python3.8/site-packages/airflow/example_dags/example_task_group.py took 0.046 seconds
[2024-06-10 10:29:39,731] {scheduler_job.py:181} INFO - Started process (PID=76843) to work on /home/anhcu/Project/Stock_project/airflow_venv/lib/python3.8/site-packages/airflow/example_dags/example_task_group.py
[2024-06-10 10:29:39,734] {scheduler_job.py:629} INFO - Processing file /home/anhcu/Project/Stock_project/airflow_venv/lib/python3.8/site-packages/airflow/example_dags/example_task_group.py for tasks to queue
[2024-06-10 10:29:39,735] {logging_mixin.py:103} INFO - [2024-06-10 10:29:39,735] {dagbag.py:440} INFO - Filling up the DagBag from /home/anhcu/Project/Stock_project/airflow_venv/lib/python3.8/site-packages/airflow/example_dags/example_task_group.py
[2024-06-10 10:29:39,749] {scheduler_job.py:639} INFO - DAG(s) dict_keys(['example_task_group']) retrieved from /home/anhcu/Project/Stock_project/airflow_venv/lib/python3.8/site-packages/airflow/example_dags/example_task_group.py
[2024-06-10 10:29:39,751] {logging_mixin.py:103} INFO - [2024-06-10 10:29:39,751] {dag.py:1813} INFO - Sync 1 DAGs
[2024-06-10 10:29:39,772] {logging_mixin.py:103} INFO - [2024-06-10 10:29:39,772] {dag.py:2266} INFO - Setting next_dagrun for example_task_group to 2024-06-08 00:00:00+00:00
[2024-06-10 10:29:39,790] {scheduler_job.py:189} INFO - Processing /home/anhcu/Project/Stock_project/airflow_venv/lib/python3.8/site-packages/airflow/example_dags/example_task_group.py took 0.067 seconds
[2024-06-10 10:30:07,961] {scheduler_job.py:181} INFO - Started process (PID=76996) to work on /home/anhcu/Project/Stock_project/airflow_venv/lib/python3.8/site-packages/airflow/example_dags/example_task_group.py
[2024-06-10 10:30:07,963] {scheduler_job.py:629} INFO - Processing file /home/anhcu/Project/Stock_project/airflow_venv/lib/python3.8/site-packages/airflow/example_dags/example_task_group.py for tasks to queue
[2024-06-10 10:30:07,964] {logging_mixin.py:103} INFO - [2024-06-10 10:30:07,964] {dagbag.py:440} INFO - Filling up the DagBag from /home/anhcu/Project/Stock_project/airflow_venv/lib/python3.8/site-packages/airflow/example_dags/example_task_group.py
[2024-06-10 10:30:07,974] {scheduler_job.py:639} INFO - DAG(s) dict_keys(['example_task_group']) retrieved from /home/anhcu/Project/Stock_project/airflow_venv/lib/python3.8/site-packages/airflow/example_dags/example_task_group.py
[2024-06-10 10:30:07,975] {logging_mixin.py:103} INFO - [2024-06-10 10:30:07,975] {dag.py:1813} INFO - Sync 1 DAGs
[2024-06-10 10:30:07,990] {logging_mixin.py:103} INFO - [2024-06-10 10:30:07,990] {dag.py:2266} INFO - Setting next_dagrun for example_task_group to 2024-06-08 00:00:00+00:00
[2024-06-10 10:30:08,002] {scheduler_job.py:189} INFO - Processing /home/anhcu/Project/Stock_project/airflow_venv/lib/python3.8/site-packages/airflow/example_dags/example_task_group.py took 0.045 seconds
[2024-06-10 10:30:34,271] {scheduler_job.py:181} INFO - Started process (PID=77156) to work on /home/anhcu/Project/Stock_project/airflow_venv/lib/python3.8/site-packages/airflow/example_dags/example_task_group.py
[2024-06-10 10:30:34,273] {scheduler_job.py:629} INFO - Processing file /home/anhcu/Project/Stock_project/airflow_venv/lib/python3.8/site-packages/airflow/example_dags/example_task_group.py for tasks to queue
[2024-06-10 10:30:34,273] {logging_mixin.py:103} INFO - [2024-06-10 10:30:34,273] {dagbag.py:440} INFO - Filling up the DagBag from /home/anhcu/Project/Stock_project/airflow_venv/lib/python3.8/site-packages/airflow/example_dags/example_task_group.py
[2024-06-10 10:30:34,284] {scheduler_job.py:639} INFO - DAG(s) dict_keys(['example_task_group']) retrieved from /home/anhcu/Project/Stock_project/airflow_venv/lib/python3.8/site-packages/airflow/example_dags/example_task_group.py
[2024-06-10 10:30:34,285] {logging_mixin.py:103} INFO - [2024-06-10 10:30:34,285] {dag.py:1813} INFO - Sync 1 DAGs
[2024-06-10 10:30:34,301] {logging_mixin.py:103} INFO - [2024-06-10 10:30:34,301] {dag.py:2266} INFO - Setting next_dagrun for example_task_group to 2024-06-08 00:00:00+00:00
[2024-06-10 10:30:34,314] {scheduler_job.py:189} INFO - Processing /home/anhcu/Project/Stock_project/airflow_venv/lib/python3.8/site-packages/airflow/example_dags/example_task_group.py took 0.047 seconds
[2024-06-10 10:31:01,488] {scheduler_job.py:181} INFO - Started process (PID=77309) to work on /home/anhcu/Project/Stock_project/airflow_venv/lib/python3.8/site-packages/airflow/example_dags/example_task_group.py
[2024-06-10 10:31:01,489] {scheduler_job.py:629} INFO - Processing file /home/anhcu/Project/Stock_project/airflow_venv/lib/python3.8/site-packages/airflow/example_dags/example_task_group.py for tasks to queue
[2024-06-10 10:31:01,490] {logging_mixin.py:103} INFO - [2024-06-10 10:31:01,490] {dagbag.py:440} INFO - Filling up the DagBag from /home/anhcu/Project/Stock_project/airflow_venv/lib/python3.8/site-packages/airflow/example_dags/example_task_group.py
[2024-06-10 10:31:01,502] {scheduler_job.py:639} INFO - DAG(s) dict_keys(['example_task_group']) retrieved from /home/anhcu/Project/Stock_project/airflow_venv/lib/python3.8/site-packages/airflow/example_dags/example_task_group.py
[2024-06-10 10:31:01,503] {logging_mixin.py:103} INFO - [2024-06-10 10:31:01,503] {dag.py:1813} INFO - Sync 1 DAGs
[2024-06-10 10:31:01,521] {logging_mixin.py:103} INFO - [2024-06-10 10:31:01,521] {dag.py:2266} INFO - Setting next_dagrun for example_task_group to 2024-06-08 00:00:00+00:00
[2024-06-10 10:31:01,533] {scheduler_job.py:189} INFO - Processing /home/anhcu/Project/Stock_project/airflow_venv/lib/python3.8/site-packages/airflow/example_dags/example_task_group.py took 0.049 seconds
[2024-06-10 10:31:29,851] {scheduler_job.py:181} INFO - Started process (PID=77463) to work on /home/anhcu/Project/Stock_project/airflow_venv/lib/python3.8/site-packages/airflow/example_dags/example_task_group.py
[2024-06-10 10:31:29,853] {scheduler_job.py:629} INFO - Processing file /home/anhcu/Project/Stock_project/airflow_venv/lib/python3.8/site-packages/airflow/example_dags/example_task_group.py for tasks to queue
[2024-06-10 10:31:29,854] {logging_mixin.py:103} INFO - [2024-06-10 10:31:29,854] {dagbag.py:440} INFO - Filling up the DagBag from /home/anhcu/Project/Stock_project/airflow_venv/lib/python3.8/site-packages/airflow/example_dags/example_task_group.py
[2024-06-10 10:31:29,864] {scheduler_job.py:639} INFO - DAG(s) dict_keys(['example_task_group']) retrieved from /home/anhcu/Project/Stock_project/airflow_venv/lib/python3.8/site-packages/airflow/example_dags/example_task_group.py
[2024-06-10 10:31:29,865] {logging_mixin.py:103} INFO - [2024-06-10 10:31:29,865] {dag.py:1813} INFO - Sync 1 DAGs
[2024-06-10 10:31:29,880] {logging_mixin.py:103} INFO - [2024-06-10 10:31:29,880] {dag.py:2266} INFO - Setting next_dagrun for example_task_group to 2024-06-08 00:00:00+00:00
[2024-06-10 10:31:29,892] {scheduler_job.py:189} INFO - Processing /home/anhcu/Project/Stock_project/airflow_venv/lib/python3.8/site-packages/airflow/example_dags/example_task_group.py took 0.045 seconds
[2024-06-10 10:31:58,104] {scheduler_job.py:181} INFO - Started process (PID=77619) to work on /home/anhcu/Project/Stock_project/airflow_venv/lib/python3.8/site-packages/airflow/example_dags/example_task_group.py
[2024-06-10 10:31:58,106] {scheduler_job.py:629} INFO - Processing file /home/anhcu/Project/Stock_project/airflow_venv/lib/python3.8/site-packages/airflow/example_dags/example_task_group.py for tasks to queue
[2024-06-10 10:31:58,107] {logging_mixin.py:103} INFO - [2024-06-10 10:31:58,106] {dagbag.py:440} INFO - Filling up the DagBag from /home/anhcu/Project/Stock_project/airflow_venv/lib/python3.8/site-packages/airflow/example_dags/example_task_group.py
[2024-06-10 10:31:58,117] {scheduler_job.py:639} INFO - DAG(s) dict_keys(['example_task_group']) retrieved from /home/anhcu/Project/Stock_project/airflow_venv/lib/python3.8/site-packages/airflow/example_dags/example_task_group.py
[2024-06-10 10:31:58,118] {logging_mixin.py:103} INFO - [2024-06-10 10:31:58,118] {dag.py:1813} INFO - Sync 1 DAGs
[2024-06-10 10:31:58,134] {logging_mixin.py:103} INFO - [2024-06-10 10:31:58,134] {dag.py:2266} INFO - Setting next_dagrun for example_task_group to 2024-06-08 00:00:00+00:00
[2024-06-10 10:31:58,147] {scheduler_job.py:189} INFO - Processing /home/anhcu/Project/Stock_project/airflow_venv/lib/python3.8/site-packages/airflow/example_dags/example_task_group.py took 0.047 seconds
[2024-06-10 10:32:26,474] {scheduler_job.py:181} INFO - Started process (PID=77777) to work on /home/anhcu/Project/Stock_project/airflow_venv/lib/python3.8/site-packages/airflow/example_dags/example_task_group.py
[2024-06-10 10:32:26,476] {scheduler_job.py:629} INFO - Processing file /home/anhcu/Project/Stock_project/airflow_venv/lib/python3.8/site-packages/airflow/example_dags/example_task_group.py for tasks to queue
[2024-06-10 10:32:26,478] {logging_mixin.py:103} INFO - [2024-06-10 10:32:26,477] {dagbag.py:440} INFO - Filling up the DagBag from /home/anhcu/Project/Stock_project/airflow_venv/lib/python3.8/site-packages/airflow/example_dags/example_task_group.py
[2024-06-10 10:32:26,488] {scheduler_job.py:639} INFO - DAG(s) dict_keys(['example_task_group']) retrieved from /home/anhcu/Project/Stock_project/airflow_venv/lib/python3.8/site-packages/airflow/example_dags/example_task_group.py
[2024-06-10 10:32:26,489] {logging_mixin.py:103} INFO - [2024-06-10 10:32:26,489] {dag.py:1813} INFO - Sync 1 DAGs
[2024-06-10 10:32:26,504] {logging_mixin.py:103} INFO - [2024-06-10 10:32:26,504] {dag.py:2266} INFO - Setting next_dagrun for example_task_group to 2024-06-08 00:00:00+00:00
[2024-06-10 10:32:26,516] {scheduler_job.py:189} INFO - Processing /home/anhcu/Project/Stock_project/airflow_venv/lib/python3.8/site-packages/airflow/example_dags/example_task_group.py took 0.046 seconds
[2024-06-10 10:32:53,707] {scheduler_job.py:181} INFO - Started process (PID=77970) to work on /home/anhcu/Project/Stock_project/airflow_venv/lib/python3.8/site-packages/airflow/example_dags/example_task_group.py
[2024-06-10 10:32:53,709] {scheduler_job.py:629} INFO - Processing file /home/anhcu/Project/Stock_project/airflow_venv/lib/python3.8/site-packages/airflow/example_dags/example_task_group.py for tasks to queue
[2024-06-10 10:32:53,710] {logging_mixin.py:103} INFO - [2024-06-10 10:32:53,710] {dagbag.py:440} INFO - Filling up the DagBag from /home/anhcu/Project/Stock_project/airflow_venv/lib/python3.8/site-packages/airflow/example_dags/example_task_group.py
[2024-06-10 10:32:53,720] {scheduler_job.py:639} INFO - DAG(s) dict_keys(['example_task_group']) retrieved from /home/anhcu/Project/Stock_project/airflow_venv/lib/python3.8/site-packages/airflow/example_dags/example_task_group.py
[2024-06-10 10:32:53,721] {logging_mixin.py:103} INFO - [2024-06-10 10:32:53,721] {dag.py:1813} INFO - Sync 1 DAGs
[2024-06-10 10:32:53,738] {logging_mixin.py:103} INFO - [2024-06-10 10:32:53,737] {dag.py:2266} INFO - Setting next_dagrun for example_task_group to 2024-06-08 00:00:00+00:00
[2024-06-10 10:32:53,749] {scheduler_job.py:189} INFO - Processing /home/anhcu/Project/Stock_project/airflow_venv/lib/python3.8/site-packages/airflow/example_dags/example_task_group.py took 0.046 seconds
[2024-06-10 10:33:21,044] {scheduler_job.py:181} INFO - Started process (PID=78180) to work on /home/anhcu/Project/Stock_project/airflow_venv/lib/python3.8/site-packages/airflow/example_dags/example_task_group.py
[2024-06-10 10:33:21,046] {scheduler_job.py:629} INFO - Processing file /home/anhcu/Project/Stock_project/airflow_venv/lib/python3.8/site-packages/airflow/example_dags/example_task_group.py for tasks to queue
[2024-06-10 10:33:21,047] {logging_mixin.py:103} INFO - [2024-06-10 10:33:21,047] {dagbag.py:440} INFO - Filling up the DagBag from /home/anhcu/Project/Stock_project/airflow_venv/lib/python3.8/site-packages/airflow/example_dags/example_task_group.py
[2024-06-10 10:33:21,058] {scheduler_job.py:639} INFO - DAG(s) dict_keys(['example_task_group']) retrieved from /home/anhcu/Project/Stock_project/airflow_venv/lib/python3.8/site-packages/airflow/example_dags/example_task_group.py
[2024-06-10 10:33:21,059] {logging_mixin.py:103} INFO - [2024-06-10 10:33:21,059] {dag.py:1813} INFO - Sync 1 DAGs
[2024-06-10 10:33:21,076] {logging_mixin.py:103} INFO - [2024-06-10 10:33:21,075] {dag.py:2266} INFO - Setting next_dagrun for example_task_group to 2024-06-08 00:00:00+00:00
[2024-06-10 10:33:21,088] {scheduler_job.py:189} INFO - Processing /home/anhcu/Project/Stock_project/airflow_venv/lib/python3.8/site-packages/airflow/example_dags/example_task_group.py took 0.048 seconds
[2024-06-10 10:33:48,244] {scheduler_job.py:181} INFO - Started process (PID=78323) to work on /home/anhcu/Project/Stock_project/airflow_venv/lib/python3.8/site-packages/airflow/example_dags/example_task_group.py
[2024-06-10 10:33:48,252] {scheduler_job.py:629} INFO - Processing file /home/anhcu/Project/Stock_project/airflow_venv/lib/python3.8/site-packages/airflow/example_dags/example_task_group.py for tasks to queue
[2024-06-10 10:33:48,253] {logging_mixin.py:103} INFO - [2024-06-10 10:33:48,253] {dagbag.py:440} INFO - Filling up the DagBag from /home/anhcu/Project/Stock_project/airflow_venv/lib/python3.8/site-packages/airflow/example_dags/example_task_group.py
[2024-06-10 10:33:48,276] {scheduler_job.py:639} INFO - DAG(s) dict_keys(['example_task_group']) retrieved from /home/anhcu/Project/Stock_project/airflow_venv/lib/python3.8/site-packages/airflow/example_dags/example_task_group.py
[2024-06-10 10:33:48,284] {logging_mixin.py:103} INFO - [2024-06-10 10:33:48,284] {dag.py:1813} INFO - Sync 1 DAGs
[2024-06-10 10:33:48,332] {logging_mixin.py:103} INFO - [2024-06-10 10:33:48,332] {dag.py:2266} INFO - Setting next_dagrun for example_task_group to 2024-06-08 00:00:00+00:00
[2024-06-10 10:33:48,361] {scheduler_job.py:189} INFO - Processing /home/anhcu/Project/Stock_project/airflow_venv/lib/python3.8/site-packages/airflow/example_dags/example_task_group.py took 0.129 seconds
[2024-06-10 10:34:17,549] {scheduler_job.py:181} INFO - Started process (PID=78478) to work on /home/anhcu/Project/Stock_project/airflow_venv/lib/python3.8/site-packages/airflow/example_dags/example_task_group.py
[2024-06-10 10:34:17,551] {scheduler_job.py:629} INFO - Processing file /home/anhcu/Project/Stock_project/airflow_venv/lib/python3.8/site-packages/airflow/example_dags/example_task_group.py for tasks to queue
[2024-06-10 10:34:17,552] {logging_mixin.py:103} INFO - [2024-06-10 10:34:17,552] {dagbag.py:440} INFO - Filling up the DagBag from /home/anhcu/Project/Stock_project/airflow_venv/lib/python3.8/site-packages/airflow/example_dags/example_task_group.py
[2024-06-10 10:34:17,566] {scheduler_job.py:639} INFO - DAG(s) dict_keys(['example_task_group']) retrieved from /home/anhcu/Project/Stock_project/airflow_venv/lib/python3.8/site-packages/airflow/example_dags/example_task_group.py
[2024-06-10 10:34:17,568] {logging_mixin.py:103} INFO - [2024-06-10 10:34:17,568] {dag.py:1813} INFO - Sync 1 DAGs
[2024-06-10 10:34:17,591] {logging_mixin.py:103} INFO - [2024-06-10 10:34:17,591] {dag.py:2266} INFO - Setting next_dagrun for example_task_group to 2024-06-08 00:00:00+00:00
[2024-06-10 10:34:17,611] {scheduler_job.py:189} INFO - Processing /home/anhcu/Project/Stock_project/airflow_venv/lib/python3.8/site-packages/airflow/example_dags/example_task_group.py took 0.071 seconds
[2024-06-10 10:34:45,007] {scheduler_job.py:181} INFO - Started process (PID=78669) to work on /home/anhcu/Project/Stock_project/airflow_venv/lib/python3.8/site-packages/airflow/example_dags/example_task_group.py
[2024-06-10 10:34:45,008] {scheduler_job.py:629} INFO - Processing file /home/anhcu/Project/Stock_project/airflow_venv/lib/python3.8/site-packages/airflow/example_dags/example_task_group.py for tasks to queue
[2024-06-10 10:34:45,009] {logging_mixin.py:103} INFO - [2024-06-10 10:34:45,009] {dagbag.py:440} INFO - Filling up the DagBag from /home/anhcu/Project/Stock_project/airflow_venv/lib/python3.8/site-packages/airflow/example_dags/example_task_group.py
[2024-06-10 10:34:45,020] {scheduler_job.py:639} INFO - DAG(s) dict_keys(['example_task_group']) retrieved from /home/anhcu/Project/Stock_project/airflow_venv/lib/python3.8/site-packages/airflow/example_dags/example_task_group.py
[2024-06-10 10:34:45,021] {logging_mixin.py:103} INFO - [2024-06-10 10:34:45,021] {dag.py:1813} INFO - Sync 1 DAGs
[2024-06-10 10:34:45,037] {logging_mixin.py:103} INFO - [2024-06-10 10:34:45,037] {dag.py:2266} INFO - Setting next_dagrun for example_task_group to 2024-06-08 00:00:00+00:00
[2024-06-10 10:34:45,050] {scheduler_job.py:189} INFO - Processing /home/anhcu/Project/Stock_project/airflow_venv/lib/python3.8/site-packages/airflow/example_dags/example_task_group.py took 0.047 seconds
[2024-06-10 10:35:17,379] {scheduler_job.py:181} INFO - Started process (PID=78977) to work on /home/anhcu/Project/Stock_project/airflow_venv/lib/python3.8/site-packages/airflow/example_dags/example_task_group.py
[2024-06-10 10:35:17,380] {scheduler_job.py:629} INFO - Processing file /home/anhcu/Project/Stock_project/airflow_venv/lib/python3.8/site-packages/airflow/example_dags/example_task_group.py for tasks to queue
[2024-06-10 10:35:17,381] {logging_mixin.py:103} INFO - [2024-06-10 10:35:17,381] {dagbag.py:440} INFO - Filling up the DagBag from /home/anhcu/Project/Stock_project/airflow_venv/lib/python3.8/site-packages/airflow/example_dags/example_task_group.py
[2024-06-10 10:35:17,391] {scheduler_job.py:639} INFO - DAG(s) dict_keys(['example_task_group']) retrieved from /home/anhcu/Project/Stock_project/airflow_venv/lib/python3.8/site-packages/airflow/example_dags/example_task_group.py
[2024-06-10 10:35:17,392] {logging_mixin.py:103} INFO - [2024-06-10 10:35:17,391] {dag.py:1813} INFO - Sync 1 DAGs
[2024-06-10 10:35:17,406] {logging_mixin.py:103} INFO - [2024-06-10 10:35:17,406] {dag.py:2266} INFO - Setting next_dagrun for example_task_group to 2024-06-08 00:00:00+00:00
[2024-06-10 10:35:17,418] {scheduler_job.py:189} INFO - Processing /home/anhcu/Project/Stock_project/airflow_venv/lib/python3.8/site-packages/airflow/example_dags/example_task_group.py took 0.042 seconds
[2024-06-10 10:36:10,272] {scheduler_job.py:181} INFO - Started process (PID=79649) to work on /home/anhcu/Project/Stock_project/airflow_venv/lib/python3.8/site-packages/airflow/example_dags/example_task_group.py
[2024-06-10 10:36:10,273] {scheduler_job.py:629} INFO - Processing file /home/anhcu/Project/Stock_project/airflow_venv/lib/python3.8/site-packages/airflow/example_dags/example_task_group.py for tasks to queue
[2024-06-10 10:36:10,274] {logging_mixin.py:103} INFO - [2024-06-10 10:36:10,274] {dagbag.py:440} INFO - Filling up the DagBag from /home/anhcu/Project/Stock_project/airflow_venv/lib/python3.8/site-packages/airflow/example_dags/example_task_group.py
[2024-06-10 10:36:10,286] {scheduler_job.py:639} INFO - DAG(s) dict_keys(['example_task_group']) retrieved from /home/anhcu/Project/Stock_project/airflow_venv/lib/python3.8/site-packages/airflow/example_dags/example_task_group.py
[2024-06-10 10:36:10,288] {logging_mixin.py:103} INFO - [2024-06-10 10:36:10,288] {dag.py:1813} INFO - Sync 1 DAGs
[2024-06-10 10:36:10,304] {logging_mixin.py:103} INFO - [2024-06-10 10:36:10,304] {dag.py:2266} INFO - Setting next_dagrun for example_task_group to 2024-06-08 00:00:00+00:00
[2024-06-10 10:36:10,316] {scheduler_job.py:189} INFO - Processing /home/anhcu/Project/Stock_project/airflow_venv/lib/python3.8/site-packages/airflow/example_dags/example_task_group.py took 0.048 seconds
