[2024-06-10 09:58:41,955] {scheduler_job.py:181} INFO - Started process (PID=62842) to work on /home/anhcu/Project/Stock_project/airflow_venv/lib/python3.8/site-packages/airflow/example_dags/example_python_operator.py
[2024-06-10 09:58:41,956] {scheduler_job.py:629} INFO - Processing file /home/anhcu/Project/Stock_project/airflow_venv/lib/python3.8/site-packages/airflow/example_dags/example_python_operator.py for tasks to queue
[2024-06-10 09:58:41,962] {logging_mixin.py:103} INFO - [2024-06-10 09:58:41,962] {dagbag.py:440} INFO - Filling up the DagBag from /home/anhcu/Project/Stock_project/airflow_venv/lib/python3.8/site-packages/airflow/example_dags/example_python_operator.py
[2024-06-10 09:58:42,125] {scheduler_job.py:639} INFO - DAG(s) dict_keys(['example_python_operator']) retrieved from /home/anhcu/Project/Stock_project/airflow_venv/lib/python3.8/site-packages/airflow/example_dags/example_python_operator.py
[2024-06-10 09:58:42,127] {logging_mixin.py:103} INFO - [2024-06-10 09:58:42,127] {dag.py:1813} INFO - Sync 1 DAGs
[2024-06-10 09:58:42,166] {logging_mixin.py:103} INFO - [2024-06-10 09:58:42,166] {dag.py:2266} INFO - Setting next_dagrun for example_python_operator to None
[2024-06-10 09:58:42,233] {scheduler_job.py:189} INFO - Processing /home/anhcu/Project/Stock_project/airflow_venv/lib/python3.8/site-packages/airflow/example_dags/example_python_operator.py took 0.290 seconds
[2024-06-10 09:59:39,193] {scheduler_job.py:181} INFO - Started process (PID=63135) to work on /home/anhcu/Project/Stock_project/airflow_venv/lib/python3.8/site-packages/airflow/example_dags/example_python_operator.py
[2024-06-10 09:59:39,195] {scheduler_job.py:629} INFO - Processing file /home/anhcu/Project/Stock_project/airflow_venv/lib/python3.8/site-packages/airflow/example_dags/example_python_operator.py for tasks to queue
[2024-06-10 09:59:39,196] {logging_mixin.py:103} INFO - [2024-06-10 09:59:39,196] {dagbag.py:440} INFO - Filling up the DagBag from /home/anhcu/Project/Stock_project/airflow_venv/lib/python3.8/site-packages/airflow/example_dags/example_python_operator.py
[2024-06-10 09:59:39,224] {scheduler_job.py:639} INFO - DAG(s) dict_keys(['example_python_operator']) retrieved from /home/anhcu/Project/Stock_project/airflow_venv/lib/python3.8/site-packages/airflow/example_dags/example_python_operator.py
[2024-06-10 09:59:39,231] {logging_mixin.py:103} INFO - [2024-06-10 09:59:39,231] {dag.py:1813} INFO - Sync 1 DAGs
[2024-06-10 09:59:39,627] {logging_mixin.py:103} INFO - [2024-06-10 09:59:39,627] {dag.py:2266} INFO - Setting next_dagrun for example_python_operator to None
[2024-06-10 09:59:39,650] {scheduler_job.py:189} INFO - Processing /home/anhcu/Project/Stock_project/airflow_venv/lib/python3.8/site-packages/airflow/example_dags/example_python_operator.py took 0.478 seconds
[2024-06-10 10:00:27,227] {scheduler_job.py:181} INFO - Started process (PID=63443) to work on /home/anhcu/Project/Stock_project/airflow_venv/lib/python3.8/site-packages/airflow/example_dags/example_python_operator.py
[2024-06-10 10:00:27,232] {scheduler_job.py:629} INFO - Processing file /home/anhcu/Project/Stock_project/airflow_venv/lib/python3.8/site-packages/airflow/example_dags/example_python_operator.py for tasks to queue
[2024-06-10 10:00:27,233] {logging_mixin.py:103} INFO - [2024-06-10 10:00:27,233] {dagbag.py:440} INFO - Filling up the DagBag from /home/anhcu/Project/Stock_project/airflow_venv/lib/python3.8/site-packages/airflow/example_dags/example_python_operator.py
[2024-06-10 10:00:27,639] {scheduler_job.py:639} INFO - DAG(s) dict_keys(['example_python_operator']) retrieved from /home/anhcu/Project/Stock_project/airflow_venv/lib/python3.8/site-packages/airflow/example_dags/example_python_operator.py
[2024-06-10 10:00:27,641] {logging_mixin.py:103} INFO - [2024-06-10 10:00:27,641] {dag.py:1813} INFO - Sync 1 DAGs
[2024-06-10 10:00:27,672] {logging_mixin.py:103} INFO - [2024-06-10 10:00:27,672] {dag.py:2266} INFO - Setting next_dagrun for example_python_operator to None
[2024-06-10 10:00:27,698] {scheduler_job.py:189} INFO - Processing /home/anhcu/Project/Stock_project/airflow_venv/lib/python3.8/site-packages/airflow/example_dags/example_python_operator.py took 0.483 seconds
[2024-06-10 10:01:12,482] {scheduler_job.py:181} INFO - Started process (PID=63729) to work on /home/anhcu/Project/Stock_project/airflow_venv/lib/python3.8/site-packages/airflow/example_dags/example_python_operator.py
[2024-06-10 10:01:12,483] {scheduler_job.py:629} INFO - Processing file /home/anhcu/Project/Stock_project/airflow_venv/lib/python3.8/site-packages/airflow/example_dags/example_python_operator.py for tasks to queue
[2024-06-10 10:01:12,484] {logging_mixin.py:103} INFO - [2024-06-10 10:01:12,484] {dagbag.py:440} INFO - Filling up the DagBag from /home/anhcu/Project/Stock_project/airflow_venv/lib/python3.8/site-packages/airflow/example_dags/example_python_operator.py
[2024-06-10 10:01:12,629] {scheduler_job.py:639} INFO - DAG(s) dict_keys(['example_python_operator']) retrieved from /home/anhcu/Project/Stock_project/airflow_venv/lib/python3.8/site-packages/airflow/example_dags/example_python_operator.py
[2024-06-10 10:01:12,630] {logging_mixin.py:103} INFO - [2024-06-10 10:01:12,630] {dag.py:1813} INFO - Sync 1 DAGs
[2024-06-10 10:01:12,653] {logging_mixin.py:103} INFO - [2024-06-10 10:01:12,652] {dag.py:2266} INFO - Setting next_dagrun for example_python_operator to None
[2024-06-10 10:01:12,670] {scheduler_job.py:189} INFO - Processing /home/anhcu/Project/Stock_project/airflow_venv/lib/python3.8/site-packages/airflow/example_dags/example_python_operator.py took 0.201 seconds
[2024-06-10 10:01:59,153] {scheduler_job.py:181} INFO - Started process (PID=64013) to work on /home/anhcu/Project/Stock_project/airflow_venv/lib/python3.8/site-packages/airflow/example_dags/example_python_operator.py
[2024-06-10 10:01:59,156] {scheduler_job.py:629} INFO - Processing file /home/anhcu/Project/Stock_project/airflow_venv/lib/python3.8/site-packages/airflow/example_dags/example_python_operator.py for tasks to queue
[2024-06-10 10:01:59,157] {logging_mixin.py:103} INFO - [2024-06-10 10:01:59,157] {dagbag.py:440} INFO - Filling up the DagBag from /home/anhcu/Project/Stock_project/airflow_venv/lib/python3.8/site-packages/airflow/example_dags/example_python_operator.py
[2024-06-10 10:01:59,173] {scheduler_job.py:639} INFO - DAG(s) dict_keys(['example_python_operator']) retrieved from /home/anhcu/Project/Stock_project/airflow_venv/lib/python3.8/site-packages/airflow/example_dags/example_python_operator.py
[2024-06-10 10:01:59,175] {logging_mixin.py:103} INFO - [2024-06-10 10:01:59,174] {dag.py:1813} INFO - Sync 1 DAGs
[2024-06-10 10:01:59,198] {logging_mixin.py:103} INFO - [2024-06-10 10:01:59,198] {dag.py:2266} INFO - Setting next_dagrun for example_python_operator to None
[2024-06-10 10:01:59,216] {scheduler_job.py:189} INFO - Processing /home/anhcu/Project/Stock_project/airflow_venv/lib/python3.8/site-packages/airflow/example_dags/example_python_operator.py took 0.066 seconds
[2024-06-10 10:07:26,969] {scheduler_job.py:181} INFO - Started process (PID=67116) to work on /home/anhcu/Project/Stock_project/airflow_venv/lib/python3.8/site-packages/airflow/example_dags/example_python_operator.py
[2024-06-10 10:07:26,973] {scheduler_job.py:629} INFO - Processing file /home/anhcu/Project/Stock_project/airflow_venv/lib/python3.8/site-packages/airflow/example_dags/example_python_operator.py for tasks to queue
[2024-06-10 10:07:26,975] {logging_mixin.py:103} INFO - [2024-06-10 10:07:26,974] {dagbag.py:440} INFO - Filling up the DagBag from /home/anhcu/Project/Stock_project/airflow_venv/lib/python3.8/site-packages/airflow/example_dags/example_python_operator.py
[2024-06-10 10:07:26,985] {scheduler_job.py:639} INFO - DAG(s) dict_keys(['example_python_operator']) retrieved from /home/anhcu/Project/Stock_project/airflow_venv/lib/python3.8/site-packages/airflow/example_dags/example_python_operator.py
[2024-06-10 10:07:26,987] {logging_mixin.py:103} INFO - [2024-06-10 10:07:26,987] {dag.py:1813} INFO - Sync 1 DAGs
[2024-06-10 10:07:27,007] {logging_mixin.py:103} INFO - [2024-06-10 10:07:27,007] {dag.py:2266} INFO - Setting next_dagrun for example_python_operator to None
[2024-06-10 10:07:27,029] {scheduler_job.py:189} INFO - Processing /home/anhcu/Project/Stock_project/airflow_venv/lib/python3.8/site-packages/airflow/example_dags/example_python_operator.py took 0.064 seconds
[2024-06-10 10:07:55,095] {scheduler_job.py:181} INFO - Started process (PID=67307) to work on /home/anhcu/Project/Stock_project/airflow_venv/lib/python3.8/site-packages/airflow/example_dags/example_python_operator.py
[2024-06-10 10:07:55,098] {scheduler_job.py:629} INFO - Processing file /home/anhcu/Project/Stock_project/airflow_venv/lib/python3.8/site-packages/airflow/example_dags/example_python_operator.py for tasks to queue
[2024-06-10 10:07:55,100] {logging_mixin.py:103} INFO - [2024-06-10 10:07:55,100] {dagbag.py:440} INFO - Filling up the DagBag from /home/anhcu/Project/Stock_project/airflow_venv/lib/python3.8/site-packages/airflow/example_dags/example_python_operator.py
[2024-06-10 10:07:55,109] {scheduler_job.py:639} INFO - DAG(s) dict_keys(['example_python_operator']) retrieved from /home/anhcu/Project/Stock_project/airflow_venv/lib/python3.8/site-packages/airflow/example_dags/example_python_operator.py
[2024-06-10 10:07:55,111] {logging_mixin.py:103} INFO - [2024-06-10 10:07:55,111] {dag.py:1813} INFO - Sync 1 DAGs
[2024-06-10 10:07:55,132] {logging_mixin.py:103} INFO - [2024-06-10 10:07:55,132] {dag.py:2266} INFO - Setting next_dagrun for example_python_operator to None
[2024-06-10 10:07:55,150] {scheduler_job.py:189} INFO - Processing /home/anhcu/Project/Stock_project/airflow_venv/lib/python3.8/site-packages/airflow/example_dags/example_python_operator.py took 0.059 seconds
[2024-06-10 10:08:24,576] {scheduler_job.py:181} INFO - Started process (PID=67501) to work on /home/anhcu/Project/Stock_project/airflow_venv/lib/python3.8/site-packages/airflow/example_dags/example_python_operator.py
[2024-06-10 10:08:24,577] {scheduler_job.py:629} INFO - Processing file /home/anhcu/Project/Stock_project/airflow_venv/lib/python3.8/site-packages/airflow/example_dags/example_python_operator.py for tasks to queue
[2024-06-10 10:08:24,578] {logging_mixin.py:103} INFO - [2024-06-10 10:08:24,578] {dagbag.py:440} INFO - Filling up the DagBag from /home/anhcu/Project/Stock_project/airflow_venv/lib/python3.8/site-packages/airflow/example_dags/example_python_operator.py
[2024-06-10 10:08:24,585] {scheduler_job.py:639} INFO - DAG(s) dict_keys(['example_python_operator']) retrieved from /home/anhcu/Project/Stock_project/airflow_venv/lib/python3.8/site-packages/airflow/example_dags/example_python_operator.py
[2024-06-10 10:08:24,586] {logging_mixin.py:103} INFO - [2024-06-10 10:08:24,586] {dag.py:1813} INFO - Sync 1 DAGs
[2024-06-10 10:08:24,601] {logging_mixin.py:103} INFO - [2024-06-10 10:08:24,601] {dag.py:2266} INFO - Setting next_dagrun for example_python_operator to None
[2024-06-10 10:08:24,613] {scheduler_job.py:189} INFO - Processing /home/anhcu/Project/Stock_project/airflow_venv/lib/python3.8/site-packages/airflow/example_dags/example_python_operator.py took 0.041 seconds
[2024-06-10 10:08:51,970] {scheduler_job.py:181} INFO - Started process (PID=67729) to work on /home/anhcu/Project/Stock_project/airflow_venv/lib/python3.8/site-packages/airflow/example_dags/example_python_operator.py
[2024-06-10 10:08:51,972] {scheduler_job.py:629} INFO - Processing file /home/anhcu/Project/Stock_project/airflow_venv/lib/python3.8/site-packages/airflow/example_dags/example_python_operator.py for tasks to queue
[2024-06-10 10:08:51,972] {logging_mixin.py:103} INFO - [2024-06-10 10:08:51,972] {dagbag.py:440} INFO - Filling up the DagBag from /home/anhcu/Project/Stock_project/airflow_venv/lib/python3.8/site-packages/airflow/example_dags/example_python_operator.py
[2024-06-10 10:08:51,980] {scheduler_job.py:639} INFO - DAG(s) dict_keys(['example_python_operator']) retrieved from /home/anhcu/Project/Stock_project/airflow_venv/lib/python3.8/site-packages/airflow/example_dags/example_python_operator.py
[2024-06-10 10:08:51,981] {logging_mixin.py:103} INFO - [2024-06-10 10:08:51,981] {dag.py:1813} INFO - Sync 1 DAGs
[2024-06-10 10:08:51,996] {logging_mixin.py:103} INFO - [2024-06-10 10:08:51,996] {dag.py:2266} INFO - Setting next_dagrun for example_python_operator to None
[2024-06-10 10:08:52,010] {scheduler_job.py:189} INFO - Processing /home/anhcu/Project/Stock_project/airflow_venv/lib/python3.8/site-packages/airflow/example_dags/example_python_operator.py took 0.044 seconds
[2024-06-10 10:09:18,181] {scheduler_job.py:181} INFO - Started process (PID=67919) to work on /home/anhcu/Project/Stock_project/airflow_venv/lib/python3.8/site-packages/airflow/example_dags/example_python_operator.py
[2024-06-10 10:09:18,184] {scheduler_job.py:629} INFO - Processing file /home/anhcu/Project/Stock_project/airflow_venv/lib/python3.8/site-packages/airflow/example_dags/example_python_operator.py for tasks to queue
[2024-06-10 10:09:18,185] {logging_mixin.py:103} INFO - [2024-06-10 10:09:18,185] {dagbag.py:440} INFO - Filling up the DagBag from /home/anhcu/Project/Stock_project/airflow_venv/lib/python3.8/site-packages/airflow/example_dags/example_python_operator.py
[2024-06-10 10:09:18,192] {scheduler_job.py:639} INFO - DAG(s) dict_keys(['example_python_operator']) retrieved from /home/anhcu/Project/Stock_project/airflow_venv/lib/python3.8/site-packages/airflow/example_dags/example_python_operator.py
[2024-06-10 10:09:18,193] {logging_mixin.py:103} INFO - [2024-06-10 10:09:18,193] {dag.py:1813} INFO - Sync 1 DAGs
[2024-06-10 10:09:18,214] {logging_mixin.py:103} INFO - [2024-06-10 10:09:18,214] {dag.py:2266} INFO - Setting next_dagrun for example_python_operator to None
[2024-06-10 10:09:18,227] {scheduler_job.py:189} INFO - Processing /home/anhcu/Project/Stock_project/airflow_venv/lib/python3.8/site-packages/airflow/example_dags/example_python_operator.py took 0.050 seconds
[2024-06-10 10:09:45,530] {scheduler_job.py:181} INFO - Started process (PID=68081) to work on /home/anhcu/Project/Stock_project/airflow_venv/lib/python3.8/site-packages/airflow/example_dags/example_python_operator.py
[2024-06-10 10:09:45,532] {scheduler_job.py:629} INFO - Processing file /home/anhcu/Project/Stock_project/airflow_venv/lib/python3.8/site-packages/airflow/example_dags/example_python_operator.py for tasks to queue
[2024-06-10 10:09:45,533] {logging_mixin.py:103} INFO - [2024-06-10 10:09:45,533] {dagbag.py:440} INFO - Filling up the DagBag from /home/anhcu/Project/Stock_project/airflow_venv/lib/python3.8/site-packages/airflow/example_dags/example_python_operator.py
[2024-06-10 10:09:45,541] {scheduler_job.py:639} INFO - DAG(s) dict_keys(['example_python_operator']) retrieved from /home/anhcu/Project/Stock_project/airflow_venv/lib/python3.8/site-packages/airflow/example_dags/example_python_operator.py
[2024-06-10 10:09:45,543] {logging_mixin.py:103} INFO - [2024-06-10 10:09:45,543] {dag.py:1813} INFO - Sync 1 DAGs
[2024-06-10 10:09:45,557] {logging_mixin.py:103} INFO - [2024-06-10 10:09:45,557] {dag.py:2266} INFO - Setting next_dagrun for example_python_operator to None
[2024-06-10 10:09:45,569] {scheduler_job.py:189} INFO - Processing /home/anhcu/Project/Stock_project/airflow_venv/lib/python3.8/site-packages/airflow/example_dags/example_python_operator.py took 0.044 seconds
[2024-06-10 10:10:14,283] {scheduler_job.py:181} INFO - Started process (PID=68241) to work on /home/anhcu/Project/Stock_project/airflow_venv/lib/python3.8/site-packages/airflow/example_dags/example_python_operator.py
[2024-06-10 10:10:14,285] {scheduler_job.py:629} INFO - Processing file /home/anhcu/Project/Stock_project/airflow_venv/lib/python3.8/site-packages/airflow/example_dags/example_python_operator.py for tasks to queue
[2024-06-10 10:10:14,287] {logging_mixin.py:103} INFO - [2024-06-10 10:10:14,286] {dagbag.py:440} INFO - Filling up the DagBag from /home/anhcu/Project/Stock_project/airflow_venv/lib/python3.8/site-packages/airflow/example_dags/example_python_operator.py
[2024-06-10 10:10:14,294] {scheduler_job.py:639} INFO - DAG(s) dict_keys(['example_python_operator']) retrieved from /home/anhcu/Project/Stock_project/airflow_venv/lib/python3.8/site-packages/airflow/example_dags/example_python_operator.py
[2024-06-10 10:10:14,295] {logging_mixin.py:103} INFO - [2024-06-10 10:10:14,295] {dag.py:1813} INFO - Sync 1 DAGs
[2024-06-10 10:10:14,320] {logging_mixin.py:103} INFO - [2024-06-10 10:10:14,320] {dag.py:2266} INFO - Setting next_dagrun for example_python_operator to None
[2024-06-10 10:10:14,332] {scheduler_job.py:189} INFO - Processing /home/anhcu/Project/Stock_project/airflow_venv/lib/python3.8/site-packages/airflow/example_dags/example_python_operator.py took 0.052 seconds
[2024-06-10 10:10:41,794] {scheduler_job.py:181} INFO - Started process (PID=68395) to work on /home/anhcu/Project/Stock_project/airflow_venv/lib/python3.8/site-packages/airflow/example_dags/example_python_operator.py
[2024-06-10 10:10:41,796] {scheduler_job.py:629} INFO - Processing file /home/anhcu/Project/Stock_project/airflow_venv/lib/python3.8/site-packages/airflow/example_dags/example_python_operator.py for tasks to queue
[2024-06-10 10:10:41,797] {logging_mixin.py:103} INFO - [2024-06-10 10:10:41,797] {dagbag.py:440} INFO - Filling up the DagBag from /home/anhcu/Project/Stock_project/airflow_venv/lib/python3.8/site-packages/airflow/example_dags/example_python_operator.py
[2024-06-10 10:10:41,806] {scheduler_job.py:639} INFO - DAG(s) dict_keys(['example_python_operator']) retrieved from /home/anhcu/Project/Stock_project/airflow_venv/lib/python3.8/site-packages/airflow/example_dags/example_python_operator.py
[2024-06-10 10:10:41,807] {logging_mixin.py:103} INFO - [2024-06-10 10:10:41,807] {dag.py:1813} INFO - Sync 1 DAGs
[2024-06-10 10:10:41,824] {logging_mixin.py:103} INFO - [2024-06-10 10:10:41,824] {dag.py:2266} INFO - Setting next_dagrun for example_python_operator to None
[2024-06-10 10:10:41,837] {scheduler_job.py:189} INFO - Processing /home/anhcu/Project/Stock_project/airflow_venv/lib/python3.8/site-packages/airflow/example_dags/example_python_operator.py took 0.048 seconds
[2024-06-10 10:11:10,829] {scheduler_job.py:181} INFO - Started process (PID=68591) to work on /home/anhcu/Project/Stock_project/airflow_venv/lib/python3.8/site-packages/airflow/example_dags/example_python_operator.py
[2024-06-10 10:11:10,831] {scheduler_job.py:629} INFO - Processing file /home/anhcu/Project/Stock_project/airflow_venv/lib/python3.8/site-packages/airflow/example_dags/example_python_operator.py for tasks to queue
[2024-06-10 10:11:10,832] {logging_mixin.py:103} INFO - [2024-06-10 10:11:10,832] {dagbag.py:440} INFO - Filling up the DagBag from /home/anhcu/Project/Stock_project/airflow_venv/lib/python3.8/site-packages/airflow/example_dags/example_python_operator.py
[2024-06-10 10:11:10,839] {scheduler_job.py:639} INFO - DAG(s) dict_keys(['example_python_operator']) retrieved from /home/anhcu/Project/Stock_project/airflow_venv/lib/python3.8/site-packages/airflow/example_dags/example_python_operator.py
[2024-06-10 10:11:10,840] {logging_mixin.py:103} INFO - [2024-06-10 10:11:10,840] {dag.py:1813} INFO - Sync 1 DAGs
[2024-06-10 10:11:10,857] {logging_mixin.py:103} INFO - [2024-06-10 10:11:10,857] {dag.py:2266} INFO - Setting next_dagrun for example_python_operator to None
[2024-06-10 10:11:10,869] {scheduler_job.py:189} INFO - Processing /home/anhcu/Project/Stock_project/airflow_venv/lib/python3.8/site-packages/airflow/example_dags/example_python_operator.py took 0.044 seconds
[2024-06-10 10:11:54,672] {scheduler_job.py:181} INFO - Started process (PID=68866) to work on /home/anhcu/Project/Stock_project/airflow_venv/lib/python3.8/site-packages/airflow/example_dags/example_python_operator.py
[2024-06-10 10:11:54,674] {scheduler_job.py:629} INFO - Processing file /home/anhcu/Project/Stock_project/airflow_venv/lib/python3.8/site-packages/airflow/example_dags/example_python_operator.py for tasks to queue
[2024-06-10 10:11:54,674] {logging_mixin.py:103} INFO - [2024-06-10 10:11:54,674] {dagbag.py:440} INFO - Filling up the DagBag from /home/anhcu/Project/Stock_project/airflow_venv/lib/python3.8/site-packages/airflow/example_dags/example_python_operator.py
[2024-06-10 10:11:54,685] {scheduler_job.py:639} INFO - DAG(s) dict_keys(['example_python_operator']) retrieved from /home/anhcu/Project/Stock_project/airflow_venv/lib/python3.8/site-packages/airflow/example_dags/example_python_operator.py
[2024-06-10 10:11:54,686] {logging_mixin.py:103} INFO - [2024-06-10 10:11:54,686] {dag.py:1813} INFO - Sync 1 DAGs
[2024-06-10 10:11:54,701] {logging_mixin.py:103} INFO - [2024-06-10 10:11:54,701] {dag.py:2266} INFO - Setting next_dagrun for example_python_operator to None
[2024-06-10 10:11:54,724] {scheduler_job.py:189} INFO - Processing /home/anhcu/Project/Stock_project/airflow_venv/lib/python3.8/site-packages/airflow/example_dags/example_python_operator.py took 0.056 seconds
[2024-06-10 10:12:25,869] {scheduler_job.py:181} INFO - Started process (PID=69046) to work on /home/anhcu/Project/Stock_project/airflow_venv/lib/python3.8/site-packages/airflow/example_dags/example_python_operator.py
[2024-06-10 10:12:25,888] {scheduler_job.py:629} INFO - Processing file /home/anhcu/Project/Stock_project/airflow_venv/lib/python3.8/site-packages/airflow/example_dags/example_python_operator.py for tasks to queue
[2024-06-10 10:12:25,889] {logging_mixin.py:103} INFO - [2024-06-10 10:12:25,889] {dagbag.py:440} INFO - Filling up the DagBag from /home/anhcu/Project/Stock_project/airflow_venv/lib/python3.8/site-packages/airflow/example_dags/example_python_operator.py
[2024-06-10 10:12:25,930] {scheduler_job.py:639} INFO - DAG(s) dict_keys(['example_python_operator']) retrieved from /home/anhcu/Project/Stock_project/airflow_venv/lib/python3.8/site-packages/airflow/example_dags/example_python_operator.py
[2024-06-10 10:12:25,932] {logging_mixin.py:103} INFO - [2024-06-10 10:12:25,932] {dag.py:1813} INFO - Sync 1 DAGs
[2024-06-10 10:12:25,978] {logging_mixin.py:103} INFO - [2024-06-10 10:12:25,970] {dag.py:2266} INFO - Setting next_dagrun for example_python_operator to None
[2024-06-10 10:12:26,030] {scheduler_job.py:189} INFO - Processing /home/anhcu/Project/Stock_project/airflow_venv/lib/python3.8/site-packages/airflow/example_dags/example_python_operator.py took 0.165 seconds
[2024-06-10 10:12:54,278] {scheduler_job.py:181} INFO - Started process (PID=69238) to work on /home/anhcu/Project/Stock_project/airflow_venv/lib/python3.8/site-packages/airflow/example_dags/example_python_operator.py
[2024-06-10 10:12:54,279] {scheduler_job.py:629} INFO - Processing file /home/anhcu/Project/Stock_project/airflow_venv/lib/python3.8/site-packages/airflow/example_dags/example_python_operator.py for tasks to queue
[2024-06-10 10:12:54,280] {logging_mixin.py:103} INFO - [2024-06-10 10:12:54,280] {dagbag.py:440} INFO - Filling up the DagBag from /home/anhcu/Project/Stock_project/airflow_venv/lib/python3.8/site-packages/airflow/example_dags/example_python_operator.py
[2024-06-10 10:12:54,291] {scheduler_job.py:639} INFO - DAG(s) dict_keys(['example_python_operator']) retrieved from /home/anhcu/Project/Stock_project/airflow_venv/lib/python3.8/site-packages/airflow/example_dags/example_python_operator.py
[2024-06-10 10:12:54,292] {logging_mixin.py:103} INFO - [2024-06-10 10:12:54,292] {dag.py:1813} INFO - Sync 1 DAGs
[2024-06-10 10:12:54,307] {logging_mixin.py:103} INFO - [2024-06-10 10:12:54,307] {dag.py:2266} INFO - Setting next_dagrun for example_python_operator to None
[2024-06-10 10:12:54,321] {scheduler_job.py:189} INFO - Processing /home/anhcu/Project/Stock_project/airflow_venv/lib/python3.8/site-packages/airflow/example_dags/example_python_operator.py took 0.047 seconds
[2024-06-10 10:13:24,931] {scheduler_job.py:181} INFO - Started process (PID=69390) to work on /home/anhcu/Project/Stock_project/airflow_venv/lib/python3.8/site-packages/airflow/example_dags/example_python_operator.py
[2024-06-10 10:13:24,932] {scheduler_job.py:629} INFO - Processing file /home/anhcu/Project/Stock_project/airflow_venv/lib/python3.8/site-packages/airflow/example_dags/example_python_operator.py for tasks to queue
[2024-06-10 10:13:24,933] {logging_mixin.py:103} INFO - [2024-06-10 10:13:24,933] {dagbag.py:440} INFO - Filling up the DagBag from /home/anhcu/Project/Stock_project/airflow_venv/lib/python3.8/site-packages/airflow/example_dags/example_python_operator.py
[2024-06-10 10:13:24,944] {scheduler_job.py:639} INFO - DAG(s) dict_keys(['example_python_operator']) retrieved from /home/anhcu/Project/Stock_project/airflow_venv/lib/python3.8/site-packages/airflow/example_dags/example_python_operator.py
[2024-06-10 10:13:24,945] {logging_mixin.py:103} INFO - [2024-06-10 10:13:24,945] {dag.py:1813} INFO - Sync 1 DAGs
[2024-06-10 10:13:24,961] {logging_mixin.py:103} INFO - [2024-06-10 10:13:24,961] {dag.py:2266} INFO - Setting next_dagrun for example_python_operator to None
[2024-06-10 10:13:24,975] {scheduler_job.py:189} INFO - Processing /home/anhcu/Project/Stock_project/airflow_venv/lib/python3.8/site-packages/airflow/example_dags/example_python_operator.py took 0.048 seconds
[2024-06-10 10:13:53,459] {scheduler_job.py:181} INFO - Started process (PID=69527) to work on /home/anhcu/Project/Stock_project/airflow_venv/lib/python3.8/site-packages/airflow/example_dags/example_python_operator.py
[2024-06-10 10:13:53,461] {scheduler_job.py:629} INFO - Processing file /home/anhcu/Project/Stock_project/airflow_venv/lib/python3.8/site-packages/airflow/example_dags/example_python_operator.py for tasks to queue
[2024-06-10 10:13:53,461] {logging_mixin.py:103} INFO - [2024-06-10 10:13:53,461] {dagbag.py:440} INFO - Filling up the DagBag from /home/anhcu/Project/Stock_project/airflow_venv/lib/python3.8/site-packages/airflow/example_dags/example_python_operator.py
[2024-06-10 10:13:53,472] {scheduler_job.py:639} INFO - DAG(s) dict_keys(['example_python_operator']) retrieved from /home/anhcu/Project/Stock_project/airflow_venv/lib/python3.8/site-packages/airflow/example_dags/example_python_operator.py
[2024-06-10 10:13:53,473] {logging_mixin.py:103} INFO - [2024-06-10 10:13:53,473] {dag.py:1813} INFO - Sync 1 DAGs
[2024-06-10 10:13:53,491] {logging_mixin.py:103} INFO - [2024-06-10 10:13:53,491] {dag.py:2266} INFO - Setting next_dagrun for example_python_operator to None
[2024-06-10 10:13:53,503] {scheduler_job.py:189} INFO - Processing /home/anhcu/Project/Stock_project/airflow_venv/lib/python3.8/site-packages/airflow/example_dags/example_python_operator.py took 0.047 seconds
[2024-06-10 10:14:23,186] {scheduler_job.py:181} INFO - Started process (PID=69667) to work on /home/anhcu/Project/Stock_project/airflow_venv/lib/python3.8/site-packages/airflow/example_dags/example_python_operator.py
[2024-06-10 10:14:23,187] {scheduler_job.py:629} INFO - Processing file /home/anhcu/Project/Stock_project/airflow_venv/lib/python3.8/site-packages/airflow/example_dags/example_python_operator.py for tasks to queue
[2024-06-10 10:14:23,188] {logging_mixin.py:103} INFO - [2024-06-10 10:14:23,188] {dagbag.py:440} INFO - Filling up the DagBag from /home/anhcu/Project/Stock_project/airflow_venv/lib/python3.8/site-packages/airflow/example_dags/example_python_operator.py
[2024-06-10 10:14:23,201] {scheduler_job.py:639} INFO - DAG(s) dict_keys(['example_python_operator']) retrieved from /home/anhcu/Project/Stock_project/airflow_venv/lib/python3.8/site-packages/airflow/example_dags/example_python_operator.py
[2024-06-10 10:14:23,202] {logging_mixin.py:103} INFO - [2024-06-10 10:14:23,202] {dag.py:1813} INFO - Sync 1 DAGs
[2024-06-10 10:14:23,221] {logging_mixin.py:103} INFO - [2024-06-10 10:14:23,221] {dag.py:2266} INFO - Setting next_dagrun for example_python_operator to None
[2024-06-10 10:14:23,234] {scheduler_job.py:189} INFO - Processing /home/anhcu/Project/Stock_project/airflow_venv/lib/python3.8/site-packages/airflow/example_dags/example_python_operator.py took 0.052 seconds
[2024-06-10 10:15:26,967] {scheduler_job.py:181} INFO - Started process (PID=70039) to work on /home/anhcu/Project/Stock_project/airflow_venv/lib/python3.8/site-packages/airflow/example_dags/example_python_operator.py
[2024-06-10 10:15:26,975] {scheduler_job.py:629} INFO - Processing file /home/anhcu/Project/Stock_project/airflow_venv/lib/python3.8/site-packages/airflow/example_dags/example_python_operator.py for tasks to queue
[2024-06-10 10:15:26,982] {logging_mixin.py:103} INFO - [2024-06-10 10:15:26,982] {dagbag.py:440} INFO - Filling up the DagBag from /home/anhcu/Project/Stock_project/airflow_venv/lib/python3.8/site-packages/airflow/example_dags/example_python_operator.py
[2024-06-10 10:15:27,016] {scheduler_job.py:639} INFO - DAG(s) dict_keys(['example_python_operator']) retrieved from /home/anhcu/Project/Stock_project/airflow_venv/lib/python3.8/site-packages/airflow/example_dags/example_python_operator.py
[2024-06-10 10:15:27,025] {logging_mixin.py:103} INFO - [2024-06-10 10:15:27,025] {dag.py:1813} INFO - Sync 1 DAGs
[2024-06-10 10:15:27,077] {logging_mixin.py:103} INFO - [2024-06-10 10:15:27,076] {dag.py:2266} INFO - Setting next_dagrun for example_python_operator to None
[2024-06-10 10:15:27,144] {scheduler_job.py:189} INFO - Processing /home/anhcu/Project/Stock_project/airflow_venv/lib/python3.8/site-packages/airflow/example_dags/example_python_operator.py took 0.186 seconds
[2024-06-10 10:15:57,445] {scheduler_job.py:181} INFO - Started process (PID=70248) to work on /home/anhcu/Project/Stock_project/airflow_venv/lib/python3.8/site-packages/airflow/example_dags/example_python_operator.py
[2024-06-10 10:15:57,447] {scheduler_job.py:629} INFO - Processing file /home/anhcu/Project/Stock_project/airflow_venv/lib/python3.8/site-packages/airflow/example_dags/example_python_operator.py for tasks to queue
[2024-06-10 10:15:57,447] {logging_mixin.py:103} INFO - [2024-06-10 10:15:57,447] {dagbag.py:440} INFO - Filling up the DagBag from /home/anhcu/Project/Stock_project/airflow_venv/lib/python3.8/site-packages/airflow/example_dags/example_python_operator.py
[2024-06-10 10:15:57,457] {scheduler_job.py:639} INFO - DAG(s) dict_keys(['example_python_operator']) retrieved from /home/anhcu/Project/Stock_project/airflow_venv/lib/python3.8/site-packages/airflow/example_dags/example_python_operator.py
[2024-06-10 10:15:57,458] {logging_mixin.py:103} INFO - [2024-06-10 10:15:57,458] {dag.py:1813} INFO - Sync 1 DAGs
[2024-06-10 10:15:57,475] {logging_mixin.py:103} INFO - [2024-06-10 10:15:57,475] {dag.py:2266} INFO - Setting next_dagrun for example_python_operator to None
[2024-06-10 10:15:57,510] {scheduler_job.py:189} INFO - Processing /home/anhcu/Project/Stock_project/airflow_venv/lib/python3.8/site-packages/airflow/example_dags/example_python_operator.py took 0.069 seconds
[2024-06-10 10:16:27,175] {scheduler_job.py:181} INFO - Started process (PID=70426) to work on /home/anhcu/Project/Stock_project/airflow_venv/lib/python3.8/site-packages/airflow/example_dags/example_python_operator.py
[2024-06-10 10:16:27,176] {scheduler_job.py:629} INFO - Processing file /home/anhcu/Project/Stock_project/airflow_venv/lib/python3.8/site-packages/airflow/example_dags/example_python_operator.py for tasks to queue
[2024-06-10 10:16:27,177] {logging_mixin.py:103} INFO - [2024-06-10 10:16:27,177] {dagbag.py:440} INFO - Filling up the DagBag from /home/anhcu/Project/Stock_project/airflow_venv/lib/python3.8/site-packages/airflow/example_dags/example_python_operator.py
[2024-06-10 10:16:27,188] {scheduler_job.py:639} INFO - DAG(s) dict_keys(['example_python_operator']) retrieved from /home/anhcu/Project/Stock_project/airflow_venv/lib/python3.8/site-packages/airflow/example_dags/example_python_operator.py
[2024-06-10 10:16:27,189] {logging_mixin.py:103} INFO - [2024-06-10 10:16:27,189] {dag.py:1813} INFO - Sync 1 DAGs
[2024-06-10 10:16:27,204] {logging_mixin.py:103} INFO - [2024-06-10 10:16:27,204] {dag.py:2266} INFO - Setting next_dagrun for example_python_operator to None
[2024-06-10 10:16:27,218] {scheduler_job.py:189} INFO - Processing /home/anhcu/Project/Stock_project/airflow_venv/lib/python3.8/site-packages/airflow/example_dags/example_python_operator.py took 0.046 seconds
[2024-06-10 10:16:56,798] {scheduler_job.py:181} INFO - Started process (PID=70694) to work on /home/anhcu/Project/Stock_project/airflow_venv/lib/python3.8/site-packages/airflow/example_dags/example_python_operator.py
[2024-06-10 10:16:56,799] {scheduler_job.py:629} INFO - Processing file /home/anhcu/Project/Stock_project/airflow_venv/lib/python3.8/site-packages/airflow/example_dags/example_python_operator.py for tasks to queue
[2024-06-10 10:16:56,800] {logging_mixin.py:103} INFO - [2024-06-10 10:16:56,800] {dagbag.py:440} INFO - Filling up the DagBag from /home/anhcu/Project/Stock_project/airflow_venv/lib/python3.8/site-packages/airflow/example_dags/example_python_operator.py
[2024-06-10 10:16:56,810] {scheduler_job.py:639} INFO - DAG(s) dict_keys(['example_python_operator']) retrieved from /home/anhcu/Project/Stock_project/airflow_venv/lib/python3.8/site-packages/airflow/example_dags/example_python_operator.py
[2024-06-10 10:16:56,811] {logging_mixin.py:103} INFO - [2024-06-10 10:16:56,811] {dag.py:1813} INFO - Sync 1 DAGs
[2024-06-10 10:16:56,826] {logging_mixin.py:103} INFO - [2024-06-10 10:16:56,826] {dag.py:2266} INFO - Setting next_dagrun for example_python_operator to None
[2024-06-10 10:16:56,839] {scheduler_job.py:189} INFO - Processing /home/anhcu/Project/Stock_project/airflow_venv/lib/python3.8/site-packages/airflow/example_dags/example_python_operator.py took 0.045 seconds
[2024-06-10 10:17:26,441] {scheduler_job.py:181} INFO - Started process (PID=70923) to work on /home/anhcu/Project/Stock_project/airflow_venv/lib/python3.8/site-packages/airflow/example_dags/example_python_operator.py
[2024-06-10 10:17:26,442] {scheduler_job.py:629} INFO - Processing file /home/anhcu/Project/Stock_project/airflow_venv/lib/python3.8/site-packages/airflow/example_dags/example_python_operator.py for tasks to queue
[2024-06-10 10:17:26,443] {logging_mixin.py:103} INFO - [2024-06-10 10:17:26,443] {dagbag.py:440} INFO - Filling up the DagBag from /home/anhcu/Project/Stock_project/airflow_venv/lib/python3.8/site-packages/airflow/example_dags/example_python_operator.py
[2024-06-10 10:17:26,453] {scheduler_job.py:639} INFO - DAG(s) dict_keys(['example_python_operator']) retrieved from /home/anhcu/Project/Stock_project/airflow_venv/lib/python3.8/site-packages/airflow/example_dags/example_python_operator.py
[2024-06-10 10:17:26,454] {logging_mixin.py:103} INFO - [2024-06-10 10:17:26,454] {dag.py:1813} INFO - Sync 1 DAGs
[2024-06-10 10:17:26,470] {logging_mixin.py:103} INFO - [2024-06-10 10:17:26,470] {dag.py:2266} INFO - Setting next_dagrun for example_python_operator to None
[2024-06-10 10:17:26,481] {scheduler_job.py:189} INFO - Processing /home/anhcu/Project/Stock_project/airflow_venv/lib/python3.8/site-packages/airflow/example_dags/example_python_operator.py took 0.043 seconds
[2024-06-10 10:17:57,173] {scheduler_job.py:181} INFO - Started process (PID=71079) to work on /home/anhcu/Project/Stock_project/airflow_venv/lib/python3.8/site-packages/airflow/example_dags/example_python_operator.py
[2024-06-10 10:17:57,174] {scheduler_job.py:629} INFO - Processing file /home/anhcu/Project/Stock_project/airflow_venv/lib/python3.8/site-packages/airflow/example_dags/example_python_operator.py for tasks to queue
[2024-06-10 10:17:57,175] {logging_mixin.py:103} INFO - [2024-06-10 10:17:57,175] {dagbag.py:440} INFO - Filling up the DagBag from /home/anhcu/Project/Stock_project/airflow_venv/lib/python3.8/site-packages/airflow/example_dags/example_python_operator.py
[2024-06-10 10:17:57,185] {scheduler_job.py:639} INFO - DAG(s) dict_keys(['example_python_operator']) retrieved from /home/anhcu/Project/Stock_project/airflow_venv/lib/python3.8/site-packages/airflow/example_dags/example_python_operator.py
[2024-06-10 10:17:57,186] {logging_mixin.py:103} INFO - [2024-06-10 10:17:57,186] {dag.py:1813} INFO - Sync 1 DAGs
[2024-06-10 10:17:57,202] {logging_mixin.py:103} INFO - [2024-06-10 10:17:57,202] {dag.py:2266} INFO - Setting next_dagrun for example_python_operator to None
[2024-06-10 10:17:57,214] {scheduler_job.py:189} INFO - Processing /home/anhcu/Project/Stock_project/airflow_venv/lib/python3.8/site-packages/airflow/example_dags/example_python_operator.py took 0.044 seconds
[2024-06-10 10:18:27,710] {scheduler_job.py:181} INFO - Started process (PID=71391) to work on /home/anhcu/Project/Stock_project/airflow_venv/lib/python3.8/site-packages/airflow/example_dags/example_python_operator.py
[2024-06-10 10:18:27,712] {scheduler_job.py:629} INFO - Processing file /home/anhcu/Project/Stock_project/airflow_venv/lib/python3.8/site-packages/airflow/example_dags/example_python_operator.py for tasks to queue
[2024-06-10 10:18:27,713] {logging_mixin.py:103} INFO - [2024-06-10 10:18:27,713] {dagbag.py:440} INFO - Filling up the DagBag from /home/anhcu/Project/Stock_project/airflow_venv/lib/python3.8/site-packages/airflow/example_dags/example_python_operator.py
[2024-06-10 10:18:27,744] {scheduler_job.py:639} INFO - DAG(s) dict_keys(['example_python_operator']) retrieved from /home/anhcu/Project/Stock_project/airflow_venv/lib/python3.8/site-packages/airflow/example_dags/example_python_operator.py
[2024-06-10 10:18:27,755] {logging_mixin.py:103} INFO - [2024-06-10 10:18:27,755] {dag.py:1813} INFO - Sync 1 DAGs
[2024-06-10 10:18:27,840] {logging_mixin.py:103} INFO - [2024-06-10 10:18:27,840] {dag.py:2266} INFO - Setting next_dagrun for example_python_operator to None
[2024-06-10 10:18:27,908] {scheduler_job.py:189} INFO - Processing /home/anhcu/Project/Stock_project/airflow_venv/lib/python3.8/site-packages/airflow/example_dags/example_python_operator.py took 0.208 seconds
[2024-06-10 10:18:58,352] {scheduler_job.py:181} INFO - Started process (PID=71746) to work on /home/anhcu/Project/Stock_project/airflow_venv/lib/python3.8/site-packages/airflow/example_dags/example_python_operator.py
[2024-06-10 10:18:58,354] {scheduler_job.py:629} INFO - Processing file /home/anhcu/Project/Stock_project/airflow_venv/lib/python3.8/site-packages/airflow/example_dags/example_python_operator.py for tasks to queue
[2024-06-10 10:18:58,355] {logging_mixin.py:103} INFO - [2024-06-10 10:18:58,355] {dagbag.py:440} INFO - Filling up the DagBag from /home/anhcu/Project/Stock_project/airflow_venv/lib/python3.8/site-packages/airflow/example_dags/example_python_operator.py
[2024-06-10 10:18:58,373] {scheduler_job.py:639} INFO - DAG(s) dict_keys(['example_python_operator']) retrieved from /home/anhcu/Project/Stock_project/airflow_venv/lib/python3.8/site-packages/airflow/example_dags/example_python_operator.py
[2024-06-10 10:18:58,374] {logging_mixin.py:103} INFO - [2024-06-10 10:18:58,374] {dag.py:1813} INFO - Sync 1 DAGs
[2024-06-10 10:18:58,398] {logging_mixin.py:103} INFO - [2024-06-10 10:18:58,398] {dag.py:2266} INFO - Setting next_dagrun for example_python_operator to None
[2024-06-10 10:18:58,417] {scheduler_job.py:189} INFO - Processing /home/anhcu/Project/Stock_project/airflow_venv/lib/python3.8/site-packages/airflow/example_dags/example_python_operator.py took 0.070 seconds
[2024-06-10 10:19:28,208] {scheduler_job.py:181} INFO - Started process (PID=71975) to work on /home/anhcu/Project/Stock_project/airflow_venv/lib/python3.8/site-packages/airflow/example_dags/example_python_operator.py
[2024-06-10 10:19:28,210] {scheduler_job.py:629} INFO - Processing file /home/anhcu/Project/Stock_project/airflow_venv/lib/python3.8/site-packages/airflow/example_dags/example_python_operator.py for tasks to queue
[2024-06-10 10:19:28,212] {logging_mixin.py:103} INFO - [2024-06-10 10:19:28,212] {dagbag.py:440} INFO - Filling up the DagBag from /home/anhcu/Project/Stock_project/airflow_venv/lib/python3.8/site-packages/airflow/example_dags/example_python_operator.py
[2024-06-10 10:19:28,226] {scheduler_job.py:639} INFO - DAG(s) dict_keys(['example_python_operator']) retrieved from /home/anhcu/Project/Stock_project/airflow_venv/lib/python3.8/site-packages/airflow/example_dags/example_python_operator.py
[2024-06-10 10:19:28,228] {logging_mixin.py:103} INFO - [2024-06-10 10:19:28,228] {dag.py:1813} INFO - Sync 1 DAGs
[2024-06-10 10:19:28,252] {logging_mixin.py:103} INFO - [2024-06-10 10:19:28,252] {dag.py:2266} INFO - Setting next_dagrun for example_python_operator to None
[2024-06-10 10:19:28,270] {scheduler_job.py:189} INFO - Processing /home/anhcu/Project/Stock_project/airflow_venv/lib/python3.8/site-packages/airflow/example_dags/example_python_operator.py took 0.066 seconds
[2024-06-10 10:20:08,253] {scheduler_job.py:181} INFO - Started process (PID=72370) to work on /home/anhcu/Project/Stock_project/airflow_venv/lib/python3.8/site-packages/airflow/example_dags/example_python_operator.py
[2024-06-10 10:20:08,254] {scheduler_job.py:629} INFO - Processing file /home/anhcu/Project/Stock_project/airflow_venv/lib/python3.8/site-packages/airflow/example_dags/example_python_operator.py for tasks to queue
[2024-06-10 10:20:08,255] {logging_mixin.py:103} INFO - [2024-06-10 10:20:08,255] {dagbag.py:440} INFO - Filling up the DagBag from /home/anhcu/Project/Stock_project/airflow_venv/lib/python3.8/site-packages/airflow/example_dags/example_python_operator.py
[2024-06-10 10:20:08,265] {scheduler_job.py:639} INFO - DAG(s) dict_keys(['example_python_operator']) retrieved from /home/anhcu/Project/Stock_project/airflow_venv/lib/python3.8/site-packages/airflow/example_dags/example_python_operator.py
[2024-06-10 10:20:08,266] {logging_mixin.py:103} INFO - [2024-06-10 10:20:08,266] {dag.py:1813} INFO - Sync 1 DAGs
[2024-06-10 10:20:08,283] {logging_mixin.py:103} INFO - [2024-06-10 10:20:08,283] {dag.py:2266} INFO - Setting next_dagrun for example_python_operator to None
[2024-06-10 10:20:08,295] {scheduler_job.py:189} INFO - Processing /home/anhcu/Project/Stock_project/airflow_venv/lib/python3.8/site-packages/airflow/example_dags/example_python_operator.py took 0.045 seconds
[2024-06-10 10:20:37,990] {scheduler_job.py:181} INFO - Started process (PID=72606) to work on /home/anhcu/Project/Stock_project/airflow_venv/lib/python3.8/site-packages/airflow/example_dags/example_python_operator.py
[2024-06-10 10:20:37,992] {scheduler_job.py:629} INFO - Processing file /home/anhcu/Project/Stock_project/airflow_venv/lib/python3.8/site-packages/airflow/example_dags/example_python_operator.py for tasks to queue
[2024-06-10 10:20:37,993] {logging_mixin.py:103} INFO - [2024-06-10 10:20:37,992] {dagbag.py:440} INFO - Filling up the DagBag from /home/anhcu/Project/Stock_project/airflow_venv/lib/python3.8/site-packages/airflow/example_dags/example_python_operator.py
[2024-06-10 10:20:38,003] {scheduler_job.py:639} INFO - DAG(s) dict_keys(['example_python_operator']) retrieved from /home/anhcu/Project/Stock_project/airflow_venv/lib/python3.8/site-packages/airflow/example_dags/example_python_operator.py
[2024-06-10 10:20:38,004] {logging_mixin.py:103} INFO - [2024-06-10 10:20:38,004] {dag.py:1813} INFO - Sync 1 DAGs
[2024-06-10 10:20:38,022] {logging_mixin.py:103} INFO - [2024-06-10 10:20:38,022] {dag.py:2266} INFO - Setting next_dagrun for example_python_operator to None
[2024-06-10 10:20:38,034] {scheduler_job.py:189} INFO - Processing /home/anhcu/Project/Stock_project/airflow_venv/lib/python3.8/site-packages/airflow/example_dags/example_python_operator.py took 0.047 seconds
[2024-06-10 10:21:09,422] {scheduler_job.py:181} INFO - Started process (PID=72854) to work on /home/anhcu/Project/Stock_project/airflow_venv/lib/python3.8/site-packages/airflow/example_dags/example_python_operator.py
[2024-06-10 10:21:09,424] {scheduler_job.py:629} INFO - Processing file /home/anhcu/Project/Stock_project/airflow_venv/lib/python3.8/site-packages/airflow/example_dags/example_python_operator.py for tasks to queue
[2024-06-10 10:21:09,425] {logging_mixin.py:103} INFO - [2024-06-10 10:21:09,425] {dagbag.py:440} INFO - Filling up the DagBag from /home/anhcu/Project/Stock_project/airflow_venv/lib/python3.8/site-packages/airflow/example_dags/example_python_operator.py
[2024-06-10 10:21:09,436] {scheduler_job.py:639} INFO - DAG(s) dict_keys(['example_python_operator']) retrieved from /home/anhcu/Project/Stock_project/airflow_venv/lib/python3.8/site-packages/airflow/example_dags/example_python_operator.py
[2024-06-10 10:21:09,440] {logging_mixin.py:103} INFO - [2024-06-10 10:21:09,440] {dag.py:1813} INFO - Sync 1 DAGs
[2024-06-10 10:21:09,456] {logging_mixin.py:103} INFO - [2024-06-10 10:21:09,456] {dag.py:2266} INFO - Setting next_dagrun for example_python_operator to None
[2024-06-10 10:21:09,469] {scheduler_job.py:189} INFO - Processing /home/anhcu/Project/Stock_project/airflow_venv/lib/python3.8/site-packages/airflow/example_dags/example_python_operator.py took 0.051 seconds
[2024-06-10 10:21:39,248] {scheduler_job.py:181} INFO - Started process (PID=72994) to work on /home/anhcu/Project/Stock_project/airflow_venv/lib/python3.8/site-packages/airflow/example_dags/example_python_operator.py
[2024-06-10 10:21:39,249] {scheduler_job.py:629} INFO - Processing file /home/anhcu/Project/Stock_project/airflow_venv/lib/python3.8/site-packages/airflow/example_dags/example_python_operator.py for tasks to queue
[2024-06-10 10:21:39,250] {logging_mixin.py:103} INFO - [2024-06-10 10:21:39,250] {dagbag.py:440} INFO - Filling up the DagBag from /home/anhcu/Project/Stock_project/airflow_venv/lib/python3.8/site-packages/airflow/example_dags/example_python_operator.py
[2024-06-10 10:21:39,262] {scheduler_job.py:639} INFO - DAG(s) dict_keys(['example_python_operator']) retrieved from /home/anhcu/Project/Stock_project/airflow_venv/lib/python3.8/site-packages/airflow/example_dags/example_python_operator.py
[2024-06-10 10:21:39,263] {logging_mixin.py:103} INFO - [2024-06-10 10:21:39,263] {dag.py:1813} INFO - Sync 1 DAGs
[2024-06-10 10:21:39,278] {logging_mixin.py:103} INFO - [2024-06-10 10:21:39,278] {dag.py:2266} INFO - Setting next_dagrun for example_python_operator to None
[2024-06-10 10:21:39,289] {scheduler_job.py:189} INFO - Processing /home/anhcu/Project/Stock_project/airflow_venv/lib/python3.8/site-packages/airflow/example_dags/example_python_operator.py took 0.045 seconds
[2024-06-10 10:22:08,874] {scheduler_job.py:181} INFO - Started process (PID=73227) to work on /home/anhcu/Project/Stock_project/airflow_venv/lib/python3.8/site-packages/airflow/example_dags/example_python_operator.py
[2024-06-10 10:22:08,875] {scheduler_job.py:629} INFO - Processing file /home/anhcu/Project/Stock_project/airflow_venv/lib/python3.8/site-packages/airflow/example_dags/example_python_operator.py for tasks to queue
[2024-06-10 10:22:08,876] {logging_mixin.py:103} INFO - [2024-06-10 10:22:08,876] {dagbag.py:440} INFO - Filling up the DagBag from /home/anhcu/Project/Stock_project/airflow_venv/lib/python3.8/site-packages/airflow/example_dags/example_python_operator.py
[2024-06-10 10:22:08,889] {scheduler_job.py:639} INFO - DAG(s) dict_keys(['example_python_operator']) retrieved from /home/anhcu/Project/Stock_project/airflow_venv/lib/python3.8/site-packages/airflow/example_dags/example_python_operator.py
[2024-06-10 10:22:08,890] {logging_mixin.py:103} INFO - [2024-06-10 10:22:08,890] {dag.py:1813} INFO - Sync 1 DAGs
[2024-06-10 10:22:08,904] {logging_mixin.py:103} INFO - [2024-06-10 10:22:08,904] {dag.py:2266} INFO - Setting next_dagrun for example_python_operator to None
[2024-06-10 10:22:08,917] {scheduler_job.py:189} INFO - Processing /home/anhcu/Project/Stock_project/airflow_venv/lib/python3.8/site-packages/airflow/example_dags/example_python_operator.py took 0.048 seconds
[2024-06-10 10:22:37,153] {scheduler_job.py:181} INFO - Started process (PID=73385) to work on /home/anhcu/Project/Stock_project/airflow_venv/lib/python3.8/site-packages/airflow/example_dags/example_python_operator.py
[2024-06-10 10:22:37,156] {scheduler_job.py:629} INFO - Processing file /home/anhcu/Project/Stock_project/airflow_venv/lib/python3.8/site-packages/airflow/example_dags/example_python_operator.py for tasks to queue
[2024-06-10 10:22:37,157] {logging_mixin.py:103} INFO - [2024-06-10 10:22:37,157] {dagbag.py:440} INFO - Filling up the DagBag from /home/anhcu/Project/Stock_project/airflow_venv/lib/python3.8/site-packages/airflow/example_dags/example_python_operator.py
[2024-06-10 10:22:37,169] {scheduler_job.py:639} INFO - DAG(s) dict_keys(['example_python_operator']) retrieved from /home/anhcu/Project/Stock_project/airflow_venv/lib/python3.8/site-packages/airflow/example_dags/example_python_operator.py
[2024-06-10 10:22:37,170] {logging_mixin.py:103} INFO - [2024-06-10 10:22:37,170] {dag.py:1813} INFO - Sync 1 DAGs
[2024-06-10 10:22:37,185] {logging_mixin.py:103} INFO - [2024-06-10 10:22:37,185] {dag.py:2266} INFO - Setting next_dagrun for example_python_operator to None
[2024-06-10 10:22:37,196] {scheduler_job.py:189} INFO - Processing /home/anhcu/Project/Stock_project/airflow_venv/lib/python3.8/site-packages/airflow/example_dags/example_python_operator.py took 0.047 seconds
[2024-06-10 10:23:05,036] {scheduler_job.py:181} INFO - Started process (PID=73577) to work on /home/anhcu/Project/Stock_project/airflow_venv/lib/python3.8/site-packages/airflow/example_dags/example_python_operator.py
[2024-06-10 10:23:05,038] {scheduler_job.py:629} INFO - Processing file /home/anhcu/Project/Stock_project/airflow_venv/lib/python3.8/site-packages/airflow/example_dags/example_python_operator.py for tasks to queue
[2024-06-10 10:23:05,039] {logging_mixin.py:103} INFO - [2024-06-10 10:23:05,039] {dagbag.py:440} INFO - Filling up the DagBag from /home/anhcu/Project/Stock_project/airflow_venv/lib/python3.8/site-packages/airflow/example_dags/example_python_operator.py
[2024-06-10 10:23:05,052] {scheduler_job.py:639} INFO - DAG(s) dict_keys(['example_python_operator']) retrieved from /home/anhcu/Project/Stock_project/airflow_venv/lib/python3.8/site-packages/airflow/example_dags/example_python_operator.py
[2024-06-10 10:23:05,053] {logging_mixin.py:103} INFO - [2024-06-10 10:23:05,053] {dag.py:1813} INFO - Sync 1 DAGs
[2024-06-10 10:23:05,068] {logging_mixin.py:103} INFO - [2024-06-10 10:23:05,067] {dag.py:2266} INFO - Setting next_dagrun for example_python_operator to None
[2024-06-10 10:23:05,079] {scheduler_job.py:189} INFO - Processing /home/anhcu/Project/Stock_project/airflow_venv/lib/python3.8/site-packages/airflow/example_dags/example_python_operator.py took 0.048 seconds
[2024-06-10 10:23:57,554] {scheduler_job.py:181} INFO - Started process (PID=74259) to work on /home/anhcu/Project/Stock_project/airflow_venv/lib/python3.8/site-packages/airflow/example_dags/example_python_operator.py
[2024-06-10 10:23:57,558] {scheduler_job.py:629} INFO - Processing file /home/anhcu/Project/Stock_project/airflow_venv/lib/python3.8/site-packages/airflow/example_dags/example_python_operator.py for tasks to queue
[2024-06-10 10:23:57,559] {logging_mixin.py:103} INFO - [2024-06-10 10:23:57,559] {dagbag.py:440} INFO - Filling up the DagBag from /home/anhcu/Project/Stock_project/airflow_venv/lib/python3.8/site-packages/airflow/example_dags/example_python_operator.py
[2024-06-10 10:23:57,572] {scheduler_job.py:639} INFO - DAG(s) dict_keys(['example_python_operator']) retrieved from /home/anhcu/Project/Stock_project/airflow_venv/lib/python3.8/site-packages/airflow/example_dags/example_python_operator.py
[2024-06-10 10:23:57,573] {logging_mixin.py:103} INFO - [2024-06-10 10:23:57,573] {dag.py:1813} INFO - Sync 1 DAGs
[2024-06-10 10:23:57,587] {logging_mixin.py:103} INFO - [2024-06-10 10:23:57,587] {dag.py:2266} INFO - Setting next_dagrun for example_python_operator to None
[2024-06-10 10:23:57,601] {scheduler_job.py:189} INFO - Processing /home/anhcu/Project/Stock_project/airflow_venv/lib/python3.8/site-packages/airflow/example_dags/example_python_operator.py took 0.052 seconds
[2024-06-10 10:24:27,317] {scheduler_job.py:181} INFO - Started process (PID=74526) to work on /home/anhcu/Project/Stock_project/airflow_venv/lib/python3.8/site-packages/airflow/example_dags/example_python_operator.py
[2024-06-10 10:24:27,321] {scheduler_job.py:629} INFO - Processing file /home/anhcu/Project/Stock_project/airflow_venv/lib/python3.8/site-packages/airflow/example_dags/example_python_operator.py for tasks to queue
[2024-06-10 10:24:27,322] {logging_mixin.py:103} INFO - [2024-06-10 10:24:27,322] {dagbag.py:440} INFO - Filling up the DagBag from /home/anhcu/Project/Stock_project/airflow_venv/lib/python3.8/site-packages/airflow/example_dags/example_python_operator.py
[2024-06-10 10:24:27,331] {scheduler_job.py:639} INFO - DAG(s) dict_keys(['example_python_operator']) retrieved from /home/anhcu/Project/Stock_project/airflow_venv/lib/python3.8/site-packages/airflow/example_dags/example_python_operator.py
[2024-06-10 10:24:27,333] {logging_mixin.py:103} INFO - [2024-06-10 10:24:27,332] {dag.py:1813} INFO - Sync 1 DAGs
[2024-06-10 10:24:27,349] {logging_mixin.py:103} INFO - [2024-06-10 10:24:27,349] {dag.py:2266} INFO - Setting next_dagrun for example_python_operator to None
[2024-06-10 10:24:27,365] {scheduler_job.py:189} INFO - Processing /home/anhcu/Project/Stock_project/airflow_venv/lib/python3.8/site-packages/airflow/example_dags/example_python_operator.py took 0.052 seconds
[2024-06-10 10:24:59,456] {scheduler_job.py:181} INFO - Started process (PID=74963) to work on /home/anhcu/Project/Stock_project/airflow_venv/lib/python3.8/site-packages/airflow/example_dags/example_python_operator.py
[2024-06-10 10:24:59,457] {scheduler_job.py:629} INFO - Processing file /home/anhcu/Project/Stock_project/airflow_venv/lib/python3.8/site-packages/airflow/example_dags/example_python_operator.py for tasks to queue
[2024-06-10 10:24:59,457] {logging_mixin.py:103} INFO - [2024-06-10 10:24:59,457] {dagbag.py:440} INFO - Filling up the DagBag from /home/anhcu/Project/Stock_project/airflow_venv/lib/python3.8/site-packages/airflow/example_dags/example_python_operator.py
[2024-06-10 10:24:59,468] {scheduler_job.py:639} INFO - DAG(s) dict_keys(['example_python_operator']) retrieved from /home/anhcu/Project/Stock_project/airflow_venv/lib/python3.8/site-packages/airflow/example_dags/example_python_operator.py
[2024-06-10 10:24:59,469] {logging_mixin.py:103} INFO - [2024-06-10 10:24:59,469] {dag.py:1813} INFO - Sync 1 DAGs
[2024-06-10 10:24:59,484] {logging_mixin.py:103} INFO - [2024-06-10 10:24:59,484] {dag.py:2266} INFO - Setting next_dagrun for example_python_operator to None
[2024-06-10 10:24:59,495] {scheduler_job.py:189} INFO - Processing /home/anhcu/Project/Stock_project/airflow_venv/lib/python3.8/site-packages/airflow/example_dags/example_python_operator.py took 0.043 seconds
[2024-06-10 10:25:28,626] {scheduler_job.py:181} INFO - Started process (PID=75331) to work on /home/anhcu/Project/Stock_project/airflow_venv/lib/python3.8/site-packages/airflow/example_dags/example_python_operator.py
[2024-06-10 10:25:28,627] {scheduler_job.py:629} INFO - Processing file /home/anhcu/Project/Stock_project/airflow_venv/lib/python3.8/site-packages/airflow/example_dags/example_python_operator.py for tasks to queue
[2024-06-10 10:25:28,628] {logging_mixin.py:103} INFO - [2024-06-10 10:25:28,628] {dagbag.py:440} INFO - Filling up the DagBag from /home/anhcu/Project/Stock_project/airflow_venv/lib/python3.8/site-packages/airflow/example_dags/example_python_operator.py
[2024-06-10 10:25:28,638] {scheduler_job.py:639} INFO - DAG(s) dict_keys(['example_python_operator']) retrieved from /home/anhcu/Project/Stock_project/airflow_venv/lib/python3.8/site-packages/airflow/example_dags/example_python_operator.py
[2024-06-10 10:25:28,639] {logging_mixin.py:103} INFO - [2024-06-10 10:25:28,639] {dag.py:1813} INFO - Sync 1 DAGs
[2024-06-10 10:25:28,655] {logging_mixin.py:103} INFO - [2024-06-10 10:25:28,655] {dag.py:2266} INFO - Setting next_dagrun for example_python_operator to None
[2024-06-10 10:25:28,667] {scheduler_job.py:189} INFO - Processing /home/anhcu/Project/Stock_project/airflow_venv/lib/python3.8/site-packages/airflow/example_dags/example_python_operator.py took 0.044 seconds
[2024-06-10 10:26:00,043] {scheduler_job.py:181} INFO - Started process (PID=75608) to work on /home/anhcu/Project/Stock_project/airflow_venv/lib/python3.8/site-packages/airflow/example_dags/example_python_operator.py
[2024-06-10 10:26:00,045] {scheduler_job.py:629} INFO - Processing file /home/anhcu/Project/Stock_project/airflow_venv/lib/python3.8/site-packages/airflow/example_dags/example_python_operator.py for tasks to queue
[2024-06-10 10:26:00,046] {logging_mixin.py:103} INFO - [2024-06-10 10:26:00,046] {dagbag.py:440} INFO - Filling up the DagBag from /home/anhcu/Project/Stock_project/airflow_venv/lib/python3.8/site-packages/airflow/example_dags/example_python_operator.py
[2024-06-10 10:26:00,058] {scheduler_job.py:639} INFO - DAG(s) dict_keys(['example_python_operator']) retrieved from /home/anhcu/Project/Stock_project/airflow_venv/lib/python3.8/site-packages/airflow/example_dags/example_python_operator.py
[2024-06-10 10:26:00,060] {logging_mixin.py:103} INFO - [2024-06-10 10:26:00,059] {dag.py:1813} INFO - Sync 1 DAGs
[2024-06-10 10:26:00,076] {logging_mixin.py:103} INFO - [2024-06-10 10:26:00,076] {dag.py:2266} INFO - Setting next_dagrun for example_python_operator to None
[2024-06-10 10:26:00,088] {scheduler_job.py:189} INFO - Processing /home/anhcu/Project/Stock_project/airflow_venv/lib/python3.8/site-packages/airflow/example_dags/example_python_operator.py took 0.050 seconds
[2024-06-10 10:26:26,609] {scheduler_job.py:181} INFO - Started process (PID=75758) to work on /home/anhcu/Project/Stock_project/airflow_venv/lib/python3.8/site-packages/airflow/example_dags/example_python_operator.py
[2024-06-10 10:26:26,612] {scheduler_job.py:629} INFO - Processing file /home/anhcu/Project/Stock_project/airflow_venv/lib/python3.8/site-packages/airflow/example_dags/example_python_operator.py for tasks to queue
[2024-06-10 10:26:26,613] {logging_mixin.py:103} INFO - [2024-06-10 10:26:26,613] {dagbag.py:440} INFO - Filling up the DagBag from /home/anhcu/Project/Stock_project/airflow_venv/lib/python3.8/site-packages/airflow/example_dags/example_python_operator.py
[2024-06-10 10:26:26,622] {scheduler_job.py:639} INFO - DAG(s) dict_keys(['example_python_operator']) retrieved from /home/anhcu/Project/Stock_project/airflow_venv/lib/python3.8/site-packages/airflow/example_dags/example_python_operator.py
[2024-06-10 10:26:26,624] {logging_mixin.py:103} INFO - [2024-06-10 10:26:26,624] {dag.py:1813} INFO - Sync 1 DAGs
[2024-06-10 10:26:26,639] {logging_mixin.py:103} INFO - [2024-06-10 10:26:26,639] {dag.py:2266} INFO - Setting next_dagrun for example_python_operator to None
[2024-06-10 10:26:26,651] {scheduler_job.py:189} INFO - Processing /home/anhcu/Project/Stock_project/airflow_venv/lib/python3.8/site-packages/airflow/example_dags/example_python_operator.py took 0.047 seconds
[2024-06-10 10:26:53,912] {scheduler_job.py:181} INFO - Started process (PID=75953) to work on /home/anhcu/Project/Stock_project/airflow_venv/lib/python3.8/site-packages/airflow/example_dags/example_python_operator.py
[2024-06-10 10:26:53,916] {scheduler_job.py:629} INFO - Processing file /home/anhcu/Project/Stock_project/airflow_venv/lib/python3.8/site-packages/airflow/example_dags/example_python_operator.py for tasks to queue
[2024-06-10 10:26:53,917] {logging_mixin.py:103} INFO - [2024-06-10 10:26:53,916] {dagbag.py:440} INFO - Filling up the DagBag from /home/anhcu/Project/Stock_project/airflow_venv/lib/python3.8/site-packages/airflow/example_dags/example_python_operator.py
[2024-06-10 10:26:53,928] {scheduler_job.py:639} INFO - DAG(s) dict_keys(['example_python_operator']) retrieved from /home/anhcu/Project/Stock_project/airflow_venv/lib/python3.8/site-packages/airflow/example_dags/example_python_operator.py
[2024-06-10 10:26:53,929] {logging_mixin.py:103} INFO - [2024-06-10 10:26:53,929] {dag.py:1813} INFO - Sync 1 DAGs
[2024-06-10 10:26:53,947] {logging_mixin.py:103} INFO - [2024-06-10 10:26:53,947] {dag.py:2266} INFO - Setting next_dagrun for example_python_operator to None
[2024-06-10 10:26:53,959] {scheduler_job.py:189} INFO - Processing /home/anhcu/Project/Stock_project/airflow_venv/lib/python3.8/site-packages/airflow/example_dags/example_python_operator.py took 0.051 seconds
[2024-06-10 10:27:21,255] {scheduler_job.py:181} INFO - Started process (PID=76107) to work on /home/anhcu/Project/Stock_project/airflow_venv/lib/python3.8/site-packages/airflow/example_dags/example_python_operator.py
[2024-06-10 10:27:21,257] {scheduler_job.py:629} INFO - Processing file /home/anhcu/Project/Stock_project/airflow_venv/lib/python3.8/site-packages/airflow/example_dags/example_python_operator.py for tasks to queue
[2024-06-10 10:27:21,258] {logging_mixin.py:103} INFO - [2024-06-10 10:27:21,258] {dagbag.py:440} INFO - Filling up the DagBag from /home/anhcu/Project/Stock_project/airflow_venv/lib/python3.8/site-packages/airflow/example_dags/example_python_operator.py
[2024-06-10 10:27:21,271] {scheduler_job.py:639} INFO - DAG(s) dict_keys(['example_python_operator']) retrieved from /home/anhcu/Project/Stock_project/airflow_venv/lib/python3.8/site-packages/airflow/example_dags/example_python_operator.py
[2024-06-10 10:27:21,272] {logging_mixin.py:103} INFO - [2024-06-10 10:27:21,272] {dag.py:1813} INFO - Sync 1 DAGs
[2024-06-10 10:27:21,290] {logging_mixin.py:103} INFO - [2024-06-10 10:27:21,290] {dag.py:2266} INFO - Setting next_dagrun for example_python_operator to None
[2024-06-10 10:27:21,303] {scheduler_job.py:189} INFO - Processing /home/anhcu/Project/Stock_project/airflow_venv/lib/python3.8/site-packages/airflow/example_dags/example_python_operator.py took 0.053 seconds
[2024-06-10 10:27:50,542] {scheduler_job.py:181} INFO - Started process (PID=76262) to work on /home/anhcu/Project/Stock_project/airflow_venv/lib/python3.8/site-packages/airflow/example_dags/example_python_operator.py
[2024-06-10 10:27:50,544] {scheduler_job.py:629} INFO - Processing file /home/anhcu/Project/Stock_project/airflow_venv/lib/python3.8/site-packages/airflow/example_dags/example_python_operator.py for tasks to queue
[2024-06-10 10:27:50,544] {logging_mixin.py:103} INFO - [2024-06-10 10:27:50,544] {dagbag.py:440} INFO - Filling up the DagBag from /home/anhcu/Project/Stock_project/airflow_venv/lib/python3.8/site-packages/airflow/example_dags/example_python_operator.py
[2024-06-10 10:27:50,555] {scheduler_job.py:639} INFO - DAG(s) dict_keys(['example_python_operator']) retrieved from /home/anhcu/Project/Stock_project/airflow_venv/lib/python3.8/site-packages/airflow/example_dags/example_python_operator.py
[2024-06-10 10:27:50,556] {logging_mixin.py:103} INFO - [2024-06-10 10:27:50,556] {dag.py:1813} INFO - Sync 1 DAGs
[2024-06-10 10:27:50,572] {logging_mixin.py:103} INFO - [2024-06-10 10:27:50,572] {dag.py:2266} INFO - Setting next_dagrun for example_python_operator to None
[2024-06-10 10:27:50,584] {scheduler_job.py:189} INFO - Processing /home/anhcu/Project/Stock_project/airflow_venv/lib/python3.8/site-packages/airflow/example_dags/example_python_operator.py took 0.046 seconds
[2024-06-10 10:28:18,533] {scheduler_job.py:181} INFO - Started process (PID=76397) to work on /home/anhcu/Project/Stock_project/airflow_venv/lib/python3.8/site-packages/airflow/example_dags/example_python_operator.py
[2024-06-10 10:28:18,534] {scheduler_job.py:629} INFO - Processing file /home/anhcu/Project/Stock_project/airflow_venv/lib/python3.8/site-packages/airflow/example_dags/example_python_operator.py for tasks to queue
[2024-06-10 10:28:18,535] {logging_mixin.py:103} INFO - [2024-06-10 10:28:18,535] {dagbag.py:440} INFO - Filling up the DagBag from /home/anhcu/Project/Stock_project/airflow_venv/lib/python3.8/site-packages/airflow/example_dags/example_python_operator.py
[2024-06-10 10:28:18,548] {scheduler_job.py:639} INFO - DAG(s) dict_keys(['example_python_operator']) retrieved from /home/anhcu/Project/Stock_project/airflow_venv/lib/python3.8/site-packages/airflow/example_dags/example_python_operator.py
[2024-06-10 10:28:18,549] {logging_mixin.py:103} INFO - [2024-06-10 10:28:18,549] {dag.py:1813} INFO - Sync 1 DAGs
[2024-06-10 10:28:18,566] {logging_mixin.py:103} INFO - [2024-06-10 10:28:18,566] {dag.py:2266} INFO - Setting next_dagrun for example_python_operator to None
[2024-06-10 10:28:18,579] {scheduler_job.py:189} INFO - Processing /home/anhcu/Project/Stock_project/airflow_venv/lib/python3.8/site-packages/airflow/example_dags/example_python_operator.py took 0.050 seconds
[2024-06-10 10:28:45,558] {scheduler_job.py:181} INFO - Started process (PID=76534) to work on /home/anhcu/Project/Stock_project/airflow_venv/lib/python3.8/site-packages/airflow/example_dags/example_python_operator.py
[2024-06-10 10:28:45,559] {scheduler_job.py:629} INFO - Processing file /home/anhcu/Project/Stock_project/airflow_venv/lib/python3.8/site-packages/airflow/example_dags/example_python_operator.py for tasks to queue
[2024-06-10 10:28:45,560] {logging_mixin.py:103} INFO - [2024-06-10 10:28:45,560] {dagbag.py:440} INFO - Filling up the DagBag from /home/anhcu/Project/Stock_project/airflow_venv/lib/python3.8/site-packages/airflow/example_dags/example_python_operator.py
[2024-06-10 10:28:45,571] {scheduler_job.py:639} INFO - DAG(s) dict_keys(['example_python_operator']) retrieved from /home/anhcu/Project/Stock_project/airflow_venv/lib/python3.8/site-packages/airflow/example_dags/example_python_operator.py
[2024-06-10 10:28:45,573] {logging_mixin.py:103} INFO - [2024-06-10 10:28:45,573] {dag.py:1813} INFO - Sync 1 DAGs
[2024-06-10 10:28:45,600] {logging_mixin.py:103} INFO - [2024-06-10 10:28:45,600] {dag.py:2266} INFO - Setting next_dagrun for example_python_operator to None
[2024-06-10 10:28:45,612] {scheduler_job.py:189} INFO - Processing /home/anhcu/Project/Stock_project/airflow_venv/lib/python3.8/site-packages/airflow/example_dags/example_python_operator.py took 0.059 seconds
[2024-06-10 10:29:13,440] {scheduler_job.py:181} INFO - Started process (PID=76725) to work on /home/anhcu/Project/Stock_project/airflow_venv/lib/python3.8/site-packages/airflow/example_dags/example_python_operator.py
[2024-06-10 10:29:13,442] {scheduler_job.py:629} INFO - Processing file /home/anhcu/Project/Stock_project/airflow_venv/lib/python3.8/site-packages/airflow/example_dags/example_python_operator.py for tasks to queue
[2024-06-10 10:29:13,443] {logging_mixin.py:103} INFO - [2024-06-10 10:29:13,442] {dagbag.py:440} INFO - Filling up the DagBag from /home/anhcu/Project/Stock_project/airflow_venv/lib/python3.8/site-packages/airflow/example_dags/example_python_operator.py
[2024-06-10 10:29:13,455] {scheduler_job.py:639} INFO - DAG(s) dict_keys(['example_python_operator']) retrieved from /home/anhcu/Project/Stock_project/airflow_venv/lib/python3.8/site-packages/airflow/example_dags/example_python_operator.py
[2024-06-10 10:29:13,456] {logging_mixin.py:103} INFO - [2024-06-10 10:29:13,456] {dag.py:1813} INFO - Sync 1 DAGs
[2024-06-10 10:29:13,473] {logging_mixin.py:103} INFO - [2024-06-10 10:29:13,473] {dag.py:2266} INFO - Setting next_dagrun for example_python_operator to None
[2024-06-10 10:29:13,486] {scheduler_job.py:189} INFO - Processing /home/anhcu/Project/Stock_project/airflow_venv/lib/python3.8/site-packages/airflow/example_dags/example_python_operator.py took 0.050 seconds
[2024-06-10 10:29:40,660] {scheduler_job.py:181} INFO - Started process (PID=76862) to work on /home/anhcu/Project/Stock_project/airflow_venv/lib/python3.8/site-packages/airflow/example_dags/example_python_operator.py
[2024-06-10 10:29:40,661] {scheduler_job.py:629} INFO - Processing file /home/anhcu/Project/Stock_project/airflow_venv/lib/python3.8/site-packages/airflow/example_dags/example_python_operator.py for tasks to queue
[2024-06-10 10:29:40,662] {logging_mixin.py:103} INFO - [2024-06-10 10:29:40,661] {dagbag.py:440} INFO - Filling up the DagBag from /home/anhcu/Project/Stock_project/airflow_venv/lib/python3.8/site-packages/airflow/example_dags/example_python_operator.py
[2024-06-10 10:29:40,676] {scheduler_job.py:639} INFO - DAG(s) dict_keys(['example_python_operator']) retrieved from /home/anhcu/Project/Stock_project/airflow_venv/lib/python3.8/site-packages/airflow/example_dags/example_python_operator.py
[2024-06-10 10:29:40,677] {logging_mixin.py:103} INFO - [2024-06-10 10:29:40,677] {dag.py:1813} INFO - Sync 1 DAGs
[2024-06-10 10:29:40,698] {logging_mixin.py:103} INFO - [2024-06-10 10:29:40,698] {dag.py:2266} INFO - Setting next_dagrun for example_python_operator to None
[2024-06-10 10:29:40,716] {scheduler_job.py:189} INFO - Processing /home/anhcu/Project/Stock_project/airflow_venv/lib/python3.8/site-packages/airflow/example_dags/example_python_operator.py took 0.062 seconds
[2024-06-10 10:30:08,991] {scheduler_job.py:181} INFO - Started process (PID=76997) to work on /home/anhcu/Project/Stock_project/airflow_venv/lib/python3.8/site-packages/airflow/example_dags/example_python_operator.py
[2024-06-10 10:30:08,993] {scheduler_job.py:629} INFO - Processing file /home/anhcu/Project/Stock_project/airflow_venv/lib/python3.8/site-packages/airflow/example_dags/example_python_operator.py for tasks to queue
[2024-06-10 10:30:08,994] {logging_mixin.py:103} INFO - [2024-06-10 10:30:08,994] {dagbag.py:440} INFO - Filling up the DagBag from /home/anhcu/Project/Stock_project/airflow_venv/lib/python3.8/site-packages/airflow/example_dags/example_python_operator.py
[2024-06-10 10:30:09,004] {scheduler_job.py:639} INFO - DAG(s) dict_keys(['example_python_operator']) retrieved from /home/anhcu/Project/Stock_project/airflow_venv/lib/python3.8/site-packages/airflow/example_dags/example_python_operator.py
[2024-06-10 10:30:09,006] {logging_mixin.py:103} INFO - [2024-06-10 10:30:09,006] {dag.py:1813} INFO - Sync 1 DAGs
[2024-06-10 10:30:09,021] {logging_mixin.py:103} INFO - [2024-06-10 10:30:09,021] {dag.py:2266} INFO - Setting next_dagrun for example_python_operator to None
[2024-06-10 10:30:09,032] {scheduler_job.py:189} INFO - Processing /home/anhcu/Project/Stock_project/airflow_venv/lib/python3.8/site-packages/airflow/example_dags/example_python_operator.py took 0.046 seconds
[2024-06-10 10:30:35,302] {scheduler_job.py:181} INFO - Started process (PID=77157) to work on /home/anhcu/Project/Stock_project/airflow_venv/lib/python3.8/site-packages/airflow/example_dags/example_python_operator.py
[2024-06-10 10:30:35,303] {scheduler_job.py:629} INFO - Processing file /home/anhcu/Project/Stock_project/airflow_venv/lib/python3.8/site-packages/airflow/example_dags/example_python_operator.py for tasks to queue
[2024-06-10 10:30:35,304] {logging_mixin.py:103} INFO - [2024-06-10 10:30:35,304] {dagbag.py:440} INFO - Filling up the DagBag from /home/anhcu/Project/Stock_project/airflow_venv/lib/python3.8/site-packages/airflow/example_dags/example_python_operator.py
[2024-06-10 10:30:35,315] {scheduler_job.py:639} INFO - DAG(s) dict_keys(['example_python_operator']) retrieved from /home/anhcu/Project/Stock_project/airflow_venv/lib/python3.8/site-packages/airflow/example_dags/example_python_operator.py
[2024-06-10 10:30:35,316] {logging_mixin.py:103} INFO - [2024-06-10 10:30:35,316] {dag.py:1813} INFO - Sync 1 DAGs
[2024-06-10 10:30:35,332] {logging_mixin.py:103} INFO - [2024-06-10 10:30:35,332] {dag.py:2266} INFO - Setting next_dagrun for example_python_operator to None
[2024-06-10 10:30:35,344] {scheduler_job.py:189} INFO - Processing /home/anhcu/Project/Stock_project/airflow_venv/lib/python3.8/site-packages/airflow/example_dags/example_python_operator.py took 0.047 seconds
[2024-06-10 10:31:02,536] {scheduler_job.py:181} INFO - Started process (PID=77311) to work on /home/anhcu/Project/Stock_project/airflow_venv/lib/python3.8/site-packages/airflow/example_dags/example_python_operator.py
[2024-06-10 10:31:02,537] {scheduler_job.py:629} INFO - Processing file /home/anhcu/Project/Stock_project/airflow_venv/lib/python3.8/site-packages/airflow/example_dags/example_python_operator.py for tasks to queue
[2024-06-10 10:31:02,538] {logging_mixin.py:103} INFO - [2024-06-10 10:31:02,538] {dagbag.py:440} INFO - Filling up the DagBag from /home/anhcu/Project/Stock_project/airflow_venv/lib/python3.8/site-packages/airflow/example_dags/example_python_operator.py
[2024-06-10 10:31:02,550] {scheduler_job.py:639} INFO - DAG(s) dict_keys(['example_python_operator']) retrieved from /home/anhcu/Project/Stock_project/airflow_venv/lib/python3.8/site-packages/airflow/example_dags/example_python_operator.py
[2024-06-10 10:31:02,551] {logging_mixin.py:103} INFO - [2024-06-10 10:31:02,550] {dag.py:1813} INFO - Sync 1 DAGs
[2024-06-10 10:31:02,566] {logging_mixin.py:103} INFO - [2024-06-10 10:31:02,566] {dag.py:2266} INFO - Setting next_dagrun for example_python_operator to None
[2024-06-10 10:31:02,578] {scheduler_job.py:189} INFO - Processing /home/anhcu/Project/Stock_project/airflow_venv/lib/python3.8/site-packages/airflow/example_dags/example_python_operator.py took 0.046 seconds
[2024-06-10 10:31:30,882] {scheduler_job.py:181} INFO - Started process (PID=77464) to work on /home/anhcu/Project/Stock_project/airflow_venv/lib/python3.8/site-packages/airflow/example_dags/example_python_operator.py
[2024-06-10 10:31:30,884] {scheduler_job.py:629} INFO - Processing file /home/anhcu/Project/Stock_project/airflow_venv/lib/python3.8/site-packages/airflow/example_dags/example_python_operator.py for tasks to queue
[2024-06-10 10:31:30,885] {logging_mixin.py:103} INFO - [2024-06-10 10:31:30,885] {dagbag.py:440} INFO - Filling up the DagBag from /home/anhcu/Project/Stock_project/airflow_venv/lib/python3.8/site-packages/airflow/example_dags/example_python_operator.py
[2024-06-10 10:31:30,895] {scheduler_job.py:639} INFO - DAG(s) dict_keys(['example_python_operator']) retrieved from /home/anhcu/Project/Stock_project/airflow_venv/lib/python3.8/site-packages/airflow/example_dags/example_python_operator.py
[2024-06-10 10:31:30,897] {logging_mixin.py:103} INFO - [2024-06-10 10:31:30,897] {dag.py:1813} INFO - Sync 1 DAGs
[2024-06-10 10:31:30,912] {logging_mixin.py:103} INFO - [2024-06-10 10:31:30,912] {dag.py:2266} INFO - Setting next_dagrun for example_python_operator to None
[2024-06-10 10:31:30,923] {scheduler_job.py:189} INFO - Processing /home/anhcu/Project/Stock_project/airflow_venv/lib/python3.8/site-packages/airflow/example_dags/example_python_operator.py took 0.046 seconds
[2024-06-10 10:31:59,137] {scheduler_job.py:181} INFO - Started process (PID=77622) to work on /home/anhcu/Project/Stock_project/airflow_venv/lib/python3.8/site-packages/airflow/example_dags/example_python_operator.py
[2024-06-10 10:31:59,139] {scheduler_job.py:629} INFO - Processing file /home/anhcu/Project/Stock_project/airflow_venv/lib/python3.8/site-packages/airflow/example_dags/example_python_operator.py for tasks to queue
[2024-06-10 10:31:59,140] {logging_mixin.py:103} INFO - [2024-06-10 10:31:59,140] {dagbag.py:440} INFO - Filling up the DagBag from /home/anhcu/Project/Stock_project/airflow_venv/lib/python3.8/site-packages/airflow/example_dags/example_python_operator.py
[2024-06-10 10:31:59,151] {scheduler_job.py:639} INFO - DAG(s) dict_keys(['example_python_operator']) retrieved from /home/anhcu/Project/Stock_project/airflow_venv/lib/python3.8/site-packages/airflow/example_dags/example_python_operator.py
[2024-06-10 10:31:59,152] {logging_mixin.py:103} INFO - [2024-06-10 10:31:59,152] {dag.py:1813} INFO - Sync 1 DAGs
[2024-06-10 10:31:59,167] {logging_mixin.py:103} INFO - [2024-06-10 10:31:59,167] {dag.py:2266} INFO - Setting next_dagrun for example_python_operator to None
[2024-06-10 10:31:59,181] {scheduler_job.py:189} INFO - Processing /home/anhcu/Project/Stock_project/airflow_venv/lib/python3.8/site-packages/airflow/example_dags/example_python_operator.py took 0.048 seconds
[2024-06-10 10:32:27,386] {scheduler_job.py:181} INFO - Started process (PID=77778) to work on /home/anhcu/Project/Stock_project/airflow_venv/lib/python3.8/site-packages/airflow/example_dags/example_python_operator.py
[2024-06-10 10:32:27,389] {scheduler_job.py:629} INFO - Processing file /home/anhcu/Project/Stock_project/airflow_venv/lib/python3.8/site-packages/airflow/example_dags/example_python_operator.py for tasks to queue
[2024-06-10 10:32:27,390] {logging_mixin.py:103} INFO - [2024-06-10 10:32:27,390] {dagbag.py:440} INFO - Filling up the DagBag from /home/anhcu/Project/Stock_project/airflow_venv/lib/python3.8/site-packages/airflow/example_dags/example_python_operator.py
[2024-06-10 10:32:27,405] {scheduler_job.py:639} INFO - DAG(s) dict_keys(['example_python_operator']) retrieved from /home/anhcu/Project/Stock_project/airflow_venv/lib/python3.8/site-packages/airflow/example_dags/example_python_operator.py
[2024-06-10 10:32:27,406] {logging_mixin.py:103} INFO - [2024-06-10 10:32:27,406] {dag.py:1813} INFO - Sync 1 DAGs
[2024-06-10 10:32:27,428] {logging_mixin.py:103} INFO - [2024-06-10 10:32:27,428] {dag.py:2266} INFO - Setting next_dagrun for example_python_operator to None
[2024-06-10 10:32:27,441] {scheduler_job.py:189} INFO - Processing /home/anhcu/Project/Stock_project/airflow_venv/lib/python3.8/site-packages/airflow/example_dags/example_python_operator.py took 0.060 seconds
[2024-06-10 10:32:54,755] {scheduler_job.py:181} INFO - Started process (PID=77973) to work on /home/anhcu/Project/Stock_project/airflow_venv/lib/python3.8/site-packages/airflow/example_dags/example_python_operator.py
[2024-06-10 10:32:54,757] {scheduler_job.py:629} INFO - Processing file /home/anhcu/Project/Stock_project/airflow_venv/lib/python3.8/site-packages/airflow/example_dags/example_python_operator.py for tasks to queue
[2024-06-10 10:32:54,758] {logging_mixin.py:103} INFO - [2024-06-10 10:32:54,757] {dagbag.py:440} INFO - Filling up the DagBag from /home/anhcu/Project/Stock_project/airflow_venv/lib/python3.8/site-packages/airflow/example_dags/example_python_operator.py
[2024-06-10 10:32:54,769] {scheduler_job.py:639} INFO - DAG(s) dict_keys(['example_python_operator']) retrieved from /home/anhcu/Project/Stock_project/airflow_venv/lib/python3.8/site-packages/airflow/example_dags/example_python_operator.py
[2024-06-10 10:32:54,770] {logging_mixin.py:103} INFO - [2024-06-10 10:32:54,770] {dag.py:1813} INFO - Sync 1 DAGs
[2024-06-10 10:32:54,788] {logging_mixin.py:103} INFO - [2024-06-10 10:32:54,788] {dag.py:2266} INFO - Setting next_dagrun for example_python_operator to None
[2024-06-10 10:32:54,801] {scheduler_job.py:189} INFO - Processing /home/anhcu/Project/Stock_project/airflow_venv/lib/python3.8/site-packages/airflow/example_dags/example_python_operator.py took 0.051 seconds
[2024-06-10 10:33:22,076] {scheduler_job.py:181} INFO - Started process (PID=78200) to work on /home/anhcu/Project/Stock_project/airflow_venv/lib/python3.8/site-packages/airflow/example_dags/example_python_operator.py
[2024-06-10 10:33:22,077] {scheduler_job.py:629} INFO - Processing file /home/anhcu/Project/Stock_project/airflow_venv/lib/python3.8/site-packages/airflow/example_dags/example_python_operator.py for tasks to queue
[2024-06-10 10:33:22,078] {logging_mixin.py:103} INFO - [2024-06-10 10:33:22,078] {dagbag.py:440} INFO - Filling up the DagBag from /home/anhcu/Project/Stock_project/airflow_venv/lib/python3.8/site-packages/airflow/example_dags/example_python_operator.py
[2024-06-10 10:33:22,091] {scheduler_job.py:639} INFO - DAG(s) dict_keys(['example_python_operator']) retrieved from /home/anhcu/Project/Stock_project/airflow_venv/lib/python3.8/site-packages/airflow/example_dags/example_python_operator.py
[2024-06-10 10:33:22,092] {logging_mixin.py:103} INFO - [2024-06-10 10:33:22,092] {dag.py:1813} INFO - Sync 1 DAGs
[2024-06-10 10:33:22,108] {logging_mixin.py:103} INFO - [2024-06-10 10:33:22,108] {dag.py:2266} INFO - Setting next_dagrun for example_python_operator to None
[2024-06-10 10:33:22,120] {scheduler_job.py:189} INFO - Processing /home/anhcu/Project/Stock_project/airflow_venv/lib/python3.8/site-packages/airflow/example_dags/example_python_operator.py took 0.048 seconds
[2024-06-10 10:33:49,384] {scheduler_job.py:181} INFO - Started process (PID=78324) to work on /home/anhcu/Project/Stock_project/airflow_venv/lib/python3.8/site-packages/airflow/example_dags/example_python_operator.py
[2024-06-10 10:33:49,386] {scheduler_job.py:629} INFO - Processing file /home/anhcu/Project/Stock_project/airflow_venv/lib/python3.8/site-packages/airflow/example_dags/example_python_operator.py for tasks to queue
[2024-06-10 10:33:49,387] {logging_mixin.py:103} INFO - [2024-06-10 10:33:49,387] {dagbag.py:440} INFO - Filling up the DagBag from /home/anhcu/Project/Stock_project/airflow_venv/lib/python3.8/site-packages/airflow/example_dags/example_python_operator.py
[2024-06-10 10:33:49,399] {scheduler_job.py:639} INFO - DAG(s) dict_keys(['example_python_operator']) retrieved from /home/anhcu/Project/Stock_project/airflow_venv/lib/python3.8/site-packages/airflow/example_dags/example_python_operator.py
[2024-06-10 10:33:49,401] {logging_mixin.py:103} INFO - [2024-06-10 10:33:49,401] {dag.py:1813} INFO - Sync 1 DAGs
[2024-06-10 10:33:49,418] {logging_mixin.py:103} INFO - [2024-06-10 10:33:49,418] {dag.py:2266} INFO - Setting next_dagrun for example_python_operator to None
[2024-06-10 10:33:49,430] {scheduler_job.py:189} INFO - Processing /home/anhcu/Project/Stock_project/airflow_venv/lib/python3.8/site-packages/airflow/example_dags/example_python_operator.py took 0.051 seconds
[2024-06-10 10:34:18,589] {scheduler_job.py:181} INFO - Started process (PID=78479) to work on /home/anhcu/Project/Stock_project/airflow_venv/lib/python3.8/site-packages/airflow/example_dags/example_python_operator.py
[2024-06-10 10:34:18,591] {scheduler_job.py:629} INFO - Processing file /home/anhcu/Project/Stock_project/airflow_venv/lib/python3.8/site-packages/airflow/example_dags/example_python_operator.py for tasks to queue
[2024-06-10 10:34:18,592] {logging_mixin.py:103} INFO - [2024-06-10 10:34:18,591] {dagbag.py:440} INFO - Filling up the DagBag from /home/anhcu/Project/Stock_project/airflow_venv/lib/python3.8/site-packages/airflow/example_dags/example_python_operator.py
[2024-06-10 10:34:18,607] {scheduler_job.py:639} INFO - DAG(s) dict_keys(['example_python_operator']) retrieved from /home/anhcu/Project/Stock_project/airflow_venv/lib/python3.8/site-packages/airflow/example_dags/example_python_operator.py
[2024-06-10 10:34:18,609] {logging_mixin.py:103} INFO - [2024-06-10 10:34:18,609] {dag.py:1813} INFO - Sync 1 DAGs
[2024-06-10 10:34:18,640] {logging_mixin.py:103} INFO - [2024-06-10 10:34:18,640] {dag.py:2266} INFO - Setting next_dagrun for example_python_operator to None
[2024-06-10 10:34:18,661] {scheduler_job.py:189} INFO - Processing /home/anhcu/Project/Stock_project/airflow_venv/lib/python3.8/site-packages/airflow/example_dags/example_python_operator.py took 0.083 seconds
[2024-06-10 10:34:46,031] {scheduler_job.py:181} INFO - Started process (PID=78671) to work on /home/anhcu/Project/Stock_project/airflow_venv/lib/python3.8/site-packages/airflow/example_dags/example_python_operator.py
[2024-06-10 10:34:46,033] {scheduler_job.py:629} INFO - Processing file /home/anhcu/Project/Stock_project/airflow_venv/lib/python3.8/site-packages/airflow/example_dags/example_python_operator.py for tasks to queue
[2024-06-10 10:34:46,034] {logging_mixin.py:103} INFO - [2024-06-10 10:34:46,034] {dagbag.py:440} INFO - Filling up the DagBag from /home/anhcu/Project/Stock_project/airflow_venv/lib/python3.8/site-packages/airflow/example_dags/example_python_operator.py
[2024-06-10 10:34:46,045] {scheduler_job.py:639} INFO - DAG(s) dict_keys(['example_python_operator']) retrieved from /home/anhcu/Project/Stock_project/airflow_venv/lib/python3.8/site-packages/airflow/example_dags/example_python_operator.py
[2024-06-10 10:34:46,046] {logging_mixin.py:103} INFO - [2024-06-10 10:34:46,046] {dag.py:1813} INFO - Sync 1 DAGs
[2024-06-10 10:34:46,063] {logging_mixin.py:103} INFO - [2024-06-10 10:34:46,063] {dag.py:2266} INFO - Setting next_dagrun for example_python_operator to None
[2024-06-10 10:34:46,076] {scheduler_job.py:189} INFO - Processing /home/anhcu/Project/Stock_project/airflow_venv/lib/python3.8/site-packages/airflow/example_dags/example_python_operator.py took 0.049 seconds
[2024-06-10 10:35:27,587] {scheduler_job.py:181} INFO - Started process (PID=79090) to work on /home/anhcu/Project/Stock_project/airflow_venv/lib/python3.8/site-packages/airflow/example_dags/example_python_operator.py
[2024-06-10 10:35:27,590] {scheduler_job.py:629} INFO - Processing file /home/anhcu/Project/Stock_project/airflow_venv/lib/python3.8/site-packages/airflow/example_dags/example_python_operator.py for tasks to queue
[2024-06-10 10:35:27,591] {logging_mixin.py:103} INFO - [2024-06-10 10:35:27,590] {dagbag.py:440} INFO - Filling up the DagBag from /home/anhcu/Project/Stock_project/airflow_venv/lib/python3.8/site-packages/airflow/example_dags/example_python_operator.py
[2024-06-10 10:35:27,603] {scheduler_job.py:639} INFO - DAG(s) dict_keys(['example_python_operator']) retrieved from /home/anhcu/Project/Stock_project/airflow_venv/lib/python3.8/site-packages/airflow/example_dags/example_python_operator.py
[2024-06-10 10:35:27,604] {logging_mixin.py:103} INFO - [2024-06-10 10:35:27,604] {dag.py:1813} INFO - Sync 1 DAGs
[2024-06-10 10:35:27,620] {logging_mixin.py:103} INFO - [2024-06-10 10:35:27,620] {dag.py:2266} INFO - Setting next_dagrun for example_python_operator to None
[2024-06-10 10:35:27,633] {scheduler_job.py:189} INFO - Processing /home/anhcu/Project/Stock_project/airflow_venv/lib/python3.8/site-packages/airflow/example_dags/example_python_operator.py took 0.049 seconds
[2024-06-10 10:36:11,325] {scheduler_job.py:181} INFO - Started process (PID=79650) to work on /home/anhcu/Project/Stock_project/airflow_venv/lib/python3.8/site-packages/airflow/example_dags/example_python_operator.py
[2024-06-10 10:36:11,326] {scheduler_job.py:629} INFO - Processing file /home/anhcu/Project/Stock_project/airflow_venv/lib/python3.8/site-packages/airflow/example_dags/example_python_operator.py for tasks to queue
[2024-06-10 10:36:11,327] {logging_mixin.py:103} INFO - [2024-06-10 10:36:11,327] {dagbag.py:440} INFO - Filling up the DagBag from /home/anhcu/Project/Stock_project/airflow_venv/lib/python3.8/site-packages/airflow/example_dags/example_python_operator.py
[2024-06-10 10:36:11,338] {scheduler_job.py:639} INFO - DAG(s) dict_keys(['example_python_operator']) retrieved from /home/anhcu/Project/Stock_project/airflow_venv/lib/python3.8/site-packages/airflow/example_dags/example_python_operator.py
[2024-06-10 10:36:11,339] {logging_mixin.py:103} INFO - [2024-06-10 10:36:11,339] {dag.py:1813} INFO - Sync 1 DAGs
[2024-06-10 10:36:11,354] {logging_mixin.py:103} INFO - [2024-06-10 10:36:11,354] {dag.py:2266} INFO - Setting next_dagrun for example_python_operator to None
[2024-06-10 10:36:11,366] {scheduler_job.py:189} INFO - Processing /home/anhcu/Project/Stock_project/airflow_venv/lib/python3.8/site-packages/airflow/example_dags/example_python_operator.py took 0.044 seconds
