[2024-06-10 09:58:51,143] {scheduler_job.py:181} INFO - Started process (PID=62850) to work on /home/anhcu/Project/Stock_project/airflow_venv/lib/python3.8/site-packages/airflow/example_dags/example_kubernetes_executor.py
[2024-06-10 09:58:51,148] {scheduler_job.py:629} INFO - Processing file /home/anhcu/Project/Stock_project/airflow_venv/lib/python3.8/site-packages/airflow/example_dags/example_kubernetes_executor.py for tasks to queue
[2024-06-10 09:58:51,149] {logging_mixin.py:103} INFO - [2024-06-10 09:58:51,149] {dagbag.py:440} INFO - Filling up the DagBag from /home/anhcu/Project/Stock_project/airflow_venv/lib/python3.8/site-packages/airflow/example_dags/example_kubernetes_executor.py
[2024-06-10 09:58:51,184] {scheduler_job.py:639} INFO - DAG(s) dict_keys(['example_kubernetes_executor']) retrieved from /home/anhcu/Project/Stock_project/airflow_venv/lib/python3.8/site-packages/airflow/example_dags/example_kubernetes_executor.py
[2024-06-10 09:58:51,191] {logging_mixin.py:103} INFO - [2024-06-10 09:58:51,191] {dag.py:1813} INFO - Sync 1 DAGs
[2024-06-10 09:58:51,668] {logging_mixin.py:103} INFO - [2024-06-10 09:58:51,668] {dag.py:2266} INFO - Setting next_dagrun for example_kubernetes_executor to None
[2024-06-10 09:58:51,737] {scheduler_job.py:189} INFO - Processing /home/anhcu/Project/Stock_project/airflow_venv/lib/python3.8/site-packages/airflow/example_dags/example_kubernetes_executor.py took 0.603 seconds
[2024-06-10 09:59:44,710] {scheduler_job.py:181} INFO - Started process (PID=63163) to work on /home/anhcu/Project/Stock_project/airflow_venv/lib/python3.8/site-packages/airflow/example_dags/example_kubernetes_executor.py
[2024-06-10 09:59:44,713] {scheduler_job.py:629} INFO - Processing file /home/anhcu/Project/Stock_project/airflow_venv/lib/python3.8/site-packages/airflow/example_dags/example_kubernetes_executor.py for tasks to queue
[2024-06-10 09:59:44,714] {logging_mixin.py:103} INFO - [2024-06-10 09:59:44,714] {dagbag.py:440} INFO - Filling up the DagBag from /home/anhcu/Project/Stock_project/airflow_venv/lib/python3.8/site-packages/airflow/example_dags/example_kubernetes_executor.py
[2024-06-10 09:59:44,867] {scheduler_job.py:639} INFO - DAG(s) dict_keys(['example_kubernetes_executor']) retrieved from /home/anhcu/Project/Stock_project/airflow_venv/lib/python3.8/site-packages/airflow/example_dags/example_kubernetes_executor.py
[2024-06-10 09:59:44,869] {logging_mixin.py:103} INFO - [2024-06-10 09:59:44,869] {dag.py:1813} INFO - Sync 1 DAGs
[2024-06-10 09:59:44,890] {logging_mixin.py:103} INFO - [2024-06-10 09:59:44,890] {dag.py:2266} INFO - Setting next_dagrun for example_kubernetes_executor to None
[2024-06-10 09:59:44,911] {scheduler_job.py:189} INFO - Processing /home/anhcu/Project/Stock_project/airflow_venv/lib/python3.8/site-packages/airflow/example_dags/example_kubernetes_executor.py took 0.215 seconds
[2024-06-10 10:00:32,953] {scheduler_job.py:181} INFO - Started process (PID=63455) to work on /home/anhcu/Project/Stock_project/airflow_venv/lib/python3.8/site-packages/airflow/example_dags/example_kubernetes_executor.py
[2024-06-10 10:00:32,963] {scheduler_job.py:629} INFO - Processing file /home/anhcu/Project/Stock_project/airflow_venv/lib/python3.8/site-packages/airflow/example_dags/example_kubernetes_executor.py for tasks to queue
[2024-06-10 10:00:32,965] {logging_mixin.py:103} INFO - [2024-06-10 10:00:32,964] {dagbag.py:440} INFO - Filling up the DagBag from /home/anhcu/Project/Stock_project/airflow_venv/lib/python3.8/site-packages/airflow/example_dags/example_kubernetes_executor.py
[2024-06-10 10:00:33,117] {scheduler_job.py:639} INFO - DAG(s) dict_keys(['example_kubernetes_executor']) retrieved from /home/anhcu/Project/Stock_project/airflow_venv/lib/python3.8/site-packages/airflow/example_dags/example_kubernetes_executor.py
[2024-06-10 10:00:33,119] {logging_mixin.py:103} INFO - [2024-06-10 10:00:33,119] {dag.py:1813} INFO - Sync 1 DAGs
[2024-06-10 10:00:33,146] {logging_mixin.py:103} INFO - [2024-06-10 10:00:33,146] {dag.py:2266} INFO - Setting next_dagrun for example_kubernetes_executor to None
[2024-06-10 10:00:33,175] {scheduler_job.py:189} INFO - Processing /home/anhcu/Project/Stock_project/airflow_venv/lib/python3.8/site-packages/airflow/example_dags/example_kubernetes_executor.py took 0.234 seconds
[2024-06-10 10:01:18,411] {scheduler_job.py:181} INFO - Started process (PID=63774) to work on /home/anhcu/Project/Stock_project/airflow_venv/lib/python3.8/site-packages/airflow/example_dags/example_kubernetes_executor.py
[2024-06-10 10:01:18,415] {scheduler_job.py:629} INFO - Processing file /home/anhcu/Project/Stock_project/airflow_venv/lib/python3.8/site-packages/airflow/example_dags/example_kubernetes_executor.py for tasks to queue
[2024-06-10 10:01:18,416] {logging_mixin.py:103} INFO - [2024-06-10 10:01:18,416] {dagbag.py:440} INFO - Filling up the DagBag from /home/anhcu/Project/Stock_project/airflow_venv/lib/python3.8/site-packages/airflow/example_dags/example_kubernetes_executor.py
[2024-06-10 10:01:18,447] {scheduler_job.py:639} INFO - DAG(s) dict_keys(['example_kubernetes_executor']) retrieved from /home/anhcu/Project/Stock_project/airflow_venv/lib/python3.8/site-packages/airflow/example_dags/example_kubernetes_executor.py
[2024-06-10 10:01:18,449] {logging_mixin.py:103} INFO - [2024-06-10 10:01:18,449] {dag.py:1813} INFO - Sync 1 DAGs
[2024-06-10 10:01:18,621] {logging_mixin.py:103} INFO - [2024-06-10 10:01:18,620] {dag.py:2266} INFO - Setting next_dagrun for example_kubernetes_executor to None
[2024-06-10 10:01:18,663] {scheduler_job.py:189} INFO - Processing /home/anhcu/Project/Stock_project/airflow_venv/lib/python3.8/site-packages/airflow/example_dags/example_kubernetes_executor.py took 0.264 seconds
[2024-06-10 10:02:04,721] {scheduler_job.py:181} INFO - Started process (PID=64021) to work on /home/anhcu/Project/Stock_project/airflow_venv/lib/python3.8/site-packages/airflow/example_dags/example_kubernetes_executor.py
[2024-06-10 10:02:04,731] {scheduler_job.py:629} INFO - Processing file /home/anhcu/Project/Stock_project/airflow_venv/lib/python3.8/site-packages/airflow/example_dags/example_kubernetes_executor.py for tasks to queue
[2024-06-10 10:02:04,732] {logging_mixin.py:103} INFO - [2024-06-10 10:02:04,732] {dagbag.py:440} INFO - Filling up the DagBag from /home/anhcu/Project/Stock_project/airflow_venv/lib/python3.8/site-packages/airflow/example_dags/example_kubernetes_executor.py
[2024-06-10 10:02:04,876] {scheduler_job.py:639} INFO - DAG(s) dict_keys(['example_kubernetes_executor']) retrieved from /home/anhcu/Project/Stock_project/airflow_venv/lib/python3.8/site-packages/airflow/example_dags/example_kubernetes_executor.py
[2024-06-10 10:02:04,878] {logging_mixin.py:103} INFO - [2024-06-10 10:02:04,878] {dag.py:1813} INFO - Sync 1 DAGs
[2024-06-10 10:02:04,900] {logging_mixin.py:103} INFO - [2024-06-10 10:02:04,900] {dag.py:2266} INFO - Setting next_dagrun for example_kubernetes_executor to None
[2024-06-10 10:02:04,917] {scheduler_job.py:189} INFO - Processing /home/anhcu/Project/Stock_project/airflow_venv/lib/python3.8/site-packages/airflow/example_dags/example_kubernetes_executor.py took 0.208 seconds
[2024-06-10 10:07:30,423] {scheduler_job.py:181} INFO - Started process (PID=67138) to work on /home/anhcu/Project/Stock_project/airflow_venv/lib/python3.8/site-packages/airflow/example_dags/example_kubernetes_executor.py
[2024-06-10 10:07:30,426] {scheduler_job.py:629} INFO - Processing file /home/anhcu/Project/Stock_project/airflow_venv/lib/python3.8/site-packages/airflow/example_dags/example_kubernetes_executor.py for tasks to queue
[2024-06-10 10:07:30,427] {logging_mixin.py:103} INFO - [2024-06-10 10:07:30,427] {dagbag.py:440} INFO - Filling up the DagBag from /home/anhcu/Project/Stock_project/airflow_venv/lib/python3.8/site-packages/airflow/example_dags/example_kubernetes_executor.py
[2024-06-10 10:07:30,435] {scheduler_job.py:639} INFO - DAG(s) dict_keys(['example_kubernetes_executor']) retrieved from /home/anhcu/Project/Stock_project/airflow_venv/lib/python3.8/site-packages/airflow/example_dags/example_kubernetes_executor.py
[2024-06-10 10:07:30,436] {logging_mixin.py:103} INFO - [2024-06-10 10:07:30,436] {dag.py:1813} INFO - Sync 1 DAGs
[2024-06-10 10:07:30,450] {logging_mixin.py:103} INFO - [2024-06-10 10:07:30,450] {dag.py:2266} INFO - Setting next_dagrun for example_kubernetes_executor to None
[2024-06-10 10:07:30,465] {scheduler_job.py:189} INFO - Processing /home/anhcu/Project/Stock_project/airflow_venv/lib/python3.8/site-packages/airflow/example_dags/example_kubernetes_executor.py took 0.045 seconds
[2024-06-10 10:07:59,104] {scheduler_job.py:181} INFO - Started process (PID=67347) to work on /home/anhcu/Project/Stock_project/airflow_venv/lib/python3.8/site-packages/airflow/example_dags/example_kubernetes_executor.py
[2024-06-10 10:07:59,106] {scheduler_job.py:629} INFO - Processing file /home/anhcu/Project/Stock_project/airflow_venv/lib/python3.8/site-packages/airflow/example_dags/example_kubernetes_executor.py for tasks to queue
[2024-06-10 10:07:59,106] {logging_mixin.py:103} INFO - [2024-06-10 10:07:59,106] {dagbag.py:440} INFO - Filling up the DagBag from /home/anhcu/Project/Stock_project/airflow_venv/lib/python3.8/site-packages/airflow/example_dags/example_kubernetes_executor.py
[2024-06-10 10:07:59,113] {scheduler_job.py:639} INFO - DAG(s) dict_keys(['example_kubernetes_executor']) retrieved from /home/anhcu/Project/Stock_project/airflow_venv/lib/python3.8/site-packages/airflow/example_dags/example_kubernetes_executor.py
[2024-06-10 10:07:59,114] {logging_mixin.py:103} INFO - [2024-06-10 10:07:59,114] {dag.py:1813} INFO - Sync 1 DAGs
[2024-06-10 10:07:59,129] {logging_mixin.py:103} INFO - [2024-06-10 10:07:59,129] {dag.py:2266} INFO - Setting next_dagrun for example_kubernetes_executor to None
[2024-06-10 10:07:59,141] {scheduler_job.py:189} INFO - Processing /home/anhcu/Project/Stock_project/airflow_venv/lib/python3.8/site-packages/airflow/example_dags/example_kubernetes_executor.py took 0.041 seconds
[2024-06-10 10:08:27,625] {scheduler_job.py:181} INFO - Started process (PID=67545) to work on /home/anhcu/Project/Stock_project/airflow_venv/lib/python3.8/site-packages/airflow/example_dags/example_kubernetes_executor.py
[2024-06-10 10:08:27,627] {scheduler_job.py:629} INFO - Processing file /home/anhcu/Project/Stock_project/airflow_venv/lib/python3.8/site-packages/airflow/example_dags/example_kubernetes_executor.py for tasks to queue
[2024-06-10 10:08:27,628] {logging_mixin.py:103} INFO - [2024-06-10 10:08:27,628] {dagbag.py:440} INFO - Filling up the DagBag from /home/anhcu/Project/Stock_project/airflow_venv/lib/python3.8/site-packages/airflow/example_dags/example_kubernetes_executor.py
[2024-06-10 10:08:27,645] {scheduler_job.py:639} INFO - DAG(s) dict_keys(['example_kubernetes_executor']) retrieved from /home/anhcu/Project/Stock_project/airflow_venv/lib/python3.8/site-packages/airflow/example_dags/example_kubernetes_executor.py
[2024-06-10 10:08:27,654] {logging_mixin.py:103} INFO - [2024-06-10 10:08:27,654] {dag.py:1813} INFO - Sync 1 DAGs
[2024-06-10 10:08:27,675] {logging_mixin.py:103} INFO - [2024-06-10 10:08:27,675] {dag.py:2266} INFO - Setting next_dagrun for example_kubernetes_executor to None
[2024-06-10 10:08:27,692] {scheduler_job.py:189} INFO - Processing /home/anhcu/Project/Stock_project/airflow_venv/lib/python3.8/site-packages/airflow/example_dags/example_kubernetes_executor.py took 0.073 seconds
[2024-06-10 10:08:55,484] {scheduler_job.py:181} INFO - Started process (PID=67735) to work on /home/anhcu/Project/Stock_project/airflow_venv/lib/python3.8/site-packages/airflow/example_dags/example_kubernetes_executor.py
[2024-06-10 10:08:55,485] {scheduler_job.py:629} INFO - Processing file /home/anhcu/Project/Stock_project/airflow_venv/lib/python3.8/site-packages/airflow/example_dags/example_kubernetes_executor.py for tasks to queue
[2024-06-10 10:08:55,486] {logging_mixin.py:103} INFO - [2024-06-10 10:08:55,486] {dagbag.py:440} INFO - Filling up the DagBag from /home/anhcu/Project/Stock_project/airflow_venv/lib/python3.8/site-packages/airflow/example_dags/example_kubernetes_executor.py
[2024-06-10 10:08:55,494] {scheduler_job.py:639} INFO - DAG(s) dict_keys(['example_kubernetes_executor']) retrieved from /home/anhcu/Project/Stock_project/airflow_venv/lib/python3.8/site-packages/airflow/example_dags/example_kubernetes_executor.py
[2024-06-10 10:08:55,495] {logging_mixin.py:103} INFO - [2024-06-10 10:08:55,495] {dag.py:1813} INFO - Sync 1 DAGs
[2024-06-10 10:08:55,512] {logging_mixin.py:103} INFO - [2024-06-10 10:08:55,512] {dag.py:2266} INFO - Setting next_dagrun for example_kubernetes_executor to None
[2024-06-10 10:08:55,524] {scheduler_job.py:189} INFO - Processing /home/anhcu/Project/Stock_project/airflow_venv/lib/python3.8/site-packages/airflow/example_dags/example_kubernetes_executor.py took 0.044 seconds
[2024-06-10 10:09:22,320] {scheduler_job.py:181} INFO - Started process (PID=67926) to work on /home/anhcu/Project/Stock_project/airflow_venv/lib/python3.8/site-packages/airflow/example_dags/example_kubernetes_executor.py
[2024-06-10 10:09:22,322] {scheduler_job.py:629} INFO - Processing file /home/anhcu/Project/Stock_project/airflow_venv/lib/python3.8/site-packages/airflow/example_dags/example_kubernetes_executor.py for tasks to queue
[2024-06-10 10:09:22,323] {logging_mixin.py:103} INFO - [2024-06-10 10:09:22,323] {dagbag.py:440} INFO - Filling up the DagBag from /home/anhcu/Project/Stock_project/airflow_venv/lib/python3.8/site-packages/airflow/example_dags/example_kubernetes_executor.py
[2024-06-10 10:09:22,331] {scheduler_job.py:639} INFO - DAG(s) dict_keys(['example_kubernetes_executor']) retrieved from /home/anhcu/Project/Stock_project/airflow_venv/lib/python3.8/site-packages/airflow/example_dags/example_kubernetes_executor.py
[2024-06-10 10:09:22,332] {logging_mixin.py:103} INFO - [2024-06-10 10:09:22,332] {dag.py:1813} INFO - Sync 1 DAGs
[2024-06-10 10:09:22,347] {logging_mixin.py:103} INFO - [2024-06-10 10:09:22,347] {dag.py:2266} INFO - Setting next_dagrun for example_kubernetes_executor to None
[2024-06-10 10:09:22,358] {scheduler_job.py:189} INFO - Processing /home/anhcu/Project/Stock_project/airflow_venv/lib/python3.8/site-packages/airflow/example_dags/example_kubernetes_executor.py took 0.043 seconds
[2024-06-10 10:09:49,546] {scheduler_job.py:181} INFO - Started process (PID=68085) to work on /home/anhcu/Project/Stock_project/airflow_venv/lib/python3.8/site-packages/airflow/example_dags/example_kubernetes_executor.py
[2024-06-10 10:09:49,548] {scheduler_job.py:629} INFO - Processing file /home/anhcu/Project/Stock_project/airflow_venv/lib/python3.8/site-packages/airflow/example_dags/example_kubernetes_executor.py for tasks to queue
[2024-06-10 10:09:49,550] {logging_mixin.py:103} INFO - [2024-06-10 10:09:49,550] {dagbag.py:440} INFO - Filling up the DagBag from /home/anhcu/Project/Stock_project/airflow_venv/lib/python3.8/site-packages/airflow/example_dags/example_kubernetes_executor.py
[2024-06-10 10:09:49,557] {scheduler_job.py:639} INFO - DAG(s) dict_keys(['example_kubernetes_executor']) retrieved from /home/anhcu/Project/Stock_project/airflow_venv/lib/python3.8/site-packages/airflow/example_dags/example_kubernetes_executor.py
[2024-06-10 10:09:49,558] {logging_mixin.py:103} INFO - [2024-06-10 10:09:49,558] {dag.py:1813} INFO - Sync 1 DAGs
[2024-06-10 10:09:49,574] {logging_mixin.py:103} INFO - [2024-06-10 10:09:49,573] {dag.py:2266} INFO - Setting next_dagrun for example_kubernetes_executor to None
[2024-06-10 10:09:49,586] {scheduler_job.py:189} INFO - Processing /home/anhcu/Project/Stock_project/airflow_venv/lib/python3.8/site-packages/airflow/example_dags/example_kubernetes_executor.py took 0.044 seconds
[2024-06-10 10:10:18,437] {scheduler_job.py:181} INFO - Started process (PID=68247) to work on /home/anhcu/Project/Stock_project/airflow_venv/lib/python3.8/site-packages/airflow/example_dags/example_kubernetes_executor.py
[2024-06-10 10:10:18,439] {scheduler_job.py:629} INFO - Processing file /home/anhcu/Project/Stock_project/airflow_venv/lib/python3.8/site-packages/airflow/example_dags/example_kubernetes_executor.py for tasks to queue
[2024-06-10 10:10:18,439] {logging_mixin.py:103} INFO - [2024-06-10 10:10:18,439] {dagbag.py:440} INFO - Filling up the DagBag from /home/anhcu/Project/Stock_project/airflow_venv/lib/python3.8/site-packages/airflow/example_dags/example_kubernetes_executor.py
[2024-06-10 10:10:18,447] {scheduler_job.py:639} INFO - DAG(s) dict_keys(['example_kubernetes_executor']) retrieved from /home/anhcu/Project/Stock_project/airflow_venv/lib/python3.8/site-packages/airflow/example_dags/example_kubernetes_executor.py
[2024-06-10 10:10:18,448] {logging_mixin.py:103} INFO - [2024-06-10 10:10:18,448] {dag.py:1813} INFO - Sync 1 DAGs
[2024-06-10 10:10:18,464] {logging_mixin.py:103} INFO - [2024-06-10 10:10:18,464] {dag.py:2266} INFO - Setting next_dagrun for example_kubernetes_executor to None
[2024-06-10 10:10:18,476] {scheduler_job.py:189} INFO - Processing /home/anhcu/Project/Stock_project/airflow_venv/lib/python3.8/site-packages/airflow/example_dags/example_kubernetes_executor.py took 0.043 seconds
[2024-06-10 10:10:45,693] {scheduler_job.py:181} INFO - Started process (PID=68403) to work on /home/anhcu/Project/Stock_project/airflow_venv/lib/python3.8/site-packages/airflow/example_dags/example_kubernetes_executor.py
[2024-06-10 10:10:45,695] {scheduler_job.py:629} INFO - Processing file /home/anhcu/Project/Stock_project/airflow_venv/lib/python3.8/site-packages/airflow/example_dags/example_kubernetes_executor.py for tasks to queue
[2024-06-10 10:10:45,696] {logging_mixin.py:103} INFO - [2024-06-10 10:10:45,696] {dagbag.py:440} INFO - Filling up the DagBag from /home/anhcu/Project/Stock_project/airflow_venv/lib/python3.8/site-packages/airflow/example_dags/example_kubernetes_executor.py
[2024-06-10 10:10:45,704] {scheduler_job.py:639} INFO - DAG(s) dict_keys(['example_kubernetes_executor']) retrieved from /home/anhcu/Project/Stock_project/airflow_venv/lib/python3.8/site-packages/airflow/example_dags/example_kubernetes_executor.py
[2024-06-10 10:10:45,705] {logging_mixin.py:103} INFO - [2024-06-10 10:10:45,705] {dag.py:1813} INFO - Sync 1 DAGs
[2024-06-10 10:10:45,721] {logging_mixin.py:103} INFO - [2024-06-10 10:10:45,721] {dag.py:2266} INFO - Setting next_dagrun for example_kubernetes_executor to None
[2024-06-10 10:10:45,733] {scheduler_job.py:189} INFO - Processing /home/anhcu/Project/Stock_project/airflow_venv/lib/python3.8/site-packages/airflow/example_dags/example_kubernetes_executor.py took 0.044 seconds
[2024-06-10 10:11:14,967] {scheduler_job.py:181} INFO - Started process (PID=68634) to work on /home/anhcu/Project/Stock_project/airflow_venv/lib/python3.8/site-packages/airflow/example_dags/example_kubernetes_executor.py
[2024-06-10 10:11:14,969] {scheduler_job.py:629} INFO - Processing file /home/anhcu/Project/Stock_project/airflow_venv/lib/python3.8/site-packages/airflow/example_dags/example_kubernetes_executor.py for tasks to queue
[2024-06-10 10:11:14,969] {logging_mixin.py:103} INFO - [2024-06-10 10:11:14,969] {dagbag.py:440} INFO - Filling up the DagBag from /home/anhcu/Project/Stock_project/airflow_venv/lib/python3.8/site-packages/airflow/example_dags/example_kubernetes_executor.py
[2024-06-10 10:11:14,979] {scheduler_job.py:639} INFO - DAG(s) dict_keys(['example_kubernetes_executor']) retrieved from /home/anhcu/Project/Stock_project/airflow_venv/lib/python3.8/site-packages/airflow/example_dags/example_kubernetes_executor.py
[2024-06-10 10:11:14,980] {logging_mixin.py:103} INFO - [2024-06-10 10:11:14,980] {dag.py:1813} INFO - Sync 1 DAGs
[2024-06-10 10:11:14,998] {logging_mixin.py:103} INFO - [2024-06-10 10:11:14,998] {dag.py:2266} INFO - Setting next_dagrun for example_kubernetes_executor to None
[2024-06-10 10:11:15,011] {scheduler_job.py:189} INFO - Processing /home/anhcu/Project/Stock_project/airflow_venv/lib/python3.8/site-packages/airflow/example_dags/example_kubernetes_executor.py took 0.047 seconds
[2024-06-10 10:11:47,223] {scheduler_job.py:181} INFO - Started process (PID=68810) to work on /home/anhcu/Project/Stock_project/airflow_venv/lib/python3.8/site-packages/airflow/example_dags/example_kubernetes_executor.py
[2024-06-10 10:11:47,224] {scheduler_job.py:629} INFO - Processing file /home/anhcu/Project/Stock_project/airflow_venv/lib/python3.8/site-packages/airflow/example_dags/example_kubernetes_executor.py for tasks to queue
[2024-06-10 10:11:47,225] {logging_mixin.py:103} INFO - [2024-06-10 10:11:47,224] {dagbag.py:440} INFO - Filling up the DagBag from /home/anhcu/Project/Stock_project/airflow_venv/lib/python3.8/site-packages/airflow/example_dags/example_kubernetes_executor.py
[2024-06-10 10:11:47,235] {scheduler_job.py:639} INFO - DAG(s) dict_keys(['example_kubernetes_executor']) retrieved from /home/anhcu/Project/Stock_project/airflow_venv/lib/python3.8/site-packages/airflow/example_dags/example_kubernetes_executor.py
[2024-06-10 10:11:47,236] {logging_mixin.py:103} INFO - [2024-06-10 10:11:47,236] {dag.py:1813} INFO - Sync 1 DAGs
[2024-06-10 10:11:47,251] {logging_mixin.py:103} INFO - [2024-06-10 10:11:47,251] {dag.py:2266} INFO - Setting next_dagrun for example_kubernetes_executor to None
[2024-06-10 10:11:47,274] {scheduler_job.py:189} INFO - Processing /home/anhcu/Project/Stock_project/airflow_venv/lib/python3.8/site-packages/airflow/example_dags/example_kubernetes_executor.py took 0.055 seconds
[2024-06-10 10:12:17,681] {scheduler_job.py:181} INFO - Started process (PID=69000) to work on /home/anhcu/Project/Stock_project/airflow_venv/lib/python3.8/site-packages/airflow/example_dags/example_kubernetes_executor.py
[2024-06-10 10:12:17,699] {scheduler_job.py:629} INFO - Processing file /home/anhcu/Project/Stock_project/airflow_venv/lib/python3.8/site-packages/airflow/example_dags/example_kubernetes_executor.py for tasks to queue
[2024-06-10 10:12:17,701] {logging_mixin.py:103} INFO - [2024-06-10 10:12:17,701] {dagbag.py:440} INFO - Filling up the DagBag from /home/anhcu/Project/Stock_project/airflow_venv/lib/python3.8/site-packages/airflow/example_dags/example_kubernetes_executor.py
[2024-06-10 10:12:17,732] {scheduler_job.py:639} INFO - DAG(s) dict_keys(['example_kubernetes_executor']) retrieved from /home/anhcu/Project/Stock_project/airflow_venv/lib/python3.8/site-packages/airflow/example_dags/example_kubernetes_executor.py
[2024-06-10 10:12:17,751] {logging_mixin.py:103} INFO - [2024-06-10 10:12:17,751] {dag.py:1813} INFO - Sync 1 DAGs
[2024-06-10 10:12:17,814] {logging_mixin.py:103} INFO - [2024-06-10 10:12:17,814] {dag.py:2266} INFO - Setting next_dagrun for example_kubernetes_executor to None
[2024-06-10 10:12:17,876] {scheduler_job.py:189} INFO - Processing /home/anhcu/Project/Stock_project/airflow_venv/lib/python3.8/site-packages/airflow/example_dags/example_kubernetes_executor.py took 0.199 seconds
[2024-06-10 10:12:48,552] {scheduler_job.py:181} INFO - Started process (PID=69192) to work on /home/anhcu/Project/Stock_project/airflow_venv/lib/python3.8/site-packages/airflow/example_dags/example_kubernetes_executor.py
[2024-06-10 10:12:48,555] {scheduler_job.py:629} INFO - Processing file /home/anhcu/Project/Stock_project/airflow_venv/lib/python3.8/site-packages/airflow/example_dags/example_kubernetes_executor.py for tasks to queue
[2024-06-10 10:12:48,556] {logging_mixin.py:103} INFO - [2024-06-10 10:12:48,556] {dagbag.py:440} INFO - Filling up the DagBag from /home/anhcu/Project/Stock_project/airflow_venv/lib/python3.8/site-packages/airflow/example_dags/example_kubernetes_executor.py
[2024-06-10 10:12:48,573] {scheduler_job.py:639} INFO - DAG(s) dict_keys(['example_kubernetes_executor']) retrieved from /home/anhcu/Project/Stock_project/airflow_venv/lib/python3.8/site-packages/airflow/example_dags/example_kubernetes_executor.py
[2024-06-10 10:12:48,575] {logging_mixin.py:103} INFO - [2024-06-10 10:12:48,575] {dag.py:1813} INFO - Sync 1 DAGs
[2024-06-10 10:12:48,599] {logging_mixin.py:103} INFO - [2024-06-10 10:12:48,598] {dag.py:2266} INFO - Setting next_dagrun for example_kubernetes_executor to None
[2024-06-10 10:12:48,620] {scheduler_job.py:189} INFO - Processing /home/anhcu/Project/Stock_project/airflow_venv/lib/python3.8/site-packages/airflow/example_dags/example_kubernetes_executor.py took 0.073 seconds
[2024-06-10 10:13:18,273] {scheduler_job.py:181} INFO - Started process (PID=69344) to work on /home/anhcu/Project/Stock_project/airflow_venv/lib/python3.8/site-packages/airflow/example_dags/example_kubernetes_executor.py
[2024-06-10 10:13:18,275] {scheduler_job.py:629} INFO - Processing file /home/anhcu/Project/Stock_project/airflow_venv/lib/python3.8/site-packages/airflow/example_dags/example_kubernetes_executor.py for tasks to queue
[2024-06-10 10:13:18,276] {logging_mixin.py:103} INFO - [2024-06-10 10:13:18,276] {dagbag.py:440} INFO - Filling up the DagBag from /home/anhcu/Project/Stock_project/airflow_venv/lib/python3.8/site-packages/airflow/example_dags/example_kubernetes_executor.py
[2024-06-10 10:13:18,291] {scheduler_job.py:639} INFO - DAG(s) dict_keys(['example_kubernetes_executor']) retrieved from /home/anhcu/Project/Stock_project/airflow_venv/lib/python3.8/site-packages/airflow/example_dags/example_kubernetes_executor.py
[2024-06-10 10:13:18,293] {logging_mixin.py:103} INFO - [2024-06-10 10:13:18,293] {dag.py:1813} INFO - Sync 1 DAGs
[2024-06-10 10:13:18,314] {logging_mixin.py:103} INFO - [2024-06-10 10:13:18,314] {dag.py:2266} INFO - Setting next_dagrun for example_kubernetes_executor to None
[2024-06-10 10:13:18,333] {scheduler_job.py:189} INFO - Processing /home/anhcu/Project/Stock_project/airflow_venv/lib/python3.8/site-packages/airflow/example_dags/example_kubernetes_executor.py took 0.064 seconds
[2024-06-10 10:13:46,804] {scheduler_job.py:181} INFO - Started process (PID=69463) to work on /home/anhcu/Project/Stock_project/airflow_venv/lib/python3.8/site-packages/airflow/example_dags/example_kubernetes_executor.py
[2024-06-10 10:13:46,806] {scheduler_job.py:629} INFO - Processing file /home/anhcu/Project/Stock_project/airflow_venv/lib/python3.8/site-packages/airflow/example_dags/example_kubernetes_executor.py for tasks to queue
[2024-06-10 10:13:46,808] {logging_mixin.py:103} INFO - [2024-06-10 10:13:46,807] {dagbag.py:440} INFO - Filling up the DagBag from /home/anhcu/Project/Stock_project/airflow_venv/lib/python3.8/site-packages/airflow/example_dags/example_kubernetes_executor.py
[2024-06-10 10:13:46,824] {scheduler_job.py:639} INFO - DAG(s) dict_keys(['example_kubernetes_executor']) retrieved from /home/anhcu/Project/Stock_project/airflow_venv/lib/python3.8/site-packages/airflow/example_dags/example_kubernetes_executor.py
[2024-06-10 10:13:46,826] {logging_mixin.py:103} INFO - [2024-06-10 10:13:46,826] {dag.py:1813} INFO - Sync 1 DAGs
[2024-06-10 10:13:46,851] {logging_mixin.py:103} INFO - [2024-06-10 10:13:46,851] {dag.py:2266} INFO - Setting next_dagrun for example_kubernetes_executor to None
[2024-06-10 10:13:46,868] {scheduler_job.py:189} INFO - Processing /home/anhcu/Project/Stock_project/airflow_venv/lib/python3.8/site-packages/airflow/example_dags/example_kubernetes_executor.py took 0.070 seconds
[2024-06-10 10:14:16,734] {scheduler_job.py:181} INFO - Started process (PID=69617) to work on /home/anhcu/Project/Stock_project/airflow_venv/lib/python3.8/site-packages/airflow/example_dags/example_kubernetes_executor.py
[2024-06-10 10:14:16,735] {scheduler_job.py:629} INFO - Processing file /home/anhcu/Project/Stock_project/airflow_venv/lib/python3.8/site-packages/airflow/example_dags/example_kubernetes_executor.py for tasks to queue
[2024-06-10 10:14:16,736] {logging_mixin.py:103} INFO - [2024-06-10 10:14:16,736] {dagbag.py:440} INFO - Filling up the DagBag from /home/anhcu/Project/Stock_project/airflow_venv/lib/python3.8/site-packages/airflow/example_dags/example_kubernetes_executor.py
[2024-06-10 10:14:16,747] {scheduler_job.py:639} INFO - DAG(s) dict_keys(['example_kubernetes_executor']) retrieved from /home/anhcu/Project/Stock_project/airflow_venv/lib/python3.8/site-packages/airflow/example_dags/example_kubernetes_executor.py
[2024-06-10 10:14:16,747] {logging_mixin.py:103} INFO - [2024-06-10 10:14:16,747] {dag.py:1813} INFO - Sync 1 DAGs
[2024-06-10 10:14:16,764] {logging_mixin.py:103} INFO - [2024-06-10 10:14:16,764] {dag.py:2266} INFO - Setting next_dagrun for example_kubernetes_executor to None
[2024-06-10 10:14:16,776] {scheduler_job.py:189} INFO - Processing /home/anhcu/Project/Stock_project/airflow_venv/lib/python3.8/site-packages/airflow/example_dags/example_kubernetes_executor.py took 0.045 seconds
[2024-06-10 10:14:45,880] {scheduler_job.py:181} INFO - Started process (PID=69778) to work on /home/anhcu/Project/Stock_project/airflow_venv/lib/python3.8/site-packages/airflow/example_dags/example_kubernetes_executor.py
[2024-06-10 10:14:45,882] {scheduler_job.py:629} INFO - Processing file /home/anhcu/Project/Stock_project/airflow_venv/lib/python3.8/site-packages/airflow/example_dags/example_kubernetes_executor.py for tasks to queue
[2024-06-10 10:14:45,883] {logging_mixin.py:103} INFO - [2024-06-10 10:14:45,883] {dagbag.py:440} INFO - Filling up the DagBag from /home/anhcu/Project/Stock_project/airflow_venv/lib/python3.8/site-packages/airflow/example_dags/example_kubernetes_executor.py
[2024-06-10 10:14:45,895] {scheduler_job.py:639} INFO - DAG(s) dict_keys(['example_kubernetes_executor']) retrieved from /home/anhcu/Project/Stock_project/airflow_venv/lib/python3.8/site-packages/airflow/example_dags/example_kubernetes_executor.py
[2024-06-10 10:14:45,897] {logging_mixin.py:103} INFO - [2024-06-10 10:14:45,896] {dag.py:1813} INFO - Sync 1 DAGs
[2024-06-10 10:14:45,916] {logging_mixin.py:103} INFO - [2024-06-10 10:14:45,916] {dag.py:2266} INFO - Setting next_dagrun for example_kubernetes_executor to None
[2024-06-10 10:14:45,929] {scheduler_job.py:189} INFO - Processing /home/anhcu/Project/Stock_project/airflow_venv/lib/python3.8/site-packages/airflow/example_dags/example_kubernetes_executor.py took 0.053 seconds
[2024-06-10 10:15:27,527] {scheduler_job.py:181} INFO - Started process (PID=70057) to work on /home/anhcu/Project/Stock_project/airflow_venv/lib/python3.8/site-packages/airflow/example_dags/example_kubernetes_executor.py
[2024-06-10 10:15:27,529] {scheduler_job.py:629} INFO - Processing file /home/anhcu/Project/Stock_project/airflow_venv/lib/python3.8/site-packages/airflow/example_dags/example_kubernetes_executor.py for tasks to queue
[2024-06-10 10:15:27,530] {logging_mixin.py:103} INFO - [2024-06-10 10:15:27,530] {dagbag.py:440} INFO - Filling up the DagBag from /home/anhcu/Project/Stock_project/airflow_venv/lib/python3.8/site-packages/airflow/example_dags/example_kubernetes_executor.py
[2024-06-10 10:15:27,569] {scheduler_job.py:639} INFO - DAG(s) dict_keys(['example_kubernetes_executor']) retrieved from /home/anhcu/Project/Stock_project/airflow_venv/lib/python3.8/site-packages/airflow/example_dags/example_kubernetes_executor.py
[2024-06-10 10:15:27,579] {logging_mixin.py:103} INFO - [2024-06-10 10:15:27,579] {dag.py:1813} INFO - Sync 1 DAGs
[2024-06-10 10:15:27,644] {logging_mixin.py:103} INFO - [2024-06-10 10:15:27,643] {dag.py:2266} INFO - Setting next_dagrun for example_kubernetes_executor to None
[2024-06-10 10:15:27,735] {scheduler_job.py:189} INFO - Processing /home/anhcu/Project/Stock_project/airflow_venv/lib/python3.8/site-packages/airflow/example_dags/example_kubernetes_executor.py took 0.228 seconds
[2024-06-10 10:15:58,584] {scheduler_job.py:181} INFO - Started process (PID=70272) to work on /home/anhcu/Project/Stock_project/airflow_venv/lib/python3.8/site-packages/airflow/example_dags/example_kubernetes_executor.py
[2024-06-10 10:15:58,585] {scheduler_job.py:629} INFO - Processing file /home/anhcu/Project/Stock_project/airflow_venv/lib/python3.8/site-packages/airflow/example_dags/example_kubernetes_executor.py for tasks to queue
[2024-06-10 10:15:58,586] {logging_mixin.py:103} INFO - [2024-06-10 10:15:58,586] {dagbag.py:440} INFO - Filling up the DagBag from /home/anhcu/Project/Stock_project/airflow_venv/lib/python3.8/site-packages/airflow/example_dags/example_kubernetes_executor.py
[2024-06-10 10:15:58,596] {scheduler_job.py:639} INFO - DAG(s) dict_keys(['example_kubernetes_executor']) retrieved from /home/anhcu/Project/Stock_project/airflow_venv/lib/python3.8/site-packages/airflow/example_dags/example_kubernetes_executor.py
[2024-06-10 10:15:58,598] {logging_mixin.py:103} INFO - [2024-06-10 10:15:58,597] {dag.py:1813} INFO - Sync 1 DAGs
[2024-06-10 10:15:58,613] {logging_mixin.py:103} INFO - [2024-06-10 10:15:58,612] {dag.py:2266} INFO - Setting next_dagrun for example_kubernetes_executor to None
[2024-06-10 10:15:58,626] {scheduler_job.py:189} INFO - Processing /home/anhcu/Project/Stock_project/airflow_venv/lib/python3.8/site-packages/airflow/example_dags/example_kubernetes_executor.py took 0.046 seconds
[2024-06-10 10:16:27,719] {scheduler_job.py:181} INFO - Started process (PID=70444) to work on /home/anhcu/Project/Stock_project/airflow_venv/lib/python3.8/site-packages/airflow/example_dags/example_kubernetes_executor.py
[2024-06-10 10:16:27,721] {scheduler_job.py:629} INFO - Processing file /home/anhcu/Project/Stock_project/airflow_venv/lib/python3.8/site-packages/airflow/example_dags/example_kubernetes_executor.py for tasks to queue
[2024-06-10 10:16:27,721] {logging_mixin.py:103} INFO - [2024-06-10 10:16:27,721] {dagbag.py:440} INFO - Filling up the DagBag from /home/anhcu/Project/Stock_project/airflow_venv/lib/python3.8/site-packages/airflow/example_dags/example_kubernetes_executor.py
[2024-06-10 10:16:27,743] {scheduler_job.py:639} INFO - DAG(s) dict_keys(['example_kubernetes_executor']) retrieved from /home/anhcu/Project/Stock_project/airflow_venv/lib/python3.8/site-packages/airflow/example_dags/example_kubernetes_executor.py
[2024-06-10 10:16:27,746] {logging_mixin.py:103} INFO - [2024-06-10 10:16:27,746] {dag.py:1813} INFO - Sync 1 DAGs
[2024-06-10 10:16:27,802] {logging_mixin.py:103} INFO - [2024-06-10 10:16:27,802] {dag.py:2266} INFO - Setting next_dagrun for example_kubernetes_executor to None
[2024-06-10 10:16:27,849] {scheduler_job.py:189} INFO - Processing /home/anhcu/Project/Stock_project/airflow_venv/lib/python3.8/site-packages/airflow/example_dags/example_kubernetes_executor.py took 0.134 seconds
[2024-06-10 10:16:57,925] {scheduler_job.py:181} INFO - Started process (PID=70695) to work on /home/anhcu/Project/Stock_project/airflow_venv/lib/python3.8/site-packages/airflow/example_dags/example_kubernetes_executor.py
[2024-06-10 10:16:57,927] {scheduler_job.py:629} INFO - Processing file /home/anhcu/Project/Stock_project/airflow_venv/lib/python3.8/site-packages/airflow/example_dags/example_kubernetes_executor.py for tasks to queue
[2024-06-10 10:16:57,928] {logging_mixin.py:103} INFO - [2024-06-10 10:16:57,928] {dagbag.py:440} INFO - Filling up the DagBag from /home/anhcu/Project/Stock_project/airflow_venv/lib/python3.8/site-packages/airflow/example_dags/example_kubernetes_executor.py
[2024-06-10 10:16:57,938] {scheduler_job.py:639} INFO - DAG(s) dict_keys(['example_kubernetes_executor']) retrieved from /home/anhcu/Project/Stock_project/airflow_venv/lib/python3.8/site-packages/airflow/example_dags/example_kubernetes_executor.py
[2024-06-10 10:16:57,939] {logging_mixin.py:103} INFO - [2024-06-10 10:16:57,939] {dag.py:1813} INFO - Sync 1 DAGs
[2024-06-10 10:16:57,956] {logging_mixin.py:103} INFO - [2024-06-10 10:16:57,956] {dag.py:2266} INFO - Setting next_dagrun for example_kubernetes_executor to None
[2024-06-10 10:16:57,968] {scheduler_job.py:189} INFO - Processing /home/anhcu/Project/Stock_project/airflow_venv/lib/python3.8/site-packages/airflow/example_dags/example_kubernetes_executor.py took 0.046 seconds
[2024-06-10 10:17:27,584] {scheduler_job.py:181} INFO - Started process (PID=70926) to work on /home/anhcu/Project/Stock_project/airflow_venv/lib/python3.8/site-packages/airflow/example_dags/example_kubernetes_executor.py
[2024-06-10 10:17:27,585] {scheduler_job.py:629} INFO - Processing file /home/anhcu/Project/Stock_project/airflow_venv/lib/python3.8/site-packages/airflow/example_dags/example_kubernetes_executor.py for tasks to queue
[2024-06-10 10:17:27,586] {logging_mixin.py:103} INFO - [2024-06-10 10:17:27,586] {dagbag.py:440} INFO - Filling up the DagBag from /home/anhcu/Project/Stock_project/airflow_venv/lib/python3.8/site-packages/airflow/example_dags/example_kubernetes_executor.py
[2024-06-10 10:17:27,596] {scheduler_job.py:639} INFO - DAG(s) dict_keys(['example_kubernetes_executor']) retrieved from /home/anhcu/Project/Stock_project/airflow_venv/lib/python3.8/site-packages/airflow/example_dags/example_kubernetes_executor.py
[2024-06-10 10:17:27,597] {logging_mixin.py:103} INFO - [2024-06-10 10:17:27,597] {dag.py:1813} INFO - Sync 1 DAGs
[2024-06-10 10:17:27,614] {logging_mixin.py:103} INFO - [2024-06-10 10:17:27,614] {dag.py:2266} INFO - Setting next_dagrun for example_kubernetes_executor to None
[2024-06-10 10:17:27,625] {scheduler_job.py:189} INFO - Processing /home/anhcu/Project/Stock_project/airflow_venv/lib/python3.8/site-packages/airflow/example_dags/example_kubernetes_executor.py took 0.045 seconds
[2024-06-10 10:17:58,317] {scheduler_job.py:181} INFO - Started process (PID=71082) to work on /home/anhcu/Project/Stock_project/airflow_venv/lib/python3.8/site-packages/airflow/example_dags/example_kubernetes_executor.py
[2024-06-10 10:17:58,319] {scheduler_job.py:629} INFO - Processing file /home/anhcu/Project/Stock_project/airflow_venv/lib/python3.8/site-packages/airflow/example_dags/example_kubernetes_executor.py for tasks to queue
[2024-06-10 10:17:58,320] {logging_mixin.py:103} INFO - [2024-06-10 10:17:58,320] {dagbag.py:440} INFO - Filling up the DagBag from /home/anhcu/Project/Stock_project/airflow_venv/lib/python3.8/site-packages/airflow/example_dags/example_kubernetes_executor.py
[2024-06-10 10:17:58,332] {scheduler_job.py:639} INFO - DAG(s) dict_keys(['example_kubernetes_executor']) retrieved from /home/anhcu/Project/Stock_project/airflow_venv/lib/python3.8/site-packages/airflow/example_dags/example_kubernetes_executor.py
[2024-06-10 10:17:58,333] {logging_mixin.py:103} INFO - [2024-06-10 10:17:58,333] {dag.py:1813} INFO - Sync 1 DAGs
[2024-06-10 10:17:58,353] {logging_mixin.py:103} INFO - [2024-06-10 10:17:58,353] {dag.py:2266} INFO - Setting next_dagrun for example_kubernetes_executor to None
[2024-06-10 10:17:58,365] {scheduler_job.py:189} INFO - Processing /home/anhcu/Project/Stock_project/airflow_venv/lib/python3.8/site-packages/airflow/example_dags/example_kubernetes_executor.py took 0.052 seconds
[2024-06-10 10:18:28,784] {scheduler_job.py:181} INFO - Started process (PID=71404) to work on /home/anhcu/Project/Stock_project/airflow_venv/lib/python3.8/site-packages/airflow/example_dags/example_kubernetes_executor.py
[2024-06-10 10:18:28,786] {scheduler_job.py:629} INFO - Processing file /home/anhcu/Project/Stock_project/airflow_venv/lib/python3.8/site-packages/airflow/example_dags/example_kubernetes_executor.py for tasks to queue
[2024-06-10 10:18:28,787] {logging_mixin.py:103} INFO - [2024-06-10 10:18:28,786] {dagbag.py:440} INFO - Filling up the DagBag from /home/anhcu/Project/Stock_project/airflow_venv/lib/python3.8/site-packages/airflow/example_dags/example_kubernetes_executor.py
[2024-06-10 10:18:28,802] {scheduler_job.py:639} INFO - DAG(s) dict_keys(['example_kubernetes_executor']) retrieved from /home/anhcu/Project/Stock_project/airflow_venv/lib/python3.8/site-packages/airflow/example_dags/example_kubernetes_executor.py
[2024-06-10 10:18:28,811] {logging_mixin.py:103} INFO - [2024-06-10 10:18:28,811] {dag.py:1813} INFO - Sync 1 DAGs
[2024-06-10 10:18:28,837] {logging_mixin.py:103} INFO - [2024-06-10 10:18:28,837] {dag.py:2266} INFO - Setting next_dagrun for example_kubernetes_executor to None
[2024-06-10 10:18:28,871] {scheduler_job.py:189} INFO - Processing /home/anhcu/Project/Stock_project/airflow_venv/lib/python3.8/site-packages/airflow/example_dags/example_kubernetes_executor.py took 0.091 seconds
[2024-06-10 10:18:58,957] {scheduler_job.py:181} INFO - Started process (PID=71747) to work on /home/anhcu/Project/Stock_project/airflow_venv/lib/python3.8/site-packages/airflow/example_dags/example_kubernetes_executor.py
[2024-06-10 10:18:58,959] {scheduler_job.py:629} INFO - Processing file /home/anhcu/Project/Stock_project/airflow_venv/lib/python3.8/site-packages/airflow/example_dags/example_kubernetes_executor.py for tasks to queue
[2024-06-10 10:18:58,961] {logging_mixin.py:103} INFO - [2024-06-10 10:18:58,961] {dagbag.py:440} INFO - Filling up the DagBag from /home/anhcu/Project/Stock_project/airflow_venv/lib/python3.8/site-packages/airflow/example_dags/example_kubernetes_executor.py
[2024-06-10 10:18:58,980] {scheduler_job.py:639} INFO - DAG(s) dict_keys(['example_kubernetes_executor']) retrieved from /home/anhcu/Project/Stock_project/airflow_venv/lib/python3.8/site-packages/airflow/example_dags/example_kubernetes_executor.py
[2024-06-10 10:18:58,981] {logging_mixin.py:103} INFO - [2024-06-10 10:18:58,981] {dag.py:1813} INFO - Sync 1 DAGs
[2024-06-10 10:18:59,016] {logging_mixin.py:103} INFO - [2024-06-10 10:18:59,016] {dag.py:2266} INFO - Setting next_dagrun for example_kubernetes_executor to None
[2024-06-10 10:18:59,033] {scheduler_job.py:189} INFO - Processing /home/anhcu/Project/Stock_project/airflow_venv/lib/python3.8/site-packages/airflow/example_dags/example_kubernetes_executor.py took 0.080 seconds
[2024-06-10 10:19:29,238] {scheduler_job.py:181} INFO - Started process (PID=71976) to work on /home/anhcu/Project/Stock_project/airflow_venv/lib/python3.8/site-packages/airflow/example_dags/example_kubernetes_executor.py
[2024-06-10 10:19:29,240] {scheduler_job.py:629} INFO - Processing file /home/anhcu/Project/Stock_project/airflow_venv/lib/python3.8/site-packages/airflow/example_dags/example_kubernetes_executor.py for tasks to queue
[2024-06-10 10:19:29,241] {logging_mixin.py:103} INFO - [2024-06-10 10:19:29,241] {dagbag.py:440} INFO - Filling up the DagBag from /home/anhcu/Project/Stock_project/airflow_venv/lib/python3.8/site-packages/airflow/example_dags/example_kubernetes_executor.py
[2024-06-10 10:19:29,257] {scheduler_job.py:639} INFO - DAG(s) dict_keys(['example_kubernetes_executor']) retrieved from /home/anhcu/Project/Stock_project/airflow_venv/lib/python3.8/site-packages/airflow/example_dags/example_kubernetes_executor.py
[2024-06-10 10:19:29,259] {logging_mixin.py:103} INFO - [2024-06-10 10:19:29,259] {dag.py:1813} INFO - Sync 1 DAGs
[2024-06-10 10:19:29,283] {logging_mixin.py:103} INFO - [2024-06-10 10:19:29,283] {dag.py:2266} INFO - Setting next_dagrun for example_kubernetes_executor to None
[2024-06-10 10:19:29,299] {scheduler_job.py:189} INFO - Processing /home/anhcu/Project/Stock_project/airflow_venv/lib/python3.8/site-packages/airflow/example_dags/example_kubernetes_executor.py took 0.066 seconds
[2024-06-10 10:20:09,394] {scheduler_job.py:181} INFO - Started process (PID=72373) to work on /home/anhcu/Project/Stock_project/airflow_venv/lib/python3.8/site-packages/airflow/example_dags/example_kubernetes_executor.py
[2024-06-10 10:20:09,396] {scheduler_job.py:629} INFO - Processing file /home/anhcu/Project/Stock_project/airflow_venv/lib/python3.8/site-packages/airflow/example_dags/example_kubernetes_executor.py for tasks to queue
[2024-06-10 10:20:09,396] {logging_mixin.py:103} INFO - [2024-06-10 10:20:09,396] {dagbag.py:440} INFO - Filling up the DagBag from /home/anhcu/Project/Stock_project/airflow_venv/lib/python3.8/site-packages/airflow/example_dags/example_kubernetes_executor.py
[2024-06-10 10:20:09,407] {scheduler_job.py:639} INFO - DAG(s) dict_keys(['example_kubernetes_executor']) retrieved from /home/anhcu/Project/Stock_project/airflow_venv/lib/python3.8/site-packages/airflow/example_dags/example_kubernetes_executor.py
[2024-06-10 10:20:09,408] {logging_mixin.py:103} INFO - [2024-06-10 10:20:09,408] {dag.py:1813} INFO - Sync 1 DAGs
[2024-06-10 10:20:09,426] {logging_mixin.py:103} INFO - [2024-06-10 10:20:09,426] {dag.py:2266} INFO - Setting next_dagrun for example_kubernetes_executor to None
[2024-06-10 10:20:09,438] {scheduler_job.py:189} INFO - Processing /home/anhcu/Project/Stock_project/airflow_venv/lib/python3.8/site-packages/airflow/example_dags/example_kubernetes_executor.py took 0.047 seconds
[2024-06-10 10:20:39,146] {scheduler_job.py:181} INFO - Started process (PID=72626) to work on /home/anhcu/Project/Stock_project/airflow_venv/lib/python3.8/site-packages/airflow/example_dags/example_kubernetes_executor.py
[2024-06-10 10:20:39,148] {scheduler_job.py:629} INFO - Processing file /home/anhcu/Project/Stock_project/airflow_venv/lib/python3.8/site-packages/airflow/example_dags/example_kubernetes_executor.py for tasks to queue
[2024-06-10 10:20:39,149] {logging_mixin.py:103} INFO - [2024-06-10 10:20:39,148] {dagbag.py:440} INFO - Filling up the DagBag from /home/anhcu/Project/Stock_project/airflow_venv/lib/python3.8/site-packages/airflow/example_dags/example_kubernetes_executor.py
[2024-06-10 10:20:39,164] {scheduler_job.py:639} INFO - DAG(s) dict_keys(['example_kubernetes_executor']) retrieved from /home/anhcu/Project/Stock_project/airflow_venv/lib/python3.8/site-packages/airflow/example_dags/example_kubernetes_executor.py
[2024-06-10 10:20:39,165] {logging_mixin.py:103} INFO - [2024-06-10 10:20:39,165] {dag.py:1813} INFO - Sync 1 DAGs
[2024-06-10 10:20:39,185] {logging_mixin.py:103} INFO - [2024-06-10 10:20:39,185] {dag.py:2266} INFO - Setting next_dagrun for example_kubernetes_executor to None
[2024-06-10 10:20:39,198] {scheduler_job.py:189} INFO - Processing /home/anhcu/Project/Stock_project/airflow_venv/lib/python3.8/site-packages/airflow/example_dags/example_kubernetes_executor.py took 0.057 seconds
[2024-06-10 10:21:10,563] {scheduler_job.py:181} INFO - Started process (PID=72874) to work on /home/anhcu/Project/Stock_project/airflow_venv/lib/python3.8/site-packages/airflow/example_dags/example_kubernetes_executor.py
[2024-06-10 10:21:10,565] {scheduler_job.py:629} INFO - Processing file /home/anhcu/Project/Stock_project/airflow_venv/lib/python3.8/site-packages/airflow/example_dags/example_kubernetes_executor.py for tasks to queue
[2024-06-10 10:21:10,566] {logging_mixin.py:103} INFO - [2024-06-10 10:21:10,566] {dagbag.py:440} INFO - Filling up the DagBag from /home/anhcu/Project/Stock_project/airflow_venv/lib/python3.8/site-packages/airflow/example_dags/example_kubernetes_executor.py
[2024-06-10 10:21:10,576] {scheduler_job.py:639} INFO - DAG(s) dict_keys(['example_kubernetes_executor']) retrieved from /home/anhcu/Project/Stock_project/airflow_venv/lib/python3.8/site-packages/airflow/example_dags/example_kubernetes_executor.py
[2024-06-10 10:21:10,579] {logging_mixin.py:103} INFO - [2024-06-10 10:21:10,579] {dag.py:1813} INFO - Sync 1 DAGs
[2024-06-10 10:21:10,594] {logging_mixin.py:103} INFO - [2024-06-10 10:21:10,594] {dag.py:2266} INFO - Setting next_dagrun for example_kubernetes_executor to None
[2024-06-10 10:21:10,606] {scheduler_job.py:189} INFO - Processing /home/anhcu/Project/Stock_project/airflow_venv/lib/python3.8/site-packages/airflow/example_dags/example_kubernetes_executor.py took 0.046 seconds
[2024-06-10 10:21:40,405] {scheduler_job.py:181} INFO - Started process (PID=73012) to work on /home/anhcu/Project/Stock_project/airflow_venv/lib/python3.8/site-packages/airflow/example_dags/example_kubernetes_executor.py
[2024-06-10 10:21:40,406] {scheduler_job.py:629} INFO - Processing file /home/anhcu/Project/Stock_project/airflow_venv/lib/python3.8/site-packages/airflow/example_dags/example_kubernetes_executor.py for tasks to queue
[2024-06-10 10:21:40,407] {logging_mixin.py:103} INFO - [2024-06-10 10:21:40,407] {dagbag.py:440} INFO - Filling up the DagBag from /home/anhcu/Project/Stock_project/airflow_venv/lib/python3.8/site-packages/airflow/example_dags/example_kubernetes_executor.py
[2024-06-10 10:21:40,422] {scheduler_job.py:639} INFO - DAG(s) dict_keys(['example_kubernetes_executor']) retrieved from /home/anhcu/Project/Stock_project/airflow_venv/lib/python3.8/site-packages/airflow/example_dags/example_kubernetes_executor.py
[2024-06-10 10:21:40,423] {logging_mixin.py:103} INFO - [2024-06-10 10:21:40,423] {dag.py:1813} INFO - Sync 1 DAGs
[2024-06-10 10:21:40,440] {logging_mixin.py:103} INFO - [2024-06-10 10:21:40,440] {dag.py:2266} INFO - Setting next_dagrun for example_kubernetes_executor to None
[2024-06-10 10:21:40,453] {scheduler_job.py:189} INFO - Processing /home/anhcu/Project/Stock_project/airflow_venv/lib/python3.8/site-packages/airflow/example_dags/example_kubernetes_executor.py took 0.052 seconds
[2024-06-10 10:22:09,800] {scheduler_job.py:181} INFO - Started process (PID=73230) to work on /home/anhcu/Project/Stock_project/airflow_venv/lib/python3.8/site-packages/airflow/example_dags/example_kubernetes_executor.py
[2024-06-10 10:22:09,801] {scheduler_job.py:629} INFO - Processing file /home/anhcu/Project/Stock_project/airflow_venv/lib/python3.8/site-packages/airflow/example_dags/example_kubernetes_executor.py for tasks to queue
[2024-06-10 10:22:09,803] {logging_mixin.py:103} INFO - [2024-06-10 10:22:09,803] {dagbag.py:440} INFO - Filling up the DagBag from /home/anhcu/Project/Stock_project/airflow_venv/lib/python3.8/site-packages/airflow/example_dags/example_kubernetes_executor.py
[2024-06-10 10:22:09,823] {scheduler_job.py:639} INFO - DAG(s) dict_keys(['example_kubernetes_executor']) retrieved from /home/anhcu/Project/Stock_project/airflow_venv/lib/python3.8/site-packages/airflow/example_dags/example_kubernetes_executor.py
[2024-06-10 10:22:09,824] {logging_mixin.py:103} INFO - [2024-06-10 10:22:09,823] {dag.py:1813} INFO - Sync 1 DAGs
[2024-06-10 10:22:09,839] {logging_mixin.py:103} INFO - [2024-06-10 10:22:09,839] {dag.py:2266} INFO - Setting next_dagrun for example_kubernetes_executor to None
[2024-06-10 10:22:09,852] {scheduler_job.py:189} INFO - Processing /home/anhcu/Project/Stock_project/airflow_venv/lib/python3.8/site-packages/airflow/example_dags/example_kubernetes_executor.py took 0.057 seconds
[2024-06-10 10:22:38,182] {scheduler_job.py:181} INFO - Started process (PID=73386) to work on /home/anhcu/Project/Stock_project/airflow_venv/lib/python3.8/site-packages/airflow/example_dags/example_kubernetes_executor.py
[2024-06-10 10:22:38,184] {scheduler_job.py:629} INFO - Processing file /home/anhcu/Project/Stock_project/airflow_venv/lib/python3.8/site-packages/airflow/example_dags/example_kubernetes_executor.py for tasks to queue
[2024-06-10 10:22:38,185] {logging_mixin.py:103} INFO - [2024-06-10 10:22:38,185] {dagbag.py:440} INFO - Filling up the DagBag from /home/anhcu/Project/Stock_project/airflow_venv/lib/python3.8/site-packages/airflow/example_dags/example_kubernetes_executor.py
[2024-06-10 10:22:38,198] {scheduler_job.py:639} INFO - DAG(s) dict_keys(['example_kubernetes_executor']) retrieved from /home/anhcu/Project/Stock_project/airflow_venv/lib/python3.8/site-packages/airflow/example_dags/example_kubernetes_executor.py
[2024-06-10 10:22:38,199] {logging_mixin.py:103} INFO - [2024-06-10 10:22:38,199] {dag.py:1813} INFO - Sync 1 DAGs
[2024-06-10 10:22:38,214] {logging_mixin.py:103} INFO - [2024-06-10 10:22:38,214] {dag.py:2266} INFO - Setting next_dagrun for example_kubernetes_executor to None
[2024-06-10 10:22:38,226] {scheduler_job.py:189} INFO - Processing /home/anhcu/Project/Stock_project/airflow_venv/lib/python3.8/site-packages/airflow/example_dags/example_kubernetes_executor.py took 0.048 seconds
[2024-06-10 10:23:05,385] {scheduler_job.py:181} INFO - Started process (PID=73578) to work on /home/anhcu/Project/Stock_project/airflow_venv/lib/python3.8/site-packages/airflow/example_dags/example_kubernetes_executor.py
[2024-06-10 10:23:05,387] {scheduler_job.py:629} INFO - Processing file /home/anhcu/Project/Stock_project/airflow_venv/lib/python3.8/site-packages/airflow/example_dags/example_kubernetes_executor.py for tasks to queue
[2024-06-10 10:23:05,387] {logging_mixin.py:103} INFO - [2024-06-10 10:23:05,387] {dagbag.py:440} INFO - Filling up the DagBag from /home/anhcu/Project/Stock_project/airflow_venv/lib/python3.8/site-packages/airflow/example_dags/example_kubernetes_executor.py
[2024-06-10 10:23:05,401] {scheduler_job.py:639} INFO - DAG(s) dict_keys(['example_kubernetes_executor']) retrieved from /home/anhcu/Project/Stock_project/airflow_venv/lib/python3.8/site-packages/airflow/example_dags/example_kubernetes_executor.py
[2024-06-10 10:23:05,403] {logging_mixin.py:103} INFO - [2024-06-10 10:23:05,403] {dag.py:1813} INFO - Sync 1 DAGs
[2024-06-10 10:23:05,422] {logging_mixin.py:103} INFO - [2024-06-10 10:23:05,422] {dag.py:2266} INFO - Setting next_dagrun for example_kubernetes_executor to None
[2024-06-10 10:23:05,434] {scheduler_job.py:189} INFO - Processing /home/anhcu/Project/Stock_project/airflow_venv/lib/python3.8/site-packages/airflow/example_dags/example_kubernetes_executor.py took 0.053 seconds
[2024-06-10 10:23:58,694] {scheduler_job.py:181} INFO - Started process (PID=74279) to work on /home/anhcu/Project/Stock_project/airflow_venv/lib/python3.8/site-packages/airflow/example_dags/example_kubernetes_executor.py
[2024-06-10 10:23:58,698] {scheduler_job.py:629} INFO - Processing file /home/anhcu/Project/Stock_project/airflow_venv/lib/python3.8/site-packages/airflow/example_dags/example_kubernetes_executor.py for tasks to queue
[2024-06-10 10:23:58,699] {logging_mixin.py:103} INFO - [2024-06-10 10:23:58,698] {dagbag.py:440} INFO - Filling up the DagBag from /home/anhcu/Project/Stock_project/airflow_venv/lib/python3.8/site-packages/airflow/example_dags/example_kubernetes_executor.py
[2024-06-10 10:23:58,711] {scheduler_job.py:639} INFO - DAG(s) dict_keys(['example_kubernetes_executor']) retrieved from /home/anhcu/Project/Stock_project/airflow_venv/lib/python3.8/site-packages/airflow/example_dags/example_kubernetes_executor.py
[2024-06-10 10:23:58,712] {logging_mixin.py:103} INFO - [2024-06-10 10:23:58,712] {dag.py:1813} INFO - Sync 1 DAGs
[2024-06-10 10:23:58,728] {logging_mixin.py:103} INFO - [2024-06-10 10:23:58,728] {dag.py:2266} INFO - Setting next_dagrun for example_kubernetes_executor to None
[2024-06-10 10:23:58,740] {scheduler_job.py:189} INFO - Processing /home/anhcu/Project/Stock_project/airflow_venv/lib/python3.8/site-packages/airflow/example_dags/example_kubernetes_executor.py took 0.050 seconds
[2024-06-10 10:24:28,458] {scheduler_job.py:181} INFO - Started process (PID=74546) to work on /home/anhcu/Project/Stock_project/airflow_venv/lib/python3.8/site-packages/airflow/example_dags/example_kubernetes_executor.py
[2024-06-10 10:24:28,462] {scheduler_job.py:629} INFO - Processing file /home/anhcu/Project/Stock_project/airflow_venv/lib/python3.8/site-packages/airflow/example_dags/example_kubernetes_executor.py for tasks to queue
[2024-06-10 10:24:28,463] {logging_mixin.py:103} INFO - [2024-06-10 10:24:28,463] {dagbag.py:440} INFO - Filling up the DagBag from /home/anhcu/Project/Stock_project/airflow_venv/lib/python3.8/site-packages/airflow/example_dags/example_kubernetes_executor.py
[2024-06-10 10:24:28,474] {scheduler_job.py:639} INFO - DAG(s) dict_keys(['example_kubernetes_executor']) retrieved from /home/anhcu/Project/Stock_project/airflow_venv/lib/python3.8/site-packages/airflow/example_dags/example_kubernetes_executor.py
[2024-06-10 10:24:28,476] {logging_mixin.py:103} INFO - [2024-06-10 10:24:28,476] {dag.py:1813} INFO - Sync 1 DAGs
[2024-06-10 10:24:28,491] {logging_mixin.py:103} INFO - [2024-06-10 10:24:28,491] {dag.py:2266} INFO - Setting next_dagrun for example_kubernetes_executor to None
[2024-06-10 10:24:28,503] {scheduler_job.py:189} INFO - Processing /home/anhcu/Project/Stock_project/airflow_venv/lib/python3.8/site-packages/airflow/example_dags/example_kubernetes_executor.py took 0.048 seconds
[2024-06-10 10:25:00,601] {scheduler_job.py:181} INFO - Started process (PID=74964) to work on /home/anhcu/Project/Stock_project/airflow_venv/lib/python3.8/site-packages/airflow/example_dags/example_kubernetes_executor.py
[2024-06-10 10:25:00,603] {scheduler_job.py:629} INFO - Processing file /home/anhcu/Project/Stock_project/airflow_venv/lib/python3.8/site-packages/airflow/example_dags/example_kubernetes_executor.py for tasks to queue
[2024-06-10 10:25:00,603] {logging_mixin.py:103} INFO - [2024-06-10 10:25:00,603] {dagbag.py:440} INFO - Filling up the DagBag from /home/anhcu/Project/Stock_project/airflow_venv/lib/python3.8/site-packages/airflow/example_dags/example_kubernetes_executor.py
[2024-06-10 10:25:00,614] {scheduler_job.py:639} INFO - DAG(s) dict_keys(['example_kubernetes_executor']) retrieved from /home/anhcu/Project/Stock_project/airflow_venv/lib/python3.8/site-packages/airflow/example_dags/example_kubernetes_executor.py
[2024-06-10 10:25:00,615] {logging_mixin.py:103} INFO - [2024-06-10 10:25:00,615] {dag.py:1813} INFO - Sync 1 DAGs
[2024-06-10 10:25:00,630] {logging_mixin.py:103} INFO - [2024-06-10 10:25:00,630] {dag.py:2266} INFO - Setting next_dagrun for example_kubernetes_executor to None
[2024-06-10 10:25:00,642] {scheduler_job.py:189} INFO - Processing /home/anhcu/Project/Stock_project/airflow_venv/lib/python3.8/site-packages/airflow/example_dags/example_kubernetes_executor.py took 0.044 seconds
[2024-06-10 10:25:29,746] {scheduler_job.py:181} INFO - Started process (PID=75334) to work on /home/anhcu/Project/Stock_project/airflow_venv/lib/python3.8/site-packages/airflow/example_dags/example_kubernetes_executor.py
[2024-06-10 10:25:29,747] {scheduler_job.py:629} INFO - Processing file /home/anhcu/Project/Stock_project/airflow_venv/lib/python3.8/site-packages/airflow/example_dags/example_kubernetes_executor.py for tasks to queue
[2024-06-10 10:25:29,748] {logging_mixin.py:103} INFO - [2024-06-10 10:25:29,748] {dagbag.py:440} INFO - Filling up the DagBag from /home/anhcu/Project/Stock_project/airflow_venv/lib/python3.8/site-packages/airflow/example_dags/example_kubernetes_executor.py
[2024-06-10 10:25:29,759] {scheduler_job.py:639} INFO - DAG(s) dict_keys(['example_kubernetes_executor']) retrieved from /home/anhcu/Project/Stock_project/airflow_venv/lib/python3.8/site-packages/airflow/example_dags/example_kubernetes_executor.py
[2024-06-10 10:25:29,760] {logging_mixin.py:103} INFO - [2024-06-10 10:25:29,760] {dag.py:1813} INFO - Sync 1 DAGs
[2024-06-10 10:25:29,776] {logging_mixin.py:103} INFO - [2024-06-10 10:25:29,776] {dag.py:2266} INFO - Setting next_dagrun for example_kubernetes_executor to None
[2024-06-10 10:25:29,790] {scheduler_job.py:189} INFO - Processing /home/anhcu/Project/Stock_project/airflow_venv/lib/python3.8/site-packages/airflow/example_dags/example_kubernetes_executor.py took 0.048 seconds
[2024-06-10 10:26:01,077] {scheduler_job.py:181} INFO - Started process (PID=75611) to work on /home/anhcu/Project/Stock_project/airflow_venv/lib/python3.8/site-packages/airflow/example_dags/example_kubernetes_executor.py
[2024-06-10 10:26:01,079] {scheduler_job.py:629} INFO - Processing file /home/anhcu/Project/Stock_project/airflow_venv/lib/python3.8/site-packages/airflow/example_dags/example_kubernetes_executor.py for tasks to queue
[2024-06-10 10:26:01,080] {logging_mixin.py:103} INFO - [2024-06-10 10:26:01,080] {dagbag.py:440} INFO - Filling up the DagBag from /home/anhcu/Project/Stock_project/airflow_venv/lib/python3.8/site-packages/airflow/example_dags/example_kubernetes_executor.py
[2024-06-10 10:26:01,091] {scheduler_job.py:639} INFO - DAG(s) dict_keys(['example_kubernetes_executor']) retrieved from /home/anhcu/Project/Stock_project/airflow_venv/lib/python3.8/site-packages/airflow/example_dags/example_kubernetes_executor.py
[2024-06-10 10:26:01,092] {logging_mixin.py:103} INFO - [2024-06-10 10:26:01,092] {dag.py:1813} INFO - Sync 1 DAGs
[2024-06-10 10:26:01,108] {logging_mixin.py:103} INFO - [2024-06-10 10:26:01,108] {dag.py:2266} INFO - Setting next_dagrun for example_kubernetes_executor to None
[2024-06-10 10:26:01,120] {scheduler_job.py:189} INFO - Processing /home/anhcu/Project/Stock_project/airflow_venv/lib/python3.8/site-packages/airflow/example_dags/example_kubernetes_executor.py took 0.047 seconds
[2024-06-10 10:26:27,639] {scheduler_job.py:181} INFO - Started process (PID=75761) to work on /home/anhcu/Project/Stock_project/airflow_venv/lib/python3.8/site-packages/airflow/example_dags/example_kubernetes_executor.py
[2024-06-10 10:26:27,642] {scheduler_job.py:629} INFO - Processing file /home/anhcu/Project/Stock_project/airflow_venv/lib/python3.8/site-packages/airflow/example_dags/example_kubernetes_executor.py for tasks to queue
[2024-06-10 10:26:27,643] {logging_mixin.py:103} INFO - [2024-06-10 10:26:27,643] {dagbag.py:440} INFO - Filling up the DagBag from /home/anhcu/Project/Stock_project/airflow_venv/lib/python3.8/site-packages/airflow/example_dags/example_kubernetes_executor.py
[2024-06-10 10:26:27,653] {scheduler_job.py:639} INFO - DAG(s) dict_keys(['example_kubernetes_executor']) retrieved from /home/anhcu/Project/Stock_project/airflow_venv/lib/python3.8/site-packages/airflow/example_dags/example_kubernetes_executor.py
[2024-06-10 10:26:27,654] {logging_mixin.py:103} INFO - [2024-06-10 10:26:27,654] {dag.py:1813} INFO - Sync 1 DAGs
[2024-06-10 10:26:27,670] {logging_mixin.py:103} INFO - [2024-06-10 10:26:27,669] {dag.py:2266} INFO - Setting next_dagrun for example_kubernetes_executor to None
[2024-06-10 10:26:27,681] {scheduler_job.py:189} INFO - Processing /home/anhcu/Project/Stock_project/airflow_venv/lib/python3.8/site-packages/airflow/example_dags/example_kubernetes_executor.py took 0.046 seconds
[2024-06-10 10:26:54,963] {scheduler_job.py:181} INFO - Started process (PID=75956) to work on /home/anhcu/Project/Stock_project/airflow_venv/lib/python3.8/site-packages/airflow/example_dags/example_kubernetes_executor.py
[2024-06-10 10:26:54,964] {scheduler_job.py:629} INFO - Processing file /home/anhcu/Project/Stock_project/airflow_venv/lib/python3.8/site-packages/airflow/example_dags/example_kubernetes_executor.py for tasks to queue
[2024-06-10 10:26:54,965] {logging_mixin.py:103} INFO - [2024-06-10 10:26:54,965] {dagbag.py:440} INFO - Filling up the DagBag from /home/anhcu/Project/Stock_project/airflow_venv/lib/python3.8/site-packages/airflow/example_dags/example_kubernetes_executor.py
[2024-06-10 10:26:54,978] {scheduler_job.py:639} INFO - DAG(s) dict_keys(['example_kubernetes_executor']) retrieved from /home/anhcu/Project/Stock_project/airflow_venv/lib/python3.8/site-packages/airflow/example_dags/example_kubernetes_executor.py
[2024-06-10 10:26:54,979] {logging_mixin.py:103} INFO - [2024-06-10 10:26:54,979] {dag.py:1813} INFO - Sync 1 DAGs
[2024-06-10 10:26:54,995] {logging_mixin.py:103} INFO - [2024-06-10 10:26:54,995] {dag.py:2266} INFO - Setting next_dagrun for example_kubernetes_executor to None
[2024-06-10 10:26:55,007] {scheduler_job.py:189} INFO - Processing /home/anhcu/Project/Stock_project/airflow_venv/lib/python3.8/site-packages/airflow/example_dags/example_kubernetes_executor.py took 0.050 seconds
[2024-06-10 10:27:22,283] {scheduler_job.py:181} INFO - Started process (PID=76108) to work on /home/anhcu/Project/Stock_project/airflow_venv/lib/python3.8/site-packages/airflow/example_dags/example_kubernetes_executor.py
[2024-06-10 10:27:22,284] {scheduler_job.py:629} INFO - Processing file /home/anhcu/Project/Stock_project/airflow_venv/lib/python3.8/site-packages/airflow/example_dags/example_kubernetes_executor.py for tasks to queue
[2024-06-10 10:27:22,285] {logging_mixin.py:103} INFO - [2024-06-10 10:27:22,285] {dagbag.py:440} INFO - Filling up the DagBag from /home/anhcu/Project/Stock_project/airflow_venv/lib/python3.8/site-packages/airflow/example_dags/example_kubernetes_executor.py
[2024-06-10 10:27:22,296] {scheduler_job.py:639} INFO - DAG(s) dict_keys(['example_kubernetes_executor']) retrieved from /home/anhcu/Project/Stock_project/airflow_venv/lib/python3.8/site-packages/airflow/example_dags/example_kubernetes_executor.py
[2024-06-10 10:27:22,297] {logging_mixin.py:103} INFO - [2024-06-10 10:27:22,297] {dag.py:1813} INFO - Sync 1 DAGs
[2024-06-10 10:27:22,313] {logging_mixin.py:103} INFO - [2024-06-10 10:27:22,313] {dag.py:2266} INFO - Setting next_dagrun for example_kubernetes_executor to None
[2024-06-10 10:27:22,325] {scheduler_job.py:189} INFO - Processing /home/anhcu/Project/Stock_project/airflow_venv/lib/python3.8/site-packages/airflow/example_dags/example_kubernetes_executor.py took 0.046 seconds
[2024-06-10 10:27:51,575] {scheduler_job.py:181} INFO - Started process (PID=76265) to work on /home/anhcu/Project/Stock_project/airflow_venv/lib/python3.8/site-packages/airflow/example_dags/example_kubernetes_executor.py
[2024-06-10 10:27:51,578] {scheduler_job.py:629} INFO - Processing file /home/anhcu/Project/Stock_project/airflow_venv/lib/python3.8/site-packages/airflow/example_dags/example_kubernetes_executor.py for tasks to queue
[2024-06-10 10:27:51,579] {logging_mixin.py:103} INFO - [2024-06-10 10:27:51,579] {dagbag.py:440} INFO - Filling up the DagBag from /home/anhcu/Project/Stock_project/airflow_venv/lib/python3.8/site-packages/airflow/example_dags/example_kubernetes_executor.py
[2024-06-10 10:27:51,591] {scheduler_job.py:639} INFO - DAG(s) dict_keys(['example_kubernetes_executor']) retrieved from /home/anhcu/Project/Stock_project/airflow_venv/lib/python3.8/site-packages/airflow/example_dags/example_kubernetes_executor.py
[2024-06-10 10:27:51,593] {logging_mixin.py:103} INFO - [2024-06-10 10:27:51,593] {dag.py:1813} INFO - Sync 1 DAGs
[2024-06-10 10:27:51,610] {logging_mixin.py:103} INFO - [2024-06-10 10:27:51,610] {dag.py:2266} INFO - Setting next_dagrun for example_kubernetes_executor to None
[2024-06-10 10:27:51,622] {scheduler_job.py:189} INFO - Processing /home/anhcu/Project/Stock_project/airflow_venv/lib/python3.8/site-packages/airflow/example_dags/example_kubernetes_executor.py took 0.052 seconds
[2024-06-10 10:28:19,565] {scheduler_job.py:181} INFO - Started process (PID=76417) to work on /home/anhcu/Project/Stock_project/airflow_venv/lib/python3.8/site-packages/airflow/example_dags/example_kubernetes_executor.py
[2024-06-10 10:28:19,567] {scheduler_job.py:629} INFO - Processing file /home/anhcu/Project/Stock_project/airflow_venv/lib/python3.8/site-packages/airflow/example_dags/example_kubernetes_executor.py for tasks to queue
[2024-06-10 10:28:19,568] {logging_mixin.py:103} INFO - [2024-06-10 10:28:19,567] {dagbag.py:440} INFO - Filling up the DagBag from /home/anhcu/Project/Stock_project/airflow_venv/lib/python3.8/site-packages/airflow/example_dags/example_kubernetes_executor.py
[2024-06-10 10:28:19,580] {scheduler_job.py:639} INFO - DAG(s) dict_keys(['example_kubernetes_executor']) retrieved from /home/anhcu/Project/Stock_project/airflow_venv/lib/python3.8/site-packages/airflow/example_dags/example_kubernetes_executor.py
[2024-06-10 10:28:19,582] {logging_mixin.py:103} INFO - [2024-06-10 10:28:19,582] {dag.py:1813} INFO - Sync 1 DAGs
[2024-06-10 10:28:19,599] {logging_mixin.py:103} INFO - [2024-06-10 10:28:19,599] {dag.py:2266} INFO - Setting next_dagrun for example_kubernetes_executor to None
[2024-06-10 10:28:19,612] {scheduler_job.py:189} INFO - Processing /home/anhcu/Project/Stock_project/airflow_venv/lib/python3.8/site-packages/airflow/example_dags/example_kubernetes_executor.py took 0.052 seconds
[2024-06-10 10:28:46,614] {scheduler_job.py:181} INFO - Started process (PID=76535) to work on /home/anhcu/Project/Stock_project/airflow_venv/lib/python3.8/site-packages/airflow/example_dags/example_kubernetes_executor.py
[2024-06-10 10:28:46,616] {scheduler_job.py:629} INFO - Processing file /home/anhcu/Project/Stock_project/airflow_venv/lib/python3.8/site-packages/airflow/example_dags/example_kubernetes_executor.py for tasks to queue
[2024-06-10 10:28:46,617] {logging_mixin.py:103} INFO - [2024-06-10 10:28:46,616] {dagbag.py:440} INFO - Filling up the DagBag from /home/anhcu/Project/Stock_project/airflow_venv/lib/python3.8/site-packages/airflow/example_dags/example_kubernetes_executor.py
[2024-06-10 10:28:46,627] {scheduler_job.py:639} INFO - DAG(s) dict_keys(['example_kubernetes_executor']) retrieved from /home/anhcu/Project/Stock_project/airflow_venv/lib/python3.8/site-packages/airflow/example_dags/example_kubernetes_executor.py
[2024-06-10 10:28:46,628] {logging_mixin.py:103} INFO - [2024-06-10 10:28:46,628] {dag.py:1813} INFO - Sync 1 DAGs
[2024-06-10 10:28:46,644] {logging_mixin.py:103} INFO - [2024-06-10 10:28:46,644] {dag.py:2266} INFO - Setting next_dagrun for example_kubernetes_executor to None
[2024-06-10 10:28:46,656] {scheduler_job.py:189} INFO - Processing /home/anhcu/Project/Stock_project/airflow_venv/lib/python3.8/site-packages/airflow/example_dags/example_kubernetes_executor.py took 0.045 seconds
[2024-06-10 10:29:14,471] {scheduler_job.py:181} INFO - Started process (PID=76726) to work on /home/anhcu/Project/Stock_project/airflow_venv/lib/python3.8/site-packages/airflow/example_dags/example_kubernetes_executor.py
[2024-06-10 10:29:14,473] {scheduler_job.py:629} INFO - Processing file /home/anhcu/Project/Stock_project/airflow_venv/lib/python3.8/site-packages/airflow/example_dags/example_kubernetes_executor.py for tasks to queue
[2024-06-10 10:29:14,474] {logging_mixin.py:103} INFO - [2024-06-10 10:29:14,474] {dagbag.py:440} INFO - Filling up the DagBag from /home/anhcu/Project/Stock_project/airflow_venv/lib/python3.8/site-packages/airflow/example_dags/example_kubernetes_executor.py
[2024-06-10 10:29:14,486] {scheduler_job.py:639} INFO - DAG(s) dict_keys(['example_kubernetes_executor']) retrieved from /home/anhcu/Project/Stock_project/airflow_venv/lib/python3.8/site-packages/airflow/example_dags/example_kubernetes_executor.py
[2024-06-10 10:29:14,487] {logging_mixin.py:103} INFO - [2024-06-10 10:29:14,487] {dag.py:1813} INFO - Sync 1 DAGs
[2024-06-10 10:29:14,502] {logging_mixin.py:103} INFO - [2024-06-10 10:29:14,502] {dag.py:2266} INFO - Setting next_dagrun for example_kubernetes_executor to None
[2024-06-10 10:29:14,514] {scheduler_job.py:189} INFO - Processing /home/anhcu/Project/Stock_project/airflow_venv/lib/python3.8/site-packages/airflow/example_dags/example_kubernetes_executor.py took 0.047 seconds
[2024-06-10 10:29:41,690] {scheduler_job.py:181} INFO - Started process (PID=76884) to work on /home/anhcu/Project/Stock_project/airflow_venv/lib/python3.8/site-packages/airflow/example_dags/example_kubernetes_executor.py
[2024-06-10 10:29:41,692] {scheduler_job.py:629} INFO - Processing file /home/anhcu/Project/Stock_project/airflow_venv/lib/python3.8/site-packages/airflow/example_dags/example_kubernetes_executor.py for tasks to queue
[2024-06-10 10:29:41,694] {logging_mixin.py:103} INFO - [2024-06-10 10:29:41,693] {dagbag.py:440} INFO - Filling up the DagBag from /home/anhcu/Project/Stock_project/airflow_venv/lib/python3.8/site-packages/airflow/example_dags/example_kubernetes_executor.py
[2024-06-10 10:29:41,708] {scheduler_job.py:639} INFO - DAG(s) dict_keys(['example_kubernetes_executor']) retrieved from /home/anhcu/Project/Stock_project/airflow_venv/lib/python3.8/site-packages/airflow/example_dags/example_kubernetes_executor.py
[2024-06-10 10:29:41,710] {logging_mixin.py:103} INFO - [2024-06-10 10:29:41,710] {dag.py:1813} INFO - Sync 1 DAGs
[2024-06-10 10:29:41,732] {logging_mixin.py:103} INFO - [2024-06-10 10:29:41,732] {dag.py:2266} INFO - Setting next_dagrun for example_kubernetes_executor to None
[2024-06-10 10:29:41,753] {scheduler_job.py:189} INFO - Processing /home/anhcu/Project/Stock_project/airflow_venv/lib/python3.8/site-packages/airflow/example_dags/example_kubernetes_executor.py took 0.070 seconds
[2024-06-10 10:30:10,021] {scheduler_job.py:181} INFO - Started process (PID=76998) to work on /home/anhcu/Project/Stock_project/airflow_venv/lib/python3.8/site-packages/airflow/example_dags/example_kubernetes_executor.py
[2024-06-10 10:30:10,023] {scheduler_job.py:629} INFO - Processing file /home/anhcu/Project/Stock_project/airflow_venv/lib/python3.8/site-packages/airflow/example_dags/example_kubernetes_executor.py for tasks to queue
[2024-06-10 10:30:10,024] {logging_mixin.py:103} INFO - [2024-06-10 10:30:10,024] {dagbag.py:440} INFO - Filling up the DagBag from /home/anhcu/Project/Stock_project/airflow_venv/lib/python3.8/site-packages/airflow/example_dags/example_kubernetes_executor.py
[2024-06-10 10:30:10,035] {scheduler_job.py:639} INFO - DAG(s) dict_keys(['example_kubernetes_executor']) retrieved from /home/anhcu/Project/Stock_project/airflow_venv/lib/python3.8/site-packages/airflow/example_dags/example_kubernetes_executor.py
[2024-06-10 10:30:10,035] {logging_mixin.py:103} INFO - [2024-06-10 10:30:10,035] {dag.py:1813} INFO - Sync 1 DAGs
[2024-06-10 10:30:10,051] {logging_mixin.py:103} INFO - [2024-06-10 10:30:10,051] {dag.py:2266} INFO - Setting next_dagrun for example_kubernetes_executor to None
[2024-06-10 10:30:10,062] {scheduler_job.py:189} INFO - Processing /home/anhcu/Project/Stock_project/airflow_venv/lib/python3.8/site-packages/airflow/example_dags/example_kubernetes_executor.py took 0.046 seconds
[2024-06-10 10:30:36,203] {scheduler_job.py:181} INFO - Started process (PID=77158) to work on /home/anhcu/Project/Stock_project/airflow_venv/lib/python3.8/site-packages/airflow/example_dags/example_kubernetes_executor.py
[2024-06-10 10:30:36,205] {scheduler_job.py:629} INFO - Processing file /home/anhcu/Project/Stock_project/airflow_venv/lib/python3.8/site-packages/airflow/example_dags/example_kubernetes_executor.py for tasks to queue
[2024-06-10 10:30:36,205] {logging_mixin.py:103} INFO - [2024-06-10 10:30:36,205] {dagbag.py:440} INFO - Filling up the DagBag from /home/anhcu/Project/Stock_project/airflow_venv/lib/python3.8/site-packages/airflow/example_dags/example_kubernetes_executor.py
[2024-06-10 10:30:36,218] {scheduler_job.py:639} INFO - DAG(s) dict_keys(['example_kubernetes_executor']) retrieved from /home/anhcu/Project/Stock_project/airflow_venv/lib/python3.8/site-packages/airflow/example_dags/example_kubernetes_executor.py
[2024-06-10 10:30:36,220] {logging_mixin.py:103} INFO - [2024-06-10 10:30:36,220] {dag.py:1813} INFO - Sync 1 DAGs
[2024-06-10 10:30:36,247] {logging_mixin.py:103} INFO - [2024-06-10 10:30:36,247] {dag.py:2266} INFO - Setting next_dagrun for example_kubernetes_executor to None
[2024-06-10 10:30:36,260] {scheduler_job.py:189} INFO - Processing /home/anhcu/Project/Stock_project/airflow_venv/lib/python3.8/site-packages/airflow/example_dags/example_kubernetes_executor.py took 0.061 seconds
[2024-06-10 10:31:03,566] {scheduler_job.py:181} INFO - Started process (PID=77312) to work on /home/anhcu/Project/Stock_project/airflow_venv/lib/python3.8/site-packages/airflow/example_dags/example_kubernetes_executor.py
[2024-06-10 10:31:03,568] {scheduler_job.py:629} INFO - Processing file /home/anhcu/Project/Stock_project/airflow_venv/lib/python3.8/site-packages/airflow/example_dags/example_kubernetes_executor.py for tasks to queue
[2024-06-10 10:31:03,569] {logging_mixin.py:103} INFO - [2024-06-10 10:31:03,569] {dagbag.py:440} INFO - Filling up the DagBag from /home/anhcu/Project/Stock_project/airflow_venv/lib/python3.8/site-packages/airflow/example_dags/example_kubernetes_executor.py
[2024-06-10 10:31:03,580] {scheduler_job.py:639} INFO - DAG(s) dict_keys(['example_kubernetes_executor']) retrieved from /home/anhcu/Project/Stock_project/airflow_venv/lib/python3.8/site-packages/airflow/example_dags/example_kubernetes_executor.py
[2024-06-10 10:31:03,581] {logging_mixin.py:103} INFO - [2024-06-10 10:31:03,581] {dag.py:1813} INFO - Sync 1 DAGs
[2024-06-10 10:31:03,597] {logging_mixin.py:103} INFO - [2024-06-10 10:31:03,597] {dag.py:2266} INFO - Setting next_dagrun for example_kubernetes_executor to None
[2024-06-10 10:31:03,611] {scheduler_job.py:189} INFO - Processing /home/anhcu/Project/Stock_project/airflow_venv/lib/python3.8/site-packages/airflow/example_dags/example_kubernetes_executor.py took 0.049 seconds
[2024-06-10 10:31:30,989] {scheduler_job.py:181} INFO - Started process (PID=77465) to work on /home/anhcu/Project/Stock_project/airflow_venv/lib/python3.8/site-packages/airflow/example_dags/example_kubernetes_executor.py
[2024-06-10 10:31:30,992] {scheduler_job.py:629} INFO - Processing file /home/anhcu/Project/Stock_project/airflow_venv/lib/python3.8/site-packages/airflow/example_dags/example_kubernetes_executor.py for tasks to queue
[2024-06-10 10:31:30,994] {logging_mixin.py:103} INFO - [2024-06-10 10:31:30,993] {dagbag.py:440} INFO - Filling up the DagBag from /home/anhcu/Project/Stock_project/airflow_venv/lib/python3.8/site-packages/airflow/example_dags/example_kubernetes_executor.py
[2024-06-10 10:31:31,012] {scheduler_job.py:639} INFO - DAG(s) dict_keys(['example_kubernetes_executor']) retrieved from /home/anhcu/Project/Stock_project/airflow_venv/lib/python3.8/site-packages/airflow/example_dags/example_kubernetes_executor.py
[2024-06-10 10:31:31,014] {logging_mixin.py:103} INFO - [2024-06-10 10:31:31,014] {dag.py:1813} INFO - Sync 1 DAGs
[2024-06-10 10:31:31,032] {logging_mixin.py:103} INFO - [2024-06-10 10:31:31,032] {dag.py:2266} INFO - Setting next_dagrun for example_kubernetes_executor to None
[2024-06-10 10:31:31,044] {scheduler_job.py:189} INFO - Processing /home/anhcu/Project/Stock_project/airflow_venv/lib/python3.8/site-packages/airflow/example_dags/example_kubernetes_executor.py took 0.059 seconds
[2024-06-10 10:32:00,165] {scheduler_job.py:181} INFO - Started process (PID=77623) to work on /home/anhcu/Project/Stock_project/airflow_venv/lib/python3.8/site-packages/airflow/example_dags/example_kubernetes_executor.py
[2024-06-10 10:32:00,167] {scheduler_job.py:629} INFO - Processing file /home/anhcu/Project/Stock_project/airflow_venv/lib/python3.8/site-packages/airflow/example_dags/example_kubernetes_executor.py for tasks to queue
[2024-06-10 10:32:00,168] {logging_mixin.py:103} INFO - [2024-06-10 10:32:00,168] {dagbag.py:440} INFO - Filling up the DagBag from /home/anhcu/Project/Stock_project/airflow_venv/lib/python3.8/site-packages/airflow/example_dags/example_kubernetes_executor.py
[2024-06-10 10:32:00,179] {scheduler_job.py:639} INFO - DAG(s) dict_keys(['example_kubernetes_executor']) retrieved from /home/anhcu/Project/Stock_project/airflow_venv/lib/python3.8/site-packages/airflow/example_dags/example_kubernetes_executor.py
[2024-06-10 10:32:00,180] {logging_mixin.py:103} INFO - [2024-06-10 10:32:00,180] {dag.py:1813} INFO - Sync 1 DAGs
[2024-06-10 10:32:00,196] {logging_mixin.py:103} INFO - [2024-06-10 10:32:00,196] {dag.py:2266} INFO - Setting next_dagrun for example_kubernetes_executor to None
[2024-06-10 10:32:00,208] {scheduler_job.py:189} INFO - Processing /home/anhcu/Project/Stock_project/airflow_venv/lib/python3.8/site-packages/airflow/example_dags/example_kubernetes_executor.py took 0.048 seconds
[2024-06-10 10:32:28,438] {scheduler_job.py:181} INFO - Started process (PID=77779) to work on /home/anhcu/Project/Stock_project/airflow_venv/lib/python3.8/site-packages/airflow/example_dags/example_kubernetes_executor.py
[2024-06-10 10:32:28,440] {scheduler_job.py:629} INFO - Processing file /home/anhcu/Project/Stock_project/airflow_venv/lib/python3.8/site-packages/airflow/example_dags/example_kubernetes_executor.py for tasks to queue
[2024-06-10 10:32:28,441] {logging_mixin.py:103} INFO - [2024-06-10 10:32:28,441] {dagbag.py:440} INFO - Filling up the DagBag from /home/anhcu/Project/Stock_project/airflow_venv/lib/python3.8/site-packages/airflow/example_dags/example_kubernetes_executor.py
[2024-06-10 10:32:28,453] {scheduler_job.py:639} INFO - DAG(s) dict_keys(['example_kubernetes_executor']) retrieved from /home/anhcu/Project/Stock_project/airflow_venv/lib/python3.8/site-packages/airflow/example_dags/example_kubernetes_executor.py
[2024-06-10 10:32:28,454] {logging_mixin.py:103} INFO - [2024-06-10 10:32:28,454] {dag.py:1813} INFO - Sync 1 DAGs
[2024-06-10 10:32:28,470] {logging_mixin.py:103} INFO - [2024-06-10 10:32:28,470] {dag.py:2266} INFO - Setting next_dagrun for example_kubernetes_executor to None
[2024-06-10 10:32:28,494] {scheduler_job.py:189} INFO - Processing /home/anhcu/Project/Stock_project/airflow_venv/lib/python3.8/site-packages/airflow/example_dags/example_kubernetes_executor.py took 0.060 seconds
[2024-06-10 10:32:55,782] {scheduler_job.py:181} INFO - Started process (PID=77974) to work on /home/anhcu/Project/Stock_project/airflow_venv/lib/python3.8/site-packages/airflow/example_dags/example_kubernetes_executor.py
[2024-06-10 10:32:55,784] {scheduler_job.py:629} INFO - Processing file /home/anhcu/Project/Stock_project/airflow_venv/lib/python3.8/site-packages/airflow/example_dags/example_kubernetes_executor.py for tasks to queue
[2024-06-10 10:32:55,785] {logging_mixin.py:103} INFO - [2024-06-10 10:32:55,785] {dagbag.py:440} INFO - Filling up the DagBag from /home/anhcu/Project/Stock_project/airflow_venv/lib/python3.8/site-packages/airflow/example_dags/example_kubernetes_executor.py
[2024-06-10 10:32:55,798] {scheduler_job.py:639} INFO - DAG(s) dict_keys(['example_kubernetes_executor']) retrieved from /home/anhcu/Project/Stock_project/airflow_venv/lib/python3.8/site-packages/airflow/example_dags/example_kubernetes_executor.py
[2024-06-10 10:32:55,799] {logging_mixin.py:103} INFO - [2024-06-10 10:32:55,799] {dag.py:1813} INFO - Sync 1 DAGs
[2024-06-10 10:32:55,816] {logging_mixin.py:103} INFO - [2024-06-10 10:32:55,816] {dag.py:2266} INFO - Setting next_dagrun for example_kubernetes_executor to None
[2024-06-10 10:32:55,830] {scheduler_job.py:189} INFO - Processing /home/anhcu/Project/Stock_project/airflow_venv/lib/python3.8/site-packages/airflow/example_dags/example_kubernetes_executor.py took 0.053 seconds
[2024-06-10 10:33:22,977] {scheduler_job.py:181} INFO - Started process (PID=78201) to work on /home/anhcu/Project/Stock_project/airflow_venv/lib/python3.8/site-packages/airflow/example_dags/example_kubernetes_executor.py
[2024-06-10 10:33:22,978] {scheduler_job.py:629} INFO - Processing file /home/anhcu/Project/Stock_project/airflow_venv/lib/python3.8/site-packages/airflow/example_dags/example_kubernetes_executor.py for tasks to queue
[2024-06-10 10:33:22,979] {logging_mixin.py:103} INFO - [2024-06-10 10:33:22,979] {dagbag.py:440} INFO - Filling up the DagBag from /home/anhcu/Project/Stock_project/airflow_venv/lib/python3.8/site-packages/airflow/example_dags/example_kubernetes_executor.py
[2024-06-10 10:33:22,992] {scheduler_job.py:639} INFO - DAG(s) dict_keys(['example_kubernetes_executor']) retrieved from /home/anhcu/Project/Stock_project/airflow_venv/lib/python3.8/site-packages/airflow/example_dags/example_kubernetes_executor.py
[2024-06-10 10:33:22,993] {logging_mixin.py:103} INFO - [2024-06-10 10:33:22,992] {dag.py:1813} INFO - Sync 1 DAGs
[2024-06-10 10:33:23,009] {logging_mixin.py:103} INFO - [2024-06-10 10:33:23,009] {dag.py:2266} INFO - Setting next_dagrun for example_kubernetes_executor to None
[2024-06-10 10:33:23,021] {scheduler_job.py:189} INFO - Processing /home/anhcu/Project/Stock_project/airflow_venv/lib/python3.8/site-packages/airflow/example_dags/example_kubernetes_executor.py took 0.048 seconds
[2024-06-10 10:33:50,412] {scheduler_job.py:181} INFO - Started process (PID=78325) to work on /home/anhcu/Project/Stock_project/airflow_venv/lib/python3.8/site-packages/airflow/example_dags/example_kubernetes_executor.py
[2024-06-10 10:33:50,414] {scheduler_job.py:629} INFO - Processing file /home/anhcu/Project/Stock_project/airflow_venv/lib/python3.8/site-packages/airflow/example_dags/example_kubernetes_executor.py for tasks to queue
[2024-06-10 10:33:50,415] {logging_mixin.py:103} INFO - [2024-06-10 10:33:50,415] {dagbag.py:440} INFO - Filling up the DagBag from /home/anhcu/Project/Stock_project/airflow_venv/lib/python3.8/site-packages/airflow/example_dags/example_kubernetes_executor.py
[2024-06-10 10:33:50,426] {scheduler_job.py:639} INFO - DAG(s) dict_keys(['example_kubernetes_executor']) retrieved from /home/anhcu/Project/Stock_project/airflow_venv/lib/python3.8/site-packages/airflow/example_dags/example_kubernetes_executor.py
[2024-06-10 10:33:50,427] {logging_mixin.py:103} INFO - [2024-06-10 10:33:50,427] {dag.py:1813} INFO - Sync 1 DAGs
[2024-06-10 10:33:50,442] {logging_mixin.py:103} INFO - [2024-06-10 10:33:50,442] {dag.py:2266} INFO - Setting next_dagrun for example_kubernetes_executor to None
[2024-06-10 10:33:50,454] {scheduler_job.py:189} INFO - Processing /home/anhcu/Project/Stock_project/airflow_venv/lib/python3.8/site-packages/airflow/example_dags/example_kubernetes_executor.py took 0.046 seconds
[2024-06-10 10:34:18,681] {scheduler_job.py:181} INFO - Started process (PID=78480) to work on /home/anhcu/Project/Stock_project/airflow_venv/lib/python3.8/site-packages/airflow/example_dags/example_kubernetes_executor.py
[2024-06-10 10:34:18,684] {scheduler_job.py:629} INFO - Processing file /home/anhcu/Project/Stock_project/airflow_venv/lib/python3.8/site-packages/airflow/example_dags/example_kubernetes_executor.py for tasks to queue
[2024-06-10 10:34:18,685] {logging_mixin.py:103} INFO - [2024-06-10 10:34:18,685] {dagbag.py:440} INFO - Filling up the DagBag from /home/anhcu/Project/Stock_project/airflow_venv/lib/python3.8/site-packages/airflow/example_dags/example_kubernetes_executor.py
[2024-06-10 10:34:18,701] {scheduler_job.py:639} INFO - DAG(s) dict_keys(['example_kubernetes_executor']) retrieved from /home/anhcu/Project/Stock_project/airflow_venv/lib/python3.8/site-packages/airflow/example_dags/example_kubernetes_executor.py
[2024-06-10 10:34:18,703] {logging_mixin.py:103} INFO - [2024-06-10 10:34:18,702] {dag.py:1813} INFO - Sync 1 DAGs
[2024-06-10 10:34:18,739] {logging_mixin.py:103} INFO - [2024-06-10 10:34:18,739] {dag.py:2266} INFO - Setting next_dagrun for example_kubernetes_executor to None
[2024-06-10 10:34:18,764] {scheduler_job.py:189} INFO - Processing /home/anhcu/Project/Stock_project/airflow_venv/lib/python3.8/site-packages/airflow/example_dags/example_kubernetes_executor.py took 0.086 seconds
[2024-06-10 10:34:46,566] {scheduler_job.py:181} INFO - Started process (PID=78672) to work on /home/anhcu/Project/Stock_project/airflow_venv/lib/python3.8/site-packages/airflow/example_dags/example_kubernetes_executor.py
[2024-06-10 10:34:46,569] {scheduler_job.py:629} INFO - Processing file /home/anhcu/Project/Stock_project/airflow_venv/lib/python3.8/site-packages/airflow/example_dags/example_kubernetes_executor.py for tasks to queue
[2024-06-10 10:34:46,569] {logging_mixin.py:103} INFO - [2024-06-10 10:34:46,569] {dagbag.py:440} INFO - Filling up the DagBag from /home/anhcu/Project/Stock_project/airflow_venv/lib/python3.8/site-packages/airflow/example_dags/example_kubernetes_executor.py
[2024-06-10 10:34:46,581] {scheduler_job.py:639} INFO - DAG(s) dict_keys(['example_kubernetes_executor']) retrieved from /home/anhcu/Project/Stock_project/airflow_venv/lib/python3.8/site-packages/airflow/example_dags/example_kubernetes_executor.py
[2024-06-10 10:34:46,582] {logging_mixin.py:103} INFO - [2024-06-10 10:34:46,582] {dag.py:1813} INFO - Sync 1 DAGs
[2024-06-10 10:34:46,598] {logging_mixin.py:103} INFO - [2024-06-10 10:34:46,598] {dag.py:2266} INFO - Setting next_dagrun for example_kubernetes_executor to None
[2024-06-10 10:34:46,610] {scheduler_job.py:189} INFO - Processing /home/anhcu/Project/Stock_project/airflow_venv/lib/python3.8/site-packages/airflow/example_dags/example_kubernetes_executor.py took 0.048 seconds
[2024-06-10 10:35:41,190] {scheduler_job.py:181} INFO - Started process (PID=79378) to work on /home/anhcu/Project/Stock_project/airflow_venv/lib/python3.8/site-packages/airflow/example_dags/example_kubernetes_executor.py
[2024-06-10 10:35:41,193] {scheduler_job.py:629} INFO - Processing file /home/anhcu/Project/Stock_project/airflow_venv/lib/python3.8/site-packages/airflow/example_dags/example_kubernetes_executor.py for tasks to queue
[2024-06-10 10:35:41,194] {logging_mixin.py:103} INFO - [2024-06-10 10:35:41,194] {dagbag.py:440} INFO - Filling up the DagBag from /home/anhcu/Project/Stock_project/airflow_venv/lib/python3.8/site-packages/airflow/example_dags/example_kubernetes_executor.py
[2024-06-10 10:35:41,205] {scheduler_job.py:639} INFO - DAG(s) dict_keys(['example_kubernetes_executor']) retrieved from /home/anhcu/Project/Stock_project/airflow_venv/lib/python3.8/site-packages/airflow/example_dags/example_kubernetes_executor.py
[2024-06-10 10:35:41,206] {logging_mixin.py:103} INFO - [2024-06-10 10:35:41,205] {dag.py:1813} INFO - Sync 1 DAGs
[2024-06-10 10:35:41,220] {logging_mixin.py:103} INFO - [2024-06-10 10:35:41,220] {dag.py:2266} INFO - Setting next_dagrun for example_kubernetes_executor to None
[2024-06-10 10:35:41,234] {scheduler_job.py:189} INFO - Processing /home/anhcu/Project/Stock_project/airflow_venv/lib/python3.8/site-packages/airflow/example_dags/example_kubernetes_executor.py took 0.047 seconds
[2024-06-10 10:36:11,993] {scheduler_job.py:181} INFO - Started process (PID=79651) to work on /home/anhcu/Project/Stock_project/airflow_venv/lib/python3.8/site-packages/airflow/example_dags/example_kubernetes_executor.py
[2024-06-10 10:36:11,995] {scheduler_job.py:629} INFO - Processing file /home/anhcu/Project/Stock_project/airflow_venv/lib/python3.8/site-packages/airflow/example_dags/example_kubernetes_executor.py for tasks to queue
[2024-06-10 10:36:11,996] {logging_mixin.py:103} INFO - [2024-06-10 10:36:11,996] {dagbag.py:440} INFO - Filling up the DagBag from /home/anhcu/Project/Stock_project/airflow_venv/lib/python3.8/site-packages/airflow/example_dags/example_kubernetes_executor.py
[2024-06-10 10:36:12,006] {scheduler_job.py:639} INFO - DAG(s) dict_keys(['example_kubernetes_executor']) retrieved from /home/anhcu/Project/Stock_project/airflow_venv/lib/python3.8/site-packages/airflow/example_dags/example_kubernetes_executor.py
[2024-06-10 10:36:12,007] {logging_mixin.py:103} INFO - [2024-06-10 10:36:12,007] {dag.py:1813} INFO - Sync 1 DAGs
[2024-06-10 10:36:12,022] {logging_mixin.py:103} INFO - [2024-06-10 10:36:12,022] {dag.py:2266} INFO - Setting next_dagrun for example_kubernetes_executor to None
[2024-06-10 10:36:12,034] {scheduler_job.py:189} INFO - Processing /home/anhcu/Project/Stock_project/airflow_venv/lib/python3.8/site-packages/airflow/example_dags/example_kubernetes_executor.py took 0.044 seconds
