[2024-06-10 09:58:26,418] {scheduler_job.py:181} INFO - Started process (PID=62751) to work on /home/anhcu/Project/Stock_project/airflow_venv/lib/python3.8/site-packages/airflow/example_dags/example_branch_operator.py
[2024-06-10 09:58:26,420] {scheduler_job.py:629} INFO - Processing file /home/anhcu/Project/Stock_project/airflow_venv/lib/python3.8/site-packages/airflow/example_dags/example_branch_operator.py for tasks to queue
[2024-06-10 09:58:26,421] {logging_mixin.py:103} INFO - [2024-06-10 09:58:26,421] {dagbag.py:440} INFO - Filling up the DagBag from /home/anhcu/Project/Stock_project/airflow_venv/lib/python3.8/site-packages/airflow/example_dags/example_branch_operator.py
[2024-06-10 09:58:26,441] {scheduler_job.py:639} INFO - DAG(s) dict_keys(['example_branch_operator']) retrieved from /home/anhcu/Project/Stock_project/airflow_venv/lib/python3.8/site-packages/airflow/example_dags/example_branch_operator.py
[2024-06-10 09:58:26,443] {logging_mixin.py:103} INFO - [2024-06-10 09:58:26,442] {dag.py:1813} INFO - Sync 1 DAGs
[2024-06-10 09:58:26,475] {logging_mixin.py:103} INFO - [2024-06-10 09:58:26,475] {dag.py:2266} INFO - Setting next_dagrun for example_branch_operator to 2024-06-08 00:00:00+00:00
[2024-06-10 09:58:26,682] {scheduler_job.py:189} INFO - Processing /home/anhcu/Project/Stock_project/airflow_venv/lib/python3.8/site-packages/airflow/example_dags/example_branch_operator.py took 0.269 seconds
[2024-06-10 09:59:24,971] {scheduler_job.py:181} INFO - Started process (PID=63000) to work on /home/anhcu/Project/Stock_project/airflow_venv/lib/python3.8/site-packages/airflow/example_dags/example_branch_operator.py
[2024-06-10 09:59:24,983] {scheduler_job.py:629} INFO - Processing file /home/anhcu/Project/Stock_project/airflow_venv/lib/python3.8/site-packages/airflow/example_dags/example_branch_operator.py for tasks to queue
[2024-06-10 09:59:24,985] {logging_mixin.py:103} INFO - [2024-06-10 09:59:24,985] {dagbag.py:440} INFO - Filling up the DagBag from /home/anhcu/Project/Stock_project/airflow_venv/lib/python3.8/site-packages/airflow/example_dags/example_branch_operator.py
[2024-06-10 09:59:25,460] {scheduler_job.py:639} INFO - DAG(s) dict_keys(['example_branch_operator']) retrieved from /home/anhcu/Project/Stock_project/airflow_venv/lib/python3.8/site-packages/airflow/example_dags/example_branch_operator.py
[2024-06-10 09:59:25,467] {logging_mixin.py:103} INFO - [2024-06-10 09:59:25,467] {dag.py:1813} INFO - Sync 1 DAGs
[2024-06-10 09:59:25,654] {logging_mixin.py:103} INFO - [2024-06-10 09:59:25,653] {dag.py:2266} INFO - Setting next_dagrun for example_branch_operator to 2024-06-08 00:00:00+00:00
[2024-06-10 09:59:25,689] {scheduler_job.py:189} INFO - Processing /home/anhcu/Project/Stock_project/airflow_venv/lib/python3.8/site-packages/airflow/example_dags/example_branch_operator.py took 0.733 seconds
[2024-06-10 10:00:13,698] {scheduler_job.py:181} INFO - Started process (PID=63342) to work on /home/anhcu/Project/Stock_project/airflow_venv/lib/python3.8/site-packages/airflow/example_dags/example_branch_operator.py
[2024-06-10 10:00:13,701] {scheduler_job.py:629} INFO - Processing file /home/anhcu/Project/Stock_project/airflow_venv/lib/python3.8/site-packages/airflow/example_dags/example_branch_operator.py for tasks to queue
[2024-06-10 10:00:13,703] {logging_mixin.py:103} INFO - [2024-06-10 10:00:13,703] {dagbag.py:440} INFO - Filling up the DagBag from /home/anhcu/Project/Stock_project/airflow_venv/lib/python3.8/site-packages/airflow/example_dags/example_branch_operator.py
[2024-06-10 10:00:14,121] {scheduler_job.py:639} INFO - DAG(s) dict_keys(['example_branch_operator']) retrieved from /home/anhcu/Project/Stock_project/airflow_venv/lib/python3.8/site-packages/airflow/example_dags/example_branch_operator.py
[2024-06-10 10:00:14,123] {logging_mixin.py:103} INFO - [2024-06-10 10:00:14,123] {dag.py:1813} INFO - Sync 1 DAGs
[2024-06-10 10:00:14,156] {logging_mixin.py:103} INFO - [2024-06-10 10:00:14,156] {dag.py:2266} INFO - Setting next_dagrun for example_branch_operator to 2024-06-08 00:00:00+00:00
[2024-06-10 10:00:14,175] {scheduler_job.py:189} INFO - Processing /home/anhcu/Project/Stock_project/airflow_venv/lib/python3.8/site-packages/airflow/example_dags/example_branch_operator.py took 0.490 seconds
[2024-06-10 10:00:59,709] {scheduler_job.py:181} INFO - Started process (PID=63654) to work on /home/anhcu/Project/Stock_project/airflow_venv/lib/python3.8/site-packages/airflow/example_dags/example_branch_operator.py
[2024-06-10 10:00:59,714] {scheduler_job.py:629} INFO - Processing file /home/anhcu/Project/Stock_project/airflow_venv/lib/python3.8/site-packages/airflow/example_dags/example_branch_operator.py for tasks to queue
[2024-06-10 10:00:59,718] {logging_mixin.py:103} INFO - [2024-06-10 10:00:59,715] {dagbag.py:440} INFO - Filling up the DagBag from /home/anhcu/Project/Stock_project/airflow_venv/lib/python3.8/site-packages/airflow/example_dags/example_branch_operator.py
[2024-06-10 10:00:59,889] {scheduler_job.py:639} INFO - DAG(s) dict_keys(['example_branch_operator']) retrieved from /home/anhcu/Project/Stock_project/airflow_venv/lib/python3.8/site-packages/airflow/example_dags/example_branch_operator.py
[2024-06-10 10:00:59,895] {logging_mixin.py:103} INFO - [2024-06-10 10:00:59,895] {dag.py:1813} INFO - Sync 1 DAGs
[2024-06-10 10:00:59,957] {logging_mixin.py:103} INFO - [2024-06-10 10:00:59,957] {dag.py:2266} INFO - Setting next_dagrun for example_branch_operator to 2024-06-08 00:00:00+00:00
[2024-06-10 10:01:00,120] {scheduler_job.py:189} INFO - Processing /home/anhcu/Project/Stock_project/airflow_venv/lib/python3.8/site-packages/airflow/example_dags/example_branch_operator.py took 0.436 seconds
[2024-06-10 10:01:45,180] {scheduler_job.py:181} INFO - Started process (PID=63909) to work on /home/anhcu/Project/Stock_project/airflow_venv/lib/python3.8/site-packages/airflow/example_dags/example_branch_operator.py
[2024-06-10 10:01:45,182] {scheduler_job.py:629} INFO - Processing file /home/anhcu/Project/Stock_project/airflow_venv/lib/python3.8/site-packages/airflow/example_dags/example_branch_operator.py for tasks to queue
[2024-06-10 10:01:45,186] {logging_mixin.py:103} INFO - [2024-06-10 10:01:45,186] {dagbag.py:440} INFO - Filling up the DagBag from /home/anhcu/Project/Stock_project/airflow_venv/lib/python3.8/site-packages/airflow/example_dags/example_branch_operator.py
[2024-06-10 10:01:45,226] {scheduler_job.py:639} INFO - DAG(s) dict_keys(['example_branch_operator']) retrieved from /home/anhcu/Project/Stock_project/airflow_venv/lib/python3.8/site-packages/airflow/example_dags/example_branch_operator.py
[2024-06-10 10:01:45,228] {logging_mixin.py:103} INFO - [2024-06-10 10:01:45,228] {dag.py:1813} INFO - Sync 1 DAGs
[2024-06-10 10:01:45,394] {logging_mixin.py:103} INFO - [2024-06-10 10:01:45,393] {dag.py:2266} INFO - Setting next_dagrun for example_branch_operator to 2024-06-08 00:00:00+00:00
[2024-06-10 10:01:45,413] {scheduler_job.py:189} INFO - Processing /home/anhcu/Project/Stock_project/airflow_venv/lib/python3.8/site-packages/airflow/example_dags/example_branch_operator.py took 0.246 seconds
[2024-06-10 10:07:19,924] {scheduler_job.py:181} INFO - Started process (PID=67067) to work on /home/anhcu/Project/Stock_project/airflow_venv/lib/python3.8/site-packages/airflow/example_dags/example_branch_operator.py
[2024-06-10 10:07:19,927] {scheduler_job.py:629} INFO - Processing file /home/anhcu/Project/Stock_project/airflow_venv/lib/python3.8/site-packages/airflow/example_dags/example_branch_operator.py for tasks to queue
[2024-06-10 10:07:19,928] {logging_mixin.py:103} INFO - [2024-06-10 10:07:19,928] {dagbag.py:440} INFO - Filling up the DagBag from /home/anhcu/Project/Stock_project/airflow_venv/lib/python3.8/site-packages/airflow/example_dags/example_branch_operator.py
[2024-06-10 10:07:19,937] {scheduler_job.py:639} INFO - DAG(s) dict_keys(['example_branch_operator']) retrieved from /home/anhcu/Project/Stock_project/airflow_venv/lib/python3.8/site-packages/airflow/example_dags/example_branch_operator.py
[2024-06-10 10:07:19,938] {logging_mixin.py:103} INFO - [2024-06-10 10:07:19,938] {dag.py:1813} INFO - Sync 1 DAGs
[2024-06-10 10:07:19,957] {logging_mixin.py:103} INFO - [2024-06-10 10:07:19,957] {dag.py:2266} INFO - Setting next_dagrun for example_branch_operator to 2024-06-08 00:00:00+00:00
[2024-06-10 10:07:19,975] {scheduler_job.py:189} INFO - Processing /home/anhcu/Project/Stock_project/airflow_venv/lib/python3.8/site-packages/airflow/example_dags/example_branch_operator.py took 0.054 seconds
[2024-06-10 10:07:47,599] {scheduler_job.py:181} INFO - Started process (PID=67237) to work on /home/anhcu/Project/Stock_project/airflow_venv/lib/python3.8/site-packages/airflow/example_dags/example_branch_operator.py
[2024-06-10 10:07:47,600] {scheduler_job.py:629} INFO - Processing file /home/anhcu/Project/Stock_project/airflow_venv/lib/python3.8/site-packages/airflow/example_dags/example_branch_operator.py for tasks to queue
[2024-06-10 10:07:47,601] {logging_mixin.py:103} INFO - [2024-06-10 10:07:47,601] {dagbag.py:440} INFO - Filling up the DagBag from /home/anhcu/Project/Stock_project/airflow_venv/lib/python3.8/site-packages/airflow/example_dags/example_branch_operator.py
[2024-06-10 10:07:47,611] {scheduler_job.py:639} INFO - DAG(s) dict_keys(['example_branch_operator']) retrieved from /home/anhcu/Project/Stock_project/airflow_venv/lib/python3.8/site-packages/airflow/example_dags/example_branch_operator.py
[2024-06-10 10:07:47,612] {logging_mixin.py:103} INFO - [2024-06-10 10:07:47,612] {dag.py:1813} INFO - Sync 1 DAGs
[2024-06-10 10:07:47,636] {logging_mixin.py:103} INFO - [2024-06-10 10:07:47,636] {dag.py:2266} INFO - Setting next_dagrun for example_branch_operator to 2024-06-08 00:00:00+00:00
[2024-06-10 10:07:47,649] {scheduler_job.py:189} INFO - Processing /home/anhcu/Project/Stock_project/airflow_venv/lib/python3.8/site-packages/airflow/example_dags/example_branch_operator.py took 0.055 seconds
[2024-06-10 10:08:18,492] {scheduler_job.py:181} INFO - Started process (PID=67455) to work on /home/anhcu/Project/Stock_project/airflow_venv/lib/python3.8/site-packages/airflow/example_dags/example_branch_operator.py
[2024-06-10 10:08:18,494] {scheduler_job.py:629} INFO - Processing file /home/anhcu/Project/Stock_project/airflow_venv/lib/python3.8/site-packages/airflow/example_dags/example_branch_operator.py for tasks to queue
[2024-06-10 10:08:18,495] {logging_mixin.py:103} INFO - [2024-06-10 10:08:18,495] {dagbag.py:440} INFO - Filling up the DagBag from /home/anhcu/Project/Stock_project/airflow_venv/lib/python3.8/site-packages/airflow/example_dags/example_branch_operator.py
[2024-06-10 10:08:18,504] {scheduler_job.py:639} INFO - DAG(s) dict_keys(['example_branch_operator']) retrieved from /home/anhcu/Project/Stock_project/airflow_venv/lib/python3.8/site-packages/airflow/example_dags/example_branch_operator.py
[2024-06-10 10:08:18,505] {logging_mixin.py:103} INFO - [2024-06-10 10:08:18,505] {dag.py:1813} INFO - Sync 1 DAGs
[2024-06-10 10:08:18,527] {logging_mixin.py:103} INFO - [2024-06-10 10:08:18,527] {dag.py:2266} INFO - Setting next_dagrun for example_branch_operator to 2024-06-08 00:00:00+00:00
[2024-06-10 10:08:18,540] {scheduler_job.py:189} INFO - Processing /home/anhcu/Project/Stock_project/airflow_venv/lib/python3.8/site-packages/airflow/example_dags/example_branch_operator.py took 0.052 seconds
[2024-06-10 10:08:44,855] {scheduler_job.py:181} INFO - Started process (PID=67680) to work on /home/anhcu/Project/Stock_project/airflow_venv/lib/python3.8/site-packages/airflow/example_dags/example_branch_operator.py
[2024-06-10 10:08:44,857] {scheduler_job.py:629} INFO - Processing file /home/anhcu/Project/Stock_project/airflow_venv/lib/python3.8/site-packages/airflow/example_dags/example_branch_operator.py for tasks to queue
[2024-06-10 10:08:44,857] {logging_mixin.py:103} INFO - [2024-06-10 10:08:44,857] {dagbag.py:440} INFO - Filling up the DagBag from /home/anhcu/Project/Stock_project/airflow_venv/lib/python3.8/site-packages/airflow/example_dags/example_branch_operator.py
[2024-06-10 10:08:44,867] {scheduler_job.py:639} INFO - DAG(s) dict_keys(['example_branch_operator']) retrieved from /home/anhcu/Project/Stock_project/airflow_venv/lib/python3.8/site-packages/airflow/example_dags/example_branch_operator.py
[2024-06-10 10:08:44,868] {logging_mixin.py:103} INFO - [2024-06-10 10:08:44,867] {dag.py:1813} INFO - Sync 1 DAGs
[2024-06-10 10:08:44,887] {logging_mixin.py:103} INFO - [2024-06-10 10:08:44,887] {dag.py:2266} INFO - Setting next_dagrun for example_branch_operator to 2024-06-08 00:00:00+00:00
[2024-06-10 10:08:44,900] {scheduler_job.py:189} INFO - Processing /home/anhcu/Project/Stock_project/airflow_venv/lib/python3.8/site-packages/airflow/example_dags/example_branch_operator.py took 0.049 seconds
[2024-06-10 10:09:12,589] {scheduler_job.py:181} INFO - Started process (PID=67870) to work on /home/anhcu/Project/Stock_project/airflow_venv/lib/python3.8/site-packages/airflow/example_dags/example_branch_operator.py
[2024-06-10 10:09:12,591] {scheduler_job.py:629} INFO - Processing file /home/anhcu/Project/Stock_project/airflow_venv/lib/python3.8/site-packages/airflow/example_dags/example_branch_operator.py for tasks to queue
[2024-06-10 10:09:12,592] {logging_mixin.py:103} INFO - [2024-06-10 10:09:12,592] {dagbag.py:440} INFO - Filling up the DagBag from /home/anhcu/Project/Stock_project/airflow_venv/lib/python3.8/site-packages/airflow/example_dags/example_branch_operator.py
[2024-06-10 10:09:12,601] {scheduler_job.py:639} INFO - DAG(s) dict_keys(['example_branch_operator']) retrieved from /home/anhcu/Project/Stock_project/airflow_venv/lib/python3.8/site-packages/airflow/example_dags/example_branch_operator.py
[2024-06-10 10:09:12,602] {logging_mixin.py:103} INFO - [2024-06-10 10:09:12,602] {dag.py:1813} INFO - Sync 1 DAGs
[2024-06-10 10:09:12,623] {logging_mixin.py:103} INFO - [2024-06-10 10:09:12,623] {dag.py:2266} INFO - Setting next_dagrun for example_branch_operator to 2024-06-08 00:00:00+00:00
[2024-06-10 10:09:12,636] {scheduler_job.py:189} INFO - Processing /home/anhcu/Project/Stock_project/airflow_venv/lib/python3.8/site-packages/airflow/example_dags/example_branch_operator.py took 0.052 seconds
[2024-06-10 10:09:39,461] {scheduler_job.py:181} INFO - Started process (PID=68064) to work on /home/anhcu/Project/Stock_project/airflow_venv/lib/python3.8/site-packages/airflow/example_dags/example_branch_operator.py
[2024-06-10 10:09:39,462] {scheduler_job.py:629} INFO - Processing file /home/anhcu/Project/Stock_project/airflow_venv/lib/python3.8/site-packages/airflow/example_dags/example_branch_operator.py for tasks to queue
[2024-06-10 10:09:39,463] {logging_mixin.py:103} INFO - [2024-06-10 10:09:39,463] {dagbag.py:440} INFO - Filling up the DagBag from /home/anhcu/Project/Stock_project/airflow_venv/lib/python3.8/site-packages/airflow/example_dags/example_branch_operator.py
[2024-06-10 10:09:39,472] {scheduler_job.py:639} INFO - DAG(s) dict_keys(['example_branch_operator']) retrieved from /home/anhcu/Project/Stock_project/airflow_venv/lib/python3.8/site-packages/airflow/example_dags/example_branch_operator.py
[2024-06-10 10:09:39,473] {logging_mixin.py:103} INFO - [2024-06-10 10:09:39,473] {dag.py:1813} INFO - Sync 1 DAGs
[2024-06-10 10:09:39,508] {logging_mixin.py:103} INFO - [2024-06-10 10:09:39,508] {dag.py:2266} INFO - Setting next_dagrun for example_branch_operator to 2024-06-08 00:00:00+00:00
[2024-06-10 10:09:39,522] {scheduler_job.py:189} INFO - Processing /home/anhcu/Project/Stock_project/airflow_venv/lib/python3.8/site-packages/airflow/example_dags/example_branch_operator.py took 0.065 seconds
[2024-06-10 10:10:07,834] {scheduler_job.py:181} INFO - Started process (PID=68186) to work on /home/anhcu/Project/Stock_project/airflow_venv/lib/python3.8/site-packages/airflow/example_dags/example_branch_operator.py
[2024-06-10 10:10:07,839] {scheduler_job.py:629} INFO - Processing file /home/anhcu/Project/Stock_project/airflow_venv/lib/python3.8/site-packages/airflow/example_dags/example_branch_operator.py for tasks to queue
[2024-06-10 10:10:07,840] {logging_mixin.py:103} INFO - [2024-06-10 10:10:07,840] {dagbag.py:440} INFO - Filling up the DagBag from /home/anhcu/Project/Stock_project/airflow_venv/lib/python3.8/site-packages/airflow/example_dags/example_branch_operator.py
[2024-06-10 10:10:07,855] {scheduler_job.py:639} INFO - DAG(s) dict_keys(['example_branch_operator']) retrieved from /home/anhcu/Project/Stock_project/airflow_venv/lib/python3.8/site-packages/airflow/example_dags/example_branch_operator.py
[2024-06-10 10:10:07,857] {logging_mixin.py:103} INFO - [2024-06-10 10:10:07,856] {dag.py:1813} INFO - Sync 1 DAGs
[2024-06-10 10:10:07,886] {logging_mixin.py:103} INFO - [2024-06-10 10:10:07,886] {dag.py:2266} INFO - Setting next_dagrun for example_branch_operator to 2024-06-08 00:00:00+00:00
[2024-06-10 10:10:07,904] {scheduler_job.py:189} INFO - Processing /home/anhcu/Project/Stock_project/airflow_venv/lib/python3.8/site-packages/airflow/example_dags/example_branch_operator.py took 0.078 seconds
[2024-06-10 10:10:35,589] {scheduler_job.py:181} INFO - Started process (PID=68348) to work on /home/anhcu/Project/Stock_project/airflow_venv/lib/python3.8/site-packages/airflow/example_dags/example_branch_operator.py
[2024-06-10 10:10:35,591] {scheduler_job.py:629} INFO - Processing file /home/anhcu/Project/Stock_project/airflow_venv/lib/python3.8/site-packages/airflow/example_dags/example_branch_operator.py for tasks to queue
[2024-06-10 10:10:35,592] {logging_mixin.py:103} INFO - [2024-06-10 10:10:35,592] {dagbag.py:440} INFO - Filling up the DagBag from /home/anhcu/Project/Stock_project/airflow_venv/lib/python3.8/site-packages/airflow/example_dags/example_branch_operator.py
[2024-06-10 10:10:35,601] {scheduler_job.py:639} INFO - DAG(s) dict_keys(['example_branch_operator']) retrieved from /home/anhcu/Project/Stock_project/airflow_venv/lib/python3.8/site-packages/airflow/example_dags/example_branch_operator.py
[2024-06-10 10:10:35,602] {logging_mixin.py:103} INFO - [2024-06-10 10:10:35,602] {dag.py:1813} INFO - Sync 1 DAGs
[2024-06-10 10:10:35,622] {logging_mixin.py:103} INFO - [2024-06-10 10:10:35,621] {dag.py:2266} INFO - Setting next_dagrun for example_branch_operator to 2024-06-08 00:00:00+00:00
[2024-06-10 10:10:35,635] {scheduler_job.py:189} INFO - Processing /home/anhcu/Project/Stock_project/airflow_venv/lib/python3.8/site-packages/airflow/example_dags/example_branch_operator.py took 0.051 seconds
[2024-06-10 10:11:03,985] {scheduler_job.py:181} INFO - Started process (PID=68542) to work on /home/anhcu/Project/Stock_project/airflow_venv/lib/python3.8/site-packages/airflow/example_dags/example_branch_operator.py
[2024-06-10 10:11:03,987] {scheduler_job.py:629} INFO - Processing file /home/anhcu/Project/Stock_project/airflow_venv/lib/python3.8/site-packages/airflow/example_dags/example_branch_operator.py for tasks to queue
[2024-06-10 10:11:03,988] {logging_mixin.py:103} INFO - [2024-06-10 10:11:03,988] {dagbag.py:440} INFO - Filling up the DagBag from /home/anhcu/Project/Stock_project/airflow_venv/lib/python3.8/site-packages/airflow/example_dags/example_branch_operator.py
[2024-06-10 10:11:04,000] {scheduler_job.py:639} INFO - DAG(s) dict_keys(['example_branch_operator']) retrieved from /home/anhcu/Project/Stock_project/airflow_venv/lib/python3.8/site-packages/airflow/example_dags/example_branch_operator.py
[2024-06-10 10:11:04,002] {logging_mixin.py:103} INFO - [2024-06-10 10:11:04,002] {dag.py:1813} INFO - Sync 1 DAGs
[2024-06-10 10:11:04,031] {logging_mixin.py:103} INFO - [2024-06-10 10:11:04,030] {dag.py:2266} INFO - Setting next_dagrun for example_branch_operator to 2024-06-08 00:00:00+00:00
[2024-06-10 10:11:04,056] {scheduler_job.py:189} INFO - Processing /home/anhcu/Project/Stock_project/airflow_venv/lib/python3.8/site-packages/airflow/example_dags/example_branch_operator.py took 0.075 seconds
[2024-06-10 10:12:11,227] {scheduler_job.py:181} INFO - Started process (PID=68943) to work on /home/anhcu/Project/Stock_project/airflow_venv/lib/python3.8/site-packages/airflow/example_dags/example_branch_operator.py
[2024-06-10 10:12:11,229] {scheduler_job.py:629} INFO - Processing file /home/anhcu/Project/Stock_project/airflow_venv/lib/python3.8/site-packages/airflow/example_dags/example_branch_operator.py for tasks to queue
[2024-06-10 10:12:11,230] {logging_mixin.py:103} INFO - [2024-06-10 10:12:11,230] {dagbag.py:440} INFO - Filling up the DagBag from /home/anhcu/Project/Stock_project/airflow_venv/lib/python3.8/site-packages/airflow/example_dags/example_branch_operator.py
[2024-06-10 10:12:11,247] {scheduler_job.py:639} INFO - DAG(s) dict_keys(['example_branch_operator']) retrieved from /home/anhcu/Project/Stock_project/airflow_venv/lib/python3.8/site-packages/airflow/example_dags/example_branch_operator.py
[2024-06-10 10:12:11,249] {logging_mixin.py:103} INFO - [2024-06-10 10:12:11,249] {dag.py:1813} INFO - Sync 1 DAGs
[2024-06-10 10:12:11,278] {logging_mixin.py:103} INFO - [2024-06-10 10:12:11,278] {dag.py:2266} INFO - Setting next_dagrun for example_branch_operator to 2024-06-08 00:00:00+00:00
[2024-06-10 10:12:11,314] {scheduler_job.py:189} INFO - Processing /home/anhcu/Project/Stock_project/airflow_venv/lib/python3.8/site-packages/airflow/example_dags/example_branch_operator.py took 0.091 seconds
[2024-06-10 10:12:42,638] {scheduler_job.py:181} INFO - Started process (PID=69144) to work on /home/anhcu/Project/Stock_project/airflow_venv/lib/python3.8/site-packages/airflow/example_dags/example_branch_operator.py
[2024-06-10 10:12:42,639] {scheduler_job.py:629} INFO - Processing file /home/anhcu/Project/Stock_project/airflow_venv/lib/python3.8/site-packages/airflow/example_dags/example_branch_operator.py for tasks to queue
[2024-06-10 10:12:42,640] {logging_mixin.py:103} INFO - [2024-06-10 10:12:42,640] {dagbag.py:440} INFO - Filling up the DagBag from /home/anhcu/Project/Stock_project/airflow_venv/lib/python3.8/site-packages/airflow/example_dags/example_branch_operator.py
[2024-06-10 10:12:42,652] {scheduler_job.py:639} INFO - DAG(s) dict_keys(['example_branch_operator']) retrieved from /home/anhcu/Project/Stock_project/airflow_venv/lib/python3.8/site-packages/airflow/example_dags/example_branch_operator.py
[2024-06-10 10:12:42,653] {logging_mixin.py:103} INFO - [2024-06-10 10:12:42,653] {dag.py:1813} INFO - Sync 1 DAGs
[2024-06-10 10:12:42,674] {logging_mixin.py:103} INFO - [2024-06-10 10:12:42,674] {dag.py:2266} INFO - Setting next_dagrun for example_branch_operator to 2024-06-08 00:00:00+00:00
[2024-06-10 10:12:42,688] {scheduler_job.py:189} INFO - Processing /home/anhcu/Project/Stock_project/airflow_venv/lib/python3.8/site-packages/airflow/example_dags/example_branch_operator.py took 0.053 seconds
[2024-06-10 10:13:11,977] {scheduler_job.py:181} INFO - Started process (PID=69298) to work on /home/anhcu/Project/Stock_project/airflow_venv/lib/python3.8/site-packages/airflow/example_dags/example_branch_operator.py
[2024-06-10 10:13:11,979] {scheduler_job.py:629} INFO - Processing file /home/anhcu/Project/Stock_project/airflow_venv/lib/python3.8/site-packages/airflow/example_dags/example_branch_operator.py for tasks to queue
[2024-06-10 10:13:11,980] {logging_mixin.py:103} INFO - [2024-06-10 10:13:11,980] {dagbag.py:440} INFO - Filling up the DagBag from /home/anhcu/Project/Stock_project/airflow_venv/lib/python3.8/site-packages/airflow/example_dags/example_branch_operator.py
[2024-06-10 10:13:11,993] {scheduler_job.py:639} INFO - DAG(s) dict_keys(['example_branch_operator']) retrieved from /home/anhcu/Project/Stock_project/airflow_venv/lib/python3.8/site-packages/airflow/example_dags/example_branch_operator.py
[2024-06-10 10:13:11,993] {logging_mixin.py:103} INFO - [2024-06-10 10:13:11,993] {dag.py:1813} INFO - Sync 1 DAGs
[2024-06-10 10:13:12,016] {logging_mixin.py:103} INFO - [2024-06-10 10:13:12,016] {dag.py:2266} INFO - Setting next_dagrun for example_branch_operator to 2024-06-08 00:00:00+00:00
[2024-06-10 10:13:12,028] {scheduler_job.py:189} INFO - Processing /home/anhcu/Project/Stock_project/airflow_venv/lib/python3.8/site-packages/airflow/example_dags/example_branch_operator.py took 0.054 seconds
[2024-06-10 10:13:41,637] {scheduler_job.py:181} INFO - Started process (PID=69454) to work on /home/anhcu/Project/Stock_project/airflow_venv/lib/python3.8/site-packages/airflow/example_dags/example_branch_operator.py
[2024-06-10 10:13:41,638] {scheduler_job.py:629} INFO - Processing file /home/anhcu/Project/Stock_project/airflow_venv/lib/python3.8/site-packages/airflow/example_dags/example_branch_operator.py for tasks to queue
[2024-06-10 10:13:41,639] {logging_mixin.py:103} INFO - [2024-06-10 10:13:41,639] {dagbag.py:440} INFO - Filling up the DagBag from /home/anhcu/Project/Stock_project/airflow_venv/lib/python3.8/site-packages/airflow/example_dags/example_branch_operator.py
[2024-06-10 10:13:41,652] {scheduler_job.py:639} INFO - DAG(s) dict_keys(['example_branch_operator']) retrieved from /home/anhcu/Project/Stock_project/airflow_venv/lib/python3.8/site-packages/airflow/example_dags/example_branch_operator.py
[2024-06-10 10:13:41,653] {logging_mixin.py:103} INFO - [2024-06-10 10:13:41,652] {dag.py:1813} INFO - Sync 1 DAGs
[2024-06-10 10:13:41,675] {logging_mixin.py:103} INFO - [2024-06-10 10:13:41,675] {dag.py:2266} INFO - Setting next_dagrun for example_branch_operator to 2024-06-08 00:00:00+00:00
[2024-06-10 10:13:41,687] {scheduler_job.py:189} INFO - Processing /home/anhcu/Project/Stock_project/airflow_venv/lib/python3.8/site-packages/airflow/example_dags/example_branch_operator.py took 0.054 seconds
[2024-06-10 10:14:11,151] {scheduler_job.py:181} INFO - Started process (PID=69607) to work on /home/anhcu/Project/Stock_project/airflow_venv/lib/python3.8/site-packages/airflow/example_dags/example_branch_operator.py
[2024-06-10 10:14:11,152] {scheduler_job.py:629} INFO - Processing file /home/anhcu/Project/Stock_project/airflow_venv/lib/python3.8/site-packages/airflow/example_dags/example_branch_operator.py for tasks to queue
[2024-06-10 10:14:11,153] {logging_mixin.py:103} INFO - [2024-06-10 10:14:11,153] {dagbag.py:440} INFO - Filling up the DagBag from /home/anhcu/Project/Stock_project/airflow_venv/lib/python3.8/site-packages/airflow/example_dags/example_branch_operator.py
[2024-06-10 10:14:11,166] {scheduler_job.py:639} INFO - DAG(s) dict_keys(['example_branch_operator']) retrieved from /home/anhcu/Project/Stock_project/airflow_venv/lib/python3.8/site-packages/airflow/example_dags/example_branch_operator.py
[2024-06-10 10:14:11,167] {logging_mixin.py:103} INFO - [2024-06-10 10:14:11,167] {dag.py:1813} INFO - Sync 1 DAGs
[2024-06-10 10:14:11,189] {logging_mixin.py:103} INFO - [2024-06-10 10:14:11,189] {dag.py:2266} INFO - Setting next_dagrun for example_branch_operator to 2024-06-08 00:00:00+00:00
[2024-06-10 10:14:11,201] {scheduler_job.py:189} INFO - Processing /home/anhcu/Project/Stock_project/airflow_venv/lib/python3.8/site-packages/airflow/example_dags/example_branch_operator.py took 0.054 seconds
[2024-06-10 10:14:39,752] {scheduler_job.py:181} INFO - Started process (PID=69767) to work on /home/anhcu/Project/Stock_project/airflow_venv/lib/python3.8/site-packages/airflow/example_dags/example_branch_operator.py
[2024-06-10 10:14:39,754] {scheduler_job.py:629} INFO - Processing file /home/anhcu/Project/Stock_project/airflow_venv/lib/python3.8/site-packages/airflow/example_dags/example_branch_operator.py for tasks to queue
[2024-06-10 10:14:39,755] {logging_mixin.py:103} INFO - [2024-06-10 10:14:39,755] {dagbag.py:440} INFO - Filling up the DagBag from /home/anhcu/Project/Stock_project/airflow_venv/lib/python3.8/site-packages/airflow/example_dags/example_branch_operator.py
[2024-06-10 10:14:39,768] {scheduler_job.py:639} INFO - DAG(s) dict_keys(['example_branch_operator']) retrieved from /home/anhcu/Project/Stock_project/airflow_venv/lib/python3.8/site-packages/airflow/example_dags/example_branch_operator.py
[2024-06-10 10:14:39,769] {logging_mixin.py:103} INFO - [2024-06-10 10:14:39,768] {dag.py:1813} INFO - Sync 1 DAGs
[2024-06-10 10:14:39,792] {logging_mixin.py:103} INFO - [2024-06-10 10:14:39,792] {dag.py:2266} INFO - Setting next_dagrun for example_branch_operator to 2024-06-08 00:00:00+00:00
[2024-06-10 10:14:39,805] {scheduler_job.py:189} INFO - Processing /home/anhcu/Project/Stock_project/airflow_venv/lib/python3.8/site-packages/airflow/example_dags/example_branch_operator.py took 0.056 seconds
[2024-06-10 10:15:15,365] {scheduler_job.py:181} INFO - Started process (PID=69952) to work on /home/anhcu/Project/Stock_project/airflow_venv/lib/python3.8/site-packages/airflow/example_dags/example_branch_operator.py
[2024-06-10 10:15:15,367] {scheduler_job.py:629} INFO - Processing file /home/anhcu/Project/Stock_project/airflow_venv/lib/python3.8/site-packages/airflow/example_dags/example_branch_operator.py for tasks to queue
[2024-06-10 10:15:15,368] {logging_mixin.py:103} INFO - [2024-06-10 10:15:15,368] {dagbag.py:440} INFO - Filling up the DagBag from /home/anhcu/Project/Stock_project/airflow_venv/lib/python3.8/site-packages/airflow/example_dags/example_branch_operator.py
[2024-06-10 10:15:15,380] {scheduler_job.py:639} INFO - DAG(s) dict_keys(['example_branch_operator']) retrieved from /home/anhcu/Project/Stock_project/airflow_venv/lib/python3.8/site-packages/airflow/example_dags/example_branch_operator.py
[2024-06-10 10:15:15,381] {logging_mixin.py:103} INFO - [2024-06-10 10:15:15,381] {dag.py:1813} INFO - Sync 1 DAGs
[2024-06-10 10:15:15,401] {logging_mixin.py:103} INFO - [2024-06-10 10:15:15,401] {dag.py:2266} INFO - Setting next_dagrun for example_branch_operator to 2024-06-08 00:00:00+00:00
[2024-06-10 10:15:15,426] {scheduler_job.py:189} INFO - Processing /home/anhcu/Project/Stock_project/airflow_venv/lib/python3.8/site-packages/airflow/example_dags/example_branch_operator.py took 0.064 seconds
[2024-06-10 10:15:46,704] {scheduler_job.py:181} INFO - Started process (PID=70176) to work on /home/anhcu/Project/Stock_project/airflow_venv/lib/python3.8/site-packages/airflow/example_dags/example_branch_operator.py
[2024-06-10 10:15:46,706] {scheduler_job.py:629} INFO - Processing file /home/anhcu/Project/Stock_project/airflow_venv/lib/python3.8/site-packages/airflow/example_dags/example_branch_operator.py for tasks to queue
[2024-06-10 10:15:46,706] {logging_mixin.py:103} INFO - [2024-06-10 10:15:46,706] {dagbag.py:440} INFO - Filling up the DagBag from /home/anhcu/Project/Stock_project/airflow_venv/lib/python3.8/site-packages/airflow/example_dags/example_branch_operator.py
[2024-06-10 10:15:46,719] {scheduler_job.py:639} INFO - DAG(s) dict_keys(['example_branch_operator']) retrieved from /home/anhcu/Project/Stock_project/airflow_venv/lib/python3.8/site-packages/airflow/example_dags/example_branch_operator.py
[2024-06-10 10:15:46,720] {logging_mixin.py:103} INFO - [2024-06-10 10:15:46,720] {dag.py:1813} INFO - Sync 1 DAGs
[2024-06-10 10:15:46,740] {logging_mixin.py:103} INFO - [2024-06-10 10:15:46,740] {dag.py:2266} INFO - Setting next_dagrun for example_branch_operator to 2024-06-08 00:00:00+00:00
[2024-06-10 10:15:46,754] {scheduler_job.py:189} INFO - Processing /home/anhcu/Project/Stock_project/airflow_venv/lib/python3.8/site-packages/airflow/example_dags/example_branch_operator.py took 0.053 seconds
[2024-06-10 10:16:15,753] {scheduler_job.py:181} INFO - Started process (PID=70372) to work on /home/anhcu/Project/Stock_project/airflow_venv/lib/python3.8/site-packages/airflow/example_dags/example_branch_operator.py
[2024-06-10 10:16:15,755] {scheduler_job.py:629} INFO - Processing file /home/anhcu/Project/Stock_project/airflow_venv/lib/python3.8/site-packages/airflow/example_dags/example_branch_operator.py for tasks to queue
[2024-06-10 10:16:15,756] {logging_mixin.py:103} INFO - [2024-06-10 10:16:15,755] {dagbag.py:440} INFO - Filling up the DagBag from /home/anhcu/Project/Stock_project/airflow_venv/lib/python3.8/site-packages/airflow/example_dags/example_branch_operator.py
[2024-06-10 10:16:15,772] {scheduler_job.py:639} INFO - DAG(s) dict_keys(['example_branch_operator']) retrieved from /home/anhcu/Project/Stock_project/airflow_venv/lib/python3.8/site-packages/airflow/example_dags/example_branch_operator.py
[2024-06-10 10:16:15,773] {logging_mixin.py:103} INFO - [2024-06-10 10:16:15,773] {dag.py:1813} INFO - Sync 1 DAGs
[2024-06-10 10:16:15,802] {logging_mixin.py:103} INFO - [2024-06-10 10:16:15,802] {dag.py:2266} INFO - Setting next_dagrun for example_branch_operator to 2024-06-08 00:00:00+00:00
[2024-06-10 10:16:15,815] {scheduler_job.py:189} INFO - Processing /home/anhcu/Project/Stock_project/airflow_venv/lib/python3.8/site-packages/airflow/example_dags/example_branch_operator.py took 0.066 seconds
[2024-06-10 10:16:45,361] {scheduler_job.py:181} INFO - Started process (PID=70602) to work on /home/anhcu/Project/Stock_project/airflow_venv/lib/python3.8/site-packages/airflow/example_dags/example_branch_operator.py
[2024-06-10 10:16:45,363] {scheduler_job.py:629} INFO - Processing file /home/anhcu/Project/Stock_project/airflow_venv/lib/python3.8/site-packages/airflow/example_dags/example_branch_operator.py for tasks to queue
[2024-06-10 10:16:45,364] {logging_mixin.py:103} INFO - [2024-06-10 10:16:45,364] {dagbag.py:440} INFO - Filling up the DagBag from /home/anhcu/Project/Stock_project/airflow_venv/lib/python3.8/site-packages/airflow/example_dags/example_branch_operator.py
[2024-06-10 10:16:45,376] {scheduler_job.py:639} INFO - DAG(s) dict_keys(['example_branch_operator']) retrieved from /home/anhcu/Project/Stock_project/airflow_venv/lib/python3.8/site-packages/airflow/example_dags/example_branch_operator.py
[2024-06-10 10:16:45,377] {logging_mixin.py:103} INFO - [2024-06-10 10:16:45,377] {dag.py:1813} INFO - Sync 1 DAGs
[2024-06-10 10:16:45,400] {logging_mixin.py:103} INFO - [2024-06-10 10:16:45,400] {dag.py:2266} INFO - Setting next_dagrun for example_branch_operator to 2024-06-08 00:00:00+00:00
[2024-06-10 10:16:45,412] {scheduler_job.py:189} INFO - Processing /home/anhcu/Project/Stock_project/airflow_venv/lib/python3.8/site-packages/airflow/example_dags/example_branch_operator.py took 0.055 seconds
[2024-06-10 10:17:15,477] {scheduler_job.py:181} INFO - Started process (PID=70870) to work on /home/anhcu/Project/Stock_project/airflow_venv/lib/python3.8/site-packages/airflow/example_dags/example_branch_operator.py
[2024-06-10 10:17:15,479] {scheduler_job.py:629} INFO - Processing file /home/anhcu/Project/Stock_project/airflow_venv/lib/python3.8/site-packages/airflow/example_dags/example_branch_operator.py for tasks to queue
[2024-06-10 10:17:15,480] {logging_mixin.py:103} INFO - [2024-06-10 10:17:15,480] {dagbag.py:440} INFO - Filling up the DagBag from /home/anhcu/Project/Stock_project/airflow_venv/lib/python3.8/site-packages/airflow/example_dags/example_branch_operator.py
[2024-06-10 10:17:15,493] {scheduler_job.py:639} INFO - DAG(s) dict_keys(['example_branch_operator']) retrieved from /home/anhcu/Project/Stock_project/airflow_venv/lib/python3.8/site-packages/airflow/example_dags/example_branch_operator.py
[2024-06-10 10:17:15,494] {logging_mixin.py:103} INFO - [2024-06-10 10:17:15,494] {dag.py:1813} INFO - Sync 1 DAGs
[2024-06-10 10:17:15,517] {logging_mixin.py:103} INFO - [2024-06-10 10:17:15,517] {dag.py:2266} INFO - Setting next_dagrun for example_branch_operator to 2024-06-08 00:00:00+00:00
[2024-06-10 10:17:15,529] {scheduler_job.py:189} INFO - Processing /home/anhcu/Project/Stock_project/airflow_venv/lib/python3.8/site-packages/airflow/example_dags/example_branch_operator.py took 0.055 seconds
[2024-06-10 10:17:45,742] {scheduler_job.py:181} INFO - Started process (PID=71026) to work on /home/anhcu/Project/Stock_project/airflow_venv/lib/python3.8/site-packages/airflow/example_dags/example_branch_operator.py
[2024-06-10 10:17:45,744] {scheduler_job.py:629} INFO - Processing file /home/anhcu/Project/Stock_project/airflow_venv/lib/python3.8/site-packages/airflow/example_dags/example_branch_operator.py for tasks to queue
[2024-06-10 10:17:45,745] {logging_mixin.py:103} INFO - [2024-06-10 10:17:45,744] {dagbag.py:440} INFO - Filling up the DagBag from /home/anhcu/Project/Stock_project/airflow_venv/lib/python3.8/site-packages/airflow/example_dags/example_branch_operator.py
[2024-06-10 10:17:45,757] {scheduler_job.py:639} INFO - DAG(s) dict_keys(['example_branch_operator']) retrieved from /home/anhcu/Project/Stock_project/airflow_venv/lib/python3.8/site-packages/airflow/example_dags/example_branch_operator.py
[2024-06-10 10:17:45,758] {logging_mixin.py:103} INFO - [2024-06-10 10:17:45,758] {dag.py:1813} INFO - Sync 1 DAGs
[2024-06-10 10:17:45,781] {logging_mixin.py:103} INFO - [2024-06-10 10:17:45,781] {dag.py:2266} INFO - Setting next_dagrun for example_branch_operator to 2024-06-08 00:00:00+00:00
[2024-06-10 10:17:45,795] {scheduler_job.py:189} INFO - Processing /home/anhcu/Project/Stock_project/airflow_venv/lib/python3.8/site-packages/airflow/example_dags/example_branch_operator.py took 0.057 seconds
[2024-06-10 10:18:15,909] {scheduler_job.py:181} INFO - Started process (PID=71258) to work on /home/anhcu/Project/Stock_project/airflow_venv/lib/python3.8/site-packages/airflow/example_dags/example_branch_operator.py
[2024-06-10 10:18:15,910] {scheduler_job.py:629} INFO - Processing file /home/anhcu/Project/Stock_project/airflow_venv/lib/python3.8/site-packages/airflow/example_dags/example_branch_operator.py for tasks to queue
[2024-06-10 10:18:15,911] {logging_mixin.py:103} INFO - [2024-06-10 10:18:15,911] {dagbag.py:440} INFO - Filling up the DagBag from /home/anhcu/Project/Stock_project/airflow_venv/lib/python3.8/site-packages/airflow/example_dags/example_branch_operator.py
[2024-06-10 10:18:15,924] {scheduler_job.py:639} INFO - DAG(s) dict_keys(['example_branch_operator']) retrieved from /home/anhcu/Project/Stock_project/airflow_venv/lib/python3.8/site-packages/airflow/example_dags/example_branch_operator.py
[2024-06-10 10:18:15,925] {logging_mixin.py:103} INFO - [2024-06-10 10:18:15,925] {dag.py:1813} INFO - Sync 1 DAGs
[2024-06-10 10:18:15,947] {logging_mixin.py:103} INFO - [2024-06-10 10:18:15,947] {dag.py:2266} INFO - Setting next_dagrun for example_branch_operator to 2024-06-08 00:00:00+00:00
[2024-06-10 10:18:15,959] {scheduler_job.py:189} INFO - Processing /home/anhcu/Project/Stock_project/airflow_venv/lib/python3.8/site-packages/airflow/example_dags/example_branch_operator.py took 0.053 seconds
[2024-06-10 10:18:47,325] {scheduler_job.py:181} INFO - Started process (PID=71691) to work on /home/anhcu/Project/Stock_project/airflow_venv/lib/python3.8/site-packages/airflow/example_dags/example_branch_operator.py
[2024-06-10 10:18:47,328] {scheduler_job.py:629} INFO - Processing file /home/anhcu/Project/Stock_project/airflow_venv/lib/python3.8/site-packages/airflow/example_dags/example_branch_operator.py for tasks to queue
[2024-06-10 10:18:47,328] {logging_mixin.py:103} INFO - [2024-06-10 10:18:47,328] {dagbag.py:440} INFO - Filling up the DagBag from /home/anhcu/Project/Stock_project/airflow_venv/lib/python3.8/site-packages/airflow/example_dags/example_branch_operator.py
[2024-06-10 10:18:47,341] {scheduler_job.py:639} INFO - DAG(s) dict_keys(['example_branch_operator']) retrieved from /home/anhcu/Project/Stock_project/airflow_venv/lib/python3.8/site-packages/airflow/example_dags/example_branch_operator.py
[2024-06-10 10:18:47,343] {logging_mixin.py:103} INFO - [2024-06-10 10:18:47,343] {dag.py:1813} INFO - Sync 1 DAGs
[2024-06-10 10:18:47,366] {logging_mixin.py:103} INFO - [2024-06-10 10:18:47,366] {dag.py:2266} INFO - Setting next_dagrun for example_branch_operator to 2024-06-08 00:00:00+00:00
[2024-06-10 10:18:47,378] {scheduler_job.py:189} INFO - Processing /home/anhcu/Project/Stock_project/airflow_venv/lib/python3.8/site-packages/airflow/example_dags/example_branch_operator.py took 0.057 seconds
[2024-06-10 10:19:16,660] {scheduler_job.py:181} INFO - Started process (PID=71862) to work on /home/anhcu/Project/Stock_project/airflow_venv/lib/python3.8/site-packages/airflow/example_dags/example_branch_operator.py
[2024-06-10 10:19:16,662] {scheduler_job.py:629} INFO - Processing file /home/anhcu/Project/Stock_project/airflow_venv/lib/python3.8/site-packages/airflow/example_dags/example_branch_operator.py for tasks to queue
[2024-06-10 10:19:16,663] {logging_mixin.py:103} INFO - [2024-06-10 10:19:16,663] {dagbag.py:440} INFO - Filling up the DagBag from /home/anhcu/Project/Stock_project/airflow_venv/lib/python3.8/site-packages/airflow/example_dags/example_branch_operator.py
[2024-06-10 10:19:16,675] {scheduler_job.py:639} INFO - DAG(s) dict_keys(['example_branch_operator']) retrieved from /home/anhcu/Project/Stock_project/airflow_venv/lib/python3.8/site-packages/airflow/example_dags/example_branch_operator.py
[2024-06-10 10:19:16,676] {logging_mixin.py:103} INFO - [2024-06-10 10:19:16,676] {dag.py:1813} INFO - Sync 1 DAGs
[2024-06-10 10:19:16,699] {logging_mixin.py:103} INFO - [2024-06-10 10:19:16,699] {dag.py:2266} INFO - Setting next_dagrun for example_branch_operator to 2024-06-08 00:00:00+00:00
[2024-06-10 10:19:16,711] {scheduler_job.py:189} INFO - Processing /home/anhcu/Project/Stock_project/airflow_venv/lib/python3.8/site-packages/airflow/example_dags/example_branch_operator.py took 0.055 seconds
[2024-06-10 10:19:57,935] {scheduler_job.py:181} INFO - Started process (PID=72279) to work on /home/anhcu/Project/Stock_project/airflow_venv/lib/python3.8/site-packages/airflow/example_dags/example_branch_operator.py
[2024-06-10 10:19:57,937] {scheduler_job.py:629} INFO - Processing file /home/anhcu/Project/Stock_project/airflow_venv/lib/python3.8/site-packages/airflow/example_dags/example_branch_operator.py for tasks to queue
[2024-06-10 10:19:57,938] {logging_mixin.py:103} INFO - [2024-06-10 10:19:57,938] {dagbag.py:440} INFO - Filling up the DagBag from /home/anhcu/Project/Stock_project/airflow_venv/lib/python3.8/site-packages/airflow/example_dags/example_branch_operator.py
[2024-06-10 10:19:57,957] {scheduler_job.py:639} INFO - DAG(s) dict_keys(['example_branch_operator']) retrieved from /home/anhcu/Project/Stock_project/airflow_venv/lib/python3.8/site-packages/airflow/example_dags/example_branch_operator.py
[2024-06-10 10:19:57,958] {logging_mixin.py:103} INFO - [2024-06-10 10:19:57,958] {dag.py:1813} INFO - Sync 1 DAGs
[2024-06-10 10:19:57,990] {logging_mixin.py:103} INFO - [2024-06-10 10:19:57,990] {dag.py:2266} INFO - Setting next_dagrun for example_branch_operator to 2024-06-08 00:00:00+00:00
[2024-06-10 10:19:58,009] {scheduler_job.py:189} INFO - Processing /home/anhcu/Project/Stock_project/airflow_venv/lib/python3.8/site-packages/airflow/example_dags/example_branch_operator.py took 0.078 seconds
[2024-06-10 10:20:26,530] {scheduler_job.py:181} INFO - Started process (PID=72514) to work on /home/anhcu/Project/Stock_project/airflow_venv/lib/python3.8/site-packages/airflow/example_dags/example_branch_operator.py
[2024-06-10 10:20:26,532] {scheduler_job.py:629} INFO - Processing file /home/anhcu/Project/Stock_project/airflow_venv/lib/python3.8/site-packages/airflow/example_dags/example_branch_operator.py for tasks to queue
[2024-06-10 10:20:26,532] {logging_mixin.py:103} INFO - [2024-06-10 10:20:26,532] {dagbag.py:440} INFO - Filling up the DagBag from /home/anhcu/Project/Stock_project/airflow_venv/lib/python3.8/site-packages/airflow/example_dags/example_branch_operator.py
[2024-06-10 10:20:26,545] {scheduler_job.py:639} INFO - DAG(s) dict_keys(['example_branch_operator']) retrieved from /home/anhcu/Project/Stock_project/airflow_venv/lib/python3.8/site-packages/airflow/example_dags/example_branch_operator.py
[2024-06-10 10:20:26,546] {logging_mixin.py:103} INFO - [2024-06-10 10:20:26,546] {dag.py:1813} INFO - Sync 1 DAGs
[2024-06-10 10:20:26,568] {logging_mixin.py:103} INFO - [2024-06-10 10:20:26,568] {dag.py:2266} INFO - Setting next_dagrun for example_branch_operator to 2024-06-08 00:00:00+00:00
[2024-06-10 10:20:26,580] {scheduler_job.py:189} INFO - Processing /home/anhcu/Project/Stock_project/airflow_venv/lib/python3.8/site-packages/airflow/example_dags/example_branch_operator.py took 0.053 seconds
[2024-06-10 10:20:57,930] {scheduler_job.py:181} INFO - Started process (PID=72748) to work on /home/anhcu/Project/Stock_project/airflow_venv/lib/python3.8/site-packages/airflow/example_dags/example_branch_operator.py
[2024-06-10 10:20:57,932] {scheduler_job.py:629} INFO - Processing file /home/anhcu/Project/Stock_project/airflow_venv/lib/python3.8/site-packages/airflow/example_dags/example_branch_operator.py for tasks to queue
[2024-06-10 10:20:57,933] {logging_mixin.py:103} INFO - [2024-06-10 10:20:57,933] {dagbag.py:440} INFO - Filling up the DagBag from /home/anhcu/Project/Stock_project/airflow_venv/lib/python3.8/site-packages/airflow/example_dags/example_branch_operator.py
[2024-06-10 10:20:57,954] {scheduler_job.py:639} INFO - DAG(s) dict_keys(['example_branch_operator']) retrieved from /home/anhcu/Project/Stock_project/airflow_venv/lib/python3.8/site-packages/airflow/example_dags/example_branch_operator.py
[2024-06-10 10:20:57,956] {logging_mixin.py:103} INFO - [2024-06-10 10:20:57,955] {dag.py:1813} INFO - Sync 1 DAGs
[2024-06-10 10:20:57,985] {logging_mixin.py:103} INFO - [2024-06-10 10:20:57,985] {dag.py:2266} INFO - Setting next_dagrun for example_branch_operator to 2024-06-08 00:00:00+00:00
[2024-06-10 10:20:58,004] {scheduler_job.py:189} INFO - Processing /home/anhcu/Project/Stock_project/airflow_venv/lib/python3.8/site-packages/airflow/example_dags/example_branch_operator.py took 0.078 seconds
[2024-06-10 10:21:28,832] {scheduler_job.py:181} INFO - Started process (PID=72903) to work on /home/anhcu/Project/Stock_project/airflow_venv/lib/python3.8/site-packages/airflow/example_dags/example_branch_operator.py
[2024-06-10 10:21:28,833] {scheduler_job.py:629} INFO - Processing file /home/anhcu/Project/Stock_project/airflow_venv/lib/python3.8/site-packages/airflow/example_dags/example_branch_operator.py for tasks to queue
[2024-06-10 10:21:28,838] {logging_mixin.py:103} INFO - [2024-06-10 10:21:28,838] {dagbag.py:440} INFO - Filling up the DagBag from /home/anhcu/Project/Stock_project/airflow_venv/lib/python3.8/site-packages/airflow/example_dags/example_branch_operator.py
[2024-06-10 10:21:28,874] {scheduler_job.py:639} INFO - DAG(s) dict_keys(['example_branch_operator']) retrieved from /home/anhcu/Project/Stock_project/airflow_venv/lib/python3.8/site-packages/airflow/example_dags/example_branch_operator.py
[2024-06-10 10:21:28,875] {logging_mixin.py:103} INFO - [2024-06-10 10:21:28,875] {dag.py:1813} INFO - Sync 1 DAGs
[2024-06-10 10:21:28,904] {logging_mixin.py:103} INFO - [2024-06-10 10:21:28,904] {dag.py:2266} INFO - Setting next_dagrun for example_branch_operator to 2024-06-08 00:00:00+00:00
[2024-06-10 10:21:28,922] {scheduler_job.py:189} INFO - Processing /home/anhcu/Project/Stock_project/airflow_venv/lib/python3.8/site-packages/airflow/example_dags/example_branch_operator.py took 0.098 seconds
[2024-06-10 10:21:57,749] {scheduler_job.py:181} INFO - Started process (PID=73137) to work on /home/anhcu/Project/Stock_project/airflow_venv/lib/python3.8/site-packages/airflow/example_dags/example_branch_operator.py
[2024-06-10 10:21:57,750] {scheduler_job.py:629} INFO - Processing file /home/anhcu/Project/Stock_project/airflow_venv/lib/python3.8/site-packages/airflow/example_dags/example_branch_operator.py for tasks to queue
[2024-06-10 10:21:57,751] {logging_mixin.py:103} INFO - [2024-06-10 10:21:57,751] {dagbag.py:440} INFO - Filling up the DagBag from /home/anhcu/Project/Stock_project/airflow_venv/lib/python3.8/site-packages/airflow/example_dags/example_branch_operator.py
[2024-06-10 10:21:57,766] {scheduler_job.py:639} INFO - DAG(s) dict_keys(['example_branch_operator']) retrieved from /home/anhcu/Project/Stock_project/airflow_venv/lib/python3.8/site-packages/airflow/example_dags/example_branch_operator.py
[2024-06-10 10:21:57,767] {logging_mixin.py:103} INFO - [2024-06-10 10:21:57,767] {dag.py:1813} INFO - Sync 1 DAGs
[2024-06-10 10:21:57,787] {logging_mixin.py:103} INFO - [2024-06-10 10:21:57,787] {dag.py:2266} INFO - Setting next_dagrun for example_branch_operator to 2024-06-08 00:00:00+00:00
[2024-06-10 10:21:57,799] {scheduler_job.py:189} INFO - Processing /home/anhcu/Project/Stock_project/airflow_venv/lib/python3.8/site-packages/airflow/example_dags/example_branch_operator.py took 0.055 seconds
[2024-06-10 10:22:27,054] {scheduler_job.py:181} INFO - Started process (PID=73292) to work on /home/anhcu/Project/Stock_project/airflow_venv/lib/python3.8/site-packages/airflow/example_dags/example_branch_operator.py
[2024-06-10 10:22:27,056] {scheduler_job.py:629} INFO - Processing file /home/anhcu/Project/Stock_project/airflow_venv/lib/python3.8/site-packages/airflow/example_dags/example_branch_operator.py for tasks to queue
[2024-06-10 10:22:27,057] {logging_mixin.py:103} INFO - [2024-06-10 10:22:27,057] {dagbag.py:440} INFO - Filling up the DagBag from /home/anhcu/Project/Stock_project/airflow_venv/lib/python3.8/site-packages/airflow/example_dags/example_branch_operator.py
[2024-06-10 10:22:27,073] {scheduler_job.py:639} INFO - DAG(s) dict_keys(['example_branch_operator']) retrieved from /home/anhcu/Project/Stock_project/airflow_venv/lib/python3.8/site-packages/airflow/example_dags/example_branch_operator.py
[2024-06-10 10:22:27,074] {logging_mixin.py:103} INFO - [2024-06-10 10:22:27,074] {dag.py:1813} INFO - Sync 1 DAGs
[2024-06-10 10:22:27,095] {logging_mixin.py:103} INFO - [2024-06-10 10:22:27,095] {dag.py:2266} INFO - Setting next_dagrun for example_branch_operator to 2024-06-08 00:00:00+00:00
[2024-06-10 10:22:27,107] {scheduler_job.py:189} INFO - Processing /home/anhcu/Project/Stock_project/airflow_venv/lib/python3.8/site-packages/airflow/example_dags/example_branch_operator.py took 0.057 seconds
[2024-06-10 10:22:54,377] {scheduler_job.py:181} INFO - Started process (PID=73483) to work on /home/anhcu/Project/Stock_project/airflow_venv/lib/python3.8/site-packages/airflow/example_dags/example_branch_operator.py
[2024-06-10 10:22:54,379] {scheduler_job.py:629} INFO - Processing file /home/anhcu/Project/Stock_project/airflow_venv/lib/python3.8/site-packages/airflow/example_dags/example_branch_operator.py for tasks to queue
[2024-06-10 10:22:54,380] {logging_mixin.py:103} INFO - [2024-06-10 10:22:54,380] {dagbag.py:440} INFO - Filling up the DagBag from /home/anhcu/Project/Stock_project/airflow_venv/lib/python3.8/site-packages/airflow/example_dags/example_branch_operator.py
[2024-06-10 10:22:54,396] {scheduler_job.py:639} INFO - DAG(s) dict_keys(['example_branch_operator']) retrieved from /home/anhcu/Project/Stock_project/airflow_venv/lib/python3.8/site-packages/airflow/example_dags/example_branch_operator.py
[2024-06-10 10:22:54,397] {logging_mixin.py:103} INFO - [2024-06-10 10:22:54,397] {dag.py:1813} INFO - Sync 1 DAGs
[2024-06-10 10:22:54,417] {logging_mixin.py:103} INFO - [2024-06-10 10:22:54,416] {dag.py:2266} INFO - Setting next_dagrun for example_branch_operator to 2024-06-08 00:00:00+00:00
[2024-06-10 10:22:54,429] {scheduler_job.py:189} INFO - Processing /home/anhcu/Project/Stock_project/airflow_venv/lib/python3.8/site-packages/airflow/example_dags/example_branch_operator.py took 0.056 seconds
[2024-06-10 10:23:43,967] {scheduler_job.py:181} INFO - Started process (PID=74146) to work on /home/anhcu/Project/Stock_project/airflow_venv/lib/python3.8/site-packages/airflow/example_dags/example_branch_operator.py
[2024-06-10 10:23:43,969] {scheduler_job.py:629} INFO - Processing file /home/anhcu/Project/Stock_project/airflow_venv/lib/python3.8/site-packages/airflow/example_dags/example_branch_operator.py for tasks to queue
[2024-06-10 10:23:43,970] {logging_mixin.py:103} INFO - [2024-06-10 10:23:43,970] {dagbag.py:440} INFO - Filling up the DagBag from /home/anhcu/Project/Stock_project/airflow_venv/lib/python3.8/site-packages/airflow/example_dags/example_branch_operator.py
[2024-06-10 10:23:43,991] {scheduler_job.py:639} INFO - DAG(s) dict_keys(['example_branch_operator']) retrieved from /home/anhcu/Project/Stock_project/airflow_venv/lib/python3.8/site-packages/airflow/example_dags/example_branch_operator.py
[2024-06-10 10:23:43,992] {logging_mixin.py:103} INFO - [2024-06-10 10:23:43,992] {dag.py:1813} INFO - Sync 1 DAGs
[2024-06-10 10:23:44,014] {logging_mixin.py:103} INFO - [2024-06-10 10:23:44,014] {dag.py:2266} INFO - Setting next_dagrun for example_branch_operator to 2024-06-08 00:00:00+00:00
[2024-06-10 10:23:44,031] {scheduler_job.py:189} INFO - Processing /home/anhcu/Project/Stock_project/airflow_venv/lib/python3.8/site-packages/airflow/example_dags/example_branch_operator.py took 0.068 seconds
[2024-06-10 10:24:15,857] {scheduler_job.py:181} INFO - Started process (PID=74422) to work on /home/anhcu/Project/Stock_project/airflow_venv/lib/python3.8/site-packages/airflow/example_dags/example_branch_operator.py
[2024-06-10 10:24:15,862] {scheduler_job.py:629} INFO - Processing file /home/anhcu/Project/Stock_project/airflow_venv/lib/python3.8/site-packages/airflow/example_dags/example_branch_operator.py for tasks to queue
[2024-06-10 10:24:15,863] {logging_mixin.py:103} INFO - [2024-06-10 10:24:15,863] {dagbag.py:440} INFO - Filling up the DagBag from /home/anhcu/Project/Stock_project/airflow_venv/lib/python3.8/site-packages/airflow/example_dags/example_branch_operator.py
[2024-06-10 10:24:15,874] {scheduler_job.py:639} INFO - DAG(s) dict_keys(['example_branch_operator']) retrieved from /home/anhcu/Project/Stock_project/airflow_venv/lib/python3.8/site-packages/airflow/example_dags/example_branch_operator.py
[2024-06-10 10:24:15,875] {logging_mixin.py:103} INFO - [2024-06-10 10:24:15,875] {dag.py:1813} INFO - Sync 1 DAGs
[2024-06-10 10:24:15,895] {logging_mixin.py:103} INFO - [2024-06-10 10:24:15,895] {dag.py:2266} INFO - Setting next_dagrun for example_branch_operator to 2024-06-08 00:00:00+00:00
[2024-06-10 10:24:15,907] {scheduler_job.py:189} INFO - Processing /home/anhcu/Project/Stock_project/airflow_venv/lib/python3.8/site-packages/airflow/example_dags/example_branch_operator.py took 0.053 seconds
[2024-06-10 10:24:46,698] {scheduler_job.py:181} INFO - Started process (PID=74742) to work on /home/anhcu/Project/Stock_project/airflow_venv/lib/python3.8/site-packages/airflow/example_dags/example_branch_operator.py
[2024-06-10 10:24:46,700] {scheduler_job.py:629} INFO - Processing file /home/anhcu/Project/Stock_project/airflow_venv/lib/python3.8/site-packages/airflow/example_dags/example_branch_operator.py for tasks to queue
[2024-06-10 10:24:46,701] {logging_mixin.py:103} INFO - [2024-06-10 10:24:46,701] {dagbag.py:440} INFO - Filling up the DagBag from /home/anhcu/Project/Stock_project/airflow_venv/lib/python3.8/site-packages/airflow/example_dags/example_branch_operator.py
[2024-06-10 10:24:46,721] {scheduler_job.py:639} INFO - DAG(s) dict_keys(['example_branch_operator']) retrieved from /home/anhcu/Project/Stock_project/airflow_venv/lib/python3.8/site-packages/airflow/example_dags/example_branch_operator.py
[2024-06-10 10:24:46,723] {logging_mixin.py:103} INFO - [2024-06-10 10:24:46,723] {dag.py:1813} INFO - Sync 1 DAGs
[2024-06-10 10:24:46,751] {logging_mixin.py:103} INFO - [2024-06-10 10:24:46,751] {dag.py:2266} INFO - Setting next_dagrun for example_branch_operator to 2024-06-08 00:00:00+00:00
[2024-06-10 10:24:46,765] {scheduler_job.py:189} INFO - Processing /home/anhcu/Project/Stock_project/airflow_venv/lib/python3.8/site-packages/airflow/example_dags/example_branch_operator.py took 0.073 seconds
[2024-06-10 10:25:17,156] {scheduler_job.py:181} INFO - Started process (PID=75223) to work on /home/anhcu/Project/Stock_project/airflow_venv/lib/python3.8/site-packages/airflow/example_dags/example_branch_operator.py
[2024-06-10 10:25:17,157] {scheduler_job.py:629} INFO - Processing file /home/anhcu/Project/Stock_project/airflow_venv/lib/python3.8/site-packages/airflow/example_dags/example_branch_operator.py for tasks to queue
[2024-06-10 10:25:17,158] {logging_mixin.py:103} INFO - [2024-06-10 10:25:17,158] {dagbag.py:440} INFO - Filling up the DagBag from /home/anhcu/Project/Stock_project/airflow_venv/lib/python3.8/site-packages/airflow/example_dags/example_branch_operator.py
[2024-06-10 10:25:17,171] {scheduler_job.py:639} INFO - DAG(s) dict_keys(['example_branch_operator']) retrieved from /home/anhcu/Project/Stock_project/airflow_venv/lib/python3.8/site-packages/airflow/example_dags/example_branch_operator.py
[2024-06-10 10:25:17,172] {logging_mixin.py:103} INFO - [2024-06-10 10:25:17,172] {dag.py:1813} INFO - Sync 1 DAGs
[2024-06-10 10:25:17,193] {logging_mixin.py:103} INFO - [2024-06-10 10:25:17,192] {dag.py:2266} INFO - Setting next_dagrun for example_branch_operator to 2024-06-08 00:00:00+00:00
[2024-06-10 10:25:17,205] {scheduler_job.py:189} INFO - Processing /home/anhcu/Project/Stock_project/airflow_venv/lib/python3.8/site-packages/airflow/example_dags/example_branch_operator.py took 0.052 seconds
[2024-06-10 10:25:48,043] {scheduler_job.py:181} INFO - Started process (PID=75513) to work on /home/anhcu/Project/Stock_project/airflow_venv/lib/python3.8/site-packages/airflow/example_dags/example_branch_operator.py
[2024-06-10 10:25:48,044] {scheduler_job.py:629} INFO - Processing file /home/anhcu/Project/Stock_project/airflow_venv/lib/python3.8/site-packages/airflow/example_dags/example_branch_operator.py for tasks to queue
[2024-06-10 10:25:48,045] {logging_mixin.py:103} INFO - [2024-06-10 10:25:48,045] {dagbag.py:440} INFO - Filling up the DagBag from /home/anhcu/Project/Stock_project/airflow_venv/lib/python3.8/site-packages/airflow/example_dags/example_branch_operator.py
[2024-06-10 10:25:48,058] {scheduler_job.py:639} INFO - DAG(s) dict_keys(['example_branch_operator']) retrieved from /home/anhcu/Project/Stock_project/airflow_venv/lib/python3.8/site-packages/airflow/example_dags/example_branch_operator.py
[2024-06-10 10:25:48,059] {logging_mixin.py:103} INFO - [2024-06-10 10:25:48,059] {dag.py:1813} INFO - Sync 1 DAGs
[2024-06-10 10:25:48,078] {logging_mixin.py:103} INFO - [2024-06-10 10:25:48,078] {dag.py:2266} INFO - Setting next_dagrun for example_branch_operator to 2024-06-08 00:00:00+00:00
[2024-06-10 10:25:48,091] {scheduler_job.py:189} INFO - Processing /home/anhcu/Project/Stock_project/airflow_venv/lib/python3.8/site-packages/airflow/example_dags/example_branch_operator.py took 0.051 seconds
[2024-06-10 10:26:16,120] {scheduler_job.py:181} INFO - Started process (PID=75724) to work on /home/anhcu/Project/Stock_project/airflow_venv/lib/python3.8/site-packages/airflow/example_dags/example_branch_operator.py
[2024-06-10 10:26:16,122] {scheduler_job.py:629} INFO - Processing file /home/anhcu/Project/Stock_project/airflow_venv/lib/python3.8/site-packages/airflow/example_dags/example_branch_operator.py for tasks to queue
[2024-06-10 10:26:16,122] {logging_mixin.py:103} INFO - [2024-06-10 10:26:16,122] {dagbag.py:440} INFO - Filling up the DagBag from /home/anhcu/Project/Stock_project/airflow_venv/lib/python3.8/site-packages/airflow/example_dags/example_branch_operator.py
[2024-06-10 10:26:16,135] {scheduler_job.py:639} INFO - DAG(s) dict_keys(['example_branch_operator']) retrieved from /home/anhcu/Project/Stock_project/airflow_venv/lib/python3.8/site-packages/airflow/example_dags/example_branch_operator.py
[2024-06-10 10:26:16,136] {logging_mixin.py:103} INFO - [2024-06-10 10:26:16,136] {dag.py:1813} INFO - Sync 1 DAGs
[2024-06-10 10:26:16,156] {logging_mixin.py:103} INFO - [2024-06-10 10:26:16,156] {dag.py:2266} INFO - Setting next_dagrun for example_branch_operator to 2024-06-08 00:00:00+00:00
[2024-06-10 10:26:16,168] {scheduler_job.py:189} INFO - Processing /home/anhcu/Project/Stock_project/airflow_venv/lib/python3.8/site-packages/airflow/example_dags/example_branch_operator.py took 0.053 seconds
[2024-06-10 10:26:43,811] {scheduler_job.py:181} INFO - Started process (PID=75901) to work on /home/anhcu/Project/Stock_project/airflow_venv/lib/python3.8/site-packages/airflow/example_dags/example_branch_operator.py
[2024-06-10 10:26:43,813] {scheduler_job.py:629} INFO - Processing file /home/anhcu/Project/Stock_project/airflow_venv/lib/python3.8/site-packages/airflow/example_dags/example_branch_operator.py for tasks to queue
[2024-06-10 10:26:43,814] {logging_mixin.py:103} INFO - [2024-06-10 10:26:43,814] {dagbag.py:440} INFO - Filling up the DagBag from /home/anhcu/Project/Stock_project/airflow_venv/lib/python3.8/site-packages/airflow/example_dags/example_branch_operator.py
[2024-06-10 10:26:43,831] {scheduler_job.py:639} INFO - DAG(s) dict_keys(['example_branch_operator']) retrieved from /home/anhcu/Project/Stock_project/airflow_venv/lib/python3.8/site-packages/airflow/example_dags/example_branch_operator.py
[2024-06-10 10:26:43,833] {logging_mixin.py:103} INFO - [2024-06-10 10:26:43,832] {dag.py:1813} INFO - Sync 1 DAGs
[2024-06-10 10:26:43,858] {logging_mixin.py:103} INFO - [2024-06-10 10:26:43,858] {dag.py:2266} INFO - Setting next_dagrun for example_branch_operator to 2024-06-08 00:00:00+00:00
[2024-06-10 10:26:43,871] {scheduler_job.py:189} INFO - Processing /home/anhcu/Project/Stock_project/airflow_venv/lib/python3.8/site-packages/airflow/example_dags/example_branch_operator.py took 0.065 seconds
[2024-06-10 10:27:11,175] {scheduler_job.py:181} INFO - Started process (PID=76020) to work on /home/anhcu/Project/Stock_project/airflow_venv/lib/python3.8/site-packages/airflow/example_dags/example_branch_operator.py
[2024-06-10 10:27:11,177] {scheduler_job.py:629} INFO - Processing file /home/anhcu/Project/Stock_project/airflow_venv/lib/python3.8/site-packages/airflow/example_dags/example_branch_operator.py for tasks to queue
[2024-06-10 10:27:11,179] {logging_mixin.py:103} INFO - [2024-06-10 10:27:11,179] {dagbag.py:440} INFO - Filling up the DagBag from /home/anhcu/Project/Stock_project/airflow_venv/lib/python3.8/site-packages/airflow/example_dags/example_branch_operator.py
[2024-06-10 10:27:11,196] {scheduler_job.py:639} INFO - DAG(s) dict_keys(['example_branch_operator']) retrieved from /home/anhcu/Project/Stock_project/airflow_venv/lib/python3.8/site-packages/airflow/example_dags/example_branch_operator.py
[2024-06-10 10:27:11,198] {logging_mixin.py:103} INFO - [2024-06-10 10:27:11,198] {dag.py:1813} INFO - Sync 1 DAGs
[2024-06-10 10:27:11,227] {logging_mixin.py:103} INFO - [2024-06-10 10:27:11,227] {dag.py:2266} INFO - Setting next_dagrun for example_branch_operator to 2024-06-08 00:00:00+00:00
[2024-06-10 10:27:11,245] {scheduler_job.py:189} INFO - Processing /home/anhcu/Project/Stock_project/airflow_venv/lib/python3.8/site-packages/airflow/example_dags/example_branch_operator.py took 0.078 seconds
[2024-06-10 10:27:39,403] {scheduler_job.py:181} INFO - Started process (PID=76174) to work on /home/anhcu/Project/Stock_project/airflow_venv/lib/python3.8/site-packages/airflow/example_dags/example_branch_operator.py
[2024-06-10 10:27:39,405] {scheduler_job.py:629} INFO - Processing file /home/anhcu/Project/Stock_project/airflow_venv/lib/python3.8/site-packages/airflow/example_dags/example_branch_operator.py for tasks to queue
[2024-06-10 10:27:39,407] {logging_mixin.py:103} INFO - [2024-06-10 10:27:39,407] {dagbag.py:440} INFO - Filling up the DagBag from /home/anhcu/Project/Stock_project/airflow_venv/lib/python3.8/site-packages/airflow/example_dags/example_branch_operator.py
[2024-06-10 10:27:39,441] {scheduler_job.py:639} INFO - DAG(s) dict_keys(['example_branch_operator']) retrieved from /home/anhcu/Project/Stock_project/airflow_venv/lib/python3.8/site-packages/airflow/example_dags/example_branch_operator.py
[2024-06-10 10:27:39,443] {logging_mixin.py:103} INFO - [2024-06-10 10:27:39,443] {dag.py:1813} INFO - Sync 1 DAGs
[2024-06-10 10:27:39,472] {logging_mixin.py:103} INFO - [2024-06-10 10:27:39,472] {dag.py:2266} INFO - Setting next_dagrun for example_branch_operator to 2024-06-08 00:00:00+00:00
[2024-06-10 10:27:39,490] {scheduler_job.py:189} INFO - Processing /home/anhcu/Project/Stock_project/airflow_venv/lib/python3.8/site-packages/airflow/example_dags/example_branch_operator.py took 0.091 seconds
[2024-06-10 10:28:07,765] {scheduler_job.py:181} INFO - Started process (PID=76293) to work on /home/anhcu/Project/Stock_project/airflow_venv/lib/python3.8/site-packages/airflow/example_dags/example_branch_operator.py
[2024-06-10 10:28:07,766] {scheduler_job.py:629} INFO - Processing file /home/anhcu/Project/Stock_project/airflow_venv/lib/python3.8/site-packages/airflow/example_dags/example_branch_operator.py for tasks to queue
[2024-06-10 10:28:07,767] {logging_mixin.py:103} INFO - [2024-06-10 10:28:07,767] {dagbag.py:440} INFO - Filling up the DagBag from /home/anhcu/Project/Stock_project/airflow_venv/lib/python3.8/site-packages/airflow/example_dags/example_branch_operator.py
[2024-06-10 10:28:07,785] {scheduler_job.py:639} INFO - DAG(s) dict_keys(['example_branch_operator']) retrieved from /home/anhcu/Project/Stock_project/airflow_venv/lib/python3.8/site-packages/airflow/example_dags/example_branch_operator.py
[2024-06-10 10:28:07,787] {logging_mixin.py:103} INFO - [2024-06-10 10:28:07,787] {dag.py:1813} INFO - Sync 1 DAGs
[2024-06-10 10:28:07,816] {logging_mixin.py:103} INFO - [2024-06-10 10:28:07,816] {dag.py:2266} INFO - Setting next_dagrun for example_branch_operator to 2024-06-08 00:00:00+00:00
[2024-06-10 10:28:07,835] {scheduler_job.py:189} INFO - Processing /home/anhcu/Project/Stock_project/airflow_venv/lib/python3.8/site-packages/airflow/example_dags/example_branch_operator.py took 0.079 seconds
[2024-06-10 10:28:34,956] {scheduler_job.py:181} INFO - Started process (PID=76445) to work on /home/anhcu/Project/Stock_project/airflow_venv/lib/python3.8/site-packages/airflow/example_dags/example_branch_operator.py
[2024-06-10 10:28:34,959] {scheduler_job.py:629} INFO - Processing file /home/anhcu/Project/Stock_project/airflow_venv/lib/python3.8/site-packages/airflow/example_dags/example_branch_operator.py for tasks to queue
[2024-06-10 10:28:34,960] {logging_mixin.py:103} INFO - [2024-06-10 10:28:34,960] {dagbag.py:440} INFO - Filling up the DagBag from /home/anhcu/Project/Stock_project/airflow_venv/lib/python3.8/site-packages/airflow/example_dags/example_branch_operator.py
[2024-06-10 10:28:34,976] {scheduler_job.py:639} INFO - DAG(s) dict_keys(['example_branch_operator']) retrieved from /home/anhcu/Project/Stock_project/airflow_venv/lib/python3.8/site-packages/airflow/example_dags/example_branch_operator.py
[2024-06-10 10:28:34,977] {logging_mixin.py:103} INFO - [2024-06-10 10:28:34,977] {dag.py:1813} INFO - Sync 1 DAGs
[2024-06-10 10:28:35,000] {logging_mixin.py:103} INFO - [2024-06-10 10:28:35,000] {dag.py:2266} INFO - Setting next_dagrun for example_branch_operator to 2024-06-08 00:00:00+00:00
[2024-06-10 10:28:35,014] {scheduler_job.py:189} INFO - Processing /home/anhcu/Project/Stock_project/airflow_venv/lib/python3.8/site-packages/airflow/example_dags/example_branch_operator.py took 0.063 seconds
[2024-06-10 10:29:02,671] {scheduler_job.py:181} INFO - Started process (PID=76671) to work on /home/anhcu/Project/Stock_project/airflow_venv/lib/python3.8/site-packages/airflow/example_dags/example_branch_operator.py
[2024-06-10 10:29:02,672] {scheduler_job.py:629} INFO - Processing file /home/anhcu/Project/Stock_project/airflow_venv/lib/python3.8/site-packages/airflow/example_dags/example_branch_operator.py for tasks to queue
[2024-06-10 10:29:02,673] {logging_mixin.py:103} INFO - [2024-06-10 10:29:02,673] {dagbag.py:440} INFO - Filling up the DagBag from /home/anhcu/Project/Stock_project/airflow_venv/lib/python3.8/site-packages/airflow/example_dags/example_branch_operator.py
[2024-06-10 10:29:02,686] {scheduler_job.py:639} INFO - DAG(s) dict_keys(['example_branch_operator']) retrieved from /home/anhcu/Project/Stock_project/airflow_venv/lib/python3.8/site-packages/airflow/example_dags/example_branch_operator.py
[2024-06-10 10:29:02,687] {logging_mixin.py:103} INFO - [2024-06-10 10:29:02,687] {dag.py:1813} INFO - Sync 1 DAGs
[2024-06-10 10:29:02,708] {logging_mixin.py:103} INFO - [2024-06-10 10:29:02,708] {dag.py:2266} INFO - Setting next_dagrun for example_branch_operator to 2024-06-08 00:00:00+00:00
[2024-06-10 10:29:02,720] {scheduler_job.py:189} INFO - Processing /home/anhcu/Project/Stock_project/airflow_venv/lib/python3.8/site-packages/airflow/example_dags/example_branch_operator.py took 0.054 seconds
[2024-06-10 10:29:30,530] {scheduler_job.py:181} INFO - Started process (PID=76827) to work on /home/anhcu/Project/Stock_project/airflow_venv/lib/python3.8/site-packages/airflow/example_dags/example_branch_operator.py
[2024-06-10 10:29:30,532] {scheduler_job.py:629} INFO - Processing file /home/anhcu/Project/Stock_project/airflow_venv/lib/python3.8/site-packages/airflow/example_dags/example_branch_operator.py for tasks to queue
[2024-06-10 10:29:30,533] {logging_mixin.py:103} INFO - [2024-06-10 10:29:30,533] {dagbag.py:440} INFO - Filling up the DagBag from /home/anhcu/Project/Stock_project/airflow_venv/lib/python3.8/site-packages/airflow/example_dags/example_branch_operator.py
[2024-06-10 10:29:30,548] {scheduler_job.py:639} INFO - DAG(s) dict_keys(['example_branch_operator']) retrieved from /home/anhcu/Project/Stock_project/airflow_venv/lib/python3.8/site-packages/airflow/example_dags/example_branch_operator.py
[2024-06-10 10:29:30,549] {logging_mixin.py:103} INFO - [2024-06-10 10:29:30,549] {dag.py:1813} INFO - Sync 1 DAGs
[2024-06-10 10:29:30,572] {logging_mixin.py:103} INFO - [2024-06-10 10:29:30,572] {dag.py:2266} INFO - Setting next_dagrun for example_branch_operator to 2024-06-08 00:00:00+00:00
[2024-06-10 10:29:30,585] {scheduler_job.py:189} INFO - Processing /home/anhcu/Project/Stock_project/airflow_venv/lib/python3.8/site-packages/airflow/example_dags/example_branch_operator.py took 0.058 seconds
[2024-06-10 10:29:58,885] {scheduler_job.py:181} INFO - Started process (PID=76981) to work on /home/anhcu/Project/Stock_project/airflow_venv/lib/python3.8/site-packages/airflow/example_dags/example_branch_operator.py
[2024-06-10 10:29:58,886] {scheduler_job.py:629} INFO - Processing file /home/anhcu/Project/Stock_project/airflow_venv/lib/python3.8/site-packages/airflow/example_dags/example_branch_operator.py for tasks to queue
[2024-06-10 10:29:58,887] {logging_mixin.py:103} INFO - [2024-06-10 10:29:58,887] {dagbag.py:440} INFO - Filling up the DagBag from /home/anhcu/Project/Stock_project/airflow_venv/lib/python3.8/site-packages/airflow/example_dags/example_branch_operator.py
[2024-06-10 10:29:58,900] {scheduler_job.py:639} INFO - DAG(s) dict_keys(['example_branch_operator']) retrieved from /home/anhcu/Project/Stock_project/airflow_venv/lib/python3.8/site-packages/airflow/example_dags/example_branch_operator.py
[2024-06-10 10:29:58,901] {logging_mixin.py:103} INFO - [2024-06-10 10:29:58,901] {dag.py:1813} INFO - Sync 1 DAGs
[2024-06-10 10:29:58,921] {logging_mixin.py:103} INFO - [2024-06-10 10:29:58,921] {dag.py:2266} INFO - Setting next_dagrun for example_branch_operator to 2024-06-08 00:00:00+00:00
[2024-06-10 10:29:58,933] {scheduler_job.py:189} INFO - Processing /home/anhcu/Project/Stock_project/airflow_venv/lib/python3.8/site-packages/airflow/example_dags/example_branch_operator.py took 0.053 seconds
[2024-06-10 10:30:25,188] {scheduler_job.py:181} INFO - Started process (PID=77139) to work on /home/anhcu/Project/Stock_project/airflow_venv/lib/python3.8/site-packages/airflow/example_dags/example_branch_operator.py
[2024-06-10 10:30:25,189] {scheduler_job.py:629} INFO - Processing file /home/anhcu/Project/Stock_project/airflow_venv/lib/python3.8/site-packages/airflow/example_dags/example_branch_operator.py for tasks to queue
[2024-06-10 10:30:25,190] {logging_mixin.py:103} INFO - [2024-06-10 10:30:25,190] {dagbag.py:440} INFO - Filling up the DagBag from /home/anhcu/Project/Stock_project/airflow_venv/lib/python3.8/site-packages/airflow/example_dags/example_branch_operator.py
[2024-06-10 10:30:25,204] {scheduler_job.py:639} INFO - DAG(s) dict_keys(['example_branch_operator']) retrieved from /home/anhcu/Project/Stock_project/airflow_venv/lib/python3.8/site-packages/airflow/example_dags/example_branch_operator.py
[2024-06-10 10:30:25,205] {logging_mixin.py:103} INFO - [2024-06-10 10:30:25,205] {dag.py:1813} INFO - Sync 1 DAGs
[2024-06-10 10:30:25,226] {logging_mixin.py:103} INFO - [2024-06-10 10:30:25,226] {dag.py:2266} INFO - Setting next_dagrun for example_branch_operator to 2024-06-08 00:00:00+00:00
[2024-06-10 10:30:25,238] {scheduler_job.py:189} INFO - Processing /home/anhcu/Project/Stock_project/airflow_venv/lib/python3.8/site-packages/airflow/example_dags/example_branch_operator.py took 0.055 seconds
[2024-06-10 10:30:52,428] {scheduler_job.py:181} INFO - Started process (PID=77276) to work on /home/anhcu/Project/Stock_project/airflow_venv/lib/python3.8/site-packages/airflow/example_dags/example_branch_operator.py
[2024-06-10 10:30:52,430] {scheduler_job.py:629} INFO - Processing file /home/anhcu/Project/Stock_project/airflow_venv/lib/python3.8/site-packages/airflow/example_dags/example_branch_operator.py for tasks to queue
[2024-06-10 10:30:52,431] {logging_mixin.py:103} INFO - [2024-06-10 10:30:52,431] {dagbag.py:440} INFO - Filling up the DagBag from /home/anhcu/Project/Stock_project/airflow_venv/lib/python3.8/site-packages/airflow/example_dags/example_branch_operator.py
[2024-06-10 10:30:52,444] {scheduler_job.py:639} INFO - DAG(s) dict_keys(['example_branch_operator']) retrieved from /home/anhcu/Project/Stock_project/airflow_venv/lib/python3.8/site-packages/airflow/example_dags/example_branch_operator.py
[2024-06-10 10:30:52,445] {logging_mixin.py:103} INFO - [2024-06-10 10:30:52,445] {dag.py:1813} INFO - Sync 1 DAGs
[2024-06-10 10:30:52,467] {logging_mixin.py:103} INFO - [2024-06-10 10:30:52,467] {dag.py:2266} INFO - Setting next_dagrun for example_branch_operator to 2024-06-08 00:00:00+00:00
[2024-06-10 10:30:52,481] {scheduler_job.py:189} INFO - Processing /home/anhcu/Project/Stock_project/airflow_venv/lib/python3.8/site-packages/airflow/example_dags/example_branch_operator.py took 0.058 seconds
[2024-06-10 10:31:19,758] {scheduler_job.py:181} INFO - Started process (PID=77413) to work on /home/anhcu/Project/Stock_project/airflow_venv/lib/python3.8/site-packages/airflow/example_dags/example_branch_operator.py
[2024-06-10 10:31:19,760] {scheduler_job.py:629} INFO - Processing file /home/anhcu/Project/Stock_project/airflow_venv/lib/python3.8/site-packages/airflow/example_dags/example_branch_operator.py for tasks to queue
[2024-06-10 10:31:19,761] {logging_mixin.py:103} INFO - [2024-06-10 10:31:19,761] {dagbag.py:440} INFO - Filling up the DagBag from /home/anhcu/Project/Stock_project/airflow_venv/lib/python3.8/site-packages/airflow/example_dags/example_branch_operator.py
[2024-06-10 10:31:19,775] {scheduler_job.py:639} INFO - DAG(s) dict_keys(['example_branch_operator']) retrieved from /home/anhcu/Project/Stock_project/airflow_venv/lib/python3.8/site-packages/airflow/example_dags/example_branch_operator.py
[2024-06-10 10:31:19,776] {logging_mixin.py:103} INFO - [2024-06-10 10:31:19,776] {dag.py:1813} INFO - Sync 1 DAGs
[2024-06-10 10:31:19,796] {logging_mixin.py:103} INFO - [2024-06-10 10:31:19,796] {dag.py:2266} INFO - Setting next_dagrun for example_branch_operator to 2024-06-08 00:00:00+00:00
[2024-06-10 10:31:19,808] {scheduler_job.py:189} INFO - Processing /home/anhcu/Project/Stock_project/airflow_venv/lib/python3.8/site-packages/airflow/example_dags/example_branch_operator.py took 0.055 seconds
[2024-06-10 10:31:48,006] {scheduler_job.py:181} INFO - Started process (PID=77533) to work on /home/anhcu/Project/Stock_project/airflow_venv/lib/python3.8/site-packages/airflow/example_dags/example_branch_operator.py
[2024-06-10 10:31:48,008] {scheduler_job.py:629} INFO - Processing file /home/anhcu/Project/Stock_project/airflow_venv/lib/python3.8/site-packages/airflow/example_dags/example_branch_operator.py for tasks to queue
[2024-06-10 10:31:48,009] {logging_mixin.py:103} INFO - [2024-06-10 10:31:48,009] {dagbag.py:440} INFO - Filling up the DagBag from /home/anhcu/Project/Stock_project/airflow_venv/lib/python3.8/site-packages/airflow/example_dags/example_branch_operator.py
[2024-06-10 10:31:48,033] {scheduler_job.py:639} INFO - DAG(s) dict_keys(['example_branch_operator']) retrieved from /home/anhcu/Project/Stock_project/airflow_venv/lib/python3.8/site-packages/airflow/example_dags/example_branch_operator.py
[2024-06-10 10:31:48,034] {logging_mixin.py:103} INFO - [2024-06-10 10:31:48,034] {dag.py:1813} INFO - Sync 1 DAGs
[2024-06-10 10:31:48,064] {logging_mixin.py:103} INFO - [2024-06-10 10:31:48,063] {dag.py:2266} INFO - Setting next_dagrun for example_branch_operator to 2024-06-08 00:00:00+00:00
[2024-06-10 10:31:48,081] {scheduler_job.py:189} INFO - Processing /home/anhcu/Project/Stock_project/airflow_venv/lib/python3.8/site-packages/airflow/example_dags/example_branch_operator.py took 0.080 seconds
[2024-06-10 10:32:17,177] {scheduler_job.py:181} INFO - Started process (PID=77689) to work on /home/anhcu/Project/Stock_project/airflow_venv/lib/python3.8/site-packages/airflow/example_dags/example_branch_operator.py
[2024-06-10 10:32:17,179] {scheduler_job.py:629} INFO - Processing file /home/anhcu/Project/Stock_project/airflow_venv/lib/python3.8/site-packages/airflow/example_dags/example_branch_operator.py for tasks to queue
[2024-06-10 10:32:17,180] {logging_mixin.py:103} INFO - [2024-06-10 10:32:17,180] {dagbag.py:440} INFO - Filling up the DagBag from /home/anhcu/Project/Stock_project/airflow_venv/lib/python3.8/site-packages/airflow/example_dags/example_branch_operator.py
[2024-06-10 10:32:17,195] {scheduler_job.py:639} INFO - DAG(s) dict_keys(['example_branch_operator']) retrieved from /home/anhcu/Project/Stock_project/airflow_venv/lib/python3.8/site-packages/airflow/example_dags/example_branch_operator.py
[2024-06-10 10:32:17,196] {logging_mixin.py:103} INFO - [2024-06-10 10:32:17,196] {dag.py:1813} INFO - Sync 1 DAGs
[2024-06-10 10:32:17,216] {logging_mixin.py:103} INFO - [2024-06-10 10:32:17,216] {dag.py:2266} INFO - Setting next_dagrun for example_branch_operator to 2024-06-08 00:00:00+00:00
[2024-06-10 10:32:17,229] {scheduler_job.py:189} INFO - Processing /home/anhcu/Project/Stock_project/airflow_venv/lib/python3.8/site-packages/airflow/example_dags/example_branch_operator.py took 0.056 seconds
[2024-06-10 10:32:44,646] {scheduler_job.py:181} INFO - Started process (PID=77883) to work on /home/anhcu/Project/Stock_project/airflow_venv/lib/python3.8/site-packages/airflow/example_dags/example_branch_operator.py
[2024-06-10 10:32:44,648] {scheduler_job.py:629} INFO - Processing file /home/anhcu/Project/Stock_project/airflow_venv/lib/python3.8/site-packages/airflow/example_dags/example_branch_operator.py for tasks to queue
[2024-06-10 10:32:44,649] {logging_mixin.py:103} INFO - [2024-06-10 10:32:44,649] {dagbag.py:440} INFO - Filling up the DagBag from /home/anhcu/Project/Stock_project/airflow_venv/lib/python3.8/site-packages/airflow/example_dags/example_branch_operator.py
[2024-06-10 10:32:44,669] {scheduler_job.py:639} INFO - DAG(s) dict_keys(['example_branch_operator']) retrieved from /home/anhcu/Project/Stock_project/airflow_venv/lib/python3.8/site-packages/airflow/example_dags/example_branch_operator.py
[2024-06-10 10:32:44,670] {logging_mixin.py:103} INFO - [2024-06-10 10:32:44,670] {dag.py:1813} INFO - Sync 1 DAGs
[2024-06-10 10:32:44,700] {logging_mixin.py:103} INFO - [2024-06-10 10:32:44,700] {dag.py:2266} INFO - Setting next_dagrun for example_branch_operator to 2024-06-08 00:00:00+00:00
[2024-06-10 10:32:44,718] {scheduler_job.py:189} INFO - Processing /home/anhcu/Project/Stock_project/airflow_venv/lib/python3.8/site-packages/airflow/example_dags/example_branch_operator.py took 0.075 seconds
[2024-06-10 10:33:11,946] {scheduler_job.py:181} INFO - Started process (PID=78111) to work on /home/anhcu/Project/Stock_project/airflow_venv/lib/python3.8/site-packages/airflow/example_dags/example_branch_operator.py
[2024-06-10 10:33:11,948] {scheduler_job.py:629} INFO - Processing file /home/anhcu/Project/Stock_project/airflow_venv/lib/python3.8/site-packages/airflow/example_dags/example_branch_operator.py for tasks to queue
[2024-06-10 10:33:11,949] {logging_mixin.py:103} INFO - [2024-06-10 10:33:11,949] {dagbag.py:440} INFO - Filling up the DagBag from /home/anhcu/Project/Stock_project/airflow_venv/lib/python3.8/site-packages/airflow/example_dags/example_branch_operator.py
[2024-06-10 10:33:11,962] {scheduler_job.py:639} INFO - DAG(s) dict_keys(['example_branch_operator']) retrieved from /home/anhcu/Project/Stock_project/airflow_venv/lib/python3.8/site-packages/airflow/example_dags/example_branch_operator.py
[2024-06-10 10:33:11,963] {logging_mixin.py:103} INFO - [2024-06-10 10:33:11,963] {dag.py:1813} INFO - Sync 1 DAGs
[2024-06-10 10:33:11,983] {logging_mixin.py:103} INFO - [2024-06-10 10:33:11,983] {dag.py:2266} INFO - Setting next_dagrun for example_branch_operator to 2024-06-08 00:00:00+00:00
[2024-06-10 10:33:11,996] {scheduler_job.py:189} INFO - Processing /home/anhcu/Project/Stock_project/airflow_venv/lib/python3.8/site-packages/airflow/example_dags/example_branch_operator.py took 0.054 seconds
[2024-06-10 10:33:39,169] {scheduler_job.py:181} INFO - Started process (PID=78265) to work on /home/anhcu/Project/Stock_project/airflow_venv/lib/python3.8/site-packages/airflow/example_dags/example_branch_operator.py
[2024-06-10 10:33:39,170] {scheduler_job.py:629} INFO - Processing file /home/anhcu/Project/Stock_project/airflow_venv/lib/python3.8/site-packages/airflow/example_dags/example_branch_operator.py for tasks to queue
[2024-06-10 10:33:39,172] {logging_mixin.py:103} INFO - [2024-06-10 10:33:39,171] {dagbag.py:440} INFO - Filling up the DagBag from /home/anhcu/Project/Stock_project/airflow_venv/lib/python3.8/site-packages/airflow/example_dags/example_branch_operator.py
[2024-06-10 10:33:39,185] {scheduler_job.py:639} INFO - DAG(s) dict_keys(['example_branch_operator']) retrieved from /home/anhcu/Project/Stock_project/airflow_venv/lib/python3.8/site-packages/airflow/example_dags/example_branch_operator.py
[2024-06-10 10:33:39,186] {logging_mixin.py:103} INFO - [2024-06-10 10:33:39,186] {dag.py:1813} INFO - Sync 1 DAGs
[2024-06-10 10:33:39,207] {logging_mixin.py:103} INFO - [2024-06-10 10:33:39,207] {dag.py:2266} INFO - Setting next_dagrun for example_branch_operator to 2024-06-08 00:00:00+00:00
[2024-06-10 10:33:39,220] {scheduler_job.py:189} INFO - Processing /home/anhcu/Project/Stock_project/airflow_venv/lib/python3.8/site-packages/airflow/example_dags/example_branch_operator.py took 0.056 seconds
[2024-06-10 10:34:07,673] {scheduler_job.py:181} INFO - Started process (PID=78426) to work on /home/anhcu/Project/Stock_project/airflow_venv/lib/python3.8/site-packages/airflow/example_dags/example_branch_operator.py
[2024-06-10 10:34:07,681] {scheduler_job.py:629} INFO - Processing file /home/anhcu/Project/Stock_project/airflow_venv/lib/python3.8/site-packages/airflow/example_dags/example_branch_operator.py for tasks to queue
[2024-06-10 10:34:07,682] {logging_mixin.py:103} INFO - [2024-06-10 10:34:07,682] {dagbag.py:440} INFO - Filling up the DagBag from /home/anhcu/Project/Stock_project/airflow_venv/lib/python3.8/site-packages/airflow/example_dags/example_branch_operator.py
[2024-06-10 10:34:07,735] {scheduler_job.py:639} INFO - DAG(s) dict_keys(['example_branch_operator']) retrieved from /home/anhcu/Project/Stock_project/airflow_venv/lib/python3.8/site-packages/airflow/example_dags/example_branch_operator.py
[2024-06-10 10:34:07,743] {logging_mixin.py:103} INFO - [2024-06-10 10:34:07,743] {dag.py:1813} INFO - Sync 1 DAGs
[2024-06-10 10:34:07,808] {logging_mixin.py:103} INFO - [2024-06-10 10:34:07,808] {dag.py:2266} INFO - Setting next_dagrun for example_branch_operator to 2024-06-08 00:00:00+00:00
[2024-06-10 10:34:07,829] {scheduler_job.py:189} INFO - Processing /home/anhcu/Project/Stock_project/airflow_venv/lib/python3.8/site-packages/airflow/example_dags/example_branch_operator.py took 0.175 seconds
[2024-06-10 10:34:34,889] {scheduler_job.py:181} INFO - Started process (PID=78635) to work on /home/anhcu/Project/Stock_project/airflow_venv/lib/python3.8/site-packages/airflow/example_dags/example_branch_operator.py
[2024-06-10 10:34:34,892] {scheduler_job.py:629} INFO - Processing file /home/anhcu/Project/Stock_project/airflow_venv/lib/python3.8/site-packages/airflow/example_dags/example_branch_operator.py for tasks to queue
[2024-06-10 10:34:34,893] {logging_mixin.py:103} INFO - [2024-06-10 10:34:34,893] {dagbag.py:440} INFO - Filling up the DagBag from /home/anhcu/Project/Stock_project/airflow_venv/lib/python3.8/site-packages/airflow/example_dags/example_branch_operator.py
[2024-06-10 10:34:34,905] {scheduler_job.py:639} INFO - DAG(s) dict_keys(['example_branch_operator']) retrieved from /home/anhcu/Project/Stock_project/airflow_venv/lib/python3.8/site-packages/airflow/example_dags/example_branch_operator.py
[2024-06-10 10:34:34,906] {logging_mixin.py:103} INFO - [2024-06-10 10:34:34,906] {dag.py:1813} INFO - Sync 1 DAGs
[2024-06-10 10:34:34,927] {logging_mixin.py:103} INFO - [2024-06-10 10:34:34,926] {dag.py:2266} INFO - Setting next_dagrun for example_branch_operator to 2024-06-08 00:00:00+00:00
[2024-06-10 10:34:34,939] {scheduler_job.py:189} INFO - Processing /home/anhcu/Project/Stock_project/airflow_venv/lib/python3.8/site-packages/airflow/example_dags/example_branch_operator.py took 0.054 seconds
[2024-06-10 10:35:02,640] {scheduler_job.py:181} INFO - Started process (PID=78836) to work on /home/anhcu/Project/Stock_project/airflow_venv/lib/python3.8/site-packages/airflow/example_dags/example_branch_operator.py
[2024-06-10 10:35:02,642] {scheduler_job.py:629} INFO - Processing file /home/anhcu/Project/Stock_project/airflow_venv/lib/python3.8/site-packages/airflow/example_dags/example_branch_operator.py for tasks to queue
[2024-06-10 10:35:02,643] {logging_mixin.py:103} INFO - [2024-06-10 10:35:02,643] {dagbag.py:440} INFO - Filling up the DagBag from /home/anhcu/Project/Stock_project/airflow_venv/lib/python3.8/site-packages/airflow/example_dags/example_branch_operator.py
[2024-06-10 10:35:02,657] {scheduler_job.py:639} INFO - DAG(s) dict_keys(['example_branch_operator']) retrieved from /home/anhcu/Project/Stock_project/airflow_venv/lib/python3.8/site-packages/airflow/example_dags/example_branch_operator.py
[2024-06-10 10:35:02,658] {logging_mixin.py:103} INFO - [2024-06-10 10:35:02,658] {dag.py:1813} INFO - Sync 1 DAGs
[2024-06-10 10:35:02,679] {logging_mixin.py:103} INFO - [2024-06-10 10:35:02,679] {dag.py:2266} INFO - Setting next_dagrun for example_branch_operator to 2024-06-08 00:00:00+00:00
[2024-06-10 10:35:02,692] {scheduler_job.py:189} INFO - Processing /home/anhcu/Project/Stock_project/airflow_venv/lib/python3.8/site-packages/airflow/example_dags/example_branch_operator.py took 0.056 seconds
[2024-06-10 10:35:59,955] {scheduler_job.py:181} INFO - Started process (PID=79562) to work on /home/anhcu/Project/Stock_project/airflow_venv/lib/python3.8/site-packages/airflow/example_dags/example_branch_operator.py
[2024-06-10 10:35:59,959] {scheduler_job.py:629} INFO - Processing file /home/anhcu/Project/Stock_project/airflow_venv/lib/python3.8/site-packages/airflow/example_dags/example_branch_operator.py for tasks to queue
[2024-06-10 10:35:59,960] {logging_mixin.py:103} INFO - [2024-06-10 10:35:59,960] {dagbag.py:440} INFO - Filling up the DagBag from /home/anhcu/Project/Stock_project/airflow_venv/lib/python3.8/site-packages/airflow/example_dags/example_branch_operator.py
[2024-06-10 10:35:59,973] {scheduler_job.py:639} INFO - DAG(s) dict_keys(['example_branch_operator']) retrieved from /home/anhcu/Project/Stock_project/airflow_venv/lib/python3.8/site-packages/airflow/example_dags/example_branch_operator.py
[2024-06-10 10:35:59,974] {logging_mixin.py:103} INFO - [2024-06-10 10:35:59,974] {dag.py:1813} INFO - Sync 1 DAGs
[2024-06-10 10:35:59,994] {logging_mixin.py:103} INFO - [2024-06-10 10:35:59,994] {dag.py:2266} INFO - Setting next_dagrun for example_branch_operator to 2024-06-08 00:00:00+00:00
[2024-06-10 10:36:00,008] {scheduler_job.py:189} INFO - Processing /home/anhcu/Project/Stock_project/airflow_venv/lib/python3.8/site-packages/airflow/example_dags/example_branch_operator.py took 0.057 seconds
