[2024-06-10 09:58:28,172] {scheduler_job.py:181} INFO - Started process (PID=62754) to work on /home/anhcu/Project/Stock_project/airflow_venv/lib/python3.8/site-packages/airflow/example_dags/example_skip_dag.py
[2024-06-10 09:58:28,174] {scheduler_job.py:629} INFO - Processing file /home/anhcu/Project/Stock_project/airflow_venv/lib/python3.8/site-packages/airflow/example_dags/example_skip_dag.py for tasks to queue
[2024-06-10 09:58:28,175] {logging_mixin.py:103} INFO - [2024-06-10 09:58:28,175] {dagbag.py:440} INFO - Filling up the DagBag from /home/anhcu/Project/Stock_project/airflow_venv/lib/python3.8/site-packages/airflow/example_dags/example_skip_dag.py
[2024-06-10 09:58:28,197] {scheduler_job.py:639} INFO - DAG(s) dict_keys(['example_skip_dag']) retrieved from /home/anhcu/Project/Stock_project/airflow_venv/lib/python3.8/site-packages/airflow/example_dags/example_skip_dag.py
[2024-06-10 09:58:28,202] {logging_mixin.py:103} INFO - [2024-06-10 09:58:28,202] {dag.py:1813} INFO - Sync 1 DAGs
[2024-06-10 09:58:28,370] {logging_mixin.py:103} INFO - [2024-06-10 09:58:28,370] {dag.py:2266} INFO - Setting next_dagrun for example_skip_dag to 2024-06-08 00:00:00+00:00
[2024-06-10 09:58:28,391] {scheduler_job.py:189} INFO - Processing /home/anhcu/Project/Stock_project/airflow_venv/lib/python3.8/site-packages/airflow/example_dags/example_skip_dag.py took 0.231 seconds
[2024-06-10 09:59:27,214] {scheduler_job.py:181} INFO - Started process (PID=63042) to work on /home/anhcu/Project/Stock_project/airflow_venv/lib/python3.8/site-packages/airflow/example_dags/example_skip_dag.py
[2024-06-10 09:59:27,224] {scheduler_job.py:629} INFO - Processing file /home/anhcu/Project/Stock_project/airflow_venv/lib/python3.8/site-packages/airflow/example_dags/example_skip_dag.py for tasks to queue
[2024-06-10 09:59:27,225] {logging_mixin.py:103} INFO - [2024-06-10 09:59:27,225] {dagbag.py:440} INFO - Filling up the DagBag from /home/anhcu/Project/Stock_project/airflow_venv/lib/python3.8/site-packages/airflow/example_dags/example_skip_dag.py
[2024-06-10 09:59:27,371] {scheduler_job.py:639} INFO - DAG(s) dict_keys(['example_skip_dag']) retrieved from /home/anhcu/Project/Stock_project/airflow_venv/lib/python3.8/site-packages/airflow/example_dags/example_skip_dag.py
[2024-06-10 09:59:27,373] {logging_mixin.py:103} INFO - [2024-06-10 09:59:27,373] {dag.py:1813} INFO - Sync 1 DAGs
[2024-06-10 09:59:27,396] {logging_mixin.py:103} INFO - [2024-06-10 09:59:27,396] {dag.py:2266} INFO - Setting next_dagrun for example_skip_dag to 2024-06-08 00:00:00+00:00
[2024-06-10 09:59:27,418] {scheduler_job.py:189} INFO - Processing /home/anhcu/Project/Stock_project/airflow_venv/lib/python3.8/site-packages/airflow/example_dags/example_skip_dag.py took 0.208 seconds
[2024-06-10 10:00:15,421] {scheduler_job.py:181} INFO - Started process (PID=63359) to work on /home/anhcu/Project/Stock_project/airflow_venv/lib/python3.8/site-packages/airflow/example_dags/example_skip_dag.py
[2024-06-10 10:00:15,427] {scheduler_job.py:629} INFO - Processing file /home/anhcu/Project/Stock_project/airflow_venv/lib/python3.8/site-packages/airflow/example_dags/example_skip_dag.py for tasks to queue
[2024-06-10 10:00:15,428] {logging_mixin.py:103} INFO - [2024-06-10 10:00:15,428] {dagbag.py:440} INFO - Filling up the DagBag from /home/anhcu/Project/Stock_project/airflow_venv/lib/python3.8/site-packages/airflow/example_dags/example_skip_dag.py
[2024-06-10 10:00:15,452] {scheduler_job.py:639} INFO - DAG(s) dict_keys(['example_skip_dag']) retrieved from /home/anhcu/Project/Stock_project/airflow_venv/lib/python3.8/site-packages/airflow/example_dags/example_skip_dag.py
[2024-06-10 10:00:15,455] {logging_mixin.py:103} INFO - [2024-06-10 10:00:15,455] {dag.py:1813} INFO - Sync 1 DAGs
[2024-06-10 10:00:15,870] {logging_mixin.py:103} INFO - [2024-06-10 10:00:15,870] {dag.py:2266} INFO - Setting next_dagrun for example_skip_dag to 2024-06-08 00:00:00+00:00
[2024-06-10 10:00:15,902] {scheduler_job.py:189} INFO - Processing /home/anhcu/Project/Stock_project/airflow_venv/lib/python3.8/site-packages/airflow/example_dags/example_skip_dag.py took 0.490 seconds
[2024-06-10 10:01:01,474] {scheduler_job.py:181} INFO - Started process (PID=63656) to work on /home/anhcu/Project/Stock_project/airflow_venv/lib/python3.8/site-packages/airflow/example_dags/example_skip_dag.py
[2024-06-10 10:01:01,476] {scheduler_job.py:629} INFO - Processing file /home/anhcu/Project/Stock_project/airflow_venv/lib/python3.8/site-packages/airflow/example_dags/example_skip_dag.py for tasks to queue
[2024-06-10 10:01:01,478] {logging_mixin.py:103} INFO - [2024-06-10 10:01:01,478] {dagbag.py:440} INFO - Filling up the DagBag from /home/anhcu/Project/Stock_project/airflow_venv/lib/python3.8/site-packages/airflow/example_dags/example_skip_dag.py
[2024-06-10 10:01:01,624] {scheduler_job.py:639} INFO - DAG(s) dict_keys(['example_skip_dag']) retrieved from /home/anhcu/Project/Stock_project/airflow_venv/lib/python3.8/site-packages/airflow/example_dags/example_skip_dag.py
[2024-06-10 10:01:01,626] {logging_mixin.py:103} INFO - [2024-06-10 10:01:01,625] {dag.py:1813} INFO - Sync 1 DAGs
[2024-06-10 10:01:01,645] {logging_mixin.py:103} INFO - [2024-06-10 10:01:01,645] {dag.py:2266} INFO - Setting next_dagrun for example_skip_dag to 2024-06-08 00:00:00+00:00
[2024-06-10 10:01:01,731] {scheduler_job.py:189} INFO - Processing /home/anhcu/Project/Stock_project/airflow_venv/lib/python3.8/site-packages/airflow/example_dags/example_skip_dag.py took 0.266 seconds
[2024-06-10 10:01:46,974] {scheduler_job.py:181} INFO - Started process (PID=63932) to work on /home/anhcu/Project/Stock_project/airflow_venv/lib/python3.8/site-packages/airflow/example_dags/example_skip_dag.py
[2024-06-10 10:01:47,122] {scheduler_job.py:629} INFO - Processing file /home/anhcu/Project/Stock_project/airflow_venv/lib/python3.8/site-packages/airflow/example_dags/example_skip_dag.py for tasks to queue
[2024-06-10 10:01:47,124] {logging_mixin.py:103} INFO - [2024-06-10 10:01:47,124] {dagbag.py:440} INFO - Filling up the DagBag from /home/anhcu/Project/Stock_project/airflow_venv/lib/python3.8/site-packages/airflow/example_dags/example_skip_dag.py
[2024-06-10 10:01:47,148] {scheduler_job.py:639} INFO - DAG(s) dict_keys(['example_skip_dag']) retrieved from /home/anhcu/Project/Stock_project/airflow_venv/lib/python3.8/site-packages/airflow/example_dags/example_skip_dag.py
[2024-06-10 10:01:47,150] {logging_mixin.py:103} INFO - [2024-06-10 10:01:47,150] {dag.py:1813} INFO - Sync 1 DAGs
[2024-06-10 10:01:47,204] {logging_mixin.py:103} INFO - [2024-06-10 10:01:47,204] {dag.py:2266} INFO - Setting next_dagrun for example_skip_dag to 2024-06-08 00:00:00+00:00
[2024-06-10 10:01:47,238] {scheduler_job.py:189} INFO - Processing /home/anhcu/Project/Stock_project/airflow_venv/lib/python3.8/site-packages/airflow/example_dags/example_skip_dag.py took 0.273 seconds
[2024-06-10 10:07:21,083] {scheduler_job.py:181} INFO - Started process (PID=67068) to work on /home/anhcu/Project/Stock_project/airflow_venv/lib/python3.8/site-packages/airflow/example_dags/example_skip_dag.py
[2024-06-10 10:07:21,086] {scheduler_job.py:629} INFO - Processing file /home/anhcu/Project/Stock_project/airflow_venv/lib/python3.8/site-packages/airflow/example_dags/example_skip_dag.py for tasks to queue
[2024-06-10 10:07:21,086] {logging_mixin.py:103} INFO - [2024-06-10 10:07:21,086] {dagbag.py:440} INFO - Filling up the DagBag from /home/anhcu/Project/Stock_project/airflow_venv/lib/python3.8/site-packages/airflow/example_dags/example_skip_dag.py
[2024-06-10 10:07:21,091] {scheduler_job.py:639} INFO - DAG(s) dict_keys(['example_skip_dag']) retrieved from /home/anhcu/Project/Stock_project/airflow_venv/lib/python3.8/site-packages/airflow/example_dags/example_skip_dag.py
[2024-06-10 10:07:21,092] {logging_mixin.py:103} INFO - [2024-06-10 10:07:21,092] {dag.py:1813} INFO - Sync 1 DAGs
[2024-06-10 10:07:21,108] {logging_mixin.py:103} INFO - [2024-06-10 10:07:21,108] {dag.py:2266} INFO - Setting next_dagrun for example_skip_dag to 2024-06-08 00:00:00+00:00
[2024-06-10 10:07:21,124] {scheduler_job.py:189} INFO - Processing /home/anhcu/Project/Stock_project/airflow_venv/lib/python3.8/site-packages/airflow/example_dags/example_skip_dag.py took 0.044 seconds
[2024-06-10 10:07:48,778] {scheduler_job.py:181} INFO - Started process (PID=67257) to work on /home/anhcu/Project/Stock_project/airflow_venv/lib/python3.8/site-packages/airflow/example_dags/example_skip_dag.py
[2024-06-10 10:07:48,780] {scheduler_job.py:629} INFO - Processing file /home/anhcu/Project/Stock_project/airflow_venv/lib/python3.8/site-packages/airflow/example_dags/example_skip_dag.py for tasks to queue
[2024-06-10 10:07:48,780] {logging_mixin.py:103} INFO - [2024-06-10 10:07:48,780] {dagbag.py:440} INFO - Filling up the DagBag from /home/anhcu/Project/Stock_project/airflow_venv/lib/python3.8/site-packages/airflow/example_dags/example_skip_dag.py
[2024-06-10 10:07:48,785] {scheduler_job.py:639} INFO - DAG(s) dict_keys(['example_skip_dag']) retrieved from /home/anhcu/Project/Stock_project/airflow_venv/lib/python3.8/site-packages/airflow/example_dags/example_skip_dag.py
[2024-06-10 10:07:48,787] {logging_mixin.py:103} INFO - [2024-06-10 10:07:48,786] {dag.py:1813} INFO - Sync 1 DAGs
[2024-06-10 10:07:48,802] {logging_mixin.py:103} INFO - [2024-06-10 10:07:48,802] {dag.py:2266} INFO - Setting next_dagrun for example_skip_dag to 2024-06-08 00:00:00+00:00
[2024-06-10 10:07:48,814] {scheduler_job.py:189} INFO - Processing /home/anhcu/Project/Stock_project/airflow_venv/lib/python3.8/site-packages/airflow/example_dags/example_skip_dag.py took 0.039 seconds
[2024-06-10 10:08:19,527] {scheduler_job.py:181} INFO - Started process (PID=67456) to work on /home/anhcu/Project/Stock_project/airflow_venv/lib/python3.8/site-packages/airflow/example_dags/example_skip_dag.py
[2024-06-10 10:08:19,529] {scheduler_job.py:629} INFO - Processing file /home/anhcu/Project/Stock_project/airflow_venv/lib/python3.8/site-packages/airflow/example_dags/example_skip_dag.py for tasks to queue
[2024-06-10 10:08:19,530] {logging_mixin.py:103} INFO - [2024-06-10 10:08:19,530] {dagbag.py:440} INFO - Filling up the DagBag from /home/anhcu/Project/Stock_project/airflow_venv/lib/python3.8/site-packages/airflow/example_dags/example_skip_dag.py
[2024-06-10 10:08:19,536] {scheduler_job.py:639} INFO - DAG(s) dict_keys(['example_skip_dag']) retrieved from /home/anhcu/Project/Stock_project/airflow_venv/lib/python3.8/site-packages/airflow/example_dags/example_skip_dag.py
[2024-06-10 10:08:19,537] {logging_mixin.py:103} INFO - [2024-06-10 10:08:19,537] {dag.py:1813} INFO - Sync 1 DAGs
[2024-06-10 10:08:19,553] {logging_mixin.py:103} INFO - [2024-06-10 10:08:19,552] {dag.py:2266} INFO - Setting next_dagrun for example_skip_dag to 2024-06-08 00:00:00+00:00
[2024-06-10 10:08:19,567] {scheduler_job.py:189} INFO - Processing /home/anhcu/Project/Stock_project/airflow_venv/lib/python3.8/site-packages/airflow/example_dags/example_skip_dag.py took 0.045 seconds
[2024-06-10 10:08:45,886] {scheduler_job.py:181} INFO - Started process (PID=67681) to work on /home/anhcu/Project/Stock_project/airflow_venv/lib/python3.8/site-packages/airflow/example_dags/example_skip_dag.py
[2024-06-10 10:08:45,888] {scheduler_job.py:629} INFO - Processing file /home/anhcu/Project/Stock_project/airflow_venv/lib/python3.8/site-packages/airflow/example_dags/example_skip_dag.py for tasks to queue
[2024-06-10 10:08:45,889] {logging_mixin.py:103} INFO - [2024-06-10 10:08:45,888] {dagbag.py:440} INFO - Filling up the DagBag from /home/anhcu/Project/Stock_project/airflow_venv/lib/python3.8/site-packages/airflow/example_dags/example_skip_dag.py
[2024-06-10 10:08:45,893] {scheduler_job.py:639} INFO - DAG(s) dict_keys(['example_skip_dag']) retrieved from /home/anhcu/Project/Stock_project/airflow_venv/lib/python3.8/site-packages/airflow/example_dags/example_skip_dag.py
[2024-06-10 10:08:45,894] {logging_mixin.py:103} INFO - [2024-06-10 10:08:45,894] {dag.py:1813} INFO - Sync 1 DAGs
[2024-06-10 10:08:45,910] {logging_mixin.py:103} INFO - [2024-06-10 10:08:45,910] {dag.py:2266} INFO - Setting next_dagrun for example_skip_dag to 2024-06-08 00:00:00+00:00
[2024-06-10 10:08:45,922] {scheduler_job.py:189} INFO - Processing /home/anhcu/Project/Stock_project/airflow_venv/lib/python3.8/site-packages/airflow/example_dags/example_skip_dag.py took 0.040 seconds
[2024-06-10 10:09:13,110] {scheduler_job.py:181} INFO - Started process (PID=67871) to work on /home/anhcu/Project/Stock_project/airflow_venv/lib/python3.8/site-packages/airflow/example_dags/example_skip_dag.py
[2024-06-10 10:09:13,111] {scheduler_job.py:629} INFO - Processing file /home/anhcu/Project/Stock_project/airflow_venv/lib/python3.8/site-packages/airflow/example_dags/example_skip_dag.py for tasks to queue
[2024-06-10 10:09:13,112] {logging_mixin.py:103} INFO - [2024-06-10 10:09:13,112] {dagbag.py:440} INFO - Filling up the DagBag from /home/anhcu/Project/Stock_project/airflow_venv/lib/python3.8/site-packages/airflow/example_dags/example_skip_dag.py
[2024-06-10 10:09:13,117] {scheduler_job.py:639} INFO - DAG(s) dict_keys(['example_skip_dag']) retrieved from /home/anhcu/Project/Stock_project/airflow_venv/lib/python3.8/site-packages/airflow/example_dags/example_skip_dag.py
[2024-06-10 10:09:13,118] {logging_mixin.py:103} INFO - [2024-06-10 10:09:13,118] {dag.py:1813} INFO - Sync 1 DAGs
[2024-06-10 10:09:13,138] {logging_mixin.py:103} INFO - [2024-06-10 10:09:13,138] {dag.py:2266} INFO - Setting next_dagrun for example_skip_dag to 2024-06-08 00:00:00+00:00
[2024-06-10 10:09:13,150] {scheduler_job.py:189} INFO - Processing /home/anhcu/Project/Stock_project/airflow_venv/lib/python3.8/site-packages/airflow/example_dags/example_skip_dag.py took 0.044 seconds
[2024-06-10 10:09:40,478] {scheduler_job.py:181} INFO - Started process (PID=68067) to work on /home/anhcu/Project/Stock_project/airflow_venv/lib/python3.8/site-packages/airflow/example_dags/example_skip_dag.py
[2024-06-10 10:09:40,480] {scheduler_job.py:629} INFO - Processing file /home/anhcu/Project/Stock_project/airflow_venv/lib/python3.8/site-packages/airflow/example_dags/example_skip_dag.py for tasks to queue
[2024-06-10 10:09:40,481] {logging_mixin.py:103} INFO - [2024-06-10 10:09:40,481] {dagbag.py:440} INFO - Filling up the DagBag from /home/anhcu/Project/Stock_project/airflow_venv/lib/python3.8/site-packages/airflow/example_dags/example_skip_dag.py
[2024-06-10 10:09:40,486] {scheduler_job.py:639} INFO - DAG(s) dict_keys(['example_skip_dag']) retrieved from /home/anhcu/Project/Stock_project/airflow_venv/lib/python3.8/site-packages/airflow/example_dags/example_skip_dag.py
[2024-06-10 10:09:40,488] {logging_mixin.py:103} INFO - [2024-06-10 10:09:40,487] {dag.py:1813} INFO - Sync 1 DAGs
[2024-06-10 10:09:40,503] {logging_mixin.py:103} INFO - [2024-06-10 10:09:40,503] {dag.py:2266} INFO - Setting next_dagrun for example_skip_dag to 2024-06-08 00:00:00+00:00
[2024-06-10 10:09:40,514] {scheduler_job.py:189} INFO - Processing /home/anhcu/Project/Stock_project/airflow_venv/lib/python3.8/site-packages/airflow/example_dags/example_skip_dag.py took 0.040 seconds
[2024-06-10 10:10:08,744] {scheduler_job.py:181} INFO - Started process (PID=68207) to work on /home/anhcu/Project/Stock_project/airflow_venv/lib/python3.8/site-packages/airflow/example_dags/example_skip_dag.py
[2024-06-10 10:10:08,751] {scheduler_job.py:629} INFO - Processing file /home/anhcu/Project/Stock_project/airflow_venv/lib/python3.8/site-packages/airflow/example_dags/example_skip_dag.py for tasks to queue
[2024-06-10 10:10:08,754] {logging_mixin.py:103} INFO - [2024-06-10 10:10:08,754] {dagbag.py:440} INFO - Filling up the DagBag from /home/anhcu/Project/Stock_project/airflow_venv/lib/python3.8/site-packages/airflow/example_dags/example_skip_dag.py
[2024-06-10 10:10:08,763] {scheduler_job.py:639} INFO - DAG(s) dict_keys(['example_skip_dag']) retrieved from /home/anhcu/Project/Stock_project/airflow_venv/lib/python3.8/site-packages/airflow/example_dags/example_skip_dag.py
[2024-06-10 10:10:08,765] {logging_mixin.py:103} INFO - [2024-06-10 10:10:08,765] {dag.py:1813} INFO - Sync 1 DAGs
[2024-06-10 10:10:08,795] {logging_mixin.py:103} INFO - [2024-06-10 10:10:08,795] {dag.py:2266} INFO - Setting next_dagrun for example_skip_dag to 2024-06-08 00:00:00+00:00
[2024-06-10 10:10:08,813] {scheduler_job.py:189} INFO - Processing /home/anhcu/Project/Stock_project/airflow_venv/lib/python3.8/site-packages/airflow/example_dags/example_skip_dag.py took 0.088 seconds
[2024-06-10 10:10:36,617] {scheduler_job.py:181} INFO - Started process (PID=68349) to work on /home/anhcu/Project/Stock_project/airflow_venv/lib/python3.8/site-packages/airflow/example_dags/example_skip_dag.py
[2024-06-10 10:10:36,619] {scheduler_job.py:629} INFO - Processing file /home/anhcu/Project/Stock_project/airflow_venv/lib/python3.8/site-packages/airflow/example_dags/example_skip_dag.py for tasks to queue
[2024-06-10 10:10:36,620] {logging_mixin.py:103} INFO - [2024-06-10 10:10:36,620] {dagbag.py:440} INFO - Filling up the DagBag from /home/anhcu/Project/Stock_project/airflow_venv/lib/python3.8/site-packages/airflow/example_dags/example_skip_dag.py
[2024-06-10 10:10:36,625] {scheduler_job.py:639} INFO - DAG(s) dict_keys(['example_skip_dag']) retrieved from /home/anhcu/Project/Stock_project/airflow_venv/lib/python3.8/site-packages/airflow/example_dags/example_skip_dag.py
[2024-06-10 10:10:36,626] {logging_mixin.py:103} INFO - [2024-06-10 10:10:36,626] {dag.py:1813} INFO - Sync 1 DAGs
[2024-06-10 10:10:36,641] {logging_mixin.py:103} INFO - [2024-06-10 10:10:36,641] {dag.py:2266} INFO - Setting next_dagrun for example_skip_dag to 2024-06-08 00:00:00+00:00
[2024-06-10 10:10:36,654] {scheduler_job.py:189} INFO - Processing /home/anhcu/Project/Stock_project/airflow_venv/lib/python3.8/site-packages/airflow/example_dags/example_skip_dag.py took 0.041 seconds
[2024-06-10 10:11:04,879] {scheduler_job.py:181} INFO - Started process (PID=68544) to work on /home/anhcu/Project/Stock_project/airflow_venv/lib/python3.8/site-packages/airflow/example_dags/example_skip_dag.py
[2024-06-10 10:11:04,880] {scheduler_job.py:629} INFO - Processing file /home/anhcu/Project/Stock_project/airflow_venv/lib/python3.8/site-packages/airflow/example_dags/example_skip_dag.py for tasks to queue
[2024-06-10 10:11:04,882] {logging_mixin.py:103} INFO - [2024-06-10 10:11:04,881] {dagbag.py:440} INFO - Filling up the DagBag from /home/anhcu/Project/Stock_project/airflow_venv/lib/python3.8/site-packages/airflow/example_dags/example_skip_dag.py
[2024-06-10 10:11:04,889] {scheduler_job.py:639} INFO - DAG(s) dict_keys(['example_skip_dag']) retrieved from /home/anhcu/Project/Stock_project/airflow_venv/lib/python3.8/site-packages/airflow/example_dags/example_skip_dag.py
[2024-06-10 10:11:04,890] {logging_mixin.py:103} INFO - [2024-06-10 10:11:04,890] {dag.py:1813} INFO - Sync 1 DAGs
[2024-06-10 10:11:04,910] {logging_mixin.py:103} INFO - [2024-06-10 10:11:04,910] {dag.py:2266} INFO - Setting next_dagrun for example_skip_dag to 2024-06-08 00:00:00+00:00
[2024-06-10 10:11:04,922] {scheduler_job.py:189} INFO - Processing /home/anhcu/Project/Stock_project/airflow_venv/lib/python3.8/site-packages/airflow/example_dags/example_skip_dag.py took 0.047 seconds
[2024-06-10 10:11:44,520] {scheduler_job.py:181} INFO - Started process (PID=68791) to work on /home/anhcu/Project/Stock_project/airflow_venv/lib/python3.8/site-packages/airflow/example_dags/example_skip_dag.py
[2024-06-10 10:11:44,522] {scheduler_job.py:629} INFO - Processing file /home/anhcu/Project/Stock_project/airflow_venv/lib/python3.8/site-packages/airflow/example_dags/example_skip_dag.py for tasks to queue
[2024-06-10 10:11:44,522] {logging_mixin.py:103} INFO - [2024-06-10 10:11:44,522] {dagbag.py:440} INFO - Filling up the DagBag from /home/anhcu/Project/Stock_project/airflow_venv/lib/python3.8/site-packages/airflow/example_dags/example_skip_dag.py
[2024-06-10 10:11:44,531] {scheduler_job.py:639} INFO - DAG(s) dict_keys(['example_skip_dag']) retrieved from /home/anhcu/Project/Stock_project/airflow_venv/lib/python3.8/site-packages/airflow/example_dags/example_skip_dag.py
[2024-06-10 10:11:44,532] {logging_mixin.py:103} INFO - [2024-06-10 10:11:44,532] {dag.py:1813} INFO - Sync 1 DAGs
[2024-06-10 10:11:44,547] {logging_mixin.py:103} INFO - [2024-06-10 10:11:44,547] {dag.py:2266} INFO - Setting next_dagrun for example_skip_dag to 2024-06-08 00:00:00+00:00
[2024-06-10 10:11:44,559] {scheduler_job.py:189} INFO - Processing /home/anhcu/Project/Stock_project/airflow_venv/lib/python3.8/site-packages/airflow/example_dags/example_skip_dag.py took 0.042 seconds
[2024-06-10 10:12:14,136] {scheduler_job.py:181} INFO - Started process (PID=68978) to work on /home/anhcu/Project/Stock_project/airflow_venv/lib/python3.8/site-packages/airflow/example_dags/example_skip_dag.py
[2024-06-10 10:12:14,138] {scheduler_job.py:629} INFO - Processing file /home/anhcu/Project/Stock_project/airflow_venv/lib/python3.8/site-packages/airflow/example_dags/example_skip_dag.py for tasks to queue
[2024-06-10 10:12:14,139] {logging_mixin.py:103} INFO - [2024-06-10 10:12:14,139] {dagbag.py:440} INFO - Filling up the DagBag from /home/anhcu/Project/Stock_project/airflow_venv/lib/python3.8/site-packages/airflow/example_dags/example_skip_dag.py
[2024-06-10 10:12:14,152] {scheduler_job.py:639} INFO - DAG(s) dict_keys(['example_skip_dag']) retrieved from /home/anhcu/Project/Stock_project/airflow_venv/lib/python3.8/site-packages/airflow/example_dags/example_skip_dag.py
[2024-06-10 10:12:14,153] {logging_mixin.py:103} INFO - [2024-06-10 10:12:14,153] {dag.py:1813} INFO - Sync 1 DAGs
[2024-06-10 10:12:14,174] {logging_mixin.py:103} INFO - [2024-06-10 10:12:14,174] {dag.py:2266} INFO - Setting next_dagrun for example_skip_dag to 2024-06-08 00:00:00+00:00
[2024-06-10 10:12:14,196] {scheduler_job.py:189} INFO - Processing /home/anhcu/Project/Stock_project/airflow_venv/lib/python3.8/site-packages/airflow/example_dags/example_skip_dag.py took 0.064 seconds
[2024-06-10 10:12:45,144] {scheduler_job.py:181} INFO - Started process (PID=69149) to work on /home/anhcu/Project/Stock_project/airflow_venv/lib/python3.8/site-packages/airflow/example_dags/example_skip_dag.py
[2024-06-10 10:12:45,146] {scheduler_job.py:629} INFO - Processing file /home/anhcu/Project/Stock_project/airflow_venv/lib/python3.8/site-packages/airflow/example_dags/example_skip_dag.py for tasks to queue
[2024-06-10 10:12:45,147] {logging_mixin.py:103} INFO - [2024-06-10 10:12:45,147] {dagbag.py:440} INFO - Filling up the DagBag from /home/anhcu/Project/Stock_project/airflow_venv/lib/python3.8/site-packages/airflow/example_dags/example_skip_dag.py
[2024-06-10 10:12:45,155] {scheduler_job.py:639} INFO - DAG(s) dict_keys(['example_skip_dag']) retrieved from /home/anhcu/Project/Stock_project/airflow_venv/lib/python3.8/site-packages/airflow/example_dags/example_skip_dag.py
[2024-06-10 10:12:45,156] {logging_mixin.py:103} INFO - [2024-06-10 10:12:45,156] {dag.py:1813} INFO - Sync 1 DAGs
[2024-06-10 10:12:45,171] {logging_mixin.py:103} INFO - [2024-06-10 10:12:45,171] {dag.py:2266} INFO - Setting next_dagrun for example_skip_dag to 2024-06-08 00:00:00+00:00
[2024-06-10 10:12:45,184] {scheduler_job.py:189} INFO - Processing /home/anhcu/Project/Stock_project/airflow_venv/lib/python3.8/site-packages/airflow/example_dags/example_skip_dag.py took 0.043 seconds
[2024-06-10 10:13:14,848] {scheduler_job.py:181} INFO - Started process (PID=69303) to work on /home/anhcu/Project/Stock_project/airflow_venv/lib/python3.8/site-packages/airflow/example_dags/example_skip_dag.py
[2024-06-10 10:13:14,849] {scheduler_job.py:629} INFO - Processing file /home/anhcu/Project/Stock_project/airflow_venv/lib/python3.8/site-packages/airflow/example_dags/example_skip_dag.py for tasks to queue
[2024-06-10 10:13:14,851] {logging_mixin.py:103} INFO - [2024-06-10 10:13:14,851] {dagbag.py:440} INFO - Filling up the DagBag from /home/anhcu/Project/Stock_project/airflow_venv/lib/python3.8/site-packages/airflow/example_dags/example_skip_dag.py
[2024-06-10 10:13:14,860] {scheduler_job.py:639} INFO - DAG(s) dict_keys(['example_skip_dag']) retrieved from /home/anhcu/Project/Stock_project/airflow_venv/lib/python3.8/site-packages/airflow/example_dags/example_skip_dag.py
[2024-06-10 10:13:14,861] {logging_mixin.py:103} INFO - [2024-06-10 10:13:14,861] {dag.py:1813} INFO - Sync 1 DAGs
[2024-06-10 10:13:14,877] {logging_mixin.py:103} INFO - [2024-06-10 10:13:14,877] {dag.py:2266} INFO - Setting next_dagrun for example_skip_dag to 2024-06-08 00:00:00+00:00
[2024-06-10 10:13:14,891] {scheduler_job.py:189} INFO - Processing /home/anhcu/Project/Stock_project/airflow_venv/lib/python3.8/site-packages/airflow/example_dags/example_skip_dag.py took 0.047 seconds
[2024-06-10 10:13:44,215] {scheduler_job.py:181} INFO - Started process (PID=69457) to work on /home/anhcu/Project/Stock_project/airflow_venv/lib/python3.8/site-packages/airflow/example_dags/example_skip_dag.py
[2024-06-10 10:13:44,216] {scheduler_job.py:629} INFO - Processing file /home/anhcu/Project/Stock_project/airflow_venv/lib/python3.8/site-packages/airflow/example_dags/example_skip_dag.py for tasks to queue
[2024-06-10 10:13:44,217] {logging_mixin.py:103} INFO - [2024-06-10 10:13:44,217] {dagbag.py:440} INFO - Filling up the DagBag from /home/anhcu/Project/Stock_project/airflow_venv/lib/python3.8/site-packages/airflow/example_dags/example_skip_dag.py
[2024-06-10 10:13:44,227] {scheduler_job.py:639} INFO - DAG(s) dict_keys(['example_skip_dag']) retrieved from /home/anhcu/Project/Stock_project/airflow_venv/lib/python3.8/site-packages/airflow/example_dags/example_skip_dag.py
[2024-06-10 10:13:44,229] {logging_mixin.py:103} INFO - [2024-06-10 10:13:44,229] {dag.py:1813} INFO - Sync 1 DAGs
[2024-06-10 10:13:44,246] {logging_mixin.py:103} INFO - [2024-06-10 10:13:44,245] {dag.py:2266} INFO - Setting next_dagrun for example_skip_dag to 2024-06-08 00:00:00+00:00
[2024-06-10 10:13:44,259] {scheduler_job.py:189} INFO - Processing /home/anhcu/Project/Stock_project/airflow_venv/lib/python3.8/site-packages/airflow/example_dags/example_skip_dag.py took 0.049 seconds
[2024-06-10 10:14:13,344] {scheduler_job.py:181} INFO - Started process (PID=69612) to work on /home/anhcu/Project/Stock_project/airflow_venv/lib/python3.8/site-packages/airflow/example_dags/example_skip_dag.py
[2024-06-10 10:14:13,345] {scheduler_job.py:629} INFO - Processing file /home/anhcu/Project/Stock_project/airflow_venv/lib/python3.8/site-packages/airflow/example_dags/example_skip_dag.py for tasks to queue
[2024-06-10 10:14:13,346] {logging_mixin.py:103} INFO - [2024-06-10 10:14:13,346] {dagbag.py:440} INFO - Filling up the DagBag from /home/anhcu/Project/Stock_project/airflow_venv/lib/python3.8/site-packages/airflow/example_dags/example_skip_dag.py
[2024-06-10 10:14:13,355] {scheduler_job.py:639} INFO - DAG(s) dict_keys(['example_skip_dag']) retrieved from /home/anhcu/Project/Stock_project/airflow_venv/lib/python3.8/site-packages/airflow/example_dags/example_skip_dag.py
[2024-06-10 10:14:13,356] {logging_mixin.py:103} INFO - [2024-06-10 10:14:13,356] {dag.py:1813} INFO - Sync 1 DAGs
[2024-06-10 10:14:13,371] {logging_mixin.py:103} INFO - [2024-06-10 10:14:13,371] {dag.py:2266} INFO - Setting next_dagrun for example_skip_dag to 2024-06-08 00:00:00+00:00
[2024-06-10 10:14:13,385] {scheduler_job.py:189} INFO - Processing /home/anhcu/Project/Stock_project/airflow_venv/lib/python3.8/site-packages/airflow/example_dags/example_skip_dag.py took 0.045 seconds
[2024-06-10 10:14:42,613] {scheduler_job.py:181} INFO - Started process (PID=69773) to work on /home/anhcu/Project/Stock_project/airflow_venv/lib/python3.8/site-packages/airflow/example_dags/example_skip_dag.py
[2024-06-10 10:14:42,614] {scheduler_job.py:629} INFO - Processing file /home/anhcu/Project/Stock_project/airflow_venv/lib/python3.8/site-packages/airflow/example_dags/example_skip_dag.py for tasks to queue
[2024-06-10 10:14:42,615] {logging_mixin.py:103} INFO - [2024-06-10 10:14:42,615] {dagbag.py:440} INFO - Filling up the DagBag from /home/anhcu/Project/Stock_project/airflow_venv/lib/python3.8/site-packages/airflow/example_dags/example_skip_dag.py
[2024-06-10 10:14:42,625] {scheduler_job.py:639} INFO - DAG(s) dict_keys(['example_skip_dag']) retrieved from /home/anhcu/Project/Stock_project/airflow_venv/lib/python3.8/site-packages/airflow/example_dags/example_skip_dag.py
[2024-06-10 10:14:42,626] {logging_mixin.py:103} INFO - [2024-06-10 10:14:42,625] {dag.py:1813} INFO - Sync 1 DAGs
[2024-06-10 10:14:42,642] {logging_mixin.py:103} INFO - [2024-06-10 10:14:42,642] {dag.py:2266} INFO - Setting next_dagrun for example_skip_dag to 2024-06-08 00:00:00+00:00
[2024-06-10 10:14:42,657] {scheduler_job.py:189} INFO - Processing /home/anhcu/Project/Stock_project/airflow_venv/lib/python3.8/site-packages/airflow/example_dags/example_skip_dag.py took 0.048 seconds
[2024-06-10 10:15:20,363] {scheduler_job.py:181} INFO - Started process (PID=69982) to work on /home/anhcu/Project/Stock_project/airflow_venv/lib/python3.8/site-packages/airflow/example_dags/example_skip_dag.py
[2024-06-10 10:15:20,365] {scheduler_job.py:629} INFO - Processing file /home/anhcu/Project/Stock_project/airflow_venv/lib/python3.8/site-packages/airflow/example_dags/example_skip_dag.py for tasks to queue
[2024-06-10 10:15:20,366] {logging_mixin.py:103} INFO - [2024-06-10 10:15:20,366] {dagbag.py:440} INFO - Filling up the DagBag from /home/anhcu/Project/Stock_project/airflow_venv/lib/python3.8/site-packages/airflow/example_dags/example_skip_dag.py
[2024-06-10 10:15:20,379] {scheduler_job.py:639} INFO - DAG(s) dict_keys(['example_skip_dag']) retrieved from /home/anhcu/Project/Stock_project/airflow_venv/lib/python3.8/site-packages/airflow/example_dags/example_skip_dag.py
[2024-06-10 10:15:20,381] {logging_mixin.py:103} INFO - [2024-06-10 10:15:20,381] {dag.py:1813} INFO - Sync 1 DAGs
[2024-06-10 10:15:20,404] {logging_mixin.py:103} INFO - [2024-06-10 10:15:20,404] {dag.py:2266} INFO - Setting next_dagrun for example_skip_dag to 2024-06-08 00:00:00+00:00
[2024-06-10 10:15:20,421] {scheduler_job.py:189} INFO - Processing /home/anhcu/Project/Stock_project/airflow_venv/lib/python3.8/site-packages/airflow/example_dags/example_skip_dag.py took 0.063 seconds
[2024-06-10 10:15:51,851] {scheduler_job.py:181} INFO - Started process (PID=70185) to work on /home/anhcu/Project/Stock_project/airflow_venv/lib/python3.8/site-packages/airflow/example_dags/example_skip_dag.py
[2024-06-10 10:15:51,853] {scheduler_job.py:629} INFO - Processing file /home/anhcu/Project/Stock_project/airflow_venv/lib/python3.8/site-packages/airflow/example_dags/example_skip_dag.py for tasks to queue
[2024-06-10 10:15:51,854] {logging_mixin.py:103} INFO - [2024-06-10 10:15:51,854] {dagbag.py:440} INFO - Filling up the DagBag from /home/anhcu/Project/Stock_project/airflow_venv/lib/python3.8/site-packages/airflow/example_dags/example_skip_dag.py
[2024-06-10 10:15:51,866] {scheduler_job.py:639} INFO - DAG(s) dict_keys(['example_skip_dag']) retrieved from /home/anhcu/Project/Stock_project/airflow_venv/lib/python3.8/site-packages/airflow/example_dags/example_skip_dag.py
[2024-06-10 10:15:51,868] {logging_mixin.py:103} INFO - [2024-06-10 10:15:51,868] {dag.py:1813} INFO - Sync 1 DAGs
[2024-06-10 10:15:51,892] {logging_mixin.py:103} INFO - [2024-06-10 10:15:51,892] {dag.py:2266} INFO - Setting next_dagrun for example_skip_dag to 2024-06-08 00:00:00+00:00
[2024-06-10 10:15:51,914] {scheduler_job.py:189} INFO - Processing /home/anhcu/Project/Stock_project/airflow_venv/lib/python3.8/site-packages/airflow/example_dags/example_skip_dag.py took 0.068 seconds
[2024-06-10 10:16:20,894] {scheduler_job.py:181} INFO - Started process (PID=70379) to work on /home/anhcu/Project/Stock_project/airflow_venv/lib/python3.8/site-packages/airflow/example_dags/example_skip_dag.py
[2024-06-10 10:16:20,895] {scheduler_job.py:629} INFO - Processing file /home/anhcu/Project/Stock_project/airflow_venv/lib/python3.8/site-packages/airflow/example_dags/example_skip_dag.py for tasks to queue
[2024-06-10 10:16:20,896] {logging_mixin.py:103} INFO - [2024-06-10 10:16:20,896] {dagbag.py:440} INFO - Filling up the DagBag from /home/anhcu/Project/Stock_project/airflow_venv/lib/python3.8/site-packages/airflow/example_dags/example_skip_dag.py
[2024-06-10 10:16:20,907] {scheduler_job.py:639} INFO - DAG(s) dict_keys(['example_skip_dag']) retrieved from /home/anhcu/Project/Stock_project/airflow_venv/lib/python3.8/site-packages/airflow/example_dags/example_skip_dag.py
[2024-06-10 10:16:20,908] {logging_mixin.py:103} INFO - [2024-06-10 10:16:20,908] {dag.py:1813} INFO - Sync 1 DAGs
[2024-06-10 10:16:20,926] {logging_mixin.py:103} INFO - [2024-06-10 10:16:20,926] {dag.py:2266} INFO - Setting next_dagrun for example_skip_dag to 2024-06-08 00:00:00+00:00
[2024-06-10 10:16:20,942] {scheduler_job.py:189} INFO - Processing /home/anhcu/Project/Stock_project/airflow_venv/lib/python3.8/site-packages/airflow/example_dags/example_skip_dag.py took 0.052 seconds
[2024-06-10 10:16:50,503] {scheduler_job.py:181} INFO - Started process (PID=70647) to work on /home/anhcu/Project/Stock_project/airflow_venv/lib/python3.8/site-packages/airflow/example_dags/example_skip_dag.py
[2024-06-10 10:16:50,505] {scheduler_job.py:629} INFO - Processing file /home/anhcu/Project/Stock_project/airflow_venv/lib/python3.8/site-packages/airflow/example_dags/example_skip_dag.py for tasks to queue
[2024-06-10 10:16:50,506] {logging_mixin.py:103} INFO - [2024-06-10 10:16:50,505] {dagbag.py:440} INFO - Filling up the DagBag from /home/anhcu/Project/Stock_project/airflow_venv/lib/python3.8/site-packages/airflow/example_dags/example_skip_dag.py
[2024-06-10 10:16:50,515] {scheduler_job.py:639} INFO - DAG(s) dict_keys(['example_skip_dag']) retrieved from /home/anhcu/Project/Stock_project/airflow_venv/lib/python3.8/site-packages/airflow/example_dags/example_skip_dag.py
[2024-06-10 10:16:50,516] {logging_mixin.py:103} INFO - [2024-06-10 10:16:50,516] {dag.py:1813} INFO - Sync 1 DAGs
[2024-06-10 10:16:50,532] {logging_mixin.py:103} INFO - [2024-06-10 10:16:50,532] {dag.py:2266} INFO - Setting next_dagrun for example_skip_dag to 2024-06-08 00:00:00+00:00
[2024-06-10 10:16:50,545] {scheduler_job.py:189} INFO - Processing /home/anhcu/Project/Stock_project/airflow_venv/lib/python3.8/site-packages/airflow/example_dags/example_skip_dag.py took 0.046 seconds
[2024-06-10 10:17:20,672] {scheduler_job.py:181} INFO - Started process (PID=70877) to work on /home/anhcu/Project/Stock_project/airflow_venv/lib/python3.8/site-packages/airflow/example_dags/example_skip_dag.py
[2024-06-10 10:17:20,673] {scheduler_job.py:629} INFO - Processing file /home/anhcu/Project/Stock_project/airflow_venv/lib/python3.8/site-packages/airflow/example_dags/example_skip_dag.py for tasks to queue
[2024-06-10 10:17:20,674] {logging_mixin.py:103} INFO - [2024-06-10 10:17:20,674] {dagbag.py:440} INFO - Filling up the DagBag from /home/anhcu/Project/Stock_project/airflow_venv/lib/python3.8/site-packages/airflow/example_dags/example_skip_dag.py
[2024-06-10 10:17:20,684] {scheduler_job.py:639} INFO - DAG(s) dict_keys(['example_skip_dag']) retrieved from /home/anhcu/Project/Stock_project/airflow_venv/lib/python3.8/site-packages/airflow/example_dags/example_skip_dag.py
[2024-06-10 10:17:20,685] {logging_mixin.py:103} INFO - [2024-06-10 10:17:20,685] {dag.py:1813} INFO - Sync 1 DAGs
[2024-06-10 10:17:20,705] {logging_mixin.py:103} INFO - [2024-06-10 10:17:20,705] {dag.py:2266} INFO - Setting next_dagrun for example_skip_dag to 2024-06-08 00:00:00+00:00
[2024-06-10 10:17:20,719] {scheduler_job.py:189} INFO - Processing /home/anhcu/Project/Stock_project/airflow_venv/lib/python3.8/site-packages/airflow/example_dags/example_skip_dag.py took 0.050 seconds
[2024-06-10 10:17:51,411] {scheduler_job.py:181} INFO - Started process (PID=71033) to work on /home/anhcu/Project/Stock_project/airflow_venv/lib/python3.8/site-packages/airflow/example_dags/example_skip_dag.py
[2024-06-10 10:17:51,413] {scheduler_job.py:629} INFO - Processing file /home/anhcu/Project/Stock_project/airflow_venv/lib/python3.8/site-packages/airflow/example_dags/example_skip_dag.py for tasks to queue
[2024-06-10 10:17:51,414] {logging_mixin.py:103} INFO - [2024-06-10 10:17:51,414] {dagbag.py:440} INFO - Filling up the DagBag from /home/anhcu/Project/Stock_project/airflow_venv/lib/python3.8/site-packages/airflow/example_dags/example_skip_dag.py
[2024-06-10 10:17:51,425] {scheduler_job.py:639} INFO - DAG(s) dict_keys(['example_skip_dag']) retrieved from /home/anhcu/Project/Stock_project/airflow_venv/lib/python3.8/site-packages/airflow/example_dags/example_skip_dag.py
[2024-06-10 10:17:51,426] {logging_mixin.py:103} INFO - [2024-06-10 10:17:51,426] {dag.py:1813} INFO - Sync 1 DAGs
[2024-06-10 10:17:51,442] {logging_mixin.py:103} INFO - [2024-06-10 10:17:51,442] {dag.py:2266} INFO - Setting next_dagrun for example_skip_dag to 2024-06-08 00:00:00+00:00
[2024-06-10 10:17:51,455] {scheduler_job.py:189} INFO - Processing /home/anhcu/Project/Stock_project/airflow_venv/lib/python3.8/site-packages/airflow/example_dags/example_skip_dag.py took 0.049 seconds
[2024-06-10 10:18:21,052] {scheduler_job.py:181} INFO - Started process (PID=71280) to work on /home/anhcu/Project/Stock_project/airflow_venv/lib/python3.8/site-packages/airflow/example_dags/example_skip_dag.py
[2024-06-10 10:18:21,054] {scheduler_job.py:629} INFO - Processing file /home/anhcu/Project/Stock_project/airflow_venv/lib/python3.8/site-packages/airflow/example_dags/example_skip_dag.py for tasks to queue
[2024-06-10 10:18:21,054] {logging_mixin.py:103} INFO - [2024-06-10 10:18:21,054] {dagbag.py:440} INFO - Filling up the DagBag from /home/anhcu/Project/Stock_project/airflow_venv/lib/python3.8/site-packages/airflow/example_dags/example_skip_dag.py
[2024-06-10 10:18:21,063] {scheduler_job.py:639} INFO - DAG(s) dict_keys(['example_skip_dag']) retrieved from /home/anhcu/Project/Stock_project/airflow_venv/lib/python3.8/site-packages/airflow/example_dags/example_skip_dag.py
[2024-06-10 10:18:21,065] {logging_mixin.py:103} INFO - [2024-06-10 10:18:21,065] {dag.py:1813} INFO - Sync 1 DAGs
[2024-06-10 10:18:21,081] {logging_mixin.py:103} INFO - [2024-06-10 10:18:21,081] {dag.py:2266} INFO - Setting next_dagrun for example_skip_dag to 2024-06-08 00:00:00+00:00
[2024-06-10 10:18:21,094] {scheduler_job.py:189} INFO - Processing /home/anhcu/Project/Stock_project/airflow_venv/lib/python3.8/site-packages/airflow/example_dags/example_skip_dag.py took 0.045 seconds
[2024-06-10 10:18:52,060] {scheduler_job.py:181} INFO - Started process (PID=71698) to work on /home/anhcu/Project/Stock_project/airflow_venv/lib/python3.8/site-packages/airflow/example_dags/example_skip_dag.py
[2024-06-10 10:18:52,063] {scheduler_job.py:629} INFO - Processing file /home/anhcu/Project/Stock_project/airflow_venv/lib/python3.8/site-packages/airflow/example_dags/example_skip_dag.py for tasks to queue
[2024-06-10 10:18:52,064] {logging_mixin.py:103} INFO - [2024-06-10 10:18:52,064] {dagbag.py:440} INFO - Filling up the DagBag from /home/anhcu/Project/Stock_project/airflow_venv/lib/python3.8/site-packages/airflow/example_dags/example_skip_dag.py
[2024-06-10 10:18:52,073] {scheduler_job.py:639} INFO - DAG(s) dict_keys(['example_skip_dag']) retrieved from /home/anhcu/Project/Stock_project/airflow_venv/lib/python3.8/site-packages/airflow/example_dags/example_skip_dag.py
[2024-06-10 10:18:52,074] {logging_mixin.py:103} INFO - [2024-06-10 10:18:52,074] {dag.py:1813} INFO - Sync 1 DAGs
[2024-06-10 10:18:52,092] {logging_mixin.py:103} INFO - [2024-06-10 10:18:52,092] {dag.py:2266} INFO - Setting next_dagrun for example_skip_dag to 2024-06-08 00:00:00+00:00
[2024-06-10 10:18:52,104] {scheduler_job.py:189} INFO - Processing /home/anhcu/Project/Stock_project/airflow_venv/lib/python3.8/site-packages/airflow/example_dags/example_skip_dag.py took 0.047 seconds
[2024-06-10 10:19:21,808] {scheduler_job.py:181} INFO - Started process (PID=71905) to work on /home/anhcu/Project/Stock_project/airflow_venv/lib/python3.8/site-packages/airflow/example_dags/example_skip_dag.py
[2024-06-10 10:19:21,809] {scheduler_job.py:629} INFO - Processing file /home/anhcu/Project/Stock_project/airflow_venv/lib/python3.8/site-packages/airflow/example_dags/example_skip_dag.py for tasks to queue
[2024-06-10 10:19:21,810] {logging_mixin.py:103} INFO - [2024-06-10 10:19:21,810] {dagbag.py:440} INFO - Filling up the DagBag from /home/anhcu/Project/Stock_project/airflow_venv/lib/python3.8/site-packages/airflow/example_dags/example_skip_dag.py
[2024-06-10 10:19:21,819] {scheduler_job.py:639} INFO - DAG(s) dict_keys(['example_skip_dag']) retrieved from /home/anhcu/Project/Stock_project/airflow_venv/lib/python3.8/site-packages/airflow/example_dags/example_skip_dag.py
[2024-06-10 10:19:21,820] {logging_mixin.py:103} INFO - [2024-06-10 10:19:21,820] {dag.py:1813} INFO - Sync 1 DAGs
[2024-06-10 10:19:21,837] {logging_mixin.py:103} INFO - [2024-06-10 10:19:21,837] {dag.py:2266} INFO - Setting next_dagrun for example_skip_dag to 2024-06-08 00:00:00+00:00
[2024-06-10 10:19:21,849] {scheduler_job.py:189} INFO - Processing /home/anhcu/Project/Stock_project/airflow_venv/lib/python3.8/site-packages/airflow/example_dags/example_skip_dag.py took 0.044 seconds
[2024-06-10 10:20:01,950] {scheduler_job.py:181} INFO - Started process (PID=72305) to work on /home/anhcu/Project/Stock_project/airflow_venv/lib/python3.8/site-packages/airflow/example_dags/example_skip_dag.py
[2024-06-10 10:20:01,952] {scheduler_job.py:629} INFO - Processing file /home/anhcu/Project/Stock_project/airflow_venv/lib/python3.8/site-packages/airflow/example_dags/example_skip_dag.py for tasks to queue
[2024-06-10 10:20:01,953] {logging_mixin.py:103} INFO - [2024-06-10 10:20:01,953] {dagbag.py:440} INFO - Filling up the DagBag from /home/anhcu/Project/Stock_project/airflow_venv/lib/python3.8/site-packages/airflow/example_dags/example_skip_dag.py
[2024-06-10 10:20:01,962] {scheduler_job.py:639} INFO - DAG(s) dict_keys(['example_skip_dag']) retrieved from /home/anhcu/Project/Stock_project/airflow_venv/lib/python3.8/site-packages/airflow/example_dags/example_skip_dag.py
[2024-06-10 10:20:01,963] {logging_mixin.py:103} INFO - [2024-06-10 10:20:01,963] {dag.py:1813} INFO - Sync 1 DAGs
[2024-06-10 10:20:01,980] {logging_mixin.py:103} INFO - [2024-06-10 10:20:01,980] {dag.py:2266} INFO - Setting next_dagrun for example_skip_dag to 2024-06-08 00:00:00+00:00
[2024-06-10 10:20:01,992] {scheduler_job.py:189} INFO - Processing /home/anhcu/Project/Stock_project/airflow_venv/lib/python3.8/site-packages/airflow/example_dags/example_skip_dag.py took 0.045 seconds
[2024-06-10 10:20:31,689] {scheduler_job.py:181} INFO - Started process (PID=72560) to work on /home/anhcu/Project/Stock_project/airflow_venv/lib/python3.8/site-packages/airflow/example_dags/example_skip_dag.py
[2024-06-10 10:20:31,691] {scheduler_job.py:629} INFO - Processing file /home/anhcu/Project/Stock_project/airflow_venv/lib/python3.8/site-packages/airflow/example_dags/example_skip_dag.py for tasks to queue
[2024-06-10 10:20:31,692] {logging_mixin.py:103} INFO - [2024-06-10 10:20:31,692] {dagbag.py:440} INFO - Filling up the DagBag from /home/anhcu/Project/Stock_project/airflow_venv/lib/python3.8/site-packages/airflow/example_dags/example_skip_dag.py
[2024-06-10 10:20:31,703] {scheduler_job.py:639} INFO - DAG(s) dict_keys(['example_skip_dag']) retrieved from /home/anhcu/Project/Stock_project/airflow_venv/lib/python3.8/site-packages/airflow/example_dags/example_skip_dag.py
[2024-06-10 10:20:31,704] {logging_mixin.py:103} INFO - [2024-06-10 10:20:31,704] {dag.py:1813} INFO - Sync 1 DAGs
[2024-06-10 10:20:31,724] {logging_mixin.py:103} INFO - [2024-06-10 10:20:31,724] {dag.py:2266} INFO - Setting next_dagrun for example_skip_dag to 2024-06-08 00:00:00+00:00
[2024-06-10 10:20:31,737] {scheduler_job.py:189} INFO - Processing /home/anhcu/Project/Stock_project/airflow_venv/lib/python3.8/site-packages/airflow/example_dags/example_skip_dag.py took 0.052 seconds
[2024-06-10 10:21:03,102] {scheduler_job.py:181} INFO - Started process (PID=72793) to work on /home/anhcu/Project/Stock_project/airflow_venv/lib/python3.8/site-packages/airflow/example_dags/example_skip_dag.py
[2024-06-10 10:21:03,104] {scheduler_job.py:629} INFO - Processing file /home/anhcu/Project/Stock_project/airflow_venv/lib/python3.8/site-packages/airflow/example_dags/example_skip_dag.py for tasks to queue
[2024-06-10 10:21:03,105] {logging_mixin.py:103} INFO - [2024-06-10 10:21:03,105] {dagbag.py:440} INFO - Filling up the DagBag from /home/anhcu/Project/Stock_project/airflow_venv/lib/python3.8/site-packages/airflow/example_dags/example_skip_dag.py
[2024-06-10 10:21:03,118] {scheduler_job.py:639} INFO - DAG(s) dict_keys(['example_skip_dag']) retrieved from /home/anhcu/Project/Stock_project/airflow_venv/lib/python3.8/site-packages/airflow/example_dags/example_skip_dag.py
[2024-06-10 10:21:03,120] {logging_mixin.py:103} INFO - [2024-06-10 10:21:03,119] {dag.py:1813} INFO - Sync 1 DAGs
[2024-06-10 10:21:03,143] {logging_mixin.py:103} INFO - [2024-06-10 10:21:03,143] {dag.py:2266} INFO - Setting next_dagrun for example_skip_dag to 2024-06-08 00:00:00+00:00
[2024-06-10 10:21:03,165] {scheduler_job.py:189} INFO - Processing /home/anhcu/Project/Stock_project/airflow_venv/lib/python3.8/site-packages/airflow/example_dags/example_skip_dag.py took 0.068 seconds
[2024-06-10 10:21:33,870] {scheduler_job.py:181} INFO - Started process (PID=72950) to work on /home/anhcu/Project/Stock_project/airflow_venv/lib/python3.8/site-packages/airflow/example_dags/example_skip_dag.py
[2024-06-10 10:21:33,872] {scheduler_job.py:629} INFO - Processing file /home/anhcu/Project/Stock_project/airflow_venv/lib/python3.8/site-packages/airflow/example_dags/example_skip_dag.py for tasks to queue
[2024-06-10 10:21:33,873] {logging_mixin.py:103} INFO - [2024-06-10 10:21:33,873] {dagbag.py:440} INFO - Filling up the DagBag from /home/anhcu/Project/Stock_project/airflow_venv/lib/python3.8/site-packages/airflow/example_dags/example_skip_dag.py
[2024-06-10 10:21:33,889] {scheduler_job.py:639} INFO - DAG(s) dict_keys(['example_skip_dag']) retrieved from /home/anhcu/Project/Stock_project/airflow_venv/lib/python3.8/site-packages/airflow/example_dags/example_skip_dag.py
[2024-06-10 10:21:33,890] {logging_mixin.py:103} INFO - [2024-06-10 10:21:33,890] {dag.py:1813} INFO - Sync 1 DAGs
[2024-06-10 10:21:33,912] {logging_mixin.py:103} INFO - [2024-06-10 10:21:33,912] {dag.py:2266} INFO - Setting next_dagrun for example_skip_dag to 2024-06-08 00:00:00+00:00
[2024-06-10 10:21:33,929] {scheduler_job.py:189} INFO - Processing /home/anhcu/Project/Stock_project/airflow_venv/lib/python3.8/site-packages/airflow/example_dags/example_skip_dag.py took 0.063 seconds
[2024-06-10 10:22:02,794] {scheduler_job.py:181} INFO - Started process (PID=73183) to work on /home/anhcu/Project/Stock_project/airflow_venv/lib/python3.8/site-packages/airflow/example_dags/example_skip_dag.py
[2024-06-10 10:22:02,796] {scheduler_job.py:629} INFO - Processing file /home/anhcu/Project/Stock_project/airflow_venv/lib/python3.8/site-packages/airflow/example_dags/example_skip_dag.py for tasks to queue
[2024-06-10 10:22:02,797] {logging_mixin.py:103} INFO - [2024-06-10 10:22:02,796] {dagbag.py:440} INFO - Filling up the DagBag from /home/anhcu/Project/Stock_project/airflow_venv/lib/python3.8/site-packages/airflow/example_dags/example_skip_dag.py
[2024-06-10 10:22:02,808] {scheduler_job.py:639} INFO - DAG(s) dict_keys(['example_skip_dag']) retrieved from /home/anhcu/Project/Stock_project/airflow_venv/lib/python3.8/site-packages/airflow/example_dags/example_skip_dag.py
[2024-06-10 10:22:02,809] {logging_mixin.py:103} INFO - [2024-06-10 10:22:02,809] {dag.py:1813} INFO - Sync 1 DAGs
[2024-06-10 10:22:02,824] {logging_mixin.py:103} INFO - [2024-06-10 10:22:02,824] {dag.py:2266} INFO - Setting next_dagrun for example_skip_dag to 2024-06-08 00:00:00+00:00
[2024-06-10 10:22:02,836] {scheduler_job.py:189} INFO - Processing /home/anhcu/Project/Stock_project/airflow_venv/lib/python3.8/site-packages/airflow/example_dags/example_skip_dag.py took 0.046 seconds
[2024-06-10 10:22:31,851] {scheduler_job.py:181} INFO - Started process (PID=73320) to work on /home/anhcu/Project/Stock_project/airflow_venv/lib/python3.8/site-packages/airflow/example_dags/example_skip_dag.py
[2024-06-10 10:22:31,853] {scheduler_job.py:629} INFO - Processing file /home/anhcu/Project/Stock_project/airflow_venv/lib/python3.8/site-packages/airflow/example_dags/example_skip_dag.py for tasks to queue
[2024-06-10 10:22:31,855] {logging_mixin.py:103} INFO - [2024-06-10 10:22:31,855] {dagbag.py:440} INFO - Filling up the DagBag from /home/anhcu/Project/Stock_project/airflow_venv/lib/python3.8/site-packages/airflow/example_dags/example_skip_dag.py
[2024-06-10 10:22:31,871] {scheduler_job.py:639} INFO - DAG(s) dict_keys(['example_skip_dag']) retrieved from /home/anhcu/Project/Stock_project/airflow_venv/lib/python3.8/site-packages/airflow/example_dags/example_skip_dag.py
[2024-06-10 10:22:31,872] {logging_mixin.py:103} INFO - [2024-06-10 10:22:31,872] {dag.py:1813} INFO - Sync 1 DAGs
[2024-06-10 10:22:31,893] {logging_mixin.py:103} INFO - [2024-06-10 10:22:31,893] {dag.py:2266} INFO - Setting next_dagrun for example_skip_dag to 2024-06-08 00:00:00+00:00
[2024-06-10 10:22:31,910] {scheduler_job.py:189} INFO - Processing /home/anhcu/Project/Stock_project/airflow_venv/lib/python3.8/site-packages/airflow/example_dags/example_skip_dag.py took 0.069 seconds
[2024-06-10 10:22:59,425] {scheduler_job.py:181} INFO - Started process (PID=73526) to work on /home/anhcu/Project/Stock_project/airflow_venv/lib/python3.8/site-packages/airflow/example_dags/example_skip_dag.py
[2024-06-10 10:22:59,427] {scheduler_job.py:629} INFO - Processing file /home/anhcu/Project/Stock_project/airflow_venv/lib/python3.8/site-packages/airflow/example_dags/example_skip_dag.py for tasks to queue
[2024-06-10 10:22:59,428] {logging_mixin.py:103} INFO - [2024-06-10 10:22:59,428] {dagbag.py:440} INFO - Filling up the DagBag from /home/anhcu/Project/Stock_project/airflow_venv/lib/python3.8/site-packages/airflow/example_dags/example_skip_dag.py
[2024-06-10 10:22:59,440] {scheduler_job.py:639} INFO - DAG(s) dict_keys(['example_skip_dag']) retrieved from /home/anhcu/Project/Stock_project/airflow_venv/lib/python3.8/site-packages/airflow/example_dags/example_skip_dag.py
[2024-06-10 10:22:59,440] {logging_mixin.py:103} INFO - [2024-06-10 10:22:59,440] {dag.py:1813} INFO - Sync 1 DAGs
[2024-06-10 10:22:59,455] {logging_mixin.py:103} INFO - [2024-06-10 10:22:59,455] {dag.py:2266} INFO - Setting next_dagrun for example_skip_dag to 2024-06-08 00:00:00+00:00
[2024-06-10 10:22:59,467] {scheduler_job.py:189} INFO - Processing /home/anhcu/Project/Stock_project/airflow_venv/lib/python3.8/site-packages/airflow/example_dags/example_skip_dag.py took 0.046 seconds
[2024-06-10 10:23:51,252] {scheduler_job.py:181} INFO - Started process (PID=74198) to work on /home/anhcu/Project/Stock_project/airflow_venv/lib/python3.8/site-packages/airflow/example_dags/example_skip_dag.py
[2024-06-10 10:23:51,256] {scheduler_job.py:629} INFO - Processing file /home/anhcu/Project/Stock_project/airflow_venv/lib/python3.8/site-packages/airflow/example_dags/example_skip_dag.py for tasks to queue
[2024-06-10 10:23:51,257] {logging_mixin.py:103} INFO - [2024-06-10 10:23:51,257] {dagbag.py:440} INFO - Filling up the DagBag from /home/anhcu/Project/Stock_project/airflow_venv/lib/python3.8/site-packages/airflow/example_dags/example_skip_dag.py
[2024-06-10 10:23:51,268] {scheduler_job.py:639} INFO - DAG(s) dict_keys(['example_skip_dag']) retrieved from /home/anhcu/Project/Stock_project/airflow_venv/lib/python3.8/site-packages/airflow/example_dags/example_skip_dag.py
[2024-06-10 10:23:51,269] {logging_mixin.py:103} INFO - [2024-06-10 10:23:51,269] {dag.py:1813} INFO - Sync 1 DAGs
[2024-06-10 10:23:51,285] {logging_mixin.py:103} INFO - [2024-06-10 10:23:51,285] {dag.py:2266} INFO - Setting next_dagrun for example_skip_dag to 2024-06-08 00:00:00+00:00
[2024-06-10 10:23:51,296] {scheduler_job.py:189} INFO - Processing /home/anhcu/Project/Stock_project/airflow_venv/lib/python3.8/site-packages/airflow/example_dags/example_skip_dag.py took 0.048 seconds
[2024-06-10 10:24:21,015] {scheduler_job.py:181} INFO - Started process (PID=74465) to work on /home/anhcu/Project/Stock_project/airflow_venv/lib/python3.8/site-packages/airflow/example_dags/example_skip_dag.py
[2024-06-10 10:24:21,020] {scheduler_job.py:629} INFO - Processing file /home/anhcu/Project/Stock_project/airflow_venv/lib/python3.8/site-packages/airflow/example_dags/example_skip_dag.py for tasks to queue
[2024-06-10 10:24:21,021] {logging_mixin.py:103} INFO - [2024-06-10 10:24:21,020] {dagbag.py:440} INFO - Filling up the DagBag from /home/anhcu/Project/Stock_project/airflow_venv/lib/python3.8/site-packages/airflow/example_dags/example_skip_dag.py
[2024-06-10 10:24:21,030] {scheduler_job.py:639} INFO - DAG(s) dict_keys(['example_skip_dag']) retrieved from /home/anhcu/Project/Stock_project/airflow_venv/lib/python3.8/site-packages/airflow/example_dags/example_skip_dag.py
[2024-06-10 10:24:21,031] {logging_mixin.py:103} INFO - [2024-06-10 10:24:21,031] {dag.py:1813} INFO - Sync 1 DAGs
[2024-06-10 10:24:21,047] {logging_mixin.py:103} INFO - [2024-06-10 10:24:21,047] {dag.py:2266} INFO - Setting next_dagrun for example_skip_dag to 2024-06-08 00:00:00+00:00
[2024-06-10 10:24:21,060] {scheduler_job.py:189} INFO - Processing /home/anhcu/Project/Stock_project/airflow_venv/lib/python3.8/site-packages/airflow/example_dags/example_skip_dag.py took 0.049 seconds
[2024-06-10 10:24:53,258] {scheduler_job.py:181} INFO - Started process (PID=74895) to work on /home/anhcu/Project/Stock_project/airflow_venv/lib/python3.8/site-packages/airflow/example_dags/example_skip_dag.py
[2024-06-10 10:24:53,259] {scheduler_job.py:629} INFO - Processing file /home/anhcu/Project/Stock_project/airflow_venv/lib/python3.8/site-packages/airflow/example_dags/example_skip_dag.py for tasks to queue
[2024-06-10 10:24:53,260] {logging_mixin.py:103} INFO - [2024-06-10 10:24:53,260] {dagbag.py:440} INFO - Filling up the DagBag from /home/anhcu/Project/Stock_project/airflow_venv/lib/python3.8/site-packages/airflow/example_dags/example_skip_dag.py
[2024-06-10 10:24:53,269] {scheduler_job.py:639} INFO - DAG(s) dict_keys(['example_skip_dag']) retrieved from /home/anhcu/Project/Stock_project/airflow_venv/lib/python3.8/site-packages/airflow/example_dags/example_skip_dag.py
[2024-06-10 10:24:53,270] {logging_mixin.py:103} INFO - [2024-06-10 10:24:53,270] {dag.py:1813} INFO - Sync 1 DAGs
[2024-06-10 10:24:53,286] {logging_mixin.py:103} INFO - [2024-06-10 10:24:53,286] {dag.py:2266} INFO - Setting next_dagrun for example_skip_dag to 2024-06-08 00:00:00+00:00
[2024-06-10 10:24:53,298] {scheduler_job.py:189} INFO - Processing /home/anhcu/Project/Stock_project/airflow_venv/lib/python3.8/site-packages/airflow/example_dags/example_skip_dag.py took 0.043 seconds
[2024-06-10 10:25:22,309] {scheduler_job.py:181} INFO - Started process (PID=75268) to work on /home/anhcu/Project/Stock_project/airflow_venv/lib/python3.8/site-packages/airflow/example_dags/example_skip_dag.py
[2024-06-10 10:25:22,310] {scheduler_job.py:629} INFO - Processing file /home/anhcu/Project/Stock_project/airflow_venv/lib/python3.8/site-packages/airflow/example_dags/example_skip_dag.py for tasks to queue
[2024-06-10 10:25:22,311] {logging_mixin.py:103} INFO - [2024-06-10 10:25:22,310] {dagbag.py:440} INFO - Filling up the DagBag from /home/anhcu/Project/Stock_project/airflow_venv/lib/python3.8/site-packages/airflow/example_dags/example_skip_dag.py
[2024-06-10 10:25:22,320] {scheduler_job.py:639} INFO - DAG(s) dict_keys(['example_skip_dag']) retrieved from /home/anhcu/Project/Stock_project/airflow_venv/lib/python3.8/site-packages/airflow/example_dags/example_skip_dag.py
[2024-06-10 10:25:22,321] {logging_mixin.py:103} INFO - [2024-06-10 10:25:22,321] {dag.py:1813} INFO - Sync 1 DAGs
[2024-06-10 10:25:22,336] {logging_mixin.py:103} INFO - [2024-06-10 10:25:22,336] {dag.py:2266} INFO - Setting next_dagrun for example_skip_dag to 2024-06-08 00:00:00+00:00
[2024-06-10 10:25:22,348] {scheduler_job.py:189} INFO - Processing /home/anhcu/Project/Stock_project/airflow_venv/lib/python3.8/site-packages/airflow/example_dags/example_skip_dag.py took 0.043 seconds
[2024-06-10 10:25:54,249] {scheduler_job.py:181} INFO - Started process (PID=75564) to work on /home/anhcu/Project/Stock_project/airflow_venv/lib/python3.8/site-packages/airflow/example_dags/example_skip_dag.py
[2024-06-10 10:25:54,250] {scheduler_job.py:629} INFO - Processing file /home/anhcu/Project/Stock_project/airflow_venv/lib/python3.8/site-packages/airflow/example_dags/example_skip_dag.py for tasks to queue
[2024-06-10 10:25:54,251] {logging_mixin.py:103} INFO - [2024-06-10 10:25:54,251] {dagbag.py:440} INFO - Filling up the DagBag from /home/anhcu/Project/Stock_project/airflow_venv/lib/python3.8/site-packages/airflow/example_dags/example_skip_dag.py
[2024-06-10 10:25:54,261] {scheduler_job.py:639} INFO - DAG(s) dict_keys(['example_skip_dag']) retrieved from /home/anhcu/Project/Stock_project/airflow_venv/lib/python3.8/site-packages/airflow/example_dags/example_skip_dag.py
[2024-06-10 10:25:54,262] {logging_mixin.py:103} INFO - [2024-06-10 10:25:54,262] {dag.py:1813} INFO - Sync 1 DAGs
[2024-06-10 10:25:54,278] {logging_mixin.py:103} INFO - [2024-06-10 10:25:54,278] {dag.py:2266} INFO - Setting next_dagrun for example_skip_dag to 2024-06-08 00:00:00+00:00
[2024-06-10 10:25:54,289] {scheduler_job.py:189} INFO - Processing /home/anhcu/Project/Stock_project/airflow_venv/lib/python3.8/site-packages/airflow/example_dags/example_skip_dag.py took 0.045 seconds
[2024-06-10 10:26:20,527] {scheduler_job.py:181} INFO - Started process (PID=75750) to work on /home/anhcu/Project/Stock_project/airflow_venv/lib/python3.8/site-packages/airflow/example_dags/example_skip_dag.py
[2024-06-10 10:26:20,530] {scheduler_job.py:629} INFO - Processing file /home/anhcu/Project/Stock_project/airflow_venv/lib/python3.8/site-packages/airflow/example_dags/example_skip_dag.py for tasks to queue
[2024-06-10 10:26:20,530] {logging_mixin.py:103} INFO - [2024-06-10 10:26:20,530] {dagbag.py:440} INFO - Filling up the DagBag from /home/anhcu/Project/Stock_project/airflow_venv/lib/python3.8/site-packages/airflow/example_dags/example_skip_dag.py
[2024-06-10 10:26:20,539] {scheduler_job.py:639} INFO - DAG(s) dict_keys(['example_skip_dag']) retrieved from /home/anhcu/Project/Stock_project/airflow_venv/lib/python3.8/site-packages/airflow/example_dags/example_skip_dag.py
[2024-06-10 10:26:20,540] {logging_mixin.py:103} INFO - [2024-06-10 10:26:20,540] {dag.py:1813} INFO - Sync 1 DAGs
[2024-06-10 10:26:20,555] {logging_mixin.py:103} INFO - [2024-06-10 10:26:20,555] {dag.py:2266} INFO - Setting next_dagrun for example_skip_dag to 2024-06-08 00:00:00+00:00
[2024-06-10 10:26:20,567] {scheduler_job.py:189} INFO - Processing /home/anhcu/Project/Stock_project/airflow_venv/lib/python3.8/site-packages/airflow/example_dags/example_skip_dag.py took 0.044 seconds
[2024-06-10 10:26:48,248] {scheduler_job.py:181} INFO - Started process (PID=75944) to work on /home/anhcu/Project/Stock_project/airflow_venv/lib/python3.8/site-packages/airflow/example_dags/example_skip_dag.py
[2024-06-10 10:26:48,250] {scheduler_job.py:629} INFO - Processing file /home/anhcu/Project/Stock_project/airflow_venv/lib/python3.8/site-packages/airflow/example_dags/example_skip_dag.py for tasks to queue
[2024-06-10 10:26:48,250] {logging_mixin.py:103} INFO - [2024-06-10 10:26:48,250] {dagbag.py:440} INFO - Filling up the DagBag from /home/anhcu/Project/Stock_project/airflow_venv/lib/python3.8/site-packages/airflow/example_dags/example_skip_dag.py
[2024-06-10 10:26:48,260] {scheduler_job.py:639} INFO - DAG(s) dict_keys(['example_skip_dag']) retrieved from /home/anhcu/Project/Stock_project/airflow_venv/lib/python3.8/site-packages/airflow/example_dags/example_skip_dag.py
[2024-06-10 10:26:48,261] {logging_mixin.py:103} INFO - [2024-06-10 10:26:48,261] {dag.py:1813} INFO - Sync 1 DAGs
[2024-06-10 10:26:48,276] {logging_mixin.py:103} INFO - [2024-06-10 10:26:48,276] {dag.py:2266} INFO - Setting next_dagrun for example_skip_dag to 2024-06-08 00:00:00+00:00
[2024-06-10 10:26:48,288] {scheduler_job.py:189} INFO - Processing /home/anhcu/Project/Stock_project/airflow_venv/lib/python3.8/site-packages/airflow/example_dags/example_skip_dag.py took 0.044 seconds
[2024-06-10 10:27:15,281] {scheduler_job.py:181} INFO - Started process (PID=76063) to work on /home/anhcu/Project/Stock_project/airflow_venv/lib/python3.8/site-packages/airflow/example_dags/example_skip_dag.py
[2024-06-10 10:27:15,283] {scheduler_job.py:629} INFO - Processing file /home/anhcu/Project/Stock_project/airflow_venv/lib/python3.8/site-packages/airflow/example_dags/example_skip_dag.py for tasks to queue
[2024-06-10 10:27:15,285] {logging_mixin.py:103} INFO - [2024-06-10 10:27:15,284] {dagbag.py:440} INFO - Filling up the DagBag from /home/anhcu/Project/Stock_project/airflow_venv/lib/python3.8/site-packages/airflow/example_dags/example_skip_dag.py
[2024-06-10 10:27:15,297] {scheduler_job.py:639} INFO - DAG(s) dict_keys(['example_skip_dag']) retrieved from /home/anhcu/Project/Stock_project/airflow_venv/lib/python3.8/site-packages/airflow/example_dags/example_skip_dag.py
[2024-06-10 10:27:15,299] {logging_mixin.py:103} INFO - [2024-06-10 10:27:15,299] {dag.py:1813} INFO - Sync 1 DAGs
[2024-06-10 10:27:15,320] {logging_mixin.py:103} INFO - [2024-06-10 10:27:15,320] {dag.py:2266} INFO - Setting next_dagrun for example_skip_dag to 2024-06-08 00:00:00+00:00
[2024-06-10 10:27:15,338] {scheduler_job.py:189} INFO - Processing /home/anhcu/Project/Stock_project/airflow_venv/lib/python3.8/site-packages/airflow/example_dags/example_skip_dag.py took 0.061 seconds
[2024-06-10 10:27:44,450] {scheduler_job.py:181} INFO - Started process (PID=76217) to work on /home/anhcu/Project/Stock_project/airflow_venv/lib/python3.8/site-packages/airflow/example_dags/example_skip_dag.py
[2024-06-10 10:27:44,452] {scheduler_job.py:629} INFO - Processing file /home/anhcu/Project/Stock_project/airflow_venv/lib/python3.8/site-packages/airflow/example_dags/example_skip_dag.py for tasks to queue
[2024-06-10 10:27:44,453] {logging_mixin.py:103} INFO - [2024-06-10 10:27:44,452] {dagbag.py:440} INFO - Filling up the DagBag from /home/anhcu/Project/Stock_project/airflow_venv/lib/python3.8/site-packages/airflow/example_dags/example_skip_dag.py
[2024-06-10 10:27:44,462] {scheduler_job.py:639} INFO - DAG(s) dict_keys(['example_skip_dag']) retrieved from /home/anhcu/Project/Stock_project/airflow_venv/lib/python3.8/site-packages/airflow/example_dags/example_skip_dag.py
[2024-06-10 10:27:44,463] {logging_mixin.py:103} INFO - [2024-06-10 10:27:44,463] {dag.py:1813} INFO - Sync 1 DAGs
[2024-06-10 10:27:44,489] {logging_mixin.py:103} INFO - [2024-06-10 10:27:44,489] {dag.py:2266} INFO - Setting next_dagrun for example_skip_dag to 2024-06-08 00:00:00+00:00
[2024-06-10 10:27:44,501] {scheduler_job.py:189} INFO - Processing /home/anhcu/Project/Stock_project/airflow_venv/lib/python3.8/site-packages/airflow/example_dags/example_skip_dag.py took 0.055 seconds
[2024-06-10 10:28:12,817] {scheduler_job.py:181} INFO - Started process (PID=76336) to work on /home/anhcu/Project/Stock_project/airflow_venv/lib/python3.8/site-packages/airflow/example_dags/example_skip_dag.py
[2024-06-10 10:28:12,819] {scheduler_job.py:629} INFO - Processing file /home/anhcu/Project/Stock_project/airflow_venv/lib/python3.8/site-packages/airflow/example_dags/example_skip_dag.py for tasks to queue
[2024-06-10 10:28:12,820] {logging_mixin.py:103} INFO - [2024-06-10 10:28:12,820] {dagbag.py:440} INFO - Filling up the DagBag from /home/anhcu/Project/Stock_project/airflow_venv/lib/python3.8/site-packages/airflow/example_dags/example_skip_dag.py
[2024-06-10 10:28:12,829] {scheduler_job.py:639} INFO - DAG(s) dict_keys(['example_skip_dag']) retrieved from /home/anhcu/Project/Stock_project/airflow_venv/lib/python3.8/site-packages/airflow/example_dags/example_skip_dag.py
[2024-06-10 10:28:12,830] {logging_mixin.py:103} INFO - [2024-06-10 10:28:12,830] {dag.py:1813} INFO - Sync 1 DAGs
[2024-06-10 10:28:12,845] {logging_mixin.py:103} INFO - [2024-06-10 10:28:12,845] {dag.py:2266} INFO - Setting next_dagrun for example_skip_dag to 2024-06-08 00:00:00+00:00
[2024-06-10 10:28:12,857] {scheduler_job.py:189} INFO - Processing /home/anhcu/Project/Stock_project/airflow_venv/lib/python3.8/site-packages/airflow/example_dags/example_skip_dag.py took 0.044 seconds
[2024-06-10 10:28:40,025] {scheduler_job.py:181} INFO - Started process (PID=76471) to work on /home/anhcu/Project/Stock_project/airflow_venv/lib/python3.8/site-packages/airflow/example_dags/example_skip_dag.py
[2024-06-10 10:28:40,028] {scheduler_job.py:629} INFO - Processing file /home/anhcu/Project/Stock_project/airflow_venv/lib/python3.8/site-packages/airflow/example_dags/example_skip_dag.py for tasks to queue
[2024-06-10 10:28:40,029] {logging_mixin.py:103} INFO - [2024-06-10 10:28:40,029] {dagbag.py:440} INFO - Filling up the DagBag from /home/anhcu/Project/Stock_project/airflow_venv/lib/python3.8/site-packages/airflow/example_dags/example_skip_dag.py
[2024-06-10 10:28:40,046] {scheduler_job.py:639} INFO - DAG(s) dict_keys(['example_skip_dag']) retrieved from /home/anhcu/Project/Stock_project/airflow_venv/lib/python3.8/site-packages/airflow/example_dags/example_skip_dag.py
[2024-06-10 10:28:40,047] {logging_mixin.py:103} INFO - [2024-06-10 10:28:40,047] {dag.py:1813} INFO - Sync 1 DAGs
[2024-06-10 10:28:40,067] {logging_mixin.py:103} INFO - [2024-06-10 10:28:40,067] {dag.py:2266} INFO - Setting next_dagrun for example_skip_dag to 2024-06-08 00:00:00+00:00
[2024-06-10 10:28:40,086] {scheduler_job.py:189} INFO - Processing /home/anhcu/Project/Stock_project/airflow_venv/lib/python3.8/site-packages/airflow/example_dags/example_skip_dag.py took 0.064 seconds
[2024-06-10 10:29:07,330] {scheduler_job.py:181} INFO - Started process (PID=76679) to work on /home/anhcu/Project/Stock_project/airflow_venv/lib/python3.8/site-packages/airflow/example_dags/example_skip_dag.py
[2024-06-10 10:29:07,332] {scheduler_job.py:629} INFO - Processing file /home/anhcu/Project/Stock_project/airflow_venv/lib/python3.8/site-packages/airflow/example_dags/example_skip_dag.py for tasks to queue
[2024-06-10 10:29:07,333] {logging_mixin.py:103} INFO - [2024-06-10 10:29:07,333] {dagbag.py:440} INFO - Filling up the DagBag from /home/anhcu/Project/Stock_project/airflow_venv/lib/python3.8/site-packages/airflow/example_dags/example_skip_dag.py
[2024-06-10 10:29:07,343] {scheduler_job.py:639} INFO - DAG(s) dict_keys(['example_skip_dag']) retrieved from /home/anhcu/Project/Stock_project/airflow_venv/lib/python3.8/site-packages/airflow/example_dags/example_skip_dag.py
[2024-06-10 10:29:07,344] {logging_mixin.py:103} INFO - [2024-06-10 10:29:07,344] {dag.py:1813} INFO - Sync 1 DAGs
[2024-06-10 10:29:07,359] {logging_mixin.py:103} INFO - [2024-06-10 10:29:07,359] {dag.py:2266} INFO - Setting next_dagrun for example_skip_dag to 2024-06-08 00:00:00+00:00
[2024-06-10 10:29:07,371] {scheduler_job.py:189} INFO - Processing /home/anhcu/Project/Stock_project/airflow_venv/lib/python3.8/site-packages/airflow/example_dags/example_skip_dag.py took 0.045 seconds
[2024-06-10 10:29:34,803] {scheduler_job.py:181} INFO - Started process (PID=76835) to work on /home/anhcu/Project/Stock_project/airflow_venv/lib/python3.8/site-packages/airflow/example_dags/example_skip_dag.py
[2024-06-10 10:29:34,806] {scheduler_job.py:629} INFO - Processing file /home/anhcu/Project/Stock_project/airflow_venv/lib/python3.8/site-packages/airflow/example_dags/example_skip_dag.py for tasks to queue
[2024-06-10 10:29:34,807] {logging_mixin.py:103} INFO - [2024-06-10 10:29:34,806] {dagbag.py:440} INFO - Filling up the DagBag from /home/anhcu/Project/Stock_project/airflow_venv/lib/python3.8/site-packages/airflow/example_dags/example_skip_dag.py
[2024-06-10 10:29:34,815] {scheduler_job.py:639} INFO - DAG(s) dict_keys(['example_skip_dag']) retrieved from /home/anhcu/Project/Stock_project/airflow_venv/lib/python3.8/site-packages/airflow/example_dags/example_skip_dag.py
[2024-06-10 10:29:34,816] {logging_mixin.py:103} INFO - [2024-06-10 10:29:34,816] {dag.py:1813} INFO - Sync 1 DAGs
[2024-06-10 10:29:34,831] {logging_mixin.py:103} INFO - [2024-06-10 10:29:34,831] {dag.py:2266} INFO - Setting next_dagrun for example_skip_dag to 2024-06-08 00:00:00+00:00
[2024-06-10 10:29:34,843] {scheduler_job.py:189} INFO - Processing /home/anhcu/Project/Stock_project/airflow_venv/lib/python3.8/site-packages/airflow/example_dags/example_skip_dag.py took 0.044 seconds
[2024-06-10 10:30:02,911] {scheduler_job.py:181} INFO - Started process (PID=76989) to work on /home/anhcu/Project/Stock_project/airflow_venv/lib/python3.8/site-packages/airflow/example_dags/example_skip_dag.py
[2024-06-10 10:30:02,913] {scheduler_job.py:629} INFO - Processing file /home/anhcu/Project/Stock_project/airflow_venv/lib/python3.8/site-packages/airflow/example_dags/example_skip_dag.py for tasks to queue
[2024-06-10 10:30:02,914] {logging_mixin.py:103} INFO - [2024-06-10 10:30:02,914] {dagbag.py:440} INFO - Filling up the DagBag from /home/anhcu/Project/Stock_project/airflow_venv/lib/python3.8/site-packages/airflow/example_dags/example_skip_dag.py
[2024-06-10 10:30:02,923] {scheduler_job.py:639} INFO - DAG(s) dict_keys(['example_skip_dag']) retrieved from /home/anhcu/Project/Stock_project/airflow_venv/lib/python3.8/site-packages/airflow/example_dags/example_skip_dag.py
[2024-06-10 10:30:02,925] {logging_mixin.py:103} INFO - [2024-06-10 10:30:02,924] {dag.py:1813} INFO - Sync 1 DAGs
[2024-06-10 10:30:02,940] {logging_mixin.py:103} INFO - [2024-06-10 10:30:02,940] {dag.py:2266} INFO - Setting next_dagrun for example_skip_dag to 2024-06-08 00:00:00+00:00
[2024-06-10 10:30:02,952] {scheduler_job.py:189} INFO - Processing /home/anhcu/Project/Stock_project/airflow_venv/lib/python3.8/site-packages/airflow/example_dags/example_skip_dag.py took 0.045 seconds
[2024-06-10 10:30:30,237] {scheduler_job.py:181} INFO - Started process (PID=77146) to work on /home/anhcu/Project/Stock_project/airflow_venv/lib/python3.8/site-packages/airflow/example_dags/example_skip_dag.py
[2024-06-10 10:30:30,239] {scheduler_job.py:629} INFO - Processing file /home/anhcu/Project/Stock_project/airflow_venv/lib/python3.8/site-packages/airflow/example_dags/example_skip_dag.py for tasks to queue
[2024-06-10 10:30:30,240] {logging_mixin.py:103} INFO - [2024-06-10 10:30:30,240] {dagbag.py:440} INFO - Filling up the DagBag from /home/anhcu/Project/Stock_project/airflow_venv/lib/python3.8/site-packages/airflow/example_dags/example_skip_dag.py
[2024-06-10 10:30:30,249] {scheduler_job.py:639} INFO - DAG(s) dict_keys(['example_skip_dag']) retrieved from /home/anhcu/Project/Stock_project/airflow_venv/lib/python3.8/site-packages/airflow/example_dags/example_skip_dag.py
[2024-06-10 10:30:30,250] {logging_mixin.py:103} INFO - [2024-06-10 10:30:30,250] {dag.py:1813} INFO - Sync 1 DAGs
[2024-06-10 10:30:30,266] {logging_mixin.py:103} INFO - [2024-06-10 10:30:30,266] {dag.py:2266} INFO - Setting next_dagrun for example_skip_dag to 2024-06-08 00:00:00+00:00
[2024-06-10 10:30:30,278] {scheduler_job.py:189} INFO - Processing /home/anhcu/Project/Stock_project/airflow_venv/lib/python3.8/site-packages/airflow/example_dags/example_skip_dag.py took 0.045 seconds
[2024-06-10 10:30:57,476] {scheduler_job.py:181} INFO - Started process (PID=77302) to work on /home/anhcu/Project/Stock_project/airflow_venv/lib/python3.8/site-packages/airflow/example_dags/example_skip_dag.py
[2024-06-10 10:30:57,478] {scheduler_job.py:629} INFO - Processing file /home/anhcu/Project/Stock_project/airflow_venv/lib/python3.8/site-packages/airflow/example_dags/example_skip_dag.py for tasks to queue
[2024-06-10 10:30:57,480] {logging_mixin.py:103} INFO - [2024-06-10 10:30:57,480] {dagbag.py:440} INFO - Filling up the DagBag from /home/anhcu/Project/Stock_project/airflow_venv/lib/python3.8/site-packages/airflow/example_dags/example_skip_dag.py
[2024-06-10 10:30:57,489] {scheduler_job.py:639} INFO - DAG(s) dict_keys(['example_skip_dag']) retrieved from /home/anhcu/Project/Stock_project/airflow_venv/lib/python3.8/site-packages/airflow/example_dags/example_skip_dag.py
[2024-06-10 10:30:57,490] {logging_mixin.py:103} INFO - [2024-06-10 10:30:57,490] {dag.py:1813} INFO - Sync 1 DAGs
[2024-06-10 10:30:57,506] {logging_mixin.py:103} INFO - [2024-06-10 10:30:57,506] {dag.py:2266} INFO - Setting next_dagrun for example_skip_dag to 2024-06-08 00:00:00+00:00
[2024-06-10 10:30:57,517] {scheduler_job.py:189} INFO - Processing /home/anhcu/Project/Stock_project/airflow_venv/lib/python3.8/site-packages/airflow/example_dags/example_skip_dag.py took 0.045 seconds
[2024-06-10 10:31:24,809] {scheduler_job.py:181} INFO - Started process (PID=77456) to work on /home/anhcu/Project/Stock_project/airflow_venv/lib/python3.8/site-packages/airflow/example_dags/example_skip_dag.py
[2024-06-10 10:31:24,812] {scheduler_job.py:629} INFO - Processing file /home/anhcu/Project/Stock_project/airflow_venv/lib/python3.8/site-packages/airflow/example_dags/example_skip_dag.py for tasks to queue
[2024-06-10 10:31:24,813] {logging_mixin.py:103} INFO - [2024-06-10 10:31:24,813] {dagbag.py:440} INFO - Filling up the DagBag from /home/anhcu/Project/Stock_project/airflow_venv/lib/python3.8/site-packages/airflow/example_dags/example_skip_dag.py
[2024-06-10 10:31:24,822] {scheduler_job.py:639} INFO - DAG(s) dict_keys(['example_skip_dag']) retrieved from /home/anhcu/Project/Stock_project/airflow_venv/lib/python3.8/site-packages/airflow/example_dags/example_skip_dag.py
[2024-06-10 10:31:24,823] {logging_mixin.py:103} INFO - [2024-06-10 10:31:24,823] {dag.py:1813} INFO - Sync 1 DAGs
[2024-06-10 10:31:24,838] {logging_mixin.py:103} INFO - [2024-06-10 10:31:24,838] {dag.py:2266} INFO - Setting next_dagrun for example_skip_dag to 2024-06-08 00:00:00+00:00
[2024-06-10 10:31:24,850] {scheduler_job.py:189} INFO - Processing /home/anhcu/Project/Stock_project/airflow_venv/lib/python3.8/site-packages/airflow/example_dags/example_skip_dag.py took 0.045 seconds
[2024-06-10 10:31:53,054] {scheduler_job.py:181} INFO - Started process (PID=77576) to work on /home/anhcu/Project/Stock_project/airflow_venv/lib/python3.8/site-packages/airflow/example_dags/example_skip_dag.py
[2024-06-10 10:31:53,056] {scheduler_job.py:629} INFO - Processing file /home/anhcu/Project/Stock_project/airflow_venv/lib/python3.8/site-packages/airflow/example_dags/example_skip_dag.py for tasks to queue
[2024-06-10 10:31:53,056] {logging_mixin.py:103} INFO - [2024-06-10 10:31:53,056] {dagbag.py:440} INFO - Filling up the DagBag from /home/anhcu/Project/Stock_project/airflow_venv/lib/python3.8/site-packages/airflow/example_dags/example_skip_dag.py
[2024-06-10 10:31:53,066] {scheduler_job.py:639} INFO - DAG(s) dict_keys(['example_skip_dag']) retrieved from /home/anhcu/Project/Stock_project/airflow_venv/lib/python3.8/site-packages/airflow/example_dags/example_skip_dag.py
[2024-06-10 10:31:53,067] {logging_mixin.py:103} INFO - [2024-06-10 10:31:53,067] {dag.py:1813} INFO - Sync 1 DAGs
[2024-06-10 10:31:53,082] {logging_mixin.py:103} INFO - [2024-06-10 10:31:53,082] {dag.py:2266} INFO - Setting next_dagrun for example_skip_dag to 2024-06-08 00:00:00+00:00
[2024-06-10 10:31:53,094] {scheduler_job.py:189} INFO - Processing /home/anhcu/Project/Stock_project/airflow_venv/lib/python3.8/site-packages/airflow/example_dags/example_skip_dag.py took 0.044 seconds
[2024-06-10 10:32:21,424] {scheduler_job.py:181} INFO - Started process (PID=77734) to work on /home/anhcu/Project/Stock_project/airflow_venv/lib/python3.8/site-packages/airflow/example_dags/example_skip_dag.py
[2024-06-10 10:32:21,426] {scheduler_job.py:629} INFO - Processing file /home/anhcu/Project/Stock_project/airflow_venv/lib/python3.8/site-packages/airflow/example_dags/example_skip_dag.py for tasks to queue
[2024-06-10 10:32:21,426] {logging_mixin.py:103} INFO - [2024-06-10 10:32:21,426] {dagbag.py:440} INFO - Filling up the DagBag from /home/anhcu/Project/Stock_project/airflow_venv/lib/python3.8/site-packages/airflow/example_dags/example_skip_dag.py
[2024-06-10 10:32:21,436] {scheduler_job.py:639} INFO - DAG(s) dict_keys(['example_skip_dag']) retrieved from /home/anhcu/Project/Stock_project/airflow_venv/lib/python3.8/site-packages/airflow/example_dags/example_skip_dag.py
[2024-06-10 10:32:21,438] {logging_mixin.py:103} INFO - [2024-06-10 10:32:21,437] {dag.py:1813} INFO - Sync 1 DAGs
[2024-06-10 10:32:21,453] {logging_mixin.py:103} INFO - [2024-06-10 10:32:21,453] {dag.py:2266} INFO - Setting next_dagrun for example_skip_dag to 2024-06-08 00:00:00+00:00
[2024-06-10 10:32:21,465] {scheduler_job.py:189} INFO - Processing /home/anhcu/Project/Stock_project/airflow_venv/lib/python3.8/site-packages/airflow/example_dags/example_skip_dag.py took 0.045 seconds
[2024-06-10 10:32:48,655] {scheduler_job.py:181} INFO - Started process (PID=77927) to work on /home/anhcu/Project/Stock_project/airflow_venv/lib/python3.8/site-packages/airflow/example_dags/example_skip_dag.py
[2024-06-10 10:32:48,657] {scheduler_job.py:629} INFO - Processing file /home/anhcu/Project/Stock_project/airflow_venv/lib/python3.8/site-packages/airflow/example_dags/example_skip_dag.py for tasks to queue
[2024-06-10 10:32:48,658] {logging_mixin.py:103} INFO - [2024-06-10 10:32:48,658] {dagbag.py:440} INFO - Filling up the DagBag from /home/anhcu/Project/Stock_project/airflow_venv/lib/python3.8/site-packages/airflow/example_dags/example_skip_dag.py
[2024-06-10 10:32:48,667] {scheduler_job.py:639} INFO - DAG(s) dict_keys(['example_skip_dag']) retrieved from /home/anhcu/Project/Stock_project/airflow_venv/lib/python3.8/site-packages/airflow/example_dags/example_skip_dag.py
[2024-06-10 10:32:48,669] {logging_mixin.py:103} INFO - [2024-06-10 10:32:48,669] {dag.py:1813} INFO - Sync 1 DAGs
[2024-06-10 10:32:48,685] {logging_mixin.py:103} INFO - [2024-06-10 10:32:48,685] {dag.py:2266} INFO - Setting next_dagrun for example_skip_dag to 2024-06-08 00:00:00+00:00
[2024-06-10 10:32:48,697] {scheduler_job.py:189} INFO - Processing /home/anhcu/Project/Stock_project/airflow_venv/lib/python3.8/site-packages/airflow/example_dags/example_skip_dag.py took 0.046 seconds
[2024-06-10 10:33:16,303] {scheduler_job.py:181} INFO - Started process (PID=78137) to work on /home/anhcu/Project/Stock_project/airflow_venv/lib/python3.8/site-packages/airflow/example_dags/example_skip_dag.py
[2024-06-10 10:33:16,305] {scheduler_job.py:629} INFO - Processing file /home/anhcu/Project/Stock_project/airflow_venv/lib/python3.8/site-packages/airflow/example_dags/example_skip_dag.py for tasks to queue
[2024-06-10 10:33:16,306] {logging_mixin.py:103} INFO - [2024-06-10 10:33:16,305] {dagbag.py:440} INFO - Filling up the DagBag from /home/anhcu/Project/Stock_project/airflow_venv/lib/python3.8/site-packages/airflow/example_dags/example_skip_dag.py
[2024-06-10 10:33:16,324] {scheduler_job.py:639} INFO - DAG(s) dict_keys(['example_skip_dag']) retrieved from /home/anhcu/Project/Stock_project/airflow_venv/lib/python3.8/site-packages/airflow/example_dags/example_skip_dag.py
[2024-06-10 10:33:16,326] {logging_mixin.py:103} INFO - [2024-06-10 10:33:16,326] {dag.py:1813} INFO - Sync 1 DAGs
[2024-06-10 10:33:16,347] {logging_mixin.py:103} INFO - [2024-06-10 10:33:16,347] {dag.py:2266} INFO - Setting next_dagrun for example_skip_dag to 2024-06-08 00:00:00+00:00
[2024-06-10 10:33:16,363] {scheduler_job.py:189} INFO - Processing /home/anhcu/Project/Stock_project/airflow_venv/lib/python3.8/site-packages/airflow/example_dags/example_skip_dag.py took 0.068 seconds
[2024-06-10 10:33:44,224] {scheduler_job.py:181} INFO - Started process (PID=78275) to work on /home/anhcu/Project/Stock_project/airflow_venv/lib/python3.8/site-packages/airflow/example_dags/example_skip_dag.py
[2024-06-10 10:33:44,226] {scheduler_job.py:629} INFO - Processing file /home/anhcu/Project/Stock_project/airflow_venv/lib/python3.8/site-packages/airflow/example_dags/example_skip_dag.py for tasks to queue
[2024-06-10 10:33:44,228] {logging_mixin.py:103} INFO - [2024-06-10 10:33:44,227] {dagbag.py:440} INFO - Filling up the DagBag from /home/anhcu/Project/Stock_project/airflow_venv/lib/python3.8/site-packages/airflow/example_dags/example_skip_dag.py
[2024-06-10 10:33:44,237] {scheduler_job.py:639} INFO - DAG(s) dict_keys(['example_skip_dag']) retrieved from /home/anhcu/Project/Stock_project/airflow_venv/lib/python3.8/site-packages/airflow/example_dags/example_skip_dag.py
[2024-06-10 10:33:44,238] {logging_mixin.py:103} INFO - [2024-06-10 10:33:44,238] {dag.py:1813} INFO - Sync 1 DAGs
[2024-06-10 10:33:44,254] {logging_mixin.py:103} INFO - [2024-06-10 10:33:44,254] {dag.py:2266} INFO - Setting next_dagrun for example_skip_dag to 2024-06-08 00:00:00+00:00
[2024-06-10 10:33:44,265] {scheduler_job.py:189} INFO - Processing /home/anhcu/Project/Stock_project/airflow_venv/lib/python3.8/site-packages/airflow/example_dags/example_skip_dag.py took 0.045 seconds
[2024-06-10 10:34:12,681] {scheduler_job.py:181} INFO - Started process (PID=78433) to work on /home/anhcu/Project/Stock_project/airflow_venv/lib/python3.8/site-packages/airflow/example_dags/example_skip_dag.py
[2024-06-10 10:34:12,683] {scheduler_job.py:629} INFO - Processing file /home/anhcu/Project/Stock_project/airflow_venv/lib/python3.8/site-packages/airflow/example_dags/example_skip_dag.py for tasks to queue
[2024-06-10 10:34:12,684] {logging_mixin.py:103} INFO - [2024-06-10 10:34:12,683] {dagbag.py:440} INFO - Filling up the DagBag from /home/anhcu/Project/Stock_project/airflow_venv/lib/python3.8/site-packages/airflow/example_dags/example_skip_dag.py
[2024-06-10 10:34:12,693] {scheduler_job.py:639} INFO - DAG(s) dict_keys(['example_skip_dag']) retrieved from /home/anhcu/Project/Stock_project/airflow_venv/lib/python3.8/site-packages/airflow/example_dags/example_skip_dag.py
[2024-06-10 10:34:12,694] {logging_mixin.py:103} INFO - [2024-06-10 10:34:12,694] {dag.py:1813} INFO - Sync 1 DAGs
[2024-06-10 10:34:12,710] {logging_mixin.py:103} INFO - [2024-06-10 10:34:12,710] {dag.py:2266} INFO - Setting next_dagrun for example_skip_dag to 2024-06-08 00:00:00+00:00
[2024-06-10 10:34:12,724] {scheduler_job.py:189} INFO - Processing /home/anhcu/Project/Stock_project/airflow_venv/lib/python3.8/site-packages/airflow/example_dags/example_skip_dag.py took 0.048 seconds
[2024-06-10 10:34:39,938] {scheduler_job.py:181} INFO - Started process (PID=78663) to work on /home/anhcu/Project/Stock_project/airflow_venv/lib/python3.8/site-packages/airflow/example_dags/example_skip_dag.py
[2024-06-10 10:34:39,940] {scheduler_job.py:629} INFO - Processing file /home/anhcu/Project/Stock_project/airflow_venv/lib/python3.8/site-packages/airflow/example_dags/example_skip_dag.py for tasks to queue
[2024-06-10 10:34:39,941] {logging_mixin.py:103} INFO - [2024-06-10 10:34:39,941] {dagbag.py:440} INFO - Filling up the DagBag from /home/anhcu/Project/Stock_project/airflow_venv/lib/python3.8/site-packages/airflow/example_dags/example_skip_dag.py
[2024-06-10 10:34:39,950] {scheduler_job.py:639} INFO - DAG(s) dict_keys(['example_skip_dag']) retrieved from /home/anhcu/Project/Stock_project/airflow_venv/lib/python3.8/site-packages/airflow/example_dags/example_skip_dag.py
[2024-06-10 10:34:39,951] {logging_mixin.py:103} INFO - [2024-06-10 10:34:39,951] {dag.py:1813} INFO - Sync 1 DAGs
[2024-06-10 10:34:39,966] {logging_mixin.py:103} INFO - [2024-06-10 10:34:39,966] {dag.py:2266} INFO - Setting next_dagrun for example_skip_dag to 2024-06-08 00:00:00+00:00
[2024-06-10 10:34:39,978] {scheduler_job.py:189} INFO - Processing /home/anhcu/Project/Stock_project/airflow_venv/lib/python3.8/site-packages/airflow/example_dags/example_skip_dag.py took 0.044 seconds
[2024-06-10 10:35:07,255] {scheduler_job.py:181} INFO - Started process (PID=78880) to work on /home/anhcu/Project/Stock_project/airflow_venv/lib/python3.8/site-packages/airflow/example_dags/example_skip_dag.py
[2024-06-10 10:35:07,256] {scheduler_job.py:629} INFO - Processing file /home/anhcu/Project/Stock_project/airflow_venv/lib/python3.8/site-packages/airflow/example_dags/example_skip_dag.py for tasks to queue
[2024-06-10 10:35:07,257] {logging_mixin.py:103} INFO - [2024-06-10 10:35:07,257] {dagbag.py:440} INFO - Filling up the DagBag from /home/anhcu/Project/Stock_project/airflow_venv/lib/python3.8/site-packages/airflow/example_dags/example_skip_dag.py
[2024-06-10 10:35:07,266] {scheduler_job.py:639} INFO - DAG(s) dict_keys(['example_skip_dag']) retrieved from /home/anhcu/Project/Stock_project/airflow_venv/lib/python3.8/site-packages/airflow/example_dags/example_skip_dag.py
[2024-06-10 10:35:07,267] {logging_mixin.py:103} INFO - [2024-06-10 10:35:07,267] {dag.py:1813} INFO - Sync 1 DAGs
[2024-06-10 10:35:07,283] {logging_mixin.py:103} INFO - [2024-06-10 10:35:07,283] {dag.py:2266} INFO - Setting next_dagrun for example_skip_dag to 2024-06-08 00:00:00+00:00
[2024-06-10 10:35:07,295] {scheduler_job.py:189} INFO - Processing /home/anhcu/Project/Stock_project/airflow_venv/lib/python3.8/site-packages/airflow/example_dags/example_skip_dag.py took 0.044 seconds
[2024-06-10 10:36:05,117] {scheduler_job.py:181} INFO - Started process (PID=79606) to work on /home/anhcu/Project/Stock_project/airflow_venv/lib/python3.8/site-packages/airflow/example_dags/example_skip_dag.py
[2024-06-10 10:36:05,119] {scheduler_job.py:629} INFO - Processing file /home/anhcu/Project/Stock_project/airflow_venv/lib/python3.8/site-packages/airflow/example_dags/example_skip_dag.py for tasks to queue
[2024-06-10 10:36:05,120] {logging_mixin.py:103} INFO - [2024-06-10 10:36:05,120] {dagbag.py:440} INFO - Filling up the DagBag from /home/anhcu/Project/Stock_project/airflow_venv/lib/python3.8/site-packages/airflow/example_dags/example_skip_dag.py
[2024-06-10 10:36:05,131] {scheduler_job.py:639} INFO - DAG(s) dict_keys(['example_skip_dag']) retrieved from /home/anhcu/Project/Stock_project/airflow_venv/lib/python3.8/site-packages/airflow/example_dags/example_skip_dag.py
[2024-06-10 10:36:05,132] {logging_mixin.py:103} INFO - [2024-06-10 10:36:05,132] {dag.py:1813} INFO - Sync 1 DAGs
[2024-06-10 10:36:05,149] {logging_mixin.py:103} INFO - [2024-06-10 10:36:05,149] {dag.py:2266} INFO - Setting next_dagrun for example_skip_dag to 2024-06-08 00:00:00+00:00
[2024-06-10 10:36:05,161] {scheduler_job.py:189} INFO - Processing /home/anhcu/Project/Stock_project/airflow_venv/lib/python3.8/site-packages/airflow/example_dags/example_skip_dag.py took 0.049 seconds
