[2024-06-10 09:58:13,164] {scheduler_job.py:181} INFO - Started process (PID=62683) to work on /home/anhcu/Project/Stock_project/airflow_venv/lib/python3.8/site-packages/airflow/example_dags/example_latest_only_with_trigger.py
[2024-06-10 09:58:13,167] {scheduler_job.py:629} INFO - Processing file /home/anhcu/Project/Stock_project/airflow_venv/lib/python3.8/site-packages/airflow/example_dags/example_latest_only_with_trigger.py for tasks to queue
[2024-06-10 09:58:13,174] {logging_mixin.py:103} INFO - [2024-06-10 09:58:13,174] {dagbag.py:440} INFO - Filling up the DagBag from /home/anhcu/Project/Stock_project/airflow_venv/lib/python3.8/site-packages/airflow/example_dags/example_latest_only_with_trigger.py
[2024-06-10 09:58:13,201] {scheduler_job.py:639} INFO - DAG(s) dict_keys(['latest_only_with_trigger']) retrieved from /home/anhcu/Project/Stock_project/airflow_venv/lib/python3.8/site-packages/airflow/example_dags/example_latest_only_with_trigger.py
[2024-06-10 09:58:13,203] {logging_mixin.py:103} INFO - [2024-06-10 09:58:13,203] {dag.py:1813} INFO - Sync 1 DAGs
[2024-06-10 09:58:13,373] {logging_mixin.py:103} INFO - [2024-06-10 09:58:13,373] {dag.py:2266} INFO - Setting next_dagrun for latest_only_with_trigger to 2024-06-08 00:00:00+00:00
[2024-06-10 09:58:13,409] {scheduler_job.py:189} INFO - Processing /home/anhcu/Project/Stock_project/airflow_venv/lib/python3.8/site-packages/airflow/example_dags/example_latest_only_with_trigger.py took 0.250 seconds
[2024-06-10 09:59:08,689] {scheduler_job.py:181} INFO - Started process (PID=62869) to work on /home/anhcu/Project/Stock_project/airflow_venv/lib/python3.8/site-packages/airflow/example_dags/example_latest_only_with_trigger.py
[2024-06-10 09:59:08,702] {scheduler_job.py:629} INFO - Processing file /home/anhcu/Project/Stock_project/airflow_venv/lib/python3.8/site-packages/airflow/example_dags/example_latest_only_with_trigger.py for tasks to queue
[2024-06-10 09:59:08,707] {logging_mixin.py:103} INFO - [2024-06-10 09:59:08,707] {dagbag.py:440} INFO - Filling up the DagBag from /home/anhcu/Project/Stock_project/airflow_venv/lib/python3.8/site-packages/airflow/example_dags/example_latest_only_with_trigger.py
[2024-06-10 09:59:08,736] {scheduler_job.py:639} INFO - DAG(s) dict_keys(['latest_only_with_trigger']) retrieved from /home/anhcu/Project/Stock_project/airflow_venv/lib/python3.8/site-packages/airflow/example_dags/example_latest_only_with_trigger.py
[2024-06-10 09:59:08,871] {logging_mixin.py:103} INFO - [2024-06-10 09:59:08,871] {dag.py:1813} INFO - Sync 1 DAGs
[2024-06-10 09:59:08,913] {logging_mixin.py:103} INFO - [2024-06-10 09:59:08,913] {dag.py:2266} INFO - Setting next_dagrun for latest_only_with_trigger to 2024-06-08 00:00:00+00:00
[2024-06-10 09:59:08,961] {scheduler_job.py:189} INFO - Processing /home/anhcu/Project/Stock_project/airflow_venv/lib/python3.8/site-packages/airflow/example_dags/example_latest_only_with_trigger.py took 0.283 seconds
[2024-06-10 09:59:58,707] {scheduler_job.py:181} INFO - Started process (PID=63243) to work on /home/anhcu/Project/Stock_project/airflow_venv/lib/python3.8/site-packages/airflow/example_dags/example_latest_only_with_trigger.py
[2024-06-10 09:59:58,713] {scheduler_job.py:629} INFO - Processing file /home/anhcu/Project/Stock_project/airflow_venv/lib/python3.8/site-packages/airflow/example_dags/example_latest_only_with_trigger.py for tasks to queue
[2024-06-10 09:59:58,714] {logging_mixin.py:103} INFO - [2024-06-10 09:59:58,714] {dagbag.py:440} INFO - Filling up the DagBag from /home/anhcu/Project/Stock_project/airflow_venv/lib/python3.8/site-packages/airflow/example_dags/example_latest_only_with_trigger.py
[2024-06-10 09:59:59,178] {scheduler_job.py:639} INFO - DAG(s) dict_keys(['latest_only_with_trigger']) retrieved from /home/anhcu/Project/Stock_project/airflow_venv/lib/python3.8/site-packages/airflow/example_dags/example_latest_only_with_trigger.py
[2024-06-10 09:59:59,180] {logging_mixin.py:103} INFO - [2024-06-10 09:59:59,180] {dag.py:1813} INFO - Sync 1 DAGs
[2024-06-10 09:59:59,224] {logging_mixin.py:103} INFO - [2024-06-10 09:59:59,224] {dag.py:2266} INFO - Setting next_dagrun for latest_only_with_trigger to 2024-06-08 00:00:00+00:00
[2024-06-10 09:59:59,680] {scheduler_job.py:189} INFO - Processing /home/anhcu/Project/Stock_project/airflow_venv/lib/python3.8/site-packages/airflow/example_dags/example_latest_only_with_trigger.py took 0.979 seconds
[2024-06-10 10:00:45,426] {scheduler_job.py:181} INFO - Started process (PID=63573) to work on /home/anhcu/Project/Stock_project/airflow_venv/lib/python3.8/site-packages/airflow/example_dags/example_latest_only_with_trigger.py
[2024-06-10 10:00:45,428] {scheduler_job.py:629} INFO - Processing file /home/anhcu/Project/Stock_project/airflow_venv/lib/python3.8/site-packages/airflow/example_dags/example_latest_only_with_trigger.py for tasks to queue
[2024-06-10 10:00:45,430] {logging_mixin.py:103} INFO - [2024-06-10 10:00:45,430] {dagbag.py:440} INFO - Filling up the DagBag from /home/anhcu/Project/Stock_project/airflow_venv/lib/python3.8/site-packages/airflow/example_dags/example_latest_only_with_trigger.py
[2024-06-10 10:00:45,445] {scheduler_job.py:639} INFO - DAG(s) dict_keys(['latest_only_with_trigger']) retrieved from /home/anhcu/Project/Stock_project/airflow_venv/lib/python3.8/site-packages/airflow/example_dags/example_latest_only_with_trigger.py
[2024-06-10 10:00:45,447] {logging_mixin.py:103} INFO - [2024-06-10 10:00:45,447] {dag.py:1813} INFO - Sync 1 DAGs
[2024-06-10 10:00:45,471] {logging_mixin.py:103} INFO - [2024-06-10 10:00:45,471] {dag.py:2266} INFO - Setting next_dagrun for latest_only_with_trigger to 2024-06-08 00:00:00+00:00
[2024-06-10 10:00:45,619] {scheduler_job.py:189} INFO - Processing /home/anhcu/Project/Stock_project/airflow_venv/lib/python3.8/site-packages/airflow/example_dags/example_latest_only_with_trigger.py took 0.198 seconds
[2024-06-10 10:01:32,696] {scheduler_job.py:181} INFO - Started process (PID=63817) to work on /home/anhcu/Project/Stock_project/airflow_venv/lib/python3.8/site-packages/airflow/example_dags/example_latest_only_with_trigger.py
[2024-06-10 10:01:32,706] {scheduler_job.py:629} INFO - Processing file /home/anhcu/Project/Stock_project/airflow_venv/lib/python3.8/site-packages/airflow/example_dags/example_latest_only_with_trigger.py for tasks to queue
[2024-06-10 10:01:32,707] {logging_mixin.py:103} INFO - [2024-06-10 10:01:32,707] {dagbag.py:440} INFO - Filling up the DagBag from /home/anhcu/Project/Stock_project/airflow_venv/lib/python3.8/site-packages/airflow/example_dags/example_latest_only_with_trigger.py
[2024-06-10 10:01:32,730] {scheduler_job.py:639} INFO - DAG(s) dict_keys(['latest_only_with_trigger']) retrieved from /home/anhcu/Project/Stock_project/airflow_venv/lib/python3.8/site-packages/airflow/example_dags/example_latest_only_with_trigger.py
[2024-06-10 10:01:32,732] {logging_mixin.py:103} INFO - [2024-06-10 10:01:32,732] {dag.py:1813} INFO - Sync 1 DAGs
[2024-06-10 10:01:32,893] {logging_mixin.py:103} INFO - [2024-06-10 10:01:32,893] {dag.py:2266} INFO - Setting next_dagrun for latest_only_with_trigger to 2024-06-08 00:00:00+00:00
[2024-06-10 10:01:32,914] {scheduler_job.py:189} INFO - Processing /home/anhcu/Project/Stock_project/airflow_venv/lib/python3.8/site-packages/airflow/example_dags/example_latest_only_with_trigger.py took 0.225 seconds
[2024-06-10 10:06:31,962] {scheduler_job.py:181} INFO - Started process (PID=66604) to work on /home/anhcu/Project/Stock_project/airflow_venv/lib/python3.8/site-packages/airflow/example_dags/example_latest_only_with_trigger.py
[2024-06-10 10:06:31,967] {scheduler_job.py:629} INFO - Processing file /home/anhcu/Project/Stock_project/airflow_venv/lib/python3.8/site-packages/airflow/example_dags/example_latest_only_with_trigger.py for tasks to queue
[2024-06-10 10:06:31,968] {logging_mixin.py:103} INFO - [2024-06-10 10:06:31,968] {dagbag.py:440} INFO - Filling up the DagBag from /home/anhcu/Project/Stock_project/airflow_venv/lib/python3.8/site-packages/airflow/example_dags/example_latest_only_with_trigger.py
[2024-06-10 10:06:32,115] {scheduler_job.py:639} INFO - DAG(s) dict_keys(['latest_only_with_trigger']) retrieved from /home/anhcu/Project/Stock_project/airflow_venv/lib/python3.8/site-packages/airflow/example_dags/example_latest_only_with_trigger.py
[2024-06-10 10:06:32,117] {logging_mixin.py:103} INFO - [2024-06-10 10:06:32,117] {dag.py:1813} INFO - Sync 1 DAGs
[2024-06-10 10:06:32,140] {logging_mixin.py:103} INFO - [2024-06-10 10:06:32,140] {dag.py:2266} INFO - Setting next_dagrun for latest_only_with_trigger to 2024-06-08 00:00:00+00:00
[2024-06-10 10:06:32,171] {scheduler_job.py:189} INFO - Processing /home/anhcu/Project/Stock_project/airflow_venv/lib/python3.8/site-packages/airflow/example_dags/example_latest_only_with_trigger.py took 0.224 seconds
[2024-06-10 10:07:39,569] {scheduler_job.py:181} INFO - Started process (PID=67209) to work on /home/anhcu/Project/Stock_project/airflow_venv/lib/python3.8/site-packages/airflow/example_dags/example_latest_only_with_trigger.py
[2024-06-10 10:07:39,570] {scheduler_job.py:629} INFO - Processing file /home/anhcu/Project/Stock_project/airflow_venv/lib/python3.8/site-packages/airflow/example_dags/example_latest_only_with_trigger.py for tasks to queue
[2024-06-10 10:07:39,571] {logging_mixin.py:103} INFO - [2024-06-10 10:07:39,571] {dagbag.py:440} INFO - Filling up the DagBag from /home/anhcu/Project/Stock_project/airflow_venv/lib/python3.8/site-packages/airflow/example_dags/example_latest_only_with_trigger.py
[2024-06-10 10:07:39,577] {scheduler_job.py:639} INFO - DAG(s) dict_keys(['latest_only_with_trigger']) retrieved from /home/anhcu/Project/Stock_project/airflow_venv/lib/python3.8/site-packages/airflow/example_dags/example_latest_only_with_trigger.py
[2024-06-10 10:07:39,578] {logging_mixin.py:103} INFO - [2024-06-10 10:07:39,578] {dag.py:1813} INFO - Sync 1 DAGs
[2024-06-10 10:07:39,593] {logging_mixin.py:103} INFO - [2024-06-10 10:07:39,593] {dag.py:2266} INFO - Setting next_dagrun for latest_only_with_trigger to 2024-06-08 00:00:00+00:00
[2024-06-10 10:07:39,605] {scheduler_job.py:189} INFO - Processing /home/anhcu/Project/Stock_project/airflow_venv/lib/python3.8/site-packages/airflow/example_dags/example_latest_only_with_trigger.py took 0.040 seconds
[2024-06-10 10:08:08,272] {scheduler_job.py:181} INFO - Started process (PID=67398) to work on /home/anhcu/Project/Stock_project/airflow_venv/lib/python3.8/site-packages/airflow/example_dags/example_latest_only_with_trigger.py
[2024-06-10 10:08:08,274] {scheduler_job.py:629} INFO - Processing file /home/anhcu/Project/Stock_project/airflow_venv/lib/python3.8/site-packages/airflow/example_dags/example_latest_only_with_trigger.py for tasks to queue
[2024-06-10 10:08:08,275] {logging_mixin.py:103} INFO - [2024-06-10 10:08:08,275] {dagbag.py:440} INFO - Filling up the DagBag from /home/anhcu/Project/Stock_project/airflow_venv/lib/python3.8/site-packages/airflow/example_dags/example_latest_only_with_trigger.py
[2024-06-10 10:08:08,281] {scheduler_job.py:639} INFO - DAG(s) dict_keys(['latest_only_with_trigger']) retrieved from /home/anhcu/Project/Stock_project/airflow_venv/lib/python3.8/site-packages/airflow/example_dags/example_latest_only_with_trigger.py
[2024-06-10 10:08:08,282] {logging_mixin.py:103} INFO - [2024-06-10 10:08:08,282] {dag.py:1813} INFO - Sync 1 DAGs
[2024-06-10 10:08:08,300] {logging_mixin.py:103} INFO - [2024-06-10 10:08:08,300] {dag.py:2266} INFO - Setting next_dagrun for latest_only_with_trigger to 2024-06-08 00:00:00+00:00
[2024-06-10 10:08:08,313] {scheduler_job.py:189} INFO - Processing /home/anhcu/Project/Stock_project/airflow_venv/lib/python3.8/site-packages/airflow/example_dags/example_latest_only_with_trigger.py took 0.045 seconds
[2024-06-10 10:08:36,827] {scheduler_job.py:181} INFO - Started process (PID=67614) to work on /home/anhcu/Project/Stock_project/airflow_venv/lib/python3.8/site-packages/airflow/example_dags/example_latest_only_with_trigger.py
[2024-06-10 10:08:36,829] {scheduler_job.py:629} INFO - Processing file /home/anhcu/Project/Stock_project/airflow_venv/lib/python3.8/site-packages/airflow/example_dags/example_latest_only_with_trigger.py for tasks to queue
[2024-06-10 10:08:36,830] {logging_mixin.py:103} INFO - [2024-06-10 10:08:36,830] {dagbag.py:440} INFO - Filling up the DagBag from /home/anhcu/Project/Stock_project/airflow_venv/lib/python3.8/site-packages/airflow/example_dags/example_latest_only_with_trigger.py
[2024-06-10 10:08:36,835] {scheduler_job.py:639} INFO - DAG(s) dict_keys(['latest_only_with_trigger']) retrieved from /home/anhcu/Project/Stock_project/airflow_venv/lib/python3.8/site-packages/airflow/example_dags/example_latest_only_with_trigger.py
[2024-06-10 10:08:36,836] {logging_mixin.py:103} INFO - [2024-06-10 10:08:36,836] {dag.py:1813} INFO - Sync 1 DAGs
[2024-06-10 10:08:36,854] {logging_mixin.py:103} INFO - [2024-06-10 10:08:36,854] {dag.py:2266} INFO - Setting next_dagrun for latest_only_with_trigger to 2024-06-08 00:00:00+00:00
[2024-06-10 10:08:36,867] {scheduler_job.py:189} INFO - Processing /home/anhcu/Project/Stock_project/airflow_venv/lib/python3.8/site-packages/airflow/example_dags/example_latest_only_with_trigger.py took 0.044 seconds
[2024-06-10 10:09:04,049] {scheduler_job.py:181} INFO - Started process (PID=67823) to work on /home/anhcu/Project/Stock_project/airflow_venv/lib/python3.8/site-packages/airflow/example_dags/example_latest_only_with_trigger.py
[2024-06-10 10:09:04,050] {scheduler_job.py:629} INFO - Processing file /home/anhcu/Project/Stock_project/airflow_venv/lib/python3.8/site-packages/airflow/example_dags/example_latest_only_with_trigger.py for tasks to queue
[2024-06-10 10:09:04,051] {logging_mixin.py:103} INFO - [2024-06-10 10:09:04,051] {dagbag.py:440} INFO - Filling up the DagBag from /home/anhcu/Project/Stock_project/airflow_venv/lib/python3.8/site-packages/airflow/example_dags/example_latest_only_with_trigger.py
[2024-06-10 10:09:04,056] {scheduler_job.py:639} INFO - DAG(s) dict_keys(['latest_only_with_trigger']) retrieved from /home/anhcu/Project/Stock_project/airflow_venv/lib/python3.8/site-packages/airflow/example_dags/example_latest_only_with_trigger.py
[2024-06-10 10:09:04,057] {logging_mixin.py:103} INFO - [2024-06-10 10:09:04,057] {dag.py:1813} INFO - Sync 1 DAGs
[2024-06-10 10:09:04,073] {logging_mixin.py:103} INFO - [2024-06-10 10:09:04,073] {dag.py:2266} INFO - Setting next_dagrun for latest_only_with_trigger to 2024-06-08 00:00:00+00:00
[2024-06-10 10:09:04,085] {scheduler_job.py:189} INFO - Processing /home/anhcu/Project/Stock_project/airflow_venv/lib/python3.8/site-packages/airflow/example_dags/example_latest_only_with_trigger.py took 0.041 seconds
[2024-06-10 10:09:30,392] {scheduler_job.py:181} INFO - Started process (PID=67978) to work on /home/anhcu/Project/Stock_project/airflow_venv/lib/python3.8/site-packages/airflow/example_dags/example_latest_only_with_trigger.py
[2024-06-10 10:09:30,394] {scheduler_job.py:629} INFO - Processing file /home/anhcu/Project/Stock_project/airflow_venv/lib/python3.8/site-packages/airflow/example_dags/example_latest_only_with_trigger.py for tasks to queue
[2024-06-10 10:09:30,395] {logging_mixin.py:103} INFO - [2024-06-10 10:09:30,395] {dagbag.py:440} INFO - Filling up the DagBag from /home/anhcu/Project/Stock_project/airflow_venv/lib/python3.8/site-packages/airflow/example_dags/example_latest_only_with_trigger.py
[2024-06-10 10:09:30,401] {scheduler_job.py:639} INFO - DAG(s) dict_keys(['latest_only_with_trigger']) retrieved from /home/anhcu/Project/Stock_project/airflow_venv/lib/python3.8/site-packages/airflow/example_dags/example_latest_only_with_trigger.py
[2024-06-10 10:09:30,402] {logging_mixin.py:103} INFO - [2024-06-10 10:09:30,402] {dag.py:1813} INFO - Sync 1 DAGs
[2024-06-10 10:09:30,418] {logging_mixin.py:103} INFO - [2024-06-10 10:09:30,417] {dag.py:2266} INFO - Setting next_dagrun for latest_only_with_trigger to 2024-06-08 00:00:00+00:00
[2024-06-10 10:09:30,430] {scheduler_job.py:189} INFO - Processing /home/anhcu/Project/Stock_project/airflow_venv/lib/python3.8/site-packages/airflow/example_dags/example_latest_only_with_trigger.py took 0.042 seconds
[2024-06-10 10:09:58,621] {scheduler_job.py:181} INFO - Started process (PID=68117) to work on /home/anhcu/Project/Stock_project/airflow_venv/lib/python3.8/site-packages/airflow/example_dags/example_latest_only_with_trigger.py
[2024-06-10 10:09:58,623] {scheduler_job.py:629} INFO - Processing file /home/anhcu/Project/Stock_project/airflow_venv/lib/python3.8/site-packages/airflow/example_dags/example_latest_only_with_trigger.py for tasks to queue
[2024-06-10 10:09:58,625] {logging_mixin.py:103} INFO - [2024-06-10 10:09:58,624] {dagbag.py:440} INFO - Filling up the DagBag from /home/anhcu/Project/Stock_project/airflow_venv/lib/python3.8/site-packages/airflow/example_dags/example_latest_only_with_trigger.py
[2024-06-10 10:09:58,639] {scheduler_job.py:639} INFO - DAG(s) dict_keys(['latest_only_with_trigger']) retrieved from /home/anhcu/Project/Stock_project/airflow_venv/lib/python3.8/site-packages/airflow/example_dags/example_latest_only_with_trigger.py
[2024-06-10 10:09:58,640] {logging_mixin.py:103} INFO - [2024-06-10 10:09:58,640] {dag.py:1813} INFO - Sync 1 DAGs
[2024-06-10 10:09:58,664] {logging_mixin.py:103} INFO - [2024-06-10 10:09:58,664] {dag.py:2266} INFO - Setting next_dagrun for latest_only_with_trigger to 2024-06-08 00:00:00+00:00
[2024-06-10 10:09:58,681] {scheduler_job.py:189} INFO - Processing /home/anhcu/Project/Stock_project/airflow_venv/lib/python3.8/site-packages/airflow/example_dags/example_latest_only_with_trigger.py took 0.067 seconds
[2024-06-10 10:10:26,751] {scheduler_job.py:181} INFO - Started process (PID=68260) to work on /home/anhcu/Project/Stock_project/airflow_venv/lib/python3.8/site-packages/airflow/example_dags/example_latest_only_with_trigger.py
[2024-06-10 10:10:26,754] {scheduler_job.py:629} INFO - Processing file /home/anhcu/Project/Stock_project/airflow_venv/lib/python3.8/site-packages/airflow/example_dags/example_latest_only_with_trigger.py for tasks to queue
[2024-06-10 10:10:26,755] {logging_mixin.py:103} INFO - [2024-06-10 10:10:26,755] {dagbag.py:440} INFO - Filling up the DagBag from /home/anhcu/Project/Stock_project/airflow_venv/lib/python3.8/site-packages/airflow/example_dags/example_latest_only_with_trigger.py
[2024-06-10 10:10:26,763] {scheduler_job.py:639} INFO - DAG(s) dict_keys(['latest_only_with_trigger']) retrieved from /home/anhcu/Project/Stock_project/airflow_venv/lib/python3.8/site-packages/airflow/example_dags/example_latest_only_with_trigger.py
[2024-06-10 10:10:26,764] {logging_mixin.py:103} INFO - [2024-06-10 10:10:26,764] {dag.py:1813} INFO - Sync 1 DAGs
[2024-06-10 10:10:26,781] {logging_mixin.py:103} INFO - [2024-06-10 10:10:26,781] {dag.py:2266} INFO - Setting next_dagrun for latest_only_with_trigger to 2024-06-08 00:00:00+00:00
[2024-06-10 10:10:26,794] {scheduler_job.py:189} INFO - Processing /home/anhcu/Project/Stock_project/airflow_venv/lib/python3.8/site-packages/airflow/example_dags/example_latest_only_with_trigger.py took 0.050 seconds
[2024-06-10 10:10:54,765] {scheduler_job.py:181} INFO - Started process (PID=68454) to work on /home/anhcu/Project/Stock_project/airflow_venv/lib/python3.8/site-packages/airflow/example_dags/example_latest_only_with_trigger.py
[2024-06-10 10:10:54,766] {scheduler_job.py:629} INFO - Processing file /home/anhcu/Project/Stock_project/airflow_venv/lib/python3.8/site-packages/airflow/example_dags/example_latest_only_with_trigger.py for tasks to queue
[2024-06-10 10:10:54,767] {logging_mixin.py:103} INFO - [2024-06-10 10:10:54,767] {dagbag.py:440} INFO - Filling up the DagBag from /home/anhcu/Project/Stock_project/airflow_venv/lib/python3.8/site-packages/airflow/example_dags/example_latest_only_with_trigger.py
[2024-06-10 10:10:54,772] {scheduler_job.py:639} INFO - DAG(s) dict_keys(['latest_only_with_trigger']) retrieved from /home/anhcu/Project/Stock_project/airflow_venv/lib/python3.8/site-packages/airflow/example_dags/example_latest_only_with_trigger.py
[2024-06-10 10:10:54,773] {logging_mixin.py:103} INFO - [2024-06-10 10:10:54,773] {dag.py:1813} INFO - Sync 1 DAGs
[2024-06-10 10:10:54,789] {logging_mixin.py:103} INFO - [2024-06-10 10:10:54,789] {dag.py:2266} INFO - Setting next_dagrun for latest_only_with_trigger to 2024-06-08 00:00:00+00:00
[2024-06-10 10:10:54,800] {scheduler_job.py:189} INFO - Processing /home/anhcu/Project/Stock_project/airflow_venv/lib/python3.8/site-packages/airflow/example_dags/example_latest_only_with_trigger.py took 0.040 seconds
[2024-06-10 10:11:24,156] {scheduler_job.py:181} INFO - Started process (PID=68645) to work on /home/anhcu/Project/Stock_project/airflow_venv/lib/python3.8/site-packages/airflow/example_dags/example_latest_only_with_trigger.py
[2024-06-10 10:11:24,158] {scheduler_job.py:629} INFO - Processing file /home/anhcu/Project/Stock_project/airflow_venv/lib/python3.8/site-packages/airflow/example_dags/example_latest_only_with_trigger.py for tasks to queue
[2024-06-10 10:11:24,159] {logging_mixin.py:103} INFO - [2024-06-10 10:11:24,159] {dagbag.py:440} INFO - Filling up the DagBag from /home/anhcu/Project/Stock_project/airflow_venv/lib/python3.8/site-packages/airflow/example_dags/example_latest_only_with_trigger.py
[2024-06-10 10:11:24,164] {scheduler_job.py:639} INFO - DAG(s) dict_keys(['latest_only_with_trigger']) retrieved from /home/anhcu/Project/Stock_project/airflow_venv/lib/python3.8/site-packages/airflow/example_dags/example_latest_only_with_trigger.py
[2024-06-10 10:11:24,166] {logging_mixin.py:103} INFO - [2024-06-10 10:11:24,166] {dag.py:1813} INFO - Sync 1 DAGs
[2024-06-10 10:11:24,181] {logging_mixin.py:103} INFO - [2024-06-10 10:11:24,181] {dag.py:2266} INFO - Setting next_dagrun for latest_only_with_trigger to 2024-06-08 00:00:00+00:00
[2024-06-10 10:11:24,193] {scheduler_job.py:189} INFO - Processing /home/anhcu/Project/Stock_project/airflow_venv/lib/python3.8/site-packages/airflow/example_dags/example_latest_only_with_trigger.py took 0.041 seconds
[2024-06-10 10:11:42,256] {scheduler_job.py:181} INFO - Started process (PID=68748) to work on /home/anhcu/Project/Stock_project/airflow_venv/lib/python3.8/site-packages/airflow/example_dags/example_latest_only_with_trigger.py
[2024-06-10 10:11:42,258] {scheduler_job.py:629} INFO - Processing file /home/anhcu/Project/Stock_project/airflow_venv/lib/python3.8/site-packages/airflow/example_dags/example_latest_only_with_trigger.py for tasks to queue
[2024-06-10 10:11:42,258] {logging_mixin.py:103} INFO - [2024-06-10 10:11:42,258] {dagbag.py:440} INFO - Filling up the DagBag from /home/anhcu/Project/Stock_project/airflow_venv/lib/python3.8/site-packages/airflow/example_dags/example_latest_only_with_trigger.py
[2024-06-10 10:11:42,267] {scheduler_job.py:639} INFO - DAG(s) dict_keys(['latest_only_with_trigger']) retrieved from /home/anhcu/Project/Stock_project/airflow_venv/lib/python3.8/site-packages/airflow/example_dags/example_latest_only_with_trigger.py
[2024-06-10 10:11:42,268] {logging_mixin.py:103} INFO - [2024-06-10 10:11:42,268] {dag.py:1813} INFO - Sync 1 DAGs
[2024-06-10 10:11:42,282] {logging_mixin.py:103} INFO - [2024-06-10 10:11:42,282] {dag.py:2266} INFO - Setting next_dagrun for latest_only_with_trigger to 2024-06-08 00:00:00+00:00
[2024-06-10 10:11:42,306] {scheduler_job.py:189} INFO - Processing /home/anhcu/Project/Stock_project/airflow_venv/lib/python3.8/site-packages/airflow/example_dags/example_latest_only_with_trigger.py took 0.052 seconds
[2024-06-10 10:12:12,360] {scheduler_job.py:181} INFO - Started process (PID=68958) to work on /home/anhcu/Project/Stock_project/airflow_venv/lib/python3.8/site-packages/airflow/example_dags/example_latest_only_with_trigger.py
[2024-06-10 10:12:12,362] {scheduler_job.py:629} INFO - Processing file /home/anhcu/Project/Stock_project/airflow_venv/lib/python3.8/site-packages/airflow/example_dags/example_latest_only_with_trigger.py for tasks to queue
[2024-06-10 10:12:12,364] {logging_mixin.py:103} INFO - [2024-06-10 10:12:12,364] {dagbag.py:440} INFO - Filling up the DagBag from /home/anhcu/Project/Stock_project/airflow_venv/lib/python3.8/site-packages/airflow/example_dags/example_latest_only_with_trigger.py
[2024-06-10 10:12:12,377] {scheduler_job.py:639} INFO - DAG(s) dict_keys(['latest_only_with_trigger']) retrieved from /home/anhcu/Project/Stock_project/airflow_venv/lib/python3.8/site-packages/airflow/example_dags/example_latest_only_with_trigger.py
[2024-06-10 10:12:12,379] {logging_mixin.py:103} INFO - [2024-06-10 10:12:12,379] {dag.py:1813} INFO - Sync 1 DAGs
[2024-06-10 10:12:12,402] {logging_mixin.py:103} INFO - [2024-06-10 10:12:12,402] {dag.py:2266} INFO - Setting next_dagrun for latest_only_with_trigger to 2024-06-08 00:00:00+00:00
[2024-06-10 10:12:12,424] {scheduler_job.py:189} INFO - Processing /home/anhcu/Project/Stock_project/airflow_venv/lib/python3.8/site-packages/airflow/example_dags/example_latest_only_with_trigger.py took 0.068 seconds
[2024-06-10 10:12:43,771] {scheduler_job.py:181} INFO - Started process (PID=69147) to work on /home/anhcu/Project/Stock_project/airflow_venv/lib/python3.8/site-packages/airflow/example_dags/example_latest_only_with_trigger.py
[2024-06-10 10:12:43,773] {scheduler_job.py:629} INFO - Processing file /home/anhcu/Project/Stock_project/airflow_venv/lib/python3.8/site-packages/airflow/example_dags/example_latest_only_with_trigger.py for tasks to queue
[2024-06-10 10:12:43,774] {logging_mixin.py:103} INFO - [2024-06-10 10:12:43,774] {dagbag.py:440} INFO - Filling up the DagBag from /home/anhcu/Project/Stock_project/airflow_venv/lib/python3.8/site-packages/airflow/example_dags/example_latest_only_with_trigger.py
[2024-06-10 10:12:43,783] {scheduler_job.py:639} INFO - DAG(s) dict_keys(['latest_only_with_trigger']) retrieved from /home/anhcu/Project/Stock_project/airflow_venv/lib/python3.8/site-packages/airflow/example_dags/example_latest_only_with_trigger.py
[2024-06-10 10:12:43,784] {logging_mixin.py:103} INFO - [2024-06-10 10:12:43,784] {dag.py:1813} INFO - Sync 1 DAGs
[2024-06-10 10:12:43,799] {logging_mixin.py:103} INFO - [2024-06-10 10:12:43,799] {dag.py:2266} INFO - Setting next_dagrun for latest_only_with_trigger to 2024-06-08 00:00:00+00:00
[2024-06-10 10:12:43,813] {scheduler_job.py:189} INFO - Processing /home/anhcu/Project/Stock_project/airflow_venv/lib/python3.8/site-packages/airflow/example_dags/example_latest_only_with_trigger.py took 0.045 seconds
[2024-06-10 10:13:12,815] {scheduler_job.py:181} INFO - Started process (PID=69299) to work on /home/anhcu/Project/Stock_project/airflow_venv/lib/python3.8/site-packages/airflow/example_dags/example_latest_only_with_trigger.py
[2024-06-10 10:13:12,816] {scheduler_job.py:629} INFO - Processing file /home/anhcu/Project/Stock_project/airflow_venv/lib/python3.8/site-packages/airflow/example_dags/example_latest_only_with_trigger.py for tasks to queue
[2024-06-10 10:13:12,817] {logging_mixin.py:103} INFO - [2024-06-10 10:13:12,817] {dagbag.py:440} INFO - Filling up the DagBag from /home/anhcu/Project/Stock_project/airflow_venv/lib/python3.8/site-packages/airflow/example_dags/example_latest_only_with_trigger.py
[2024-06-10 10:13:12,827] {scheduler_job.py:639} INFO - DAG(s) dict_keys(['latest_only_with_trigger']) retrieved from /home/anhcu/Project/Stock_project/airflow_venv/lib/python3.8/site-packages/airflow/example_dags/example_latest_only_with_trigger.py
[2024-06-10 10:13:12,828] {logging_mixin.py:103} INFO - [2024-06-10 10:13:12,828] {dag.py:1813} INFO - Sync 1 DAGs
[2024-06-10 10:13:12,843] {logging_mixin.py:103} INFO - [2024-06-10 10:13:12,843] {dag.py:2266} INFO - Setting next_dagrun for latest_only_with_trigger to 2024-06-08 00:00:00+00:00
[2024-06-10 10:13:12,857] {scheduler_job.py:189} INFO - Processing /home/anhcu/Project/Stock_project/airflow_venv/lib/python3.8/site-packages/airflow/example_dags/example_latest_only_with_trigger.py took 0.045 seconds
[2024-06-10 10:13:42,764] {scheduler_job.py:181} INFO - Started process (PID=69455) to work on /home/anhcu/Project/Stock_project/airflow_venv/lib/python3.8/site-packages/airflow/example_dags/example_latest_only_with_trigger.py
[2024-06-10 10:13:42,765] {scheduler_job.py:629} INFO - Processing file /home/anhcu/Project/Stock_project/airflow_venv/lib/python3.8/site-packages/airflow/example_dags/example_latest_only_with_trigger.py for tasks to queue
[2024-06-10 10:13:42,766] {logging_mixin.py:103} INFO - [2024-06-10 10:13:42,766] {dagbag.py:440} INFO - Filling up the DagBag from /home/anhcu/Project/Stock_project/airflow_venv/lib/python3.8/site-packages/airflow/example_dags/example_latest_only_with_trigger.py
[2024-06-10 10:13:42,776] {scheduler_job.py:639} INFO - DAG(s) dict_keys(['latest_only_with_trigger']) retrieved from /home/anhcu/Project/Stock_project/airflow_venv/lib/python3.8/site-packages/airflow/example_dags/example_latest_only_with_trigger.py
[2024-06-10 10:13:42,777] {logging_mixin.py:103} INFO - [2024-06-10 10:13:42,777] {dag.py:1813} INFO - Sync 1 DAGs
[2024-06-10 10:13:42,792] {logging_mixin.py:103} INFO - [2024-06-10 10:13:42,792] {dag.py:2266} INFO - Setting next_dagrun for latest_only_with_trigger to 2024-06-08 00:00:00+00:00
[2024-06-10 10:13:42,806] {scheduler_job.py:189} INFO - Processing /home/anhcu/Project/Stock_project/airflow_venv/lib/python3.8/site-packages/airflow/example_dags/example_latest_only_with_trigger.py took 0.045 seconds
[2024-06-10 10:14:11,760] {scheduler_job.py:181} INFO - Started process (PID=69608) to work on /home/anhcu/Project/Stock_project/airflow_venv/lib/python3.8/site-packages/airflow/example_dags/example_latest_only_with_trigger.py
[2024-06-10 10:14:11,761] {scheduler_job.py:629} INFO - Processing file /home/anhcu/Project/Stock_project/airflow_venv/lib/python3.8/site-packages/airflow/example_dags/example_latest_only_with_trigger.py for tasks to queue
[2024-06-10 10:14:11,763] {logging_mixin.py:103} INFO - [2024-06-10 10:14:11,762] {dagbag.py:440} INFO - Filling up the DagBag from /home/anhcu/Project/Stock_project/airflow_venv/lib/python3.8/site-packages/airflow/example_dags/example_latest_only_with_trigger.py
[2024-06-10 10:14:11,772] {scheduler_job.py:639} INFO - DAG(s) dict_keys(['latest_only_with_trigger']) retrieved from /home/anhcu/Project/Stock_project/airflow_venv/lib/python3.8/site-packages/airflow/example_dags/example_latest_only_with_trigger.py
[2024-06-10 10:14:11,773] {logging_mixin.py:103} INFO - [2024-06-10 10:14:11,773] {dag.py:1813} INFO - Sync 1 DAGs
[2024-06-10 10:14:11,789] {logging_mixin.py:103} INFO - [2024-06-10 10:14:11,789] {dag.py:2266} INFO - Setting next_dagrun for latest_only_with_trigger to 2024-06-08 00:00:00+00:00
[2024-06-10 10:14:11,802] {scheduler_job.py:189} INFO - Processing /home/anhcu/Project/Stock_project/airflow_venv/lib/python3.8/site-packages/airflow/example_dags/example_latest_only_with_trigger.py took 0.046 seconds
[2024-06-10 10:14:40,884] {scheduler_job.py:181} INFO - Started process (PID=69768) to work on /home/anhcu/Project/Stock_project/airflow_venv/lib/python3.8/site-packages/airflow/example_dags/example_latest_only_with_trigger.py
[2024-06-10 10:14:40,886] {scheduler_job.py:629} INFO - Processing file /home/anhcu/Project/Stock_project/airflow_venv/lib/python3.8/site-packages/airflow/example_dags/example_latest_only_with_trigger.py for tasks to queue
[2024-06-10 10:14:40,888] {logging_mixin.py:103} INFO - [2024-06-10 10:14:40,887] {dagbag.py:440} INFO - Filling up the DagBag from /home/anhcu/Project/Stock_project/airflow_venv/lib/python3.8/site-packages/airflow/example_dags/example_latest_only_with_trigger.py
[2024-06-10 10:14:40,897] {scheduler_job.py:639} INFO - DAG(s) dict_keys(['latest_only_with_trigger']) retrieved from /home/anhcu/Project/Stock_project/airflow_venv/lib/python3.8/site-packages/airflow/example_dags/example_latest_only_with_trigger.py
[2024-06-10 10:14:40,898] {logging_mixin.py:103} INFO - [2024-06-10 10:14:40,898] {dag.py:1813} INFO - Sync 1 DAGs
[2024-06-10 10:14:40,913] {logging_mixin.py:103} INFO - [2024-06-10 10:14:40,913] {dag.py:2266} INFO - Setting next_dagrun for latest_only_with_trigger to 2024-06-08 00:00:00+00:00
[2024-06-10 10:14:40,927] {scheduler_job.py:189} INFO - Processing /home/anhcu/Project/Stock_project/airflow_venv/lib/python3.8/site-packages/airflow/example_dags/example_latest_only_with_trigger.py took 0.047 seconds
[2024-06-10 10:15:19,228] {scheduler_job.py:181} INFO - Started process (PID=69981) to work on /home/anhcu/Project/Stock_project/airflow_venv/lib/python3.8/site-packages/airflow/example_dags/example_latest_only_with_trigger.py
[2024-06-10 10:15:19,231] {scheduler_job.py:629} INFO - Processing file /home/anhcu/Project/Stock_project/airflow_venv/lib/python3.8/site-packages/airflow/example_dags/example_latest_only_with_trigger.py for tasks to queue
[2024-06-10 10:15:19,232] {logging_mixin.py:103} INFO - [2024-06-10 10:15:19,232] {dagbag.py:440} INFO - Filling up the DagBag from /home/anhcu/Project/Stock_project/airflow_venv/lib/python3.8/site-packages/airflow/example_dags/example_latest_only_with_trigger.py
[2024-06-10 10:15:19,245] {scheduler_job.py:639} INFO - DAG(s) dict_keys(['latest_only_with_trigger']) retrieved from /home/anhcu/Project/Stock_project/airflow_venv/lib/python3.8/site-packages/airflow/example_dags/example_latest_only_with_trigger.py
[2024-06-10 10:15:19,247] {logging_mixin.py:103} INFO - [2024-06-10 10:15:19,247] {dag.py:1813} INFO - Sync 1 DAGs
[2024-06-10 10:15:19,269] {logging_mixin.py:103} INFO - [2024-06-10 10:15:19,269] {dag.py:2266} INFO - Setting next_dagrun for latest_only_with_trigger to 2024-06-08 00:00:00+00:00
[2024-06-10 10:15:19,303] {scheduler_job.py:189} INFO - Processing /home/anhcu/Project/Stock_project/airflow_venv/lib/python3.8/site-packages/airflow/example_dags/example_latest_only_with_trigger.py took 0.079 seconds
[2024-06-10 10:15:50,719] {scheduler_job.py:181} INFO - Started process (PID=70182) to work on /home/anhcu/Project/Stock_project/airflow_venv/lib/python3.8/site-packages/airflow/example_dags/example_latest_only_with_trigger.py
[2024-06-10 10:15:50,721] {scheduler_job.py:629} INFO - Processing file /home/anhcu/Project/Stock_project/airflow_venv/lib/python3.8/site-packages/airflow/example_dags/example_latest_only_with_trigger.py for tasks to queue
[2024-06-10 10:15:50,721] {logging_mixin.py:103} INFO - [2024-06-10 10:15:50,721] {dagbag.py:440} INFO - Filling up the DagBag from /home/anhcu/Project/Stock_project/airflow_venv/lib/python3.8/site-packages/airflow/example_dags/example_latest_only_with_trigger.py
[2024-06-10 10:15:50,731] {scheduler_job.py:639} INFO - DAG(s) dict_keys(['latest_only_with_trigger']) retrieved from /home/anhcu/Project/Stock_project/airflow_venv/lib/python3.8/site-packages/airflow/example_dags/example_latest_only_with_trigger.py
[2024-06-10 10:15:50,732] {logging_mixin.py:103} INFO - [2024-06-10 10:15:50,732] {dag.py:1813} INFO - Sync 1 DAGs
[2024-06-10 10:15:50,747] {logging_mixin.py:103} INFO - [2024-06-10 10:15:50,747] {dag.py:2266} INFO - Setting next_dagrun for latest_only_with_trigger to 2024-06-08 00:00:00+00:00
[2024-06-10 10:15:50,761] {scheduler_job.py:189} INFO - Processing /home/anhcu/Project/Stock_project/airflow_venv/lib/python3.8/site-packages/airflow/example_dags/example_latest_only_with_trigger.py took 0.044 seconds
[2024-06-10 10:16:19,750] {scheduler_job.py:181} INFO - Started process (PID=70378) to work on /home/anhcu/Project/Stock_project/airflow_venv/lib/python3.8/site-packages/airflow/example_dags/example_latest_only_with_trigger.py
[2024-06-10 10:16:19,752] {scheduler_job.py:629} INFO - Processing file /home/anhcu/Project/Stock_project/airflow_venv/lib/python3.8/site-packages/airflow/example_dags/example_latest_only_with_trigger.py for tasks to queue
[2024-06-10 10:16:19,752] {logging_mixin.py:103} INFO - [2024-06-10 10:16:19,752] {dagbag.py:440} INFO - Filling up the DagBag from /home/anhcu/Project/Stock_project/airflow_venv/lib/python3.8/site-packages/airflow/example_dags/example_latest_only_with_trigger.py
[2024-06-10 10:16:19,762] {scheduler_job.py:639} INFO - DAG(s) dict_keys(['latest_only_with_trigger']) retrieved from /home/anhcu/Project/Stock_project/airflow_venv/lib/python3.8/site-packages/airflow/example_dags/example_latest_only_with_trigger.py
[2024-06-10 10:16:19,763] {logging_mixin.py:103} INFO - [2024-06-10 10:16:19,763] {dag.py:1813} INFO - Sync 1 DAGs
[2024-06-10 10:16:19,779] {logging_mixin.py:103} INFO - [2024-06-10 10:16:19,779] {dag.py:2266} INFO - Setting next_dagrun for latest_only_with_trigger to 2024-06-08 00:00:00+00:00
[2024-06-10 10:16:19,792] {scheduler_job.py:189} INFO - Processing /home/anhcu/Project/Stock_project/airflow_venv/lib/python3.8/site-packages/airflow/example_dags/example_latest_only_with_trigger.py took 0.045 seconds
[2024-06-10 10:16:49,886] {scheduler_job.py:181} INFO - Started process (PID=70644) to work on /home/anhcu/Project/Stock_project/airflow_venv/lib/python3.8/site-packages/airflow/example_dags/example_latest_only_with_trigger.py
[2024-06-10 10:16:49,888] {scheduler_job.py:629} INFO - Processing file /home/anhcu/Project/Stock_project/airflow_venv/lib/python3.8/site-packages/airflow/example_dags/example_latest_only_with_trigger.py for tasks to queue
[2024-06-10 10:16:49,889] {logging_mixin.py:103} INFO - [2024-06-10 10:16:49,889] {dagbag.py:440} INFO - Filling up the DagBag from /home/anhcu/Project/Stock_project/airflow_venv/lib/python3.8/site-packages/airflow/example_dags/example_latest_only_with_trigger.py
[2024-06-10 10:16:49,898] {scheduler_job.py:639} INFO - DAG(s) dict_keys(['latest_only_with_trigger']) retrieved from /home/anhcu/Project/Stock_project/airflow_venv/lib/python3.8/site-packages/airflow/example_dags/example_latest_only_with_trigger.py
[2024-06-10 10:16:49,899] {logging_mixin.py:103} INFO - [2024-06-10 10:16:49,899] {dag.py:1813} INFO - Sync 1 DAGs
[2024-06-10 10:16:49,915] {logging_mixin.py:103} INFO - [2024-06-10 10:16:49,915] {dag.py:2266} INFO - Setting next_dagrun for latest_only_with_trigger to 2024-06-08 00:00:00+00:00
[2024-06-10 10:16:49,928] {scheduler_job.py:189} INFO - Processing /home/anhcu/Project/Stock_project/airflow_venv/lib/python3.8/site-packages/airflow/example_dags/example_latest_only_with_trigger.py took 0.044 seconds
[2024-06-10 10:17:19,544] {scheduler_job.py:181} INFO - Started process (PID=70876) to work on /home/anhcu/Project/Stock_project/airflow_venv/lib/python3.8/site-packages/airflow/example_dags/example_latest_only_with_trigger.py
[2024-06-10 10:17:19,546] {scheduler_job.py:629} INFO - Processing file /home/anhcu/Project/Stock_project/airflow_venv/lib/python3.8/site-packages/airflow/example_dags/example_latest_only_with_trigger.py for tasks to queue
[2024-06-10 10:17:19,546] {logging_mixin.py:103} INFO - [2024-06-10 10:17:19,546] {dagbag.py:440} INFO - Filling up the DagBag from /home/anhcu/Project/Stock_project/airflow_venv/lib/python3.8/site-packages/airflow/example_dags/example_latest_only_with_trigger.py
[2024-06-10 10:17:19,556] {scheduler_job.py:639} INFO - DAG(s) dict_keys(['latest_only_with_trigger']) retrieved from /home/anhcu/Project/Stock_project/airflow_venv/lib/python3.8/site-packages/airflow/example_dags/example_latest_only_with_trigger.py
[2024-06-10 10:17:19,557] {logging_mixin.py:103} INFO - [2024-06-10 10:17:19,557] {dag.py:1813} INFO - Sync 1 DAGs
[2024-06-10 10:17:19,572] {logging_mixin.py:103} INFO - [2024-06-10 10:17:19,572] {dag.py:2266} INFO - Setting next_dagrun for latest_only_with_trigger to 2024-06-08 00:00:00+00:00
[2024-06-10 10:17:19,586] {scheduler_job.py:189} INFO - Processing /home/anhcu/Project/Stock_project/airflow_venv/lib/python3.8/site-packages/airflow/example_dags/example_latest_only_with_trigger.py took 0.045 seconds
[2024-06-10 10:17:50,280] {scheduler_job.py:181} INFO - Started process (PID=71032) to work on /home/anhcu/Project/Stock_project/airflow_venv/lib/python3.8/site-packages/airflow/example_dags/example_latest_only_with_trigger.py
[2024-06-10 10:17:50,281] {scheduler_job.py:629} INFO - Processing file /home/anhcu/Project/Stock_project/airflow_venv/lib/python3.8/site-packages/airflow/example_dags/example_latest_only_with_trigger.py for tasks to queue
[2024-06-10 10:17:50,282] {logging_mixin.py:103} INFO - [2024-06-10 10:17:50,282] {dagbag.py:440} INFO - Filling up the DagBag from /home/anhcu/Project/Stock_project/airflow_venv/lib/python3.8/site-packages/airflow/example_dags/example_latest_only_with_trigger.py
[2024-06-10 10:17:50,291] {scheduler_job.py:639} INFO - DAG(s) dict_keys(['latest_only_with_trigger']) retrieved from /home/anhcu/Project/Stock_project/airflow_venv/lib/python3.8/site-packages/airflow/example_dags/example_latest_only_with_trigger.py
[2024-06-10 10:17:50,292] {logging_mixin.py:103} INFO - [2024-06-10 10:17:50,292] {dag.py:1813} INFO - Sync 1 DAGs
[2024-06-10 10:17:50,308] {logging_mixin.py:103} INFO - [2024-06-10 10:17:50,308] {dag.py:2266} INFO - Setting next_dagrun for latest_only_with_trigger to 2024-06-08 00:00:00+00:00
[2024-06-10 10:17:50,322] {scheduler_job.py:189} INFO - Processing /home/anhcu/Project/Stock_project/airflow_venv/lib/python3.8/site-packages/airflow/example_dags/example_latest_only_with_trigger.py took 0.046 seconds
[2024-06-10 10:18:19,924] {scheduler_job.py:181} INFO - Started process (PID=71279) to work on /home/anhcu/Project/Stock_project/airflow_venv/lib/python3.8/site-packages/airflow/example_dags/example_latest_only_with_trigger.py
[2024-06-10 10:18:19,926] {scheduler_job.py:629} INFO - Processing file /home/anhcu/Project/Stock_project/airflow_venv/lib/python3.8/site-packages/airflow/example_dags/example_latest_only_with_trigger.py for tasks to queue
[2024-06-10 10:18:19,926] {logging_mixin.py:103} INFO - [2024-06-10 10:18:19,926] {dagbag.py:440} INFO - Filling up the DagBag from /home/anhcu/Project/Stock_project/airflow_venv/lib/python3.8/site-packages/airflow/example_dags/example_latest_only_with_trigger.py
[2024-06-10 10:18:19,936] {scheduler_job.py:639} INFO - DAG(s) dict_keys(['latest_only_with_trigger']) retrieved from /home/anhcu/Project/Stock_project/airflow_venv/lib/python3.8/site-packages/airflow/example_dags/example_latest_only_with_trigger.py
[2024-06-10 10:18:19,937] {logging_mixin.py:103} INFO - [2024-06-10 10:18:19,937] {dag.py:1813} INFO - Sync 1 DAGs
[2024-06-10 10:18:19,952] {logging_mixin.py:103} INFO - [2024-06-10 10:18:19,952] {dag.py:2266} INFO - Setting next_dagrun for latest_only_with_trigger to 2024-06-08 00:00:00+00:00
[2024-06-10 10:18:19,965] {scheduler_job.py:189} INFO - Processing /home/anhcu/Project/Stock_project/airflow_venv/lib/python3.8/site-packages/airflow/example_dags/example_latest_only_with_trigger.py took 0.045 seconds
[2024-06-10 10:18:50,934] {scheduler_job.py:181} INFO - Started process (PID=71697) to work on /home/anhcu/Project/Stock_project/airflow_venv/lib/python3.8/site-packages/airflow/example_dags/example_latest_only_with_trigger.py
[2024-06-10 10:18:50,937] {scheduler_job.py:629} INFO - Processing file /home/anhcu/Project/Stock_project/airflow_venv/lib/python3.8/site-packages/airflow/example_dags/example_latest_only_with_trigger.py for tasks to queue
[2024-06-10 10:18:50,938] {logging_mixin.py:103} INFO - [2024-06-10 10:18:50,938] {dagbag.py:440} INFO - Filling up the DagBag from /home/anhcu/Project/Stock_project/airflow_venv/lib/python3.8/site-packages/airflow/example_dags/example_latest_only_with_trigger.py
[2024-06-10 10:18:50,951] {scheduler_job.py:639} INFO - DAG(s) dict_keys(['latest_only_with_trigger']) retrieved from /home/anhcu/Project/Stock_project/airflow_venv/lib/python3.8/site-packages/airflow/example_dags/example_latest_only_with_trigger.py
[2024-06-10 10:18:50,952] {logging_mixin.py:103} INFO - [2024-06-10 10:18:50,952] {dag.py:1813} INFO - Sync 1 DAGs
[2024-06-10 10:18:50,970] {logging_mixin.py:103} INFO - [2024-06-10 10:18:50,970] {dag.py:2266} INFO - Setting next_dagrun for latest_only_with_trigger to 2024-06-08 00:00:00+00:00
[2024-06-10 10:18:50,982] {scheduler_job.py:189} INFO - Processing /home/anhcu/Project/Stock_project/airflow_venv/lib/python3.8/site-packages/airflow/example_dags/example_latest_only_with_trigger.py took 0.052 seconds
[2024-06-10 10:19:20,680] {scheduler_job.py:181} INFO - Started process (PID=71887) to work on /home/anhcu/Project/Stock_project/airflow_venv/lib/python3.8/site-packages/airflow/example_dags/example_latest_only_with_trigger.py
[2024-06-10 10:19:20,681] {scheduler_job.py:629} INFO - Processing file /home/anhcu/Project/Stock_project/airflow_venv/lib/python3.8/site-packages/airflow/example_dags/example_latest_only_with_trigger.py for tasks to queue
[2024-06-10 10:19:20,682] {logging_mixin.py:103} INFO - [2024-06-10 10:19:20,682] {dagbag.py:440} INFO - Filling up the DagBag from /home/anhcu/Project/Stock_project/airflow_venv/lib/python3.8/site-packages/airflow/example_dags/example_latest_only_with_trigger.py
[2024-06-10 10:19:20,692] {scheduler_job.py:639} INFO - DAG(s) dict_keys(['latest_only_with_trigger']) retrieved from /home/anhcu/Project/Stock_project/airflow_venv/lib/python3.8/site-packages/airflow/example_dags/example_latest_only_with_trigger.py
[2024-06-10 10:19:20,693] {logging_mixin.py:103} INFO - [2024-06-10 10:19:20,693] {dag.py:1813} INFO - Sync 1 DAGs
[2024-06-10 10:19:20,710] {logging_mixin.py:103} INFO - [2024-06-10 10:19:20,710] {dag.py:2266} INFO - Setting next_dagrun for latest_only_with_trigger to 2024-06-08 00:00:00+00:00
[2024-06-10 10:19:20,722] {scheduler_job.py:189} INFO - Processing /home/anhcu/Project/Stock_project/airflow_venv/lib/python3.8/site-packages/airflow/example_dags/example_latest_only_with_trigger.py took 0.045 seconds
[2024-06-10 10:20:00,809] {scheduler_job.py:181} INFO - Started process (PID=72285) to work on /home/anhcu/Project/Stock_project/airflow_venv/lib/python3.8/site-packages/airflow/example_dags/example_latest_only_with_trigger.py
[2024-06-10 10:20:00,810] {scheduler_job.py:629} INFO - Processing file /home/anhcu/Project/Stock_project/airflow_venv/lib/python3.8/site-packages/airflow/example_dags/example_latest_only_with_trigger.py for tasks to queue
[2024-06-10 10:20:00,811] {logging_mixin.py:103} INFO - [2024-06-10 10:20:00,811] {dagbag.py:440} INFO - Filling up the DagBag from /home/anhcu/Project/Stock_project/airflow_venv/lib/python3.8/site-packages/airflow/example_dags/example_latest_only_with_trigger.py
[2024-06-10 10:20:00,821] {scheduler_job.py:639} INFO - DAG(s) dict_keys(['latest_only_with_trigger']) retrieved from /home/anhcu/Project/Stock_project/airflow_venv/lib/python3.8/site-packages/airflow/example_dags/example_latest_only_with_trigger.py
[2024-06-10 10:20:00,822] {logging_mixin.py:103} INFO - [2024-06-10 10:20:00,822] {dag.py:1813} INFO - Sync 1 DAGs
[2024-06-10 10:20:00,840] {logging_mixin.py:103} INFO - [2024-06-10 10:20:00,840] {dag.py:2266} INFO - Setting next_dagrun for latest_only_with_trigger to 2024-06-08 00:00:00+00:00
[2024-06-10 10:20:00,851] {scheduler_job.py:189} INFO - Processing /home/anhcu/Project/Stock_project/airflow_venv/lib/python3.8/site-packages/airflow/example_dags/example_latest_only_with_trigger.py took 0.046 seconds
[2024-06-10 10:20:30,534] {scheduler_job.py:181} INFO - Started process (PID=72558) to work on /home/anhcu/Project/Stock_project/airflow_venv/lib/python3.8/site-packages/airflow/example_dags/example_latest_only_with_trigger.py
[2024-06-10 10:20:30,536] {scheduler_job.py:629} INFO - Processing file /home/anhcu/Project/Stock_project/airflow_venv/lib/python3.8/site-packages/airflow/example_dags/example_latest_only_with_trigger.py for tasks to queue
[2024-06-10 10:20:30,536] {logging_mixin.py:103} INFO - [2024-06-10 10:20:30,536] {dagbag.py:440} INFO - Filling up the DagBag from /home/anhcu/Project/Stock_project/airflow_venv/lib/python3.8/site-packages/airflow/example_dags/example_latest_only_with_trigger.py
[2024-06-10 10:20:30,549] {scheduler_job.py:639} INFO - DAG(s) dict_keys(['latest_only_with_trigger']) retrieved from /home/anhcu/Project/Stock_project/airflow_venv/lib/python3.8/site-packages/airflow/example_dags/example_latest_only_with_trigger.py
[2024-06-10 10:20:30,550] {logging_mixin.py:103} INFO - [2024-06-10 10:20:30,550] {dag.py:1813} INFO - Sync 1 DAGs
[2024-06-10 10:20:30,573] {logging_mixin.py:103} INFO - [2024-06-10 10:20:30,573] {dag.py:2266} INFO - Setting next_dagrun for latest_only_with_trigger to 2024-06-08 00:00:00+00:00
[2024-06-10 10:20:30,589] {scheduler_job.py:189} INFO - Processing /home/anhcu/Project/Stock_project/airflow_venv/lib/python3.8/site-packages/airflow/example_dags/example_latest_only_with_trigger.py took 0.060 seconds
[2024-06-10 10:21:02,304] {scheduler_job.py:181} INFO - Started process (PID=72792) to work on /home/anhcu/Project/Stock_project/airflow_venv/lib/python3.8/site-packages/airflow/example_dags/example_latest_only_with_trigger.py
[2024-06-10 10:21:02,306] {scheduler_job.py:629} INFO - Processing file /home/anhcu/Project/Stock_project/airflow_venv/lib/python3.8/site-packages/airflow/example_dags/example_latest_only_with_trigger.py for tasks to queue
[2024-06-10 10:21:02,307] {logging_mixin.py:103} INFO - [2024-06-10 10:21:02,307] {dagbag.py:440} INFO - Filling up the DagBag from /home/anhcu/Project/Stock_project/airflow_venv/lib/python3.8/site-packages/airflow/example_dags/example_latest_only_with_trigger.py
[2024-06-10 10:21:02,316] {scheduler_job.py:639} INFO - DAG(s) dict_keys(['latest_only_with_trigger']) retrieved from /home/anhcu/Project/Stock_project/airflow_venv/lib/python3.8/site-packages/airflow/example_dags/example_latest_only_with_trigger.py
[2024-06-10 10:21:02,317] {logging_mixin.py:103} INFO - [2024-06-10 10:21:02,317] {dag.py:1813} INFO - Sync 1 DAGs
[2024-06-10 10:21:02,334] {logging_mixin.py:103} INFO - [2024-06-10 10:21:02,334] {dag.py:2266} INFO - Setting next_dagrun for latest_only_with_trigger to 2024-06-08 00:00:00+00:00
[2024-06-10 10:21:02,345] {scheduler_job.py:189} INFO - Processing /home/anhcu/Project/Stock_project/airflow_venv/lib/python3.8/site-packages/airflow/example_dags/example_latest_only_with_trigger.py took 0.044 seconds
[2024-06-10 10:21:32,723] {scheduler_job.py:181} INFO - Started process (PID=72946) to work on /home/anhcu/Project/Stock_project/airflow_venv/lib/python3.8/site-packages/airflow/example_dags/example_latest_only_with_trigger.py
[2024-06-10 10:21:32,724] {scheduler_job.py:629} INFO - Processing file /home/anhcu/Project/Stock_project/airflow_venv/lib/python3.8/site-packages/airflow/example_dags/example_latest_only_with_trigger.py for tasks to queue
[2024-06-10 10:21:32,725] {logging_mixin.py:103} INFO - [2024-06-10 10:21:32,725] {dagbag.py:440} INFO - Filling up the DagBag from /home/anhcu/Project/Stock_project/airflow_venv/lib/python3.8/site-packages/airflow/example_dags/example_latest_only_with_trigger.py
[2024-06-10 10:21:32,736] {scheduler_job.py:639} INFO - DAG(s) dict_keys(['latest_only_with_trigger']) retrieved from /home/anhcu/Project/Stock_project/airflow_venv/lib/python3.8/site-packages/airflow/example_dags/example_latest_only_with_trigger.py
[2024-06-10 10:21:32,737] {logging_mixin.py:103} INFO - [2024-06-10 10:21:32,737] {dag.py:1813} INFO - Sync 1 DAGs
[2024-06-10 10:21:32,753] {logging_mixin.py:103} INFO - [2024-06-10 10:21:32,753] {dag.py:2266} INFO - Setting next_dagrun for latest_only_with_trigger to 2024-06-08 00:00:00+00:00
[2024-06-10 10:21:32,764] {scheduler_job.py:189} INFO - Processing /home/anhcu/Project/Stock_project/airflow_venv/lib/python3.8/site-packages/airflow/example_dags/example_latest_only_with_trigger.py took 0.045 seconds
[2024-06-10 10:22:01,770] {scheduler_job.py:181} INFO - Started process (PID=73181) to work on /home/anhcu/Project/Stock_project/airflow_venv/lib/python3.8/site-packages/airflow/example_dags/example_latest_only_with_trigger.py
[2024-06-10 10:22:01,773] {scheduler_job.py:629} INFO - Processing file /home/anhcu/Project/Stock_project/airflow_venv/lib/python3.8/site-packages/airflow/example_dags/example_latest_only_with_trigger.py for tasks to queue
[2024-06-10 10:22:01,774] {logging_mixin.py:103} INFO - [2024-06-10 10:22:01,774] {dagbag.py:440} INFO - Filling up the DagBag from /home/anhcu/Project/Stock_project/airflow_venv/lib/python3.8/site-packages/airflow/example_dags/example_latest_only_with_trigger.py
[2024-06-10 10:22:01,791] {scheduler_job.py:639} INFO - DAG(s) dict_keys(['latest_only_with_trigger']) retrieved from /home/anhcu/Project/Stock_project/airflow_venv/lib/python3.8/site-packages/airflow/example_dags/example_latest_only_with_trigger.py
[2024-06-10 10:22:01,792] {logging_mixin.py:103} INFO - [2024-06-10 10:22:01,792] {dag.py:1813} INFO - Sync 1 DAGs
[2024-06-10 10:22:01,815] {logging_mixin.py:103} INFO - [2024-06-10 10:22:01,815] {dag.py:2266} INFO - Setting next_dagrun for latest_only_with_trigger to 2024-06-08 00:00:00+00:00
[2024-06-10 10:22:01,833] {scheduler_job.py:189} INFO - Processing /home/anhcu/Project/Stock_project/airflow_venv/lib/python3.8/site-packages/airflow/example_dags/example_latest_only_with_trigger.py took 0.070 seconds
[2024-06-10 10:22:30,800] {scheduler_job.py:181} INFO - Started process (PID=73301) to work on /home/anhcu/Project/Stock_project/airflow_venv/lib/python3.8/site-packages/airflow/example_dags/example_latest_only_with_trigger.py
[2024-06-10 10:22:30,803] {scheduler_job.py:629} INFO - Processing file /home/anhcu/Project/Stock_project/airflow_venv/lib/python3.8/site-packages/airflow/example_dags/example_latest_only_with_trigger.py for tasks to queue
[2024-06-10 10:22:30,804] {logging_mixin.py:103} INFO - [2024-06-10 10:22:30,804] {dagbag.py:440} INFO - Filling up the DagBag from /home/anhcu/Project/Stock_project/airflow_venv/lib/python3.8/site-packages/airflow/example_dags/example_latest_only_with_trigger.py
[2024-06-10 10:22:30,821] {scheduler_job.py:639} INFO - DAG(s) dict_keys(['latest_only_with_trigger']) retrieved from /home/anhcu/Project/Stock_project/airflow_venv/lib/python3.8/site-packages/airflow/example_dags/example_latest_only_with_trigger.py
[2024-06-10 10:22:30,823] {logging_mixin.py:103} INFO - [2024-06-10 10:22:30,823] {dag.py:1813} INFO - Sync 1 DAGs
[2024-06-10 10:22:30,845] {logging_mixin.py:103} INFO - [2024-06-10 10:22:30,845] {dag.py:2266} INFO - Setting next_dagrun for latest_only_with_trigger to 2024-06-08 00:00:00+00:00
[2024-06-10 10:22:30,862] {scheduler_job.py:189} INFO - Processing /home/anhcu/Project/Stock_project/airflow_venv/lib/python3.8/site-packages/airflow/example_dags/example_latest_only_with_trigger.py took 0.066 seconds
[2024-06-10 10:22:58,395] {scheduler_job.py:181} INFO - Started process (PID=73525) to work on /home/anhcu/Project/Stock_project/airflow_venv/lib/python3.8/site-packages/airflow/example_dags/example_latest_only_with_trigger.py
[2024-06-10 10:22:58,397] {scheduler_job.py:629} INFO - Processing file /home/anhcu/Project/Stock_project/airflow_venv/lib/python3.8/site-packages/airflow/example_dags/example_latest_only_with_trigger.py for tasks to queue
[2024-06-10 10:22:58,398] {logging_mixin.py:103} INFO - [2024-06-10 10:22:58,398] {dagbag.py:440} INFO - Filling up the DagBag from /home/anhcu/Project/Stock_project/airflow_venv/lib/python3.8/site-packages/airflow/example_dags/example_latest_only_with_trigger.py
[2024-06-10 10:22:58,410] {scheduler_job.py:639} INFO - DAG(s) dict_keys(['latest_only_with_trigger']) retrieved from /home/anhcu/Project/Stock_project/airflow_venv/lib/python3.8/site-packages/airflow/example_dags/example_latest_only_with_trigger.py
[2024-06-10 10:22:58,411] {logging_mixin.py:103} INFO - [2024-06-10 10:22:58,411] {dag.py:1813} INFO - Sync 1 DAGs
[2024-06-10 10:22:58,428] {logging_mixin.py:103} INFO - [2024-06-10 10:22:58,428] {dag.py:2266} INFO - Setting next_dagrun for latest_only_with_trigger to 2024-06-08 00:00:00+00:00
[2024-06-10 10:22:58,441] {scheduler_job.py:189} INFO - Processing /home/anhcu/Project/Stock_project/airflow_venv/lib/python3.8/site-packages/airflow/example_dags/example_latest_only_with_trigger.py took 0.050 seconds
[2024-06-10 10:23:50,109] {scheduler_job.py:181} INFO - Started process (PID=74197) to work on /home/anhcu/Project/Stock_project/airflow_venv/lib/python3.8/site-packages/airflow/example_dags/example_latest_only_with_trigger.py
[2024-06-10 10:23:50,113] {scheduler_job.py:629} INFO - Processing file /home/anhcu/Project/Stock_project/airflow_venv/lib/python3.8/site-packages/airflow/example_dags/example_latest_only_with_trigger.py for tasks to queue
[2024-06-10 10:23:50,114] {logging_mixin.py:103} INFO - [2024-06-10 10:23:50,114] {dagbag.py:440} INFO - Filling up the DagBag from /home/anhcu/Project/Stock_project/airflow_venv/lib/python3.8/site-packages/airflow/example_dags/example_latest_only_with_trigger.py
[2024-06-10 10:23:50,126] {scheduler_job.py:639} INFO - DAG(s) dict_keys(['latest_only_with_trigger']) retrieved from /home/anhcu/Project/Stock_project/airflow_venv/lib/python3.8/site-packages/airflow/example_dags/example_latest_only_with_trigger.py
[2024-06-10 10:23:50,127] {logging_mixin.py:103} INFO - [2024-06-10 10:23:50,127] {dag.py:1813} INFO - Sync 1 DAGs
[2024-06-10 10:23:50,142] {logging_mixin.py:103} INFO - [2024-06-10 10:23:50,142] {dag.py:2266} INFO - Setting next_dagrun for latest_only_with_trigger to 2024-06-08 00:00:00+00:00
[2024-06-10 10:23:50,154] {scheduler_job.py:189} INFO - Processing /home/anhcu/Project/Stock_project/airflow_venv/lib/python3.8/site-packages/airflow/example_dags/example_latest_only_with_trigger.py took 0.048 seconds
[2024-06-10 10:24:19,857] {scheduler_job.py:181} INFO - Started process (PID=74462) to work on /home/anhcu/Project/Stock_project/airflow_venv/lib/python3.8/site-packages/airflow/example_dags/example_latest_only_with_trigger.py
[2024-06-10 10:24:19,861] {scheduler_job.py:629} INFO - Processing file /home/anhcu/Project/Stock_project/airflow_venv/lib/python3.8/site-packages/airflow/example_dags/example_latest_only_with_trigger.py for tasks to queue
[2024-06-10 10:24:19,862] {logging_mixin.py:103} INFO - [2024-06-10 10:24:19,862] {dagbag.py:440} INFO - Filling up the DagBag from /home/anhcu/Project/Stock_project/airflow_venv/lib/python3.8/site-packages/airflow/example_dags/example_latest_only_with_trigger.py
[2024-06-10 10:24:19,870] {scheduler_job.py:639} INFO - DAG(s) dict_keys(['latest_only_with_trigger']) retrieved from /home/anhcu/Project/Stock_project/airflow_venv/lib/python3.8/site-packages/airflow/example_dags/example_latest_only_with_trigger.py
[2024-06-10 10:24:19,871] {logging_mixin.py:103} INFO - [2024-06-10 10:24:19,871] {dag.py:1813} INFO - Sync 1 DAGs
[2024-06-10 10:24:19,886] {logging_mixin.py:103} INFO - [2024-06-10 10:24:19,886] {dag.py:2266} INFO - Setting next_dagrun for latest_only_with_trigger to 2024-06-08 00:00:00+00:00
[2024-06-10 10:24:19,898] {scheduler_job.py:189} INFO - Processing /home/anhcu/Project/Stock_project/airflow_venv/lib/python3.8/site-packages/airflow/example_dags/example_latest_only_with_trigger.py took 0.044 seconds
[2024-06-10 10:24:52,017] {scheduler_job.py:181} INFO - Started process (PID=74867) to work on /home/anhcu/Project/Stock_project/airflow_venv/lib/python3.8/site-packages/airflow/example_dags/example_latest_only_with_trigger.py
[2024-06-10 10:24:52,018] {scheduler_job.py:629} INFO - Processing file /home/anhcu/Project/Stock_project/airflow_venv/lib/python3.8/site-packages/airflow/example_dags/example_latest_only_with_trigger.py for tasks to queue
[2024-06-10 10:24:52,019] {logging_mixin.py:103} INFO - [2024-06-10 10:24:52,019] {dagbag.py:440} INFO - Filling up the DagBag from /home/anhcu/Project/Stock_project/airflow_venv/lib/python3.8/site-packages/airflow/example_dags/example_latest_only_with_trigger.py
[2024-06-10 10:24:52,050] {scheduler_job.py:639} INFO - DAG(s) dict_keys(['latest_only_with_trigger']) retrieved from /home/anhcu/Project/Stock_project/airflow_venv/lib/python3.8/site-packages/airflow/example_dags/example_latest_only_with_trigger.py
[2024-06-10 10:24:52,051] {logging_mixin.py:103} INFO - [2024-06-10 10:24:52,051] {dag.py:1813} INFO - Sync 1 DAGs
[2024-06-10 10:24:52,085] {logging_mixin.py:103} INFO - [2024-06-10 10:24:52,085] {dag.py:2266} INFO - Setting next_dagrun for latest_only_with_trigger to 2024-06-08 00:00:00+00:00
[2024-06-10 10:24:52,116] {scheduler_job.py:189} INFO - Processing /home/anhcu/Project/Stock_project/airflow_venv/lib/python3.8/site-packages/airflow/example_dags/example_latest_only_with_trigger.py took 0.108 seconds
[2024-06-10 10:25:21,744] {scheduler_job.py:181} INFO - Started process (PID=75265) to work on /home/anhcu/Project/Stock_project/airflow_venv/lib/python3.8/site-packages/airflow/example_dags/example_latest_only_with_trigger.py
[2024-06-10 10:25:21,745] {scheduler_job.py:629} INFO - Processing file /home/anhcu/Project/Stock_project/airflow_venv/lib/python3.8/site-packages/airflow/example_dags/example_latest_only_with_trigger.py for tasks to queue
[2024-06-10 10:25:21,746] {logging_mixin.py:103} INFO - [2024-06-10 10:25:21,745] {dagbag.py:440} INFO - Filling up the DagBag from /home/anhcu/Project/Stock_project/airflow_venv/lib/python3.8/site-packages/airflow/example_dags/example_latest_only_with_trigger.py
[2024-06-10 10:25:21,755] {scheduler_job.py:639} INFO - DAG(s) dict_keys(['latest_only_with_trigger']) retrieved from /home/anhcu/Project/Stock_project/airflow_venv/lib/python3.8/site-packages/airflow/example_dags/example_latest_only_with_trigger.py
[2024-06-10 10:25:21,756] {logging_mixin.py:103} INFO - [2024-06-10 10:25:21,756] {dag.py:1813} INFO - Sync 1 DAGs
[2024-06-10 10:25:21,772] {logging_mixin.py:103} INFO - [2024-06-10 10:25:21,772] {dag.py:2266} INFO - Setting next_dagrun for latest_only_with_trigger to 2024-06-08 00:00:00+00:00
[2024-06-10 10:25:21,784] {scheduler_job.py:189} INFO - Processing /home/anhcu/Project/Stock_project/airflow_venv/lib/python3.8/site-packages/airflow/example_dags/example_latest_only_with_trigger.py took 0.044 seconds
[2024-06-10 10:25:53,203] {scheduler_job.py:181} INFO - Started process (PID=75563) to work on /home/anhcu/Project/Stock_project/airflow_venv/lib/python3.8/site-packages/airflow/example_dags/example_latest_only_with_trigger.py
[2024-06-10 10:25:53,205] {scheduler_job.py:629} INFO - Processing file /home/anhcu/Project/Stock_project/airflow_venv/lib/python3.8/site-packages/airflow/example_dags/example_latest_only_with_trigger.py for tasks to queue
[2024-06-10 10:25:53,206] {logging_mixin.py:103} INFO - [2024-06-10 10:25:53,206] {dagbag.py:440} INFO - Filling up the DagBag from /home/anhcu/Project/Stock_project/airflow_venv/lib/python3.8/site-packages/airflow/example_dags/example_latest_only_with_trigger.py
[2024-06-10 10:25:53,216] {scheduler_job.py:639} INFO - DAG(s) dict_keys(['latest_only_with_trigger']) retrieved from /home/anhcu/Project/Stock_project/airflow_venv/lib/python3.8/site-packages/airflow/example_dags/example_latest_only_with_trigger.py
[2024-06-10 10:25:53,217] {logging_mixin.py:103} INFO - [2024-06-10 10:25:53,217] {dag.py:1813} INFO - Sync 1 DAGs
[2024-06-10 10:25:53,235] {logging_mixin.py:103} INFO - [2024-06-10 10:25:53,235] {dag.py:2266} INFO - Setting next_dagrun for latest_only_with_trigger to 2024-06-08 00:00:00+00:00
[2024-06-10 10:25:53,247] {scheduler_job.py:189} INFO - Processing /home/anhcu/Project/Stock_project/airflow_venv/lib/python3.8/site-packages/airflow/example_dags/example_latest_only_with_trigger.py took 0.049 seconds
[2024-06-10 10:26:19,499] {scheduler_job.py:181} INFO - Started process (PID=75749) to work on /home/anhcu/Project/Stock_project/airflow_venv/lib/python3.8/site-packages/airflow/example_dags/example_latest_only_with_trigger.py
[2024-06-10 10:26:19,502] {scheduler_job.py:629} INFO - Processing file /home/anhcu/Project/Stock_project/airflow_venv/lib/python3.8/site-packages/airflow/example_dags/example_latest_only_with_trigger.py for tasks to queue
[2024-06-10 10:26:19,502] {logging_mixin.py:103} INFO - [2024-06-10 10:26:19,502] {dagbag.py:440} INFO - Filling up the DagBag from /home/anhcu/Project/Stock_project/airflow_venv/lib/python3.8/site-packages/airflow/example_dags/example_latest_only_with_trigger.py
[2024-06-10 10:26:19,511] {scheduler_job.py:639} INFO - DAG(s) dict_keys(['latest_only_with_trigger']) retrieved from /home/anhcu/Project/Stock_project/airflow_venv/lib/python3.8/site-packages/airflow/example_dags/example_latest_only_with_trigger.py
[2024-06-10 10:26:19,512] {logging_mixin.py:103} INFO - [2024-06-10 10:26:19,512] {dag.py:1813} INFO - Sync 1 DAGs
[2024-06-10 10:26:19,528] {logging_mixin.py:103} INFO - [2024-06-10 10:26:19,528] {dag.py:2266} INFO - Setting next_dagrun for latest_only_with_trigger to 2024-06-08 00:00:00+00:00
[2024-06-10 10:26:19,539] {scheduler_job.py:189} INFO - Processing /home/anhcu/Project/Stock_project/airflow_venv/lib/python3.8/site-packages/airflow/example_dags/example_latest_only_with_trigger.py took 0.045 seconds
[2024-06-10 10:26:47,217] {scheduler_job.py:181} INFO - Started process (PID=75941) to work on /home/anhcu/Project/Stock_project/airflow_venv/lib/python3.8/site-packages/airflow/example_dags/example_latest_only_with_trigger.py
[2024-06-10 10:26:47,218] {scheduler_job.py:629} INFO - Processing file /home/anhcu/Project/Stock_project/airflow_venv/lib/python3.8/site-packages/airflow/example_dags/example_latest_only_with_trigger.py for tasks to queue
[2024-06-10 10:26:47,219] {logging_mixin.py:103} INFO - [2024-06-10 10:26:47,219] {dagbag.py:440} INFO - Filling up the DagBag from /home/anhcu/Project/Stock_project/airflow_venv/lib/python3.8/site-packages/airflow/example_dags/example_latest_only_with_trigger.py
[2024-06-10 10:26:47,229] {scheduler_job.py:639} INFO - DAG(s) dict_keys(['latest_only_with_trigger']) retrieved from /home/anhcu/Project/Stock_project/airflow_venv/lib/python3.8/site-packages/airflow/example_dags/example_latest_only_with_trigger.py
[2024-06-10 10:26:47,230] {logging_mixin.py:103} INFO - [2024-06-10 10:26:47,230] {dag.py:1813} INFO - Sync 1 DAGs
[2024-06-10 10:26:47,245] {logging_mixin.py:103} INFO - [2024-06-10 10:26:47,245] {dag.py:2266} INFO - Setting next_dagrun for latest_only_with_trigger to 2024-06-08 00:00:00+00:00
[2024-06-10 10:26:47,257] {scheduler_job.py:189} INFO - Processing /home/anhcu/Project/Stock_project/airflow_venv/lib/python3.8/site-packages/airflow/example_dags/example_latest_only_with_trigger.py took 0.044 seconds
[2024-06-10 10:27:15,189] {scheduler_job.py:181} INFO - Started process (PID=76062) to work on /home/anhcu/Project/Stock_project/airflow_venv/lib/python3.8/site-packages/airflow/example_dags/example_latest_only_with_trigger.py
[2024-06-10 10:27:15,191] {scheduler_job.py:629} INFO - Processing file /home/anhcu/Project/Stock_project/airflow_venv/lib/python3.8/site-packages/airflow/example_dags/example_latest_only_with_trigger.py for tasks to queue
[2024-06-10 10:27:15,192] {logging_mixin.py:103} INFO - [2024-06-10 10:27:15,192] {dagbag.py:440} INFO - Filling up the DagBag from /home/anhcu/Project/Stock_project/airflow_venv/lib/python3.8/site-packages/airflow/example_dags/example_latest_only_with_trigger.py
[2024-06-10 10:27:15,205] {scheduler_job.py:639} INFO - DAG(s) dict_keys(['latest_only_with_trigger']) retrieved from /home/anhcu/Project/Stock_project/airflow_venv/lib/python3.8/site-packages/airflow/example_dags/example_latest_only_with_trigger.py
[2024-06-10 10:27:15,206] {logging_mixin.py:103} INFO - [2024-06-10 10:27:15,206] {dag.py:1813} INFO - Sync 1 DAGs
[2024-06-10 10:27:15,227] {logging_mixin.py:103} INFO - [2024-06-10 10:27:15,227] {dag.py:2266} INFO - Setting next_dagrun for latest_only_with_trigger to 2024-06-08 00:00:00+00:00
[2024-06-10 10:27:15,244] {scheduler_job.py:189} INFO - Processing /home/anhcu/Project/Stock_project/airflow_venv/lib/python3.8/site-packages/airflow/example_dags/example_latest_only_with_trigger.py took 0.069 seconds
[2024-06-10 10:27:43,539] {scheduler_job.py:181} INFO - Started process (PID=76197) to work on /home/anhcu/Project/Stock_project/airflow_venv/lib/python3.8/site-packages/airflow/example_dags/example_latest_only_with_trigger.py
[2024-06-10 10:27:43,541] {scheduler_job.py:629} INFO - Processing file /home/anhcu/Project/Stock_project/airflow_venv/lib/python3.8/site-packages/airflow/example_dags/example_latest_only_with_trigger.py for tasks to queue
[2024-06-10 10:27:43,542] {logging_mixin.py:103} INFO - [2024-06-10 10:27:43,542] {dagbag.py:440} INFO - Filling up the DagBag from /home/anhcu/Project/Stock_project/airflow_venv/lib/python3.8/site-packages/airflow/example_dags/example_latest_only_with_trigger.py
[2024-06-10 10:27:43,552] {scheduler_job.py:639} INFO - DAG(s) dict_keys(['latest_only_with_trigger']) retrieved from /home/anhcu/Project/Stock_project/airflow_venv/lib/python3.8/site-packages/airflow/example_dags/example_latest_only_with_trigger.py
[2024-06-10 10:27:43,553] {logging_mixin.py:103} INFO - [2024-06-10 10:27:43,553] {dag.py:1813} INFO - Sync 1 DAGs
[2024-06-10 10:27:43,568] {logging_mixin.py:103} INFO - [2024-06-10 10:27:43,568] {dag.py:2266} INFO - Setting next_dagrun for latest_only_with_trigger to 2024-06-08 00:00:00+00:00
[2024-06-10 10:27:43,580] {scheduler_job.py:189} INFO - Processing /home/anhcu/Project/Stock_project/airflow_venv/lib/python3.8/site-packages/airflow/example_dags/example_latest_only_with_trigger.py took 0.045 seconds
[2024-06-10 10:28:11,783] {scheduler_job.py:181} INFO - Started process (PID=76335) to work on /home/anhcu/Project/Stock_project/airflow_venv/lib/python3.8/site-packages/airflow/example_dags/example_latest_only_with_trigger.py
[2024-06-10 10:28:11,785] {scheduler_job.py:629} INFO - Processing file /home/anhcu/Project/Stock_project/airflow_venv/lib/python3.8/site-packages/airflow/example_dags/example_latest_only_with_trigger.py for tasks to queue
[2024-06-10 10:28:11,785] {logging_mixin.py:103} INFO - [2024-06-10 10:28:11,785] {dagbag.py:440} INFO - Filling up the DagBag from /home/anhcu/Project/Stock_project/airflow_venv/lib/python3.8/site-packages/airflow/example_dags/example_latest_only_with_trigger.py
[2024-06-10 10:28:11,796] {scheduler_job.py:639} INFO - DAG(s) dict_keys(['latest_only_with_trigger']) retrieved from /home/anhcu/Project/Stock_project/airflow_venv/lib/python3.8/site-packages/airflow/example_dags/example_latest_only_with_trigger.py
[2024-06-10 10:28:11,797] {logging_mixin.py:103} INFO - [2024-06-10 10:28:11,797] {dag.py:1813} INFO - Sync 1 DAGs
[2024-06-10 10:28:11,813] {logging_mixin.py:103} INFO - [2024-06-10 10:28:11,813] {dag.py:2266} INFO - Setting next_dagrun for latest_only_with_trigger to 2024-06-08 00:00:00+00:00
[2024-06-10 10:28:11,825] {scheduler_job.py:189} INFO - Processing /home/anhcu/Project/Stock_project/airflow_venv/lib/python3.8/site-packages/airflow/example_dags/example_latest_only_with_trigger.py took 0.046 seconds
[2024-06-10 10:28:39,154] {scheduler_job.py:181} INFO - Started process (PID=76470) to work on /home/anhcu/Project/Stock_project/airflow_venv/lib/python3.8/site-packages/airflow/example_dags/example_latest_only_with_trigger.py
[2024-06-10 10:28:39,159] {scheduler_job.py:629} INFO - Processing file /home/anhcu/Project/Stock_project/airflow_venv/lib/python3.8/site-packages/airflow/example_dags/example_latest_only_with_trigger.py for tasks to queue
[2024-06-10 10:28:39,160] {logging_mixin.py:103} INFO - [2024-06-10 10:28:39,160] {dagbag.py:440} INFO - Filling up the DagBag from /home/anhcu/Project/Stock_project/airflow_venv/lib/python3.8/site-packages/airflow/example_dags/example_latest_only_with_trigger.py
[2024-06-10 10:28:39,175] {scheduler_job.py:639} INFO - DAG(s) dict_keys(['latest_only_with_trigger']) retrieved from /home/anhcu/Project/Stock_project/airflow_venv/lib/python3.8/site-packages/airflow/example_dags/example_latest_only_with_trigger.py
[2024-06-10 10:28:39,177] {logging_mixin.py:103} INFO - [2024-06-10 10:28:39,177] {dag.py:1813} INFO - Sync 1 DAGs
[2024-06-10 10:28:39,211] {logging_mixin.py:103} INFO - [2024-06-10 10:28:39,211] {dag.py:2266} INFO - Setting next_dagrun for latest_only_with_trigger to 2024-06-08 00:00:00+00:00
[2024-06-10 10:28:39,229] {scheduler_job.py:189} INFO - Processing /home/anhcu/Project/Stock_project/airflow_venv/lib/python3.8/site-packages/airflow/example_dags/example_latest_only_with_trigger.py took 0.079 seconds
[2024-06-10 10:29:06,300] {scheduler_job.py:181} INFO - Started process (PID=76678) to work on /home/anhcu/Project/Stock_project/airflow_venv/lib/python3.8/site-packages/airflow/example_dags/example_latest_only_with_trigger.py
[2024-06-10 10:29:06,302] {scheduler_job.py:629} INFO - Processing file /home/anhcu/Project/Stock_project/airflow_venv/lib/python3.8/site-packages/airflow/example_dags/example_latest_only_with_trigger.py for tasks to queue
[2024-06-10 10:29:06,303] {logging_mixin.py:103} INFO - [2024-06-10 10:29:06,303] {dagbag.py:440} INFO - Filling up the DagBag from /home/anhcu/Project/Stock_project/airflow_venv/lib/python3.8/site-packages/airflow/example_dags/example_latest_only_with_trigger.py
[2024-06-10 10:29:06,313] {scheduler_job.py:639} INFO - DAG(s) dict_keys(['latest_only_with_trigger']) retrieved from /home/anhcu/Project/Stock_project/airflow_venv/lib/python3.8/site-packages/airflow/example_dags/example_latest_only_with_trigger.py
[2024-06-10 10:29:06,314] {logging_mixin.py:103} INFO - [2024-06-10 10:29:06,314] {dag.py:1813} INFO - Sync 1 DAGs
[2024-06-10 10:29:06,331] {logging_mixin.py:103} INFO - [2024-06-10 10:29:06,330] {dag.py:2266} INFO - Setting next_dagrun for latest_only_with_trigger to 2024-06-08 00:00:00+00:00
[2024-06-10 10:29:06,343] {scheduler_job.py:189} INFO - Processing /home/anhcu/Project/Stock_project/airflow_venv/lib/python3.8/site-packages/airflow/example_dags/example_latest_only_with_trigger.py took 0.047 seconds
[2024-06-10 10:29:33,772] {scheduler_job.py:181} INFO - Started process (PID=76834) to work on /home/anhcu/Project/Stock_project/airflow_venv/lib/python3.8/site-packages/airflow/example_dags/example_latest_only_with_trigger.py
[2024-06-10 10:29:33,774] {scheduler_job.py:629} INFO - Processing file /home/anhcu/Project/Stock_project/airflow_venv/lib/python3.8/site-packages/airflow/example_dags/example_latest_only_with_trigger.py for tasks to queue
[2024-06-10 10:29:33,775] {logging_mixin.py:103} INFO - [2024-06-10 10:29:33,775] {dagbag.py:440} INFO - Filling up the DagBag from /home/anhcu/Project/Stock_project/airflow_venv/lib/python3.8/site-packages/airflow/example_dags/example_latest_only_with_trigger.py
[2024-06-10 10:29:33,784] {scheduler_job.py:639} INFO - DAG(s) dict_keys(['latest_only_with_trigger']) retrieved from /home/anhcu/Project/Stock_project/airflow_venv/lib/python3.8/site-packages/airflow/example_dags/example_latest_only_with_trigger.py
[2024-06-10 10:29:33,785] {logging_mixin.py:103} INFO - [2024-06-10 10:29:33,785] {dag.py:1813} INFO - Sync 1 DAGs
[2024-06-10 10:29:33,801] {logging_mixin.py:103} INFO - [2024-06-10 10:29:33,800] {dag.py:2266} INFO - Setting next_dagrun for latest_only_with_trigger to 2024-06-08 00:00:00+00:00
[2024-06-10 10:29:33,813] {scheduler_job.py:189} INFO - Processing /home/anhcu/Project/Stock_project/airflow_venv/lib/python3.8/site-packages/airflow/example_dags/example_latest_only_with_trigger.py took 0.045 seconds
[2024-06-10 10:30:01,881] {scheduler_job.py:181} INFO - Started process (PID=76985) to work on /home/anhcu/Project/Stock_project/airflow_venv/lib/python3.8/site-packages/airflow/example_dags/example_latest_only_with_trigger.py
[2024-06-10 10:30:01,882] {scheduler_job.py:629} INFO - Processing file /home/anhcu/Project/Stock_project/airflow_venv/lib/python3.8/site-packages/airflow/example_dags/example_latest_only_with_trigger.py for tasks to queue
[2024-06-10 10:30:01,884] {logging_mixin.py:103} INFO - [2024-06-10 10:30:01,883] {dagbag.py:440} INFO - Filling up the DagBag from /home/anhcu/Project/Stock_project/airflow_venv/lib/python3.8/site-packages/airflow/example_dags/example_latest_only_with_trigger.py
[2024-06-10 10:30:01,893] {scheduler_job.py:639} INFO - DAG(s) dict_keys(['latest_only_with_trigger']) retrieved from /home/anhcu/Project/Stock_project/airflow_venv/lib/python3.8/site-packages/airflow/example_dags/example_latest_only_with_trigger.py
[2024-06-10 10:30:01,895] {logging_mixin.py:103} INFO - [2024-06-10 10:30:01,894] {dag.py:1813} INFO - Sync 1 DAGs
[2024-06-10 10:30:01,911] {logging_mixin.py:103} INFO - [2024-06-10 10:30:01,911] {dag.py:2266} INFO - Setting next_dagrun for latest_only_with_trigger to 2024-06-08 00:00:00+00:00
[2024-06-10 10:30:01,923] {scheduler_job.py:189} INFO - Processing /home/anhcu/Project/Stock_project/airflow_venv/lib/python3.8/site-packages/airflow/example_dags/example_latest_only_with_trigger.py took 0.046 seconds
[2024-06-10 10:30:29,208] {scheduler_job.py:181} INFO - Started process (PID=77145) to work on /home/anhcu/Project/Stock_project/airflow_venv/lib/python3.8/site-packages/airflow/example_dags/example_latest_only_with_trigger.py
[2024-06-10 10:30:29,210] {scheduler_job.py:629} INFO - Processing file /home/anhcu/Project/Stock_project/airflow_venv/lib/python3.8/site-packages/airflow/example_dags/example_latest_only_with_trigger.py for tasks to queue
[2024-06-10 10:30:29,211] {logging_mixin.py:103} INFO - [2024-06-10 10:30:29,211] {dagbag.py:440} INFO - Filling up the DagBag from /home/anhcu/Project/Stock_project/airflow_venv/lib/python3.8/site-packages/airflow/example_dags/example_latest_only_with_trigger.py
[2024-06-10 10:30:29,221] {scheduler_job.py:639} INFO - DAG(s) dict_keys(['latest_only_with_trigger']) retrieved from /home/anhcu/Project/Stock_project/airflow_venv/lib/python3.8/site-packages/airflow/example_dags/example_latest_only_with_trigger.py
[2024-06-10 10:30:29,222] {logging_mixin.py:103} INFO - [2024-06-10 10:30:29,222] {dag.py:1813} INFO - Sync 1 DAGs
[2024-06-10 10:30:29,237] {logging_mixin.py:103} INFO - [2024-06-10 10:30:29,237] {dag.py:2266} INFO - Setting next_dagrun for latest_only_with_trigger to 2024-06-08 00:00:00+00:00
[2024-06-10 10:30:29,248] {scheduler_job.py:189} INFO - Processing /home/anhcu/Project/Stock_project/airflow_venv/lib/python3.8/site-packages/airflow/example_dags/example_latest_only_with_trigger.py took 0.045 seconds
[2024-06-10 10:30:56,427] {scheduler_job.py:181} INFO - Started process (PID=77301) to work on /home/anhcu/Project/Stock_project/airflow_venv/lib/python3.8/site-packages/airflow/example_dags/example_latest_only_with_trigger.py
[2024-06-10 10:30:56,429] {scheduler_job.py:629} INFO - Processing file /home/anhcu/Project/Stock_project/airflow_venv/lib/python3.8/site-packages/airflow/example_dags/example_latest_only_with_trigger.py for tasks to queue
[2024-06-10 10:30:56,431] {logging_mixin.py:103} INFO - [2024-06-10 10:30:56,430] {dagbag.py:440} INFO - Filling up the DagBag from /home/anhcu/Project/Stock_project/airflow_venv/lib/python3.8/site-packages/airflow/example_dags/example_latest_only_with_trigger.py
[2024-06-10 10:30:56,441] {scheduler_job.py:639} INFO - DAG(s) dict_keys(['latest_only_with_trigger']) retrieved from /home/anhcu/Project/Stock_project/airflow_venv/lib/python3.8/site-packages/airflow/example_dags/example_latest_only_with_trigger.py
[2024-06-10 10:30:56,442] {logging_mixin.py:103} INFO - [2024-06-10 10:30:56,442] {dag.py:1813} INFO - Sync 1 DAGs
[2024-06-10 10:30:56,467] {logging_mixin.py:103} INFO - [2024-06-10 10:30:56,467] {dag.py:2266} INFO - Setting next_dagrun for latest_only_with_trigger to 2024-06-08 00:00:00+00:00
[2024-06-10 10:30:56,479] {scheduler_job.py:189} INFO - Processing /home/anhcu/Project/Stock_project/airflow_venv/lib/python3.8/site-packages/airflow/example_dags/example_latest_only_with_trigger.py took 0.056 seconds
[2024-06-10 10:31:23,787] {scheduler_job.py:181} INFO - Started process (PID=77436) to work on /home/anhcu/Project/Stock_project/airflow_venv/lib/python3.8/site-packages/airflow/example_dags/example_latest_only_with_trigger.py
[2024-06-10 10:31:23,790] {scheduler_job.py:629} INFO - Processing file /home/anhcu/Project/Stock_project/airflow_venv/lib/python3.8/site-packages/airflow/example_dags/example_latest_only_with_trigger.py for tasks to queue
[2024-06-10 10:31:23,791] {logging_mixin.py:103} INFO - [2024-06-10 10:31:23,791] {dagbag.py:440} INFO - Filling up the DagBag from /home/anhcu/Project/Stock_project/airflow_venv/lib/python3.8/site-packages/airflow/example_dags/example_latest_only_with_trigger.py
[2024-06-10 10:31:23,804] {scheduler_job.py:639} INFO - DAG(s) dict_keys(['latest_only_with_trigger']) retrieved from /home/anhcu/Project/Stock_project/airflow_venv/lib/python3.8/site-packages/airflow/example_dags/example_latest_only_with_trigger.py
[2024-06-10 10:31:23,805] {logging_mixin.py:103} INFO - [2024-06-10 10:31:23,805] {dag.py:1813} INFO - Sync 1 DAGs
[2024-06-10 10:31:23,824] {logging_mixin.py:103} INFO - [2024-06-10 10:31:23,824] {dag.py:2266} INFO - Setting next_dagrun for latest_only_with_trigger to 2024-06-08 00:00:00+00:00
[2024-06-10 10:31:23,836] {scheduler_job.py:189} INFO - Processing /home/anhcu/Project/Stock_project/airflow_venv/lib/python3.8/site-packages/airflow/example_dags/example_latest_only_with_trigger.py took 0.054 seconds
[2024-06-10 10:31:52,015] {scheduler_job.py:181} INFO - Started process (PID=77575) to work on /home/anhcu/Project/Stock_project/airflow_venv/lib/python3.8/site-packages/airflow/example_dags/example_latest_only_with_trigger.py
[2024-06-10 10:31:52,017] {scheduler_job.py:629} INFO - Processing file /home/anhcu/Project/Stock_project/airflow_venv/lib/python3.8/site-packages/airflow/example_dags/example_latest_only_with_trigger.py for tasks to queue
[2024-06-10 10:31:52,018] {logging_mixin.py:103} INFO - [2024-06-10 10:31:52,017] {dagbag.py:440} INFO - Filling up the DagBag from /home/anhcu/Project/Stock_project/airflow_venv/lib/python3.8/site-packages/airflow/example_dags/example_latest_only_with_trigger.py
[2024-06-10 10:31:52,029] {scheduler_job.py:639} INFO - DAG(s) dict_keys(['latest_only_with_trigger']) retrieved from /home/anhcu/Project/Stock_project/airflow_venv/lib/python3.8/site-packages/airflow/example_dags/example_latest_only_with_trigger.py
[2024-06-10 10:31:52,031] {logging_mixin.py:103} INFO - [2024-06-10 10:31:52,030] {dag.py:1813} INFO - Sync 1 DAGs
[2024-06-10 10:31:52,047] {logging_mixin.py:103} INFO - [2024-06-10 10:31:52,047] {dag.py:2266} INFO - Setting next_dagrun for latest_only_with_trigger to 2024-06-08 00:00:00+00:00
[2024-06-10 10:31:52,060] {scheduler_job.py:189} INFO - Processing /home/anhcu/Project/Stock_project/airflow_venv/lib/python3.8/site-packages/airflow/example_dags/example_latest_only_with_trigger.py took 0.048 seconds
[2024-06-10 10:32:20,394] {scheduler_job.py:181} INFO - Started process (PID=77713) to work on /home/anhcu/Project/Stock_project/airflow_venv/lib/python3.8/site-packages/airflow/example_dags/example_latest_only_with_trigger.py
[2024-06-10 10:32:20,396] {scheduler_job.py:629} INFO - Processing file /home/anhcu/Project/Stock_project/airflow_venv/lib/python3.8/site-packages/airflow/example_dags/example_latest_only_with_trigger.py for tasks to queue
[2024-06-10 10:32:20,397] {logging_mixin.py:103} INFO - [2024-06-10 10:32:20,397] {dagbag.py:440} INFO - Filling up the DagBag from /home/anhcu/Project/Stock_project/airflow_venv/lib/python3.8/site-packages/airflow/example_dags/example_latest_only_with_trigger.py
[2024-06-10 10:32:20,406] {scheduler_job.py:639} INFO - DAG(s) dict_keys(['latest_only_with_trigger']) retrieved from /home/anhcu/Project/Stock_project/airflow_venv/lib/python3.8/site-packages/airflow/example_dags/example_latest_only_with_trigger.py
[2024-06-10 10:32:20,407] {logging_mixin.py:103} INFO - [2024-06-10 10:32:20,407] {dag.py:1813} INFO - Sync 1 DAGs
[2024-06-10 10:32:20,423] {logging_mixin.py:103} INFO - [2024-06-10 10:32:20,423] {dag.py:2266} INFO - Setting next_dagrun for latest_only_with_trigger to 2024-06-08 00:00:00+00:00
[2024-06-10 10:32:20,439] {scheduler_job.py:189} INFO - Processing /home/anhcu/Project/Stock_project/airflow_venv/lib/python3.8/site-packages/airflow/example_dags/example_latest_only_with_trigger.py took 0.050 seconds
[2024-06-10 10:32:47,606] {scheduler_job.py:181} INFO - Started process (PID=77926) to work on /home/anhcu/Project/Stock_project/airflow_venv/lib/python3.8/site-packages/airflow/example_dags/example_latest_only_with_trigger.py
[2024-06-10 10:32:47,610] {scheduler_job.py:629} INFO - Processing file /home/anhcu/Project/Stock_project/airflow_venv/lib/python3.8/site-packages/airflow/example_dags/example_latest_only_with_trigger.py for tasks to queue
[2024-06-10 10:32:47,611] {logging_mixin.py:103} INFO - [2024-06-10 10:32:47,610] {dagbag.py:440} INFO - Filling up the DagBag from /home/anhcu/Project/Stock_project/airflow_venv/lib/python3.8/site-packages/airflow/example_dags/example_latest_only_with_trigger.py
[2024-06-10 10:32:47,624] {scheduler_job.py:639} INFO - DAG(s) dict_keys(['latest_only_with_trigger']) retrieved from /home/anhcu/Project/Stock_project/airflow_venv/lib/python3.8/site-packages/airflow/example_dags/example_latest_only_with_trigger.py
[2024-06-10 10:32:47,625] {logging_mixin.py:103} INFO - [2024-06-10 10:32:47,625] {dag.py:1813} INFO - Sync 1 DAGs
[2024-06-10 10:32:47,643] {logging_mixin.py:103} INFO - [2024-06-10 10:32:47,643] {dag.py:2266} INFO - Setting next_dagrun for latest_only_with_trigger to 2024-06-08 00:00:00+00:00
[2024-06-10 10:32:47,656] {scheduler_job.py:189} INFO - Processing /home/anhcu/Project/Stock_project/airflow_venv/lib/python3.8/site-packages/airflow/example_dags/example_latest_only_with_trigger.py took 0.055 seconds
[2024-06-10 10:33:15,994] {scheduler_job.py:181} INFO - Started process (PID=78136) to work on /home/anhcu/Project/Stock_project/airflow_venv/lib/python3.8/site-packages/airflow/example_dags/example_latest_only_with_trigger.py
[2024-06-10 10:33:15,996] {scheduler_job.py:629} INFO - Processing file /home/anhcu/Project/Stock_project/airflow_venv/lib/python3.8/site-packages/airflow/example_dags/example_latest_only_with_trigger.py for tasks to queue
[2024-06-10 10:33:15,997] {logging_mixin.py:103} INFO - [2024-06-10 10:33:15,997] {dagbag.py:440} INFO - Filling up the DagBag from /home/anhcu/Project/Stock_project/airflow_venv/lib/python3.8/site-packages/airflow/example_dags/example_latest_only_with_trigger.py
[2024-06-10 10:33:16,010] {scheduler_job.py:639} INFO - DAG(s) dict_keys(['latest_only_with_trigger']) retrieved from /home/anhcu/Project/Stock_project/airflow_venv/lib/python3.8/site-packages/airflow/example_dags/example_latest_only_with_trigger.py
[2024-06-10 10:33:16,011] {logging_mixin.py:103} INFO - [2024-06-10 10:33:16,011] {dag.py:1813} INFO - Sync 1 DAGs
[2024-06-10 10:33:16,032] {logging_mixin.py:103} INFO - [2024-06-10 10:33:16,032] {dag.py:2266} INFO - Setting next_dagrun for latest_only_with_trigger to 2024-06-08 00:00:00+00:00
[2024-06-10 10:33:16,049] {scheduler_job.py:189} INFO - Processing /home/anhcu/Project/Stock_project/airflow_venv/lib/python3.8/site-packages/airflow/example_dags/example_latest_only_with_trigger.py took 0.062 seconds
[2024-06-10 10:33:43,178] {scheduler_job.py:181} INFO - Started process (PID=78274) to work on /home/anhcu/Project/Stock_project/airflow_venv/lib/python3.8/site-packages/airflow/example_dags/example_latest_only_with_trigger.py
[2024-06-10 10:33:43,180] {scheduler_job.py:629} INFO - Processing file /home/anhcu/Project/Stock_project/airflow_venv/lib/python3.8/site-packages/airflow/example_dags/example_latest_only_with_trigger.py for tasks to queue
[2024-06-10 10:33:43,180] {logging_mixin.py:103} INFO - [2024-06-10 10:33:43,180] {dagbag.py:440} INFO - Filling up the DagBag from /home/anhcu/Project/Stock_project/airflow_venv/lib/python3.8/site-packages/airflow/example_dags/example_latest_only_with_trigger.py
[2024-06-10 10:33:43,192] {scheduler_job.py:639} INFO - DAG(s) dict_keys(['latest_only_with_trigger']) retrieved from /home/anhcu/Project/Stock_project/airflow_venv/lib/python3.8/site-packages/airflow/example_dags/example_latest_only_with_trigger.py
[2024-06-10 10:33:43,194] {logging_mixin.py:103} INFO - [2024-06-10 10:33:43,194] {dag.py:1813} INFO - Sync 1 DAGs
[2024-06-10 10:33:43,211] {logging_mixin.py:103} INFO - [2024-06-10 10:33:43,211] {dag.py:2266} INFO - Setting next_dagrun for latest_only_with_trigger to 2024-06-08 00:00:00+00:00
[2024-06-10 10:33:43,223] {scheduler_job.py:189} INFO - Processing /home/anhcu/Project/Stock_project/airflow_venv/lib/python3.8/site-packages/airflow/example_dags/example_latest_only_with_trigger.py took 0.048 seconds
[2024-06-10 10:34:11,649] {scheduler_job.py:181} INFO - Started process (PID=78432) to work on /home/anhcu/Project/Stock_project/airflow_venv/lib/python3.8/site-packages/airflow/example_dags/example_latest_only_with_trigger.py
[2024-06-10 10:34:11,651] {scheduler_job.py:629} INFO - Processing file /home/anhcu/Project/Stock_project/airflow_venv/lib/python3.8/site-packages/airflow/example_dags/example_latest_only_with_trigger.py for tasks to queue
[2024-06-10 10:34:11,651] {logging_mixin.py:103} INFO - [2024-06-10 10:34:11,651] {dagbag.py:440} INFO - Filling up the DagBag from /home/anhcu/Project/Stock_project/airflow_venv/lib/python3.8/site-packages/airflow/example_dags/example_latest_only_with_trigger.py
[2024-06-10 10:34:11,661] {scheduler_job.py:639} INFO - DAG(s) dict_keys(['latest_only_with_trigger']) retrieved from /home/anhcu/Project/Stock_project/airflow_venv/lib/python3.8/site-packages/airflow/example_dags/example_latest_only_with_trigger.py
[2024-06-10 10:34:11,662] {logging_mixin.py:103} INFO - [2024-06-10 10:34:11,662] {dag.py:1813} INFO - Sync 1 DAGs
[2024-06-10 10:34:11,678] {logging_mixin.py:103} INFO - [2024-06-10 10:34:11,678] {dag.py:2266} INFO - Setting next_dagrun for latest_only_with_trigger to 2024-06-08 00:00:00+00:00
[2024-06-10 10:34:11,689] {scheduler_job.py:189} INFO - Processing /home/anhcu/Project/Stock_project/airflow_venv/lib/python3.8/site-packages/airflow/example_dags/example_latest_only_with_trigger.py took 0.044 seconds
[2024-06-10 10:34:38,888] {scheduler_job.py:181} INFO - Started process (PID=78658) to work on /home/anhcu/Project/Stock_project/airflow_venv/lib/python3.8/site-packages/airflow/example_dags/example_latest_only_with_trigger.py
[2024-06-10 10:34:38,893] {scheduler_job.py:629} INFO - Processing file /home/anhcu/Project/Stock_project/airflow_venv/lib/python3.8/site-packages/airflow/example_dags/example_latest_only_with_trigger.py for tasks to queue
[2024-06-10 10:34:38,894] {logging_mixin.py:103} INFO - [2024-06-10 10:34:38,894] {dagbag.py:440} INFO - Filling up the DagBag from /home/anhcu/Project/Stock_project/airflow_venv/lib/python3.8/site-packages/airflow/example_dags/example_latest_only_with_trigger.py
[2024-06-10 10:34:38,903] {scheduler_job.py:639} INFO - DAG(s) dict_keys(['latest_only_with_trigger']) retrieved from /home/anhcu/Project/Stock_project/airflow_venv/lib/python3.8/site-packages/airflow/example_dags/example_latest_only_with_trigger.py
[2024-06-10 10:34:38,905] {logging_mixin.py:103} INFO - [2024-06-10 10:34:38,905] {dag.py:1813} INFO - Sync 1 DAGs
[2024-06-10 10:34:38,925] {logging_mixin.py:103} INFO - [2024-06-10 10:34:38,924] {dag.py:2266} INFO - Setting next_dagrun for latest_only_with_trigger to 2024-06-08 00:00:00+00:00
[2024-06-10 10:34:38,936] {scheduler_job.py:189} INFO - Processing /home/anhcu/Project/Stock_project/airflow_venv/lib/python3.8/site-packages/airflow/example_dags/example_latest_only_with_trigger.py took 0.052 seconds
[2024-06-10 10:35:06,224] {scheduler_job.py:181} INFO - Started process (PID=78862) to work on /home/anhcu/Project/Stock_project/airflow_venv/lib/python3.8/site-packages/airflow/example_dags/example_latest_only_with_trigger.py
[2024-06-10 10:35:06,226] {scheduler_job.py:629} INFO - Processing file /home/anhcu/Project/Stock_project/airflow_venv/lib/python3.8/site-packages/airflow/example_dags/example_latest_only_with_trigger.py for tasks to queue
[2024-06-10 10:35:06,227] {logging_mixin.py:103} INFO - [2024-06-10 10:35:06,227] {dagbag.py:440} INFO - Filling up the DagBag from /home/anhcu/Project/Stock_project/airflow_venv/lib/python3.8/site-packages/airflow/example_dags/example_latest_only_with_trigger.py
[2024-06-10 10:35:06,237] {scheduler_job.py:639} INFO - DAG(s) dict_keys(['latest_only_with_trigger']) retrieved from /home/anhcu/Project/Stock_project/airflow_venv/lib/python3.8/site-packages/airflow/example_dags/example_latest_only_with_trigger.py
[2024-06-10 10:35:06,238] {logging_mixin.py:103} INFO - [2024-06-10 10:35:06,238] {dag.py:1813} INFO - Sync 1 DAGs
[2024-06-10 10:35:06,254] {logging_mixin.py:103} INFO - [2024-06-10 10:35:06,254] {dag.py:2266} INFO - Setting next_dagrun for latest_only_with_trigger to 2024-06-08 00:00:00+00:00
[2024-06-10 10:35:06,266] {scheduler_job.py:189} INFO - Processing /home/anhcu/Project/Stock_project/airflow_venv/lib/python3.8/site-packages/airflow/example_dags/example_latest_only_with_trigger.py took 0.047 seconds
[2024-06-10 10:36:03,974] {scheduler_job.py:181} INFO - Started process (PID=79586) to work on /home/anhcu/Project/Stock_project/airflow_venv/lib/python3.8/site-packages/airflow/example_dags/example_latest_only_with_trigger.py
[2024-06-10 10:36:03,976] {scheduler_job.py:629} INFO - Processing file /home/anhcu/Project/Stock_project/airflow_venv/lib/python3.8/site-packages/airflow/example_dags/example_latest_only_with_trigger.py for tasks to queue
[2024-06-10 10:36:03,976] {logging_mixin.py:103} INFO - [2024-06-10 10:36:03,976] {dagbag.py:440} INFO - Filling up the DagBag from /home/anhcu/Project/Stock_project/airflow_venv/lib/python3.8/site-packages/airflow/example_dags/example_latest_only_with_trigger.py
[2024-06-10 10:36:03,986] {scheduler_job.py:639} INFO - DAG(s) dict_keys(['latest_only_with_trigger']) retrieved from /home/anhcu/Project/Stock_project/airflow_venv/lib/python3.8/site-packages/airflow/example_dags/example_latest_only_with_trigger.py
[2024-06-10 10:36:03,987] {logging_mixin.py:103} INFO - [2024-06-10 10:36:03,987] {dag.py:1813} INFO - Sync 1 DAGs
[2024-06-10 10:36:04,002] {logging_mixin.py:103} INFO - [2024-06-10 10:36:04,002] {dag.py:2266} INFO - Setting next_dagrun for latest_only_with_trigger to 2024-06-08 00:00:00+00:00
[2024-06-10 10:36:04,014] {scheduler_job.py:189} INFO - Processing /home/anhcu/Project/Stock_project/airflow_venv/lib/python3.8/site-packages/airflow/example_dags/example_latest_only_with_trigger.py took 0.043 seconds
