[2024-06-10 09:58:29,932] {scheduler_job.py:181} INFO - Started process (PID=62755) to work on /home/anhcu/Project/Stock_project/airflow_venv/lib/python3.8/site-packages/airflow/example_dags/example_kubernetes_executor_config.py
[2024-06-10 09:58:29,935] {scheduler_job.py:629} INFO - Processing file /home/anhcu/Project/Stock_project/airflow_venv/lib/python3.8/site-packages/airflow/example_dags/example_kubernetes_executor_config.py for tasks to queue
[2024-06-10 09:58:29,942] {logging_mixin.py:103} INFO - [2024-06-10 09:58:29,941] {dagbag.py:440} INFO - Filling up the DagBag from /home/anhcu/Project/Stock_project/airflow_venv/lib/python3.8/site-packages/airflow/example_dags/example_kubernetes_executor_config.py
[2024-06-10 09:58:29,960] {logging_mixin.py:103} INFO - [2024-06-10 09:58:29,960] {example_kubernetes_executor_config.py:174} WARNING - Could not import DAGs in example_kubernetes_executor_config.py: No module named 'kubernetes'
[2024-06-10 09:58:29,961] {logging_mixin.py:103} INFO - [2024-06-10 09:58:29,961] {example_kubernetes_executor_config.py:175} WARNING - Install kubernetes dependencies with: pip install apache-airflow['cncf.kubernetes']
[2024-06-10 09:58:29,962] {scheduler_job.py:641} WARNING - No viable dags retrieved from /home/anhcu/Project/Stock_project/airflow_venv/lib/python3.8/site-packages/airflow/example_dags/example_kubernetes_executor_config.py
[2024-06-10 09:58:29,972] {scheduler_job.py:189} INFO - Processing /home/anhcu/Project/Stock_project/airflow_venv/lib/python3.8/site-packages/airflow/example_dags/example_kubernetes_executor_config.py took 0.045 seconds
[2024-06-10 09:59:27,922] {scheduler_job.py:181} INFO - Started process (PID=63043) to work on /home/anhcu/Project/Stock_project/airflow_venv/lib/python3.8/site-packages/airflow/example_dags/example_kubernetes_executor_config.py
[2024-06-10 09:59:27,931] {scheduler_job.py:629} INFO - Processing file /home/anhcu/Project/Stock_project/airflow_venv/lib/python3.8/site-packages/airflow/example_dags/example_kubernetes_executor_config.py for tasks to queue
[2024-06-10 09:59:27,933] {logging_mixin.py:103} INFO - [2024-06-10 09:59:27,932] {dagbag.py:440} INFO - Filling up the DagBag from /home/anhcu/Project/Stock_project/airflow_venv/lib/python3.8/site-packages/airflow/example_dags/example_kubernetes_executor_config.py
[2024-06-10 09:59:27,941] {logging_mixin.py:103} INFO - [2024-06-10 09:59:27,941] {example_kubernetes_executor_config.py:174} WARNING - Could not import DAGs in example_kubernetes_executor_config.py: No module named 'kubernetes'
[2024-06-10 09:59:27,950] {logging_mixin.py:103} INFO - [2024-06-10 09:59:27,950] {example_kubernetes_executor_config.py:175} WARNING - Install kubernetes dependencies with: pip install apache-airflow['cncf.kubernetes']
[2024-06-10 09:59:27,951] {scheduler_job.py:641} WARNING - No viable dags retrieved from /home/anhcu/Project/Stock_project/airflow_venv/lib/python3.8/site-packages/airflow/example_dags/example_kubernetes_executor_config.py
[2024-06-10 09:59:27,961] {scheduler_job.py:189} INFO - Processing /home/anhcu/Project/Stock_project/airflow_venv/lib/python3.8/site-packages/airflow/example_dags/example_kubernetes_executor_config.py took 0.045 seconds
[2024-06-10 10:00:16,186] {scheduler_job.py:181} INFO - Started process (PID=63366) to work on /home/anhcu/Project/Stock_project/airflow_venv/lib/python3.8/site-packages/airflow/example_dags/example_kubernetes_executor_config.py
[2024-06-10 10:00:16,192] {scheduler_job.py:629} INFO - Processing file /home/anhcu/Project/Stock_project/airflow_venv/lib/python3.8/site-packages/airflow/example_dags/example_kubernetes_executor_config.py for tasks to queue
[2024-06-10 10:00:16,194] {logging_mixin.py:103} INFO - [2024-06-10 10:00:16,194] {dagbag.py:440} INFO - Filling up the DagBag from /home/anhcu/Project/Stock_project/airflow_venv/lib/python3.8/site-packages/airflow/example_dags/example_kubernetes_executor_config.py
[2024-06-10 10:00:16,217] {logging_mixin.py:103} INFO - [2024-06-10 10:00:16,215] {example_kubernetes_executor_config.py:174} WARNING - Could not import DAGs in example_kubernetes_executor_config.py: No module named 'kubernetes'
[2024-06-10 10:00:16,218] {logging_mixin.py:103} INFO - [2024-06-10 10:00:16,218] {example_kubernetes_executor_config.py:175} WARNING - Install kubernetes dependencies with: pip install apache-airflow['cncf.kubernetes']
[2024-06-10 10:00:16,219] {scheduler_job.py:641} WARNING - No viable dags retrieved from /home/anhcu/Project/Stock_project/airflow_venv/lib/python3.8/site-packages/airflow/example_dags/example_kubernetes_executor_config.py
[2024-06-10 10:00:16,237] {scheduler_job.py:189} INFO - Processing /home/anhcu/Project/Stock_project/airflow_venv/lib/python3.8/site-packages/airflow/example_dags/example_kubernetes_executor_config.py took 0.061 seconds
[2024-06-10 10:01:02,664] {scheduler_job.py:181} INFO - Started process (PID=63657) to work on /home/anhcu/Project/Stock_project/airflow_venv/lib/python3.8/site-packages/airflow/example_dags/example_kubernetes_executor_config.py
[2024-06-10 10:01:02,671] {scheduler_job.py:629} INFO - Processing file /home/anhcu/Project/Stock_project/airflow_venv/lib/python3.8/site-packages/airflow/example_dags/example_kubernetes_executor_config.py for tasks to queue
[2024-06-10 10:01:02,673] {logging_mixin.py:103} INFO - [2024-06-10 10:01:02,673] {dagbag.py:440} INFO - Filling up the DagBag from /home/anhcu/Project/Stock_project/airflow_venv/lib/python3.8/site-packages/airflow/example_dags/example_kubernetes_executor_config.py
[2024-06-10 10:01:02,688] {logging_mixin.py:103} INFO - [2024-06-10 10:01:02,688] {example_kubernetes_executor_config.py:174} WARNING - Could not import DAGs in example_kubernetes_executor_config.py: No module named 'kubernetes'
[2024-06-10 10:01:02,694] {logging_mixin.py:103} INFO - [2024-06-10 10:01:02,694] {example_kubernetes_executor_config.py:175} WARNING - Install kubernetes dependencies with: pip install apache-airflow['cncf.kubernetes']
[2024-06-10 10:01:02,695] {scheduler_job.py:641} WARNING - No viable dags retrieved from /home/anhcu/Project/Stock_project/airflow_venv/lib/python3.8/site-packages/airflow/example_dags/example_kubernetes_executor_config.py
[2024-06-10 10:01:02,885] {scheduler_job.py:189} INFO - Processing /home/anhcu/Project/Stock_project/airflow_venv/lib/python3.8/site-packages/airflow/example_dags/example_kubernetes_executor_config.py took 0.230 seconds
[2024-06-10 10:01:48,703] {scheduler_job.py:181} INFO - Started process (PID=63954) to work on /home/anhcu/Project/Stock_project/airflow_venv/lib/python3.8/site-packages/airflow/example_dags/example_kubernetes_executor_config.py
[2024-06-10 10:01:48,711] {scheduler_job.py:629} INFO - Processing file /home/anhcu/Project/Stock_project/airflow_venv/lib/python3.8/site-packages/airflow/example_dags/example_kubernetes_executor_config.py for tasks to queue
[2024-06-10 10:01:48,713] {logging_mixin.py:103} INFO - [2024-06-10 10:01:48,713] {dagbag.py:440} INFO - Filling up the DagBag from /home/anhcu/Project/Stock_project/airflow_venv/lib/python3.8/site-packages/airflow/example_dags/example_kubernetes_executor_config.py
[2024-06-10 10:01:48,725] {logging_mixin.py:103} INFO - [2024-06-10 10:01:48,725] {example_kubernetes_executor_config.py:174} WARNING - Could not import DAGs in example_kubernetes_executor_config.py: No module named 'kubernetes'
[2024-06-10 10:01:48,730] {logging_mixin.py:103} INFO - [2024-06-10 10:01:48,730] {example_kubernetes_executor_config.py:175} WARNING - Install kubernetes dependencies with: pip install apache-airflow['cncf.kubernetes']
[2024-06-10 10:01:48,735] {scheduler_job.py:641} WARNING - No viable dags retrieved from /home/anhcu/Project/Stock_project/airflow_venv/lib/python3.8/site-packages/airflow/example_dags/example_kubernetes_executor_config.py
[2024-06-10 10:01:49,143] {scheduler_job.py:189} INFO - Processing /home/anhcu/Project/Stock_project/airflow_venv/lib/python3.8/site-packages/airflow/example_dags/example_kubernetes_executor_config.py took 0.444 seconds
[2024-06-10 10:07:22,226] {scheduler_job.py:181} INFO - Started process (PID=67069) to work on /home/anhcu/Project/Stock_project/airflow_venv/lib/python3.8/site-packages/airflow/example_dags/example_kubernetes_executor_config.py
[2024-06-10 10:07:22,230] {scheduler_job.py:629} INFO - Processing file /home/anhcu/Project/Stock_project/airflow_venv/lib/python3.8/site-packages/airflow/example_dags/example_kubernetes_executor_config.py for tasks to queue
[2024-06-10 10:07:22,231] {logging_mixin.py:103} INFO - [2024-06-10 10:07:22,231] {dagbag.py:440} INFO - Filling up the DagBag from /home/anhcu/Project/Stock_project/airflow_venv/lib/python3.8/site-packages/airflow/example_dags/example_kubernetes_executor_config.py
[2024-06-10 10:07:22,239] {logging_mixin.py:103} INFO - [2024-06-10 10:07:22,238] {example_kubernetes_executor_config.py:174} WARNING - Could not import DAGs in example_kubernetes_executor_config.py: No module named 'kubernetes'
[2024-06-10 10:07:22,239] {logging_mixin.py:103} INFO - [2024-06-10 10:07:22,239] {example_kubernetes_executor_config.py:175} WARNING - Install kubernetes dependencies with: pip install apache-airflow['cncf.kubernetes']
[2024-06-10 10:07:22,239] {scheduler_job.py:641} WARNING - No viable dags retrieved from /home/anhcu/Project/Stock_project/airflow_venv/lib/python3.8/site-packages/airflow/example_dags/example_kubernetes_executor_config.py
[2024-06-10 10:07:22,246] {scheduler_job.py:189} INFO - Processing /home/anhcu/Project/Stock_project/airflow_venv/lib/python3.8/site-packages/airflow/example_dags/example_kubernetes_executor_config.py took 0.024 seconds
[2024-06-10 10:07:49,923] {scheduler_job.py:181} INFO - Started process (PID=67260) to work on /home/anhcu/Project/Stock_project/airflow_venv/lib/python3.8/site-packages/airflow/example_dags/example_kubernetes_executor_config.py
[2024-06-10 10:07:49,925] {scheduler_job.py:629} INFO - Processing file /home/anhcu/Project/Stock_project/airflow_venv/lib/python3.8/site-packages/airflow/example_dags/example_kubernetes_executor_config.py for tasks to queue
[2024-06-10 10:07:49,926] {logging_mixin.py:103} INFO - [2024-06-10 10:07:49,926] {dagbag.py:440} INFO - Filling up the DagBag from /home/anhcu/Project/Stock_project/airflow_venv/lib/python3.8/site-packages/airflow/example_dags/example_kubernetes_executor_config.py
[2024-06-10 10:07:49,934] {logging_mixin.py:103} INFO - [2024-06-10 10:07:49,934] {example_kubernetes_executor_config.py:174} WARNING - Could not import DAGs in example_kubernetes_executor_config.py: No module named 'kubernetes'
[2024-06-10 10:07:49,935] {logging_mixin.py:103} INFO - [2024-06-10 10:07:49,934] {example_kubernetes_executor_config.py:175} WARNING - Install kubernetes dependencies with: pip install apache-airflow['cncf.kubernetes']
[2024-06-10 10:07:49,935] {scheduler_job.py:641} WARNING - No viable dags retrieved from /home/anhcu/Project/Stock_project/airflow_venv/lib/python3.8/site-packages/airflow/example_dags/example_kubernetes_executor_config.py
[2024-06-10 10:07:49,944] {scheduler_job.py:189} INFO - Processing /home/anhcu/Project/Stock_project/airflow_venv/lib/python3.8/site-packages/airflow/example_dags/example_kubernetes_executor_config.py took 0.025 seconds
[2024-06-10 10:08:20,557] {scheduler_job.py:181} INFO - Started process (PID=67475) to work on /home/anhcu/Project/Stock_project/airflow_venv/lib/python3.8/site-packages/airflow/example_dags/example_kubernetes_executor_config.py
[2024-06-10 10:08:20,559] {scheduler_job.py:629} INFO - Processing file /home/anhcu/Project/Stock_project/airflow_venv/lib/python3.8/site-packages/airflow/example_dags/example_kubernetes_executor_config.py for tasks to queue
[2024-06-10 10:08:20,560] {logging_mixin.py:103} INFO - [2024-06-10 10:08:20,560] {dagbag.py:440} INFO - Filling up the DagBag from /home/anhcu/Project/Stock_project/airflow_venv/lib/python3.8/site-packages/airflow/example_dags/example_kubernetes_executor_config.py
[2024-06-10 10:08:20,567] {logging_mixin.py:103} INFO - [2024-06-10 10:08:20,567] {example_kubernetes_executor_config.py:174} WARNING - Could not import DAGs in example_kubernetes_executor_config.py: No module named 'kubernetes'
[2024-06-10 10:08:20,567] {logging_mixin.py:103} INFO - [2024-06-10 10:08:20,567] {example_kubernetes_executor_config.py:175} WARNING - Install kubernetes dependencies with: pip install apache-airflow['cncf.kubernetes']
[2024-06-10 10:08:20,567] {scheduler_job.py:641} WARNING - No viable dags retrieved from /home/anhcu/Project/Stock_project/airflow_venv/lib/python3.8/site-packages/airflow/example_dags/example_kubernetes_executor_config.py
[2024-06-10 10:08:20,576] {scheduler_job.py:189} INFO - Processing /home/anhcu/Project/Stock_project/airflow_venv/lib/python3.8/site-packages/airflow/example_dags/example_kubernetes_executor_config.py took 0.024 seconds
[2024-06-10 10:08:46,917] {scheduler_job.py:181} INFO - Started process (PID=67699) to work on /home/anhcu/Project/Stock_project/airflow_venv/lib/python3.8/site-packages/airflow/example_dags/example_kubernetes_executor_config.py
[2024-06-10 10:08:46,920] {scheduler_job.py:629} INFO - Processing file /home/anhcu/Project/Stock_project/airflow_venv/lib/python3.8/site-packages/airflow/example_dags/example_kubernetes_executor_config.py for tasks to queue
[2024-06-10 10:08:46,921] {logging_mixin.py:103} INFO - [2024-06-10 10:08:46,921] {dagbag.py:440} INFO - Filling up the DagBag from /home/anhcu/Project/Stock_project/airflow_venv/lib/python3.8/site-packages/airflow/example_dags/example_kubernetes_executor_config.py
[2024-06-10 10:08:46,928] {logging_mixin.py:103} INFO - [2024-06-10 10:08:46,928] {example_kubernetes_executor_config.py:174} WARNING - Could not import DAGs in example_kubernetes_executor_config.py: No module named 'kubernetes'
[2024-06-10 10:08:46,928] {logging_mixin.py:103} INFO - [2024-06-10 10:08:46,928] {example_kubernetes_executor_config.py:175} WARNING - Install kubernetes dependencies with: pip install apache-airflow['cncf.kubernetes']
[2024-06-10 10:08:46,929] {scheduler_job.py:641} WARNING - No viable dags retrieved from /home/anhcu/Project/Stock_project/airflow_venv/lib/python3.8/site-packages/airflow/example_dags/example_kubernetes_executor_config.py
[2024-06-10 10:08:46,936] {scheduler_job.py:189} INFO - Processing /home/anhcu/Project/Stock_project/airflow_venv/lib/python3.8/site-packages/airflow/example_dags/example_kubernetes_executor_config.py took 0.024 seconds
[2024-06-10 10:09:13,450] {scheduler_job.py:181} INFO - Started process (PID=67874) to work on /home/anhcu/Project/Stock_project/airflow_venv/lib/python3.8/site-packages/airflow/example_dags/example_kubernetes_executor_config.py
[2024-06-10 10:09:13,452] {scheduler_job.py:629} INFO - Processing file /home/anhcu/Project/Stock_project/airflow_venv/lib/python3.8/site-packages/airflow/example_dags/example_kubernetes_executor_config.py for tasks to queue
[2024-06-10 10:09:13,453] {logging_mixin.py:103} INFO - [2024-06-10 10:09:13,453] {dagbag.py:440} INFO - Filling up the DagBag from /home/anhcu/Project/Stock_project/airflow_venv/lib/python3.8/site-packages/airflow/example_dags/example_kubernetes_executor_config.py
[2024-06-10 10:09:13,461] {logging_mixin.py:103} INFO - [2024-06-10 10:09:13,461] {example_kubernetes_executor_config.py:174} WARNING - Could not import DAGs in example_kubernetes_executor_config.py: No module named 'kubernetes'
[2024-06-10 10:09:13,461] {logging_mixin.py:103} INFO - [2024-06-10 10:09:13,461] {example_kubernetes_executor_config.py:175} WARNING - Install kubernetes dependencies with: pip install apache-airflow['cncf.kubernetes']
[2024-06-10 10:09:13,462] {scheduler_job.py:641} WARNING - No viable dags retrieved from /home/anhcu/Project/Stock_project/airflow_venv/lib/python3.8/site-packages/airflow/example_dags/example_kubernetes_executor_config.py
[2024-06-10 10:09:13,477] {scheduler_job.py:189} INFO - Processing /home/anhcu/Project/Stock_project/airflow_venv/lib/python3.8/site-packages/airflow/example_dags/example_kubernetes_executor_config.py took 0.032 seconds
[2024-06-10 10:09:40,594] {scheduler_job.py:181} INFO - Started process (PID=68068) to work on /home/anhcu/Project/Stock_project/airflow_venv/lib/python3.8/site-packages/airflow/example_dags/example_kubernetes_executor_config.py
[2024-06-10 10:09:40,595] {scheduler_job.py:629} INFO - Processing file /home/anhcu/Project/Stock_project/airflow_venv/lib/python3.8/site-packages/airflow/example_dags/example_kubernetes_executor_config.py for tasks to queue
[2024-06-10 10:09:40,596] {logging_mixin.py:103} INFO - [2024-06-10 10:09:40,596] {dagbag.py:440} INFO - Filling up the DagBag from /home/anhcu/Project/Stock_project/airflow_venv/lib/python3.8/site-packages/airflow/example_dags/example_kubernetes_executor_config.py
[2024-06-10 10:09:40,603] {logging_mixin.py:103} INFO - [2024-06-10 10:09:40,603] {example_kubernetes_executor_config.py:174} WARNING - Could not import DAGs in example_kubernetes_executor_config.py: No module named 'kubernetes'
[2024-06-10 10:09:40,603] {logging_mixin.py:103} INFO - [2024-06-10 10:09:40,603] {example_kubernetes_executor_config.py:175} WARNING - Install kubernetes dependencies with: pip install apache-airflow['cncf.kubernetes']
[2024-06-10 10:09:40,603] {scheduler_job.py:641} WARNING - No viable dags retrieved from /home/anhcu/Project/Stock_project/airflow_venv/lib/python3.8/site-packages/airflow/example_dags/example_kubernetes_executor_config.py
[2024-06-10 10:09:40,611] {scheduler_job.py:189} INFO - Processing /home/anhcu/Project/Stock_project/airflow_venv/lib/python3.8/site-packages/airflow/example_dags/example_kubernetes_executor_config.py took 0.021 seconds
[2024-06-10 10:10:09,803] {scheduler_job.py:181} INFO - Started process (PID=68232) to work on /home/anhcu/Project/Stock_project/airflow_venv/lib/python3.8/site-packages/airflow/example_dags/example_kubernetes_executor_config.py
[2024-06-10 10:10:09,805] {scheduler_job.py:629} INFO - Processing file /home/anhcu/Project/Stock_project/airflow_venv/lib/python3.8/site-packages/airflow/example_dags/example_kubernetes_executor_config.py for tasks to queue
[2024-06-10 10:10:09,806] {logging_mixin.py:103} INFO - [2024-06-10 10:10:09,806] {dagbag.py:440} INFO - Filling up the DagBag from /home/anhcu/Project/Stock_project/airflow_venv/lib/python3.8/site-packages/airflow/example_dags/example_kubernetes_executor_config.py
[2024-06-10 10:10:09,813] {logging_mixin.py:103} INFO - [2024-06-10 10:10:09,813] {example_kubernetes_executor_config.py:174} WARNING - Could not import DAGs in example_kubernetes_executor_config.py: No module named 'kubernetes'
[2024-06-10 10:10:09,813] {logging_mixin.py:103} INFO - [2024-06-10 10:10:09,813] {example_kubernetes_executor_config.py:175} WARNING - Install kubernetes dependencies with: pip install apache-airflow['cncf.kubernetes']
[2024-06-10 10:10:09,813] {scheduler_job.py:641} WARNING - No viable dags retrieved from /home/anhcu/Project/Stock_project/airflow_venv/lib/python3.8/site-packages/airflow/example_dags/example_kubernetes_executor_config.py
[2024-06-10 10:10:09,821] {scheduler_job.py:189} INFO - Processing /home/anhcu/Project/Stock_project/airflow_venv/lib/python3.8/site-packages/airflow/example_dags/example_kubernetes_executor_config.py took 0.022 seconds
[2024-06-10 10:10:37,646] {scheduler_job.py:181} INFO - Started process (PID=68352) to work on /home/anhcu/Project/Stock_project/airflow_venv/lib/python3.8/site-packages/airflow/example_dags/example_kubernetes_executor_config.py
[2024-06-10 10:10:37,648] {scheduler_job.py:629} INFO - Processing file /home/anhcu/Project/Stock_project/airflow_venv/lib/python3.8/site-packages/airflow/example_dags/example_kubernetes_executor_config.py for tasks to queue
[2024-06-10 10:10:37,649] {logging_mixin.py:103} INFO - [2024-06-10 10:10:37,648] {dagbag.py:440} INFO - Filling up the DagBag from /home/anhcu/Project/Stock_project/airflow_venv/lib/python3.8/site-packages/airflow/example_dags/example_kubernetes_executor_config.py
[2024-06-10 10:10:37,655] {logging_mixin.py:103} INFO - [2024-06-10 10:10:37,655] {example_kubernetes_executor_config.py:174} WARNING - Could not import DAGs in example_kubernetes_executor_config.py: No module named 'kubernetes'
[2024-06-10 10:10:37,655] {logging_mixin.py:103} INFO - [2024-06-10 10:10:37,655] {example_kubernetes_executor_config.py:175} WARNING - Install kubernetes dependencies with: pip install apache-airflow['cncf.kubernetes']
[2024-06-10 10:10:37,656] {scheduler_job.py:641} WARNING - No viable dags retrieved from /home/anhcu/Project/Stock_project/airflow_venv/lib/python3.8/site-packages/airflow/example_dags/example_kubernetes_executor_config.py
[2024-06-10 10:10:37,664] {scheduler_job.py:189} INFO - Processing /home/anhcu/Project/Stock_project/airflow_venv/lib/python3.8/site-packages/airflow/example_dags/example_kubernetes_executor_config.py took 0.022 seconds
[2024-06-10 10:11:05,923] {scheduler_job.py:181} INFO - Started process (PID=68545) to work on /home/anhcu/Project/Stock_project/airflow_venv/lib/python3.8/site-packages/airflow/example_dags/example_kubernetes_executor_config.py
[2024-06-10 10:11:05,925] {scheduler_job.py:629} INFO - Processing file /home/anhcu/Project/Stock_project/airflow_venv/lib/python3.8/site-packages/airflow/example_dags/example_kubernetes_executor_config.py for tasks to queue
[2024-06-10 10:11:05,926] {logging_mixin.py:103} INFO - [2024-06-10 10:11:05,926] {dagbag.py:440} INFO - Filling up the DagBag from /home/anhcu/Project/Stock_project/airflow_venv/lib/python3.8/site-packages/airflow/example_dags/example_kubernetes_executor_config.py
[2024-06-10 10:11:05,932] {logging_mixin.py:103} INFO - [2024-06-10 10:11:05,932] {example_kubernetes_executor_config.py:174} WARNING - Could not import DAGs in example_kubernetes_executor_config.py: No module named 'kubernetes'
[2024-06-10 10:11:05,932] {logging_mixin.py:103} INFO - [2024-06-10 10:11:05,932] {example_kubernetes_executor_config.py:175} WARNING - Install kubernetes dependencies with: pip install apache-airflow['cncf.kubernetes']
[2024-06-10 10:11:05,932] {scheduler_job.py:641} WARNING - No viable dags retrieved from /home/anhcu/Project/Stock_project/airflow_venv/lib/python3.8/site-packages/airflow/example_dags/example_kubernetes_executor_config.py
[2024-06-10 10:11:05,941] {scheduler_job.py:189} INFO - Processing /home/anhcu/Project/Stock_project/airflow_venv/lib/python3.8/site-packages/airflow/example_dags/example_kubernetes_executor_config.py took 0.022 seconds
[2024-06-10 10:12:06,087] {scheduler_job.py:181} INFO - Started process (PID=68914) to work on /home/anhcu/Project/Stock_project/airflow_venv/lib/python3.8/site-packages/airflow/example_dags/example_kubernetes_executor_config.py
[2024-06-10 10:12:06,089] {scheduler_job.py:629} INFO - Processing file /home/anhcu/Project/Stock_project/airflow_venv/lib/python3.8/site-packages/airflow/example_dags/example_kubernetes_executor_config.py for tasks to queue
[2024-06-10 10:12:06,090] {logging_mixin.py:103} INFO - [2024-06-10 10:12:06,090] {dagbag.py:440} INFO - Filling up the DagBag from /home/anhcu/Project/Stock_project/airflow_venv/lib/python3.8/site-packages/airflow/example_dags/example_kubernetes_executor_config.py
[2024-06-10 10:12:06,097] {logging_mixin.py:103} INFO - [2024-06-10 10:12:06,097] {example_kubernetes_executor_config.py:174} WARNING - Could not import DAGs in example_kubernetes_executor_config.py: No module named 'kubernetes'
[2024-06-10 10:12:06,097] {logging_mixin.py:103} INFO - [2024-06-10 10:12:06,097] {example_kubernetes_executor_config.py:175} WARNING - Install kubernetes dependencies with: pip install apache-airflow['cncf.kubernetes']
[2024-06-10 10:12:06,097] {scheduler_job.py:641} WARNING - No viable dags retrieved from /home/anhcu/Project/Stock_project/airflow_venv/lib/python3.8/site-packages/airflow/example_dags/example_kubernetes_executor_config.py
[2024-06-10 10:12:06,104] {scheduler_job.py:189} INFO - Processing /home/anhcu/Project/Stock_project/airflow_venv/lib/python3.8/site-packages/airflow/example_dags/example_kubernetes_executor_config.py took 0.020 seconds
[2024-06-10 10:12:38,247] {scheduler_job.py:181} INFO - Started process (PID=69139) to work on /home/anhcu/Project/Stock_project/airflow_venv/lib/python3.8/site-packages/airflow/example_dags/example_kubernetes_executor_config.py
[2024-06-10 10:12:38,249] {scheduler_job.py:629} INFO - Processing file /home/anhcu/Project/Stock_project/airflow_venv/lib/python3.8/site-packages/airflow/example_dags/example_kubernetes_executor_config.py for tasks to queue
[2024-06-10 10:12:38,249] {logging_mixin.py:103} INFO - [2024-06-10 10:12:38,249] {dagbag.py:440} INFO - Filling up the DagBag from /home/anhcu/Project/Stock_project/airflow_venv/lib/python3.8/site-packages/airflow/example_dags/example_kubernetes_executor_config.py
[2024-06-10 10:12:38,256] {logging_mixin.py:103} INFO - [2024-06-10 10:12:38,256] {example_kubernetes_executor_config.py:174} WARNING - Could not import DAGs in example_kubernetes_executor_config.py: No module named 'kubernetes'
[2024-06-10 10:12:38,256] {logging_mixin.py:103} INFO - [2024-06-10 10:12:38,256] {example_kubernetes_executor_config.py:175} WARNING - Install kubernetes dependencies with: pip install apache-airflow['cncf.kubernetes']
[2024-06-10 10:12:38,256] {scheduler_job.py:641} WARNING - No viable dags retrieved from /home/anhcu/Project/Stock_project/airflow_venv/lib/python3.8/site-packages/airflow/example_dags/example_kubernetes_executor_config.py
[2024-06-10 10:12:38,263] {scheduler_job.py:189} INFO - Processing /home/anhcu/Project/Stock_project/airflow_venv/lib/python3.8/site-packages/airflow/example_dags/example_kubernetes_executor_config.py took 0.019 seconds
[2024-06-10 10:13:06,845] {scheduler_job.py:181} INFO - Started process (PID=69291) to work on /home/anhcu/Project/Stock_project/airflow_venv/lib/python3.8/site-packages/airflow/example_dags/example_kubernetes_executor_config.py
[2024-06-10 10:13:06,846] {scheduler_job.py:629} INFO - Processing file /home/anhcu/Project/Stock_project/airflow_venv/lib/python3.8/site-packages/airflow/example_dags/example_kubernetes_executor_config.py for tasks to queue
[2024-06-10 10:13:06,847] {logging_mixin.py:103} INFO - [2024-06-10 10:13:06,847] {dagbag.py:440} INFO - Filling up the DagBag from /home/anhcu/Project/Stock_project/airflow_venv/lib/python3.8/site-packages/airflow/example_dags/example_kubernetes_executor_config.py
[2024-06-10 10:13:06,854] {logging_mixin.py:103} INFO - [2024-06-10 10:13:06,854] {example_kubernetes_executor_config.py:174} WARNING - Could not import DAGs in example_kubernetes_executor_config.py: No module named 'kubernetes'
[2024-06-10 10:13:06,854] {logging_mixin.py:103} INFO - [2024-06-10 10:13:06,854] {example_kubernetes_executor_config.py:175} WARNING - Install kubernetes dependencies with: pip install apache-airflow['cncf.kubernetes']
[2024-06-10 10:13:06,855] {scheduler_job.py:641} WARNING - No viable dags retrieved from /home/anhcu/Project/Stock_project/airflow_venv/lib/python3.8/site-packages/airflow/example_dags/example_kubernetes_executor_config.py
[2024-06-10 10:13:06,862] {scheduler_job.py:189} INFO - Processing /home/anhcu/Project/Stock_project/airflow_venv/lib/python3.8/site-packages/airflow/example_dags/example_kubernetes_executor_config.py took 0.021 seconds
[2024-06-10 10:13:36,500] {scheduler_job.py:181} INFO - Started process (PID=69447) to work on /home/anhcu/Project/Stock_project/airflow_venv/lib/python3.8/site-packages/airflow/example_dags/example_kubernetes_executor_config.py
[2024-06-10 10:13:36,501] {scheduler_job.py:629} INFO - Processing file /home/anhcu/Project/Stock_project/airflow_venv/lib/python3.8/site-packages/airflow/example_dags/example_kubernetes_executor_config.py for tasks to queue
[2024-06-10 10:13:36,502] {logging_mixin.py:103} INFO - [2024-06-10 10:13:36,502] {dagbag.py:440} INFO - Filling up the DagBag from /home/anhcu/Project/Stock_project/airflow_venv/lib/python3.8/site-packages/airflow/example_dags/example_kubernetes_executor_config.py
[2024-06-10 10:13:36,508] {logging_mixin.py:103} INFO - [2024-06-10 10:13:36,508] {example_kubernetes_executor_config.py:174} WARNING - Could not import DAGs in example_kubernetes_executor_config.py: No module named 'kubernetes'
[2024-06-10 10:13:36,508] {logging_mixin.py:103} INFO - [2024-06-10 10:13:36,508] {example_kubernetes_executor_config.py:175} WARNING - Install kubernetes dependencies with: pip install apache-airflow['cncf.kubernetes']
[2024-06-10 10:13:36,508] {scheduler_job.py:641} WARNING - No viable dags retrieved from /home/anhcu/Project/Stock_project/airflow_venv/lib/python3.8/site-packages/airflow/example_dags/example_kubernetes_executor_config.py
[2024-06-10 10:13:36,515] {scheduler_job.py:189} INFO - Processing /home/anhcu/Project/Stock_project/airflow_venv/lib/python3.8/site-packages/airflow/example_dags/example_kubernetes_executor_config.py took 0.018 seconds
[2024-06-10 10:14:06,000] {scheduler_job.py:181} INFO - Started process (PID=69600) to work on /home/anhcu/Project/Stock_project/airflow_venv/lib/python3.8/site-packages/airflow/example_dags/example_kubernetes_executor_config.py
[2024-06-10 10:14:06,002] {scheduler_job.py:629} INFO - Processing file /home/anhcu/Project/Stock_project/airflow_venv/lib/python3.8/site-packages/airflow/example_dags/example_kubernetes_executor_config.py for tasks to queue
[2024-06-10 10:14:06,002] {logging_mixin.py:103} INFO - [2024-06-10 10:14:06,002] {dagbag.py:440} INFO - Filling up the DagBag from /home/anhcu/Project/Stock_project/airflow_venv/lib/python3.8/site-packages/airflow/example_dags/example_kubernetes_executor_config.py
[2024-06-10 10:14:06,009] {logging_mixin.py:103} INFO - [2024-06-10 10:14:06,009] {example_kubernetes_executor_config.py:174} WARNING - Could not import DAGs in example_kubernetes_executor_config.py: No module named 'kubernetes'
[2024-06-10 10:14:06,009] {logging_mixin.py:103} INFO - [2024-06-10 10:14:06,009] {example_kubernetes_executor_config.py:175} WARNING - Install kubernetes dependencies with: pip install apache-airflow['cncf.kubernetes']
[2024-06-10 10:14:06,010] {scheduler_job.py:641} WARNING - No viable dags retrieved from /home/anhcu/Project/Stock_project/airflow_venv/lib/python3.8/site-packages/airflow/example_dags/example_kubernetes_executor_config.py
[2024-06-10 10:14:06,017] {scheduler_job.py:189} INFO - Processing /home/anhcu/Project/Stock_project/airflow_venv/lib/python3.8/site-packages/airflow/example_dags/example_kubernetes_executor_config.py took 0.020 seconds
[2024-06-10 10:14:34,597] {scheduler_job.py:181} INFO - Started process (PID=69760) to work on /home/anhcu/Project/Stock_project/airflow_venv/lib/python3.8/site-packages/airflow/example_dags/example_kubernetes_executor_config.py
[2024-06-10 10:14:34,599] {scheduler_job.py:629} INFO - Processing file /home/anhcu/Project/Stock_project/airflow_venv/lib/python3.8/site-packages/airflow/example_dags/example_kubernetes_executor_config.py for tasks to queue
[2024-06-10 10:14:34,599] {logging_mixin.py:103} INFO - [2024-06-10 10:14:34,599] {dagbag.py:440} INFO - Filling up the DagBag from /home/anhcu/Project/Stock_project/airflow_venv/lib/python3.8/site-packages/airflow/example_dags/example_kubernetes_executor_config.py
[2024-06-10 10:14:34,607] {logging_mixin.py:103} INFO - [2024-06-10 10:14:34,607] {example_kubernetes_executor_config.py:174} WARNING - Could not import DAGs in example_kubernetes_executor_config.py: No module named 'kubernetes'
[2024-06-10 10:14:34,607] {logging_mixin.py:103} INFO - [2024-06-10 10:14:34,607] {example_kubernetes_executor_config.py:175} WARNING - Install kubernetes dependencies with: pip install apache-airflow['cncf.kubernetes']
[2024-06-10 10:14:34,607] {scheduler_job.py:641} WARNING - No viable dags retrieved from /home/anhcu/Project/Stock_project/airflow_venv/lib/python3.8/site-packages/airflow/example_dags/example_kubernetes_executor_config.py
[2024-06-10 10:14:34,614] {scheduler_job.py:189} INFO - Processing /home/anhcu/Project/Stock_project/airflow_venv/lib/python3.8/site-packages/airflow/example_dags/example_kubernetes_executor_config.py took 0.020 seconds
[2024-06-10 10:15:14,237] {scheduler_job.py:181} INFO - Started process (PID=69951) to work on /home/anhcu/Project/Stock_project/airflow_venv/lib/python3.8/site-packages/airflow/example_dags/example_kubernetes_executor_config.py
[2024-06-10 10:15:14,239] {scheduler_job.py:629} INFO - Processing file /home/anhcu/Project/Stock_project/airflow_venv/lib/python3.8/site-packages/airflow/example_dags/example_kubernetes_executor_config.py for tasks to queue
[2024-06-10 10:15:14,240] {logging_mixin.py:103} INFO - [2024-06-10 10:15:14,240] {dagbag.py:440} INFO - Filling up the DagBag from /home/anhcu/Project/Stock_project/airflow_venv/lib/python3.8/site-packages/airflow/example_dags/example_kubernetes_executor_config.py
[2024-06-10 10:15:14,246] {logging_mixin.py:103} INFO - [2024-06-10 10:15:14,246] {example_kubernetes_executor_config.py:174} WARNING - Could not import DAGs in example_kubernetes_executor_config.py: No module named 'kubernetes'
[2024-06-10 10:15:14,246] {logging_mixin.py:103} INFO - [2024-06-10 10:15:14,246] {example_kubernetes_executor_config.py:175} WARNING - Install kubernetes dependencies with: pip install apache-airflow['cncf.kubernetes']
[2024-06-10 10:15:14,246] {scheduler_job.py:641} WARNING - No viable dags retrieved from /home/anhcu/Project/Stock_project/airflow_venv/lib/python3.8/site-packages/airflow/example_dags/example_kubernetes_executor_config.py
[2024-06-10 10:15:14,253] {scheduler_job.py:189} INFO - Processing /home/anhcu/Project/Stock_project/airflow_venv/lib/python3.8/site-packages/airflow/example_dags/example_kubernetes_executor_config.py took 0.019 seconds
[2024-06-10 10:15:45,578] {scheduler_job.py:181} INFO - Started process (PID=70175) to work on /home/anhcu/Project/Stock_project/airflow_venv/lib/python3.8/site-packages/airflow/example_dags/example_kubernetes_executor_config.py
[2024-06-10 10:15:45,579] {scheduler_job.py:629} INFO - Processing file /home/anhcu/Project/Stock_project/airflow_venv/lib/python3.8/site-packages/airflow/example_dags/example_kubernetes_executor_config.py for tasks to queue
[2024-06-10 10:15:45,580] {logging_mixin.py:103} INFO - [2024-06-10 10:15:45,580] {dagbag.py:440} INFO - Filling up the DagBag from /home/anhcu/Project/Stock_project/airflow_venv/lib/python3.8/site-packages/airflow/example_dags/example_kubernetes_executor_config.py
[2024-06-10 10:15:45,587] {logging_mixin.py:103} INFO - [2024-06-10 10:15:45,587] {example_kubernetes_executor_config.py:174} WARNING - Could not import DAGs in example_kubernetes_executor_config.py: No module named 'kubernetes'
[2024-06-10 10:15:45,587] {logging_mixin.py:103} INFO - [2024-06-10 10:15:45,587] {example_kubernetes_executor_config.py:175} WARNING - Install kubernetes dependencies with: pip install apache-airflow['cncf.kubernetes']
[2024-06-10 10:15:45,587] {scheduler_job.py:641} WARNING - No viable dags retrieved from /home/anhcu/Project/Stock_project/airflow_venv/lib/python3.8/site-packages/airflow/example_dags/example_kubernetes_executor_config.py
[2024-06-10 10:15:45,594] {scheduler_job.py:189} INFO - Processing /home/anhcu/Project/Stock_project/airflow_venv/lib/python3.8/site-packages/airflow/example_dags/example_kubernetes_executor_config.py took 0.020 seconds
[2024-06-10 10:16:14,609] {scheduler_job.py:181} INFO - Started process (PID=70371) to work on /home/anhcu/Project/Stock_project/airflow_venv/lib/python3.8/site-packages/airflow/example_dags/example_kubernetes_executor_config.py
[2024-06-10 10:16:14,611] {scheduler_job.py:629} INFO - Processing file /home/anhcu/Project/Stock_project/airflow_venv/lib/python3.8/site-packages/airflow/example_dags/example_kubernetes_executor_config.py for tasks to queue
[2024-06-10 10:16:14,611] {logging_mixin.py:103} INFO - [2024-06-10 10:16:14,611] {dagbag.py:440} INFO - Filling up the DagBag from /home/anhcu/Project/Stock_project/airflow_venv/lib/python3.8/site-packages/airflow/example_dags/example_kubernetes_executor_config.py
[2024-06-10 10:16:14,617] {logging_mixin.py:103} INFO - [2024-06-10 10:16:14,617] {example_kubernetes_executor_config.py:174} WARNING - Could not import DAGs in example_kubernetes_executor_config.py: No module named 'kubernetes'
[2024-06-10 10:16:14,618] {logging_mixin.py:103} INFO - [2024-06-10 10:16:14,617] {example_kubernetes_executor_config.py:175} WARNING - Install kubernetes dependencies with: pip install apache-airflow['cncf.kubernetes']
[2024-06-10 10:16:14,618] {scheduler_job.py:641} WARNING - No viable dags retrieved from /home/anhcu/Project/Stock_project/airflow_venv/lib/python3.8/site-packages/airflow/example_dags/example_kubernetes_executor_config.py
[2024-06-10 10:16:14,624] {scheduler_job.py:189} INFO - Processing /home/anhcu/Project/Stock_project/airflow_venv/lib/python3.8/site-packages/airflow/example_dags/example_kubernetes_executor_config.py took 0.018 seconds
[2024-06-10 10:16:45,220] {scheduler_job.py:181} INFO - Started process (PID=70601) to work on /home/anhcu/Project/Stock_project/airflow_venv/lib/python3.8/site-packages/airflow/example_dags/example_kubernetes_executor_config.py
[2024-06-10 10:16:45,222] {scheduler_job.py:629} INFO - Processing file /home/anhcu/Project/Stock_project/airflow_venv/lib/python3.8/site-packages/airflow/example_dags/example_kubernetes_executor_config.py for tasks to queue
[2024-06-10 10:16:45,222] {logging_mixin.py:103} INFO - [2024-06-10 10:16:45,222] {dagbag.py:440} INFO - Filling up the DagBag from /home/anhcu/Project/Stock_project/airflow_venv/lib/python3.8/site-packages/airflow/example_dags/example_kubernetes_executor_config.py
[2024-06-10 10:16:45,229] {logging_mixin.py:103} INFO - [2024-06-10 10:16:45,229] {example_kubernetes_executor_config.py:174} WARNING - Could not import DAGs in example_kubernetes_executor_config.py: No module named 'kubernetes'
[2024-06-10 10:16:45,229] {logging_mixin.py:103} INFO - [2024-06-10 10:16:45,229] {example_kubernetes_executor_config.py:175} WARNING - Install kubernetes dependencies with: pip install apache-airflow['cncf.kubernetes']
[2024-06-10 10:16:45,229] {scheduler_job.py:641} WARNING - No viable dags retrieved from /home/anhcu/Project/Stock_project/airflow_venv/lib/python3.8/site-packages/airflow/example_dags/example_kubernetes_executor_config.py
[2024-06-10 10:16:45,235] {scheduler_job.py:189} INFO - Processing /home/anhcu/Project/Stock_project/airflow_venv/lib/python3.8/site-packages/airflow/example_dags/example_kubernetes_executor_config.py took 0.018 seconds
[2024-06-10 10:17:14,349] {scheduler_job.py:181} INFO - Started process (PID=70869) to work on /home/anhcu/Project/Stock_project/airflow_venv/lib/python3.8/site-packages/airflow/example_dags/example_kubernetes_executor_config.py
[2024-06-10 10:17:14,351] {scheduler_job.py:629} INFO - Processing file /home/anhcu/Project/Stock_project/airflow_venv/lib/python3.8/site-packages/airflow/example_dags/example_kubernetes_executor_config.py for tasks to queue
[2024-06-10 10:17:14,351] {logging_mixin.py:103} INFO - [2024-06-10 10:17:14,351] {dagbag.py:440} INFO - Filling up the DagBag from /home/anhcu/Project/Stock_project/airflow_venv/lib/python3.8/site-packages/airflow/example_dags/example_kubernetes_executor_config.py
[2024-06-10 10:17:14,357] {logging_mixin.py:103} INFO - [2024-06-10 10:17:14,357] {example_kubernetes_executor_config.py:174} WARNING - Could not import DAGs in example_kubernetes_executor_config.py: No module named 'kubernetes'
[2024-06-10 10:17:14,358] {logging_mixin.py:103} INFO - [2024-06-10 10:17:14,358] {example_kubernetes_executor_config.py:175} WARNING - Install kubernetes dependencies with: pip install apache-airflow['cncf.kubernetes']
[2024-06-10 10:17:14,358] {scheduler_job.py:641} WARNING - No viable dags retrieved from /home/anhcu/Project/Stock_project/airflow_venv/lib/python3.8/site-packages/airflow/example_dags/example_kubernetes_executor_config.py
[2024-06-10 10:17:14,365] {scheduler_job.py:189} INFO - Processing /home/anhcu/Project/Stock_project/airflow_venv/lib/python3.8/site-packages/airflow/example_dags/example_kubernetes_executor_config.py took 0.019 seconds
[2024-06-10 10:17:44,615] {scheduler_job.py:181} INFO - Started process (PID=71025) to work on /home/anhcu/Project/Stock_project/airflow_venv/lib/python3.8/site-packages/airflow/example_dags/example_kubernetes_executor_config.py
[2024-06-10 10:17:44,616] {scheduler_job.py:629} INFO - Processing file /home/anhcu/Project/Stock_project/airflow_venv/lib/python3.8/site-packages/airflow/example_dags/example_kubernetes_executor_config.py for tasks to queue
[2024-06-10 10:17:44,617] {logging_mixin.py:103} INFO - [2024-06-10 10:17:44,617] {dagbag.py:440} INFO - Filling up the DagBag from /home/anhcu/Project/Stock_project/airflow_venv/lib/python3.8/site-packages/airflow/example_dags/example_kubernetes_executor_config.py
[2024-06-10 10:17:44,624] {logging_mixin.py:103} INFO - [2024-06-10 10:17:44,623] {example_kubernetes_executor_config.py:174} WARNING - Could not import DAGs in example_kubernetes_executor_config.py: No module named 'kubernetes'
[2024-06-10 10:17:44,624] {logging_mixin.py:103} INFO - [2024-06-10 10:17:44,624] {example_kubernetes_executor_config.py:175} WARNING - Install kubernetes dependencies with: pip install apache-airflow['cncf.kubernetes']
[2024-06-10 10:17:44,624] {scheduler_job.py:641} WARNING - No viable dags retrieved from /home/anhcu/Project/Stock_project/airflow_venv/lib/python3.8/site-packages/airflow/example_dags/example_kubernetes_executor_config.py
[2024-06-10 10:17:44,631] {scheduler_job.py:189} INFO - Processing /home/anhcu/Project/Stock_project/airflow_venv/lib/python3.8/site-packages/airflow/example_dags/example_kubernetes_executor_config.py took 0.019 seconds
[2024-06-10 10:18:14,782] {scheduler_job.py:181} INFO - Started process (PID=71248) to work on /home/anhcu/Project/Stock_project/airflow_venv/lib/python3.8/site-packages/airflow/example_dags/example_kubernetes_executor_config.py
[2024-06-10 10:18:14,784] {scheduler_job.py:629} INFO - Processing file /home/anhcu/Project/Stock_project/airflow_venv/lib/python3.8/site-packages/airflow/example_dags/example_kubernetes_executor_config.py for tasks to queue
[2024-06-10 10:18:14,785] {logging_mixin.py:103} INFO - [2024-06-10 10:18:14,785] {dagbag.py:440} INFO - Filling up the DagBag from /home/anhcu/Project/Stock_project/airflow_venv/lib/python3.8/site-packages/airflow/example_dags/example_kubernetes_executor_config.py
[2024-06-10 10:18:14,792] {logging_mixin.py:103} INFO - [2024-06-10 10:18:14,792] {example_kubernetes_executor_config.py:174} WARNING - Could not import DAGs in example_kubernetes_executor_config.py: No module named 'kubernetes'
[2024-06-10 10:18:14,792] {logging_mixin.py:103} INFO - [2024-06-10 10:18:14,792] {example_kubernetes_executor_config.py:175} WARNING - Install kubernetes dependencies with: pip install apache-airflow['cncf.kubernetes']
[2024-06-10 10:18:14,793] {scheduler_job.py:641} WARNING - No viable dags retrieved from /home/anhcu/Project/Stock_project/airflow_venv/lib/python3.8/site-packages/airflow/example_dags/example_kubernetes_executor_config.py
[2024-06-10 10:18:14,800] {scheduler_job.py:189} INFO - Processing /home/anhcu/Project/Stock_project/airflow_venv/lib/python3.8/site-packages/airflow/example_dags/example_kubernetes_executor_config.py took 0.021 seconds
[2024-06-10 10:18:46,198] {scheduler_job.py:181} INFO - Started process (PID=71690) to work on /home/anhcu/Project/Stock_project/airflow_venv/lib/python3.8/site-packages/airflow/example_dags/example_kubernetes_executor_config.py
[2024-06-10 10:18:46,202] {scheduler_job.py:629} INFO - Processing file /home/anhcu/Project/Stock_project/airflow_venv/lib/python3.8/site-packages/airflow/example_dags/example_kubernetes_executor_config.py for tasks to queue
[2024-06-10 10:18:46,203] {logging_mixin.py:103} INFO - [2024-06-10 10:18:46,202] {dagbag.py:440} INFO - Filling up the DagBag from /home/anhcu/Project/Stock_project/airflow_venv/lib/python3.8/site-packages/airflow/example_dags/example_kubernetes_executor_config.py
[2024-06-10 10:18:46,209] {logging_mixin.py:103} INFO - [2024-06-10 10:18:46,209] {example_kubernetes_executor_config.py:174} WARNING - Could not import DAGs in example_kubernetes_executor_config.py: No module named 'kubernetes'
[2024-06-10 10:18:46,209] {logging_mixin.py:103} INFO - [2024-06-10 10:18:46,209] {example_kubernetes_executor_config.py:175} WARNING - Install kubernetes dependencies with: pip install apache-airflow['cncf.kubernetes']
[2024-06-10 10:18:46,210] {scheduler_job.py:641} WARNING - No viable dags retrieved from /home/anhcu/Project/Stock_project/airflow_venv/lib/python3.8/site-packages/airflow/example_dags/example_kubernetes_executor_config.py
[2024-06-10 10:18:46,217] {scheduler_job.py:189} INFO - Processing /home/anhcu/Project/Stock_project/airflow_venv/lib/python3.8/site-packages/airflow/example_dags/example_kubernetes_executor_config.py took 0.023 seconds
[2024-06-10 10:19:15,535] {scheduler_job.py:181} INFO - Started process (PID=71844) to work on /home/anhcu/Project/Stock_project/airflow_venv/lib/python3.8/site-packages/airflow/example_dags/example_kubernetes_executor_config.py
[2024-06-10 10:19:15,537] {scheduler_job.py:629} INFO - Processing file /home/anhcu/Project/Stock_project/airflow_venv/lib/python3.8/site-packages/airflow/example_dags/example_kubernetes_executor_config.py for tasks to queue
[2024-06-10 10:19:15,538] {logging_mixin.py:103} INFO - [2024-06-10 10:19:15,538] {dagbag.py:440} INFO - Filling up the DagBag from /home/anhcu/Project/Stock_project/airflow_venv/lib/python3.8/site-packages/airflow/example_dags/example_kubernetes_executor_config.py
[2024-06-10 10:19:15,546] {logging_mixin.py:103} INFO - [2024-06-10 10:19:15,546] {example_kubernetes_executor_config.py:174} WARNING - Could not import DAGs in example_kubernetes_executor_config.py: No module named 'kubernetes'
[2024-06-10 10:19:15,547] {logging_mixin.py:103} INFO - [2024-06-10 10:19:15,547] {example_kubernetes_executor_config.py:175} WARNING - Install kubernetes dependencies with: pip install apache-airflow['cncf.kubernetes']
[2024-06-10 10:19:15,547] {scheduler_job.py:641} WARNING - No viable dags retrieved from /home/anhcu/Project/Stock_project/airflow_venv/lib/python3.8/site-packages/airflow/example_dags/example_kubernetes_executor_config.py
[2024-06-10 10:19:15,556] {scheduler_job.py:189} INFO - Processing /home/anhcu/Project/Stock_project/airflow_venv/lib/python3.8/site-packages/airflow/example_dags/example_kubernetes_executor_config.py took 0.026 seconds
[2024-06-10 10:19:56,781] {scheduler_job.py:181} INFO - Started process (PID=72259) to work on /home/anhcu/Project/Stock_project/airflow_venv/lib/python3.8/site-packages/airflow/example_dags/example_kubernetes_executor_config.py
[2024-06-10 10:19:56,783] {scheduler_job.py:629} INFO - Processing file /home/anhcu/Project/Stock_project/airflow_venv/lib/python3.8/site-packages/airflow/example_dags/example_kubernetes_executor_config.py for tasks to queue
[2024-06-10 10:19:56,784] {logging_mixin.py:103} INFO - [2024-06-10 10:19:56,784] {dagbag.py:440} INFO - Filling up the DagBag from /home/anhcu/Project/Stock_project/airflow_venv/lib/python3.8/site-packages/airflow/example_dags/example_kubernetes_executor_config.py
[2024-06-10 10:19:56,793] {logging_mixin.py:103} INFO - [2024-06-10 10:19:56,793] {example_kubernetes_executor_config.py:174} WARNING - Could not import DAGs in example_kubernetes_executor_config.py: No module named 'kubernetes'
[2024-06-10 10:19:56,794] {logging_mixin.py:103} INFO - [2024-06-10 10:19:56,794] {example_kubernetes_executor_config.py:175} WARNING - Install kubernetes dependencies with: pip install apache-airflow['cncf.kubernetes']
[2024-06-10 10:19:56,795] {scheduler_job.py:641} WARNING - No viable dags retrieved from /home/anhcu/Project/Stock_project/airflow_venv/lib/python3.8/site-packages/airflow/example_dags/example_kubernetes_executor_config.py
[2024-06-10 10:19:56,805] {scheduler_job.py:189} INFO - Processing /home/anhcu/Project/Stock_project/airflow_venv/lib/python3.8/site-packages/airflow/example_dags/example_kubernetes_executor_config.py took 0.028 seconds
[2024-06-10 10:20:25,374] {scheduler_job.py:181} INFO - Started process (PID=72513) to work on /home/anhcu/Project/Stock_project/airflow_venv/lib/python3.8/site-packages/airflow/example_dags/example_kubernetes_executor_config.py
[2024-06-10 10:20:25,375] {scheduler_job.py:629} INFO - Processing file /home/anhcu/Project/Stock_project/airflow_venv/lib/python3.8/site-packages/airflow/example_dags/example_kubernetes_executor_config.py for tasks to queue
[2024-06-10 10:20:25,376] {logging_mixin.py:103} INFO - [2024-06-10 10:20:25,376] {dagbag.py:440} INFO - Filling up the DagBag from /home/anhcu/Project/Stock_project/airflow_venv/lib/python3.8/site-packages/airflow/example_dags/example_kubernetes_executor_config.py
[2024-06-10 10:20:25,383] {logging_mixin.py:103} INFO - [2024-06-10 10:20:25,383] {example_kubernetes_executor_config.py:174} WARNING - Could not import DAGs in example_kubernetes_executor_config.py: No module named 'kubernetes'
[2024-06-10 10:20:25,383] {logging_mixin.py:103} INFO - [2024-06-10 10:20:25,383] {example_kubernetes_executor_config.py:175} WARNING - Install kubernetes dependencies with: pip install apache-airflow['cncf.kubernetes']
[2024-06-10 10:20:25,383] {scheduler_job.py:641} WARNING - No viable dags retrieved from /home/anhcu/Project/Stock_project/airflow_venv/lib/python3.8/site-packages/airflow/example_dags/example_kubernetes_executor_config.py
[2024-06-10 10:20:25,390] {scheduler_job.py:189} INFO - Processing /home/anhcu/Project/Stock_project/airflow_venv/lib/python3.8/site-packages/airflow/example_dags/example_kubernetes_executor_config.py took 0.019 seconds
[2024-06-10 10:20:57,358] {scheduler_job.py:181} INFO - Started process (PID=72746) to work on /home/anhcu/Project/Stock_project/airflow_venv/lib/python3.8/site-packages/airflow/example_dags/example_kubernetes_executor_config.py
[2024-06-10 10:20:57,359] {scheduler_job.py:629} INFO - Processing file /home/anhcu/Project/Stock_project/airflow_venv/lib/python3.8/site-packages/airflow/example_dags/example_kubernetes_executor_config.py for tasks to queue
[2024-06-10 10:20:57,360] {logging_mixin.py:103} INFO - [2024-06-10 10:20:57,360] {dagbag.py:440} INFO - Filling up the DagBag from /home/anhcu/Project/Stock_project/airflow_venv/lib/python3.8/site-packages/airflow/example_dags/example_kubernetes_executor_config.py
[2024-06-10 10:20:57,367] {logging_mixin.py:103} INFO - [2024-06-10 10:20:57,367] {example_kubernetes_executor_config.py:174} WARNING - Could not import DAGs in example_kubernetes_executor_config.py: No module named 'kubernetes'
[2024-06-10 10:20:57,367] {logging_mixin.py:103} INFO - [2024-06-10 10:20:57,367] {example_kubernetes_executor_config.py:175} WARNING - Install kubernetes dependencies with: pip install apache-airflow['cncf.kubernetes']
[2024-06-10 10:20:57,367] {scheduler_job.py:641} WARNING - No viable dags retrieved from /home/anhcu/Project/Stock_project/airflow_venv/lib/python3.8/site-packages/airflow/example_dags/example_kubernetes_executor_config.py
[2024-06-10 10:20:57,374] {scheduler_job.py:189} INFO - Processing /home/anhcu/Project/Stock_project/airflow_venv/lib/python3.8/site-packages/airflow/example_dags/example_kubernetes_executor_config.py took 0.019 seconds
[2024-06-10 10:21:28,274] {scheduler_job.py:181} INFO - Started process (PID=72900) to work on /home/anhcu/Project/Stock_project/airflow_venv/lib/python3.8/site-packages/airflow/example_dags/example_kubernetes_executor_config.py
[2024-06-10 10:21:28,276] {scheduler_job.py:629} INFO - Processing file /home/anhcu/Project/Stock_project/airflow_venv/lib/python3.8/site-packages/airflow/example_dags/example_kubernetes_executor_config.py for tasks to queue
[2024-06-10 10:21:28,276] {logging_mixin.py:103} INFO - [2024-06-10 10:21:28,276] {dagbag.py:440} INFO - Filling up the DagBag from /home/anhcu/Project/Stock_project/airflow_venv/lib/python3.8/site-packages/airflow/example_dags/example_kubernetes_executor_config.py
[2024-06-10 10:21:28,283] {logging_mixin.py:103} INFO - [2024-06-10 10:21:28,283] {example_kubernetes_executor_config.py:174} WARNING - Could not import DAGs in example_kubernetes_executor_config.py: No module named 'kubernetes'
[2024-06-10 10:21:28,283] {logging_mixin.py:103} INFO - [2024-06-10 10:21:28,283] {example_kubernetes_executor_config.py:175} WARNING - Install kubernetes dependencies with: pip install apache-airflow['cncf.kubernetes']
[2024-06-10 10:21:28,283] {scheduler_job.py:641} WARNING - No viable dags retrieved from /home/anhcu/Project/Stock_project/airflow_venv/lib/python3.8/site-packages/airflow/example_dags/example_kubernetes_executor_config.py
[2024-06-10 10:21:28,289] {scheduler_job.py:189} INFO - Processing /home/anhcu/Project/Stock_project/airflow_venv/lib/python3.8/site-packages/airflow/example_dags/example_kubernetes_executor_config.py took 0.018 seconds
[2024-06-10 10:21:56,718] {scheduler_job.py:181} INFO - Started process (PID=73136) to work on /home/anhcu/Project/Stock_project/airflow_venv/lib/python3.8/site-packages/airflow/example_dags/example_kubernetes_executor_config.py
[2024-06-10 10:21:56,720] {scheduler_job.py:629} INFO - Processing file /home/anhcu/Project/Stock_project/airflow_venv/lib/python3.8/site-packages/airflow/example_dags/example_kubernetes_executor_config.py for tasks to queue
[2024-06-10 10:21:56,721] {logging_mixin.py:103} INFO - [2024-06-10 10:21:56,721] {dagbag.py:440} INFO - Filling up the DagBag from /home/anhcu/Project/Stock_project/airflow_venv/lib/python3.8/site-packages/airflow/example_dags/example_kubernetes_executor_config.py
[2024-06-10 10:21:56,727] {logging_mixin.py:103} INFO - [2024-06-10 10:21:56,727] {example_kubernetes_executor_config.py:174} WARNING - Could not import DAGs in example_kubernetes_executor_config.py: No module named 'kubernetes'
[2024-06-10 10:21:56,728] {logging_mixin.py:103} INFO - [2024-06-10 10:21:56,728] {example_kubernetes_executor_config.py:175} WARNING - Install kubernetes dependencies with: pip install apache-airflow['cncf.kubernetes']
[2024-06-10 10:21:56,728] {scheduler_job.py:641} WARNING - No viable dags retrieved from /home/anhcu/Project/Stock_project/airflow_venv/lib/python3.8/site-packages/airflow/example_dags/example_kubernetes_executor_config.py
[2024-06-10 10:21:56,737] {scheduler_job.py:189} INFO - Processing /home/anhcu/Project/Stock_project/airflow_venv/lib/python3.8/site-packages/airflow/example_dags/example_kubernetes_executor_config.py took 0.023 seconds
[2024-06-10 10:22:26,034] {scheduler_job.py:181} INFO - Started process (PID=73291) to work on /home/anhcu/Project/Stock_project/airflow_venv/lib/python3.8/site-packages/airflow/example_dags/example_kubernetes_executor_config.py
[2024-06-10 10:22:26,037] {scheduler_job.py:629} INFO - Processing file /home/anhcu/Project/Stock_project/airflow_venv/lib/python3.8/site-packages/airflow/example_dags/example_kubernetes_executor_config.py for tasks to queue
[2024-06-10 10:22:26,038] {logging_mixin.py:103} INFO - [2024-06-10 10:22:26,038] {dagbag.py:440} INFO - Filling up the DagBag from /home/anhcu/Project/Stock_project/airflow_venv/lib/python3.8/site-packages/airflow/example_dags/example_kubernetes_executor_config.py
[2024-06-10 10:22:26,051] {logging_mixin.py:103} INFO - [2024-06-10 10:22:26,051] {example_kubernetes_executor_config.py:174} WARNING - Could not import DAGs in example_kubernetes_executor_config.py: No module named 'kubernetes'
[2024-06-10 10:22:26,058] {logging_mixin.py:103} INFO - [2024-06-10 10:22:26,058] {example_kubernetes_executor_config.py:175} WARNING - Install kubernetes dependencies with: pip install apache-airflow['cncf.kubernetes']
[2024-06-10 10:22:26,058] {scheduler_job.py:641} WARNING - No viable dags retrieved from /home/anhcu/Project/Stock_project/airflow_venv/lib/python3.8/site-packages/airflow/example_dags/example_kubernetes_executor_config.py
[2024-06-10 10:22:26,072] {scheduler_job.py:189} INFO - Processing /home/anhcu/Project/Stock_project/airflow_venv/lib/python3.8/site-packages/airflow/example_dags/example_kubernetes_executor_config.py took 0.043 seconds
[2024-06-10 10:22:53,348] {scheduler_job.py:181} INFO - Started process (PID=73482) to work on /home/anhcu/Project/Stock_project/airflow_venv/lib/python3.8/site-packages/airflow/example_dags/example_kubernetes_executor_config.py
[2024-06-10 10:22:53,350] {scheduler_job.py:629} INFO - Processing file /home/anhcu/Project/Stock_project/airflow_venv/lib/python3.8/site-packages/airflow/example_dags/example_kubernetes_executor_config.py for tasks to queue
[2024-06-10 10:22:53,351] {logging_mixin.py:103} INFO - [2024-06-10 10:22:53,351] {dagbag.py:440} INFO - Filling up the DagBag from /home/anhcu/Project/Stock_project/airflow_venv/lib/python3.8/site-packages/airflow/example_dags/example_kubernetes_executor_config.py
[2024-06-10 10:22:53,361] {logging_mixin.py:103} INFO - [2024-06-10 10:22:53,360] {example_kubernetes_executor_config.py:174} WARNING - Could not import DAGs in example_kubernetes_executor_config.py: No module named 'kubernetes'
[2024-06-10 10:22:53,361] {logging_mixin.py:103} INFO - [2024-06-10 10:22:53,361] {example_kubernetes_executor_config.py:175} WARNING - Install kubernetes dependencies with: pip install apache-airflow['cncf.kubernetes']
[2024-06-10 10:22:53,361] {scheduler_job.py:641} WARNING - No viable dags retrieved from /home/anhcu/Project/Stock_project/airflow_venv/lib/python3.8/site-packages/airflow/example_dags/example_kubernetes_executor_config.py
[2024-06-10 10:22:53,368] {scheduler_job.py:189} INFO - Processing /home/anhcu/Project/Stock_project/airflow_venv/lib/python3.8/site-packages/airflow/example_dags/example_kubernetes_executor_config.py took 0.024 seconds
[2024-06-10 10:23:29,508] {scheduler_job.py:181} INFO - Started process (PID=73824) to work on /home/anhcu/Project/Stock_project/airflow_venv/lib/python3.8/site-packages/airflow/example_dags/example_kubernetes_executor_config.py
[2024-06-10 10:23:29,509] {scheduler_job.py:629} INFO - Processing file /home/anhcu/Project/Stock_project/airflow_venv/lib/python3.8/site-packages/airflow/example_dags/example_kubernetes_executor_config.py for tasks to queue
[2024-06-10 10:23:29,510] {logging_mixin.py:103} INFO - [2024-06-10 10:23:29,510] {dagbag.py:440} INFO - Filling up the DagBag from /home/anhcu/Project/Stock_project/airflow_venv/lib/python3.8/site-packages/airflow/example_dags/example_kubernetes_executor_config.py
[2024-06-10 10:23:29,520] {logging_mixin.py:103} INFO - [2024-06-10 10:23:29,520] {example_kubernetes_executor_config.py:174} WARNING - Could not import DAGs in example_kubernetes_executor_config.py: No module named 'kubernetes'
[2024-06-10 10:23:29,520] {logging_mixin.py:103} INFO - [2024-06-10 10:23:29,520] {example_kubernetes_executor_config.py:175} WARNING - Install kubernetes dependencies with: pip install apache-airflow['cncf.kubernetes']
[2024-06-10 10:23:29,520] {scheduler_job.py:641} WARNING - No viable dags retrieved from /home/anhcu/Project/Stock_project/airflow_venv/lib/python3.8/site-packages/airflow/example_dags/example_kubernetes_executor_config.py
[2024-06-10 10:23:29,527] {scheduler_job.py:189} INFO - Processing /home/anhcu/Project/Stock_project/airflow_venv/lib/python3.8/site-packages/airflow/example_dags/example_kubernetes_executor_config.py took 0.024 seconds
[2024-06-10 10:24:14,704] {scheduler_job.py:181} INFO - Started process (PID=74419) to work on /home/anhcu/Project/Stock_project/airflow_venv/lib/python3.8/site-packages/airflow/example_dags/example_kubernetes_executor_config.py
[2024-06-10 10:24:14,708] {scheduler_job.py:629} INFO - Processing file /home/anhcu/Project/Stock_project/airflow_venv/lib/python3.8/site-packages/airflow/example_dags/example_kubernetes_executor_config.py for tasks to queue
[2024-06-10 10:24:14,708] {logging_mixin.py:103} INFO - [2024-06-10 10:24:14,708] {dagbag.py:440} INFO - Filling up the DagBag from /home/anhcu/Project/Stock_project/airflow_venv/lib/python3.8/site-packages/airflow/example_dags/example_kubernetes_executor_config.py
[2024-06-10 10:24:14,714] {logging_mixin.py:103} INFO - [2024-06-10 10:24:14,714] {example_kubernetes_executor_config.py:174} WARNING - Could not import DAGs in example_kubernetes_executor_config.py: No module named 'kubernetes'
[2024-06-10 10:24:14,714] {logging_mixin.py:103} INFO - [2024-06-10 10:24:14,714] {example_kubernetes_executor_config.py:175} WARNING - Install kubernetes dependencies with: pip install apache-airflow['cncf.kubernetes']
[2024-06-10 10:24:14,714] {scheduler_job.py:641} WARNING - No viable dags retrieved from /home/anhcu/Project/Stock_project/airflow_venv/lib/python3.8/site-packages/airflow/example_dags/example_kubernetes_executor_config.py
[2024-06-10 10:24:14,720] {scheduler_job.py:189} INFO - Processing /home/anhcu/Project/Stock_project/airflow_venv/lib/python3.8/site-packages/airflow/example_dags/example_kubernetes_executor_config.py took 0.020 seconds
[2024-06-10 10:24:45,540] {scheduler_job.py:181} INFO - Started process (PID=74732) to work on /home/anhcu/Project/Stock_project/airflow_venv/lib/python3.8/site-packages/airflow/example_dags/example_kubernetes_executor_config.py
[2024-06-10 10:24:45,543] {scheduler_job.py:629} INFO - Processing file /home/anhcu/Project/Stock_project/airflow_venv/lib/python3.8/site-packages/airflow/example_dags/example_kubernetes_executor_config.py for tasks to queue
[2024-06-10 10:24:45,544] {logging_mixin.py:103} INFO - [2024-06-10 10:24:45,544] {dagbag.py:440} INFO - Filling up the DagBag from /home/anhcu/Project/Stock_project/airflow_venv/lib/python3.8/site-packages/airflow/example_dags/example_kubernetes_executor_config.py
[2024-06-10 10:24:45,550] {logging_mixin.py:103} INFO - [2024-06-10 10:24:45,550] {example_kubernetes_executor_config.py:174} WARNING - Could not import DAGs in example_kubernetes_executor_config.py: No module named 'kubernetes'
[2024-06-10 10:24:45,550] {logging_mixin.py:103} INFO - [2024-06-10 10:24:45,550] {example_kubernetes_executor_config.py:175} WARNING - Install kubernetes dependencies with: pip install apache-airflow['cncf.kubernetes']
[2024-06-10 10:24:45,551] {scheduler_job.py:641} WARNING - No viable dags retrieved from /home/anhcu/Project/Stock_project/airflow_venv/lib/python3.8/site-packages/airflow/example_dags/example_kubernetes_executor_config.py
[2024-06-10 10:24:45,557] {scheduler_job.py:189} INFO - Processing /home/anhcu/Project/Stock_project/airflow_venv/lib/python3.8/site-packages/airflow/example_dags/example_kubernetes_executor_config.py took 0.020 seconds
[2024-06-10 10:25:16,895] {scheduler_job.py:181} INFO - Started process (PID=75222) to work on /home/anhcu/Project/Stock_project/airflow_venv/lib/python3.8/site-packages/airflow/example_dags/example_kubernetes_executor_config.py
[2024-06-10 10:25:16,897] {scheduler_job.py:629} INFO - Processing file /home/anhcu/Project/Stock_project/airflow_venv/lib/python3.8/site-packages/airflow/example_dags/example_kubernetes_executor_config.py for tasks to queue
[2024-06-10 10:25:16,897] {logging_mixin.py:103} INFO - [2024-06-10 10:25:16,897] {dagbag.py:440} INFO - Filling up the DagBag from /home/anhcu/Project/Stock_project/airflow_venv/lib/python3.8/site-packages/airflow/example_dags/example_kubernetes_executor_config.py
[2024-06-10 10:25:16,904] {logging_mixin.py:103} INFO - [2024-06-10 10:25:16,904] {example_kubernetes_executor_config.py:174} WARNING - Could not import DAGs in example_kubernetes_executor_config.py: No module named 'kubernetes'
[2024-06-10 10:25:16,904] {logging_mixin.py:103} INFO - [2024-06-10 10:25:16,904] {example_kubernetes_executor_config.py:175} WARNING - Install kubernetes dependencies with: pip install apache-airflow['cncf.kubernetes']
[2024-06-10 10:25:16,905] {scheduler_job.py:641} WARNING - No viable dags retrieved from /home/anhcu/Project/Stock_project/airflow_venv/lib/python3.8/site-packages/airflow/example_dags/example_kubernetes_executor_config.py
[2024-06-10 10:25:16,910] {scheduler_job.py:189} INFO - Processing /home/anhcu/Project/Stock_project/airflow_venv/lib/python3.8/site-packages/airflow/example_dags/example_kubernetes_executor_config.py took 0.018 seconds
[2024-06-10 10:25:47,178] {scheduler_job.py:181} INFO - Started process (PID=75493) to work on /home/anhcu/Project/Stock_project/airflow_venv/lib/python3.8/site-packages/airflow/example_dags/example_kubernetes_executor_config.py
[2024-06-10 10:25:47,180] {scheduler_job.py:629} INFO - Processing file /home/anhcu/Project/Stock_project/airflow_venv/lib/python3.8/site-packages/airflow/example_dags/example_kubernetes_executor_config.py for tasks to queue
[2024-06-10 10:25:47,180] {logging_mixin.py:103} INFO - [2024-06-10 10:25:47,180] {dagbag.py:440} INFO - Filling up the DagBag from /home/anhcu/Project/Stock_project/airflow_venv/lib/python3.8/site-packages/airflow/example_dags/example_kubernetes_executor_config.py
[2024-06-10 10:25:47,187] {logging_mixin.py:103} INFO - [2024-06-10 10:25:47,187] {example_kubernetes_executor_config.py:174} WARNING - Could not import DAGs in example_kubernetes_executor_config.py: No module named 'kubernetes'
[2024-06-10 10:25:47,187] {logging_mixin.py:103} INFO - [2024-06-10 10:25:47,187] {example_kubernetes_executor_config.py:175} WARNING - Install kubernetes dependencies with: pip install apache-airflow['cncf.kubernetes']
[2024-06-10 10:25:47,188] {scheduler_job.py:641} WARNING - No viable dags retrieved from /home/anhcu/Project/Stock_project/airflow_venv/lib/python3.8/site-packages/airflow/example_dags/example_kubernetes_executor_config.py
[2024-06-10 10:25:47,195] {scheduler_job.py:189} INFO - Processing /home/anhcu/Project/Stock_project/airflow_venv/lib/python3.8/site-packages/airflow/example_dags/example_kubernetes_executor_config.py took 0.020 seconds
[2024-06-10 10:26:15,087] {scheduler_job.py:181} INFO - Started process (PID=75706) to work on /home/anhcu/Project/Stock_project/airflow_venv/lib/python3.8/site-packages/airflow/example_dags/example_kubernetes_executor_config.py
[2024-06-10 10:26:15,089] {scheduler_job.py:629} INFO - Processing file /home/anhcu/Project/Stock_project/airflow_venv/lib/python3.8/site-packages/airflow/example_dags/example_kubernetes_executor_config.py for tasks to queue
[2024-06-10 10:26:15,090] {logging_mixin.py:103} INFO - [2024-06-10 10:26:15,090] {dagbag.py:440} INFO - Filling up the DagBag from /home/anhcu/Project/Stock_project/airflow_venv/lib/python3.8/site-packages/airflow/example_dags/example_kubernetes_executor_config.py
[2024-06-10 10:26:15,098] {logging_mixin.py:103} INFO - [2024-06-10 10:26:15,098] {example_kubernetes_executor_config.py:174} WARNING - Could not import DAGs in example_kubernetes_executor_config.py: No module named 'kubernetes'
[2024-06-10 10:26:15,098] {logging_mixin.py:103} INFO - [2024-06-10 10:26:15,098] {example_kubernetes_executor_config.py:175} WARNING - Install kubernetes dependencies with: pip install apache-airflow['cncf.kubernetes']
[2024-06-10 10:26:15,099] {scheduler_job.py:641} WARNING - No viable dags retrieved from /home/anhcu/Project/Stock_project/airflow_venv/lib/python3.8/site-packages/airflow/example_dags/example_kubernetes_executor_config.py
[2024-06-10 10:26:15,107] {scheduler_job.py:189} INFO - Processing /home/anhcu/Project/Stock_project/airflow_venv/lib/python3.8/site-packages/airflow/example_dags/example_kubernetes_executor_config.py took 0.027 seconds
[2024-06-10 10:26:42,901] {scheduler_job.py:181} INFO - Started process (PID=75900) to work on /home/anhcu/Project/Stock_project/airflow_venv/lib/python3.8/site-packages/airflow/example_dags/example_kubernetes_executor_config.py
[2024-06-10 10:26:42,902] {scheduler_job.py:629} INFO - Processing file /home/anhcu/Project/Stock_project/airflow_venv/lib/python3.8/site-packages/airflow/example_dags/example_kubernetes_executor_config.py for tasks to queue
[2024-06-10 10:26:42,903] {logging_mixin.py:103} INFO - [2024-06-10 10:26:42,903] {dagbag.py:440} INFO - Filling up the DagBag from /home/anhcu/Project/Stock_project/airflow_venv/lib/python3.8/site-packages/airflow/example_dags/example_kubernetes_executor_config.py
[2024-06-10 10:26:42,909] {logging_mixin.py:103} INFO - [2024-06-10 10:26:42,909] {example_kubernetes_executor_config.py:174} WARNING - Could not import DAGs in example_kubernetes_executor_config.py: No module named 'kubernetes'
[2024-06-10 10:26:42,910] {logging_mixin.py:103} INFO - [2024-06-10 10:26:42,910] {example_kubernetes_executor_config.py:175} WARNING - Install kubernetes dependencies with: pip install apache-airflow['cncf.kubernetes']
[2024-06-10 10:26:42,910] {scheduler_job.py:641} WARNING - No viable dags retrieved from /home/anhcu/Project/Stock_project/airflow_venv/lib/python3.8/site-packages/airflow/example_dags/example_kubernetes_executor_config.py
[2024-06-10 10:26:42,917] {scheduler_job.py:189} INFO - Processing /home/anhcu/Project/Stock_project/airflow_venv/lib/python3.8/site-packages/airflow/example_dags/example_kubernetes_executor_config.py took 0.020 seconds
[2024-06-10 10:27:10,122] {scheduler_job.py:181} INFO - Started process (PID=76019) to work on /home/anhcu/Project/Stock_project/airflow_venv/lib/python3.8/site-packages/airflow/example_dags/example_kubernetes_executor_config.py
[2024-06-10 10:27:10,123] {scheduler_job.py:629} INFO - Processing file /home/anhcu/Project/Stock_project/airflow_venv/lib/python3.8/site-packages/airflow/example_dags/example_kubernetes_executor_config.py for tasks to queue
[2024-06-10 10:27:10,124] {logging_mixin.py:103} INFO - [2024-06-10 10:27:10,124] {dagbag.py:440} INFO - Filling up the DagBag from /home/anhcu/Project/Stock_project/airflow_venv/lib/python3.8/site-packages/airflow/example_dags/example_kubernetes_executor_config.py
[2024-06-10 10:27:10,132] {logging_mixin.py:103} INFO - [2024-06-10 10:27:10,131] {example_kubernetes_executor_config.py:174} WARNING - Could not import DAGs in example_kubernetes_executor_config.py: No module named 'kubernetes'
[2024-06-10 10:27:10,132] {logging_mixin.py:103} INFO - [2024-06-10 10:27:10,132] {example_kubernetes_executor_config.py:175} WARNING - Install kubernetes dependencies with: pip install apache-airflow['cncf.kubernetes']
[2024-06-10 10:27:10,132] {scheduler_job.py:641} WARNING - No viable dags retrieved from /home/anhcu/Project/Stock_project/airflow_venv/lib/python3.8/site-packages/airflow/example_dags/example_kubernetes_executor_config.py
[2024-06-10 10:27:10,141] {scheduler_job.py:189} INFO - Processing /home/anhcu/Project/Stock_project/airflow_venv/lib/python3.8/site-packages/airflow/example_dags/example_kubernetes_executor_config.py took 0.024 seconds
[2024-06-10 10:27:38,495] {scheduler_job.py:181} INFO - Started process (PID=76154) to work on /home/anhcu/Project/Stock_project/airflow_venv/lib/python3.8/site-packages/airflow/example_dags/example_kubernetes_executor_config.py
[2024-06-10 10:27:38,497] {scheduler_job.py:629} INFO - Processing file /home/anhcu/Project/Stock_project/airflow_venv/lib/python3.8/site-packages/airflow/example_dags/example_kubernetes_executor_config.py for tasks to queue
[2024-06-10 10:27:38,498] {logging_mixin.py:103} INFO - [2024-06-10 10:27:38,498] {dagbag.py:440} INFO - Filling up the DagBag from /home/anhcu/Project/Stock_project/airflow_venv/lib/python3.8/site-packages/airflow/example_dags/example_kubernetes_executor_config.py
[2024-06-10 10:27:38,507] {logging_mixin.py:103} INFO - [2024-06-10 10:27:38,507] {example_kubernetes_executor_config.py:174} WARNING - Could not import DAGs in example_kubernetes_executor_config.py: No module named 'kubernetes'
[2024-06-10 10:27:38,508] {logging_mixin.py:103} INFO - [2024-06-10 10:27:38,508] {example_kubernetes_executor_config.py:175} WARNING - Install kubernetes dependencies with: pip install apache-airflow['cncf.kubernetes']
[2024-06-10 10:27:38,509] {scheduler_job.py:641} WARNING - No viable dags retrieved from /home/anhcu/Project/Stock_project/airflow_venv/lib/python3.8/site-packages/airflow/example_dags/example_kubernetes_executor_config.py
[2024-06-10 10:27:38,518] {scheduler_job.py:189} INFO - Processing /home/anhcu/Project/Stock_project/airflow_venv/lib/python3.8/site-packages/airflow/example_dags/example_kubernetes_executor_config.py took 0.034 seconds
[2024-06-10 10:28:06,718] {scheduler_job.py:181} INFO - Started process (PID=76290) to work on /home/anhcu/Project/Stock_project/airflow_venv/lib/python3.8/site-packages/airflow/example_dags/example_kubernetes_executor_config.py
[2024-06-10 10:28:06,720] {scheduler_job.py:629} INFO - Processing file /home/anhcu/Project/Stock_project/airflow_venv/lib/python3.8/site-packages/airflow/example_dags/example_kubernetes_executor_config.py for tasks to queue
[2024-06-10 10:28:06,721] {logging_mixin.py:103} INFO - [2024-06-10 10:28:06,721] {dagbag.py:440} INFO - Filling up the DagBag from /home/anhcu/Project/Stock_project/airflow_venv/lib/python3.8/site-packages/airflow/example_dags/example_kubernetes_executor_config.py
[2024-06-10 10:28:06,728] {logging_mixin.py:103} INFO - [2024-06-10 10:28:06,728] {example_kubernetes_executor_config.py:174} WARNING - Could not import DAGs in example_kubernetes_executor_config.py: No module named 'kubernetes'
[2024-06-10 10:28:06,728] {logging_mixin.py:103} INFO - [2024-06-10 10:28:06,728] {example_kubernetes_executor_config.py:175} WARNING - Install kubernetes dependencies with: pip install apache-airflow['cncf.kubernetes']
[2024-06-10 10:28:06,728] {scheduler_job.py:641} WARNING - No viable dags retrieved from /home/anhcu/Project/Stock_project/airflow_venv/lib/python3.8/site-packages/airflow/example_dags/example_kubernetes_executor_config.py
[2024-06-10 10:28:06,735] {scheduler_job.py:189} INFO - Processing /home/anhcu/Project/Stock_project/airflow_venv/lib/python3.8/site-packages/airflow/example_dags/example_kubernetes_executor_config.py took 0.022 seconds
[2024-06-10 10:28:34,648] {scheduler_job.py:181} INFO - Started process (PID=76444) to work on /home/anhcu/Project/Stock_project/airflow_venv/lib/python3.8/site-packages/airflow/example_dags/example_kubernetes_executor_config.py
[2024-06-10 10:28:34,650] {scheduler_job.py:629} INFO - Processing file /home/anhcu/Project/Stock_project/airflow_venv/lib/python3.8/site-packages/airflow/example_dags/example_kubernetes_executor_config.py for tasks to queue
[2024-06-10 10:28:34,651] {logging_mixin.py:103} INFO - [2024-06-10 10:28:34,651] {dagbag.py:440} INFO - Filling up the DagBag from /home/anhcu/Project/Stock_project/airflow_venv/lib/python3.8/site-packages/airflow/example_dags/example_kubernetes_executor_config.py
[2024-06-10 10:28:34,658] {logging_mixin.py:103} INFO - [2024-06-10 10:28:34,658] {example_kubernetes_executor_config.py:174} WARNING - Could not import DAGs in example_kubernetes_executor_config.py: No module named 'kubernetes'
[2024-06-10 10:28:34,658] {logging_mixin.py:103} INFO - [2024-06-10 10:28:34,658] {example_kubernetes_executor_config.py:175} WARNING - Install kubernetes dependencies with: pip install apache-airflow['cncf.kubernetes']
[2024-06-10 10:28:34,659] {scheduler_job.py:641} WARNING - No viable dags retrieved from /home/anhcu/Project/Stock_project/airflow_venv/lib/python3.8/site-packages/airflow/example_dags/example_kubernetes_executor_config.py
[2024-06-10 10:28:34,666] {scheduler_job.py:189} INFO - Processing /home/anhcu/Project/Stock_project/airflow_venv/lib/python3.8/site-packages/airflow/example_dags/example_kubernetes_executor_config.py took 0.022 seconds
[2024-06-10 10:29:01,642] {scheduler_job.py:181} INFO - Started process (PID=76669) to work on /home/anhcu/Project/Stock_project/airflow_venv/lib/python3.8/site-packages/airflow/example_dags/example_kubernetes_executor_config.py
[2024-06-10 10:29:01,645] {scheduler_job.py:629} INFO - Processing file /home/anhcu/Project/Stock_project/airflow_venv/lib/python3.8/site-packages/airflow/example_dags/example_kubernetes_executor_config.py for tasks to queue
[2024-06-10 10:29:01,645] {logging_mixin.py:103} INFO - [2024-06-10 10:29:01,645] {dagbag.py:440} INFO - Filling up the DagBag from /home/anhcu/Project/Stock_project/airflow_venv/lib/python3.8/site-packages/airflow/example_dags/example_kubernetes_executor_config.py
[2024-06-10 10:29:01,653] {logging_mixin.py:103} INFO - [2024-06-10 10:29:01,653] {example_kubernetes_executor_config.py:174} WARNING - Could not import DAGs in example_kubernetes_executor_config.py: No module named 'kubernetes'
[2024-06-10 10:29:01,654] {logging_mixin.py:103} INFO - [2024-06-10 10:29:01,653] {example_kubernetes_executor_config.py:175} WARNING - Install kubernetes dependencies with: pip install apache-airflow['cncf.kubernetes']
[2024-06-10 10:29:01,654] {scheduler_job.py:641} WARNING - No viable dags retrieved from /home/anhcu/Project/Stock_project/airflow_venv/lib/python3.8/site-packages/airflow/example_dags/example_kubernetes_executor_config.py
[2024-06-10 10:29:01,662] {scheduler_job.py:189} INFO - Processing /home/anhcu/Project/Stock_project/airflow_venv/lib/python3.8/site-packages/airflow/example_dags/example_kubernetes_executor_config.py took 0.025 seconds
[2024-06-10 10:29:29,613] {scheduler_job.py:181} INFO - Started process (PID=76824) to work on /home/anhcu/Project/Stock_project/airflow_venv/lib/python3.8/site-packages/airflow/example_dags/example_kubernetes_executor_config.py
[2024-06-10 10:29:29,614] {scheduler_job.py:629} INFO - Processing file /home/anhcu/Project/Stock_project/airflow_venv/lib/python3.8/site-packages/airflow/example_dags/example_kubernetes_executor_config.py for tasks to queue
[2024-06-10 10:29:29,616] {logging_mixin.py:103} INFO - [2024-06-10 10:29:29,616] {dagbag.py:440} INFO - Filling up the DagBag from /home/anhcu/Project/Stock_project/airflow_venv/lib/python3.8/site-packages/airflow/example_dags/example_kubernetes_executor_config.py
[2024-06-10 10:29:29,622] {logging_mixin.py:103} INFO - [2024-06-10 10:29:29,622] {example_kubernetes_executor_config.py:174} WARNING - Could not import DAGs in example_kubernetes_executor_config.py: No module named 'kubernetes'
[2024-06-10 10:29:29,622] {logging_mixin.py:103} INFO - [2024-06-10 10:29:29,622] {example_kubernetes_executor_config.py:175} WARNING - Install kubernetes dependencies with: pip install apache-airflow['cncf.kubernetes']
[2024-06-10 10:29:29,622] {scheduler_job.py:641} WARNING - No viable dags retrieved from /home/anhcu/Project/Stock_project/airflow_venv/lib/python3.8/site-packages/airflow/example_dags/example_kubernetes_executor_config.py
[2024-06-10 10:29:29,629] {scheduler_job.py:189} INFO - Processing /home/anhcu/Project/Stock_project/airflow_venv/lib/python3.8/site-packages/airflow/example_dags/example_kubernetes_executor_config.py took 0.021 seconds
[2024-06-10 10:29:57,855] {scheduler_job.py:181} INFO - Started process (PID=76980) to work on /home/anhcu/Project/Stock_project/airflow_venv/lib/python3.8/site-packages/airflow/example_dags/example_kubernetes_executor_config.py
[2024-06-10 10:29:57,857] {scheduler_job.py:629} INFO - Processing file /home/anhcu/Project/Stock_project/airflow_venv/lib/python3.8/site-packages/airflow/example_dags/example_kubernetes_executor_config.py for tasks to queue
[2024-06-10 10:29:57,858] {logging_mixin.py:103} INFO - [2024-06-10 10:29:57,857] {dagbag.py:440} INFO - Filling up the DagBag from /home/anhcu/Project/Stock_project/airflow_venv/lib/python3.8/site-packages/airflow/example_dags/example_kubernetes_executor_config.py
[2024-06-10 10:29:57,864] {logging_mixin.py:103} INFO - [2024-06-10 10:29:57,864] {example_kubernetes_executor_config.py:174} WARNING - Could not import DAGs in example_kubernetes_executor_config.py: No module named 'kubernetes'
[2024-06-10 10:29:57,864] {logging_mixin.py:103} INFO - [2024-06-10 10:29:57,864] {example_kubernetes_executor_config.py:175} WARNING - Install kubernetes dependencies with: pip install apache-airflow['cncf.kubernetes']
[2024-06-10 10:29:57,864] {scheduler_job.py:641} WARNING - No viable dags retrieved from /home/anhcu/Project/Stock_project/airflow_venv/lib/python3.8/site-packages/airflow/example_dags/example_kubernetes_executor_config.py
[2024-06-10 10:29:57,871] {scheduler_job.py:189} INFO - Processing /home/anhcu/Project/Stock_project/airflow_venv/lib/python3.8/site-packages/airflow/example_dags/example_kubernetes_executor_config.py took 0.021 seconds
[2024-06-10 10:30:24,158] {scheduler_job.py:181} INFO - Started process (PID=77138) to work on /home/anhcu/Project/Stock_project/airflow_venv/lib/python3.8/site-packages/airflow/example_dags/example_kubernetes_executor_config.py
[2024-06-10 10:30:24,161] {scheduler_job.py:629} INFO - Processing file /home/anhcu/Project/Stock_project/airflow_venv/lib/python3.8/site-packages/airflow/example_dags/example_kubernetes_executor_config.py for tasks to queue
[2024-06-10 10:30:24,162] {logging_mixin.py:103} INFO - [2024-06-10 10:30:24,161] {dagbag.py:440} INFO - Filling up the DagBag from /home/anhcu/Project/Stock_project/airflow_venv/lib/python3.8/site-packages/airflow/example_dags/example_kubernetes_executor_config.py
[2024-06-10 10:30:24,168] {logging_mixin.py:103} INFO - [2024-06-10 10:30:24,168] {example_kubernetes_executor_config.py:174} WARNING - Could not import DAGs in example_kubernetes_executor_config.py: No module named 'kubernetes'
[2024-06-10 10:30:24,168] {logging_mixin.py:103} INFO - [2024-06-10 10:30:24,168] {example_kubernetes_executor_config.py:175} WARNING - Install kubernetes dependencies with: pip install apache-airflow['cncf.kubernetes']
[2024-06-10 10:30:24,169] {scheduler_job.py:641} WARNING - No viable dags retrieved from /home/anhcu/Project/Stock_project/airflow_venv/lib/python3.8/site-packages/airflow/example_dags/example_kubernetes_executor_config.py
[2024-06-10 10:30:24,175] {scheduler_job.py:189} INFO - Processing /home/anhcu/Project/Stock_project/airflow_venv/lib/python3.8/site-packages/airflow/example_dags/example_kubernetes_executor_config.py took 0.021 seconds
[2024-06-10 10:30:51,386] {scheduler_job.py:181} INFO - Started process (PID=77258) to work on /home/anhcu/Project/Stock_project/airflow_venv/lib/python3.8/site-packages/airflow/example_dags/example_kubernetes_executor_config.py
[2024-06-10 10:30:51,387] {scheduler_job.py:629} INFO - Processing file /home/anhcu/Project/Stock_project/airflow_venv/lib/python3.8/site-packages/airflow/example_dags/example_kubernetes_executor_config.py for tasks to queue
[2024-06-10 10:30:51,388] {logging_mixin.py:103} INFO - [2024-06-10 10:30:51,388] {dagbag.py:440} INFO - Filling up the DagBag from /home/anhcu/Project/Stock_project/airflow_venv/lib/python3.8/site-packages/airflow/example_dags/example_kubernetes_executor_config.py
[2024-06-10 10:30:51,396] {logging_mixin.py:103} INFO - [2024-06-10 10:30:51,396] {example_kubernetes_executor_config.py:174} WARNING - Could not import DAGs in example_kubernetes_executor_config.py: No module named 'kubernetes'
[2024-06-10 10:30:51,396] {logging_mixin.py:103} INFO - [2024-06-10 10:30:51,396] {example_kubernetes_executor_config.py:175} WARNING - Install kubernetes dependencies with: pip install apache-airflow['cncf.kubernetes']
[2024-06-10 10:30:51,397] {scheduler_job.py:641} WARNING - No viable dags retrieved from /home/anhcu/Project/Stock_project/airflow_venv/lib/python3.8/site-packages/airflow/example_dags/example_kubernetes_executor_config.py
[2024-06-10 10:30:51,411] {scheduler_job.py:189} INFO - Processing /home/anhcu/Project/Stock_project/airflow_venv/lib/python3.8/site-packages/airflow/example_dags/example_kubernetes_executor_config.py took 0.029 seconds
[2024-06-10 10:31:18,728] {scheduler_job.py:181} INFO - Started process (PID=77392) to work on /home/anhcu/Project/Stock_project/airflow_venv/lib/python3.8/site-packages/airflow/example_dags/example_kubernetes_executor_config.py
[2024-06-10 10:31:18,730] {scheduler_job.py:629} INFO - Processing file /home/anhcu/Project/Stock_project/airflow_venv/lib/python3.8/site-packages/airflow/example_dags/example_kubernetes_executor_config.py for tasks to queue
[2024-06-10 10:31:18,731] {logging_mixin.py:103} INFO - [2024-06-10 10:31:18,731] {dagbag.py:440} INFO - Filling up the DagBag from /home/anhcu/Project/Stock_project/airflow_venv/lib/python3.8/site-packages/airflow/example_dags/example_kubernetes_executor_config.py
[2024-06-10 10:31:18,739] {logging_mixin.py:103} INFO - [2024-06-10 10:31:18,739] {example_kubernetes_executor_config.py:174} WARNING - Could not import DAGs in example_kubernetes_executor_config.py: No module named 'kubernetes'
[2024-06-10 10:31:18,739] {logging_mixin.py:103} INFO - [2024-06-10 10:31:18,739] {example_kubernetes_executor_config.py:175} WARNING - Install kubernetes dependencies with: pip install apache-airflow['cncf.kubernetes']
[2024-06-10 10:31:18,739] {scheduler_job.py:641} WARNING - No viable dags retrieved from /home/anhcu/Project/Stock_project/airflow_venv/lib/python3.8/site-packages/airflow/example_dags/example_kubernetes_executor_config.py
[2024-06-10 10:31:18,747] {scheduler_job.py:189} INFO - Processing /home/anhcu/Project/Stock_project/airflow_venv/lib/python3.8/site-packages/airflow/example_dags/example_kubernetes_executor_config.py took 0.024 seconds
[2024-06-10 10:31:46,945] {scheduler_job.py:181} INFO - Started process (PID=77532) to work on /home/anhcu/Project/Stock_project/airflow_venv/lib/python3.8/site-packages/airflow/example_dags/example_kubernetes_executor_config.py
[2024-06-10 10:31:46,946] {scheduler_job.py:629} INFO - Processing file /home/anhcu/Project/Stock_project/airflow_venv/lib/python3.8/site-packages/airflow/example_dags/example_kubernetes_executor_config.py for tasks to queue
[2024-06-10 10:31:46,947] {logging_mixin.py:103} INFO - [2024-06-10 10:31:46,947] {dagbag.py:440} INFO - Filling up the DagBag from /home/anhcu/Project/Stock_project/airflow_venv/lib/python3.8/site-packages/airflow/example_dags/example_kubernetes_executor_config.py
[2024-06-10 10:31:46,954] {logging_mixin.py:103} INFO - [2024-06-10 10:31:46,954] {example_kubernetes_executor_config.py:174} WARNING - Could not import DAGs in example_kubernetes_executor_config.py: No module named 'kubernetes'
[2024-06-10 10:31:46,955] {logging_mixin.py:103} INFO - [2024-06-10 10:31:46,955] {example_kubernetes_executor_config.py:175} WARNING - Install kubernetes dependencies with: pip install apache-airflow['cncf.kubernetes']
[2024-06-10 10:31:46,955] {scheduler_job.py:641} WARNING - No viable dags retrieved from /home/anhcu/Project/Stock_project/airflow_venv/lib/python3.8/site-packages/airflow/example_dags/example_kubernetes_executor_config.py
[2024-06-10 10:31:46,982] {scheduler_job.py:189} INFO - Processing /home/anhcu/Project/Stock_project/airflow_venv/lib/python3.8/site-packages/airflow/example_dags/example_kubernetes_executor_config.py took 0.042 seconds
[2024-06-10 10:32:16,141] {scheduler_job.py:181} INFO - Started process (PID=77688) to work on /home/anhcu/Project/Stock_project/airflow_venv/lib/python3.8/site-packages/airflow/example_dags/example_kubernetes_executor_config.py
[2024-06-10 10:32:16,143] {scheduler_job.py:629} INFO - Processing file /home/anhcu/Project/Stock_project/airflow_venv/lib/python3.8/site-packages/airflow/example_dags/example_kubernetes_executor_config.py for tasks to queue
[2024-06-10 10:32:16,144] {logging_mixin.py:103} INFO - [2024-06-10 10:32:16,144] {dagbag.py:440} INFO - Filling up the DagBag from /home/anhcu/Project/Stock_project/airflow_venv/lib/python3.8/site-packages/airflow/example_dags/example_kubernetes_executor_config.py
[2024-06-10 10:32:16,152] {logging_mixin.py:103} INFO - [2024-06-10 10:32:16,152] {example_kubernetes_executor_config.py:174} WARNING - Could not import DAGs in example_kubernetes_executor_config.py: No module named 'kubernetes'
[2024-06-10 10:32:16,153] {logging_mixin.py:103} INFO - [2024-06-10 10:32:16,153] {example_kubernetes_executor_config.py:175} WARNING - Install kubernetes dependencies with: pip install apache-airflow['cncf.kubernetes']
[2024-06-10 10:32:16,153] {scheduler_job.py:641} WARNING - No viable dags retrieved from /home/anhcu/Project/Stock_project/airflow_venv/lib/python3.8/site-packages/airflow/example_dags/example_kubernetes_executor_config.py
[2024-06-10 10:32:16,168] {scheduler_job.py:189} INFO - Processing /home/anhcu/Project/Stock_project/airflow_venv/lib/python3.8/site-packages/airflow/example_dags/example_kubernetes_executor_config.py took 0.032 seconds
[2024-06-10 10:32:43,604] {scheduler_job.py:181} INFO - Started process (PID=77878) to work on /home/anhcu/Project/Stock_project/airflow_venv/lib/python3.8/site-packages/airflow/example_dags/example_kubernetes_executor_config.py
[2024-06-10 10:32:43,606] {scheduler_job.py:629} INFO - Processing file /home/anhcu/Project/Stock_project/airflow_venv/lib/python3.8/site-packages/airflow/example_dags/example_kubernetes_executor_config.py for tasks to queue
[2024-06-10 10:32:43,607] {logging_mixin.py:103} INFO - [2024-06-10 10:32:43,607] {dagbag.py:440} INFO - Filling up the DagBag from /home/anhcu/Project/Stock_project/airflow_venv/lib/python3.8/site-packages/airflow/example_dags/example_kubernetes_executor_config.py
[2024-06-10 10:32:43,614] {logging_mixin.py:103} INFO - [2024-06-10 10:32:43,614] {example_kubernetes_executor_config.py:174} WARNING - Could not import DAGs in example_kubernetes_executor_config.py: No module named 'kubernetes'
[2024-06-10 10:32:43,615] {logging_mixin.py:103} INFO - [2024-06-10 10:32:43,615] {example_kubernetes_executor_config.py:175} WARNING - Install kubernetes dependencies with: pip install apache-airflow['cncf.kubernetes']
[2024-06-10 10:32:43,615] {scheduler_job.py:641} WARNING - No viable dags retrieved from /home/anhcu/Project/Stock_project/airflow_venv/lib/python3.8/site-packages/airflow/example_dags/example_kubernetes_executor_config.py
[2024-06-10 10:32:43,622] {scheduler_job.py:189} INFO - Processing /home/anhcu/Project/Stock_project/airflow_venv/lib/python3.8/site-packages/airflow/example_dags/example_kubernetes_executor_config.py took 0.022 seconds
[2024-06-10 10:33:10,915] {scheduler_job.py:181} INFO - Started process (PID=78110) to work on /home/anhcu/Project/Stock_project/airflow_venv/lib/python3.8/site-packages/airflow/example_dags/example_kubernetes_executor_config.py
[2024-06-10 10:33:10,916] {scheduler_job.py:629} INFO - Processing file /home/anhcu/Project/Stock_project/airflow_venv/lib/python3.8/site-packages/airflow/example_dags/example_kubernetes_executor_config.py for tasks to queue
[2024-06-10 10:33:10,917] {logging_mixin.py:103} INFO - [2024-06-10 10:33:10,917] {dagbag.py:440} INFO - Filling up the DagBag from /home/anhcu/Project/Stock_project/airflow_venv/lib/python3.8/site-packages/airflow/example_dags/example_kubernetes_executor_config.py
[2024-06-10 10:33:10,924] {logging_mixin.py:103} INFO - [2024-06-10 10:33:10,924] {example_kubernetes_executor_config.py:174} WARNING - Could not import DAGs in example_kubernetes_executor_config.py: No module named 'kubernetes'
[2024-06-10 10:33:10,924] {logging_mixin.py:103} INFO - [2024-06-10 10:33:10,924] {example_kubernetes_executor_config.py:175} WARNING - Install kubernetes dependencies with: pip install apache-airflow['cncf.kubernetes']
[2024-06-10 10:33:10,925] {scheduler_job.py:641} WARNING - No viable dags retrieved from /home/anhcu/Project/Stock_project/airflow_venv/lib/python3.8/site-packages/airflow/example_dags/example_kubernetes_executor_config.py
[2024-06-10 10:33:10,932] {scheduler_job.py:189} INFO - Processing /home/anhcu/Project/Stock_project/airflow_venv/lib/python3.8/site-packages/airflow/example_dags/example_kubernetes_executor_config.py took 0.021 seconds
[2024-06-10 10:33:38,123] {scheduler_job.py:181} INFO - Started process (PID=78264) to work on /home/anhcu/Project/Stock_project/airflow_venv/lib/python3.8/site-packages/airflow/example_dags/example_kubernetes_executor_config.py
[2024-06-10 10:33:38,124] {scheduler_job.py:629} INFO - Processing file /home/anhcu/Project/Stock_project/airflow_venv/lib/python3.8/site-packages/airflow/example_dags/example_kubernetes_executor_config.py for tasks to queue
[2024-06-10 10:33:38,125] {logging_mixin.py:103} INFO - [2024-06-10 10:33:38,125] {dagbag.py:440} INFO - Filling up the DagBag from /home/anhcu/Project/Stock_project/airflow_venv/lib/python3.8/site-packages/airflow/example_dags/example_kubernetes_executor_config.py
[2024-06-10 10:33:38,132] {logging_mixin.py:103} INFO - [2024-06-10 10:33:38,132] {example_kubernetes_executor_config.py:174} WARNING - Could not import DAGs in example_kubernetes_executor_config.py: No module named 'kubernetes'
[2024-06-10 10:33:38,132] {logging_mixin.py:103} INFO - [2024-06-10 10:33:38,132] {example_kubernetes_executor_config.py:175} WARNING - Install kubernetes dependencies with: pip install apache-airflow['cncf.kubernetes']
[2024-06-10 10:33:38,133] {scheduler_job.py:641} WARNING - No viable dags retrieved from /home/anhcu/Project/Stock_project/airflow_venv/lib/python3.8/site-packages/airflow/example_dags/example_kubernetes_executor_config.py
[2024-06-10 10:33:38,149] {scheduler_job.py:189} INFO - Processing /home/anhcu/Project/Stock_project/airflow_venv/lib/python3.8/site-packages/airflow/example_dags/example_kubernetes_executor_config.py took 0.031 seconds
[2024-06-10 10:34:06,599] {scheduler_job.py:181} INFO - Started process (PID=78424) to work on /home/anhcu/Project/Stock_project/airflow_venv/lib/python3.8/site-packages/airflow/example_dags/example_kubernetes_executor_config.py
[2024-06-10 10:34:06,601] {scheduler_job.py:629} INFO - Processing file /home/anhcu/Project/Stock_project/airflow_venv/lib/python3.8/site-packages/airflow/example_dags/example_kubernetes_executor_config.py for tasks to queue
[2024-06-10 10:34:06,601] {logging_mixin.py:103} INFO - [2024-06-10 10:34:06,601] {dagbag.py:440} INFO - Filling up the DagBag from /home/anhcu/Project/Stock_project/airflow_venv/lib/python3.8/site-packages/airflow/example_dags/example_kubernetes_executor_config.py
[2024-06-10 10:34:06,611] {logging_mixin.py:103} INFO - [2024-06-10 10:34:06,611] {example_kubernetes_executor_config.py:174} WARNING - Could not import DAGs in example_kubernetes_executor_config.py: No module named 'kubernetes'
[2024-06-10 10:34:06,612] {logging_mixin.py:103} INFO - [2024-06-10 10:34:06,611] {example_kubernetes_executor_config.py:175} WARNING - Install kubernetes dependencies with: pip install apache-airflow['cncf.kubernetes']
[2024-06-10 10:34:06,612] {scheduler_job.py:641} WARNING - No viable dags retrieved from /home/anhcu/Project/Stock_project/airflow_venv/lib/python3.8/site-packages/airflow/example_dags/example_kubernetes_executor_config.py
[2024-06-10 10:34:06,637] {scheduler_job.py:189} INFO - Processing /home/anhcu/Project/Stock_project/airflow_venv/lib/python3.8/site-packages/airflow/example_dags/example_kubernetes_executor_config.py took 0.043 seconds
[2024-06-10 10:34:33,849] {scheduler_job.py:181} INFO - Started process (PID=78615) to work on /home/anhcu/Project/Stock_project/airflow_venv/lib/python3.8/site-packages/airflow/example_dags/example_kubernetes_executor_config.py
[2024-06-10 10:34:33,851] {scheduler_job.py:629} INFO - Processing file /home/anhcu/Project/Stock_project/airflow_venv/lib/python3.8/site-packages/airflow/example_dags/example_kubernetes_executor_config.py for tasks to queue
[2024-06-10 10:34:33,852] {logging_mixin.py:103} INFO - [2024-06-10 10:34:33,852] {dagbag.py:440} INFO - Filling up the DagBag from /home/anhcu/Project/Stock_project/airflow_venv/lib/python3.8/site-packages/airflow/example_dags/example_kubernetes_executor_config.py
[2024-06-10 10:34:33,860] {logging_mixin.py:103} INFO - [2024-06-10 10:34:33,859] {example_kubernetes_executor_config.py:174} WARNING - Could not import DAGs in example_kubernetes_executor_config.py: No module named 'kubernetes'
[2024-06-10 10:34:33,860] {logging_mixin.py:103} INFO - [2024-06-10 10:34:33,860] {example_kubernetes_executor_config.py:175} WARNING - Install kubernetes dependencies with: pip install apache-airflow['cncf.kubernetes']
[2024-06-10 10:34:33,861] {scheduler_job.py:641} WARNING - No viable dags retrieved from /home/anhcu/Project/Stock_project/airflow_venv/lib/python3.8/site-packages/airflow/example_dags/example_kubernetes_executor_config.py
[2024-06-10 10:34:33,871] {scheduler_job.py:189} INFO - Processing /home/anhcu/Project/Stock_project/airflow_venv/lib/python3.8/site-packages/airflow/example_dags/example_kubernetes_executor_config.py took 0.025 seconds
[2024-06-10 10:35:01,601] {scheduler_job.py:181} INFO - Started process (PID=78817) to work on /home/anhcu/Project/Stock_project/airflow_venv/lib/python3.8/site-packages/airflow/example_dags/example_kubernetes_executor_config.py
[2024-06-10 10:35:01,602] {scheduler_job.py:629} INFO - Processing file /home/anhcu/Project/Stock_project/airflow_venv/lib/python3.8/site-packages/airflow/example_dags/example_kubernetes_executor_config.py for tasks to queue
[2024-06-10 10:35:01,603] {logging_mixin.py:103} INFO - [2024-06-10 10:35:01,603] {dagbag.py:440} INFO - Filling up the DagBag from /home/anhcu/Project/Stock_project/airflow_venv/lib/python3.8/site-packages/airflow/example_dags/example_kubernetes_executor_config.py
[2024-06-10 10:35:01,610] {logging_mixin.py:103} INFO - [2024-06-10 10:35:01,610] {example_kubernetes_executor_config.py:174} WARNING - Could not import DAGs in example_kubernetes_executor_config.py: No module named 'kubernetes'
[2024-06-10 10:35:01,611] {logging_mixin.py:103} INFO - [2024-06-10 10:35:01,611] {example_kubernetes_executor_config.py:175} WARNING - Install kubernetes dependencies with: pip install apache-airflow['cncf.kubernetes']
[2024-06-10 10:35:01,611] {scheduler_job.py:641} WARNING - No viable dags retrieved from /home/anhcu/Project/Stock_project/airflow_venv/lib/python3.8/site-packages/airflow/example_dags/example_kubernetes_executor_config.py
[2024-06-10 10:35:01,618] {scheduler_job.py:189} INFO - Processing /home/anhcu/Project/Stock_project/airflow_venv/lib/python3.8/site-packages/airflow/example_dags/example_kubernetes_executor_config.py took 0.022 seconds
[2024-06-10 10:35:58,813] {scheduler_job.py:181} INFO - Started process (PID=79561) to work on /home/anhcu/Project/Stock_project/airflow_venv/lib/python3.8/site-packages/airflow/example_dags/example_kubernetes_executor_config.py
[2024-06-10 10:35:58,816] {scheduler_job.py:629} INFO - Processing file /home/anhcu/Project/Stock_project/airflow_venv/lib/python3.8/site-packages/airflow/example_dags/example_kubernetes_executor_config.py for tasks to queue
[2024-06-10 10:35:58,817] {logging_mixin.py:103} INFO - [2024-06-10 10:35:58,817] {dagbag.py:440} INFO - Filling up the DagBag from /home/anhcu/Project/Stock_project/airflow_venv/lib/python3.8/site-packages/airflow/example_dags/example_kubernetes_executor_config.py
[2024-06-10 10:35:58,824] {logging_mixin.py:103} INFO - [2024-06-10 10:35:58,824] {example_kubernetes_executor_config.py:174} WARNING - Could not import DAGs in example_kubernetes_executor_config.py: No module named 'kubernetes'
[2024-06-10 10:35:58,824] {logging_mixin.py:103} INFO - [2024-06-10 10:35:58,824] {example_kubernetes_executor_config.py:175} WARNING - Install kubernetes dependencies with: pip install apache-airflow['cncf.kubernetes']
[2024-06-10 10:35:58,824] {scheduler_job.py:641} WARNING - No viable dags retrieved from /home/anhcu/Project/Stock_project/airflow_venv/lib/python3.8/site-packages/airflow/example_dags/example_kubernetes_executor_config.py
[2024-06-10 10:35:58,832] {scheduler_job.py:189} INFO - Processing /home/anhcu/Project/Stock_project/airflow_venv/lib/python3.8/site-packages/airflow/example_dags/example_kubernetes_executor_config.py took 0.022 seconds
