[2024-06-10 09:58:45,912] {scheduler_job.py:181} INFO - Started process (PID=62846) to work on /home/anhcu/Project/Stock_project/airflow_venv/lib/python3.8/site-packages/airflow/example_dags/example_bash_operator.py
[2024-06-10 09:58:45,919] {scheduler_job.py:629} INFO - Processing file /home/anhcu/Project/Stock_project/airflow_venv/lib/python3.8/site-packages/airflow/example_dags/example_bash_operator.py for tasks to queue
[2024-06-10 09:58:45,920] {logging_mixin.py:103} INFO - [2024-06-10 09:58:45,920] {dagbag.py:440} INFO - Filling up the DagBag from /home/anhcu/Project/Stock_project/airflow_venv/lib/python3.8/site-packages/airflow/example_dags/example_bash_operator.py
[2024-06-10 09:58:45,965] {scheduler_job.py:639} INFO - DAG(s) dict_keys(['example_bash_operator']) retrieved from /home/anhcu/Project/Stock_project/airflow_venv/lib/python3.8/site-packages/airflow/example_dags/example_bash_operator.py
[2024-06-10 09:58:45,966] {logging_mixin.py:103} INFO - [2024-06-10 09:58:45,966] {dag.py:1813} INFO - Sync 1 DAGs
[2024-06-10 09:58:46,160] {logging_mixin.py:103} INFO - [2024-06-10 09:58:46,160] {dag.py:2266} INFO - Setting next_dagrun for example_bash_operator to 2024-06-08 00:00:00+00:00
[2024-06-10 09:58:46,209] {scheduler_job.py:189} INFO - Processing /home/anhcu/Project/Stock_project/airflow_venv/lib/python3.8/site-packages/airflow/example_dags/example_bash_operator.py took 0.301 seconds
[2024-06-10 09:59:42,409] {scheduler_job.py:181} INFO - Started process (PID=63140) to work on /home/anhcu/Project/Stock_project/airflow_venv/lib/python3.8/site-packages/airflow/example_dags/example_bash_operator.py
[2024-06-10 09:59:42,411] {scheduler_job.py:629} INFO - Processing file /home/anhcu/Project/Stock_project/airflow_venv/lib/python3.8/site-packages/airflow/example_dags/example_bash_operator.py for tasks to queue
[2024-06-10 09:59:42,413] {logging_mixin.py:103} INFO - [2024-06-10 09:59:42,413] {dagbag.py:440} INFO - Filling up the DagBag from /home/anhcu/Project/Stock_project/airflow_venv/lib/python3.8/site-packages/airflow/example_dags/example_bash_operator.py
[2024-06-10 09:59:42,429] {scheduler_job.py:639} INFO - DAG(s) dict_keys(['example_bash_operator']) retrieved from /home/anhcu/Project/Stock_project/airflow_venv/lib/python3.8/site-packages/airflow/example_dags/example_bash_operator.py
[2024-06-10 09:59:42,430] {logging_mixin.py:103} INFO - [2024-06-10 09:59:42,430] {dag.py:1813} INFO - Sync 1 DAGs
[2024-06-10 09:59:42,465] {logging_mixin.py:103} INFO - [2024-06-10 09:59:42,464] {dag.py:2266} INFO - Setting next_dagrun for example_bash_operator to 2024-06-08 00:00:00+00:00
[2024-06-10 09:59:42,487] {scheduler_job.py:189} INFO - Processing /home/anhcu/Project/Stock_project/airflow_venv/lib/python3.8/site-packages/airflow/example_dags/example_bash_operator.py took 0.083 seconds
[2024-06-10 10:00:30,409] {scheduler_job.py:181} INFO - Started process (PID=63447) to work on /home/anhcu/Project/Stock_project/airflow_venv/lib/python3.8/site-packages/airflow/example_dags/example_bash_operator.py
[2024-06-10 10:00:30,418] {scheduler_job.py:629} INFO - Processing file /home/anhcu/Project/Stock_project/airflow_venv/lib/python3.8/site-packages/airflow/example_dags/example_bash_operator.py for tasks to queue
[2024-06-10 10:00:30,427] {logging_mixin.py:103} INFO - [2024-06-10 10:00:30,426] {dagbag.py:440} INFO - Filling up the DagBag from /home/anhcu/Project/Stock_project/airflow_venv/lib/python3.8/site-packages/airflow/example_dags/example_bash_operator.py
[2024-06-10 10:00:30,452] {scheduler_job.py:639} INFO - DAG(s) dict_keys(['example_bash_operator']) retrieved from /home/anhcu/Project/Stock_project/airflow_venv/lib/python3.8/site-packages/airflow/example_dags/example_bash_operator.py
[2024-06-10 10:00:30,457] {logging_mixin.py:103} INFO - [2024-06-10 10:00:30,457] {dag.py:1813} INFO - Sync 1 DAGs
[2024-06-10 10:00:30,632] {logging_mixin.py:103} INFO - [2024-06-10 10:00:30,631] {dag.py:2266} INFO - Setting next_dagrun for example_bash_operator to 2024-06-08 00:00:00+00:00
[2024-06-10 10:00:30,655] {scheduler_job.py:189} INFO - Processing /home/anhcu/Project/Stock_project/airflow_venv/lib/python3.8/site-packages/airflow/example_dags/example_bash_operator.py took 0.250 seconds
[2024-06-10 10:01:15,640] {scheduler_job.py:181} INFO - Started process (PID=63753) to work on /home/anhcu/Project/Stock_project/airflow_venv/lib/python3.8/site-packages/airflow/example_dags/example_bash_operator.py
[2024-06-10 10:01:15,651] {scheduler_job.py:629} INFO - Processing file /home/anhcu/Project/Stock_project/airflow_venv/lib/python3.8/site-packages/airflow/example_dags/example_bash_operator.py for tasks to queue
[2024-06-10 10:01:15,653] {logging_mixin.py:103} INFO - [2024-06-10 10:01:15,652] {dagbag.py:440} INFO - Filling up the DagBag from /home/anhcu/Project/Stock_project/airflow_venv/lib/python3.8/site-packages/airflow/example_dags/example_bash_operator.py
[2024-06-10 10:01:15,680] {scheduler_job.py:639} INFO - DAG(s) dict_keys(['example_bash_operator']) retrieved from /home/anhcu/Project/Stock_project/airflow_venv/lib/python3.8/site-packages/airflow/example_dags/example_bash_operator.py
[2024-06-10 10:01:15,691] {logging_mixin.py:103} INFO - [2024-06-10 10:01:15,691] {dag.py:1813} INFO - Sync 1 DAGs
[2024-06-10 10:01:15,873] {logging_mixin.py:103} INFO - [2024-06-10 10:01:15,873] {dag.py:2266} INFO - Setting next_dagrun for example_bash_operator to 2024-06-08 00:00:00+00:00
[2024-06-10 10:01:15,903] {scheduler_job.py:189} INFO - Processing /home/anhcu/Project/Stock_project/airflow_venv/lib/python3.8/site-packages/airflow/example_dags/example_bash_operator.py took 0.267 seconds
[2024-06-10 10:02:02,165] {scheduler_job.py:181} INFO - Started process (PID=64018) to work on /home/anhcu/Project/Stock_project/airflow_venv/lib/python3.8/site-packages/airflow/example_dags/example_bash_operator.py
[2024-06-10 10:02:02,170] {scheduler_job.py:629} INFO - Processing file /home/anhcu/Project/Stock_project/airflow_venv/lib/python3.8/site-packages/airflow/example_dags/example_bash_operator.py for tasks to queue
[2024-06-10 10:02:02,171] {logging_mixin.py:103} INFO - [2024-06-10 10:02:02,171] {dagbag.py:440} INFO - Filling up the DagBag from /home/anhcu/Project/Stock_project/airflow_venv/lib/python3.8/site-packages/airflow/example_dags/example_bash_operator.py
[2024-06-10 10:02:02,201] {scheduler_job.py:639} INFO - DAG(s) dict_keys(['example_bash_operator']) retrieved from /home/anhcu/Project/Stock_project/airflow_venv/lib/python3.8/site-packages/airflow/example_dags/example_bash_operator.py
[2024-06-10 10:02:02,203] {logging_mixin.py:103} INFO - [2024-06-10 10:02:02,203] {dag.py:1813} INFO - Sync 1 DAGs
[2024-06-10 10:02:02,641] {logging_mixin.py:103} INFO - [2024-06-10 10:02:02,641] {dag.py:2266} INFO - Setting next_dagrun for example_bash_operator to 2024-06-08 00:00:00+00:00
[2024-06-10 10:02:02,660] {scheduler_job.py:189} INFO - Processing /home/anhcu/Project/Stock_project/airflow_venv/lib/python3.8/site-packages/airflow/example_dags/example_bash_operator.py took 0.504 seconds
[2024-06-10 10:07:29,270] {scheduler_job.py:181} INFO - Started process (PID=67120) to work on /home/anhcu/Project/Stock_project/airflow_venv/lib/python3.8/site-packages/airflow/example_dags/example_bash_operator.py
[2024-06-10 10:07:29,274] {scheduler_job.py:629} INFO - Processing file /home/anhcu/Project/Stock_project/airflow_venv/lib/python3.8/site-packages/airflow/example_dags/example_bash_operator.py for tasks to queue
[2024-06-10 10:07:29,275] {logging_mixin.py:103} INFO - [2024-06-10 10:07:29,275] {dagbag.py:440} INFO - Filling up the DagBag from /home/anhcu/Project/Stock_project/airflow_venv/lib/python3.8/site-packages/airflow/example_dags/example_bash_operator.py
[2024-06-10 10:07:29,282] {scheduler_job.py:639} INFO - DAG(s) dict_keys(['example_bash_operator']) retrieved from /home/anhcu/Project/Stock_project/airflow_venv/lib/python3.8/site-packages/airflow/example_dags/example_bash_operator.py
[2024-06-10 10:07:29,284] {logging_mixin.py:103} INFO - [2024-06-10 10:07:29,283] {dag.py:1813} INFO - Sync 1 DAGs
[2024-06-10 10:07:29,304] {logging_mixin.py:103} INFO - [2024-06-10 10:07:29,304] {dag.py:2266} INFO - Setting next_dagrun for example_bash_operator to 2024-06-08 00:00:00+00:00
[2024-06-10 10:07:29,317] {scheduler_job.py:189} INFO - Processing /home/anhcu/Project/Stock_project/airflow_venv/lib/python3.8/site-packages/airflow/example_dags/example_bash_operator.py took 0.049 seconds
[2024-06-10 10:07:56,779] {scheduler_job.py:181} INFO - Started process (PID=67326) to work on /home/anhcu/Project/Stock_project/airflow_venv/lib/python3.8/site-packages/airflow/example_dags/example_bash_operator.py
[2024-06-10 10:07:56,782] {scheduler_job.py:629} INFO - Processing file /home/anhcu/Project/Stock_project/airflow_venv/lib/python3.8/site-packages/airflow/example_dags/example_bash_operator.py for tasks to queue
[2024-06-10 10:07:56,783] {logging_mixin.py:103} INFO - [2024-06-10 10:07:56,783] {dagbag.py:440} INFO - Filling up the DagBag from /home/anhcu/Project/Stock_project/airflow_venv/lib/python3.8/site-packages/airflow/example_dags/example_bash_operator.py
[2024-06-10 10:07:56,792] {scheduler_job.py:639} INFO - DAG(s) dict_keys(['example_bash_operator']) retrieved from /home/anhcu/Project/Stock_project/airflow_venv/lib/python3.8/site-packages/airflow/example_dags/example_bash_operator.py
[2024-06-10 10:07:56,793] {logging_mixin.py:103} INFO - [2024-06-10 10:07:56,793] {dag.py:1813} INFO - Sync 1 DAGs
[2024-06-10 10:07:56,822] {logging_mixin.py:103} INFO - [2024-06-10 10:07:56,822] {dag.py:2266} INFO - Setting next_dagrun for example_bash_operator to 2024-06-08 00:00:00+00:00
[2024-06-10 10:07:56,840] {scheduler_job.py:189} INFO - Processing /home/anhcu/Project/Stock_project/airflow_venv/lib/python3.8/site-packages/airflow/example_dags/example_bash_operator.py took 0.065 seconds
[2024-06-10 10:08:26,471] {scheduler_job.py:181} INFO - Started process (PID=67524) to work on /home/anhcu/Project/Stock_project/airflow_venv/lib/python3.8/site-packages/airflow/example_dags/example_bash_operator.py
[2024-06-10 10:08:26,474] {scheduler_job.py:629} INFO - Processing file /home/anhcu/Project/Stock_project/airflow_venv/lib/python3.8/site-packages/airflow/example_dags/example_bash_operator.py for tasks to queue
[2024-06-10 10:08:26,476] {logging_mixin.py:103} INFO - [2024-06-10 10:08:26,475] {dagbag.py:440} INFO - Filling up the DagBag from /home/anhcu/Project/Stock_project/airflow_venv/lib/python3.8/site-packages/airflow/example_dags/example_bash_operator.py
[2024-06-10 10:08:26,486] {scheduler_job.py:639} INFO - DAG(s) dict_keys(['example_bash_operator']) retrieved from /home/anhcu/Project/Stock_project/airflow_venv/lib/python3.8/site-packages/airflow/example_dags/example_bash_operator.py
[2024-06-10 10:08:26,488] {logging_mixin.py:103} INFO - [2024-06-10 10:08:26,488] {dag.py:1813} INFO - Sync 1 DAGs
[2024-06-10 10:08:26,521] {logging_mixin.py:103} INFO - [2024-06-10 10:08:26,521] {dag.py:2266} INFO - Setting next_dagrun for example_bash_operator to 2024-06-08 00:00:00+00:00
[2024-06-10 10:08:26,539] {scheduler_job.py:189} INFO - Processing /home/anhcu/Project/Stock_project/airflow_venv/lib/python3.8/site-packages/airflow/example_dags/example_bash_operator.py took 0.073 seconds
[2024-06-10 10:08:53,928] {scheduler_job.py:181} INFO - Started process (PID=67733) to work on /home/anhcu/Project/Stock_project/airflow_venv/lib/python3.8/site-packages/airflow/example_dags/example_bash_operator.py
[2024-06-10 10:08:53,930] {scheduler_job.py:629} INFO - Processing file /home/anhcu/Project/Stock_project/airflow_venv/lib/python3.8/site-packages/airflow/example_dags/example_bash_operator.py for tasks to queue
[2024-06-10 10:08:53,931] {logging_mixin.py:103} INFO - [2024-06-10 10:08:53,931] {dagbag.py:440} INFO - Filling up the DagBag from /home/anhcu/Project/Stock_project/airflow_venv/lib/python3.8/site-packages/airflow/example_dags/example_bash_operator.py
[2024-06-10 10:08:53,938] {scheduler_job.py:639} INFO - DAG(s) dict_keys(['example_bash_operator']) retrieved from /home/anhcu/Project/Stock_project/airflow_venv/lib/python3.8/site-packages/airflow/example_dags/example_bash_operator.py
[2024-06-10 10:08:53,939] {logging_mixin.py:103} INFO - [2024-06-10 10:08:53,939] {dag.py:1813} INFO - Sync 1 DAGs
[2024-06-10 10:08:53,960] {logging_mixin.py:103} INFO - [2024-06-10 10:08:53,960] {dag.py:2266} INFO - Setting next_dagrun for example_bash_operator to 2024-06-08 00:00:00+00:00
[2024-06-10 10:08:53,973] {scheduler_job.py:189} INFO - Processing /home/anhcu/Project/Stock_project/airflow_venv/lib/python3.8/site-packages/airflow/example_dags/example_bash_operator.py took 0.050 seconds
[2024-06-10 10:09:20,259] {scheduler_job.py:181} INFO - Started process (PID=67924) to work on /home/anhcu/Project/Stock_project/airflow_venv/lib/python3.8/site-packages/airflow/example_dags/example_bash_operator.py
[2024-06-10 10:09:20,260] {scheduler_job.py:629} INFO - Processing file /home/anhcu/Project/Stock_project/airflow_venv/lib/python3.8/site-packages/airflow/example_dags/example_bash_operator.py for tasks to queue
[2024-06-10 10:09:20,261] {logging_mixin.py:103} INFO - [2024-06-10 10:09:20,261] {dagbag.py:440} INFO - Filling up the DagBag from /home/anhcu/Project/Stock_project/airflow_venv/lib/python3.8/site-packages/airflow/example_dags/example_bash_operator.py
[2024-06-10 10:09:20,268] {scheduler_job.py:639} INFO - DAG(s) dict_keys(['example_bash_operator']) retrieved from /home/anhcu/Project/Stock_project/airflow_venv/lib/python3.8/site-packages/airflow/example_dags/example_bash_operator.py
[2024-06-10 10:09:20,270] {logging_mixin.py:103} INFO - [2024-06-10 10:09:20,270] {dag.py:1813} INFO - Sync 1 DAGs
[2024-06-10 10:09:20,290] {logging_mixin.py:103} INFO - [2024-06-10 10:09:20,290] {dag.py:2266} INFO - Setting next_dagrun for example_bash_operator to 2024-06-08 00:00:00+00:00
[2024-06-10 10:09:20,302] {scheduler_job.py:189} INFO - Processing /home/anhcu/Project/Stock_project/airflow_venv/lib/python3.8/site-packages/airflow/example_dags/example_bash_operator.py took 0.047 seconds
[2024-06-10 10:09:47,631] {scheduler_job.py:181} INFO - Started process (PID=68083) to work on /home/anhcu/Project/Stock_project/airflow_venv/lib/python3.8/site-packages/airflow/example_dags/example_bash_operator.py
[2024-06-10 10:09:47,633] {scheduler_job.py:629} INFO - Processing file /home/anhcu/Project/Stock_project/airflow_venv/lib/python3.8/site-packages/airflow/example_dags/example_bash_operator.py for tasks to queue
[2024-06-10 10:09:47,634] {logging_mixin.py:103} INFO - [2024-06-10 10:09:47,634] {dagbag.py:440} INFO - Filling up the DagBag from /home/anhcu/Project/Stock_project/airflow_venv/lib/python3.8/site-packages/airflow/example_dags/example_bash_operator.py
[2024-06-10 10:09:47,641] {scheduler_job.py:639} INFO - DAG(s) dict_keys(['example_bash_operator']) retrieved from /home/anhcu/Project/Stock_project/airflow_venv/lib/python3.8/site-packages/airflow/example_dags/example_bash_operator.py
[2024-06-10 10:09:47,642] {logging_mixin.py:103} INFO - [2024-06-10 10:09:47,642] {dag.py:1813} INFO - Sync 1 DAGs
[2024-06-10 10:09:47,663] {logging_mixin.py:103} INFO - [2024-06-10 10:09:47,663] {dag.py:2266} INFO - Setting next_dagrun for example_bash_operator to 2024-06-08 00:00:00+00:00
[2024-06-10 10:09:47,676] {scheduler_job.py:189} INFO - Processing /home/anhcu/Project/Stock_project/airflow_venv/lib/python3.8/site-packages/airflow/example_dags/example_bash_operator.py took 0.051 seconds
[2024-06-10 10:10:16,363] {scheduler_job.py:181} INFO - Started process (PID=68245) to work on /home/anhcu/Project/Stock_project/airflow_venv/lib/python3.8/site-packages/airflow/example_dags/example_bash_operator.py
[2024-06-10 10:10:16,365] {scheduler_job.py:629} INFO - Processing file /home/anhcu/Project/Stock_project/airflow_venv/lib/python3.8/site-packages/airflow/example_dags/example_bash_operator.py for tasks to queue
[2024-06-10 10:10:16,366] {logging_mixin.py:103} INFO - [2024-06-10 10:10:16,365] {dagbag.py:440} INFO - Filling up the DagBag from /home/anhcu/Project/Stock_project/airflow_venv/lib/python3.8/site-packages/airflow/example_dags/example_bash_operator.py
[2024-06-10 10:10:16,374] {scheduler_job.py:639} INFO - DAG(s) dict_keys(['example_bash_operator']) retrieved from /home/anhcu/Project/Stock_project/airflow_venv/lib/python3.8/site-packages/airflow/example_dags/example_bash_operator.py
[2024-06-10 10:10:16,376] {logging_mixin.py:103} INFO - [2024-06-10 10:10:16,375] {dag.py:1813} INFO - Sync 1 DAGs
[2024-06-10 10:10:16,396] {logging_mixin.py:103} INFO - [2024-06-10 10:10:16,396] {dag.py:2266} INFO - Setting next_dagrun for example_bash_operator to 2024-06-08 00:00:00+00:00
[2024-06-10 10:10:16,407] {scheduler_job.py:189} INFO - Processing /home/anhcu/Project/Stock_project/airflow_venv/lib/python3.8/site-packages/airflow/example_dags/example_bash_operator.py took 0.048 seconds
[2024-06-10 10:10:43,853] {scheduler_job.py:181} INFO - Started process (PID=68399) to work on /home/anhcu/Project/Stock_project/airflow_venv/lib/python3.8/site-packages/airflow/example_dags/example_bash_operator.py
[2024-06-10 10:10:43,854] {scheduler_job.py:629} INFO - Processing file /home/anhcu/Project/Stock_project/airflow_venv/lib/python3.8/site-packages/airflow/example_dags/example_bash_operator.py for tasks to queue
[2024-06-10 10:10:43,855] {logging_mixin.py:103} INFO - [2024-06-10 10:10:43,855] {dagbag.py:440} INFO - Filling up the DagBag from /home/anhcu/Project/Stock_project/airflow_venv/lib/python3.8/site-packages/airflow/example_dags/example_bash_operator.py
[2024-06-10 10:10:43,862] {scheduler_job.py:639} INFO - DAG(s) dict_keys(['example_bash_operator']) retrieved from /home/anhcu/Project/Stock_project/airflow_venv/lib/python3.8/site-packages/airflow/example_dags/example_bash_operator.py
[2024-06-10 10:10:43,863] {logging_mixin.py:103} INFO - [2024-06-10 10:10:43,862] {dag.py:1813} INFO - Sync 1 DAGs
[2024-06-10 10:10:43,883] {logging_mixin.py:103} INFO - [2024-06-10 10:10:43,883] {dag.py:2266} INFO - Setting next_dagrun for example_bash_operator to 2024-06-08 00:00:00+00:00
[2024-06-10 10:10:43,895] {scheduler_job.py:189} INFO - Processing /home/anhcu/Project/Stock_project/airflow_venv/lib/python3.8/site-packages/airflow/example_dags/example_bash_operator.py took 0.047 seconds
[2024-06-10 10:11:12,896] {scheduler_job.py:181} INFO - Started process (PID=68610) to work on /home/anhcu/Project/Stock_project/airflow_venv/lib/python3.8/site-packages/airflow/example_dags/example_bash_operator.py
[2024-06-10 10:11:12,897] {scheduler_job.py:629} INFO - Processing file /home/anhcu/Project/Stock_project/airflow_venv/lib/python3.8/site-packages/airflow/example_dags/example_bash_operator.py for tasks to queue
[2024-06-10 10:11:12,898] {logging_mixin.py:103} INFO - [2024-06-10 10:11:12,898] {dagbag.py:440} INFO - Filling up the DagBag from /home/anhcu/Project/Stock_project/airflow_venv/lib/python3.8/site-packages/airflow/example_dags/example_bash_operator.py
[2024-06-10 10:11:12,905] {scheduler_job.py:639} INFO - DAG(s) dict_keys(['example_bash_operator']) retrieved from /home/anhcu/Project/Stock_project/airflow_venv/lib/python3.8/site-packages/airflow/example_dags/example_bash_operator.py
[2024-06-10 10:11:12,907] {logging_mixin.py:103} INFO - [2024-06-10 10:11:12,906] {dag.py:1813} INFO - Sync 1 DAGs
[2024-06-10 10:11:12,927] {logging_mixin.py:103} INFO - [2024-06-10 10:11:12,927] {dag.py:2266} INFO - Setting next_dagrun for example_bash_operator to 2024-06-08 00:00:00+00:00
[2024-06-10 10:11:12,939] {scheduler_job.py:189} INFO - Processing /home/anhcu/Project/Stock_project/airflow_venv/lib/python3.8/site-packages/airflow/example_dags/example_bash_operator.py took 0.048 seconds
[2024-06-10 10:12:04,961] {scheduler_job.py:181} INFO - Started process (PID=68913) to work on /home/anhcu/Project/Stock_project/airflow_venv/lib/python3.8/site-packages/airflow/example_dags/example_bash_operator.py
[2024-06-10 10:12:04,962] {scheduler_job.py:629} INFO - Processing file /home/anhcu/Project/Stock_project/airflow_venv/lib/python3.8/site-packages/airflow/example_dags/example_bash_operator.py for tasks to queue
[2024-06-10 10:12:04,963] {logging_mixin.py:103} INFO - [2024-06-10 10:12:04,963] {dagbag.py:440} INFO - Filling up the DagBag from /home/anhcu/Project/Stock_project/airflow_venv/lib/python3.8/site-packages/airflow/example_dags/example_bash_operator.py
[2024-06-10 10:12:04,974] {scheduler_job.py:639} INFO - DAG(s) dict_keys(['example_bash_operator']) retrieved from /home/anhcu/Project/Stock_project/airflow_venv/lib/python3.8/site-packages/airflow/example_dags/example_bash_operator.py
[2024-06-10 10:12:04,976] {logging_mixin.py:103} INFO - [2024-06-10 10:12:04,976] {dag.py:1813} INFO - Sync 1 DAGs
[2024-06-10 10:12:04,996] {logging_mixin.py:103} INFO - [2024-06-10 10:12:04,996] {dag.py:2266} INFO - Setting next_dagrun for example_bash_operator to 2024-06-08 00:00:00+00:00
[2024-06-10 10:12:05,010] {scheduler_job.py:189} INFO - Processing /home/anhcu/Project/Stock_project/airflow_venv/lib/python3.8/site-packages/airflow/example_dags/example_bash_operator.py took 0.052 seconds
[2024-06-10 10:12:37,122] {scheduler_job.py:181} INFO - Started process (PID=69136) to work on /home/anhcu/Project/Stock_project/airflow_venv/lib/python3.8/site-packages/airflow/example_dags/example_bash_operator.py
[2024-06-10 10:12:37,124] {scheduler_job.py:629} INFO - Processing file /home/anhcu/Project/Stock_project/airflow_venv/lib/python3.8/site-packages/airflow/example_dags/example_bash_operator.py for tasks to queue
[2024-06-10 10:12:37,125] {logging_mixin.py:103} INFO - [2024-06-10 10:12:37,125] {dagbag.py:440} INFO - Filling up the DagBag from /home/anhcu/Project/Stock_project/airflow_venv/lib/python3.8/site-packages/airflow/example_dags/example_bash_operator.py
[2024-06-10 10:12:37,136] {scheduler_job.py:639} INFO - DAG(s) dict_keys(['example_bash_operator']) retrieved from /home/anhcu/Project/Stock_project/airflow_venv/lib/python3.8/site-packages/airflow/example_dags/example_bash_operator.py
[2024-06-10 10:12:37,137] {logging_mixin.py:103} INFO - [2024-06-10 10:12:37,137] {dag.py:1813} INFO - Sync 1 DAGs
[2024-06-10 10:12:37,157] {logging_mixin.py:103} INFO - [2024-06-10 10:12:37,157] {dag.py:2266} INFO - Setting next_dagrun for example_bash_operator to 2024-06-08 00:00:00+00:00
[2024-06-10 10:12:37,171] {scheduler_job.py:189} INFO - Processing /home/anhcu/Project/Stock_project/airflow_venv/lib/python3.8/site-packages/airflow/example_dags/example_bash_operator.py took 0.052 seconds
[2024-06-10 10:13:05,713] {scheduler_job.py:181} INFO - Started process (PID=69290) to work on /home/anhcu/Project/Stock_project/airflow_venv/lib/python3.8/site-packages/airflow/example_dags/example_bash_operator.py
[2024-06-10 10:13:05,714] {scheduler_job.py:629} INFO - Processing file /home/anhcu/Project/Stock_project/airflow_venv/lib/python3.8/site-packages/airflow/example_dags/example_bash_operator.py for tasks to queue
[2024-06-10 10:13:05,715] {logging_mixin.py:103} INFO - [2024-06-10 10:13:05,715] {dagbag.py:440} INFO - Filling up the DagBag from /home/anhcu/Project/Stock_project/airflow_venv/lib/python3.8/site-packages/airflow/example_dags/example_bash_operator.py
[2024-06-10 10:13:05,727] {scheduler_job.py:639} INFO - DAG(s) dict_keys(['example_bash_operator']) retrieved from /home/anhcu/Project/Stock_project/airflow_venv/lib/python3.8/site-packages/airflow/example_dags/example_bash_operator.py
[2024-06-10 10:13:05,728] {logging_mixin.py:103} INFO - [2024-06-10 10:13:05,728] {dag.py:1813} INFO - Sync 1 DAGs
[2024-06-10 10:13:05,747] {logging_mixin.py:103} INFO - [2024-06-10 10:13:05,747] {dag.py:2266} INFO - Setting next_dagrun for example_bash_operator to 2024-06-08 00:00:00+00:00
[2024-06-10 10:13:05,761] {scheduler_job.py:189} INFO - Processing /home/anhcu/Project/Stock_project/airflow_venv/lib/python3.8/site-packages/airflow/example_dags/example_bash_operator.py took 0.051 seconds
[2024-06-10 10:13:35,351] {scheduler_job.py:181} INFO - Started process (PID=69444) to work on /home/anhcu/Project/Stock_project/airflow_venv/lib/python3.8/site-packages/airflow/example_dags/example_bash_operator.py
[2024-06-10 10:13:35,353] {scheduler_job.py:629} INFO - Processing file /home/anhcu/Project/Stock_project/airflow_venv/lib/python3.8/site-packages/airflow/example_dags/example_bash_operator.py for tasks to queue
[2024-06-10 10:13:35,355] {logging_mixin.py:103} INFO - [2024-06-10 10:13:35,355] {dagbag.py:440} INFO - Filling up the DagBag from /home/anhcu/Project/Stock_project/airflow_venv/lib/python3.8/site-packages/airflow/example_dags/example_bash_operator.py
[2024-06-10 10:13:35,368] {scheduler_job.py:639} INFO - DAG(s) dict_keys(['example_bash_operator']) retrieved from /home/anhcu/Project/Stock_project/airflow_venv/lib/python3.8/site-packages/airflow/example_dags/example_bash_operator.py
[2024-06-10 10:13:35,370] {logging_mixin.py:103} INFO - [2024-06-10 10:13:35,369] {dag.py:1813} INFO - Sync 1 DAGs
[2024-06-10 10:13:35,393] {logging_mixin.py:103} INFO - [2024-06-10 10:13:35,393] {dag.py:2266} INFO - Setting next_dagrun for example_bash_operator to 2024-06-08 00:00:00+00:00
[2024-06-10 10:13:35,408] {scheduler_job.py:189} INFO - Processing /home/anhcu/Project/Stock_project/airflow_venv/lib/python3.8/site-packages/airflow/example_dags/example_bash_operator.py took 0.060 seconds
[2024-06-10 10:14:04,871] {scheduler_job.py:181} INFO - Started process (PID=69599) to work on /home/anhcu/Project/Stock_project/airflow_venv/lib/python3.8/site-packages/airflow/example_dags/example_bash_operator.py
[2024-06-10 10:14:04,872] {scheduler_job.py:629} INFO - Processing file /home/anhcu/Project/Stock_project/airflow_venv/lib/python3.8/site-packages/airflow/example_dags/example_bash_operator.py for tasks to queue
[2024-06-10 10:14:04,873] {logging_mixin.py:103} INFO - [2024-06-10 10:14:04,873] {dagbag.py:440} INFO - Filling up the DagBag from /home/anhcu/Project/Stock_project/airflow_venv/lib/python3.8/site-packages/airflow/example_dags/example_bash_operator.py
[2024-06-10 10:14:04,884] {scheduler_job.py:639} INFO - DAG(s) dict_keys(['example_bash_operator']) retrieved from /home/anhcu/Project/Stock_project/airflow_venv/lib/python3.8/site-packages/airflow/example_dags/example_bash_operator.py
[2024-06-10 10:14:04,885] {logging_mixin.py:103} INFO - [2024-06-10 10:14:04,885] {dag.py:1813} INFO - Sync 1 DAGs
[2024-06-10 10:14:04,905] {logging_mixin.py:103} INFO - [2024-06-10 10:14:04,905] {dag.py:2266} INFO - Setting next_dagrun for example_bash_operator to 2024-06-08 00:00:00+00:00
[2024-06-10 10:14:04,920] {scheduler_job.py:189} INFO - Processing /home/anhcu/Project/Stock_project/airflow_venv/lib/python3.8/site-packages/airflow/example_dags/example_bash_operator.py took 0.052 seconds
[2024-06-10 10:14:33,469] {scheduler_job.py:181} INFO - Started process (PID=69757) to work on /home/anhcu/Project/Stock_project/airflow_venv/lib/python3.8/site-packages/airflow/example_dags/example_bash_operator.py
[2024-06-10 10:14:33,470] {scheduler_job.py:629} INFO - Processing file /home/anhcu/Project/Stock_project/airflow_venv/lib/python3.8/site-packages/airflow/example_dags/example_bash_operator.py for tasks to queue
[2024-06-10 10:14:33,471] {logging_mixin.py:103} INFO - [2024-06-10 10:14:33,471] {dagbag.py:440} INFO - Filling up the DagBag from /home/anhcu/Project/Stock_project/airflow_venv/lib/python3.8/site-packages/airflow/example_dags/example_bash_operator.py
[2024-06-10 10:14:33,490] {scheduler_job.py:639} INFO - DAG(s) dict_keys(['example_bash_operator']) retrieved from /home/anhcu/Project/Stock_project/airflow_venv/lib/python3.8/site-packages/airflow/example_dags/example_bash_operator.py
[2024-06-10 10:14:33,491] {logging_mixin.py:103} INFO - [2024-06-10 10:14:33,491] {dag.py:1813} INFO - Sync 1 DAGs
[2024-06-10 10:14:33,519] {logging_mixin.py:103} INFO - [2024-06-10 10:14:33,518] {dag.py:2266} INFO - Setting next_dagrun for example_bash_operator to 2024-06-08 00:00:00+00:00
[2024-06-10 10:14:33,531] {scheduler_job.py:189} INFO - Processing /home/anhcu/Project/Stock_project/airflow_venv/lib/python3.8/site-packages/airflow/example_dags/example_bash_operator.py took 0.065 seconds
[2024-06-10 10:15:13,109] {scheduler_job.py:181} INFO - Started process (PID=69943) to work on /home/anhcu/Project/Stock_project/airflow_venv/lib/python3.8/site-packages/airflow/example_dags/example_bash_operator.py
[2024-06-10 10:15:13,110] {scheduler_job.py:629} INFO - Processing file /home/anhcu/Project/Stock_project/airflow_venv/lib/python3.8/site-packages/airflow/example_dags/example_bash_operator.py for tasks to queue
[2024-06-10 10:15:13,111] {logging_mixin.py:103} INFO - [2024-06-10 10:15:13,111] {dagbag.py:440} INFO - Filling up the DagBag from /home/anhcu/Project/Stock_project/airflow_venv/lib/python3.8/site-packages/airflow/example_dags/example_bash_operator.py
[2024-06-10 10:15:13,122] {scheduler_job.py:639} INFO - DAG(s) dict_keys(['example_bash_operator']) retrieved from /home/anhcu/Project/Stock_project/airflow_venv/lib/python3.8/site-packages/airflow/example_dags/example_bash_operator.py
[2024-06-10 10:15:13,123] {logging_mixin.py:103} INFO - [2024-06-10 10:15:13,122] {dag.py:1813} INFO - Sync 1 DAGs
[2024-06-10 10:15:13,143] {logging_mixin.py:103} INFO - [2024-06-10 10:15:13,143] {dag.py:2266} INFO - Setting next_dagrun for example_bash_operator to 2024-06-08 00:00:00+00:00
[2024-06-10 10:15:13,157] {scheduler_job.py:189} INFO - Processing /home/anhcu/Project/Stock_project/airflow_venv/lib/python3.8/site-packages/airflow/example_dags/example_bash_operator.py took 0.052 seconds
[2024-06-10 10:15:44,450] {scheduler_job.py:181} INFO - Started process (PID=70174) to work on /home/anhcu/Project/Stock_project/airflow_venv/lib/python3.8/site-packages/airflow/example_dags/example_bash_operator.py
[2024-06-10 10:15:44,451] {scheduler_job.py:629} INFO - Processing file /home/anhcu/Project/Stock_project/airflow_venv/lib/python3.8/site-packages/airflow/example_dags/example_bash_operator.py for tasks to queue
[2024-06-10 10:15:44,452] {logging_mixin.py:103} INFO - [2024-06-10 10:15:44,452] {dagbag.py:440} INFO - Filling up the DagBag from /home/anhcu/Project/Stock_project/airflow_venv/lib/python3.8/site-packages/airflow/example_dags/example_bash_operator.py
[2024-06-10 10:15:44,463] {scheduler_job.py:639} INFO - DAG(s) dict_keys(['example_bash_operator']) retrieved from /home/anhcu/Project/Stock_project/airflow_venv/lib/python3.8/site-packages/airflow/example_dags/example_bash_operator.py
[2024-06-10 10:15:44,464] {logging_mixin.py:103} INFO - [2024-06-10 10:15:44,464] {dag.py:1813} INFO - Sync 1 DAGs
[2024-06-10 10:15:44,485] {logging_mixin.py:103} INFO - [2024-06-10 10:15:44,484] {dag.py:2266} INFO - Setting next_dagrun for example_bash_operator to 2024-06-08 00:00:00+00:00
[2024-06-10 10:15:44,498] {scheduler_job.py:189} INFO - Processing /home/anhcu/Project/Stock_project/airflow_venv/lib/python3.8/site-packages/airflow/example_dags/example_bash_operator.py took 0.051 seconds
[2024-06-10 10:16:13,718] {scheduler_job.py:181} INFO - Started process (PID=70370) to work on /home/anhcu/Project/Stock_project/airflow_venv/lib/python3.8/site-packages/airflow/example_dags/example_bash_operator.py
[2024-06-10 10:16:13,720] {scheduler_job.py:629} INFO - Processing file /home/anhcu/Project/Stock_project/airflow_venv/lib/python3.8/site-packages/airflow/example_dags/example_bash_operator.py for tasks to queue
[2024-06-10 10:16:13,721] {logging_mixin.py:103} INFO - [2024-06-10 10:16:13,721] {dagbag.py:440} INFO - Filling up the DagBag from /home/anhcu/Project/Stock_project/airflow_venv/lib/python3.8/site-packages/airflow/example_dags/example_bash_operator.py
[2024-06-10 10:16:13,732] {scheduler_job.py:639} INFO - DAG(s) dict_keys(['example_bash_operator']) retrieved from /home/anhcu/Project/Stock_project/airflow_venv/lib/python3.8/site-packages/airflow/example_dags/example_bash_operator.py
[2024-06-10 10:16:13,733] {logging_mixin.py:103} INFO - [2024-06-10 10:16:13,733] {dag.py:1813} INFO - Sync 1 DAGs
[2024-06-10 10:16:13,754] {logging_mixin.py:103} INFO - [2024-06-10 10:16:13,754] {dag.py:2266} INFO - Setting next_dagrun for example_bash_operator to 2024-06-08 00:00:00+00:00
[2024-06-10 10:16:13,767] {scheduler_job.py:189} INFO - Processing /home/anhcu/Project/Stock_project/airflow_venv/lib/python3.8/site-packages/airflow/example_dags/example_bash_operator.py took 0.053 seconds
[2024-06-10 10:16:44,084] {scheduler_job.py:181} INFO - Started process (PID=70597) to work on /home/anhcu/Project/Stock_project/airflow_venv/lib/python3.8/site-packages/airflow/example_dags/example_bash_operator.py
[2024-06-10 10:16:44,085] {scheduler_job.py:629} INFO - Processing file /home/anhcu/Project/Stock_project/airflow_venv/lib/python3.8/site-packages/airflow/example_dags/example_bash_operator.py for tasks to queue
[2024-06-10 10:16:44,086] {logging_mixin.py:103} INFO - [2024-06-10 10:16:44,086] {dagbag.py:440} INFO - Filling up the DagBag from /home/anhcu/Project/Stock_project/airflow_venv/lib/python3.8/site-packages/airflow/example_dags/example_bash_operator.py
[2024-06-10 10:16:44,097] {scheduler_job.py:639} INFO - DAG(s) dict_keys(['example_bash_operator']) retrieved from /home/anhcu/Project/Stock_project/airflow_venv/lib/python3.8/site-packages/airflow/example_dags/example_bash_operator.py
[2024-06-10 10:16:44,098] {logging_mixin.py:103} INFO - [2024-06-10 10:16:44,098] {dag.py:1813} INFO - Sync 1 DAGs
[2024-06-10 10:16:44,119] {logging_mixin.py:103} INFO - [2024-06-10 10:16:44,118] {dag.py:2266} INFO - Setting next_dagrun for example_bash_operator to 2024-06-08 00:00:00+00:00
[2024-06-10 10:16:44,133] {scheduler_job.py:189} INFO - Processing /home/anhcu/Project/Stock_project/airflow_venv/lib/python3.8/site-packages/airflow/example_dags/example_bash_operator.py took 0.053 seconds
[2024-06-10 10:17:13,216] {scheduler_job.py:181} INFO - Started process (PID=70849) to work on /home/anhcu/Project/Stock_project/airflow_venv/lib/python3.8/site-packages/airflow/example_dags/example_bash_operator.py
[2024-06-10 10:17:13,217] {scheduler_job.py:629} INFO - Processing file /home/anhcu/Project/Stock_project/airflow_venv/lib/python3.8/site-packages/airflow/example_dags/example_bash_operator.py for tasks to queue
[2024-06-10 10:17:13,218] {logging_mixin.py:103} INFO - [2024-06-10 10:17:13,218] {dagbag.py:440} INFO - Filling up the DagBag from /home/anhcu/Project/Stock_project/airflow_venv/lib/python3.8/site-packages/airflow/example_dags/example_bash_operator.py
[2024-06-10 10:17:13,230] {scheduler_job.py:639} INFO - DAG(s) dict_keys(['example_bash_operator']) retrieved from /home/anhcu/Project/Stock_project/airflow_venv/lib/python3.8/site-packages/airflow/example_dags/example_bash_operator.py
[2024-06-10 10:17:13,231] {logging_mixin.py:103} INFO - [2024-06-10 10:17:13,231] {dag.py:1813} INFO - Sync 1 DAGs
[2024-06-10 10:17:13,252] {logging_mixin.py:103} INFO - [2024-06-10 10:17:13,251] {dag.py:2266} INFO - Setting next_dagrun for example_bash_operator to 2024-06-08 00:00:00+00:00
[2024-06-10 10:17:13,265] {scheduler_job.py:189} INFO - Processing /home/anhcu/Project/Stock_project/airflow_venv/lib/python3.8/site-packages/airflow/example_dags/example_bash_operator.py took 0.053 seconds
[2024-06-10 10:17:43,480] {scheduler_job.py:181} INFO - Started process (PID=71024) to work on /home/anhcu/Project/Stock_project/airflow_venv/lib/python3.8/site-packages/airflow/example_dags/example_bash_operator.py
[2024-06-10 10:17:43,481] {scheduler_job.py:629} INFO - Processing file /home/anhcu/Project/Stock_project/airflow_venv/lib/python3.8/site-packages/airflow/example_dags/example_bash_operator.py for tasks to queue
[2024-06-10 10:17:43,482] {logging_mixin.py:103} INFO - [2024-06-10 10:17:43,482] {dagbag.py:440} INFO - Filling up the DagBag from /home/anhcu/Project/Stock_project/airflow_venv/lib/python3.8/site-packages/airflow/example_dags/example_bash_operator.py
[2024-06-10 10:17:43,496] {scheduler_job.py:639} INFO - DAG(s) dict_keys(['example_bash_operator']) retrieved from /home/anhcu/Project/Stock_project/airflow_venv/lib/python3.8/site-packages/airflow/example_dags/example_bash_operator.py
[2024-06-10 10:17:43,497] {logging_mixin.py:103} INFO - [2024-06-10 10:17:43,497] {dag.py:1813} INFO - Sync 1 DAGs
[2024-06-10 10:17:43,523] {logging_mixin.py:103} INFO - [2024-06-10 10:17:43,522] {dag.py:2266} INFO - Setting next_dagrun for example_bash_operator to 2024-06-08 00:00:00+00:00
[2024-06-10 10:17:43,535] {scheduler_job.py:189} INFO - Processing /home/anhcu/Project/Stock_project/airflow_venv/lib/python3.8/site-packages/airflow/example_dags/example_bash_operator.py took 0.059 seconds
[2024-06-10 10:18:13,637] {scheduler_job.py:181} INFO - Started process (PID=71242) to work on /home/anhcu/Project/Stock_project/airflow_venv/lib/python3.8/site-packages/airflow/example_dags/example_bash_operator.py
[2024-06-10 10:18:13,638] {scheduler_job.py:629} INFO - Processing file /home/anhcu/Project/Stock_project/airflow_venv/lib/python3.8/site-packages/airflow/example_dags/example_bash_operator.py for tasks to queue
[2024-06-10 10:18:13,639] {logging_mixin.py:103} INFO - [2024-06-10 10:18:13,639] {dagbag.py:440} INFO - Filling up the DagBag from /home/anhcu/Project/Stock_project/airflow_venv/lib/python3.8/site-packages/airflow/example_dags/example_bash_operator.py
[2024-06-10 10:18:13,650] {scheduler_job.py:639} INFO - DAG(s) dict_keys(['example_bash_operator']) retrieved from /home/anhcu/Project/Stock_project/airflow_venv/lib/python3.8/site-packages/airflow/example_dags/example_bash_operator.py
[2024-06-10 10:18:13,651] {logging_mixin.py:103} INFO - [2024-06-10 10:18:13,651] {dag.py:1813} INFO - Sync 1 DAGs
[2024-06-10 10:18:13,674] {logging_mixin.py:103} INFO - [2024-06-10 10:18:13,674] {dag.py:2266} INFO - Setting next_dagrun for example_bash_operator to 2024-06-08 00:00:00+00:00
[2024-06-10 10:18:13,686] {scheduler_job.py:189} INFO - Processing /home/anhcu/Project/Stock_project/airflow_venv/lib/python3.8/site-packages/airflow/example_dags/example_bash_operator.py took 0.052 seconds
[2024-06-10 10:18:45,068] {scheduler_job.py:181} INFO - Started process (PID=71687) to work on /home/anhcu/Project/Stock_project/airflow_venv/lib/python3.8/site-packages/airflow/example_dags/example_bash_operator.py
[2024-06-10 10:18:45,070] {scheduler_job.py:629} INFO - Processing file /home/anhcu/Project/Stock_project/airflow_venv/lib/python3.8/site-packages/airflow/example_dags/example_bash_operator.py for tasks to queue
[2024-06-10 10:18:45,071] {logging_mixin.py:103} INFO - [2024-06-10 10:18:45,071] {dagbag.py:440} INFO - Filling up the DagBag from /home/anhcu/Project/Stock_project/airflow_venv/lib/python3.8/site-packages/airflow/example_dags/example_bash_operator.py
[2024-06-10 10:18:45,083] {scheduler_job.py:639} INFO - DAG(s) dict_keys(['example_bash_operator']) retrieved from /home/anhcu/Project/Stock_project/airflow_venv/lib/python3.8/site-packages/airflow/example_dags/example_bash_operator.py
[2024-06-10 10:18:45,084] {logging_mixin.py:103} INFO - [2024-06-10 10:18:45,084] {dag.py:1813} INFO - Sync 1 DAGs
[2024-06-10 10:18:45,106] {logging_mixin.py:103} INFO - [2024-06-10 10:18:45,106] {dag.py:2266} INFO - Setting next_dagrun for example_bash_operator to 2024-06-08 00:00:00+00:00
[2024-06-10 10:18:45,120] {scheduler_job.py:189} INFO - Processing /home/anhcu/Project/Stock_project/airflow_venv/lib/python3.8/site-packages/airflow/example_dags/example_bash_operator.py took 0.056 seconds
[2024-06-10 10:19:14,387] {scheduler_job.py:181} INFO - Started process (PID=71843) to work on /home/anhcu/Project/Stock_project/airflow_venv/lib/python3.8/site-packages/airflow/example_dags/example_bash_operator.py
[2024-06-10 10:19:14,389] {scheduler_job.py:629} INFO - Processing file /home/anhcu/Project/Stock_project/airflow_venv/lib/python3.8/site-packages/airflow/example_dags/example_bash_operator.py for tasks to queue
[2024-06-10 10:19:14,390] {logging_mixin.py:103} INFO - [2024-06-10 10:19:14,390] {dagbag.py:440} INFO - Filling up the DagBag from /home/anhcu/Project/Stock_project/airflow_venv/lib/python3.8/site-packages/airflow/example_dags/example_bash_operator.py
[2024-06-10 10:19:14,400] {scheduler_job.py:639} INFO - DAG(s) dict_keys(['example_bash_operator']) retrieved from /home/anhcu/Project/Stock_project/airflow_venv/lib/python3.8/site-packages/airflow/example_dags/example_bash_operator.py
[2024-06-10 10:19:14,401] {logging_mixin.py:103} INFO - [2024-06-10 10:19:14,401] {dag.py:1813} INFO - Sync 1 DAGs
[2024-06-10 10:19:14,424] {logging_mixin.py:103} INFO - [2024-06-10 10:19:14,424] {dag.py:2266} INFO - Setting next_dagrun for example_bash_operator to 2024-06-08 00:00:00+00:00
[2024-06-10 10:19:14,437] {scheduler_job.py:189} INFO - Processing /home/anhcu/Project/Stock_project/airflow_venv/lib/python3.8/site-packages/airflow/example_dags/example_bash_operator.py took 0.053 seconds
[2024-06-10 10:19:55,636] {scheduler_job.py:181} INFO - Started process (PID=72239) to work on /home/anhcu/Project/Stock_project/airflow_venv/lib/python3.8/site-packages/airflow/example_dags/example_bash_operator.py
[2024-06-10 10:19:55,638] {scheduler_job.py:629} INFO - Processing file /home/anhcu/Project/Stock_project/airflow_venv/lib/python3.8/site-packages/airflow/example_dags/example_bash_operator.py for tasks to queue
[2024-06-10 10:19:55,638] {logging_mixin.py:103} INFO - [2024-06-10 10:19:55,638] {dagbag.py:440} INFO - Filling up the DagBag from /home/anhcu/Project/Stock_project/airflow_venv/lib/python3.8/site-packages/airflow/example_dags/example_bash_operator.py
[2024-06-10 10:19:55,649] {scheduler_job.py:639} INFO - DAG(s) dict_keys(['example_bash_operator']) retrieved from /home/anhcu/Project/Stock_project/airflow_venv/lib/python3.8/site-packages/airflow/example_dags/example_bash_operator.py
[2024-06-10 10:19:55,650] {logging_mixin.py:103} INFO - [2024-06-10 10:19:55,650] {dag.py:1813} INFO - Sync 1 DAGs
[2024-06-10 10:19:55,672] {logging_mixin.py:103} INFO - [2024-06-10 10:19:55,672] {dag.py:2266} INFO - Setting next_dagrun for example_bash_operator to 2024-06-08 00:00:00+00:00
[2024-06-10 10:19:55,684] {scheduler_job.py:189} INFO - Processing /home/anhcu/Project/Stock_project/airflow_venv/lib/python3.8/site-packages/airflow/example_dags/example_bash_operator.py took 0.051 seconds
[2024-06-10 10:20:24,796] {scheduler_job.py:181} INFO - Started process (PID=72512) to work on /home/anhcu/Project/Stock_project/airflow_venv/lib/python3.8/site-packages/airflow/example_dags/example_bash_operator.py
[2024-06-10 10:20:24,798] {scheduler_job.py:629} INFO - Processing file /home/anhcu/Project/Stock_project/airflow_venv/lib/python3.8/site-packages/airflow/example_dags/example_bash_operator.py for tasks to queue
[2024-06-10 10:20:24,799] {logging_mixin.py:103} INFO - [2024-06-10 10:20:24,799] {dagbag.py:440} INFO - Filling up the DagBag from /home/anhcu/Project/Stock_project/airflow_venv/lib/python3.8/site-packages/airflow/example_dags/example_bash_operator.py
[2024-06-10 10:20:24,813] {scheduler_job.py:639} INFO - DAG(s) dict_keys(['example_bash_operator']) retrieved from /home/anhcu/Project/Stock_project/airflow_venv/lib/python3.8/site-packages/airflow/example_dags/example_bash_operator.py
[2024-06-10 10:20:24,814] {logging_mixin.py:103} INFO - [2024-06-10 10:20:24,814] {dag.py:1813} INFO - Sync 1 DAGs
[2024-06-10 10:20:24,841] {logging_mixin.py:103} INFO - [2024-06-10 10:20:24,840] {dag.py:2266} INFO - Setting next_dagrun for example_bash_operator to 2024-06-08 00:00:00+00:00
[2024-06-10 10:20:24,854] {scheduler_job.py:189} INFO - Processing /home/anhcu/Project/Stock_project/airflow_venv/lib/python3.8/site-packages/airflow/example_dags/example_bash_operator.py took 0.062 seconds
[2024-06-10 10:20:56,219] {scheduler_job.py:181} INFO - Started process (PID=72743) to work on /home/anhcu/Project/Stock_project/airflow_venv/lib/python3.8/site-packages/airflow/example_dags/example_bash_operator.py
[2024-06-10 10:20:56,220] {scheduler_job.py:629} INFO - Processing file /home/anhcu/Project/Stock_project/airflow_venv/lib/python3.8/site-packages/airflow/example_dags/example_bash_operator.py for tasks to queue
[2024-06-10 10:20:56,221] {logging_mixin.py:103} INFO - [2024-06-10 10:20:56,221] {dagbag.py:440} INFO - Filling up the DagBag from /home/anhcu/Project/Stock_project/airflow_venv/lib/python3.8/site-packages/airflow/example_dags/example_bash_operator.py
[2024-06-10 10:20:56,238] {scheduler_job.py:639} INFO - DAG(s) dict_keys(['example_bash_operator']) retrieved from /home/anhcu/Project/Stock_project/airflow_venv/lib/python3.8/site-packages/airflow/example_dags/example_bash_operator.py
[2024-06-10 10:20:56,241] {logging_mixin.py:103} INFO - [2024-06-10 10:20:56,240] {dag.py:1813} INFO - Sync 1 DAGs
[2024-06-10 10:20:56,270] {logging_mixin.py:103} INFO - [2024-06-10 10:20:56,270] {dag.py:2266} INFO - Setting next_dagrun for example_bash_operator to 2024-06-08 00:00:00+00:00
[2024-06-10 10:20:56,284] {scheduler_job.py:189} INFO - Processing /home/anhcu/Project/Stock_project/airflow_venv/lib/python3.8/site-packages/airflow/example_dags/example_bash_operator.py took 0.069 seconds
[2024-06-10 10:21:27,125] {scheduler_job.py:181} INFO - Started process (PID=72897) to work on /home/anhcu/Project/Stock_project/airflow_venv/lib/python3.8/site-packages/airflow/example_dags/example_bash_operator.py
[2024-06-10 10:21:27,126] {scheduler_job.py:629} INFO - Processing file /home/anhcu/Project/Stock_project/airflow_venv/lib/python3.8/site-packages/airflow/example_dags/example_bash_operator.py for tasks to queue
[2024-06-10 10:21:27,127] {logging_mixin.py:103} INFO - [2024-06-10 10:21:27,127] {dagbag.py:440} INFO - Filling up the DagBag from /home/anhcu/Project/Stock_project/airflow_venv/lib/python3.8/site-packages/airflow/example_dags/example_bash_operator.py
[2024-06-10 10:21:27,141] {scheduler_job.py:639} INFO - DAG(s) dict_keys(['example_bash_operator']) retrieved from /home/anhcu/Project/Stock_project/airflow_venv/lib/python3.8/site-packages/airflow/example_dags/example_bash_operator.py
[2024-06-10 10:21:27,142] {logging_mixin.py:103} INFO - [2024-06-10 10:21:27,142] {dag.py:1813} INFO - Sync 1 DAGs
[2024-06-10 10:21:27,162] {logging_mixin.py:103} INFO - [2024-06-10 10:21:27,162] {dag.py:2266} INFO - Setting next_dagrun for example_bash_operator to 2024-06-08 00:00:00+00:00
[2024-06-10 10:21:27,174] {scheduler_job.py:189} INFO - Processing /home/anhcu/Project/Stock_project/airflow_venv/lib/python3.8/site-packages/airflow/example_dags/example_bash_operator.py took 0.052 seconds
[2024-06-10 10:21:55,665] {scheduler_job.py:181} INFO - Started process (PID=73135) to work on /home/anhcu/Project/Stock_project/airflow_venv/lib/python3.8/site-packages/airflow/example_dags/example_bash_operator.py
[2024-06-10 10:21:55,667] {scheduler_job.py:629} INFO - Processing file /home/anhcu/Project/Stock_project/airflow_venv/lib/python3.8/site-packages/airflow/example_dags/example_bash_operator.py for tasks to queue
[2024-06-10 10:21:55,668] {logging_mixin.py:103} INFO - [2024-06-10 10:21:55,668] {dagbag.py:440} INFO - Filling up the DagBag from /home/anhcu/Project/Stock_project/airflow_venv/lib/python3.8/site-packages/airflow/example_dags/example_bash_operator.py
[2024-06-10 10:21:55,688] {scheduler_job.py:639} INFO - DAG(s) dict_keys(['example_bash_operator']) retrieved from /home/anhcu/Project/Stock_project/airflow_venv/lib/python3.8/site-packages/airflow/example_dags/example_bash_operator.py
[2024-06-10 10:21:55,690] {logging_mixin.py:103} INFO - [2024-06-10 10:21:55,690] {dag.py:1813} INFO - Sync 1 DAGs
[2024-06-10 10:21:55,733] {logging_mixin.py:103} INFO - [2024-06-10 10:21:55,733] {dag.py:2266} INFO - Setting next_dagrun for example_bash_operator to 2024-06-08 00:00:00+00:00
[2024-06-10 10:21:55,748] {scheduler_job.py:189} INFO - Processing /home/anhcu/Project/Stock_project/airflow_venv/lib/python3.8/site-packages/airflow/example_dags/example_bash_operator.py took 0.087 seconds
[2024-06-10 10:22:24,942] {scheduler_job.py:181} INFO - Started process (PID=73288) to work on /home/anhcu/Project/Stock_project/airflow_venv/lib/python3.8/site-packages/airflow/example_dags/example_bash_operator.py
[2024-06-10 10:22:24,943] {scheduler_job.py:629} INFO - Processing file /home/anhcu/Project/Stock_project/airflow_venv/lib/python3.8/site-packages/airflow/example_dags/example_bash_operator.py for tasks to queue
[2024-06-10 10:22:24,944] {logging_mixin.py:103} INFO - [2024-06-10 10:22:24,944] {dagbag.py:440} INFO - Filling up the DagBag from /home/anhcu/Project/Stock_project/airflow_venv/lib/python3.8/site-packages/airflow/example_dags/example_bash_operator.py
[2024-06-10 10:22:24,958] {scheduler_job.py:639} INFO - DAG(s) dict_keys(['example_bash_operator']) retrieved from /home/anhcu/Project/Stock_project/airflow_venv/lib/python3.8/site-packages/airflow/example_dags/example_bash_operator.py
[2024-06-10 10:22:24,959] {logging_mixin.py:103} INFO - [2024-06-10 10:22:24,959] {dag.py:1813} INFO - Sync 1 DAGs
[2024-06-10 10:22:24,994] {logging_mixin.py:103} INFO - [2024-06-10 10:22:24,994] {dag.py:2266} INFO - Setting next_dagrun for example_bash_operator to 2024-06-08 00:00:00+00:00
[2024-06-10 10:22:25,006] {scheduler_job.py:189} INFO - Processing /home/anhcu/Project/Stock_project/airflow_venv/lib/python3.8/site-packages/airflow/example_dags/example_bash_operator.py took 0.068 seconds
[2024-06-10 10:22:52,313] {scheduler_job.py:181} INFO - Started process (PID=73462) to work on /home/anhcu/Project/Stock_project/airflow_venv/lib/python3.8/site-packages/airflow/example_dags/example_bash_operator.py
[2024-06-10 10:22:52,314] {scheduler_job.py:629} INFO - Processing file /home/anhcu/Project/Stock_project/airflow_venv/lib/python3.8/site-packages/airflow/example_dags/example_bash_operator.py for tasks to queue
[2024-06-10 10:22:52,315] {logging_mixin.py:103} INFO - [2024-06-10 10:22:52,315] {dagbag.py:440} INFO - Filling up the DagBag from /home/anhcu/Project/Stock_project/airflow_venv/lib/python3.8/site-packages/airflow/example_dags/example_bash_operator.py
[2024-06-10 10:22:52,330] {scheduler_job.py:639} INFO - DAG(s) dict_keys(['example_bash_operator']) retrieved from /home/anhcu/Project/Stock_project/airflow_venv/lib/python3.8/site-packages/airflow/example_dags/example_bash_operator.py
[2024-06-10 10:22:52,331] {logging_mixin.py:103} INFO - [2024-06-10 10:22:52,331] {dag.py:1813} INFO - Sync 1 DAGs
[2024-06-10 10:22:52,352] {logging_mixin.py:103} INFO - [2024-06-10 10:22:52,352] {dag.py:2266} INFO - Setting next_dagrun for example_bash_operator to 2024-06-08 00:00:00+00:00
[2024-06-10 10:22:52,363] {scheduler_job.py:189} INFO - Processing /home/anhcu/Project/Stock_project/airflow_venv/lib/python3.8/site-packages/airflow/example_dags/example_bash_operator.py took 0.055 seconds
[2024-06-10 10:23:24,083] {scheduler_job.py:181} INFO - Started process (PID=73761) to work on /home/anhcu/Project/Stock_project/airflow_venv/lib/python3.8/site-packages/airflow/example_dags/example_bash_operator.py
[2024-06-10 10:23:24,084] {scheduler_job.py:629} INFO - Processing file /home/anhcu/Project/Stock_project/airflow_venv/lib/python3.8/site-packages/airflow/example_dags/example_bash_operator.py for tasks to queue
[2024-06-10 10:23:24,085] {logging_mixin.py:103} INFO - [2024-06-10 10:23:24,085] {dagbag.py:440} INFO - Filling up the DagBag from /home/anhcu/Project/Stock_project/airflow_venv/lib/python3.8/site-packages/airflow/example_dags/example_bash_operator.py
[2024-06-10 10:23:24,097] {scheduler_job.py:639} INFO - DAG(s) dict_keys(['example_bash_operator']) retrieved from /home/anhcu/Project/Stock_project/airflow_venv/lib/python3.8/site-packages/airflow/example_dags/example_bash_operator.py
[2024-06-10 10:23:24,098] {logging_mixin.py:103} INFO - [2024-06-10 10:23:24,098] {dag.py:1813} INFO - Sync 1 DAGs
[2024-06-10 10:23:24,117] {logging_mixin.py:103} INFO - [2024-06-10 10:23:24,117] {dag.py:2266} INFO - Setting next_dagrun for example_bash_operator to 2024-06-08 00:00:00+00:00
[2024-06-10 10:23:24,129] {scheduler_job.py:189} INFO - Processing /home/anhcu/Project/Stock_project/airflow_venv/lib/python3.8/site-packages/airflow/example_dags/example_bash_operator.py took 0.049 seconds
[2024-06-10 10:24:14,097] {scheduler_job.py:181} INFO - Started process (PID=74418) to work on /home/anhcu/Project/Stock_project/airflow_venv/lib/python3.8/site-packages/airflow/example_dags/example_bash_operator.py
[2024-06-10 10:24:14,100] {scheduler_job.py:629} INFO - Processing file /home/anhcu/Project/Stock_project/airflow_venv/lib/python3.8/site-packages/airflow/example_dags/example_bash_operator.py for tasks to queue
[2024-06-10 10:24:14,100] {logging_mixin.py:103} INFO - [2024-06-10 10:24:14,100] {dagbag.py:440} INFO - Filling up the DagBag from /home/anhcu/Project/Stock_project/airflow_venv/lib/python3.8/site-packages/airflow/example_dags/example_bash_operator.py
[2024-06-10 10:24:14,113] {scheduler_job.py:639} INFO - DAG(s) dict_keys(['example_bash_operator']) retrieved from /home/anhcu/Project/Stock_project/airflow_venv/lib/python3.8/site-packages/airflow/example_dags/example_bash_operator.py
[2024-06-10 10:24:14,114] {logging_mixin.py:103} INFO - [2024-06-10 10:24:14,114] {dag.py:1813} INFO - Sync 1 DAGs
[2024-06-10 10:24:14,135] {logging_mixin.py:103} INFO - [2024-06-10 10:24:14,135] {dag.py:2266} INFO - Setting next_dagrun for example_bash_operator to 2024-06-08 00:00:00+00:00
[2024-06-10 10:24:14,147] {scheduler_job.py:189} INFO - Processing /home/anhcu/Project/Stock_project/airflow_venv/lib/python3.8/site-packages/airflow/example_dags/example_bash_operator.py took 0.054 seconds
[2024-06-10 10:24:44,387] {scheduler_job.py:181} INFO - Started process (PID=74731) to work on /home/anhcu/Project/Stock_project/airflow_venv/lib/python3.8/site-packages/airflow/example_dags/example_bash_operator.py
[2024-06-10 10:24:44,388] {scheduler_job.py:629} INFO - Processing file /home/anhcu/Project/Stock_project/airflow_venv/lib/python3.8/site-packages/airflow/example_dags/example_bash_operator.py for tasks to queue
[2024-06-10 10:24:44,389] {logging_mixin.py:103} INFO - [2024-06-10 10:24:44,389] {dagbag.py:440} INFO - Filling up the DagBag from /home/anhcu/Project/Stock_project/airflow_venv/lib/python3.8/site-packages/airflow/example_dags/example_bash_operator.py
[2024-06-10 10:24:44,400] {scheduler_job.py:639} INFO - DAG(s) dict_keys(['example_bash_operator']) retrieved from /home/anhcu/Project/Stock_project/airflow_venv/lib/python3.8/site-packages/airflow/example_dags/example_bash_operator.py
[2024-06-10 10:24:44,401] {logging_mixin.py:103} INFO - [2024-06-10 10:24:44,401] {dag.py:1813} INFO - Sync 1 DAGs
[2024-06-10 10:24:44,421] {logging_mixin.py:103} INFO - [2024-06-10 10:24:44,421] {dag.py:2266} INFO - Setting next_dagrun for example_bash_operator to 2024-06-08 00:00:00+00:00
[2024-06-10 10:24:44,435] {scheduler_job.py:189} INFO - Processing /home/anhcu/Project/Stock_project/airflow_venv/lib/python3.8/site-packages/airflow/example_dags/example_bash_operator.py took 0.051 seconds
[2024-06-10 10:25:15,745] {scheduler_job.py:181} INFO - Started process (PID=75204) to work on /home/anhcu/Project/Stock_project/airflow_venv/lib/python3.8/site-packages/airflow/example_dags/example_bash_operator.py
[2024-06-10 10:25:15,746] {scheduler_job.py:629} INFO - Processing file /home/anhcu/Project/Stock_project/airflow_venv/lib/python3.8/site-packages/airflow/example_dags/example_bash_operator.py for tasks to queue
[2024-06-10 10:25:15,747] {logging_mixin.py:103} INFO - [2024-06-10 10:25:15,746] {dagbag.py:440} INFO - Filling up the DagBag from /home/anhcu/Project/Stock_project/airflow_venv/lib/python3.8/site-packages/airflow/example_dags/example_bash_operator.py
[2024-06-10 10:25:15,758] {scheduler_job.py:639} INFO - DAG(s) dict_keys(['example_bash_operator']) retrieved from /home/anhcu/Project/Stock_project/airflow_venv/lib/python3.8/site-packages/airflow/example_dags/example_bash_operator.py
[2024-06-10 10:25:15,759] {logging_mixin.py:103} INFO - [2024-06-10 10:25:15,759] {dag.py:1813} INFO - Sync 1 DAGs
[2024-06-10 10:25:15,780] {logging_mixin.py:103} INFO - [2024-06-10 10:25:15,780] {dag.py:2266} INFO - Setting next_dagrun for example_bash_operator to 2024-06-08 00:00:00+00:00
[2024-06-10 10:25:15,792] {scheduler_job.py:189} INFO - Processing /home/anhcu/Project/Stock_project/airflow_venv/lib/python3.8/site-packages/airflow/example_dags/example_bash_operator.py took 0.051 seconds
[2024-06-10 10:25:46,037] {scheduler_job.py:181} INFO - Started process (PID=75475) to work on /home/anhcu/Project/Stock_project/airflow_venv/lib/python3.8/site-packages/airflow/example_dags/example_bash_operator.py
[2024-06-10 10:25:46,038] {scheduler_job.py:629} INFO - Processing file /home/anhcu/Project/Stock_project/airflow_venv/lib/python3.8/site-packages/airflow/example_dags/example_bash_operator.py for tasks to queue
[2024-06-10 10:25:46,040] {logging_mixin.py:103} INFO - [2024-06-10 10:25:46,039] {dagbag.py:440} INFO - Filling up the DagBag from /home/anhcu/Project/Stock_project/airflow_venv/lib/python3.8/site-packages/airflow/example_dags/example_bash_operator.py
[2024-06-10 10:25:46,051] {scheduler_job.py:639} INFO - DAG(s) dict_keys(['example_bash_operator']) retrieved from /home/anhcu/Project/Stock_project/airflow_venv/lib/python3.8/site-packages/airflow/example_dags/example_bash_operator.py
[2024-06-10 10:25:46,052] {logging_mixin.py:103} INFO - [2024-06-10 10:25:46,052] {dag.py:1813} INFO - Sync 1 DAGs
[2024-06-10 10:25:46,073] {logging_mixin.py:103} INFO - [2024-06-10 10:25:46,073] {dag.py:2266} INFO - Setting next_dagrun for example_bash_operator to 2024-06-08 00:00:00+00:00
[2024-06-10 10:25:46,085] {scheduler_job.py:189} INFO - Processing /home/anhcu/Project/Stock_project/airflow_venv/lib/python3.8/site-packages/airflow/example_dags/example_bash_operator.py took 0.052 seconds
[2024-06-10 10:26:14,448] {scheduler_job.py:181} INFO - Started process (PID=75705) to work on /home/anhcu/Project/Stock_project/airflow_venv/lib/python3.8/site-packages/airflow/example_dags/example_bash_operator.py
[2024-06-10 10:26:14,450] {scheduler_job.py:629} INFO - Processing file /home/anhcu/Project/Stock_project/airflow_venv/lib/python3.8/site-packages/airflow/example_dags/example_bash_operator.py for tasks to queue
[2024-06-10 10:26:14,451] {logging_mixin.py:103} INFO - [2024-06-10 10:26:14,451] {dagbag.py:440} INFO - Filling up the DagBag from /home/anhcu/Project/Stock_project/airflow_venv/lib/python3.8/site-packages/airflow/example_dags/example_bash_operator.py
[2024-06-10 10:26:14,465] {scheduler_job.py:639} INFO - DAG(s) dict_keys(['example_bash_operator']) retrieved from /home/anhcu/Project/Stock_project/airflow_venv/lib/python3.8/site-packages/airflow/example_dags/example_bash_operator.py
[2024-06-10 10:26:14,466] {logging_mixin.py:103} INFO - [2024-06-10 10:26:14,466] {dag.py:1813} INFO - Sync 1 DAGs
[2024-06-10 10:26:14,489] {logging_mixin.py:103} INFO - [2024-06-10 10:26:14,489] {dag.py:2266} INFO - Setting next_dagrun for example_bash_operator to 2024-06-08 00:00:00+00:00
[2024-06-10 10:26:14,501] {scheduler_job.py:189} INFO - Processing /home/anhcu/Project/Stock_project/airflow_venv/lib/python3.8/site-packages/airflow/example_dags/example_bash_operator.py took 0.057 seconds
[2024-06-10 10:26:41,872] {scheduler_job.py:181} INFO - Started process (PID=75897) to work on /home/anhcu/Project/Stock_project/airflow_venv/lib/python3.8/site-packages/airflow/example_dags/example_bash_operator.py
[2024-06-10 10:26:41,874] {scheduler_job.py:629} INFO - Processing file /home/anhcu/Project/Stock_project/airflow_venv/lib/python3.8/site-packages/airflow/example_dags/example_bash_operator.py for tasks to queue
[2024-06-10 10:26:41,874] {logging_mixin.py:103} INFO - [2024-06-10 10:26:41,874] {dagbag.py:440} INFO - Filling up the DagBag from /home/anhcu/Project/Stock_project/airflow_venv/lib/python3.8/site-packages/airflow/example_dags/example_bash_operator.py
[2024-06-10 10:26:41,887] {scheduler_job.py:639} INFO - DAG(s) dict_keys(['example_bash_operator']) retrieved from /home/anhcu/Project/Stock_project/airflow_venv/lib/python3.8/site-packages/airflow/example_dags/example_bash_operator.py
[2024-06-10 10:26:41,888] {logging_mixin.py:103} INFO - [2024-06-10 10:26:41,888] {dag.py:1813} INFO - Sync 1 DAGs
[2024-06-10 10:26:41,909] {logging_mixin.py:103} INFO - [2024-06-10 10:26:41,909] {dag.py:2266} INFO - Setting next_dagrun for example_bash_operator to 2024-06-08 00:00:00+00:00
[2024-06-10 10:26:41,921] {scheduler_job.py:189} INFO - Processing /home/anhcu/Project/Stock_project/airflow_venv/lib/python3.8/site-packages/airflow/example_dags/example_bash_operator.py took 0.055 seconds
[2024-06-10 10:27:09,086] {scheduler_job.py:181} INFO - Started process (PID=76018) to work on /home/anhcu/Project/Stock_project/airflow_venv/lib/python3.8/site-packages/airflow/example_dags/example_bash_operator.py
[2024-06-10 10:27:09,087] {scheduler_job.py:629} INFO - Processing file /home/anhcu/Project/Stock_project/airflow_venv/lib/python3.8/site-packages/airflow/example_dags/example_bash_operator.py for tasks to queue
[2024-06-10 10:27:09,088] {logging_mixin.py:103} INFO - [2024-06-10 10:27:09,088] {dagbag.py:440} INFO - Filling up the DagBag from /home/anhcu/Project/Stock_project/airflow_venv/lib/python3.8/site-packages/airflow/example_dags/example_bash_operator.py
[2024-06-10 10:27:09,110] {scheduler_job.py:639} INFO - DAG(s) dict_keys(['example_bash_operator']) retrieved from /home/anhcu/Project/Stock_project/airflow_venv/lib/python3.8/site-packages/airflow/example_dags/example_bash_operator.py
[2024-06-10 10:27:09,111] {logging_mixin.py:103} INFO - [2024-06-10 10:27:09,111] {dag.py:1813} INFO - Sync 1 DAGs
[2024-06-10 10:27:09,142] {logging_mixin.py:103} INFO - [2024-06-10 10:27:09,142] {dag.py:2266} INFO - Setting next_dagrun for example_bash_operator to 2024-06-08 00:00:00+00:00
[2024-06-10 10:27:09,161] {scheduler_job.py:189} INFO - Processing /home/anhcu/Project/Stock_project/airflow_venv/lib/python3.8/site-packages/airflow/example_dags/example_bash_operator.py took 0.079 seconds
[2024-06-10 10:27:37,450] {scheduler_job.py:181} INFO - Started process (PID=76136) to work on /home/anhcu/Project/Stock_project/airflow_venv/lib/python3.8/site-packages/airflow/example_dags/example_bash_operator.py
[2024-06-10 10:27:37,452] {scheduler_job.py:629} INFO - Processing file /home/anhcu/Project/Stock_project/airflow_venv/lib/python3.8/site-packages/airflow/example_dags/example_bash_operator.py for tasks to queue
[2024-06-10 10:27:37,453] {logging_mixin.py:103} INFO - [2024-06-10 10:27:37,453] {dagbag.py:440} INFO - Filling up the DagBag from /home/anhcu/Project/Stock_project/airflow_venv/lib/python3.8/site-packages/airflow/example_dags/example_bash_operator.py
[2024-06-10 10:27:37,468] {scheduler_job.py:639} INFO - DAG(s) dict_keys(['example_bash_operator']) retrieved from /home/anhcu/Project/Stock_project/airflow_venv/lib/python3.8/site-packages/airflow/example_dags/example_bash_operator.py
[2024-06-10 10:27:37,470] {logging_mixin.py:103} INFO - [2024-06-10 10:27:37,470] {dag.py:1813} INFO - Sync 1 DAGs
[2024-06-10 10:27:37,499] {logging_mixin.py:103} INFO - [2024-06-10 10:27:37,499] {dag.py:2266} INFO - Setting next_dagrun for example_bash_operator to 2024-06-08 00:00:00+00:00
[2024-06-10 10:27:37,516] {scheduler_job.py:189} INFO - Processing /home/anhcu/Project/Stock_project/airflow_venv/lib/python3.8/site-packages/airflow/example_dags/example_bash_operator.py took 0.073 seconds
[2024-06-10 10:28:05,688] {scheduler_job.py:181} INFO - Started process (PID=76287) to work on /home/anhcu/Project/Stock_project/airflow_venv/lib/python3.8/site-packages/airflow/example_dags/example_bash_operator.py
[2024-06-10 10:28:05,689] {scheduler_job.py:629} INFO - Processing file /home/anhcu/Project/Stock_project/airflow_venv/lib/python3.8/site-packages/airflow/example_dags/example_bash_operator.py for tasks to queue
[2024-06-10 10:28:05,690] {logging_mixin.py:103} INFO - [2024-06-10 10:28:05,690] {dagbag.py:440} INFO - Filling up the DagBag from /home/anhcu/Project/Stock_project/airflow_venv/lib/python3.8/site-packages/airflow/example_dags/example_bash_operator.py
[2024-06-10 10:28:05,702] {scheduler_job.py:639} INFO - DAG(s) dict_keys(['example_bash_operator']) retrieved from /home/anhcu/Project/Stock_project/airflow_venv/lib/python3.8/site-packages/airflow/example_dags/example_bash_operator.py
[2024-06-10 10:28:05,703] {logging_mixin.py:103} INFO - [2024-06-10 10:28:05,703] {dag.py:1813} INFO - Sync 1 DAGs
[2024-06-10 10:28:05,723] {logging_mixin.py:103} INFO - [2024-06-10 10:28:05,723] {dag.py:2266} INFO - Setting next_dagrun for example_bash_operator to 2024-06-08 00:00:00+00:00
[2024-06-10 10:28:05,735] {scheduler_job.py:189} INFO - Processing /home/anhcu/Project/Stock_project/airflow_venv/lib/python3.8/site-packages/airflow/example_dags/example_bash_operator.py took 0.052 seconds
[2024-06-10 10:28:33,618] {scheduler_job.py:181} INFO - Started process (PID=76443) to work on /home/anhcu/Project/Stock_project/airflow_venv/lib/python3.8/site-packages/airflow/example_dags/example_bash_operator.py
[2024-06-10 10:28:33,620] {scheduler_job.py:629} INFO - Processing file /home/anhcu/Project/Stock_project/airflow_venv/lib/python3.8/site-packages/airflow/example_dags/example_bash_operator.py for tasks to queue
[2024-06-10 10:28:33,621] {logging_mixin.py:103} INFO - [2024-06-10 10:28:33,621] {dagbag.py:440} INFO - Filling up the DagBag from /home/anhcu/Project/Stock_project/airflow_venv/lib/python3.8/site-packages/airflow/example_dags/example_bash_operator.py
[2024-06-10 10:28:33,632] {scheduler_job.py:639} INFO - DAG(s) dict_keys(['example_bash_operator']) retrieved from /home/anhcu/Project/Stock_project/airflow_venv/lib/python3.8/site-packages/airflow/example_dags/example_bash_operator.py
[2024-06-10 10:28:33,633] {logging_mixin.py:103} INFO - [2024-06-10 10:28:33,633] {dag.py:1813} INFO - Sync 1 DAGs
[2024-06-10 10:28:33,654] {logging_mixin.py:103} INFO - [2024-06-10 10:28:33,654] {dag.py:2266} INFO - Setting next_dagrun for example_bash_operator to 2024-06-08 00:00:00+00:00
[2024-06-10 10:28:33,666] {scheduler_job.py:189} INFO - Processing /home/anhcu/Project/Stock_project/airflow_venv/lib/python3.8/site-packages/airflow/example_dags/example_bash_operator.py took 0.053 seconds
[2024-06-10 10:29:00,606] {scheduler_job.py:181} INFO - Started process (PID=76649) to work on /home/anhcu/Project/Stock_project/airflow_venv/lib/python3.8/site-packages/airflow/example_dags/example_bash_operator.py
[2024-06-10 10:29:00,607] {scheduler_job.py:629} INFO - Processing file /home/anhcu/Project/Stock_project/airflow_venv/lib/python3.8/site-packages/airflow/example_dags/example_bash_operator.py for tasks to queue
[2024-06-10 10:29:00,608] {logging_mixin.py:103} INFO - [2024-06-10 10:29:00,608] {dagbag.py:440} INFO - Filling up the DagBag from /home/anhcu/Project/Stock_project/airflow_venv/lib/python3.8/site-packages/airflow/example_dags/example_bash_operator.py
[2024-06-10 10:29:00,620] {scheduler_job.py:639} INFO - DAG(s) dict_keys(['example_bash_operator']) retrieved from /home/anhcu/Project/Stock_project/airflow_venv/lib/python3.8/site-packages/airflow/example_dags/example_bash_operator.py
[2024-06-10 10:29:00,621] {logging_mixin.py:103} INFO - [2024-06-10 10:29:00,621] {dag.py:1813} INFO - Sync 1 DAGs
[2024-06-10 10:29:00,641] {logging_mixin.py:103} INFO - [2024-06-10 10:29:00,641] {dag.py:2266} INFO - Setting next_dagrun for example_bash_operator to 2024-06-08 00:00:00+00:00
[2024-06-10 10:29:00,653] {scheduler_job.py:189} INFO - Processing /home/anhcu/Project/Stock_project/airflow_venv/lib/python3.8/site-packages/airflow/example_dags/example_bash_operator.py took 0.052 seconds
[2024-06-10 10:29:28,580] {scheduler_job.py:181} INFO - Started process (PID=76823) to work on /home/anhcu/Project/Stock_project/airflow_venv/lib/python3.8/site-packages/airflow/example_dags/example_bash_operator.py
[2024-06-10 10:29:28,582] {scheduler_job.py:629} INFO - Processing file /home/anhcu/Project/Stock_project/airflow_venv/lib/python3.8/site-packages/airflow/example_dags/example_bash_operator.py for tasks to queue
[2024-06-10 10:29:28,584] {logging_mixin.py:103} INFO - [2024-06-10 10:29:28,584] {dagbag.py:440} INFO - Filling up the DagBag from /home/anhcu/Project/Stock_project/airflow_venv/lib/python3.8/site-packages/airflow/example_dags/example_bash_operator.py
[2024-06-10 10:29:28,595] {scheduler_job.py:639} INFO - DAG(s) dict_keys(['example_bash_operator']) retrieved from /home/anhcu/Project/Stock_project/airflow_venv/lib/python3.8/site-packages/airflow/example_dags/example_bash_operator.py
[2024-06-10 10:29:28,596] {logging_mixin.py:103} INFO - [2024-06-10 10:29:28,596] {dag.py:1813} INFO - Sync 1 DAGs
[2024-06-10 10:29:28,616] {logging_mixin.py:103} INFO - [2024-06-10 10:29:28,616] {dag.py:2266} INFO - Setting next_dagrun for example_bash_operator to 2024-06-08 00:00:00+00:00
[2024-06-10 10:29:28,629] {scheduler_job.py:189} INFO - Processing /home/anhcu/Project/Stock_project/airflow_venv/lib/python3.8/site-packages/airflow/example_dags/example_bash_operator.py took 0.052 seconds
[2024-06-10 10:29:56,822] {scheduler_job.py:181} INFO - Started process (PID=76979) to work on /home/anhcu/Project/Stock_project/airflow_venv/lib/python3.8/site-packages/airflow/example_dags/example_bash_operator.py
[2024-06-10 10:29:56,823] {scheduler_job.py:629} INFO - Processing file /home/anhcu/Project/Stock_project/airflow_venv/lib/python3.8/site-packages/airflow/example_dags/example_bash_operator.py for tasks to queue
[2024-06-10 10:29:56,824] {logging_mixin.py:103} INFO - [2024-06-10 10:29:56,824] {dagbag.py:440} INFO - Filling up the DagBag from /home/anhcu/Project/Stock_project/airflow_venv/lib/python3.8/site-packages/airflow/example_dags/example_bash_operator.py
[2024-06-10 10:29:56,836] {scheduler_job.py:639} INFO - DAG(s) dict_keys(['example_bash_operator']) retrieved from /home/anhcu/Project/Stock_project/airflow_venv/lib/python3.8/site-packages/airflow/example_dags/example_bash_operator.py
[2024-06-10 10:29:56,837] {logging_mixin.py:103} INFO - [2024-06-10 10:29:56,837] {dag.py:1813} INFO - Sync 1 DAGs
[2024-06-10 10:29:56,859] {logging_mixin.py:103} INFO - [2024-06-10 10:29:56,859] {dag.py:2266} INFO - Setting next_dagrun for example_bash_operator to 2024-06-08 00:00:00+00:00
[2024-06-10 10:29:56,871] {scheduler_job.py:189} INFO - Processing /home/anhcu/Project/Stock_project/airflow_venv/lib/python3.8/site-packages/airflow/example_dags/example_bash_operator.py took 0.054 seconds
[2024-06-10 10:30:23,129] {scheduler_job.py:181} INFO - Started process (PID=77137) to work on /home/anhcu/Project/Stock_project/airflow_venv/lib/python3.8/site-packages/airflow/example_dags/example_bash_operator.py
[2024-06-10 10:30:23,131] {scheduler_job.py:629} INFO - Processing file /home/anhcu/Project/Stock_project/airflow_venv/lib/python3.8/site-packages/airflow/example_dags/example_bash_operator.py for tasks to queue
[2024-06-10 10:30:23,132] {logging_mixin.py:103} INFO - [2024-06-10 10:30:23,132] {dagbag.py:440} INFO - Filling up the DagBag from /home/anhcu/Project/Stock_project/airflow_venv/lib/python3.8/site-packages/airflow/example_dags/example_bash_operator.py
[2024-06-10 10:30:23,144] {scheduler_job.py:639} INFO - DAG(s) dict_keys(['example_bash_operator']) retrieved from /home/anhcu/Project/Stock_project/airflow_venv/lib/python3.8/site-packages/airflow/example_dags/example_bash_operator.py
[2024-06-10 10:30:23,145] {logging_mixin.py:103} INFO - [2024-06-10 10:30:23,145] {dag.py:1813} INFO - Sync 1 DAGs
[2024-06-10 10:30:23,166] {logging_mixin.py:103} INFO - [2024-06-10 10:30:23,165] {dag.py:2266} INFO - Setting next_dagrun for example_bash_operator to 2024-06-08 00:00:00+00:00
[2024-06-10 10:30:23,178] {scheduler_job.py:189} INFO - Processing /home/anhcu/Project/Stock_project/airflow_venv/lib/python3.8/site-packages/airflow/example_dags/example_bash_operator.py took 0.053 seconds
[2024-06-10 10:30:50,468] {scheduler_job.py:181} INFO - Started process (PID=77255) to work on /home/anhcu/Project/Stock_project/airflow_venv/lib/python3.8/site-packages/airflow/example_dags/example_bash_operator.py
[2024-06-10 10:30:50,469] {scheduler_job.py:629} INFO - Processing file /home/anhcu/Project/Stock_project/airflow_venv/lib/python3.8/site-packages/airflow/example_dags/example_bash_operator.py for tasks to queue
[2024-06-10 10:30:50,470] {logging_mixin.py:103} INFO - [2024-06-10 10:30:50,470] {dagbag.py:440} INFO - Filling up the DagBag from /home/anhcu/Project/Stock_project/airflow_venv/lib/python3.8/site-packages/airflow/example_dags/example_bash_operator.py
[2024-06-10 10:30:50,485] {scheduler_job.py:639} INFO - DAG(s) dict_keys(['example_bash_operator']) retrieved from /home/anhcu/Project/Stock_project/airflow_venv/lib/python3.8/site-packages/airflow/example_dags/example_bash_operator.py
[2024-06-10 10:30:50,486] {logging_mixin.py:103} INFO - [2024-06-10 10:30:50,486] {dag.py:1813} INFO - Sync 1 DAGs
[2024-06-10 10:30:50,507] {logging_mixin.py:103} INFO - [2024-06-10 10:30:50,507] {dag.py:2266} INFO - Setting next_dagrun for example_bash_operator to 2024-06-08 00:00:00+00:00
[2024-06-10 10:30:50,519] {scheduler_job.py:189} INFO - Processing /home/anhcu/Project/Stock_project/airflow_venv/lib/python3.8/site-packages/airflow/example_dags/example_bash_operator.py took 0.055 seconds
[2024-06-10 10:31:17,698] {scheduler_job.py:181} INFO - Started process (PID=77373) to work on /home/anhcu/Project/Stock_project/airflow_venv/lib/python3.8/site-packages/airflow/example_dags/example_bash_operator.py
[2024-06-10 10:31:17,700] {scheduler_job.py:629} INFO - Processing file /home/anhcu/Project/Stock_project/airflow_venv/lib/python3.8/site-packages/airflow/example_dags/example_bash_operator.py for tasks to queue
[2024-06-10 10:31:17,701] {logging_mixin.py:103} INFO - [2024-06-10 10:31:17,700] {dagbag.py:440} INFO - Filling up the DagBag from /home/anhcu/Project/Stock_project/airflow_venv/lib/python3.8/site-packages/airflow/example_dags/example_bash_operator.py
[2024-06-10 10:31:17,713] {scheduler_job.py:639} INFO - DAG(s) dict_keys(['example_bash_operator']) retrieved from /home/anhcu/Project/Stock_project/airflow_venv/lib/python3.8/site-packages/airflow/example_dags/example_bash_operator.py
[2024-06-10 10:31:17,715] {logging_mixin.py:103} INFO - [2024-06-10 10:31:17,715] {dag.py:1813} INFO - Sync 1 DAGs
[2024-06-10 10:31:17,743] {logging_mixin.py:103} INFO - [2024-06-10 10:31:17,743] {dag.py:2266} INFO - Setting next_dagrun for example_bash_operator to 2024-06-08 00:00:00+00:00
[2024-06-10 10:31:17,761] {scheduler_job.py:189} INFO - Processing /home/anhcu/Project/Stock_project/airflow_venv/lib/python3.8/site-packages/airflow/example_dags/example_bash_operator.py took 0.067 seconds
[2024-06-10 10:31:46,057] {scheduler_job.py:181} INFO - Started process (PID=77529) to work on /home/anhcu/Project/Stock_project/airflow_venv/lib/python3.8/site-packages/airflow/example_dags/example_bash_operator.py
[2024-06-10 10:31:46,059] {scheduler_job.py:629} INFO - Processing file /home/anhcu/Project/Stock_project/airflow_venv/lib/python3.8/site-packages/airflow/example_dags/example_bash_operator.py for tasks to queue
[2024-06-10 10:31:46,060] {logging_mixin.py:103} INFO - [2024-06-10 10:31:46,060] {dagbag.py:440} INFO - Filling up the DagBag from /home/anhcu/Project/Stock_project/airflow_venv/lib/python3.8/site-packages/airflow/example_dags/example_bash_operator.py
[2024-06-10 10:31:46,072] {scheduler_job.py:639} INFO - DAG(s) dict_keys(['example_bash_operator']) retrieved from /home/anhcu/Project/Stock_project/airflow_venv/lib/python3.8/site-packages/airflow/example_dags/example_bash_operator.py
[2024-06-10 10:31:46,073] {logging_mixin.py:103} INFO - [2024-06-10 10:31:46,073] {dag.py:1813} INFO - Sync 1 DAGs
[2024-06-10 10:31:46,094] {logging_mixin.py:103} INFO - [2024-06-10 10:31:46,094] {dag.py:2266} INFO - Setting next_dagrun for example_bash_operator to 2024-06-08 00:00:00+00:00
[2024-06-10 10:31:46,106] {scheduler_job.py:189} INFO - Processing /home/anhcu/Project/Stock_project/airflow_venv/lib/python3.8/site-packages/airflow/example_dags/example_bash_operator.py took 0.053 seconds
[2024-06-10 10:32:15,344] {scheduler_job.py:181} INFO - Started process (PID=77668) to work on /home/anhcu/Project/Stock_project/airflow_venv/lib/python3.8/site-packages/airflow/example_dags/example_bash_operator.py
[2024-06-10 10:32:15,346] {scheduler_job.py:629} INFO - Processing file /home/anhcu/Project/Stock_project/airflow_venv/lib/python3.8/site-packages/airflow/example_dags/example_bash_operator.py for tasks to queue
[2024-06-10 10:32:15,347] {logging_mixin.py:103} INFO - [2024-06-10 10:32:15,347] {dagbag.py:440} INFO - Filling up the DagBag from /home/anhcu/Project/Stock_project/airflow_venv/lib/python3.8/site-packages/airflow/example_dags/example_bash_operator.py
[2024-06-10 10:32:15,362] {scheduler_job.py:639} INFO - DAG(s) dict_keys(['example_bash_operator']) retrieved from /home/anhcu/Project/Stock_project/airflow_venv/lib/python3.8/site-packages/airflow/example_dags/example_bash_operator.py
[2024-06-10 10:32:15,364] {logging_mixin.py:103} INFO - [2024-06-10 10:32:15,364] {dag.py:1813} INFO - Sync 1 DAGs
[2024-06-10 10:32:15,393] {logging_mixin.py:103} INFO - [2024-06-10 10:32:15,393] {dag.py:2266} INFO - Setting next_dagrun for example_bash_operator to 2024-06-08 00:00:00+00:00
[2024-06-10 10:32:15,412] {scheduler_job.py:189} INFO - Processing /home/anhcu/Project/Stock_project/airflow_venv/lib/python3.8/site-packages/airflow/example_dags/example_bash_operator.py took 0.072 seconds
[2024-06-10 10:32:42,562] {scheduler_job.py:181} INFO - Started process (PID=77877) to work on /home/anhcu/Project/Stock_project/airflow_venv/lib/python3.8/site-packages/airflow/example_dags/example_bash_operator.py
[2024-06-10 10:32:42,563] {scheduler_job.py:629} INFO - Processing file /home/anhcu/Project/Stock_project/airflow_venv/lib/python3.8/site-packages/airflow/example_dags/example_bash_operator.py for tasks to queue
[2024-06-10 10:32:42,564] {logging_mixin.py:103} INFO - [2024-06-10 10:32:42,564] {dagbag.py:440} INFO - Filling up the DagBag from /home/anhcu/Project/Stock_project/airflow_venv/lib/python3.8/site-packages/airflow/example_dags/example_bash_operator.py
[2024-06-10 10:32:42,579] {scheduler_job.py:639} INFO - DAG(s) dict_keys(['example_bash_operator']) retrieved from /home/anhcu/Project/Stock_project/airflow_venv/lib/python3.8/site-packages/airflow/example_dags/example_bash_operator.py
[2024-06-10 10:32:42,580] {logging_mixin.py:103} INFO - [2024-06-10 10:32:42,580] {dag.py:1813} INFO - Sync 1 DAGs
[2024-06-10 10:32:42,603] {logging_mixin.py:103} INFO - [2024-06-10 10:32:42,603] {dag.py:2266} INFO - Setting next_dagrun for example_bash_operator to 2024-06-08 00:00:00+00:00
[2024-06-10 10:32:42,616] {scheduler_job.py:189} INFO - Processing /home/anhcu/Project/Stock_project/airflow_venv/lib/python3.8/site-packages/airflow/example_dags/example_bash_operator.py took 0.058 seconds
[2024-06-10 10:33:09,886] {scheduler_job.py:181} INFO - Started process (PID=78107) to work on /home/anhcu/Project/Stock_project/airflow_venv/lib/python3.8/site-packages/airflow/example_dags/example_bash_operator.py
[2024-06-10 10:33:09,888] {scheduler_job.py:629} INFO - Processing file /home/anhcu/Project/Stock_project/airflow_venv/lib/python3.8/site-packages/airflow/example_dags/example_bash_operator.py for tasks to queue
[2024-06-10 10:33:09,889] {logging_mixin.py:103} INFO - [2024-06-10 10:33:09,889] {dagbag.py:440} INFO - Filling up the DagBag from /home/anhcu/Project/Stock_project/airflow_venv/lib/python3.8/site-packages/airflow/example_dags/example_bash_operator.py
[2024-06-10 10:33:09,900] {scheduler_job.py:639} INFO - DAG(s) dict_keys(['example_bash_operator']) retrieved from /home/anhcu/Project/Stock_project/airflow_venv/lib/python3.8/site-packages/airflow/example_dags/example_bash_operator.py
[2024-06-10 10:33:09,901] {logging_mixin.py:103} INFO - [2024-06-10 10:33:09,901] {dag.py:1813} INFO - Sync 1 DAGs
[2024-06-10 10:33:09,922] {logging_mixin.py:103} INFO - [2024-06-10 10:33:09,922] {dag.py:2266} INFO - Setting next_dagrun for example_bash_operator to 2024-06-08 00:00:00+00:00
[2024-06-10 10:33:09,934] {scheduler_job.py:189} INFO - Processing /home/anhcu/Project/Stock_project/airflow_venv/lib/python3.8/site-packages/airflow/example_dags/example_bash_operator.py took 0.052 seconds
[2024-06-10 10:33:37,243] {scheduler_job.py:181} INFO - Started process (PID=78263) to work on /home/anhcu/Project/Stock_project/airflow_venv/lib/python3.8/site-packages/airflow/example_dags/example_bash_operator.py
[2024-06-10 10:33:37,244] {scheduler_job.py:629} INFO - Processing file /home/anhcu/Project/Stock_project/airflow_venv/lib/python3.8/site-packages/airflow/example_dags/example_bash_operator.py for tasks to queue
[2024-06-10 10:33:37,245] {logging_mixin.py:103} INFO - [2024-06-10 10:33:37,245] {dagbag.py:440} INFO - Filling up the DagBag from /home/anhcu/Project/Stock_project/airflow_venv/lib/python3.8/site-packages/airflow/example_dags/example_bash_operator.py
[2024-06-10 10:33:37,257] {scheduler_job.py:639} INFO - DAG(s) dict_keys(['example_bash_operator']) retrieved from /home/anhcu/Project/Stock_project/airflow_venv/lib/python3.8/site-packages/airflow/example_dags/example_bash_operator.py
[2024-06-10 10:33:37,258] {logging_mixin.py:103} INFO - [2024-06-10 10:33:37,258] {dag.py:1813} INFO - Sync 1 DAGs
[2024-06-10 10:33:37,279] {logging_mixin.py:103} INFO - [2024-06-10 10:33:37,278] {dag.py:2266} INFO - Setting next_dagrun for example_bash_operator to 2024-06-08 00:00:00+00:00
[2024-06-10 10:33:37,290] {scheduler_job.py:189} INFO - Processing /home/anhcu/Project/Stock_project/airflow_venv/lib/python3.8/site-packages/airflow/example_dags/example_bash_operator.py took 0.052 seconds
[2024-06-10 10:34:05,567] {scheduler_job.py:181} INFO - Started process (PID=78423) to work on /home/anhcu/Project/Stock_project/airflow_venv/lib/python3.8/site-packages/airflow/example_dags/example_bash_operator.py
[2024-06-10 10:34:05,568] {scheduler_job.py:629} INFO - Processing file /home/anhcu/Project/Stock_project/airflow_venv/lib/python3.8/site-packages/airflow/example_dags/example_bash_operator.py for tasks to queue
[2024-06-10 10:34:05,569] {logging_mixin.py:103} INFO - [2024-06-10 10:34:05,569] {dagbag.py:440} INFO - Filling up the DagBag from /home/anhcu/Project/Stock_project/airflow_venv/lib/python3.8/site-packages/airflow/example_dags/example_bash_operator.py
[2024-06-10 10:34:05,581] {scheduler_job.py:639} INFO - DAG(s) dict_keys(['example_bash_operator']) retrieved from /home/anhcu/Project/Stock_project/airflow_venv/lib/python3.8/site-packages/airflow/example_dags/example_bash_operator.py
[2024-06-10 10:34:05,582] {logging_mixin.py:103} INFO - [2024-06-10 10:34:05,582] {dag.py:1813} INFO - Sync 1 DAGs
[2024-06-10 10:34:05,606] {logging_mixin.py:103} INFO - [2024-06-10 10:34:05,606] {dag.py:2266} INFO - Setting next_dagrun for example_bash_operator to 2024-06-08 00:00:00+00:00
[2024-06-10 10:34:05,618] {scheduler_job.py:189} INFO - Processing /home/anhcu/Project/Stock_project/airflow_venv/lib/python3.8/site-packages/airflow/example_dags/example_bash_operator.py took 0.055 seconds
[2024-06-10 10:34:33,597] {scheduler_job.py:181} INFO - Started process (PID=78614) to work on /home/anhcu/Project/Stock_project/airflow_venv/lib/python3.8/site-packages/airflow/example_dags/example_bash_operator.py
[2024-06-10 10:34:33,599] {scheduler_job.py:629} INFO - Processing file /home/anhcu/Project/Stock_project/airflow_venv/lib/python3.8/site-packages/airflow/example_dags/example_bash_operator.py for tasks to queue
[2024-06-10 10:34:33,601] {logging_mixin.py:103} INFO - [2024-06-10 10:34:33,601] {dagbag.py:440} INFO - Filling up the DagBag from /home/anhcu/Project/Stock_project/airflow_venv/lib/python3.8/site-packages/airflow/example_dags/example_bash_operator.py
[2024-06-10 10:34:33,611] {scheduler_job.py:639} INFO - DAG(s) dict_keys(['example_bash_operator']) retrieved from /home/anhcu/Project/Stock_project/airflow_venv/lib/python3.8/site-packages/airflow/example_dags/example_bash_operator.py
[2024-06-10 10:34:33,613] {logging_mixin.py:103} INFO - [2024-06-10 10:34:33,613] {dag.py:1813} INFO - Sync 1 DAGs
[2024-06-10 10:34:33,634] {logging_mixin.py:103} INFO - [2024-06-10 10:34:33,634] {dag.py:2266} INFO - Setting next_dagrun for example_bash_operator to 2024-06-08 00:00:00+00:00
[2024-06-10 10:34:33,647] {scheduler_job.py:189} INFO - Processing /home/anhcu/Project/Stock_project/airflow_venv/lib/python3.8/site-packages/airflow/example_dags/example_bash_operator.py took 0.055 seconds
[2024-06-10 10:35:01,174] {scheduler_job.py:181} INFO - Started process (PID=78813) to work on /home/anhcu/Project/Stock_project/airflow_venv/lib/python3.8/site-packages/airflow/example_dags/example_bash_operator.py
[2024-06-10 10:35:01,176] {scheduler_job.py:629} INFO - Processing file /home/anhcu/Project/Stock_project/airflow_venv/lib/python3.8/site-packages/airflow/example_dags/example_bash_operator.py for tasks to queue
[2024-06-10 10:35:01,178] {logging_mixin.py:103} INFO - [2024-06-10 10:35:01,178] {dagbag.py:440} INFO - Filling up the DagBag from /home/anhcu/Project/Stock_project/airflow_venv/lib/python3.8/site-packages/airflow/example_dags/example_bash_operator.py
[2024-06-10 10:35:01,189] {scheduler_job.py:639} INFO - DAG(s) dict_keys(['example_bash_operator']) retrieved from /home/anhcu/Project/Stock_project/airflow_venv/lib/python3.8/site-packages/airflow/example_dags/example_bash_operator.py
[2024-06-10 10:35:01,190] {logging_mixin.py:103} INFO - [2024-06-10 10:35:01,190] {dag.py:1813} INFO - Sync 1 DAGs
[2024-06-10 10:35:01,231] {logging_mixin.py:103} INFO - [2024-06-10 10:35:01,231] {dag.py:2266} INFO - Setting next_dagrun for example_bash_operator to 2024-06-08 00:00:00+00:00
[2024-06-10 10:35:01,266] {scheduler_job.py:189} INFO - Processing /home/anhcu/Project/Stock_project/airflow_venv/lib/python3.8/site-packages/airflow/example_dags/example_bash_operator.py took 0.096 seconds
[2024-06-10 10:35:57,671] {scheduler_job.py:181} INFO - Started process (PID=79539) to work on /home/anhcu/Project/Stock_project/airflow_venv/lib/python3.8/site-packages/airflow/example_dags/example_bash_operator.py
[2024-06-10 10:35:57,676] {scheduler_job.py:629} INFO - Processing file /home/anhcu/Project/Stock_project/airflow_venv/lib/python3.8/site-packages/airflow/example_dags/example_bash_operator.py for tasks to queue
[2024-06-10 10:35:57,676] {logging_mixin.py:103} INFO - [2024-06-10 10:35:57,676] {dagbag.py:440} INFO - Filling up the DagBag from /home/anhcu/Project/Stock_project/airflow_venv/lib/python3.8/site-packages/airflow/example_dags/example_bash_operator.py
[2024-06-10 10:35:57,688] {scheduler_job.py:639} INFO - DAG(s) dict_keys(['example_bash_operator']) retrieved from /home/anhcu/Project/Stock_project/airflow_venv/lib/python3.8/site-packages/airflow/example_dags/example_bash_operator.py
[2024-06-10 10:35:57,689] {logging_mixin.py:103} INFO - [2024-06-10 10:35:57,689] {dag.py:1813} INFO - Sync 1 DAGs
[2024-06-10 10:35:57,710] {logging_mixin.py:103} INFO - [2024-06-10 10:35:57,710] {dag.py:2266} INFO - Setting next_dagrun for example_bash_operator to 2024-06-08 00:00:00+00:00
[2024-06-10 10:35:57,723] {scheduler_job.py:189} INFO - Processing /home/anhcu/Project/Stock_project/airflow_venv/lib/python3.8/site-packages/airflow/example_dags/example_bash_operator.py took 0.055 seconds
