[2024-06-10 09:58:53,927] {scheduler_job.py:181} INFO - Started process (PID=62853) to work on /home/anhcu/Project/Stock_project/airflow_venv/lib/python3.8/site-packages/airflow/example_dags/example_dag_decorator.py
[2024-06-10 09:58:53,929] {scheduler_job.py:629} INFO - Processing file /home/anhcu/Project/Stock_project/airflow_venv/lib/python3.8/site-packages/airflow/example_dags/example_dag_decorator.py for tasks to queue
[2024-06-10 09:58:53,934] {logging_mixin.py:103} INFO - [2024-06-10 09:58:53,934] {dagbag.py:440} INFO - Filling up the DagBag from /home/anhcu/Project/Stock_project/airflow_venv/lib/python3.8/site-packages/airflow/example_dags/example_dag_decorator.py
[2024-06-10 09:58:53,978] {scheduler_job.py:639} INFO - DAG(s) dict_keys(['example_dag_decorator']) retrieved from /home/anhcu/Project/Stock_project/airflow_venv/lib/python3.8/site-packages/airflow/example_dags/example_dag_decorator.py
[2024-06-10 09:58:53,980] {logging_mixin.py:103} INFO - [2024-06-10 09:58:53,980] {dag.py:1813} INFO - Sync 1 DAGs
[2024-06-10 09:58:54,152] {logging_mixin.py:103} INFO - [2024-06-10 09:58:54,152] {dag.py:2266} INFO - Setting next_dagrun for example_dag_decorator to None
[2024-06-10 09:58:54,215] {scheduler_job.py:189} INFO - Processing /home/anhcu/Project/Stock_project/airflow_venv/lib/python3.8/site-packages/airflow/example_dags/example_dag_decorator.py took 0.296 seconds
[2024-06-10 09:59:46,414] {scheduler_job.py:181} INFO - Started process (PID=63187) to work on /home/anhcu/Project/Stock_project/airflow_venv/lib/python3.8/site-packages/airflow/example_dags/example_dag_decorator.py
[2024-06-10 09:59:46,423] {scheduler_job.py:629} INFO - Processing file /home/anhcu/Project/Stock_project/airflow_venv/lib/python3.8/site-packages/airflow/example_dags/example_dag_decorator.py for tasks to queue
[2024-06-10 09:59:46,424] {logging_mixin.py:103} INFO - [2024-06-10 09:59:46,424] {dagbag.py:440} INFO - Filling up the DagBag from /home/anhcu/Project/Stock_project/airflow_venv/lib/python3.8/site-packages/airflow/example_dags/example_dag_decorator.py
[2024-06-10 09:59:46,468] {scheduler_job.py:639} INFO - DAG(s) dict_keys(['example_dag_decorator']) retrieved from /home/anhcu/Project/Stock_project/airflow_venv/lib/python3.8/site-packages/airflow/example_dags/example_dag_decorator.py
[2024-06-10 09:59:46,469] {logging_mixin.py:103} INFO - [2024-06-10 09:59:46,469] {dag.py:1813} INFO - Sync 1 DAGs
[2024-06-10 09:59:46,731] {logging_mixin.py:103} INFO - [2024-06-10 09:59:46,731] {dag.py:2266} INFO - Setting next_dagrun for example_dag_decorator to None
[2024-06-10 09:59:46,888] {scheduler_job.py:189} INFO - Processing /home/anhcu/Project/Stock_project/airflow_venv/lib/python3.8/site-packages/airflow/example_dags/example_dag_decorator.py took 0.484 seconds
[2024-06-10 10:00:34,443] {scheduler_job.py:181} INFO - Started process (PID=63458) to work on /home/anhcu/Project/Stock_project/airflow_venv/lib/python3.8/site-packages/airflow/example_dags/example_dag_decorator.py
[2024-06-10 10:00:34,451] {scheduler_job.py:629} INFO - Processing file /home/anhcu/Project/Stock_project/airflow_venv/lib/python3.8/site-packages/airflow/example_dags/example_dag_decorator.py for tasks to queue
[2024-06-10 10:00:34,459] {logging_mixin.py:103} INFO - [2024-06-10 10:00:34,458] {dagbag.py:440} INFO - Filling up the DagBag from /home/anhcu/Project/Stock_project/airflow_venv/lib/python3.8/site-packages/airflow/example_dags/example_dag_decorator.py
[2024-06-10 10:00:34,628] {scheduler_job.py:639} INFO - DAG(s) dict_keys(['example_dag_decorator']) retrieved from /home/anhcu/Project/Stock_project/airflow_venv/lib/python3.8/site-packages/airflow/example_dags/example_dag_decorator.py
[2024-06-10 10:00:34,630] {logging_mixin.py:103} INFO - [2024-06-10 10:00:34,630] {dag.py:1813} INFO - Sync 1 DAGs
[2024-06-10 10:00:34,678] {logging_mixin.py:103} INFO - [2024-06-10 10:00:34,678] {dag.py:2266} INFO - Setting next_dagrun for example_dag_decorator to None
[2024-06-10 10:00:34,731] {scheduler_job.py:189} INFO - Processing /home/anhcu/Project/Stock_project/airflow_venv/lib/python3.8/site-packages/airflow/example_dags/example_dag_decorator.py took 0.308 seconds
[2024-06-10 10:01:19,952] {scheduler_job.py:181} INFO - Started process (PID=63799) to work on /home/anhcu/Project/Stock_project/airflow_venv/lib/python3.8/site-packages/airflow/example_dags/example_dag_decorator.py
[2024-06-10 10:01:19,953] {scheduler_job.py:629} INFO - Processing file /home/anhcu/Project/Stock_project/airflow_venv/lib/python3.8/site-packages/airflow/example_dags/example_dag_decorator.py for tasks to queue
[2024-06-10 10:01:19,954] {logging_mixin.py:103} INFO - [2024-06-10 10:01:19,954] {dagbag.py:440} INFO - Filling up the DagBag from /home/anhcu/Project/Stock_project/airflow_venv/lib/python3.8/site-packages/airflow/example_dags/example_dag_decorator.py
[2024-06-10 10:01:20,374] {scheduler_job.py:639} INFO - DAG(s) dict_keys(['example_dag_decorator']) retrieved from /home/anhcu/Project/Stock_project/airflow_venv/lib/python3.8/site-packages/airflow/example_dags/example_dag_decorator.py
[2024-06-10 10:01:20,376] {logging_mixin.py:103} INFO - [2024-06-10 10:01:20,376] {dag.py:1813} INFO - Sync 1 DAGs
[2024-06-10 10:01:20,413] {logging_mixin.py:103} INFO - [2024-06-10 10:01:20,413] {dag.py:2266} INFO - Setting next_dagrun for example_dag_decorator to None
[2024-06-10 10:01:20,442] {scheduler_job.py:189} INFO - Processing /home/anhcu/Project/Stock_project/airflow_venv/lib/python3.8/site-packages/airflow/example_dags/example_dag_decorator.py took 0.507 seconds
[2024-06-10 10:02:06,419] {scheduler_job.py:181} INFO - Started process (PID=64022) to work on /home/anhcu/Project/Stock_project/airflow_venv/lib/python3.8/site-packages/airflow/example_dags/example_dag_decorator.py
[2024-06-10 10:02:06,424] {scheduler_job.py:629} INFO - Processing file /home/anhcu/Project/Stock_project/airflow_venv/lib/python3.8/site-packages/airflow/example_dags/example_dag_decorator.py for tasks to queue
[2024-06-10 10:02:06,426] {logging_mixin.py:103} INFO - [2024-06-10 10:02:06,426] {dagbag.py:440} INFO - Filling up the DagBag from /home/anhcu/Project/Stock_project/airflow_venv/lib/python3.8/site-packages/airflow/example_dags/example_dag_decorator.py
[2024-06-10 10:02:06,472] {scheduler_job.py:639} INFO - DAG(s) dict_keys(['example_dag_decorator']) retrieved from /home/anhcu/Project/Stock_project/airflow_venv/lib/python3.8/site-packages/airflow/example_dags/example_dag_decorator.py
[2024-06-10 10:02:06,473] {logging_mixin.py:103} INFO - [2024-06-10 10:02:06,473] {dag.py:1813} INFO - Sync 1 DAGs
[2024-06-10 10:02:06,887] {logging_mixin.py:103} INFO - [2024-06-10 10:02:06,887] {dag.py:2266} INFO - Setting next_dagrun for example_dag_decorator to None
[2024-06-10 10:02:06,916] {scheduler_job.py:189} INFO - Processing /home/anhcu/Project/Stock_project/airflow_venv/lib/python3.8/site-packages/airflow/example_dags/example_dag_decorator.py took 0.511 seconds
[2024-06-10 10:07:30,965] {scheduler_job.py:181} INFO - Started process (PID=67158) to work on /home/anhcu/Project/Stock_project/airflow_venv/lib/python3.8/site-packages/airflow/example_dags/example_dag_decorator.py
[2024-06-10 10:07:30,968] {scheduler_job.py:629} INFO - Processing file /home/anhcu/Project/Stock_project/airflow_venv/lib/python3.8/site-packages/airflow/example_dags/example_dag_decorator.py for tasks to queue
[2024-06-10 10:07:30,969] {logging_mixin.py:103} INFO - [2024-06-10 10:07:30,968] {dagbag.py:440} INFO - Filling up the DagBag from /home/anhcu/Project/Stock_project/airflow_venv/lib/python3.8/site-packages/airflow/example_dags/example_dag_decorator.py
[2024-06-10 10:07:30,979] {scheduler_job.py:639} INFO - DAG(s) dict_keys(['example_dag_decorator']) retrieved from /home/anhcu/Project/Stock_project/airflow_venv/lib/python3.8/site-packages/airflow/example_dags/example_dag_decorator.py
[2024-06-10 10:07:30,980] {logging_mixin.py:103} INFO - [2024-06-10 10:07:30,979] {dag.py:1813} INFO - Sync 1 DAGs
[2024-06-10 10:07:30,995] {logging_mixin.py:103} INFO - [2024-06-10 10:07:30,994] {dag.py:2266} INFO - Setting next_dagrun for example_dag_decorator to None
[2024-06-10 10:07:31,016] {scheduler_job.py:189} INFO - Processing /home/anhcu/Project/Stock_project/airflow_venv/lib/python3.8/site-packages/airflow/example_dags/example_dag_decorator.py took 0.055 seconds
[2024-06-10 10:08:00,245] {scheduler_job.py:181} INFO - Started process (PID=67350) to work on /home/anhcu/Project/Stock_project/airflow_venv/lib/python3.8/site-packages/airflow/example_dags/example_dag_decorator.py
[2024-06-10 10:08:00,248] {scheduler_job.py:629} INFO - Processing file /home/anhcu/Project/Stock_project/airflow_venv/lib/python3.8/site-packages/airflow/example_dags/example_dag_decorator.py for tasks to queue
[2024-06-10 10:08:00,248] {logging_mixin.py:103} INFO - [2024-06-10 10:08:00,248] {dagbag.py:440} INFO - Filling up the DagBag from /home/anhcu/Project/Stock_project/airflow_venv/lib/python3.8/site-packages/airflow/example_dags/example_dag_decorator.py
[2024-06-10 10:08:00,258] {scheduler_job.py:639} INFO - DAG(s) dict_keys(['example_dag_decorator']) retrieved from /home/anhcu/Project/Stock_project/airflow_venv/lib/python3.8/site-packages/airflow/example_dags/example_dag_decorator.py
[2024-06-10 10:08:00,259] {logging_mixin.py:103} INFO - [2024-06-10 10:08:00,259] {dag.py:1813} INFO - Sync 1 DAGs
[2024-06-10 10:08:00,274] {logging_mixin.py:103} INFO - [2024-06-10 10:08:00,274] {dag.py:2266} INFO - Setting next_dagrun for example_dag_decorator to None
[2024-06-10 10:08:00,281] {scheduler_job.py:189} INFO - Processing /home/anhcu/Project/Stock_project/airflow_venv/lib/python3.8/site-packages/airflow/example_dags/example_dag_decorator.py took 0.039 seconds
[2024-06-10 10:08:28,669] {scheduler_job.py:181} INFO - Started process (PID=67546) to work on /home/anhcu/Project/Stock_project/airflow_venv/lib/python3.8/site-packages/airflow/example_dags/example_dag_decorator.py
[2024-06-10 10:08:28,671] {scheduler_job.py:629} INFO - Processing file /home/anhcu/Project/Stock_project/airflow_venv/lib/python3.8/site-packages/airflow/example_dags/example_dag_decorator.py for tasks to queue
[2024-06-10 10:08:28,671] {logging_mixin.py:103} INFO - [2024-06-10 10:08:28,671] {dagbag.py:440} INFO - Filling up the DagBag from /home/anhcu/Project/Stock_project/airflow_venv/lib/python3.8/site-packages/airflow/example_dags/example_dag_decorator.py
[2024-06-10 10:08:28,682] {scheduler_job.py:639} INFO - DAG(s) dict_keys(['example_dag_decorator']) retrieved from /home/anhcu/Project/Stock_project/airflow_venv/lib/python3.8/site-packages/airflow/example_dags/example_dag_decorator.py
[2024-06-10 10:08:28,683] {logging_mixin.py:103} INFO - [2024-06-10 10:08:28,683] {dag.py:1813} INFO - Sync 1 DAGs
[2024-06-10 10:08:28,698] {logging_mixin.py:103} INFO - [2024-06-10 10:08:28,698] {dag.py:2266} INFO - Setting next_dagrun for example_dag_decorator to None
[2024-06-10 10:08:28,719] {scheduler_job.py:189} INFO - Processing /home/anhcu/Project/Stock_project/airflow_venv/lib/python3.8/site-packages/airflow/example_dags/example_dag_decorator.py took 0.054 seconds
[2024-06-10 10:08:56,539] {scheduler_job.py:181} INFO - Started process (PID=67738) to work on /home/anhcu/Project/Stock_project/airflow_venv/lib/python3.8/site-packages/airflow/example_dags/example_dag_decorator.py
[2024-06-10 10:08:56,540] {scheduler_job.py:629} INFO - Processing file /home/anhcu/Project/Stock_project/airflow_venv/lib/python3.8/site-packages/airflow/example_dags/example_dag_decorator.py for tasks to queue
[2024-06-10 10:08:56,541] {logging_mixin.py:103} INFO - [2024-06-10 10:08:56,541] {dagbag.py:440} INFO - Filling up the DagBag from /home/anhcu/Project/Stock_project/airflow_venv/lib/python3.8/site-packages/airflow/example_dags/example_dag_decorator.py
[2024-06-10 10:08:56,554] {scheduler_job.py:639} INFO - DAG(s) dict_keys(['example_dag_decorator']) retrieved from /home/anhcu/Project/Stock_project/airflow_venv/lib/python3.8/site-packages/airflow/example_dags/example_dag_decorator.py
[2024-06-10 10:08:56,555] {logging_mixin.py:103} INFO - [2024-06-10 10:08:56,555] {dag.py:1813} INFO - Sync 1 DAGs
[2024-06-10 10:08:56,575] {logging_mixin.py:103} INFO - [2024-06-10 10:08:56,575] {dag.py:2266} INFO - Setting next_dagrun for example_dag_decorator to None
[2024-06-10 10:08:56,583] {scheduler_job.py:189} INFO - Processing /home/anhcu/Project/Stock_project/airflow_venv/lib/python3.8/site-packages/airflow/example_dags/example_dag_decorator.py took 0.053 seconds
[2024-06-10 10:09:23,239] {scheduler_job.py:181} INFO - Started process (PID=67927) to work on /home/anhcu/Project/Stock_project/airflow_venv/lib/python3.8/site-packages/airflow/example_dags/example_dag_decorator.py
[2024-06-10 10:09:23,241] {scheduler_job.py:629} INFO - Processing file /home/anhcu/Project/Stock_project/airflow_venv/lib/python3.8/site-packages/airflow/example_dags/example_dag_decorator.py for tasks to queue
[2024-06-10 10:09:23,242] {logging_mixin.py:103} INFO - [2024-06-10 10:09:23,241] {dagbag.py:440} INFO - Filling up the DagBag from /home/anhcu/Project/Stock_project/airflow_venv/lib/python3.8/site-packages/airflow/example_dags/example_dag_decorator.py
[2024-06-10 10:09:23,255] {scheduler_job.py:639} INFO - DAG(s) dict_keys(['example_dag_decorator']) retrieved from /home/anhcu/Project/Stock_project/airflow_venv/lib/python3.8/site-packages/airflow/example_dags/example_dag_decorator.py
[2024-06-10 10:09:23,256] {logging_mixin.py:103} INFO - [2024-06-10 10:09:23,256] {dag.py:1813} INFO - Sync 1 DAGs
[2024-06-10 10:09:23,271] {logging_mixin.py:103} INFO - [2024-06-10 10:09:23,271] {dag.py:2266} INFO - Setting next_dagrun for example_dag_decorator to None
[2024-06-10 10:09:23,292] {scheduler_job.py:189} INFO - Processing /home/anhcu/Project/Stock_project/airflow_venv/lib/python3.8/site-packages/airflow/example_dags/example_dag_decorator.py took 0.056 seconds
[2024-06-10 10:09:50,578] {scheduler_job.py:181} INFO - Started process (PID=68088) to work on /home/anhcu/Project/Stock_project/airflow_venv/lib/python3.8/site-packages/airflow/example_dags/example_dag_decorator.py
[2024-06-10 10:09:50,580] {scheduler_job.py:629} INFO - Processing file /home/anhcu/Project/Stock_project/airflow_venv/lib/python3.8/site-packages/airflow/example_dags/example_dag_decorator.py for tasks to queue
[2024-06-10 10:09:50,581] {logging_mixin.py:103} INFO - [2024-06-10 10:09:50,581] {dagbag.py:440} INFO - Filling up the DagBag from /home/anhcu/Project/Stock_project/airflow_venv/lib/python3.8/site-packages/airflow/example_dags/example_dag_decorator.py
[2024-06-10 10:09:50,593] {scheduler_job.py:639} INFO - DAG(s) dict_keys(['example_dag_decorator']) retrieved from /home/anhcu/Project/Stock_project/airflow_venv/lib/python3.8/site-packages/airflow/example_dags/example_dag_decorator.py
[2024-06-10 10:09:50,595] {logging_mixin.py:103} INFO - [2024-06-10 10:09:50,594] {dag.py:1813} INFO - Sync 1 DAGs
[2024-06-10 10:09:50,612] {logging_mixin.py:103} INFO - [2024-06-10 10:09:50,612] {dag.py:2266} INFO - Setting next_dagrun for example_dag_decorator to None
[2024-06-10 10:09:50,620] {scheduler_job.py:189} INFO - Processing /home/anhcu/Project/Stock_project/airflow_venv/lib/python3.8/site-packages/airflow/example_dags/example_dag_decorator.py took 0.047 seconds
[2024-06-10 10:10:19,332] {scheduler_job.py:181} INFO - Started process (PID=68248) to work on /home/anhcu/Project/Stock_project/airflow_venv/lib/python3.8/site-packages/airflow/example_dags/example_dag_decorator.py
[2024-06-10 10:10:19,334] {scheduler_job.py:629} INFO - Processing file /home/anhcu/Project/Stock_project/airflow_venv/lib/python3.8/site-packages/airflow/example_dags/example_dag_decorator.py for tasks to queue
[2024-06-10 10:10:19,335] {logging_mixin.py:103} INFO - [2024-06-10 10:10:19,334] {dagbag.py:440} INFO - Filling up the DagBag from /home/anhcu/Project/Stock_project/airflow_venv/lib/python3.8/site-packages/airflow/example_dags/example_dag_decorator.py
[2024-06-10 10:10:19,345] {scheduler_job.py:639} INFO - DAG(s) dict_keys(['example_dag_decorator']) retrieved from /home/anhcu/Project/Stock_project/airflow_venv/lib/python3.8/site-packages/airflow/example_dags/example_dag_decorator.py
[2024-06-10 10:10:19,346] {logging_mixin.py:103} INFO - [2024-06-10 10:10:19,346] {dag.py:1813} INFO - Sync 1 DAGs
[2024-06-10 10:10:19,372] {logging_mixin.py:103} INFO - [2024-06-10 10:10:19,371] {dag.py:2266} INFO - Setting next_dagrun for example_dag_decorator to None
[2024-06-10 10:10:19,392] {scheduler_job.py:189} INFO - Processing /home/anhcu/Project/Stock_project/airflow_venv/lib/python3.8/site-packages/airflow/example_dags/example_dag_decorator.py took 0.064 seconds
[2024-06-10 10:10:46,726] {scheduler_job.py:181} INFO - Started process (PID=68406) to work on /home/anhcu/Project/Stock_project/airflow_venv/lib/python3.8/site-packages/airflow/example_dags/example_dag_decorator.py
[2024-06-10 10:10:46,727] {scheduler_job.py:629} INFO - Processing file /home/anhcu/Project/Stock_project/airflow_venv/lib/python3.8/site-packages/airflow/example_dags/example_dag_decorator.py for tasks to queue
[2024-06-10 10:10:46,728] {logging_mixin.py:103} INFO - [2024-06-10 10:10:46,728] {dagbag.py:440} INFO - Filling up the DagBag from /home/anhcu/Project/Stock_project/airflow_venv/lib/python3.8/site-packages/airflow/example_dags/example_dag_decorator.py
[2024-06-10 10:10:46,739] {scheduler_job.py:639} INFO - DAG(s) dict_keys(['example_dag_decorator']) retrieved from /home/anhcu/Project/Stock_project/airflow_venv/lib/python3.8/site-packages/airflow/example_dags/example_dag_decorator.py
[2024-06-10 10:10:46,740] {logging_mixin.py:103} INFO - [2024-06-10 10:10:46,740] {dag.py:1813} INFO - Sync 1 DAGs
[2024-06-10 10:10:46,754] {logging_mixin.py:103} INFO - [2024-06-10 10:10:46,754] {dag.py:2266} INFO - Setting next_dagrun for example_dag_decorator to None
[2024-06-10 10:10:46,761] {scheduler_job.py:189} INFO - Processing /home/anhcu/Project/Stock_project/airflow_venv/lib/python3.8/site-packages/airflow/example_dags/example_dag_decorator.py took 0.039 seconds
[2024-06-10 10:11:16,013] {scheduler_job.py:181} INFO - Started process (PID=68635) to work on /home/anhcu/Project/Stock_project/airflow_venv/lib/python3.8/site-packages/airflow/example_dags/example_dag_decorator.py
[2024-06-10 10:11:16,015] {scheduler_job.py:629} INFO - Processing file /home/anhcu/Project/Stock_project/airflow_venv/lib/python3.8/site-packages/airflow/example_dags/example_dag_decorator.py for tasks to queue
[2024-06-10 10:11:16,016] {logging_mixin.py:103} INFO - [2024-06-10 10:11:16,016] {dagbag.py:440} INFO - Filling up the DagBag from /home/anhcu/Project/Stock_project/airflow_venv/lib/python3.8/site-packages/airflow/example_dags/example_dag_decorator.py
[2024-06-10 10:11:16,027] {scheduler_job.py:639} INFO - DAG(s) dict_keys(['example_dag_decorator']) retrieved from /home/anhcu/Project/Stock_project/airflow_venv/lib/python3.8/site-packages/airflow/example_dags/example_dag_decorator.py
[2024-06-10 10:11:16,028] {logging_mixin.py:103} INFO - [2024-06-10 10:11:16,028] {dag.py:1813} INFO - Sync 1 DAGs
[2024-06-10 10:11:16,045] {logging_mixin.py:103} INFO - [2024-06-10 10:11:16,045] {dag.py:2266} INFO - Setting next_dagrun for example_dag_decorator to None
[2024-06-10 10:11:16,069] {scheduler_job.py:189} INFO - Processing /home/anhcu/Project/Stock_project/airflow_venv/lib/python3.8/site-packages/airflow/example_dags/example_dag_decorator.py took 0.060 seconds
[2024-06-10 10:12:10,095] {scheduler_job.py:181} INFO - Started process (PID=68938) to work on /home/anhcu/Project/Stock_project/airflow_venv/lib/python3.8/site-packages/airflow/example_dags/example_dag_decorator.py
[2024-06-10 10:12:10,096] {scheduler_job.py:629} INFO - Processing file /home/anhcu/Project/Stock_project/airflow_venv/lib/python3.8/site-packages/airflow/example_dags/example_dag_decorator.py for tasks to queue
[2024-06-10 10:12:10,097] {logging_mixin.py:103} INFO - [2024-06-10 10:12:10,097] {dagbag.py:440} INFO - Filling up the DagBag from /home/anhcu/Project/Stock_project/airflow_venv/lib/python3.8/site-packages/airflow/example_dags/example_dag_decorator.py
[2024-06-10 10:12:10,110] {scheduler_job.py:639} INFO - DAG(s) dict_keys(['example_dag_decorator']) retrieved from /home/anhcu/Project/Stock_project/airflow_venv/lib/python3.8/site-packages/airflow/example_dags/example_dag_decorator.py
[2024-06-10 10:12:10,111] {logging_mixin.py:103} INFO - [2024-06-10 10:12:10,111] {dag.py:1813} INFO - Sync 1 DAGs
[2024-06-10 10:12:10,126] {logging_mixin.py:103} INFO - [2024-06-10 10:12:10,126] {dag.py:2266} INFO - Setting next_dagrun for example_dag_decorator to None
[2024-06-10 10:12:10,148] {scheduler_job.py:189} INFO - Processing /home/anhcu/Project/Stock_project/airflow_venv/lib/python3.8/site-packages/airflow/example_dags/example_dag_decorator.py took 0.057 seconds
[2024-06-10 10:12:42,251] {scheduler_job.py:181} INFO - Started process (PID=69143) to work on /home/anhcu/Project/Stock_project/airflow_venv/lib/python3.8/site-packages/airflow/example_dags/example_dag_decorator.py
[2024-06-10 10:12:42,253] {scheduler_job.py:629} INFO - Processing file /home/anhcu/Project/Stock_project/airflow_venv/lib/python3.8/site-packages/airflow/example_dags/example_dag_decorator.py for tasks to queue
[2024-06-10 10:12:42,254] {logging_mixin.py:103} INFO - [2024-06-10 10:12:42,254] {dagbag.py:440} INFO - Filling up the DagBag from /home/anhcu/Project/Stock_project/airflow_venv/lib/python3.8/site-packages/airflow/example_dags/example_dag_decorator.py
[2024-06-10 10:12:42,266] {scheduler_job.py:639} INFO - DAG(s) dict_keys(['example_dag_decorator']) retrieved from /home/anhcu/Project/Stock_project/airflow_venv/lib/python3.8/site-packages/airflow/example_dags/example_dag_decorator.py
[2024-06-10 10:12:42,267] {logging_mixin.py:103} INFO - [2024-06-10 10:12:42,267] {dag.py:1813} INFO - Sync 1 DAGs
[2024-06-10 10:12:42,284] {logging_mixin.py:103} INFO - [2024-06-10 10:12:42,284] {dag.py:2266} INFO - Setting next_dagrun for example_dag_decorator to None
[2024-06-10 10:12:42,304] {scheduler_job.py:189} INFO - Processing /home/anhcu/Project/Stock_project/airflow_venv/lib/python3.8/site-packages/airflow/example_dags/example_dag_decorator.py took 0.056 seconds
[2024-06-10 10:13:10,848] {scheduler_job.py:181} INFO - Started process (PID=69297) to work on /home/anhcu/Project/Stock_project/airflow_venv/lib/python3.8/site-packages/airflow/example_dags/example_dag_decorator.py
[2024-06-10 10:13:10,849] {scheduler_job.py:629} INFO - Processing file /home/anhcu/Project/Stock_project/airflow_venv/lib/python3.8/site-packages/airflow/example_dags/example_dag_decorator.py for tasks to queue
[2024-06-10 10:13:10,850] {logging_mixin.py:103} INFO - [2024-06-10 10:13:10,850] {dagbag.py:440} INFO - Filling up the DagBag from /home/anhcu/Project/Stock_project/airflow_venv/lib/python3.8/site-packages/airflow/example_dags/example_dag_decorator.py
[2024-06-10 10:13:10,865] {scheduler_job.py:639} INFO - DAG(s) dict_keys(['example_dag_decorator']) retrieved from /home/anhcu/Project/Stock_project/airflow_venv/lib/python3.8/site-packages/airflow/example_dags/example_dag_decorator.py
[2024-06-10 10:13:10,866] {logging_mixin.py:103} INFO - [2024-06-10 10:13:10,866] {dag.py:1813} INFO - Sync 1 DAGs
[2024-06-10 10:13:10,890] {logging_mixin.py:103} INFO - [2024-06-10 10:13:10,889] {dag.py:2266} INFO - Setting next_dagrun for example_dag_decorator to None
[2024-06-10 10:13:10,897] {scheduler_job.py:189} INFO - Processing /home/anhcu/Project/Stock_project/airflow_venv/lib/python3.8/site-packages/airflow/example_dags/example_dag_decorator.py took 0.053 seconds
[2024-06-10 10:13:40,492] {scheduler_job.py:181} INFO - Started process (PID=69451) to work on /home/anhcu/Project/Stock_project/airflow_venv/lib/python3.8/site-packages/airflow/example_dags/example_dag_decorator.py
[2024-06-10 10:13:40,493] {scheduler_job.py:629} INFO - Processing file /home/anhcu/Project/Stock_project/airflow_venv/lib/python3.8/site-packages/airflow/example_dags/example_dag_decorator.py for tasks to queue
[2024-06-10 10:13:40,494] {logging_mixin.py:103} INFO - [2024-06-10 10:13:40,494] {dagbag.py:440} INFO - Filling up the DagBag from /home/anhcu/Project/Stock_project/airflow_venv/lib/python3.8/site-packages/airflow/example_dags/example_dag_decorator.py
[2024-06-10 10:13:40,508] {scheduler_job.py:639} INFO - DAG(s) dict_keys(['example_dag_decorator']) retrieved from /home/anhcu/Project/Stock_project/airflow_venv/lib/python3.8/site-packages/airflow/example_dags/example_dag_decorator.py
[2024-06-10 10:13:40,509] {logging_mixin.py:103} INFO - [2024-06-10 10:13:40,509] {dag.py:1813} INFO - Sync 1 DAGs
[2024-06-10 10:13:40,526] {logging_mixin.py:103} INFO - [2024-06-10 10:13:40,526] {dag.py:2266} INFO - Setting next_dagrun for example_dag_decorator to None
[2024-06-10 10:13:40,547] {scheduler_job.py:189} INFO - Processing /home/anhcu/Project/Stock_project/airflow_venv/lib/python3.8/site-packages/airflow/example_dags/example_dag_decorator.py took 0.058 seconds
[2024-06-10 10:14:10,022] {scheduler_job.py:181} INFO - Started process (PID=69606) to work on /home/anhcu/Project/Stock_project/airflow_venv/lib/python3.8/site-packages/airflow/example_dags/example_dag_decorator.py
[2024-06-10 10:14:10,023] {scheduler_job.py:629} INFO - Processing file /home/anhcu/Project/Stock_project/airflow_venv/lib/python3.8/site-packages/airflow/example_dags/example_dag_decorator.py for tasks to queue
[2024-06-10 10:14:10,024] {logging_mixin.py:103} INFO - [2024-06-10 10:14:10,024] {dagbag.py:440} INFO - Filling up the DagBag from /home/anhcu/Project/Stock_project/airflow_venv/lib/python3.8/site-packages/airflow/example_dags/example_dag_decorator.py
[2024-06-10 10:14:10,037] {scheduler_job.py:639} INFO - DAG(s) dict_keys(['example_dag_decorator']) retrieved from /home/anhcu/Project/Stock_project/airflow_venv/lib/python3.8/site-packages/airflow/example_dags/example_dag_decorator.py
[2024-06-10 10:14:10,038] {logging_mixin.py:103} INFO - [2024-06-10 10:14:10,038] {dag.py:1813} INFO - Sync 1 DAGs
[2024-06-10 10:14:10,055] {logging_mixin.py:103} INFO - [2024-06-10 10:14:10,055] {dag.py:2266} INFO - Setting next_dagrun for example_dag_decorator to None
[2024-06-10 10:14:10,061] {scheduler_job.py:189} INFO - Processing /home/anhcu/Project/Stock_project/airflow_venv/lib/python3.8/site-packages/airflow/example_dags/example_dag_decorator.py took 0.043 seconds
[2024-06-10 10:14:38,620] {scheduler_job.py:181} INFO - Started process (PID=69764) to work on /home/anhcu/Project/Stock_project/airflow_venv/lib/python3.8/site-packages/airflow/example_dags/example_dag_decorator.py
[2024-06-10 10:14:38,621] {scheduler_job.py:629} INFO - Processing file /home/anhcu/Project/Stock_project/airflow_venv/lib/python3.8/site-packages/airflow/example_dags/example_dag_decorator.py for tasks to queue
[2024-06-10 10:14:38,622] {logging_mixin.py:103} INFO - [2024-06-10 10:14:38,622] {dagbag.py:440} INFO - Filling up the DagBag from /home/anhcu/Project/Stock_project/airflow_venv/lib/python3.8/site-packages/airflow/example_dags/example_dag_decorator.py
[2024-06-10 10:14:38,635] {scheduler_job.py:639} INFO - DAG(s) dict_keys(['example_dag_decorator']) retrieved from /home/anhcu/Project/Stock_project/airflow_venv/lib/python3.8/site-packages/airflow/example_dags/example_dag_decorator.py
[2024-06-10 10:14:38,636] {logging_mixin.py:103} INFO - [2024-06-10 10:14:38,636] {dag.py:1813} INFO - Sync 1 DAGs
[2024-06-10 10:14:38,652] {logging_mixin.py:103} INFO - [2024-06-10 10:14:38,652] {dag.py:2266} INFO - Setting next_dagrun for example_dag_decorator to None
[2024-06-10 10:14:38,672] {scheduler_job.py:189} INFO - Processing /home/anhcu/Project/Stock_project/airflow_venv/lib/python3.8/site-packages/airflow/example_dags/example_dag_decorator.py took 0.055 seconds
[2024-06-10 10:15:42,310] {scheduler_job.py:181} INFO - Started process (PID=70172) to work on /home/anhcu/Project/Stock_project/airflow_venv/lib/python3.8/site-packages/airflow/example_dags/example_dag_decorator.py
[2024-06-10 10:15:42,312] {scheduler_job.py:629} INFO - Processing file /home/anhcu/Project/Stock_project/airflow_venv/lib/python3.8/site-packages/airflow/example_dags/example_dag_decorator.py for tasks to queue
[2024-06-10 10:15:42,312] {logging_mixin.py:103} INFO - [2024-06-10 10:15:42,312] {dagbag.py:440} INFO - Filling up the DagBag from /home/anhcu/Project/Stock_project/airflow_venv/lib/python3.8/site-packages/airflow/example_dags/example_dag_decorator.py
[2024-06-10 10:15:42,325] {scheduler_job.py:639} INFO - DAG(s) dict_keys(['example_dag_decorator']) retrieved from /home/anhcu/Project/Stock_project/airflow_venv/lib/python3.8/site-packages/airflow/example_dags/example_dag_decorator.py
[2024-06-10 10:15:42,326] {logging_mixin.py:103} INFO - [2024-06-10 10:15:42,326] {dag.py:1813} INFO - Sync 1 DAGs
[2024-06-10 10:15:42,341] {logging_mixin.py:103} INFO - [2024-06-10 10:15:42,341] {dag.py:2266} INFO - Setting next_dagrun for example_dag_decorator to None
[2024-06-10 10:15:42,363] {scheduler_job.py:189} INFO - Processing /home/anhcu/Project/Stock_project/airflow_venv/lib/python3.8/site-packages/airflow/example_dags/example_dag_decorator.py took 0.056 seconds
[2024-06-10 10:16:11,730] {scheduler_job.py:181} INFO - Started process (PID=70366) to work on /home/anhcu/Project/Stock_project/airflow_venv/lib/python3.8/site-packages/airflow/example_dags/example_dag_decorator.py
[2024-06-10 10:16:11,732] {scheduler_job.py:629} INFO - Processing file /home/anhcu/Project/Stock_project/airflow_venv/lib/python3.8/site-packages/airflow/example_dags/example_dag_decorator.py for tasks to queue
[2024-06-10 10:16:11,733] {logging_mixin.py:103} INFO - [2024-06-10 10:16:11,733] {dagbag.py:440} INFO - Filling up the DagBag from /home/anhcu/Project/Stock_project/airflow_venv/lib/python3.8/site-packages/airflow/example_dags/example_dag_decorator.py
[2024-06-10 10:16:11,746] {scheduler_job.py:639} INFO - DAG(s) dict_keys(['example_dag_decorator']) retrieved from /home/anhcu/Project/Stock_project/airflow_venv/lib/python3.8/site-packages/airflow/example_dags/example_dag_decorator.py
[2024-06-10 10:16:11,747] {logging_mixin.py:103} INFO - [2024-06-10 10:16:11,747] {dag.py:1813} INFO - Sync 1 DAGs
[2024-06-10 10:16:11,763] {logging_mixin.py:103} INFO - [2024-06-10 10:16:11,763] {dag.py:2266} INFO - Setting next_dagrun for example_dag_decorator to None
[2024-06-10 10:16:11,770] {scheduler_job.py:189} INFO - Processing /home/anhcu/Project/Stock_project/airflow_venv/lib/python3.8/site-packages/airflow/example_dags/example_dag_decorator.py took 0.043 seconds
[2024-06-10 10:16:42,492] {scheduler_job.py:181} INFO - Started process (PID=70576) to work on /home/anhcu/Project/Stock_project/airflow_venv/lib/python3.8/site-packages/airflow/example_dags/example_dag_decorator.py
[2024-06-10 10:16:42,494] {scheduler_job.py:629} INFO - Processing file /home/anhcu/Project/Stock_project/airflow_venv/lib/python3.8/site-packages/airflow/example_dags/example_dag_decorator.py for tasks to queue
[2024-06-10 10:16:42,495] {logging_mixin.py:103} INFO - [2024-06-10 10:16:42,495] {dagbag.py:440} INFO - Filling up the DagBag from /home/anhcu/Project/Stock_project/airflow_venv/lib/python3.8/site-packages/airflow/example_dags/example_dag_decorator.py
[2024-06-10 10:16:42,510] {scheduler_job.py:639} INFO - DAG(s) dict_keys(['example_dag_decorator']) retrieved from /home/anhcu/Project/Stock_project/airflow_venv/lib/python3.8/site-packages/airflow/example_dags/example_dag_decorator.py
[2024-06-10 10:16:42,511] {logging_mixin.py:103} INFO - [2024-06-10 10:16:42,511] {dag.py:1813} INFO - Sync 1 DAGs
[2024-06-10 10:16:42,530] {logging_mixin.py:103} INFO - [2024-06-10 10:16:42,530] {dag.py:2266} INFO - Setting next_dagrun for example_dag_decorator to None
[2024-06-10 10:16:42,551] {scheduler_job.py:189} INFO - Processing /home/anhcu/Project/Stock_project/airflow_venv/lib/python3.8/site-packages/airflow/example_dags/example_dag_decorator.py took 0.063 seconds
[2024-06-10 10:17:10,993] {scheduler_job.py:181} INFO - Started process (PID=70828) to work on /home/anhcu/Project/Stock_project/airflow_venv/lib/python3.8/site-packages/airflow/example_dags/example_dag_decorator.py
[2024-06-10 10:17:10,996] {scheduler_job.py:629} INFO - Processing file /home/anhcu/Project/Stock_project/airflow_venv/lib/python3.8/site-packages/airflow/example_dags/example_dag_decorator.py for tasks to queue
[2024-06-10 10:17:10,997] {logging_mixin.py:103} INFO - [2024-06-10 10:17:10,997] {dagbag.py:440} INFO - Filling up the DagBag from /home/anhcu/Project/Stock_project/airflow_venv/lib/python3.8/site-packages/airflow/example_dags/example_dag_decorator.py
[2024-06-10 10:17:11,013] {scheduler_job.py:639} INFO - DAG(s) dict_keys(['example_dag_decorator']) retrieved from /home/anhcu/Project/Stock_project/airflow_venv/lib/python3.8/site-packages/airflow/example_dags/example_dag_decorator.py
[2024-06-10 10:17:11,014] {logging_mixin.py:103} INFO - [2024-06-10 10:17:11,014] {dag.py:1813} INFO - Sync 1 DAGs
[2024-06-10 10:17:11,033] {logging_mixin.py:103} INFO - [2024-06-10 10:17:11,033] {dag.py:2266} INFO - Setting next_dagrun for example_dag_decorator to None
[2024-06-10 10:17:11,040] {scheduler_job.py:189} INFO - Processing /home/anhcu/Project/Stock_project/airflow_venv/lib/python3.8/site-packages/airflow/example_dags/example_dag_decorator.py took 0.051 seconds
[2024-06-10 10:17:41,766] {scheduler_job.py:181} INFO - Started process (PID=71020) to work on /home/anhcu/Project/Stock_project/airflow_venv/lib/python3.8/site-packages/airflow/example_dags/example_dag_decorator.py
[2024-06-10 10:17:41,768] {scheduler_job.py:629} INFO - Processing file /home/anhcu/Project/Stock_project/airflow_venv/lib/python3.8/site-packages/airflow/example_dags/example_dag_decorator.py for tasks to queue
[2024-06-10 10:17:41,769] {logging_mixin.py:103} INFO - [2024-06-10 10:17:41,769] {dagbag.py:440} INFO - Filling up the DagBag from /home/anhcu/Project/Stock_project/airflow_venv/lib/python3.8/site-packages/airflow/example_dags/example_dag_decorator.py
[2024-06-10 10:17:41,785] {scheduler_job.py:639} INFO - DAG(s) dict_keys(['example_dag_decorator']) retrieved from /home/anhcu/Project/Stock_project/airflow_venv/lib/python3.8/site-packages/airflow/example_dags/example_dag_decorator.py
[2024-06-10 10:17:41,786] {logging_mixin.py:103} INFO - [2024-06-10 10:17:41,786] {dag.py:1813} INFO - Sync 1 DAGs
[2024-06-10 10:17:41,806] {logging_mixin.py:103} INFO - [2024-06-10 10:17:41,806] {dag.py:2266} INFO - Setting next_dagrun for example_dag_decorator to None
[2024-06-10 10:17:41,828] {scheduler_job.py:189} INFO - Processing /home/anhcu/Project/Stock_project/airflow_venv/lib/python3.8/site-packages/airflow/example_dags/example_dag_decorator.py took 0.065 seconds
[2024-06-10 10:18:11,364] {scheduler_job.py:181} INFO - Started process (PID=71177) to work on /home/anhcu/Project/Stock_project/airflow_venv/lib/python3.8/site-packages/airflow/example_dags/example_dag_decorator.py
[2024-06-10 10:18:11,366] {scheduler_job.py:629} INFO - Processing file /home/anhcu/Project/Stock_project/airflow_venv/lib/python3.8/site-packages/airflow/example_dags/example_dag_decorator.py for tasks to queue
[2024-06-10 10:18:11,366] {logging_mixin.py:103} INFO - [2024-06-10 10:18:11,366] {dagbag.py:440} INFO - Filling up the DagBag from /home/anhcu/Project/Stock_project/airflow_venv/lib/python3.8/site-packages/airflow/example_dags/example_dag_decorator.py
[2024-06-10 10:18:11,380] {scheduler_job.py:639} INFO - DAG(s) dict_keys(['example_dag_decorator']) retrieved from /home/anhcu/Project/Stock_project/airflow_venv/lib/python3.8/site-packages/airflow/example_dags/example_dag_decorator.py
[2024-06-10 10:18:11,380] {logging_mixin.py:103} INFO - [2024-06-10 10:18:11,380] {dag.py:1813} INFO - Sync 1 DAGs
[2024-06-10 10:18:11,397] {logging_mixin.py:103} INFO - [2024-06-10 10:18:11,397] {dag.py:2266} INFO - Setting next_dagrun for example_dag_decorator to None
[2024-06-10 10:18:11,404] {scheduler_job.py:189} INFO - Processing /home/anhcu/Project/Stock_project/airflow_venv/lib/python3.8/site-packages/airflow/example_dags/example_dag_decorator.py took 0.044 seconds
[2024-06-10 10:18:43,521] {scheduler_job.py:181} INFO - Started process (PID=71682) to work on /home/anhcu/Project/Stock_project/airflow_venv/lib/python3.8/site-packages/airflow/example_dags/example_dag_decorator.py
[2024-06-10 10:18:43,529] {scheduler_job.py:629} INFO - Processing file /home/anhcu/Project/Stock_project/airflow_venv/lib/python3.8/site-packages/airflow/example_dags/example_dag_decorator.py for tasks to queue
[2024-06-10 10:18:43,530] {logging_mixin.py:103} INFO - [2024-06-10 10:18:43,529] {dagbag.py:440} INFO - Filling up the DagBag from /home/anhcu/Project/Stock_project/airflow_venv/lib/python3.8/site-packages/airflow/example_dags/example_dag_decorator.py
[2024-06-10 10:18:43,543] {scheduler_job.py:639} INFO - DAG(s) dict_keys(['example_dag_decorator']) retrieved from /home/anhcu/Project/Stock_project/airflow_venv/lib/python3.8/site-packages/airflow/example_dags/example_dag_decorator.py
[2024-06-10 10:18:43,544] {logging_mixin.py:103} INFO - [2024-06-10 10:18:43,544] {dag.py:1813} INFO - Sync 1 DAGs
[2024-06-10 10:18:43,561] {logging_mixin.py:103} INFO - [2024-06-10 10:18:43,560] {dag.py:2266} INFO - Setting next_dagrun for example_dag_decorator to None
[2024-06-10 10:18:43,581] {scheduler_job.py:189} INFO - Processing /home/anhcu/Project/Stock_project/airflow_venv/lib/python3.8/site-packages/airflow/example_dags/example_dag_decorator.py took 0.064 seconds
[2024-06-10 10:19:13,146] {scheduler_job.py:181} INFO - Started process (PID=71841) to work on /home/anhcu/Project/Stock_project/airflow_venv/lib/python3.8/site-packages/airflow/example_dags/example_dag_decorator.py
[2024-06-10 10:19:13,148] {scheduler_job.py:629} INFO - Processing file /home/anhcu/Project/Stock_project/airflow_venv/lib/python3.8/site-packages/airflow/example_dags/example_dag_decorator.py for tasks to queue
[2024-06-10 10:19:13,149] {logging_mixin.py:103} INFO - [2024-06-10 10:19:13,149] {dagbag.py:440} INFO - Filling up the DagBag from /home/anhcu/Project/Stock_project/airflow_venv/lib/python3.8/site-packages/airflow/example_dags/example_dag_decorator.py
[2024-06-10 10:19:13,161] {scheduler_job.py:639} INFO - DAG(s) dict_keys(['example_dag_decorator']) retrieved from /home/anhcu/Project/Stock_project/airflow_venv/lib/python3.8/site-packages/airflow/example_dags/example_dag_decorator.py
[2024-06-10 10:19:13,162] {logging_mixin.py:103} INFO - [2024-06-10 10:19:13,162] {dag.py:1813} INFO - Sync 1 DAGs
[2024-06-10 10:19:13,179] {logging_mixin.py:103} INFO - [2024-06-10 10:19:13,179] {dag.py:2266} INFO - Setting next_dagrun for example_dag_decorator to None
[2024-06-10 10:19:13,186] {scheduler_job.py:189} INFO - Processing /home/anhcu/Project/Stock_project/airflow_venv/lib/python3.8/site-packages/airflow/example_dags/example_dag_decorator.py took 0.044 seconds
[2024-06-10 10:19:53,334] {scheduler_job.py:181} INFO - Started process (PID=72237) to work on /home/anhcu/Project/Stock_project/airflow_venv/lib/python3.8/site-packages/airflow/example_dags/example_dag_decorator.py
[2024-06-10 10:19:53,335] {scheduler_job.py:629} INFO - Processing file /home/anhcu/Project/Stock_project/airflow_venv/lib/python3.8/site-packages/airflow/example_dags/example_dag_decorator.py for tasks to queue
[2024-06-10 10:19:53,336] {logging_mixin.py:103} INFO - [2024-06-10 10:19:53,336] {dagbag.py:440} INFO - Filling up the DagBag from /home/anhcu/Project/Stock_project/airflow_venv/lib/python3.8/site-packages/airflow/example_dags/example_dag_decorator.py
[2024-06-10 10:19:53,349] {scheduler_job.py:639} INFO - DAG(s) dict_keys(['example_dag_decorator']) retrieved from /home/anhcu/Project/Stock_project/airflow_venv/lib/python3.8/site-packages/airflow/example_dags/example_dag_decorator.py
[2024-06-10 10:19:53,350] {logging_mixin.py:103} INFO - [2024-06-10 10:19:53,350] {dag.py:1813} INFO - Sync 1 DAGs
[2024-06-10 10:19:53,367] {logging_mixin.py:103} INFO - [2024-06-10 10:19:53,367] {dag.py:2266} INFO - Setting next_dagrun for example_dag_decorator to None
[2024-06-10 10:19:53,388] {scheduler_job.py:189} INFO - Processing /home/anhcu/Project/Stock_project/airflow_venv/lib/python3.8/site-packages/airflow/example_dags/example_dag_decorator.py took 0.058 seconds
[2024-06-10 10:20:22,511] {scheduler_job.py:181} INFO - Started process (PID=72508) to work on /home/anhcu/Project/Stock_project/airflow_venv/lib/python3.8/site-packages/airflow/example_dags/example_dag_decorator.py
[2024-06-10 10:20:22,512] {scheduler_job.py:629} INFO - Processing file /home/anhcu/Project/Stock_project/airflow_venv/lib/python3.8/site-packages/airflow/example_dags/example_dag_decorator.py for tasks to queue
[2024-06-10 10:20:22,513] {logging_mixin.py:103} INFO - [2024-06-10 10:20:22,512] {dagbag.py:440} INFO - Filling up the DagBag from /home/anhcu/Project/Stock_project/airflow_venv/lib/python3.8/site-packages/airflow/example_dags/example_dag_decorator.py
[2024-06-10 10:20:22,528] {scheduler_job.py:639} INFO - DAG(s) dict_keys(['example_dag_decorator']) retrieved from /home/anhcu/Project/Stock_project/airflow_venv/lib/python3.8/site-packages/airflow/example_dags/example_dag_decorator.py
[2024-06-10 10:20:22,529] {logging_mixin.py:103} INFO - [2024-06-10 10:20:22,529] {dag.py:1813} INFO - Sync 1 DAGs
[2024-06-10 10:20:22,544] {logging_mixin.py:103} INFO - [2024-06-10 10:20:22,544] {dag.py:2266} INFO - Setting next_dagrun for example_dag_decorator to None
[2024-06-10 10:20:22,550] {scheduler_job.py:189} INFO - Processing /home/anhcu/Project/Stock_project/airflow_venv/lib/python3.8/site-packages/airflow/example_dags/example_dag_decorator.py took 0.043 seconds
[2024-06-10 10:20:53,928] {scheduler_job.py:181} INFO - Started process (PID=72741) to work on /home/anhcu/Project/Stock_project/airflow_venv/lib/python3.8/site-packages/airflow/example_dags/example_dag_decorator.py
[2024-06-10 10:20:53,930] {scheduler_job.py:629} INFO - Processing file /home/anhcu/Project/Stock_project/airflow_venv/lib/python3.8/site-packages/airflow/example_dags/example_dag_decorator.py for tasks to queue
[2024-06-10 10:20:53,931] {logging_mixin.py:103} INFO - [2024-06-10 10:20:53,931] {dagbag.py:440} INFO - Filling up the DagBag from /home/anhcu/Project/Stock_project/airflow_venv/lib/python3.8/site-packages/airflow/example_dags/example_dag_decorator.py
[2024-06-10 10:20:53,947] {scheduler_job.py:639} INFO - DAG(s) dict_keys(['example_dag_decorator']) retrieved from /home/anhcu/Project/Stock_project/airflow_venv/lib/python3.8/site-packages/airflow/example_dags/example_dag_decorator.py
[2024-06-10 10:20:53,948] {logging_mixin.py:103} INFO - [2024-06-10 10:20:53,948] {dag.py:1813} INFO - Sync 1 DAGs
[2024-06-10 10:20:53,963] {logging_mixin.py:103} INFO - [2024-06-10 10:20:53,962] {dag.py:2266} INFO - Setting next_dagrun for example_dag_decorator to None
[2024-06-10 10:20:53,984] {scheduler_job.py:189} INFO - Processing /home/anhcu/Project/Stock_project/airflow_venv/lib/python3.8/site-packages/airflow/example_dags/example_dag_decorator.py took 0.060 seconds
[2024-06-10 10:21:24,819] {scheduler_job.py:181} INFO - Started process (PID=72895) to work on /home/anhcu/Project/Stock_project/airflow_venv/lib/python3.8/site-packages/airflow/example_dags/example_dag_decorator.py
[2024-06-10 10:21:24,820] {scheduler_job.py:629} INFO - Processing file /home/anhcu/Project/Stock_project/airflow_venv/lib/python3.8/site-packages/airflow/example_dags/example_dag_decorator.py for tasks to queue
[2024-06-10 10:21:24,821] {logging_mixin.py:103} INFO - [2024-06-10 10:21:24,821] {dagbag.py:440} INFO - Filling up the DagBag from /home/anhcu/Project/Stock_project/airflow_venv/lib/python3.8/site-packages/airflow/example_dags/example_dag_decorator.py
[2024-06-10 10:21:24,836] {scheduler_job.py:639} INFO - DAG(s) dict_keys(['example_dag_decorator']) retrieved from /home/anhcu/Project/Stock_project/airflow_venv/lib/python3.8/site-packages/airflow/example_dags/example_dag_decorator.py
[2024-06-10 10:21:24,837] {logging_mixin.py:103} INFO - [2024-06-10 10:21:24,837] {dag.py:1813} INFO - Sync 1 DAGs
[2024-06-10 10:21:24,852] {logging_mixin.py:103} INFO - [2024-06-10 10:21:24,852] {dag.py:2266} INFO - Setting next_dagrun for example_dag_decorator to None
[2024-06-10 10:21:24,872] {scheduler_job.py:189} INFO - Processing /home/anhcu/Project/Stock_project/airflow_venv/lib/python3.8/site-packages/airflow/example_dags/example_dag_decorator.py took 0.056 seconds
[2024-06-10 10:21:53,986] {scheduler_job.py:181} INFO - Started process (PID=73093) to work on /home/anhcu/Project/Stock_project/airflow_venv/lib/python3.8/site-packages/airflow/example_dags/example_dag_decorator.py
[2024-06-10 10:21:53,989] {scheduler_job.py:629} INFO - Processing file /home/anhcu/Project/Stock_project/airflow_venv/lib/python3.8/site-packages/airflow/example_dags/example_dag_decorator.py for tasks to queue
[2024-06-10 10:21:53,991] {logging_mixin.py:103} INFO - [2024-06-10 10:21:53,991] {dagbag.py:440} INFO - Filling up the DagBag from /home/anhcu/Project/Stock_project/airflow_venv/lib/python3.8/site-packages/airflow/example_dags/example_dag_decorator.py
[2024-06-10 10:21:54,024] {scheduler_job.py:639} INFO - DAG(s) dict_keys(['example_dag_decorator']) retrieved from /home/anhcu/Project/Stock_project/airflow_venv/lib/python3.8/site-packages/airflow/example_dags/example_dag_decorator.py
[2024-06-10 10:21:54,026] {logging_mixin.py:103} INFO - [2024-06-10 10:21:54,026] {dag.py:1813} INFO - Sync 1 DAGs
[2024-06-10 10:21:54,050] {logging_mixin.py:103} INFO - [2024-06-10 10:21:54,050] {dag.py:2266} INFO - Setting next_dagrun for example_dag_decorator to None
[2024-06-10 10:21:54,058] {scheduler_job.py:189} INFO - Processing /home/anhcu/Project/Stock_project/airflow_venv/lib/python3.8/site-packages/airflow/example_dags/example_dag_decorator.py took 0.083 seconds
[2024-06-10 10:22:23,003] {scheduler_job.py:181} INFO - Started process (PID=73286) to work on /home/anhcu/Project/Stock_project/airflow_venv/lib/python3.8/site-packages/airflow/example_dags/example_dag_decorator.py
[2024-06-10 10:22:23,004] {scheduler_job.py:629} INFO - Processing file /home/anhcu/Project/Stock_project/airflow_venv/lib/python3.8/site-packages/airflow/example_dags/example_dag_decorator.py for tasks to queue
[2024-06-10 10:22:23,005] {logging_mixin.py:103} INFO - [2024-06-10 10:22:23,005] {dagbag.py:440} INFO - Filling up the DagBag from /home/anhcu/Project/Stock_project/airflow_venv/lib/python3.8/site-packages/airflow/example_dags/example_dag_decorator.py
[2024-06-10 10:22:23,021] {scheduler_job.py:639} INFO - DAG(s) dict_keys(['example_dag_decorator']) retrieved from /home/anhcu/Project/Stock_project/airflow_venv/lib/python3.8/site-packages/airflow/example_dags/example_dag_decorator.py
[2024-06-10 10:22:23,022] {logging_mixin.py:103} INFO - [2024-06-10 10:22:23,022] {dag.py:1813} INFO - Sync 1 DAGs
[2024-06-10 10:22:23,037] {logging_mixin.py:103} INFO - [2024-06-10 10:22:23,037] {dag.py:2266} INFO - Setting next_dagrun for example_dag_decorator to None
[2024-06-10 10:22:23,058] {scheduler_job.py:189} INFO - Processing /home/anhcu/Project/Stock_project/airflow_venv/lib/python3.8/site-packages/airflow/example_dags/example_dag_decorator.py took 0.060 seconds
[2024-06-10 10:22:50,237] {scheduler_job.py:181} INFO - Started process (PID=73441) to work on /home/anhcu/Project/Stock_project/airflow_venv/lib/python3.8/site-packages/airflow/example_dags/example_dag_decorator.py
[2024-06-10 10:22:50,238] {scheduler_job.py:629} INFO - Processing file /home/anhcu/Project/Stock_project/airflow_venv/lib/python3.8/site-packages/airflow/example_dags/example_dag_decorator.py for tasks to queue
[2024-06-10 10:22:50,239] {logging_mixin.py:103} INFO - [2024-06-10 10:22:50,239] {dagbag.py:440} INFO - Filling up the DagBag from /home/anhcu/Project/Stock_project/airflow_venv/lib/python3.8/site-packages/airflow/example_dags/example_dag_decorator.py
[2024-06-10 10:22:50,256] {scheduler_job.py:639} INFO - DAG(s) dict_keys(['example_dag_decorator']) retrieved from /home/anhcu/Project/Stock_project/airflow_venv/lib/python3.8/site-packages/airflow/example_dags/example_dag_decorator.py
[2024-06-10 10:22:50,257] {logging_mixin.py:103} INFO - [2024-06-10 10:22:50,257] {dag.py:1813} INFO - Sync 1 DAGs
[2024-06-10 10:22:50,272] {logging_mixin.py:103} INFO - [2024-06-10 10:22:50,272] {dag.py:2266} INFO - Setting next_dagrun for example_dag_decorator to None
[2024-06-10 10:22:50,279] {scheduler_job.py:189} INFO - Processing /home/anhcu/Project/Stock_project/airflow_venv/lib/python3.8/site-packages/airflow/example_dags/example_dag_decorator.py took 0.045 seconds
[2024-06-10 10:23:17,984] {scheduler_job.py:181} INFO - Started process (PID=73705) to work on /home/anhcu/Project/Stock_project/airflow_venv/lib/python3.8/site-packages/airflow/example_dags/example_dag_decorator.py
[2024-06-10 10:23:17,986] {scheduler_job.py:629} INFO - Processing file /home/anhcu/Project/Stock_project/airflow_venv/lib/python3.8/site-packages/airflow/example_dags/example_dag_decorator.py for tasks to queue
[2024-06-10 10:23:17,987] {logging_mixin.py:103} INFO - [2024-06-10 10:23:17,987] {dagbag.py:440} INFO - Filling up the DagBag from /home/anhcu/Project/Stock_project/airflow_venv/lib/python3.8/site-packages/airflow/example_dags/example_dag_decorator.py
[2024-06-10 10:23:18,012] {scheduler_job.py:639} INFO - DAG(s) dict_keys(['example_dag_decorator']) retrieved from /home/anhcu/Project/Stock_project/airflow_venv/lib/python3.8/site-packages/airflow/example_dags/example_dag_decorator.py
[2024-06-10 10:23:18,013] {logging_mixin.py:103} INFO - [2024-06-10 10:23:18,013] {dag.py:1813} INFO - Sync 1 DAGs
[2024-06-10 10:23:18,030] {logging_mixin.py:103} INFO - [2024-06-10 10:23:18,030] {dag.py:2266} INFO - Setting next_dagrun for example_dag_decorator to None
[2024-06-10 10:23:18,052] {scheduler_job.py:189} INFO - Processing /home/anhcu/Project/Stock_project/airflow_venv/lib/python3.8/site-packages/airflow/example_dags/example_dag_decorator.py took 0.074 seconds
[2024-06-10 10:24:11,837] {scheduler_job.py:181} INFO - Started process (PID=74397) to work on /home/anhcu/Project/Stock_project/airflow_venv/lib/python3.8/site-packages/airflow/example_dags/example_dag_decorator.py
[2024-06-10 10:24:11,841] {scheduler_job.py:629} INFO - Processing file /home/anhcu/Project/Stock_project/airflow_venv/lib/python3.8/site-packages/airflow/example_dags/example_dag_decorator.py for tasks to queue
[2024-06-10 10:24:11,841] {logging_mixin.py:103} INFO - [2024-06-10 10:24:11,841] {dagbag.py:440} INFO - Filling up the DagBag from /home/anhcu/Project/Stock_project/airflow_venv/lib/python3.8/site-packages/airflow/example_dags/example_dag_decorator.py
[2024-06-10 10:24:11,857] {scheduler_job.py:639} INFO - DAG(s) dict_keys(['example_dag_decorator']) retrieved from /home/anhcu/Project/Stock_project/airflow_venv/lib/python3.8/site-packages/airflow/example_dags/example_dag_decorator.py
[2024-06-10 10:24:11,858] {logging_mixin.py:103} INFO - [2024-06-10 10:24:11,858] {dag.py:1813} INFO - Sync 1 DAGs
[2024-06-10 10:24:11,873] {logging_mixin.py:103} INFO - [2024-06-10 10:24:11,873] {dag.py:2266} INFO - Setting next_dagrun for example_dag_decorator to None
[2024-06-10 10:24:11,893] {scheduler_job.py:189} INFO - Processing /home/anhcu/Project/Stock_project/airflow_venv/lib/python3.8/site-packages/airflow/example_dags/example_dag_decorator.py took 0.060 seconds
[2024-06-10 10:24:42,791] {scheduler_job.py:181} INFO - Started process (PID=74726) to work on /home/anhcu/Project/Stock_project/airflow_venv/lib/python3.8/site-packages/airflow/example_dags/example_dag_decorator.py
[2024-06-10 10:24:42,792] {scheduler_job.py:629} INFO - Processing file /home/anhcu/Project/Stock_project/airflow_venv/lib/python3.8/site-packages/airflow/example_dags/example_dag_decorator.py for tasks to queue
[2024-06-10 10:24:42,793] {logging_mixin.py:103} INFO - [2024-06-10 10:24:42,793] {dagbag.py:440} INFO - Filling up the DagBag from /home/anhcu/Project/Stock_project/airflow_venv/lib/python3.8/site-packages/airflow/example_dags/example_dag_decorator.py
[2024-06-10 10:24:42,807] {scheduler_job.py:639} INFO - DAG(s) dict_keys(['example_dag_decorator']) retrieved from /home/anhcu/Project/Stock_project/airflow_venv/lib/python3.8/site-packages/airflow/example_dags/example_dag_decorator.py
[2024-06-10 10:24:42,808] {logging_mixin.py:103} INFO - [2024-06-10 10:24:42,808] {dag.py:1813} INFO - Sync 1 DAGs
[2024-06-10 10:24:42,825] {logging_mixin.py:103} INFO - [2024-06-10 10:24:42,825] {dag.py:2266} INFO - Setting next_dagrun for example_dag_decorator to None
[2024-06-10 10:24:42,846] {scheduler_job.py:189} INFO - Processing /home/anhcu/Project/Stock_project/airflow_venv/lib/python3.8/site-packages/airflow/example_dags/example_dag_decorator.py took 0.059 seconds
[2024-06-10 10:25:14,323] {scheduler_job.py:181} INFO - Started process (PID=75202) to work on /home/anhcu/Project/Stock_project/airflow_venv/lib/python3.8/site-packages/airflow/example_dags/example_dag_decorator.py
[2024-06-10 10:25:14,324] {scheduler_job.py:629} INFO - Processing file /home/anhcu/Project/Stock_project/airflow_venv/lib/python3.8/site-packages/airflow/example_dags/example_dag_decorator.py for tasks to queue
[2024-06-10 10:25:14,325] {logging_mixin.py:103} INFO - [2024-06-10 10:25:14,325] {dagbag.py:440} INFO - Filling up the DagBag from /home/anhcu/Project/Stock_project/airflow_venv/lib/python3.8/site-packages/airflow/example_dags/example_dag_decorator.py
[2024-06-10 10:25:14,340] {scheduler_job.py:639} INFO - DAG(s) dict_keys(['example_dag_decorator']) retrieved from /home/anhcu/Project/Stock_project/airflow_venv/lib/python3.8/site-packages/airflow/example_dags/example_dag_decorator.py
[2024-06-10 10:25:14,341] {logging_mixin.py:103} INFO - [2024-06-10 10:25:14,341] {dag.py:1813} INFO - Sync 1 DAGs
[2024-06-10 10:25:14,359] {logging_mixin.py:103} INFO - [2024-06-10 10:25:14,359] {dag.py:2266} INFO - Setting next_dagrun for example_dag_decorator to None
[2024-06-10 10:25:14,379] {scheduler_job.py:189} INFO - Processing /home/anhcu/Project/Stock_project/airflow_venv/lib/python3.8/site-packages/airflow/example_dags/example_dag_decorator.py took 0.061 seconds
[2024-06-10 10:25:44,035] {scheduler_job.py:181} INFO - Started process (PID=75471) to work on /home/anhcu/Project/Stock_project/airflow_venv/lib/python3.8/site-packages/airflow/example_dags/example_dag_decorator.py
[2024-06-10 10:25:44,037] {scheduler_job.py:629} INFO - Processing file /home/anhcu/Project/Stock_project/airflow_venv/lib/python3.8/site-packages/airflow/example_dags/example_dag_decorator.py for tasks to queue
[2024-06-10 10:25:44,038] {logging_mixin.py:103} INFO - [2024-06-10 10:25:44,037] {dagbag.py:440} INFO - Filling up the DagBag from /home/anhcu/Project/Stock_project/airflow_venv/lib/python3.8/site-packages/airflow/example_dags/example_dag_decorator.py
[2024-06-10 10:25:44,051] {scheduler_job.py:639} INFO - DAG(s) dict_keys(['example_dag_decorator']) retrieved from /home/anhcu/Project/Stock_project/airflow_venv/lib/python3.8/site-packages/airflow/example_dags/example_dag_decorator.py
[2024-06-10 10:25:44,052] {logging_mixin.py:103} INFO - [2024-06-10 10:25:44,052] {dag.py:1813} INFO - Sync 1 DAGs
[2024-06-10 10:25:44,068] {logging_mixin.py:103} INFO - [2024-06-10 10:25:44,068] {dag.py:2266} INFO - Setting next_dagrun for example_dag_decorator to None
[2024-06-10 10:25:44,074] {scheduler_job.py:189} INFO - Processing /home/anhcu/Project/Stock_project/airflow_venv/lib/python3.8/site-packages/airflow/example_dags/example_dag_decorator.py took 0.042 seconds
[2024-06-10 10:26:12,493] {scheduler_job.py:181} INFO - Started process (PID=75703) to work on /home/anhcu/Project/Stock_project/airflow_venv/lib/python3.8/site-packages/airflow/example_dags/example_dag_decorator.py
[2024-06-10 10:26:12,495] {scheduler_job.py:629} INFO - Processing file /home/anhcu/Project/Stock_project/airflow_venv/lib/python3.8/site-packages/airflow/example_dags/example_dag_decorator.py for tasks to queue
[2024-06-10 10:26:12,496] {logging_mixin.py:103} INFO - [2024-06-10 10:26:12,496] {dagbag.py:440} INFO - Filling up the DagBag from /home/anhcu/Project/Stock_project/airflow_venv/lib/python3.8/site-packages/airflow/example_dags/example_dag_decorator.py
[2024-06-10 10:26:12,510] {scheduler_job.py:639} INFO - DAG(s) dict_keys(['example_dag_decorator']) retrieved from /home/anhcu/Project/Stock_project/airflow_venv/lib/python3.8/site-packages/airflow/example_dags/example_dag_decorator.py
[2024-06-10 10:26:12,511] {logging_mixin.py:103} INFO - [2024-06-10 10:26:12,511] {dag.py:1813} INFO - Sync 1 DAGs
[2024-06-10 10:26:12,525] {logging_mixin.py:103} INFO - [2024-06-10 10:26:12,525] {dag.py:2266} INFO - Setting next_dagrun for example_dag_decorator to None
[2024-06-10 10:26:12,546] {scheduler_job.py:189} INFO - Processing /home/anhcu/Project/Stock_project/airflow_venv/lib/python3.8/site-packages/airflow/example_dags/example_dag_decorator.py took 0.058 seconds
[2024-06-10 10:26:39,809] {scheduler_job.py:181} INFO - Started process (PID=75857) to work on /home/anhcu/Project/Stock_project/airflow_venv/lib/python3.8/site-packages/airflow/example_dags/example_dag_decorator.py
[2024-06-10 10:26:39,810] {scheduler_job.py:629} INFO - Processing file /home/anhcu/Project/Stock_project/airflow_venv/lib/python3.8/site-packages/airflow/example_dags/example_dag_decorator.py for tasks to queue
[2024-06-10 10:26:39,811] {logging_mixin.py:103} INFO - [2024-06-10 10:26:39,811] {dagbag.py:440} INFO - Filling up the DagBag from /home/anhcu/Project/Stock_project/airflow_venv/lib/python3.8/site-packages/airflow/example_dags/example_dag_decorator.py
[2024-06-10 10:26:39,824] {scheduler_job.py:639} INFO - DAG(s) dict_keys(['example_dag_decorator']) retrieved from /home/anhcu/Project/Stock_project/airflow_venv/lib/python3.8/site-packages/airflow/example_dags/example_dag_decorator.py
[2024-06-10 10:26:39,825] {logging_mixin.py:103} INFO - [2024-06-10 10:26:39,825] {dag.py:1813} INFO - Sync 1 DAGs
[2024-06-10 10:26:39,840] {logging_mixin.py:103} INFO - [2024-06-10 10:26:39,840] {dag.py:2266} INFO - Setting next_dagrun for example_dag_decorator to None
[2024-06-10 10:26:39,847] {scheduler_job.py:189} INFO - Processing /home/anhcu/Project/Stock_project/airflow_venv/lib/python3.8/site-packages/airflow/example_dags/example_dag_decorator.py took 0.042 seconds
[2024-06-10 10:27:07,159] {scheduler_job.py:181} INFO - Started process (PID=75995) to work on /home/anhcu/Project/Stock_project/airflow_venv/lib/python3.8/site-packages/airflow/example_dags/example_dag_decorator.py
[2024-06-10 10:27:07,165] {scheduler_job.py:629} INFO - Processing file /home/anhcu/Project/Stock_project/airflow_venv/lib/python3.8/site-packages/airflow/example_dags/example_dag_decorator.py for tasks to queue
[2024-06-10 10:27:07,166] {logging_mixin.py:103} INFO - [2024-06-10 10:27:07,166] {dagbag.py:440} INFO - Filling up the DagBag from /home/anhcu/Project/Stock_project/airflow_venv/lib/python3.8/site-packages/airflow/example_dags/example_dag_decorator.py
[2024-06-10 10:27:07,185] {scheduler_job.py:639} INFO - DAG(s) dict_keys(['example_dag_decorator']) retrieved from /home/anhcu/Project/Stock_project/airflow_venv/lib/python3.8/site-packages/airflow/example_dags/example_dag_decorator.py
[2024-06-10 10:27:07,186] {logging_mixin.py:103} INFO - [2024-06-10 10:27:07,186] {dag.py:1813} INFO - Sync 1 DAGs
[2024-06-10 10:27:07,207] {logging_mixin.py:103} INFO - [2024-06-10 10:27:07,207] {dag.py:2266} INFO - Setting next_dagrun for example_dag_decorator to None
[2024-06-10 10:27:07,235] {scheduler_job.py:189} INFO - Processing /home/anhcu/Project/Stock_project/airflow_venv/lib/python3.8/site-packages/airflow/example_dags/example_dag_decorator.py took 0.080 seconds
[2024-06-10 10:27:35,374] {scheduler_job.py:181} INFO - Started process (PID=76132) to work on /home/anhcu/Project/Stock_project/airflow_venv/lib/python3.8/site-packages/airflow/example_dags/example_dag_decorator.py
[2024-06-10 10:27:35,376] {scheduler_job.py:629} INFO - Processing file /home/anhcu/Project/Stock_project/airflow_venv/lib/python3.8/site-packages/airflow/example_dags/example_dag_decorator.py for tasks to queue
[2024-06-10 10:27:35,377] {logging_mixin.py:103} INFO - [2024-06-10 10:27:35,377] {dagbag.py:440} INFO - Filling up the DagBag from /home/anhcu/Project/Stock_project/airflow_venv/lib/python3.8/site-packages/airflow/example_dags/example_dag_decorator.py
[2024-06-10 10:27:35,390] {scheduler_job.py:639} INFO - DAG(s) dict_keys(['example_dag_decorator']) retrieved from /home/anhcu/Project/Stock_project/airflow_venv/lib/python3.8/site-packages/airflow/example_dags/example_dag_decorator.py
[2024-06-10 10:27:35,392] {logging_mixin.py:103} INFO - [2024-06-10 10:27:35,392] {dag.py:1813} INFO - Sync 1 DAGs
[2024-06-10 10:27:35,407] {logging_mixin.py:103} INFO - [2024-06-10 10:27:35,407] {dag.py:2266} INFO - Setting next_dagrun for example_dag_decorator to None
[2024-06-10 10:27:35,414] {scheduler_job.py:189} INFO - Processing /home/anhcu/Project/Stock_project/airflow_venv/lib/python3.8/site-packages/airflow/example_dags/example_dag_decorator.py took 0.044 seconds
[2024-06-10 10:28:04,527] {scheduler_job.py:181} INFO - Started process (PID=76285) to work on /home/anhcu/Project/Stock_project/airflow_venv/lib/python3.8/site-packages/airflow/example_dags/example_dag_decorator.py
[2024-06-10 10:28:04,529] {scheduler_job.py:629} INFO - Processing file /home/anhcu/Project/Stock_project/airflow_venv/lib/python3.8/site-packages/airflow/example_dags/example_dag_decorator.py for tasks to queue
[2024-06-10 10:28:04,530] {logging_mixin.py:103} INFO - [2024-06-10 10:28:04,530] {dagbag.py:440} INFO - Filling up the DagBag from /home/anhcu/Project/Stock_project/airflow_venv/lib/python3.8/site-packages/airflow/example_dags/example_dag_decorator.py
[2024-06-10 10:28:04,543] {scheduler_job.py:639} INFO - DAG(s) dict_keys(['example_dag_decorator']) retrieved from /home/anhcu/Project/Stock_project/airflow_venv/lib/python3.8/site-packages/airflow/example_dags/example_dag_decorator.py
[2024-06-10 10:28:04,545] {logging_mixin.py:103} INFO - [2024-06-10 10:28:04,544] {dag.py:1813} INFO - Sync 1 DAGs
[2024-06-10 10:28:04,559] {logging_mixin.py:103} INFO - [2024-06-10 10:28:04,559] {dag.py:2266} INFO - Setting next_dagrun for example_dag_decorator to None
[2024-06-10 10:28:04,580] {scheduler_job.py:189} INFO - Processing /home/anhcu/Project/Stock_project/airflow_venv/lib/python3.8/site-packages/airflow/example_dags/example_dag_decorator.py took 0.057 seconds
[2024-06-10 10:28:31,558] {scheduler_job.py:181} INFO - Started process (PID=76436) to work on /home/anhcu/Project/Stock_project/airflow_venv/lib/python3.8/site-packages/airflow/example_dags/example_dag_decorator.py
[2024-06-10 10:28:31,561] {scheduler_job.py:629} INFO - Processing file /home/anhcu/Project/Stock_project/airflow_venv/lib/python3.8/site-packages/airflow/example_dags/example_dag_decorator.py for tasks to queue
[2024-06-10 10:28:31,562] {logging_mixin.py:103} INFO - [2024-06-10 10:28:31,562] {dagbag.py:440} INFO - Filling up the DagBag from /home/anhcu/Project/Stock_project/airflow_venv/lib/python3.8/site-packages/airflow/example_dags/example_dag_decorator.py
[2024-06-10 10:28:31,575] {scheduler_job.py:639} INFO - DAG(s) dict_keys(['example_dag_decorator']) retrieved from /home/anhcu/Project/Stock_project/airflow_venv/lib/python3.8/site-packages/airflow/example_dags/example_dag_decorator.py
[2024-06-10 10:28:31,576] {logging_mixin.py:103} INFO - [2024-06-10 10:28:31,576] {dag.py:1813} INFO - Sync 1 DAGs
[2024-06-10 10:28:31,592] {logging_mixin.py:103} INFO - [2024-06-10 10:28:31,592] {dag.py:2266} INFO - Setting next_dagrun for example_dag_decorator to None
[2024-06-10 10:28:31,599] {scheduler_job.py:189} INFO - Processing /home/anhcu/Project/Stock_project/airflow_venv/lib/python3.8/site-packages/airflow/example_dags/example_dag_decorator.py took 0.045 seconds
[2024-06-10 10:28:59,292] {scheduler_job.py:181} INFO - Started process (PID=76630) to work on /home/anhcu/Project/Stock_project/airflow_venv/lib/python3.8/site-packages/airflow/example_dags/example_dag_decorator.py
[2024-06-10 10:28:59,294] {scheduler_job.py:629} INFO - Processing file /home/anhcu/Project/Stock_project/airflow_venv/lib/python3.8/site-packages/airflow/example_dags/example_dag_decorator.py for tasks to queue
[2024-06-10 10:28:59,296] {logging_mixin.py:103} INFO - [2024-06-10 10:28:59,295] {dagbag.py:440} INFO - Filling up the DagBag from /home/anhcu/Project/Stock_project/airflow_venv/lib/python3.8/site-packages/airflow/example_dags/example_dag_decorator.py
[2024-06-10 10:28:59,309] {scheduler_job.py:639} INFO - DAG(s) dict_keys(['example_dag_decorator']) retrieved from /home/anhcu/Project/Stock_project/airflow_venv/lib/python3.8/site-packages/airflow/example_dags/example_dag_decorator.py
[2024-06-10 10:28:59,310] {logging_mixin.py:103} INFO - [2024-06-10 10:28:59,310] {dag.py:1813} INFO - Sync 1 DAGs
[2024-06-10 10:28:59,325] {logging_mixin.py:103} INFO - [2024-06-10 10:28:59,325] {dag.py:2266} INFO - Setting next_dagrun for example_dag_decorator to None
[2024-06-10 10:28:59,345] {scheduler_job.py:189} INFO - Processing /home/anhcu/Project/Stock_project/airflow_venv/lib/python3.8/site-packages/airflow/example_dags/example_dag_decorator.py took 0.057 seconds
[2024-06-10 10:29:26,520] {scheduler_job.py:181} INFO - Started process (PID=76821) to work on /home/anhcu/Project/Stock_project/airflow_venv/lib/python3.8/site-packages/airflow/example_dags/example_dag_decorator.py
[2024-06-10 10:29:26,521] {scheduler_job.py:629} INFO - Processing file /home/anhcu/Project/Stock_project/airflow_venv/lib/python3.8/site-packages/airflow/example_dags/example_dag_decorator.py for tasks to queue
[2024-06-10 10:29:26,523] {logging_mixin.py:103} INFO - [2024-06-10 10:29:26,523] {dagbag.py:440} INFO - Filling up the DagBag from /home/anhcu/Project/Stock_project/airflow_venv/lib/python3.8/site-packages/airflow/example_dags/example_dag_decorator.py
[2024-06-10 10:29:26,536] {scheduler_job.py:639} INFO - DAG(s) dict_keys(['example_dag_decorator']) retrieved from /home/anhcu/Project/Stock_project/airflow_venv/lib/python3.8/site-packages/airflow/example_dags/example_dag_decorator.py
[2024-06-10 10:29:26,537] {logging_mixin.py:103} INFO - [2024-06-10 10:29:26,537] {dag.py:1813} INFO - Sync 1 DAGs
[2024-06-10 10:29:26,552] {logging_mixin.py:103} INFO - [2024-06-10 10:29:26,552] {dag.py:2266} INFO - Setting next_dagrun for example_dag_decorator to None
[2024-06-10 10:29:26,559] {scheduler_job.py:189} INFO - Processing /home/anhcu/Project/Stock_project/airflow_venv/lib/python3.8/site-packages/airflow/example_dags/example_dag_decorator.py took 0.044 seconds
[2024-06-10 10:29:54,864] {scheduler_job.py:181} INFO - Started process (PID=76975) to work on /home/anhcu/Project/Stock_project/airflow_venv/lib/python3.8/site-packages/airflow/example_dags/example_dag_decorator.py
[2024-06-10 10:29:54,866] {scheduler_job.py:629} INFO - Processing file /home/anhcu/Project/Stock_project/airflow_venv/lib/python3.8/site-packages/airflow/example_dags/example_dag_decorator.py for tasks to queue
[2024-06-10 10:29:54,867] {logging_mixin.py:103} INFO - [2024-06-10 10:29:54,867] {dagbag.py:440} INFO - Filling up the DagBag from /home/anhcu/Project/Stock_project/airflow_venv/lib/python3.8/site-packages/airflow/example_dags/example_dag_decorator.py
[2024-06-10 10:29:54,880] {scheduler_job.py:639} INFO - DAG(s) dict_keys(['example_dag_decorator']) retrieved from /home/anhcu/Project/Stock_project/airflow_venv/lib/python3.8/site-packages/airflow/example_dags/example_dag_decorator.py
[2024-06-10 10:29:54,881] {logging_mixin.py:103} INFO - [2024-06-10 10:29:54,881] {dag.py:1813} INFO - Sync 1 DAGs
[2024-06-10 10:29:54,897] {logging_mixin.py:103} INFO - [2024-06-10 10:29:54,897] {dag.py:2266} INFO - Setting next_dagrun for example_dag_decorator to None
[2024-06-10 10:29:54,918] {scheduler_job.py:189} INFO - Processing /home/anhcu/Project/Stock_project/airflow_venv/lib/python3.8/site-packages/airflow/example_dags/example_dag_decorator.py took 0.059 seconds
[2024-06-10 10:30:21,059] {scheduler_job.py:181} INFO - Started process (PID=77097) to work on /home/anhcu/Project/Stock_project/airflow_venv/lib/python3.8/site-packages/airflow/example_dags/example_dag_decorator.py
[2024-06-10 10:30:21,060] {scheduler_job.py:629} INFO - Processing file /home/anhcu/Project/Stock_project/airflow_venv/lib/python3.8/site-packages/airflow/example_dags/example_dag_decorator.py for tasks to queue
[2024-06-10 10:30:21,061] {logging_mixin.py:103} INFO - [2024-06-10 10:30:21,061] {dagbag.py:440} INFO - Filling up the DagBag from /home/anhcu/Project/Stock_project/airflow_venv/lib/python3.8/site-packages/airflow/example_dags/example_dag_decorator.py
[2024-06-10 10:30:21,079] {scheduler_job.py:639} INFO - DAG(s) dict_keys(['example_dag_decorator']) retrieved from /home/anhcu/Project/Stock_project/airflow_venv/lib/python3.8/site-packages/airflow/example_dags/example_dag_decorator.py
[2024-06-10 10:30:21,081] {logging_mixin.py:103} INFO - [2024-06-10 10:30:21,081] {dag.py:1813} INFO - Sync 1 DAGs
[2024-06-10 10:30:21,095] {logging_mixin.py:103} INFO - [2024-06-10 10:30:21,095] {dag.py:2266} INFO - Setting next_dagrun for example_dag_decorator to None
[2024-06-10 10:30:21,102] {scheduler_job.py:189} INFO - Processing /home/anhcu/Project/Stock_project/airflow_venv/lib/python3.8/site-packages/airflow/example_dags/example_dag_decorator.py took 0.047 seconds
[2024-06-10 10:30:48,405] {scheduler_job.py:181} INFO - Started process (PID=77251) to work on /home/anhcu/Project/Stock_project/airflow_venv/lib/python3.8/site-packages/airflow/example_dags/example_dag_decorator.py
[2024-06-10 10:30:48,407] {scheduler_job.py:629} INFO - Processing file /home/anhcu/Project/Stock_project/airflow_venv/lib/python3.8/site-packages/airflow/example_dags/example_dag_decorator.py for tasks to queue
[2024-06-10 10:30:48,408] {logging_mixin.py:103} INFO - [2024-06-10 10:30:48,408] {dagbag.py:440} INFO - Filling up the DagBag from /home/anhcu/Project/Stock_project/airflow_venv/lib/python3.8/site-packages/airflow/example_dags/example_dag_decorator.py
[2024-06-10 10:30:48,421] {scheduler_job.py:639} INFO - DAG(s) dict_keys(['example_dag_decorator']) retrieved from /home/anhcu/Project/Stock_project/airflow_venv/lib/python3.8/site-packages/airflow/example_dags/example_dag_decorator.py
[2024-06-10 10:30:48,422] {logging_mixin.py:103} INFO - [2024-06-10 10:30:48,422] {dag.py:1813} INFO - Sync 1 DAGs
[2024-06-10 10:30:48,441] {logging_mixin.py:103} INFO - [2024-06-10 10:30:48,441] {dag.py:2266} INFO - Setting next_dagrun for example_dag_decorator to None
[2024-06-10 10:30:48,463] {scheduler_job.py:189} INFO - Processing /home/anhcu/Project/Stock_project/airflow_venv/lib/python3.8/site-packages/airflow/example_dags/example_dag_decorator.py took 0.063 seconds
[2024-06-10 10:31:15,907] {scheduler_job.py:181} INFO - Started process (PID=77371) to work on /home/anhcu/Project/Stock_project/airflow_venv/lib/python3.8/site-packages/airflow/example_dags/example_dag_decorator.py
[2024-06-10 10:31:15,909] {scheduler_job.py:629} INFO - Processing file /home/anhcu/Project/Stock_project/airflow_venv/lib/python3.8/site-packages/airflow/example_dags/example_dag_decorator.py for tasks to queue
[2024-06-10 10:31:15,910] {logging_mixin.py:103} INFO - [2024-06-10 10:31:15,909] {dagbag.py:440} INFO - Filling up the DagBag from /home/anhcu/Project/Stock_project/airflow_venv/lib/python3.8/site-packages/airflow/example_dags/example_dag_decorator.py
[2024-06-10 10:31:15,924] {scheduler_job.py:639} INFO - DAG(s) dict_keys(['example_dag_decorator']) retrieved from /home/anhcu/Project/Stock_project/airflow_venv/lib/python3.8/site-packages/airflow/example_dags/example_dag_decorator.py
[2024-06-10 10:31:15,925] {logging_mixin.py:103} INFO - [2024-06-10 10:31:15,925] {dag.py:1813} INFO - Sync 1 DAGs
[2024-06-10 10:31:15,941] {logging_mixin.py:103} INFO - [2024-06-10 10:31:15,941] {dag.py:2266} INFO - Setting next_dagrun for example_dag_decorator to None
[2024-06-10 10:31:15,948] {scheduler_job.py:189} INFO - Processing /home/anhcu/Project/Stock_project/airflow_venv/lib/python3.8/site-packages/airflow/example_dags/example_dag_decorator.py took 0.044 seconds
[2024-06-10 10:31:44,011] {scheduler_job.py:181} INFO - Started process (PID=77508) to work on /home/anhcu/Project/Stock_project/airflow_venv/lib/python3.8/site-packages/airflow/example_dags/example_dag_decorator.py
[2024-06-10 10:31:44,012] {scheduler_job.py:629} INFO - Processing file /home/anhcu/Project/Stock_project/airflow_venv/lib/python3.8/site-packages/airflow/example_dags/example_dag_decorator.py for tasks to queue
[2024-06-10 10:31:44,013] {logging_mixin.py:103} INFO - [2024-06-10 10:31:44,013] {dagbag.py:440} INFO - Filling up the DagBag from /home/anhcu/Project/Stock_project/airflow_venv/lib/python3.8/site-packages/airflow/example_dags/example_dag_decorator.py
[2024-06-10 10:31:44,031] {scheduler_job.py:639} INFO - DAG(s) dict_keys(['example_dag_decorator']) retrieved from /home/anhcu/Project/Stock_project/airflow_venv/lib/python3.8/site-packages/airflow/example_dags/example_dag_decorator.py
[2024-06-10 10:31:44,032] {logging_mixin.py:103} INFO - [2024-06-10 10:31:44,032] {dag.py:1813} INFO - Sync 1 DAGs
[2024-06-10 10:31:44,053] {logging_mixin.py:103} INFO - [2024-06-10 10:31:44,053] {dag.py:2266} INFO - Setting next_dagrun for example_dag_decorator to None
[2024-06-10 10:31:44,081] {scheduler_job.py:189} INFO - Processing /home/anhcu/Project/Stock_project/airflow_venv/lib/python3.8/site-packages/airflow/example_dags/example_dag_decorator.py took 0.082 seconds
[2024-06-10 10:32:13,258] {scheduler_job.py:181} INFO - Started process (PID=77647) to work on /home/anhcu/Project/Stock_project/airflow_venv/lib/python3.8/site-packages/airflow/example_dags/example_dag_decorator.py
[2024-06-10 10:32:13,260] {scheduler_job.py:629} INFO - Processing file /home/anhcu/Project/Stock_project/airflow_venv/lib/python3.8/site-packages/airflow/example_dags/example_dag_decorator.py for tasks to queue
[2024-06-10 10:32:13,261] {logging_mixin.py:103} INFO - [2024-06-10 10:32:13,261] {dagbag.py:440} INFO - Filling up the DagBag from /home/anhcu/Project/Stock_project/airflow_venv/lib/python3.8/site-packages/airflow/example_dags/example_dag_decorator.py
[2024-06-10 10:32:13,274] {scheduler_job.py:639} INFO - DAG(s) dict_keys(['example_dag_decorator']) retrieved from /home/anhcu/Project/Stock_project/airflow_venv/lib/python3.8/site-packages/airflow/example_dags/example_dag_decorator.py
[2024-06-10 10:32:13,275] {logging_mixin.py:103} INFO - [2024-06-10 10:32:13,275] {dag.py:1813} INFO - Sync 1 DAGs
[2024-06-10 10:32:13,291] {logging_mixin.py:103} INFO - [2024-06-10 10:32:13,291] {dag.py:2266} INFO - Setting next_dagrun for example_dag_decorator to None
[2024-06-10 10:32:13,298] {scheduler_job.py:189} INFO - Processing /home/anhcu/Project/Stock_project/airflow_venv/lib/python3.8/site-packages/airflow/example_dags/example_dag_decorator.py took 0.045 seconds
[2024-06-10 10:32:40,609] {scheduler_job.py:181} INFO - Started process (PID=77839) to work on /home/anhcu/Project/Stock_project/airflow_venv/lib/python3.8/site-packages/airflow/example_dags/example_dag_decorator.py
[2024-06-10 10:32:40,611] {scheduler_job.py:629} INFO - Processing file /home/anhcu/Project/Stock_project/airflow_venv/lib/python3.8/site-packages/airflow/example_dags/example_dag_decorator.py for tasks to queue
[2024-06-10 10:32:40,613] {logging_mixin.py:103} INFO - [2024-06-10 10:32:40,613] {dagbag.py:440} INFO - Filling up the DagBag from /home/anhcu/Project/Stock_project/airflow_venv/lib/python3.8/site-packages/airflow/example_dags/example_dag_decorator.py
[2024-06-10 10:32:40,626] {scheduler_job.py:639} INFO - DAG(s) dict_keys(['example_dag_decorator']) retrieved from /home/anhcu/Project/Stock_project/airflow_venv/lib/python3.8/site-packages/airflow/example_dags/example_dag_decorator.py
[2024-06-10 10:32:40,627] {logging_mixin.py:103} INFO - [2024-06-10 10:32:40,627] {dag.py:1813} INFO - Sync 1 DAGs
[2024-06-10 10:32:40,642] {logging_mixin.py:103} INFO - [2024-06-10 10:32:40,642] {dag.py:2266} INFO - Setting next_dagrun for example_dag_decorator to None
[2024-06-10 10:32:40,663] {scheduler_job.py:189} INFO - Processing /home/anhcu/Project/Stock_project/airflow_venv/lib/python3.8/site-packages/airflow/example_dags/example_dag_decorator.py took 0.058 seconds
[2024-06-10 10:33:07,808] {scheduler_job.py:181} INFO - Started process (PID=78105) to work on /home/anhcu/Project/Stock_project/airflow_venv/lib/python3.8/site-packages/airflow/example_dags/example_dag_decorator.py
[2024-06-10 10:33:07,810] {scheduler_job.py:629} INFO - Processing file /home/anhcu/Project/Stock_project/airflow_venv/lib/python3.8/site-packages/airflow/example_dags/example_dag_decorator.py for tasks to queue
[2024-06-10 10:33:07,811] {logging_mixin.py:103} INFO - [2024-06-10 10:33:07,811] {dagbag.py:440} INFO - Filling up the DagBag from /home/anhcu/Project/Stock_project/airflow_venv/lib/python3.8/site-packages/airflow/example_dags/example_dag_decorator.py
[2024-06-10 10:33:07,825] {scheduler_job.py:639} INFO - DAG(s) dict_keys(['example_dag_decorator']) retrieved from /home/anhcu/Project/Stock_project/airflow_venv/lib/python3.8/site-packages/airflow/example_dags/example_dag_decorator.py
[2024-06-10 10:33:07,826] {logging_mixin.py:103} INFO - [2024-06-10 10:33:07,826] {dag.py:1813} INFO - Sync 1 DAGs
[2024-06-10 10:33:07,844] {logging_mixin.py:103} INFO - [2024-06-10 10:33:07,844] {dag.py:2266} INFO - Setting next_dagrun for example_dag_decorator to None
[2024-06-10 10:33:07,851] {scheduler_job.py:189} INFO - Processing /home/anhcu/Project/Stock_project/airflow_venv/lib/python3.8/site-packages/airflow/example_dags/example_dag_decorator.py took 0.048 seconds
[2024-06-10 10:33:35,180] {scheduler_job.py:181} INFO - Started process (PID=78259) to work on /home/anhcu/Project/Stock_project/airflow_venv/lib/python3.8/site-packages/airflow/example_dags/example_dag_decorator.py
[2024-06-10 10:33:35,181] {scheduler_job.py:629} INFO - Processing file /home/anhcu/Project/Stock_project/airflow_venv/lib/python3.8/site-packages/airflow/example_dags/example_dag_decorator.py for tasks to queue
[2024-06-10 10:33:35,182] {logging_mixin.py:103} INFO - [2024-06-10 10:33:35,182] {dagbag.py:440} INFO - Filling up the DagBag from /home/anhcu/Project/Stock_project/airflow_venv/lib/python3.8/site-packages/airflow/example_dags/example_dag_decorator.py
[2024-06-10 10:33:35,195] {scheduler_job.py:639} INFO - DAG(s) dict_keys(['example_dag_decorator']) retrieved from /home/anhcu/Project/Stock_project/airflow_venv/lib/python3.8/site-packages/airflow/example_dags/example_dag_decorator.py
[2024-06-10 10:33:35,196] {logging_mixin.py:103} INFO - [2024-06-10 10:33:35,196] {dag.py:1813} INFO - Sync 1 DAGs
[2024-06-10 10:33:35,211] {logging_mixin.py:103} INFO - [2024-06-10 10:33:35,211] {dag.py:2266} INFO - Setting next_dagrun for example_dag_decorator to None
[2024-06-10 10:33:35,232] {scheduler_job.py:189} INFO - Processing /home/anhcu/Project/Stock_project/airflow_venv/lib/python3.8/site-packages/airflow/example_dags/example_dag_decorator.py took 0.057 seconds
[2024-06-10 10:34:03,496] {scheduler_job.py:181} INFO - Started process (PID=78421) to work on /home/anhcu/Project/Stock_project/airflow_venv/lib/python3.8/site-packages/airflow/example_dags/example_dag_decorator.py
[2024-06-10 10:34:03,497] {scheduler_job.py:629} INFO - Processing file /home/anhcu/Project/Stock_project/airflow_venv/lib/python3.8/site-packages/airflow/example_dags/example_dag_decorator.py for tasks to queue
[2024-06-10 10:34:03,498] {logging_mixin.py:103} INFO - [2024-06-10 10:34:03,498] {dagbag.py:440} INFO - Filling up the DagBag from /home/anhcu/Project/Stock_project/airflow_venv/lib/python3.8/site-packages/airflow/example_dags/example_dag_decorator.py
[2024-06-10 10:34:03,513] {scheduler_job.py:639} INFO - DAG(s) dict_keys(['example_dag_decorator']) retrieved from /home/anhcu/Project/Stock_project/airflow_venv/lib/python3.8/site-packages/airflow/example_dags/example_dag_decorator.py
[2024-06-10 10:34:03,514] {logging_mixin.py:103} INFO - [2024-06-10 10:34:03,514] {dag.py:1813} INFO - Sync 1 DAGs
[2024-06-10 10:34:03,530] {logging_mixin.py:103} INFO - [2024-06-10 10:34:03,530] {dag.py:2266} INFO - Setting next_dagrun for example_dag_decorator to None
[2024-06-10 10:34:03,537] {scheduler_job.py:189} INFO - Processing /home/anhcu/Project/Stock_project/airflow_venv/lib/python3.8/site-packages/airflow/example_dags/example_dag_decorator.py took 0.044 seconds
[2024-06-10 10:34:31,531] {scheduler_job.py:181} INFO - Started process (PID=78609) to work on /home/anhcu/Project/Stock_project/airflow_venv/lib/python3.8/site-packages/airflow/example_dags/example_dag_decorator.py
[2024-06-10 10:34:31,533] {scheduler_job.py:629} INFO - Processing file /home/anhcu/Project/Stock_project/airflow_venv/lib/python3.8/site-packages/airflow/example_dags/example_dag_decorator.py for tasks to queue
[2024-06-10 10:34:31,535] {logging_mixin.py:103} INFO - [2024-06-10 10:34:31,534] {dagbag.py:440} INFO - Filling up the DagBag from /home/anhcu/Project/Stock_project/airflow_venv/lib/python3.8/site-packages/airflow/example_dags/example_dag_decorator.py
[2024-06-10 10:34:31,549] {scheduler_job.py:639} INFO - DAG(s) dict_keys(['example_dag_decorator']) retrieved from /home/anhcu/Project/Stock_project/airflow_venv/lib/python3.8/site-packages/airflow/example_dags/example_dag_decorator.py
[2024-06-10 10:34:31,550] {logging_mixin.py:103} INFO - [2024-06-10 10:34:31,550] {dag.py:1813} INFO - Sync 1 DAGs
[2024-06-10 10:34:31,565] {logging_mixin.py:103} INFO - [2024-06-10 10:34:31,565] {dag.py:2266} INFO - Setting next_dagrun for example_dag_decorator to None
[2024-06-10 10:34:31,585] {scheduler_job.py:189} INFO - Processing /home/anhcu/Project/Stock_project/airflow_venv/lib/python3.8/site-packages/airflow/example_dags/example_dag_decorator.py took 0.059 seconds
[2024-06-10 10:34:59,094] {scheduler_job.py:181} INFO - Started process (PID=78809) to work on /home/anhcu/Project/Stock_project/airflow_venv/lib/python3.8/site-packages/airflow/example_dags/example_dag_decorator.py
[2024-06-10 10:34:59,096] {scheduler_job.py:629} INFO - Processing file /home/anhcu/Project/Stock_project/airflow_venv/lib/python3.8/site-packages/airflow/example_dags/example_dag_decorator.py for tasks to queue
[2024-06-10 10:34:59,097] {logging_mixin.py:103} INFO - [2024-06-10 10:34:59,097] {dagbag.py:440} INFO - Filling up the DagBag from /home/anhcu/Project/Stock_project/airflow_venv/lib/python3.8/site-packages/airflow/example_dags/example_dag_decorator.py
[2024-06-10 10:34:59,111] {scheduler_job.py:639} INFO - DAG(s) dict_keys(['example_dag_decorator']) retrieved from /home/anhcu/Project/Stock_project/airflow_venv/lib/python3.8/site-packages/airflow/example_dags/example_dag_decorator.py
[2024-06-10 10:34:59,112] {logging_mixin.py:103} INFO - [2024-06-10 10:34:59,112] {dag.py:1813} INFO - Sync 1 DAGs
[2024-06-10 10:34:59,130] {logging_mixin.py:103} INFO - [2024-06-10 10:34:59,130] {dag.py:2266} INFO - Setting next_dagrun for example_dag_decorator to None
[2024-06-10 10:34:59,137] {scheduler_job.py:189} INFO - Processing /home/anhcu/Project/Stock_project/airflow_venv/lib/python3.8/site-packages/airflow/example_dags/example_dag_decorator.py took 0.048 seconds
[2024-06-10 10:35:56,181] {scheduler_job.py:181} INFO - Started process (PID=79520) to work on /home/anhcu/Project/Stock_project/airflow_venv/lib/python3.8/site-packages/airflow/example_dags/example_dag_decorator.py
[2024-06-10 10:35:56,185] {scheduler_job.py:629} INFO - Processing file /home/anhcu/Project/Stock_project/airflow_venv/lib/python3.8/site-packages/airflow/example_dags/example_dag_decorator.py for tasks to queue
[2024-06-10 10:35:56,186] {logging_mixin.py:103} INFO - [2024-06-10 10:35:56,186] {dagbag.py:440} INFO - Filling up the DagBag from /home/anhcu/Project/Stock_project/airflow_venv/lib/python3.8/site-packages/airflow/example_dags/example_dag_decorator.py
[2024-06-10 10:35:56,201] {scheduler_job.py:639} INFO - DAG(s) dict_keys(['example_dag_decorator']) retrieved from /home/anhcu/Project/Stock_project/airflow_venv/lib/python3.8/site-packages/airflow/example_dags/example_dag_decorator.py
[2024-06-10 10:35:56,202] {logging_mixin.py:103} INFO - [2024-06-10 10:35:56,202] {dag.py:1813} INFO - Sync 1 DAGs
[2024-06-10 10:35:56,220] {logging_mixin.py:103} INFO - [2024-06-10 10:35:56,220] {dag.py:2266} INFO - Setting next_dagrun for example_dag_decorator to None
[2024-06-10 10:35:56,241] {scheduler_job.py:189} INFO - Processing /home/anhcu/Project/Stock_project/airflow_venv/lib/python3.8/site-packages/airflow/example_dags/example_dag_decorator.py took 0.064 seconds
