[2024-06-10 09:58:18,688] {scheduler_job.py:181} INFO - Started process (PID=62723) to work on /home/anhcu/Project/Stock_project/airflow_venv/lib/python3.8/site-packages/airflow/example_dags/example_xcomargs.py
[2024-06-10 09:58:18,691] {scheduler_job.py:629} INFO - Processing file /home/anhcu/Project/Stock_project/airflow_venv/lib/python3.8/site-packages/airflow/example_dags/example_xcomargs.py for tasks to queue
[2024-06-10 09:58:18,695] {logging_mixin.py:103} INFO - [2024-06-10 09:58:18,695] {dagbag.py:440} INFO - Filling up the DagBag from /home/anhcu/Project/Stock_project/airflow_venv/lib/python3.8/site-packages/airflow/example_dags/example_xcomargs.py
[2024-06-10 09:58:18,729] {scheduler_job.py:639} INFO - DAG(s) dict_keys(['example_xcom_args', 'example_xcom_args_with_operators']) retrieved from /home/anhcu/Project/Stock_project/airflow_venv/lib/python3.8/site-packages/airflow/example_dags/example_xcomargs.py
[2024-06-10 09:58:18,732] {logging_mixin.py:103} INFO - [2024-06-10 09:58:18,732] {dag.py:1813} INFO - Sync 2 DAGs
[2024-06-10 09:58:19,135] {logging_mixin.py:103} INFO - [2024-06-10 09:58:19,135] {dag.py:2266} INFO - Setting next_dagrun for example_xcom_args to None
[2024-06-10 09:58:19,137] {logging_mixin.py:103} INFO - [2024-06-10 09:58:19,136] {dag.py:2266} INFO - Setting next_dagrun for example_xcom_args_with_operators to None
[2024-06-10 09:58:19,176] {scheduler_job.py:189} INFO - Processing /home/anhcu/Project/Stock_project/airflow_venv/lib/python3.8/site-packages/airflow/example_dags/example_xcomargs.py took 0.498 seconds
[2024-06-10 09:59:15,735] {scheduler_job.py:181} INFO - Started process (PID=62928) to work on /home/anhcu/Project/Stock_project/airflow_venv/lib/python3.8/site-packages/airflow/example_dags/example_xcomargs.py
[2024-06-10 09:59:15,739] {scheduler_job.py:629} INFO - Processing file /home/anhcu/Project/Stock_project/airflow_venv/lib/python3.8/site-packages/airflow/example_dags/example_xcomargs.py for tasks to queue
[2024-06-10 09:59:15,887] {logging_mixin.py:103} INFO - [2024-06-10 09:59:15,887] {dagbag.py:440} INFO - Filling up the DagBag from /home/anhcu/Project/Stock_project/airflow_venv/lib/python3.8/site-packages/airflow/example_dags/example_xcomargs.py
[2024-06-10 09:59:15,912] {scheduler_job.py:639} INFO - DAG(s) dict_keys(['example_xcom_args', 'example_xcom_args_with_operators']) retrieved from /home/anhcu/Project/Stock_project/airflow_venv/lib/python3.8/site-packages/airflow/example_dags/example_xcomargs.py
[2024-06-10 09:59:15,919] {logging_mixin.py:103} INFO - [2024-06-10 09:59:15,919] {dag.py:1813} INFO - Sync 2 DAGs
[2024-06-10 09:59:15,957] {logging_mixin.py:103} INFO - [2024-06-10 09:59:15,957] {dag.py:2266} INFO - Setting next_dagrun for example_xcom_args to None
[2024-06-10 09:59:15,967] {logging_mixin.py:103} INFO - [2024-06-10 09:59:15,967] {dag.py:2266} INFO - Setting next_dagrun for example_xcom_args_with_operators to None
[2024-06-10 09:59:16,154] {scheduler_job.py:189} INFO - Processing /home/anhcu/Project/Stock_project/airflow_venv/lib/python3.8/site-packages/airflow/example_dags/example_xcomargs.py took 0.423 seconds
[2024-06-10 10:00:06,684] {scheduler_job.py:181} INFO - Started process (PID=63296) to work on /home/anhcu/Project/Stock_project/airflow_venv/lib/python3.8/site-packages/airflow/example_dags/example_xcomargs.py
[2024-06-10 10:00:06,687] {scheduler_job.py:629} INFO - Processing file /home/anhcu/Project/Stock_project/airflow_venv/lib/python3.8/site-packages/airflow/example_dags/example_xcomargs.py for tasks to queue
[2024-06-10 10:00:06,695] {logging_mixin.py:103} INFO - [2024-06-10 10:00:06,694] {dagbag.py:440} INFO - Filling up the DagBag from /home/anhcu/Project/Stock_project/airflow_venv/lib/python3.8/site-packages/airflow/example_dags/example_xcomargs.py
[2024-06-10 10:00:06,725] {scheduler_job.py:639} INFO - DAG(s) dict_keys(['example_xcom_args', 'example_xcom_args_with_operators']) retrieved from /home/anhcu/Project/Stock_project/airflow_venv/lib/python3.8/site-packages/airflow/example_dags/example_xcomargs.py
[2024-06-10 10:00:06,727] {logging_mixin.py:103} INFO - [2024-06-10 10:00:06,727] {dag.py:1813} INFO - Sync 2 DAGs
[2024-06-10 10:00:06,890] {logging_mixin.py:103} INFO - [2024-06-10 10:00:06,890] {dag.py:2266} INFO - Setting next_dagrun for example_xcom_args to None
[2024-06-10 10:00:06,891] {logging_mixin.py:103} INFO - [2024-06-10 10:00:06,891] {dag.py:2266} INFO - Setting next_dagrun for example_xcom_args_with_operators to None
[2024-06-10 10:00:06,926] {scheduler_job.py:189} INFO - Processing /home/anhcu/Project/Stock_project/airflow_venv/lib/python3.8/site-packages/airflow/example_dags/example_xcomargs.py took 0.247 seconds
[2024-06-10 10:00:52,163] {scheduler_job.py:181} INFO - Started process (PID=63645) to work on /home/anhcu/Project/Stock_project/airflow_venv/lib/python3.8/site-packages/airflow/example_dags/example_xcomargs.py
[2024-06-10 10:00:52,169] {scheduler_job.py:629} INFO - Processing file /home/anhcu/Project/Stock_project/airflow_venv/lib/python3.8/site-packages/airflow/example_dags/example_xcomargs.py for tasks to queue
[2024-06-10 10:00:52,171] {logging_mixin.py:103} INFO - [2024-06-10 10:00:52,170] {dagbag.py:440} INFO - Filling up the DagBag from /home/anhcu/Project/Stock_project/airflow_venv/lib/python3.8/site-packages/airflow/example_dags/example_xcomargs.py
[2024-06-10 10:00:52,206] {scheduler_job.py:639} INFO - DAG(s) dict_keys(['example_xcom_args', 'example_xcom_args_with_operators']) retrieved from /home/anhcu/Project/Stock_project/airflow_venv/lib/python3.8/site-packages/airflow/example_dags/example_xcomargs.py
[2024-06-10 10:00:52,207] {logging_mixin.py:103} INFO - [2024-06-10 10:00:52,207] {dag.py:1813} INFO - Sync 2 DAGs
[2024-06-10 10:00:52,384] {logging_mixin.py:103} INFO - [2024-06-10 10:00:52,384] {dag.py:2266} INFO - Setting next_dagrun for example_xcom_args to None
[2024-06-10 10:00:52,389] {logging_mixin.py:103} INFO - [2024-06-10 10:00:52,389] {dag.py:2266} INFO - Setting next_dagrun for example_xcom_args_with_operators to None
[2024-06-10 10:00:52,451] {scheduler_job.py:189} INFO - Processing /home/anhcu/Project/Stock_project/airflow_venv/lib/python3.8/site-packages/airflow/example_dags/example_xcomargs.py took 0.300 seconds
[2024-06-10 10:01:38,413] {scheduler_job.py:181} INFO - Started process (PID=63862) to work on /home/anhcu/Project/Stock_project/airflow_venv/lib/python3.8/site-packages/airflow/example_dags/example_xcomargs.py
[2024-06-10 10:01:38,415] {scheduler_job.py:629} INFO - Processing file /home/anhcu/Project/Stock_project/airflow_venv/lib/python3.8/site-packages/airflow/example_dags/example_xcomargs.py for tasks to queue
[2024-06-10 10:01:38,415] {logging_mixin.py:103} INFO - [2024-06-10 10:01:38,415] {dagbag.py:440} INFO - Filling up the DagBag from /home/anhcu/Project/Stock_project/airflow_venv/lib/python3.8/site-packages/airflow/example_dags/example_xcomargs.py
[2024-06-10 10:01:38,442] {scheduler_job.py:639} INFO - DAG(s) dict_keys(['example_xcom_args', 'example_xcom_args_with_operators']) retrieved from /home/anhcu/Project/Stock_project/airflow_venv/lib/python3.8/site-packages/airflow/example_dags/example_xcomargs.py
[2024-06-10 10:01:38,451] {logging_mixin.py:103} INFO - [2024-06-10 10:01:38,451] {dag.py:1813} INFO - Sync 2 DAGs
[2024-06-10 10:01:38,867] {logging_mixin.py:103} INFO - [2024-06-10 10:01:38,867] {dag.py:2266} INFO - Setting next_dagrun for example_xcom_args to None
[2024-06-10 10:01:38,869] {logging_mixin.py:103} INFO - [2024-06-10 10:01:38,869] {dag.py:2266} INFO - Setting next_dagrun for example_xcom_args_with_operators to None
[2024-06-10 10:01:38,903] {scheduler_job.py:189} INFO - Processing /home/anhcu/Project/Stock_project/airflow_venv/lib/python3.8/site-packages/airflow/example_dags/example_xcomargs.py took 0.503 seconds
[2024-06-10 10:07:14,761] {scheduler_job.py:181} INFO - Started process (PID=67024) to work on /home/anhcu/Project/Stock_project/airflow_venv/lib/python3.8/site-packages/airflow/example_dags/example_xcomargs.py
[2024-06-10 10:07:14,764] {scheduler_job.py:629} INFO - Processing file /home/anhcu/Project/Stock_project/airflow_venv/lib/python3.8/site-packages/airflow/example_dags/example_xcomargs.py for tasks to queue
[2024-06-10 10:07:14,765] {logging_mixin.py:103} INFO - [2024-06-10 10:07:14,765] {dagbag.py:440} INFO - Filling up the DagBag from /home/anhcu/Project/Stock_project/airflow_venv/lib/python3.8/site-packages/airflow/example_dags/example_xcomargs.py
[2024-06-10 10:07:14,774] {scheduler_job.py:639} INFO - DAG(s) dict_keys(['example_xcom_args', 'example_xcom_args_with_operators']) retrieved from /home/anhcu/Project/Stock_project/airflow_venv/lib/python3.8/site-packages/airflow/example_dags/example_xcomargs.py
[2024-06-10 10:07:14,775] {logging_mixin.py:103} INFO - [2024-06-10 10:07:14,775] {dag.py:1813} INFO - Sync 2 DAGs
[2024-06-10 10:07:14,790] {logging_mixin.py:103} INFO - [2024-06-10 10:07:14,790] {dag.py:2266} INFO - Setting next_dagrun for example_xcom_args to None
[2024-06-10 10:07:14,791] {logging_mixin.py:103} INFO - [2024-06-10 10:07:14,791] {dag.py:2266} INFO - Setting next_dagrun for example_xcom_args_with_operators to None
[2024-06-10 10:07:14,819] {scheduler_job.py:189} INFO - Processing /home/anhcu/Project/Stock_project/airflow_venv/lib/python3.8/site-packages/airflow/example_dags/example_xcomargs.py took 0.062 seconds
[2024-06-10 10:07:42,443] {scheduler_job.py:181} INFO - Started process (PID=67213) to work on /home/anhcu/Project/Stock_project/airflow_venv/lib/python3.8/site-packages/airflow/example_dags/example_xcomargs.py
[2024-06-10 10:07:42,444] {scheduler_job.py:629} INFO - Processing file /home/anhcu/Project/Stock_project/airflow_venv/lib/python3.8/site-packages/airflow/example_dags/example_xcomargs.py for tasks to queue
[2024-06-10 10:07:42,445] {logging_mixin.py:103} INFO - [2024-06-10 10:07:42,445] {dagbag.py:440} INFO - Filling up the DagBag from /home/anhcu/Project/Stock_project/airflow_venv/lib/python3.8/site-packages/airflow/example_dags/example_xcomargs.py
[2024-06-10 10:07:42,455] {scheduler_job.py:639} INFO - DAG(s) dict_keys(['example_xcom_args', 'example_xcom_args_with_operators']) retrieved from /home/anhcu/Project/Stock_project/airflow_venv/lib/python3.8/site-packages/airflow/example_dags/example_xcomargs.py
[2024-06-10 10:07:42,456] {logging_mixin.py:103} INFO - [2024-06-10 10:07:42,456] {dag.py:1813} INFO - Sync 2 DAGs
[2024-06-10 10:07:42,473] {logging_mixin.py:103} INFO - [2024-06-10 10:07:42,473] {dag.py:2266} INFO - Setting next_dagrun for example_xcom_args to None
[2024-06-10 10:07:42,474] {logging_mixin.py:103} INFO - [2024-06-10 10:07:42,474] {dag.py:2266} INFO - Setting next_dagrun for example_xcom_args_with_operators to None
[2024-06-10 10:07:42,487] {scheduler_job.py:189} INFO - Processing /home/anhcu/Project/Stock_project/airflow_venv/lib/python3.8/site-packages/airflow/example_dags/example_xcomargs.py took 0.048 seconds
[2024-06-10 10:08:12,278] {scheduler_job.py:181} INFO - Started process (PID=67404) to work on /home/anhcu/Project/Stock_project/airflow_venv/lib/python3.8/site-packages/airflow/example_dags/example_xcomargs.py
[2024-06-10 10:08:12,280] {scheduler_job.py:629} INFO - Processing file /home/anhcu/Project/Stock_project/airflow_venv/lib/python3.8/site-packages/airflow/example_dags/example_xcomargs.py for tasks to queue
[2024-06-10 10:08:12,280] {logging_mixin.py:103} INFO - [2024-06-10 10:08:12,280] {dagbag.py:440} INFO - Filling up the DagBag from /home/anhcu/Project/Stock_project/airflow_venv/lib/python3.8/site-packages/airflow/example_dags/example_xcomargs.py
[2024-06-10 10:08:12,289] {scheduler_job.py:639} INFO - DAG(s) dict_keys(['example_xcom_args', 'example_xcom_args_with_operators']) retrieved from /home/anhcu/Project/Stock_project/airflow_venv/lib/python3.8/site-packages/airflow/example_dags/example_xcomargs.py
[2024-06-10 10:08:12,290] {logging_mixin.py:103} INFO - [2024-06-10 10:08:12,290] {dag.py:1813} INFO - Sync 2 DAGs
[2024-06-10 10:08:12,304] {logging_mixin.py:103} INFO - [2024-06-10 10:08:12,304] {dag.py:2266} INFO - Setting next_dagrun for example_xcom_args to None
[2024-06-10 10:08:12,305] {logging_mixin.py:103} INFO - [2024-06-10 10:08:12,305] {dag.py:2266} INFO - Setting next_dagrun for example_xcom_args_with_operators to None
[2024-06-10 10:08:12,328] {scheduler_job.py:189} INFO - Processing /home/anhcu/Project/Stock_project/airflow_venv/lib/python3.8/site-packages/airflow/example_dags/example_xcomargs.py took 0.052 seconds
[2024-06-10 10:08:40,450] {scheduler_job.py:181} INFO - Started process (PID=67637) to work on /home/anhcu/Project/Stock_project/airflow_venv/lib/python3.8/site-packages/airflow/example_dags/example_xcomargs.py
[2024-06-10 10:08:40,452] {scheduler_job.py:629} INFO - Processing file /home/anhcu/Project/Stock_project/airflow_venv/lib/python3.8/site-packages/airflow/example_dags/example_xcomargs.py for tasks to queue
[2024-06-10 10:08:40,453] {logging_mixin.py:103} INFO - [2024-06-10 10:08:40,453] {dagbag.py:440} INFO - Filling up the DagBag from /home/anhcu/Project/Stock_project/airflow_venv/lib/python3.8/site-packages/airflow/example_dags/example_xcomargs.py
[2024-06-10 10:08:40,462] {scheduler_job.py:639} INFO - DAG(s) dict_keys(['example_xcom_args', 'example_xcom_args_with_operators']) retrieved from /home/anhcu/Project/Stock_project/airflow_venv/lib/python3.8/site-packages/airflow/example_dags/example_xcomargs.py
[2024-06-10 10:08:40,464] {logging_mixin.py:103} INFO - [2024-06-10 10:08:40,464] {dag.py:1813} INFO - Sync 2 DAGs
[2024-06-10 10:08:40,480] {logging_mixin.py:103} INFO - [2024-06-10 10:08:40,480] {dag.py:2266} INFO - Setting next_dagrun for example_xcom_args to None
[2024-06-10 10:08:40,481] {logging_mixin.py:103} INFO - [2024-06-10 10:08:40,481] {dag.py:2266} INFO - Setting next_dagrun for example_xcom_args_with_operators to None
[2024-06-10 10:08:40,493] {scheduler_job.py:189} INFO - Processing /home/anhcu/Project/Stock_project/airflow_venv/lib/python3.8/site-packages/airflow/example_dags/example_xcomargs.py took 0.049 seconds
[2024-06-10 10:09:08,050] {scheduler_job.py:181} INFO - Started process (PID=67865) to work on /home/anhcu/Project/Stock_project/airflow_venv/lib/python3.8/site-packages/airflow/example_dags/example_xcomargs.py
[2024-06-10 10:09:08,053] {scheduler_job.py:629} INFO - Processing file /home/anhcu/Project/Stock_project/airflow_venv/lib/python3.8/site-packages/airflow/example_dags/example_xcomargs.py for tasks to queue
[2024-06-10 10:09:08,054] {logging_mixin.py:103} INFO - [2024-06-10 10:09:08,054] {dagbag.py:440} INFO - Filling up the DagBag from /home/anhcu/Project/Stock_project/airflow_venv/lib/python3.8/site-packages/airflow/example_dags/example_xcomargs.py
[2024-06-10 10:09:08,064] {scheduler_job.py:639} INFO - DAG(s) dict_keys(['example_xcom_args', 'example_xcom_args_with_operators']) retrieved from /home/anhcu/Project/Stock_project/airflow_venv/lib/python3.8/site-packages/airflow/example_dags/example_xcomargs.py
[2024-06-10 10:09:08,065] {logging_mixin.py:103} INFO - [2024-06-10 10:09:08,065] {dag.py:1813} INFO - Sync 2 DAGs
[2024-06-10 10:09:08,087] {logging_mixin.py:103} INFO - [2024-06-10 10:09:08,086] {dag.py:2266} INFO - Setting next_dagrun for example_xcom_args to None
[2024-06-10 10:09:08,088] {logging_mixin.py:103} INFO - [2024-06-10 10:09:08,088] {dag.py:2266} INFO - Setting next_dagrun for example_xcom_args_with_operators to None
[2024-06-10 10:09:08,111] {scheduler_job.py:189} INFO - Processing /home/anhcu/Project/Stock_project/airflow_venv/lib/python3.8/site-packages/airflow/example_dags/example_xcomargs.py took 0.066 seconds
[2024-06-10 10:09:34,397] {scheduler_job.py:181} INFO - Started process (PID=68023) to work on /home/anhcu/Project/Stock_project/airflow_venv/lib/python3.8/site-packages/airflow/example_dags/example_xcomargs.py
[2024-06-10 10:09:34,399] {scheduler_job.py:629} INFO - Processing file /home/anhcu/Project/Stock_project/airflow_venv/lib/python3.8/site-packages/airflow/example_dags/example_xcomargs.py for tasks to queue
[2024-06-10 10:09:34,400] {logging_mixin.py:103} INFO - [2024-06-10 10:09:34,399] {dagbag.py:440} INFO - Filling up the DagBag from /home/anhcu/Project/Stock_project/airflow_venv/lib/python3.8/site-packages/airflow/example_dags/example_xcomargs.py
[2024-06-10 10:09:34,409] {scheduler_job.py:639} INFO - DAG(s) dict_keys(['example_xcom_args', 'example_xcom_args_with_operators']) retrieved from /home/anhcu/Project/Stock_project/airflow_venv/lib/python3.8/site-packages/airflow/example_dags/example_xcomargs.py
[2024-06-10 10:09:34,410] {logging_mixin.py:103} INFO - [2024-06-10 10:09:34,410] {dag.py:1813} INFO - Sync 2 DAGs
[2024-06-10 10:09:34,425] {logging_mixin.py:103} INFO - [2024-06-10 10:09:34,425] {dag.py:2266} INFO - Setting next_dagrun for example_xcom_args to None
[2024-06-10 10:09:34,426] {logging_mixin.py:103} INFO - [2024-06-10 10:09:34,426] {dag.py:2266} INFO - Setting next_dagrun for example_xcom_args_with_operators to None
[2024-06-10 10:09:34,438] {scheduler_job.py:189} INFO - Processing /home/anhcu/Project/Stock_project/airflow_venv/lib/python3.8/site-packages/airflow/example_dags/example_xcomargs.py took 0.045 seconds
[2024-06-10 10:10:02,778] {scheduler_job.py:181} INFO - Started process (PID=68143) to work on /home/anhcu/Project/Stock_project/airflow_venv/lib/python3.8/site-packages/airflow/example_dags/example_xcomargs.py
[2024-06-10 10:10:02,780] {scheduler_job.py:629} INFO - Processing file /home/anhcu/Project/Stock_project/airflow_venv/lib/python3.8/site-packages/airflow/example_dags/example_xcomargs.py for tasks to queue
[2024-06-10 10:10:02,781] {logging_mixin.py:103} INFO - [2024-06-10 10:10:02,781] {dagbag.py:440} INFO - Filling up the DagBag from /home/anhcu/Project/Stock_project/airflow_venv/lib/python3.8/site-packages/airflow/example_dags/example_xcomargs.py
[2024-06-10 10:10:02,790] {scheduler_job.py:639} INFO - DAG(s) dict_keys(['example_xcom_args', 'example_xcom_args_with_operators']) retrieved from /home/anhcu/Project/Stock_project/airflow_venv/lib/python3.8/site-packages/airflow/example_dags/example_xcomargs.py
[2024-06-10 10:10:02,791] {logging_mixin.py:103} INFO - [2024-06-10 10:10:02,791] {dag.py:1813} INFO - Sync 2 DAGs
[2024-06-10 10:10:02,808] {logging_mixin.py:103} INFO - [2024-06-10 10:10:02,808] {dag.py:2266} INFO - Setting next_dagrun for example_xcom_args to None
[2024-06-10 10:10:02,809] {logging_mixin.py:103} INFO - [2024-06-10 10:10:02,809] {dag.py:2266} INFO - Setting next_dagrun for example_xcom_args_with_operators to None
[2024-06-10 10:10:02,832] {scheduler_job.py:189} INFO - Processing /home/anhcu/Project/Stock_project/airflow_venv/lib/python3.8/site-packages/airflow/example_dags/example_xcomargs.py took 0.058 seconds
[2024-06-10 10:10:30,515] {scheduler_job.py:181} INFO - Started process (PID=68302) to work on /home/anhcu/Project/Stock_project/airflow_venv/lib/python3.8/site-packages/airflow/example_dags/example_xcomargs.py
[2024-06-10 10:10:30,518] {scheduler_job.py:629} INFO - Processing file /home/anhcu/Project/Stock_project/airflow_venv/lib/python3.8/site-packages/airflow/example_dags/example_xcomargs.py for tasks to queue
[2024-06-10 10:10:30,519] {logging_mixin.py:103} INFO - [2024-06-10 10:10:30,519] {dagbag.py:440} INFO - Filling up the DagBag from /home/anhcu/Project/Stock_project/airflow_venv/lib/python3.8/site-packages/airflow/example_dags/example_xcomargs.py
[2024-06-10 10:10:30,531] {scheduler_job.py:639} INFO - DAG(s) dict_keys(['example_xcom_args', 'example_xcom_args_with_operators']) retrieved from /home/anhcu/Project/Stock_project/airflow_venv/lib/python3.8/site-packages/airflow/example_dags/example_xcomargs.py
[2024-06-10 10:10:30,533] {logging_mixin.py:103} INFO - [2024-06-10 10:10:30,533] {dag.py:1813} INFO - Sync 2 DAGs
[2024-06-10 10:10:30,554] {logging_mixin.py:103} INFO - [2024-06-10 10:10:30,554] {dag.py:2266} INFO - Setting next_dagrun for example_xcom_args to None
[2024-06-10 10:10:30,556] {logging_mixin.py:103} INFO - [2024-06-10 10:10:30,556] {dag.py:2266} INFO - Setting next_dagrun for example_xcom_args_with_operators to None
[2024-06-10 10:10:30,576] {scheduler_job.py:189} INFO - Processing /home/anhcu/Project/Stock_project/airflow_venv/lib/python3.8/site-packages/airflow/example_dags/example_xcomargs.py took 0.065 seconds
[2024-06-10 10:10:58,914] {scheduler_job.py:181} INFO - Started process (PID=68497) to work on /home/anhcu/Project/Stock_project/airflow_venv/lib/python3.8/site-packages/airflow/example_dags/example_xcomargs.py
[2024-06-10 10:10:58,915] {scheduler_job.py:629} INFO - Processing file /home/anhcu/Project/Stock_project/airflow_venv/lib/python3.8/site-packages/airflow/example_dags/example_xcomargs.py for tasks to queue
[2024-06-10 10:10:58,916] {logging_mixin.py:103} INFO - [2024-06-10 10:10:58,916] {dagbag.py:440} INFO - Filling up the DagBag from /home/anhcu/Project/Stock_project/airflow_venv/lib/python3.8/site-packages/airflow/example_dags/example_xcomargs.py
[2024-06-10 10:10:58,927] {scheduler_job.py:639} INFO - DAG(s) dict_keys(['example_xcom_args', 'example_xcom_args_with_operators']) retrieved from /home/anhcu/Project/Stock_project/airflow_venv/lib/python3.8/site-packages/airflow/example_dags/example_xcomargs.py
[2024-06-10 10:10:58,928] {logging_mixin.py:103} INFO - [2024-06-10 10:10:58,928] {dag.py:1813} INFO - Sync 2 DAGs
[2024-06-10 10:10:58,949] {logging_mixin.py:103} INFO - [2024-06-10 10:10:58,949] {dag.py:2266} INFO - Setting next_dagrun for example_xcom_args to None
[2024-06-10 10:10:58,951] {logging_mixin.py:103} INFO - [2024-06-10 10:10:58,950] {dag.py:2266} INFO - Setting next_dagrun for example_xcom_args_with_operators to None
[2024-06-10 10:10:58,985] {scheduler_job.py:189} INFO - Processing /home/anhcu/Project/Stock_project/airflow_venv/lib/python3.8/site-packages/airflow/example_dags/example_xcomargs.py took 0.079 seconds
[2024-06-10 10:11:27,931] {scheduler_job.py:181} INFO - Started process (PID=68651) to work on /home/anhcu/Project/Stock_project/airflow_venv/lib/python3.8/site-packages/airflow/example_dags/example_xcomargs.py
[2024-06-10 10:11:27,933] {scheduler_job.py:629} INFO - Processing file /home/anhcu/Project/Stock_project/airflow_venv/lib/python3.8/site-packages/airflow/example_dags/example_xcomargs.py for tasks to queue
[2024-06-10 10:11:27,934] {logging_mixin.py:103} INFO - [2024-06-10 10:11:27,934] {dagbag.py:440} INFO - Filling up the DagBag from /home/anhcu/Project/Stock_project/airflow_venv/lib/python3.8/site-packages/airflow/example_dags/example_xcomargs.py
[2024-06-10 10:11:27,944] {scheduler_job.py:639} INFO - DAG(s) dict_keys(['example_xcom_args', 'example_xcom_args_with_operators']) retrieved from /home/anhcu/Project/Stock_project/airflow_venv/lib/python3.8/site-packages/airflow/example_dags/example_xcomargs.py
[2024-06-10 10:11:27,945] {logging_mixin.py:103} INFO - [2024-06-10 10:11:27,945] {dag.py:1813} INFO - Sync 2 DAGs
[2024-06-10 10:11:27,960] {logging_mixin.py:103} INFO - [2024-06-10 10:11:27,960] {dag.py:2266} INFO - Setting next_dagrun for example_xcom_args to None
[2024-06-10 10:11:27,961] {logging_mixin.py:103} INFO - [2024-06-10 10:11:27,961] {dag.py:2266} INFO - Setting next_dagrun for example_xcom_args_with_operators to None
[2024-06-10 10:11:27,975] {scheduler_job.py:189} INFO - Processing /home/anhcu/Project/Stock_project/airflow_venv/lib/python3.8/site-packages/airflow/example_dags/example_xcomargs.py took 0.048 seconds
[2024-06-10 10:12:07,215] {scheduler_job.py:181} INFO - Started process (PID=68917) to work on /home/anhcu/Project/Stock_project/airflow_venv/lib/python3.8/site-packages/airflow/example_dags/example_xcomargs.py
[2024-06-10 10:12:07,217] {scheduler_job.py:629} INFO - Processing file /home/anhcu/Project/Stock_project/airflow_venv/lib/python3.8/site-packages/airflow/example_dags/example_xcomargs.py for tasks to queue
[2024-06-10 10:12:07,218] {logging_mixin.py:103} INFO - [2024-06-10 10:12:07,218] {dagbag.py:440} INFO - Filling up the DagBag from /home/anhcu/Project/Stock_project/airflow_venv/lib/python3.8/site-packages/airflow/example_dags/example_xcomargs.py
[2024-06-10 10:12:07,230] {scheduler_job.py:639} INFO - DAG(s) dict_keys(['example_xcom_args', 'example_xcom_args_with_operators']) retrieved from /home/anhcu/Project/Stock_project/airflow_venv/lib/python3.8/site-packages/airflow/example_dags/example_xcomargs.py
[2024-06-10 10:12:07,231] {logging_mixin.py:103} INFO - [2024-06-10 10:12:07,231] {dag.py:1813} INFO - Sync 2 DAGs
[2024-06-10 10:12:07,246] {logging_mixin.py:103} INFO - [2024-06-10 10:12:07,246] {dag.py:2266} INFO - Setting next_dagrun for example_xcom_args to None
[2024-06-10 10:12:07,247] {logging_mixin.py:103} INFO - [2024-06-10 10:12:07,247] {dag.py:2266} INFO - Setting next_dagrun for example_xcom_args_with_operators to None
[2024-06-10 10:12:07,295] {scheduler_job.py:189} INFO - Processing /home/anhcu/Project/Stock_project/airflow_venv/lib/python3.8/site-packages/airflow/example_dags/example_xcomargs.py took 0.083 seconds
[2024-06-10 10:12:38,854] {scheduler_job.py:181} INFO - Started process (PID=69140) to work on /home/anhcu/Project/Stock_project/airflow_venv/lib/python3.8/site-packages/airflow/example_dags/example_xcomargs.py
[2024-06-10 10:12:38,856] {scheduler_job.py:629} INFO - Processing file /home/anhcu/Project/Stock_project/airflow_venv/lib/python3.8/site-packages/airflow/example_dags/example_xcomargs.py for tasks to queue
[2024-06-10 10:12:38,857] {logging_mixin.py:103} INFO - [2024-06-10 10:12:38,857] {dagbag.py:440} INFO - Filling up the DagBag from /home/anhcu/Project/Stock_project/airflow_venv/lib/python3.8/site-packages/airflow/example_dags/example_xcomargs.py
[2024-06-10 10:12:38,870] {scheduler_job.py:639} INFO - DAG(s) dict_keys(['example_xcom_args', 'example_xcom_args_with_operators']) retrieved from /home/anhcu/Project/Stock_project/airflow_venv/lib/python3.8/site-packages/airflow/example_dags/example_xcomargs.py
[2024-06-10 10:12:38,871] {logging_mixin.py:103} INFO - [2024-06-10 10:12:38,871] {dag.py:1813} INFO - Sync 2 DAGs
[2024-06-10 10:12:38,886] {logging_mixin.py:103} INFO - [2024-06-10 10:12:38,886] {dag.py:2266} INFO - Setting next_dagrun for example_xcom_args to None
[2024-06-10 10:12:38,887] {logging_mixin.py:103} INFO - [2024-06-10 10:12:38,887] {dag.py:2266} INFO - Setting next_dagrun for example_xcom_args_with_operators to None
[2024-06-10 10:12:38,911] {scheduler_job.py:189} INFO - Processing /home/anhcu/Project/Stock_project/airflow_venv/lib/python3.8/site-packages/airflow/example_dags/example_xcomargs.py took 0.061 seconds
[2024-06-10 10:13:07,970] {scheduler_job.py:181} INFO - Started process (PID=69292) to work on /home/anhcu/Project/Stock_project/airflow_venv/lib/python3.8/site-packages/airflow/example_dags/example_xcomargs.py
[2024-06-10 10:13:07,972] {scheduler_job.py:629} INFO - Processing file /home/anhcu/Project/Stock_project/airflow_venv/lib/python3.8/site-packages/airflow/example_dags/example_xcomargs.py for tasks to queue
[2024-06-10 10:13:07,973] {logging_mixin.py:103} INFO - [2024-06-10 10:13:07,973] {dagbag.py:440} INFO - Filling up the DagBag from /home/anhcu/Project/Stock_project/airflow_venv/lib/python3.8/site-packages/airflow/example_dags/example_xcomargs.py
[2024-06-10 10:13:07,985] {scheduler_job.py:639} INFO - DAG(s) dict_keys(['example_xcom_args', 'example_xcom_args_with_operators']) retrieved from /home/anhcu/Project/Stock_project/airflow_venv/lib/python3.8/site-packages/airflow/example_dags/example_xcomargs.py
[2024-06-10 10:13:07,986] {logging_mixin.py:103} INFO - [2024-06-10 10:13:07,986] {dag.py:1813} INFO - Sync 2 DAGs
[2024-06-10 10:13:08,004] {logging_mixin.py:103} INFO - [2024-06-10 10:13:08,003] {dag.py:2266} INFO - Setting next_dagrun for example_xcom_args to None
[2024-06-10 10:13:08,004] {logging_mixin.py:103} INFO - [2024-06-10 10:13:08,004] {dag.py:2266} INFO - Setting next_dagrun for example_xcom_args_with_operators to None
[2024-06-10 10:13:08,016] {scheduler_job.py:189} INFO - Processing /home/anhcu/Project/Stock_project/airflow_venv/lib/python3.8/site-packages/airflow/example_dags/example_xcomargs.py took 0.049 seconds
[2024-06-10 10:13:37,629] {scheduler_job.py:181} INFO - Started process (PID=69448) to work on /home/anhcu/Project/Stock_project/airflow_venv/lib/python3.8/site-packages/airflow/example_dags/example_xcomargs.py
[2024-06-10 10:13:37,631] {scheduler_job.py:629} INFO - Processing file /home/anhcu/Project/Stock_project/airflow_venv/lib/python3.8/site-packages/airflow/example_dags/example_xcomargs.py for tasks to queue
[2024-06-10 10:13:37,632] {logging_mixin.py:103} INFO - [2024-06-10 10:13:37,631] {dagbag.py:440} INFO - Filling up the DagBag from /home/anhcu/Project/Stock_project/airflow_venv/lib/python3.8/site-packages/airflow/example_dags/example_xcomargs.py
[2024-06-10 10:13:37,646] {scheduler_job.py:639} INFO - DAG(s) dict_keys(['example_xcom_args', 'example_xcom_args_with_operators']) retrieved from /home/anhcu/Project/Stock_project/airflow_venv/lib/python3.8/site-packages/airflow/example_dags/example_xcomargs.py
[2024-06-10 10:13:37,647] {logging_mixin.py:103} INFO - [2024-06-10 10:13:37,647] {dag.py:1813} INFO - Sync 2 DAGs
[2024-06-10 10:13:37,666] {logging_mixin.py:103} INFO - [2024-06-10 10:13:37,666] {dag.py:2266} INFO - Setting next_dagrun for example_xcom_args to None
[2024-06-10 10:13:37,667] {logging_mixin.py:103} INFO - [2024-06-10 10:13:37,667] {dag.py:2266} INFO - Setting next_dagrun for example_xcom_args_with_operators to None
[2024-06-10 10:13:37,693] {scheduler_job.py:189} INFO - Processing /home/anhcu/Project/Stock_project/airflow_venv/lib/python3.8/site-packages/airflow/example_dags/example_xcomargs.py took 0.068 seconds
[2024-06-10 10:14:06,617] {scheduler_job.py:181} INFO - Started process (PID=69601) to work on /home/anhcu/Project/Stock_project/airflow_venv/lib/python3.8/site-packages/airflow/example_dags/example_xcomargs.py
[2024-06-10 10:14:06,618] {scheduler_job.py:629} INFO - Processing file /home/anhcu/Project/Stock_project/airflow_venv/lib/python3.8/site-packages/airflow/example_dags/example_xcomargs.py for tasks to queue
[2024-06-10 10:14:06,620] {logging_mixin.py:103} INFO - [2024-06-10 10:14:06,619] {dagbag.py:440} INFO - Filling up the DagBag from /home/anhcu/Project/Stock_project/airflow_venv/lib/python3.8/site-packages/airflow/example_dags/example_xcomargs.py
[2024-06-10 10:14:06,632] {scheduler_job.py:639} INFO - DAG(s) dict_keys(['example_xcom_args', 'example_xcom_args_with_operators']) retrieved from /home/anhcu/Project/Stock_project/airflow_venv/lib/python3.8/site-packages/airflow/example_dags/example_xcomargs.py
[2024-06-10 10:14:06,633] {logging_mixin.py:103} INFO - [2024-06-10 10:14:06,633] {dag.py:1813} INFO - Sync 2 DAGs
[2024-06-10 10:14:06,651] {logging_mixin.py:103} INFO - [2024-06-10 10:14:06,651] {dag.py:2266} INFO - Setting next_dagrun for example_xcom_args to None
[2024-06-10 10:14:06,651] {logging_mixin.py:103} INFO - [2024-06-10 10:14:06,651] {dag.py:2266} INFO - Setting next_dagrun for example_xcom_args_with_operators to None
[2024-06-10 10:14:06,663] {scheduler_job.py:189} INFO - Processing /home/anhcu/Project/Stock_project/airflow_venv/lib/python3.8/site-packages/airflow/example_dags/example_xcomargs.py took 0.051 seconds
[2024-06-10 10:14:35,725] {scheduler_job.py:181} INFO - Started process (PID=69761) to work on /home/anhcu/Project/Stock_project/airflow_venv/lib/python3.8/site-packages/airflow/example_dags/example_xcomargs.py
[2024-06-10 10:14:35,727] {scheduler_job.py:629} INFO - Processing file /home/anhcu/Project/Stock_project/airflow_venv/lib/python3.8/site-packages/airflow/example_dags/example_xcomargs.py for tasks to queue
[2024-06-10 10:14:35,728] {logging_mixin.py:103} INFO - [2024-06-10 10:14:35,728] {dagbag.py:440} INFO - Filling up the DagBag from /home/anhcu/Project/Stock_project/airflow_venv/lib/python3.8/site-packages/airflow/example_dags/example_xcomargs.py
[2024-06-10 10:14:35,740] {scheduler_job.py:639} INFO - DAG(s) dict_keys(['example_xcom_args', 'example_xcom_args_with_operators']) retrieved from /home/anhcu/Project/Stock_project/airflow_venv/lib/python3.8/site-packages/airflow/example_dags/example_xcomargs.py
[2024-06-10 10:14:35,741] {logging_mixin.py:103} INFO - [2024-06-10 10:14:35,741] {dag.py:1813} INFO - Sync 2 DAGs
[2024-06-10 10:14:35,758] {logging_mixin.py:103} INFO - [2024-06-10 10:14:35,757] {dag.py:2266} INFO - Setting next_dagrun for example_xcom_args to None
[2024-06-10 10:14:35,758] {logging_mixin.py:103} INFO - [2024-06-10 10:14:35,758] {dag.py:2266} INFO - Setting next_dagrun for example_xcom_args_with_operators to None
[2024-06-10 10:14:35,782] {scheduler_job.py:189} INFO - Processing /home/anhcu/Project/Stock_project/airflow_venv/lib/python3.8/site-packages/airflow/example_dags/example_xcomargs.py took 0.060 seconds
[2024-06-10 10:15:41,957] {scheduler_job.py:181} INFO - Started process (PID=70171) to work on /home/anhcu/Project/Stock_project/airflow_venv/lib/python3.8/site-packages/airflow/example_dags/example_xcomargs.py
[2024-06-10 10:15:41,959] {scheduler_job.py:629} INFO - Processing file /home/anhcu/Project/Stock_project/airflow_venv/lib/python3.8/site-packages/airflow/example_dags/example_xcomargs.py for tasks to queue
[2024-06-10 10:15:41,959] {logging_mixin.py:103} INFO - [2024-06-10 10:15:41,959] {dagbag.py:440} INFO - Filling up the DagBag from /home/anhcu/Project/Stock_project/airflow_venv/lib/python3.8/site-packages/airflow/example_dags/example_xcomargs.py
[2024-06-10 10:15:41,972] {scheduler_job.py:639} INFO - DAG(s) dict_keys(['example_xcom_args', 'example_xcom_args_with_operators']) retrieved from /home/anhcu/Project/Stock_project/airflow_venv/lib/python3.8/site-packages/airflow/example_dags/example_xcomargs.py
[2024-06-10 10:15:41,973] {logging_mixin.py:103} INFO - [2024-06-10 10:15:41,973] {dag.py:1813} INFO - Sync 2 DAGs
[2024-06-10 10:15:41,989] {logging_mixin.py:103} INFO - [2024-06-10 10:15:41,989] {dag.py:2266} INFO - Setting next_dagrun for example_xcom_args to None
[2024-06-10 10:15:41,990] {logging_mixin.py:103} INFO - [2024-06-10 10:15:41,989] {dag.py:2266} INFO - Setting next_dagrun for example_xcom_args_with_operators to None
[2024-06-10 10:15:42,015] {scheduler_job.py:189} INFO - Processing /home/anhcu/Project/Stock_project/airflow_venv/lib/python3.8/site-packages/airflow/example_dags/example_xcomargs.py took 0.061 seconds
[2024-06-10 10:16:10,602] {scheduler_job.py:181} INFO - Started process (PID=70365) to work on /home/anhcu/Project/Stock_project/airflow_venv/lib/python3.8/site-packages/airflow/example_dags/example_xcomargs.py
[2024-06-10 10:16:10,604] {scheduler_job.py:629} INFO - Processing file /home/anhcu/Project/Stock_project/airflow_venv/lib/python3.8/site-packages/airflow/example_dags/example_xcomargs.py for tasks to queue
[2024-06-10 10:16:10,605] {logging_mixin.py:103} INFO - [2024-06-10 10:16:10,605] {dagbag.py:440} INFO - Filling up the DagBag from /home/anhcu/Project/Stock_project/airflow_venv/lib/python3.8/site-packages/airflow/example_dags/example_xcomargs.py
[2024-06-10 10:16:10,616] {scheduler_job.py:639} INFO - DAG(s) dict_keys(['example_xcom_args', 'example_xcom_args_with_operators']) retrieved from /home/anhcu/Project/Stock_project/airflow_venv/lib/python3.8/site-packages/airflow/example_dags/example_xcomargs.py
[2024-06-10 10:16:10,617] {logging_mixin.py:103} INFO - [2024-06-10 10:16:10,617] {dag.py:1813} INFO - Sync 2 DAGs
[2024-06-10 10:16:10,633] {logging_mixin.py:103} INFO - [2024-06-10 10:16:10,633] {dag.py:2266} INFO - Setting next_dagrun for example_xcom_args to None
[2024-06-10 10:16:10,634] {logging_mixin.py:103} INFO - [2024-06-10 10:16:10,633] {dag.py:2266} INFO - Setting next_dagrun for example_xcom_args_with_operators to None
[2024-06-10 10:16:10,647] {scheduler_job.py:189} INFO - Processing /home/anhcu/Project/Stock_project/airflow_venv/lib/python3.8/site-packages/airflow/example_dags/example_xcomargs.py took 0.048 seconds
[2024-06-10 10:16:41,362] {scheduler_job.py:181} INFO - Started process (PID=70558) to work on /home/anhcu/Project/Stock_project/airflow_venv/lib/python3.8/site-packages/airflow/example_dags/example_xcomargs.py
[2024-06-10 10:16:41,364] {scheduler_job.py:629} INFO - Processing file /home/anhcu/Project/Stock_project/airflow_venv/lib/python3.8/site-packages/airflow/example_dags/example_xcomargs.py for tasks to queue
[2024-06-10 10:16:41,364] {logging_mixin.py:103} INFO - [2024-06-10 10:16:41,364] {dagbag.py:440} INFO - Filling up the DagBag from /home/anhcu/Project/Stock_project/airflow_venv/lib/python3.8/site-packages/airflow/example_dags/example_xcomargs.py
[2024-06-10 10:16:41,376] {scheduler_job.py:639} INFO - DAG(s) dict_keys(['example_xcom_args', 'example_xcom_args_with_operators']) retrieved from /home/anhcu/Project/Stock_project/airflow_venv/lib/python3.8/site-packages/airflow/example_dags/example_xcomargs.py
[2024-06-10 10:16:41,377] {logging_mixin.py:103} INFO - [2024-06-10 10:16:41,377] {dag.py:1813} INFO - Sync 2 DAGs
[2024-06-10 10:16:41,395] {logging_mixin.py:103} INFO - [2024-06-10 10:16:41,395] {dag.py:2266} INFO - Setting next_dagrun for example_xcom_args to None
[2024-06-10 10:16:41,396] {logging_mixin.py:103} INFO - [2024-06-10 10:16:41,396] {dag.py:2266} INFO - Setting next_dagrun for example_xcom_args_with_operators to None
[2024-06-10 10:16:41,419] {scheduler_job.py:189} INFO - Processing /home/anhcu/Project/Stock_project/airflow_venv/lib/python3.8/site-packages/airflow/example_dags/example_xcomargs.py took 0.060 seconds
[2024-06-10 10:17:09,856] {scheduler_job.py:181} INFO - Started process (PID=70827) to work on /home/anhcu/Project/Stock_project/airflow_venv/lib/python3.8/site-packages/airflow/example_dags/example_xcomargs.py
[2024-06-10 10:17:09,857] {scheduler_job.py:629} INFO - Processing file /home/anhcu/Project/Stock_project/airflow_venv/lib/python3.8/site-packages/airflow/example_dags/example_xcomargs.py for tasks to queue
[2024-06-10 10:17:09,858] {logging_mixin.py:103} INFO - [2024-06-10 10:17:09,858] {dagbag.py:440} INFO - Filling up the DagBag from /home/anhcu/Project/Stock_project/airflow_venv/lib/python3.8/site-packages/airflow/example_dags/example_xcomargs.py
[2024-06-10 10:17:09,870] {scheduler_job.py:639} INFO - DAG(s) dict_keys(['example_xcom_args', 'example_xcom_args_with_operators']) retrieved from /home/anhcu/Project/Stock_project/airflow_venv/lib/python3.8/site-packages/airflow/example_dags/example_xcomargs.py
[2024-06-10 10:17:09,871] {logging_mixin.py:103} INFO - [2024-06-10 10:17:09,871] {dag.py:1813} INFO - Sync 2 DAGs
[2024-06-10 10:17:09,888] {logging_mixin.py:103} INFO - [2024-06-10 10:17:09,888] {dag.py:2266} INFO - Setting next_dagrun for example_xcom_args to None
[2024-06-10 10:17:09,889] {logging_mixin.py:103} INFO - [2024-06-10 10:17:09,889] {dag.py:2266} INFO - Setting next_dagrun for example_xcom_args_with_operators to None
[2024-06-10 10:17:09,901] {scheduler_job.py:189} INFO - Processing /home/anhcu/Project/Stock_project/airflow_venv/lib/python3.8/site-packages/airflow/example_dags/example_xcomargs.py took 0.048 seconds
[2024-06-10 10:17:40,638] {scheduler_job.py:181} INFO - Started process (PID=71019) to work on /home/anhcu/Project/Stock_project/airflow_venv/lib/python3.8/site-packages/airflow/example_dags/example_xcomargs.py
[2024-06-10 10:17:40,639] {scheduler_job.py:629} INFO - Processing file /home/anhcu/Project/Stock_project/airflow_venv/lib/python3.8/site-packages/airflow/example_dags/example_xcomargs.py for tasks to queue
[2024-06-10 10:17:40,640] {logging_mixin.py:103} INFO - [2024-06-10 10:17:40,640] {dagbag.py:440} INFO - Filling up the DagBag from /home/anhcu/Project/Stock_project/airflow_venv/lib/python3.8/site-packages/airflow/example_dags/example_xcomargs.py
[2024-06-10 10:17:40,652] {scheduler_job.py:639} INFO - DAG(s) dict_keys(['example_xcom_args', 'example_xcom_args_with_operators']) retrieved from /home/anhcu/Project/Stock_project/airflow_venv/lib/python3.8/site-packages/airflow/example_dags/example_xcomargs.py
[2024-06-10 10:17:40,653] {logging_mixin.py:103} INFO - [2024-06-10 10:17:40,653] {dag.py:1813} INFO - Sync 2 DAGs
[2024-06-10 10:17:40,670] {logging_mixin.py:103} INFO - [2024-06-10 10:17:40,670] {dag.py:2266} INFO - Setting next_dagrun for example_xcom_args to None
[2024-06-10 10:17:40,671] {logging_mixin.py:103} INFO - [2024-06-10 10:17:40,671] {dag.py:2266} INFO - Setting next_dagrun for example_xcom_args_with_operators to None
[2024-06-10 10:17:40,695] {scheduler_job.py:189} INFO - Processing /home/anhcu/Project/Stock_project/airflow_venv/lib/python3.8/site-packages/airflow/example_dags/example_xcomargs.py took 0.061 seconds
[2024-06-10 10:18:10,237] {scheduler_job.py:181} INFO - Started process (PID=71176) to work on /home/anhcu/Project/Stock_project/airflow_venv/lib/python3.8/site-packages/airflow/example_dags/example_xcomargs.py
[2024-06-10 10:18:10,239] {scheduler_job.py:629} INFO - Processing file /home/anhcu/Project/Stock_project/airflow_venv/lib/python3.8/site-packages/airflow/example_dags/example_xcomargs.py for tasks to queue
[2024-06-10 10:18:10,240] {logging_mixin.py:103} INFO - [2024-06-10 10:18:10,240] {dagbag.py:440} INFO - Filling up the DagBag from /home/anhcu/Project/Stock_project/airflow_venv/lib/python3.8/site-packages/airflow/example_dags/example_xcomargs.py
[2024-06-10 10:18:10,254] {scheduler_job.py:639} INFO - DAG(s) dict_keys(['example_xcom_args', 'example_xcom_args_with_operators']) retrieved from /home/anhcu/Project/Stock_project/airflow_venv/lib/python3.8/site-packages/airflow/example_dags/example_xcomargs.py
[2024-06-10 10:18:10,256] {logging_mixin.py:103} INFO - [2024-06-10 10:18:10,255] {dag.py:1813} INFO - Sync 2 DAGs
[2024-06-10 10:18:10,276] {logging_mixin.py:103} INFO - [2024-06-10 10:18:10,275] {dag.py:2266} INFO - Setting next_dagrun for example_xcom_args to None
[2024-06-10 10:18:10,276] {logging_mixin.py:103} INFO - [2024-06-10 10:18:10,276] {dag.py:2266} INFO - Setting next_dagrun for example_xcom_args_with_operators to None
[2024-06-10 10:18:10,289] {scheduler_job.py:189} INFO - Processing /home/anhcu/Project/Stock_project/airflow_venv/lib/python3.8/site-packages/airflow/example_dags/example_xcomargs.py took 0.055 seconds
[2024-06-10 10:18:42,480] {scheduler_job.py:181} INFO - Started process (PID=71672) to work on /home/anhcu/Project/Stock_project/airflow_venv/lib/python3.8/site-packages/airflow/example_dags/example_xcomargs.py
[2024-06-10 10:18:42,483] {scheduler_job.py:629} INFO - Processing file /home/anhcu/Project/Stock_project/airflow_venv/lib/python3.8/site-packages/airflow/example_dags/example_xcomargs.py for tasks to queue
[2024-06-10 10:18:42,483] {logging_mixin.py:103} INFO - [2024-06-10 10:18:42,483] {dagbag.py:440} INFO - Filling up the DagBag from /home/anhcu/Project/Stock_project/airflow_venv/lib/python3.8/site-packages/airflow/example_dags/example_xcomargs.py
[2024-06-10 10:18:42,495] {scheduler_job.py:639} INFO - DAG(s) dict_keys(['example_xcom_args', 'example_xcom_args_with_operators']) retrieved from /home/anhcu/Project/Stock_project/airflow_venv/lib/python3.8/site-packages/airflow/example_dags/example_xcomargs.py
[2024-06-10 10:18:42,496] {logging_mixin.py:103} INFO - [2024-06-10 10:18:42,496] {dag.py:1813} INFO - Sync 2 DAGs
[2024-06-10 10:18:42,519] {logging_mixin.py:103} INFO - [2024-06-10 10:18:42,519] {dag.py:2266} INFO - Setting next_dagrun for example_xcom_args to None
[2024-06-10 10:18:42,520] {logging_mixin.py:103} INFO - [2024-06-10 10:18:42,520] {dag.py:2266} INFO - Setting next_dagrun for example_xcom_args_with_operators to None
[2024-06-10 10:18:42,544] {scheduler_job.py:189} INFO - Processing /home/anhcu/Project/Stock_project/airflow_venv/lib/python3.8/site-packages/airflow/example_dags/example_xcomargs.py took 0.068 seconds
[2024-06-10 10:19:12,020] {scheduler_job.py:181} INFO - Started process (PID=71840) to work on /home/anhcu/Project/Stock_project/airflow_venv/lib/python3.8/site-packages/airflow/example_dags/example_xcomargs.py
[2024-06-10 10:19:12,023] {scheduler_job.py:629} INFO - Processing file /home/anhcu/Project/Stock_project/airflow_venv/lib/python3.8/site-packages/airflow/example_dags/example_xcomargs.py for tasks to queue
[2024-06-10 10:19:12,023] {logging_mixin.py:103} INFO - [2024-06-10 10:19:12,023] {dagbag.py:440} INFO - Filling up the DagBag from /home/anhcu/Project/Stock_project/airflow_venv/lib/python3.8/site-packages/airflow/example_dags/example_xcomargs.py
[2024-06-10 10:19:12,039] {scheduler_job.py:639} INFO - DAG(s) dict_keys(['example_xcom_args', 'example_xcom_args_with_operators']) retrieved from /home/anhcu/Project/Stock_project/airflow_venv/lib/python3.8/site-packages/airflow/example_dags/example_xcomargs.py
[2024-06-10 10:19:12,040] {logging_mixin.py:103} INFO - [2024-06-10 10:19:12,040] {dag.py:1813} INFO - Sync 2 DAGs
[2024-06-10 10:19:12,062] {logging_mixin.py:103} INFO - [2024-06-10 10:19:12,062] {dag.py:2266} INFO - Setting next_dagrun for example_xcom_args to None
[2024-06-10 10:19:12,063] {logging_mixin.py:103} INFO - [2024-06-10 10:19:12,063] {dag.py:2266} INFO - Setting next_dagrun for example_xcom_args_with_operators to None
[2024-06-10 10:19:12,077] {scheduler_job.py:189} INFO - Processing /home/anhcu/Project/Stock_project/airflow_venv/lib/python3.8/site-packages/airflow/example_dags/example_xcomargs.py took 0.061 seconds
[2024-06-10 10:19:52,194] {scheduler_job.py:181} INFO - Started process (PID=72216) to work on /home/anhcu/Project/Stock_project/airflow_venv/lib/python3.8/site-packages/airflow/example_dags/example_xcomargs.py
[2024-06-10 10:19:52,196] {scheduler_job.py:629} INFO - Processing file /home/anhcu/Project/Stock_project/airflow_venv/lib/python3.8/site-packages/airflow/example_dags/example_xcomargs.py for tasks to queue
[2024-06-10 10:19:52,197] {logging_mixin.py:103} INFO - [2024-06-10 10:19:52,197] {dagbag.py:440} INFO - Filling up the DagBag from /home/anhcu/Project/Stock_project/airflow_venv/lib/python3.8/site-packages/airflow/example_dags/example_xcomargs.py
[2024-06-10 10:19:52,211] {scheduler_job.py:639} INFO - DAG(s) dict_keys(['example_xcom_args', 'example_xcom_args_with_operators']) retrieved from /home/anhcu/Project/Stock_project/airflow_venv/lib/python3.8/site-packages/airflow/example_dags/example_xcomargs.py
[2024-06-10 10:19:52,212] {logging_mixin.py:103} INFO - [2024-06-10 10:19:52,212] {dag.py:1813} INFO - Sync 2 DAGs
[2024-06-10 10:19:52,229] {logging_mixin.py:103} INFO - [2024-06-10 10:19:52,229] {dag.py:2266} INFO - Setting next_dagrun for example_xcom_args to None
[2024-06-10 10:19:52,230] {logging_mixin.py:103} INFO - [2024-06-10 10:19:52,230] {dag.py:2266} INFO - Setting next_dagrun for example_xcom_args_with_operators to None
[2024-06-10 10:19:52,253] {scheduler_job.py:189} INFO - Processing /home/anhcu/Project/Stock_project/airflow_venv/lib/python3.8/site-packages/airflow/example_dags/example_xcomargs.py took 0.064 seconds
[2024-06-10 10:20:21,369] {scheduler_job.py:181} INFO - Started process (PID=72488) to work on /home/anhcu/Project/Stock_project/airflow_venv/lib/python3.8/site-packages/airflow/example_dags/example_xcomargs.py
[2024-06-10 10:20:21,371] {scheduler_job.py:629} INFO - Processing file /home/anhcu/Project/Stock_project/airflow_venv/lib/python3.8/site-packages/airflow/example_dags/example_xcomargs.py for tasks to queue
[2024-06-10 10:20:21,372] {logging_mixin.py:103} INFO - [2024-06-10 10:20:21,372] {dagbag.py:440} INFO - Filling up the DagBag from /home/anhcu/Project/Stock_project/airflow_venv/lib/python3.8/site-packages/airflow/example_dags/example_xcomargs.py
[2024-06-10 10:20:21,385] {scheduler_job.py:639} INFO - DAG(s) dict_keys(['example_xcom_args', 'example_xcom_args_with_operators']) retrieved from /home/anhcu/Project/Stock_project/airflow_venv/lib/python3.8/site-packages/airflow/example_dags/example_xcomargs.py
[2024-06-10 10:20:21,387] {logging_mixin.py:103} INFO - [2024-06-10 10:20:21,387] {dag.py:1813} INFO - Sync 2 DAGs
[2024-06-10 10:20:21,406] {logging_mixin.py:103} INFO - [2024-06-10 10:20:21,406] {dag.py:2266} INFO - Setting next_dagrun for example_xcom_args to None
[2024-06-10 10:20:21,407] {logging_mixin.py:103} INFO - [2024-06-10 10:20:21,407] {dag.py:2266} INFO - Setting next_dagrun for example_xcom_args_with_operators to None
[2024-06-10 10:20:21,420] {scheduler_job.py:189} INFO - Processing /home/anhcu/Project/Stock_project/airflow_venv/lib/python3.8/site-packages/airflow/example_dags/example_xcomargs.py took 0.055 seconds
[2024-06-10 10:20:52,772] {scheduler_job.py:181} INFO - Started process (PID=72721) to work on /home/anhcu/Project/Stock_project/airflow_venv/lib/python3.8/site-packages/airflow/example_dags/example_xcomargs.py
[2024-06-10 10:20:52,774] {scheduler_job.py:629} INFO - Processing file /home/anhcu/Project/Stock_project/airflow_venv/lib/python3.8/site-packages/airflow/example_dags/example_xcomargs.py for tasks to queue
[2024-06-10 10:20:52,774] {logging_mixin.py:103} INFO - [2024-06-10 10:20:52,774] {dagbag.py:440} INFO - Filling up the DagBag from /home/anhcu/Project/Stock_project/airflow_venv/lib/python3.8/site-packages/airflow/example_dags/example_xcomargs.py
[2024-06-10 10:20:52,788] {scheduler_job.py:639} INFO - DAG(s) dict_keys(['example_xcom_args', 'example_xcom_args_with_operators']) retrieved from /home/anhcu/Project/Stock_project/airflow_venv/lib/python3.8/site-packages/airflow/example_dags/example_xcomargs.py
[2024-06-10 10:20:52,789] {logging_mixin.py:103} INFO - [2024-06-10 10:20:52,789] {dag.py:1813} INFO - Sync 2 DAGs
[2024-06-10 10:20:52,804] {logging_mixin.py:103} INFO - [2024-06-10 10:20:52,804] {dag.py:2266} INFO - Setting next_dagrun for example_xcom_args to None
[2024-06-10 10:20:52,805] {logging_mixin.py:103} INFO - [2024-06-10 10:20:52,805] {dag.py:2266} INFO - Setting next_dagrun for example_xcom_args_with_operators to None
[2024-06-10 10:20:52,829] {scheduler_job.py:189} INFO - Processing /home/anhcu/Project/Stock_project/airflow_venv/lib/python3.8/site-packages/airflow/example_dags/example_xcomargs.py took 0.060 seconds
[2024-06-10 10:21:23,663] {scheduler_job.py:181} INFO - Started process (PID=72894) to work on /home/anhcu/Project/Stock_project/airflow_venv/lib/python3.8/site-packages/airflow/example_dags/example_xcomargs.py
[2024-06-10 10:21:23,664] {scheduler_job.py:629} INFO - Processing file /home/anhcu/Project/Stock_project/airflow_venv/lib/python3.8/site-packages/airflow/example_dags/example_xcomargs.py for tasks to queue
[2024-06-10 10:21:23,665] {logging_mixin.py:103} INFO - [2024-06-10 10:21:23,665] {dagbag.py:440} INFO - Filling up the DagBag from /home/anhcu/Project/Stock_project/airflow_venv/lib/python3.8/site-packages/airflow/example_dags/example_xcomargs.py
[2024-06-10 10:21:23,679] {scheduler_job.py:639} INFO - DAG(s) dict_keys(['example_xcom_args', 'example_xcom_args_with_operators']) retrieved from /home/anhcu/Project/Stock_project/airflow_venv/lib/python3.8/site-packages/airflow/example_dags/example_xcomargs.py
[2024-06-10 10:21:23,680] {logging_mixin.py:103} INFO - [2024-06-10 10:21:23,680] {dag.py:1813} INFO - Sync 2 DAGs
[2024-06-10 10:21:23,697] {logging_mixin.py:103} INFO - [2024-06-10 10:21:23,697] {dag.py:2266} INFO - Setting next_dagrun for example_xcom_args to None
[2024-06-10 10:21:23,698] {logging_mixin.py:103} INFO - [2024-06-10 10:21:23,698] {dag.py:2266} INFO - Setting next_dagrun for example_xcom_args_with_operators to None
[2024-06-10 10:21:23,722] {scheduler_job.py:189} INFO - Processing /home/anhcu/Project/Stock_project/airflow_venv/lib/python3.8/site-packages/airflow/example_dags/example_xcomargs.py took 0.062 seconds
[2024-06-10 10:21:52,946] {scheduler_job.py:181} INFO - Started process (PID=73092) to work on /home/anhcu/Project/Stock_project/airflow_venv/lib/python3.8/site-packages/airflow/example_dags/example_xcomargs.py
[2024-06-10 10:21:52,948] {scheduler_job.py:629} INFO - Processing file /home/anhcu/Project/Stock_project/airflow_venv/lib/python3.8/site-packages/airflow/example_dags/example_xcomargs.py for tasks to queue
[2024-06-10 10:21:52,949] {logging_mixin.py:103} INFO - [2024-06-10 10:21:52,949] {dagbag.py:440} INFO - Filling up the DagBag from /home/anhcu/Project/Stock_project/airflow_venv/lib/python3.8/site-packages/airflow/example_dags/example_xcomargs.py
[2024-06-10 10:21:52,963] {scheduler_job.py:639} INFO - DAG(s) dict_keys(['example_xcom_args', 'example_xcom_args_with_operators']) retrieved from /home/anhcu/Project/Stock_project/airflow_venv/lib/python3.8/site-packages/airflow/example_dags/example_xcomargs.py
[2024-06-10 10:21:52,964] {logging_mixin.py:103} INFO - [2024-06-10 10:21:52,964] {dag.py:1813} INFO - Sync 2 DAGs
[2024-06-10 10:21:52,979] {logging_mixin.py:103} INFO - [2024-06-10 10:21:52,979] {dag.py:2266} INFO - Setting next_dagrun for example_xcom_args to None
[2024-06-10 10:21:52,980] {logging_mixin.py:103} INFO - [2024-06-10 10:21:52,980] {dag.py:2266} INFO - Setting next_dagrun for example_xcom_args_with_operators to None
[2024-06-10 10:21:52,992] {scheduler_job.py:189} INFO - Processing /home/anhcu/Project/Stock_project/airflow_venv/lib/python3.8/site-packages/airflow/example_dags/example_xcomargs.py took 0.050 seconds
[2024-06-10 10:22:21,972] {scheduler_job.py:181} INFO - Started process (PID=73285) to work on /home/anhcu/Project/Stock_project/airflow_venv/lib/python3.8/site-packages/airflow/example_dags/example_xcomargs.py
[2024-06-10 10:22:21,974] {scheduler_job.py:629} INFO - Processing file /home/anhcu/Project/Stock_project/airflow_venv/lib/python3.8/site-packages/airflow/example_dags/example_xcomargs.py for tasks to queue
[2024-06-10 10:22:21,976] {logging_mixin.py:103} INFO - [2024-06-10 10:22:21,976] {dagbag.py:440} INFO - Filling up the DagBag from /home/anhcu/Project/Stock_project/airflow_venv/lib/python3.8/site-packages/airflow/example_dags/example_xcomargs.py
[2024-06-10 10:22:21,990] {scheduler_job.py:639} INFO - DAG(s) dict_keys(['example_xcom_args', 'example_xcom_args_with_operators']) retrieved from /home/anhcu/Project/Stock_project/airflow_venv/lib/python3.8/site-packages/airflow/example_dags/example_xcomargs.py
[2024-06-10 10:22:21,992] {logging_mixin.py:103} INFO - [2024-06-10 10:22:21,992] {dag.py:1813} INFO - Sync 2 DAGs
[2024-06-10 10:22:22,006] {logging_mixin.py:103} INFO - [2024-06-10 10:22:22,006] {dag.py:2266} INFO - Setting next_dagrun for example_xcom_args to None
[2024-06-10 10:22:22,007] {logging_mixin.py:103} INFO - [2024-06-10 10:22:22,007] {dag.py:2266} INFO - Setting next_dagrun for example_xcom_args_with_operators to None
[2024-06-10 10:22:22,031] {scheduler_job.py:189} INFO - Processing /home/anhcu/Project/Stock_project/airflow_venv/lib/python3.8/site-packages/airflow/example_dags/example_xcomargs.py took 0.063 seconds
[2024-06-10 10:22:49,963] {scheduler_job.py:181} INFO - Started process (PID=73440) to work on /home/anhcu/Project/Stock_project/airflow_venv/lib/python3.8/site-packages/airflow/example_dags/example_xcomargs.py
[2024-06-10 10:22:49,965] {scheduler_job.py:629} INFO - Processing file /home/anhcu/Project/Stock_project/airflow_venv/lib/python3.8/site-packages/airflow/example_dags/example_xcomargs.py for tasks to queue
[2024-06-10 10:22:49,965] {logging_mixin.py:103} INFO - [2024-06-10 10:22:49,965] {dagbag.py:440} INFO - Filling up the DagBag from /home/anhcu/Project/Stock_project/airflow_venv/lib/python3.8/site-packages/airflow/example_dags/example_xcomargs.py
[2024-06-10 10:22:49,981] {scheduler_job.py:639} INFO - DAG(s) dict_keys(['example_xcom_args', 'example_xcom_args_with_operators']) retrieved from /home/anhcu/Project/Stock_project/airflow_venv/lib/python3.8/site-packages/airflow/example_dags/example_xcomargs.py
[2024-06-10 10:22:49,982] {logging_mixin.py:103} INFO - [2024-06-10 10:22:49,982] {dag.py:1813} INFO - Sync 2 DAGs
[2024-06-10 10:22:49,998] {logging_mixin.py:103} INFO - [2024-06-10 10:22:49,997] {dag.py:2266} INFO - Setting next_dagrun for example_xcom_args to None
[2024-06-10 10:22:49,999] {logging_mixin.py:103} INFO - [2024-06-10 10:22:49,998] {dag.py:2266} INFO - Setting next_dagrun for example_xcom_args_with_operators to None
[2024-06-10 10:22:50,015] {scheduler_job.py:189} INFO - Processing /home/anhcu/Project/Stock_project/airflow_venv/lib/python3.8/site-packages/airflow/example_dags/example_xcomargs.py took 0.057 seconds
[2024-06-10 10:23:16,953] {scheduler_job.py:181} INFO - Started process (PID=73685) to work on /home/anhcu/Project/Stock_project/airflow_venv/lib/python3.8/site-packages/airflow/example_dags/example_xcomargs.py
[2024-06-10 10:23:16,954] {scheduler_job.py:629} INFO - Processing file /home/anhcu/Project/Stock_project/airflow_venv/lib/python3.8/site-packages/airflow/example_dags/example_xcomargs.py for tasks to queue
[2024-06-10 10:23:16,955] {logging_mixin.py:103} INFO - [2024-06-10 10:23:16,955] {dagbag.py:440} INFO - Filling up the DagBag from /home/anhcu/Project/Stock_project/airflow_venv/lib/python3.8/site-packages/airflow/example_dags/example_xcomargs.py
[2024-06-10 10:23:16,970] {scheduler_job.py:639} INFO - DAG(s) dict_keys(['example_xcom_args', 'example_xcom_args_with_operators']) retrieved from /home/anhcu/Project/Stock_project/airflow_venv/lib/python3.8/site-packages/airflow/example_dags/example_xcomargs.py
[2024-06-10 10:23:16,971] {logging_mixin.py:103} INFO - [2024-06-10 10:23:16,971] {dag.py:1813} INFO - Sync 2 DAGs
[2024-06-10 10:23:16,986] {logging_mixin.py:103} INFO - [2024-06-10 10:23:16,986] {dag.py:2266} INFO - Setting next_dagrun for example_xcom_args to None
[2024-06-10 10:23:16,987] {logging_mixin.py:103} INFO - [2024-06-10 10:23:16,987] {dag.py:2266} INFO - Setting next_dagrun for example_xcom_args_with_operators to None
[2024-06-10 10:23:17,014] {scheduler_job.py:189} INFO - Processing /home/anhcu/Project/Stock_project/airflow_venv/lib/python3.8/site-packages/airflow/example_dags/example_xcomargs.py took 0.066 seconds
[2024-06-10 10:24:10,696] {scheduler_job.py:181} INFO - Started process (PID=74379) to work on /home/anhcu/Project/Stock_project/airflow_venv/lib/python3.8/site-packages/airflow/example_dags/example_xcomargs.py
[2024-06-10 10:24:10,700] {scheduler_job.py:629} INFO - Processing file /home/anhcu/Project/Stock_project/airflow_venv/lib/python3.8/site-packages/airflow/example_dags/example_xcomargs.py for tasks to queue
[2024-06-10 10:24:10,701] {logging_mixin.py:103} INFO - [2024-06-10 10:24:10,701] {dagbag.py:440} INFO - Filling up the DagBag from /home/anhcu/Project/Stock_project/airflow_venv/lib/python3.8/site-packages/airflow/example_dags/example_xcomargs.py
[2024-06-10 10:24:10,715] {scheduler_job.py:639} INFO - DAG(s) dict_keys(['example_xcom_args', 'example_xcom_args_with_operators']) retrieved from /home/anhcu/Project/Stock_project/airflow_venv/lib/python3.8/site-packages/airflow/example_dags/example_xcomargs.py
[2024-06-10 10:24:10,716] {logging_mixin.py:103} INFO - [2024-06-10 10:24:10,716] {dag.py:1813} INFO - Sync 2 DAGs
[2024-06-10 10:24:10,731] {logging_mixin.py:103} INFO - [2024-06-10 10:24:10,731] {dag.py:2266} INFO - Setting next_dagrun for example_xcom_args to None
[2024-06-10 10:24:10,732] {logging_mixin.py:103} INFO - [2024-06-10 10:24:10,732] {dag.py:2266} INFO - Setting next_dagrun for example_xcom_args_with_operators to None
[2024-06-10 10:24:10,756] {scheduler_job.py:189} INFO - Processing /home/anhcu/Project/Stock_project/airflow_venv/lib/python3.8/site-packages/airflow/example_dags/example_xcomargs.py took 0.063 seconds
[2024-06-10 10:24:41,649] {scheduler_job.py:181} INFO - Started process (PID=74676) to work on /home/anhcu/Project/Stock_project/airflow_venv/lib/python3.8/site-packages/airflow/example_dags/example_xcomargs.py
[2024-06-10 10:24:41,651] {scheduler_job.py:629} INFO - Processing file /home/anhcu/Project/Stock_project/airflow_venv/lib/python3.8/site-packages/airflow/example_dags/example_xcomargs.py for tasks to queue
[2024-06-10 10:24:41,651] {logging_mixin.py:103} INFO - [2024-06-10 10:24:41,651] {dagbag.py:440} INFO - Filling up the DagBag from /home/anhcu/Project/Stock_project/airflow_venv/lib/python3.8/site-packages/airflow/example_dags/example_xcomargs.py
[2024-06-10 10:24:41,663] {scheduler_job.py:639} INFO - DAG(s) dict_keys(['example_xcom_args', 'example_xcom_args_with_operators']) retrieved from /home/anhcu/Project/Stock_project/airflow_venv/lib/python3.8/site-packages/airflow/example_dags/example_xcomargs.py
[2024-06-10 10:24:41,664] {logging_mixin.py:103} INFO - [2024-06-10 10:24:41,664] {dag.py:1813} INFO - Sync 2 DAGs
[2024-06-10 10:24:41,680] {logging_mixin.py:103} INFO - [2024-06-10 10:24:41,680] {dag.py:2266} INFO - Setting next_dagrun for example_xcom_args to None
[2024-06-10 10:24:41,681] {logging_mixin.py:103} INFO - [2024-06-10 10:24:41,681] {dag.py:2266} INFO - Setting next_dagrun for example_xcom_args_with_operators to None
[2024-06-10 10:24:41,708] {scheduler_job.py:189} INFO - Processing /home/anhcu/Project/Stock_project/airflow_venv/lib/python3.8/site-packages/airflow/example_dags/example_xcomargs.py took 0.062 seconds
[2024-06-10 10:25:13,181] {scheduler_job.py:181} INFO - Started process (PID=75199) to work on /home/anhcu/Project/Stock_project/airflow_venv/lib/python3.8/site-packages/airflow/example_dags/example_xcomargs.py
[2024-06-10 10:25:13,183] {scheduler_job.py:629} INFO - Processing file /home/anhcu/Project/Stock_project/airflow_venv/lib/python3.8/site-packages/airflow/example_dags/example_xcomargs.py for tasks to queue
[2024-06-10 10:25:13,183] {logging_mixin.py:103} INFO - [2024-06-10 10:25:13,183] {dagbag.py:440} INFO - Filling up the DagBag from /home/anhcu/Project/Stock_project/airflow_venv/lib/python3.8/site-packages/airflow/example_dags/example_xcomargs.py
[2024-06-10 10:25:13,195] {scheduler_job.py:639} INFO - DAG(s) dict_keys(['example_xcom_args', 'example_xcom_args_with_operators']) retrieved from /home/anhcu/Project/Stock_project/airflow_venv/lib/python3.8/site-packages/airflow/example_dags/example_xcomargs.py
[2024-06-10 10:25:13,196] {logging_mixin.py:103} INFO - [2024-06-10 10:25:13,196] {dag.py:1813} INFO - Sync 2 DAGs
[2024-06-10 10:25:13,210] {logging_mixin.py:103} INFO - [2024-06-10 10:25:13,210] {dag.py:2266} INFO - Setting next_dagrun for example_xcom_args to None
[2024-06-10 10:25:13,211] {logging_mixin.py:103} INFO - [2024-06-10 10:25:13,211] {dag.py:2266} INFO - Setting next_dagrun for example_xcom_args_with_operators to None
[2024-06-10 10:25:13,234] {scheduler_job.py:189} INFO - Processing /home/anhcu/Project/Stock_project/airflow_venv/lib/python3.8/site-packages/airflow/example_dags/example_xcomargs.py took 0.056 seconds
[2024-06-10 10:25:42,882] {scheduler_job.py:181} INFO - Started process (PID=75470) to work on /home/anhcu/Project/Stock_project/airflow_venv/lib/python3.8/site-packages/airflow/example_dags/example_xcomargs.py
[2024-06-10 10:25:42,884] {scheduler_job.py:629} INFO - Processing file /home/anhcu/Project/Stock_project/airflow_venv/lib/python3.8/site-packages/airflow/example_dags/example_xcomargs.py for tasks to queue
[2024-06-10 10:25:42,885] {logging_mixin.py:103} INFO - [2024-06-10 10:25:42,885] {dagbag.py:440} INFO - Filling up the DagBag from /home/anhcu/Project/Stock_project/airflow_venv/lib/python3.8/site-packages/airflow/example_dags/example_xcomargs.py
[2024-06-10 10:25:42,898] {scheduler_job.py:639} INFO - DAG(s) dict_keys(['example_xcom_args', 'example_xcom_args_with_operators']) retrieved from /home/anhcu/Project/Stock_project/airflow_venv/lib/python3.8/site-packages/airflow/example_dags/example_xcomargs.py
[2024-06-10 10:25:42,899] {logging_mixin.py:103} INFO - [2024-06-10 10:25:42,899] {dag.py:1813} INFO - Sync 2 DAGs
[2024-06-10 10:25:42,915] {logging_mixin.py:103} INFO - [2024-06-10 10:25:42,914] {dag.py:2266} INFO - Setting next_dagrun for example_xcom_args to None
[2024-06-10 10:25:42,915] {logging_mixin.py:103} INFO - [2024-06-10 10:25:42,915] {dag.py:2266} INFO - Setting next_dagrun for example_xcom_args_with_operators to None
[2024-06-10 10:25:42,928] {scheduler_job.py:189} INFO - Processing /home/anhcu/Project/Stock_project/airflow_venv/lib/python3.8/site-packages/airflow/example_dags/example_xcomargs.py took 0.050 seconds
[2024-06-10 10:26:11,465] {scheduler_job.py:181} INFO - Started process (PID=75683) to work on /home/anhcu/Project/Stock_project/airflow_venv/lib/python3.8/site-packages/airflow/example_dags/example_xcomargs.py
[2024-06-10 10:26:11,467] {scheduler_job.py:629} INFO - Processing file /home/anhcu/Project/Stock_project/airflow_venv/lib/python3.8/site-packages/airflow/example_dags/example_xcomargs.py for tasks to queue
[2024-06-10 10:26:11,468] {logging_mixin.py:103} INFO - [2024-06-10 10:26:11,468] {dagbag.py:440} INFO - Filling up the DagBag from /home/anhcu/Project/Stock_project/airflow_venv/lib/python3.8/site-packages/airflow/example_dags/example_xcomargs.py
[2024-06-10 10:26:11,481] {scheduler_job.py:639} INFO - DAG(s) dict_keys(['example_xcom_args', 'example_xcom_args_with_operators']) retrieved from /home/anhcu/Project/Stock_project/airflow_venv/lib/python3.8/site-packages/airflow/example_dags/example_xcomargs.py
[2024-06-10 10:26:11,483] {logging_mixin.py:103} INFO - [2024-06-10 10:26:11,483] {dag.py:1813} INFO - Sync 2 DAGs
[2024-06-10 10:26:11,500] {logging_mixin.py:103} INFO - [2024-06-10 10:26:11,499] {dag.py:2266} INFO - Setting next_dagrun for example_xcom_args to None
[2024-06-10 10:26:11,500] {logging_mixin.py:103} INFO - [2024-06-10 10:26:11,500] {dag.py:2266} INFO - Setting next_dagrun for example_xcom_args_with_operators to None
[2024-06-10 10:26:11,524] {scheduler_job.py:189} INFO - Processing /home/anhcu/Project/Stock_project/airflow_venv/lib/python3.8/site-packages/airflow/example_dags/example_xcomargs.py took 0.064 seconds
[2024-06-10 10:26:38,778] {scheduler_job.py:181} INFO - Started process (PID=75856) to work on /home/anhcu/Project/Stock_project/airflow_venv/lib/python3.8/site-packages/airflow/example_dags/example_xcomargs.py
[2024-06-10 10:26:38,780] {scheduler_job.py:629} INFO - Processing file /home/anhcu/Project/Stock_project/airflow_venv/lib/python3.8/site-packages/airflow/example_dags/example_xcomargs.py for tasks to queue
[2024-06-10 10:26:38,780] {logging_mixin.py:103} INFO - [2024-06-10 10:26:38,780] {dagbag.py:440} INFO - Filling up the DagBag from /home/anhcu/Project/Stock_project/airflow_venv/lib/python3.8/site-packages/airflow/example_dags/example_xcomargs.py
[2024-06-10 10:26:38,794] {scheduler_job.py:639} INFO - DAG(s) dict_keys(['example_xcom_args', 'example_xcom_args_with_operators']) retrieved from /home/anhcu/Project/Stock_project/airflow_venv/lib/python3.8/site-packages/airflow/example_dags/example_xcomargs.py
[2024-06-10 10:26:38,795] {logging_mixin.py:103} INFO - [2024-06-10 10:26:38,795] {dag.py:1813} INFO - Sync 2 DAGs
[2024-06-10 10:26:38,815] {logging_mixin.py:103} INFO - [2024-06-10 10:26:38,815] {dag.py:2266} INFO - Setting next_dagrun for example_xcom_args to None
[2024-06-10 10:26:38,816] {logging_mixin.py:103} INFO - [2024-06-10 10:26:38,816] {dag.py:2266} INFO - Setting next_dagrun for example_xcom_args_with_operators to None
[2024-06-10 10:26:38,835] {scheduler_job.py:189} INFO - Processing /home/anhcu/Project/Stock_project/airflow_venv/lib/python3.8/site-packages/airflow/example_dags/example_xcomargs.py took 0.066 seconds
[2024-06-10 10:27:06,118] {scheduler_job.py:181} INFO - Started process (PID=75976) to work on /home/anhcu/Project/Stock_project/airflow_venv/lib/python3.8/site-packages/airflow/example_dags/example_xcomargs.py
[2024-06-10 10:27:06,120] {scheduler_job.py:629} INFO - Processing file /home/anhcu/Project/Stock_project/airflow_venv/lib/python3.8/site-packages/airflow/example_dags/example_xcomargs.py for tasks to queue
[2024-06-10 10:27:06,122] {logging_mixin.py:103} INFO - [2024-06-10 10:27:06,122] {dagbag.py:440} INFO - Filling up the DagBag from /home/anhcu/Project/Stock_project/airflow_venv/lib/python3.8/site-packages/airflow/example_dags/example_xcomargs.py
[2024-06-10 10:27:06,139] {scheduler_job.py:639} INFO - DAG(s) dict_keys(['example_xcom_args', 'example_xcom_args_with_operators']) retrieved from /home/anhcu/Project/Stock_project/airflow_venv/lib/python3.8/site-packages/airflow/example_dags/example_xcomargs.py
[2024-06-10 10:27:06,141] {logging_mixin.py:103} INFO - [2024-06-10 10:27:06,141] {dag.py:1813} INFO - Sync 2 DAGs
[2024-06-10 10:27:06,164] {logging_mixin.py:103} INFO - [2024-06-10 10:27:06,164] {dag.py:2266} INFO - Setting next_dagrun for example_xcom_args to None
[2024-06-10 10:27:06,165] {logging_mixin.py:103} INFO - [2024-06-10 10:27:06,165] {dag.py:2266} INFO - Setting next_dagrun for example_xcom_args_with_operators to None
[2024-06-10 10:27:06,200] {scheduler_job.py:189} INFO - Processing /home/anhcu/Project/Stock_project/airflow_venv/lib/python3.8/site-packages/airflow/example_dags/example_xcomargs.py took 0.095 seconds
[2024-06-10 10:27:34,326] {scheduler_job.py:181} INFO - Started process (PID=76129) to work on /home/anhcu/Project/Stock_project/airflow_venv/lib/python3.8/site-packages/airflow/example_dags/example_xcomargs.py
[2024-06-10 10:27:34,328] {scheduler_job.py:629} INFO - Processing file /home/anhcu/Project/Stock_project/airflow_venv/lib/python3.8/site-packages/airflow/example_dags/example_xcomargs.py for tasks to queue
[2024-06-10 10:27:34,329] {logging_mixin.py:103} INFO - [2024-06-10 10:27:34,329] {dagbag.py:440} INFO - Filling up the DagBag from /home/anhcu/Project/Stock_project/airflow_venv/lib/python3.8/site-packages/airflow/example_dags/example_xcomargs.py
[2024-06-10 10:27:34,342] {scheduler_job.py:639} INFO - DAG(s) dict_keys(['example_xcom_args', 'example_xcom_args_with_operators']) retrieved from /home/anhcu/Project/Stock_project/airflow_venv/lib/python3.8/site-packages/airflow/example_dags/example_xcomargs.py
[2024-06-10 10:27:34,344] {logging_mixin.py:103} INFO - [2024-06-10 10:27:34,344] {dag.py:1813} INFO - Sync 2 DAGs
[2024-06-10 10:27:34,363] {logging_mixin.py:103} INFO - [2024-06-10 10:27:34,363] {dag.py:2266} INFO - Setting next_dagrun for example_xcom_args to None
[2024-06-10 10:27:34,364] {logging_mixin.py:103} INFO - [2024-06-10 10:27:34,364] {dag.py:2266} INFO - Setting next_dagrun for example_xcom_args_with_operators to None
[2024-06-10 10:27:34,375] {scheduler_job.py:189} INFO - Processing /home/anhcu/Project/Stock_project/airflow_venv/lib/python3.8/site-packages/airflow/example_dags/example_xcomargs.py took 0.053 seconds
[2024-06-10 10:28:03,496] {scheduler_job.py:181} INFO - Started process (PID=76284) to work on /home/anhcu/Project/Stock_project/airflow_venv/lib/python3.8/site-packages/airflow/example_dags/example_xcomargs.py
[2024-06-10 10:28:03,497] {scheduler_job.py:629} INFO - Processing file /home/anhcu/Project/Stock_project/airflow_venv/lib/python3.8/site-packages/airflow/example_dags/example_xcomargs.py for tasks to queue
[2024-06-10 10:28:03,498] {logging_mixin.py:103} INFO - [2024-06-10 10:28:03,498] {dagbag.py:440} INFO - Filling up the DagBag from /home/anhcu/Project/Stock_project/airflow_venv/lib/python3.8/site-packages/airflow/example_dags/example_xcomargs.py
[2024-06-10 10:28:03,510] {scheduler_job.py:639} INFO - DAG(s) dict_keys(['example_xcom_args', 'example_xcom_args_with_operators']) retrieved from /home/anhcu/Project/Stock_project/airflow_venv/lib/python3.8/site-packages/airflow/example_dags/example_xcomargs.py
[2024-06-10 10:28:03,511] {logging_mixin.py:103} INFO - [2024-06-10 10:28:03,511] {dag.py:1813} INFO - Sync 2 DAGs
[2024-06-10 10:28:03,527] {logging_mixin.py:103} INFO - [2024-06-10 10:28:03,527] {dag.py:2266} INFO - Setting next_dagrun for example_xcom_args to None
[2024-06-10 10:28:03,528] {logging_mixin.py:103} INFO - [2024-06-10 10:28:03,528] {dag.py:2266} INFO - Setting next_dagrun for example_xcom_args_with_operators to None
[2024-06-10 10:28:03,551] {scheduler_job.py:189} INFO - Processing /home/anhcu/Project/Stock_project/airflow_venv/lib/python3.8/site-packages/airflow/example_dags/example_xcomargs.py took 0.059 seconds
[2024-06-10 10:28:30,522] {scheduler_job.py:181} INFO - Started process (PID=76435) to work on /home/anhcu/Project/Stock_project/airflow_venv/lib/python3.8/site-packages/airflow/example_dags/example_xcomargs.py
[2024-06-10 10:28:30,524] {scheduler_job.py:629} INFO - Processing file /home/anhcu/Project/Stock_project/airflow_venv/lib/python3.8/site-packages/airflow/example_dags/example_xcomargs.py for tasks to queue
[2024-06-10 10:28:30,526] {logging_mixin.py:103} INFO - [2024-06-10 10:28:30,526] {dagbag.py:440} INFO - Filling up the DagBag from /home/anhcu/Project/Stock_project/airflow_venv/lib/python3.8/site-packages/airflow/example_dags/example_xcomargs.py
[2024-06-10 10:28:30,539] {scheduler_job.py:639} INFO - DAG(s) dict_keys(['example_xcom_args', 'example_xcom_args_with_operators']) retrieved from /home/anhcu/Project/Stock_project/airflow_venv/lib/python3.8/site-packages/airflow/example_dags/example_xcomargs.py
[2024-06-10 10:28:30,540] {logging_mixin.py:103} INFO - [2024-06-10 10:28:30,540] {dag.py:1813} INFO - Sync 2 DAGs
[2024-06-10 10:28:30,557] {logging_mixin.py:103} INFO - [2024-06-10 10:28:30,557] {dag.py:2266} INFO - Setting next_dagrun for example_xcom_args to None
[2024-06-10 10:28:30,557] {logging_mixin.py:103} INFO - [2024-06-10 10:28:30,557] {dag.py:2266} INFO - Setting next_dagrun for example_xcom_args_with_operators to None
[2024-06-10 10:28:30,569] {scheduler_job.py:189} INFO - Processing /home/anhcu/Project/Stock_project/airflow_venv/lib/python3.8/site-packages/airflow/example_dags/example_xcomargs.py took 0.051 seconds
[2024-06-10 10:28:58,263] {scheduler_job.py:181} INFO - Started process (PID=76627) to work on /home/anhcu/Project/Stock_project/airflow_venv/lib/python3.8/site-packages/airflow/example_dags/example_xcomargs.py
[2024-06-10 10:28:58,265] {scheduler_job.py:629} INFO - Processing file /home/anhcu/Project/Stock_project/airflow_venv/lib/python3.8/site-packages/airflow/example_dags/example_xcomargs.py for tasks to queue
[2024-06-10 10:28:58,266] {logging_mixin.py:103} INFO - [2024-06-10 10:28:58,266] {dagbag.py:440} INFO - Filling up the DagBag from /home/anhcu/Project/Stock_project/airflow_venv/lib/python3.8/site-packages/airflow/example_dags/example_xcomargs.py
[2024-06-10 10:28:58,278] {scheduler_job.py:639} INFO - DAG(s) dict_keys(['example_xcom_args', 'example_xcom_args_with_operators']) retrieved from /home/anhcu/Project/Stock_project/airflow_venv/lib/python3.8/site-packages/airflow/example_dags/example_xcomargs.py
[2024-06-10 10:28:58,280] {logging_mixin.py:103} INFO - [2024-06-10 10:28:58,279] {dag.py:1813} INFO - Sync 2 DAGs
[2024-06-10 10:28:58,295] {logging_mixin.py:103} INFO - [2024-06-10 10:28:58,295] {dag.py:2266} INFO - Setting next_dagrun for example_xcom_args to None
[2024-06-10 10:28:58,296] {logging_mixin.py:103} INFO - [2024-06-10 10:28:58,296] {dag.py:2266} INFO - Setting next_dagrun for example_xcom_args_with_operators to None
[2024-06-10 10:28:58,320] {scheduler_job.py:189} INFO - Processing /home/anhcu/Project/Stock_project/airflow_venv/lib/python3.8/site-packages/airflow/example_dags/example_xcomargs.py took 0.061 seconds
[2024-06-10 10:29:25,467] {scheduler_job.py:181} INFO - Started process (PID=76820) to work on /home/anhcu/Project/Stock_project/airflow_venv/lib/python3.8/site-packages/airflow/example_dags/example_xcomargs.py
[2024-06-10 10:29:25,469] {scheduler_job.py:629} INFO - Processing file /home/anhcu/Project/Stock_project/airflow_venv/lib/python3.8/site-packages/airflow/example_dags/example_xcomargs.py for tasks to queue
[2024-06-10 10:29:25,471] {logging_mixin.py:103} INFO - [2024-06-10 10:29:25,471] {dagbag.py:440} INFO - Filling up the DagBag from /home/anhcu/Project/Stock_project/airflow_venv/lib/python3.8/site-packages/airflow/example_dags/example_xcomargs.py
[2024-06-10 10:29:25,486] {scheduler_job.py:639} INFO - DAG(s) dict_keys(['example_xcom_args', 'example_xcom_args_with_operators']) retrieved from /home/anhcu/Project/Stock_project/airflow_venv/lib/python3.8/site-packages/airflow/example_dags/example_xcomargs.py
[2024-06-10 10:29:25,487] {logging_mixin.py:103} INFO - [2024-06-10 10:29:25,487] {dag.py:1813} INFO - Sync 2 DAGs
[2024-06-10 10:29:25,507] {logging_mixin.py:103} INFO - [2024-06-10 10:29:25,507] {dag.py:2266} INFO - Setting next_dagrun for example_xcom_args to None
[2024-06-10 10:29:25,508] {logging_mixin.py:103} INFO - [2024-06-10 10:29:25,508] {dag.py:2266} INFO - Setting next_dagrun for example_xcom_args_with_operators to None
[2024-06-10 10:29:25,521] {scheduler_job.py:189} INFO - Processing /home/anhcu/Project/Stock_project/airflow_venv/lib/python3.8/site-packages/airflow/example_dags/example_xcomargs.py took 0.060 seconds
[2024-06-10 10:29:53,833] {scheduler_job.py:181} INFO - Started process (PID=76974) to work on /home/anhcu/Project/Stock_project/airflow_venv/lib/python3.8/site-packages/airflow/example_dags/example_xcomargs.py
[2024-06-10 10:29:53,834] {scheduler_job.py:629} INFO - Processing file /home/anhcu/Project/Stock_project/airflow_venv/lib/python3.8/site-packages/airflow/example_dags/example_xcomargs.py for tasks to queue
[2024-06-10 10:29:53,835] {logging_mixin.py:103} INFO - [2024-06-10 10:29:53,835] {dagbag.py:440} INFO - Filling up the DagBag from /home/anhcu/Project/Stock_project/airflow_venv/lib/python3.8/site-packages/airflow/example_dags/example_xcomargs.py
[2024-06-10 10:29:53,847] {scheduler_job.py:639} INFO - DAG(s) dict_keys(['example_xcom_args', 'example_xcom_args_with_operators']) retrieved from /home/anhcu/Project/Stock_project/airflow_venv/lib/python3.8/site-packages/airflow/example_dags/example_xcomargs.py
[2024-06-10 10:29:53,848] {logging_mixin.py:103} INFO - [2024-06-10 10:29:53,848] {dag.py:1813} INFO - Sync 2 DAGs
[2024-06-10 10:29:53,863] {logging_mixin.py:103} INFO - [2024-06-10 10:29:53,863] {dag.py:2266} INFO - Setting next_dagrun for example_xcom_args to None
[2024-06-10 10:29:53,864] {logging_mixin.py:103} INFO - [2024-06-10 10:29:53,864] {dag.py:2266} INFO - Setting next_dagrun for example_xcom_args_with_operators to None
[2024-06-10 10:29:53,895] {scheduler_job.py:189} INFO - Processing /home/anhcu/Project/Stock_project/airflow_venv/lib/python3.8/site-packages/airflow/example_dags/example_xcomargs.py took 0.066 seconds
[2024-06-10 10:30:20,136] {scheduler_job.py:181} INFO - Started process (PID=77096) to work on /home/anhcu/Project/Stock_project/airflow_venv/lib/python3.8/site-packages/airflow/example_dags/example_xcomargs.py
[2024-06-10 10:30:20,138] {scheduler_job.py:629} INFO - Processing file /home/anhcu/Project/Stock_project/airflow_venv/lib/python3.8/site-packages/airflow/example_dags/example_xcomargs.py for tasks to queue
[2024-06-10 10:30:20,139] {logging_mixin.py:103} INFO - [2024-06-10 10:30:20,138] {dagbag.py:440} INFO - Filling up the DagBag from /home/anhcu/Project/Stock_project/airflow_venv/lib/python3.8/site-packages/airflow/example_dags/example_xcomargs.py
[2024-06-10 10:30:20,151] {scheduler_job.py:639} INFO - DAG(s) dict_keys(['example_xcom_args', 'example_xcom_args_with_operators']) retrieved from /home/anhcu/Project/Stock_project/airflow_venv/lib/python3.8/site-packages/airflow/example_dags/example_xcomargs.py
[2024-06-10 10:30:20,152] {logging_mixin.py:103} INFO - [2024-06-10 10:30:20,152] {dag.py:1813} INFO - Sync 2 DAGs
[2024-06-10 10:30:20,167] {logging_mixin.py:103} INFO - [2024-06-10 10:30:20,167] {dag.py:2266} INFO - Setting next_dagrun for example_xcom_args to None
[2024-06-10 10:30:20,168] {logging_mixin.py:103} INFO - [2024-06-10 10:30:20,168] {dag.py:2266} INFO - Setting next_dagrun for example_xcom_args_with_operators to None
[2024-06-10 10:30:20,181] {scheduler_job.py:189} INFO - Processing /home/anhcu/Project/Stock_project/airflow_venv/lib/python3.8/site-packages/airflow/example_dags/example_xcomargs.py took 0.049 seconds
[2024-06-10 10:30:47,377] {scheduler_job.py:181} INFO - Started process (PID=77231) to work on /home/anhcu/Project/Stock_project/airflow_venv/lib/python3.8/site-packages/airflow/example_dags/example_xcomargs.py
[2024-06-10 10:30:47,379] {scheduler_job.py:629} INFO - Processing file /home/anhcu/Project/Stock_project/airflow_venv/lib/python3.8/site-packages/airflow/example_dags/example_xcomargs.py for tasks to queue
[2024-06-10 10:30:47,380] {logging_mixin.py:103} INFO - [2024-06-10 10:30:47,380] {dagbag.py:440} INFO - Filling up the DagBag from /home/anhcu/Project/Stock_project/airflow_venv/lib/python3.8/site-packages/airflow/example_dags/example_xcomargs.py
[2024-06-10 10:30:47,392] {scheduler_job.py:639} INFO - DAG(s) dict_keys(['example_xcom_args', 'example_xcom_args_with_operators']) retrieved from /home/anhcu/Project/Stock_project/airflow_venv/lib/python3.8/site-packages/airflow/example_dags/example_xcomargs.py
[2024-06-10 10:30:47,393] {logging_mixin.py:103} INFO - [2024-06-10 10:30:47,393] {dag.py:1813} INFO - Sync 2 DAGs
[2024-06-10 10:30:47,409] {logging_mixin.py:103} INFO - [2024-06-10 10:30:47,409] {dag.py:2266} INFO - Setting next_dagrun for example_xcom_args to None
[2024-06-10 10:30:47,410] {logging_mixin.py:103} INFO - [2024-06-10 10:30:47,410] {dag.py:2266} INFO - Setting next_dagrun for example_xcom_args_with_operators to None
[2024-06-10 10:30:47,437] {scheduler_job.py:189} INFO - Processing /home/anhcu/Project/Stock_project/airflow_venv/lib/python3.8/site-packages/airflow/example_dags/example_xcomargs.py took 0.065 seconds
[2024-06-10 10:31:15,765] {scheduler_job.py:181} INFO - Started process (PID=77370) to work on /home/anhcu/Project/Stock_project/airflow_venv/lib/python3.8/site-packages/airflow/example_dags/example_xcomargs.py
[2024-06-10 10:31:15,767] {scheduler_job.py:629} INFO - Processing file /home/anhcu/Project/Stock_project/airflow_venv/lib/python3.8/site-packages/airflow/example_dags/example_xcomargs.py for tasks to queue
[2024-06-10 10:31:15,768] {logging_mixin.py:103} INFO - [2024-06-10 10:31:15,768] {dagbag.py:440} INFO - Filling up the DagBag from /home/anhcu/Project/Stock_project/airflow_venv/lib/python3.8/site-packages/airflow/example_dags/example_xcomargs.py
[2024-06-10 10:31:15,781] {scheduler_job.py:639} INFO - DAG(s) dict_keys(['example_xcom_args', 'example_xcom_args_with_operators']) retrieved from /home/anhcu/Project/Stock_project/airflow_venv/lib/python3.8/site-packages/airflow/example_dags/example_xcomargs.py
[2024-06-10 10:31:15,782] {logging_mixin.py:103} INFO - [2024-06-10 10:31:15,782] {dag.py:1813} INFO - Sync 2 DAGs
[2024-06-10 10:31:15,797] {logging_mixin.py:103} INFO - [2024-06-10 10:31:15,797] {dag.py:2266} INFO - Setting next_dagrun for example_xcom_args to None
[2024-06-10 10:31:15,798] {logging_mixin.py:103} INFO - [2024-06-10 10:31:15,798] {dag.py:2266} INFO - Setting next_dagrun for example_xcom_args_with_operators to None
[2024-06-10 10:31:15,810] {scheduler_job.py:189} INFO - Processing /home/anhcu/Project/Stock_project/airflow_venv/lib/python3.8/site-packages/airflow/example_dags/example_xcomargs.py took 0.049 seconds
[2024-06-10 10:31:42,957] {scheduler_job.py:181} INFO - Started process (PID=77490) to work on /home/anhcu/Project/Stock_project/airflow_venv/lib/python3.8/site-packages/airflow/example_dags/example_xcomargs.py
[2024-06-10 10:31:42,961] {scheduler_job.py:629} INFO - Processing file /home/anhcu/Project/Stock_project/airflow_venv/lib/python3.8/site-packages/airflow/example_dags/example_xcomargs.py for tasks to queue
[2024-06-10 10:31:42,963] {logging_mixin.py:103} INFO - [2024-06-10 10:31:42,962] {dagbag.py:440} INFO - Filling up the DagBag from /home/anhcu/Project/Stock_project/airflow_venv/lib/python3.8/site-packages/airflow/example_dags/example_xcomargs.py
[2024-06-10 10:31:42,994] {scheduler_job.py:639} INFO - DAG(s) dict_keys(['example_xcom_args', 'example_xcom_args_with_operators']) retrieved from /home/anhcu/Project/Stock_project/airflow_venv/lib/python3.8/site-packages/airflow/example_dags/example_xcomargs.py
[2024-06-10 10:31:42,995] {logging_mixin.py:103} INFO - [2024-06-10 10:31:42,995] {dag.py:1813} INFO - Sync 2 DAGs
[2024-06-10 10:31:43,021] {logging_mixin.py:103} INFO - [2024-06-10 10:31:43,021] {dag.py:2266} INFO - Setting next_dagrun for example_xcom_args to None
[2024-06-10 10:31:43,022] {logging_mixin.py:103} INFO - [2024-06-10 10:31:43,022] {dag.py:2266} INFO - Setting next_dagrun for example_xcom_args_with_operators to None
[2024-06-10 10:31:43,054] {scheduler_job.py:189} INFO - Processing /home/anhcu/Project/Stock_project/airflow_venv/lib/python3.8/site-packages/airflow/example_dags/example_xcomargs.py took 0.106 seconds
[2024-06-10 10:32:12,215] {scheduler_job.py:181} INFO - Started process (PID=77644) to work on /home/anhcu/Project/Stock_project/airflow_venv/lib/python3.8/site-packages/airflow/example_dags/example_xcomargs.py
[2024-06-10 10:32:12,216] {scheduler_job.py:629} INFO - Processing file /home/anhcu/Project/Stock_project/airflow_venv/lib/python3.8/site-packages/airflow/example_dags/example_xcomargs.py for tasks to queue
[2024-06-10 10:32:12,217] {logging_mixin.py:103} INFO - [2024-06-10 10:32:12,217] {dagbag.py:440} INFO - Filling up the DagBag from /home/anhcu/Project/Stock_project/airflow_venv/lib/python3.8/site-packages/airflow/example_dags/example_xcomargs.py
[2024-06-10 10:32:12,231] {scheduler_job.py:639} INFO - DAG(s) dict_keys(['example_xcom_args', 'example_xcom_args_with_operators']) retrieved from /home/anhcu/Project/Stock_project/airflow_venv/lib/python3.8/site-packages/airflow/example_dags/example_xcomargs.py
[2024-06-10 10:32:12,232] {logging_mixin.py:103} INFO - [2024-06-10 10:32:12,232] {dag.py:1813} INFO - Sync 2 DAGs
[2024-06-10 10:32:12,248] {logging_mixin.py:103} INFO - [2024-06-10 10:32:12,248] {dag.py:2266} INFO - Setting next_dagrun for example_xcom_args to None
[2024-06-10 10:32:12,249] {logging_mixin.py:103} INFO - [2024-06-10 10:32:12,249] {dag.py:2266} INFO - Setting next_dagrun for example_xcom_args_with_operators to None
[2024-06-10 10:32:12,261] {scheduler_job.py:189} INFO - Processing /home/anhcu/Project/Stock_project/airflow_venv/lib/python3.8/site-packages/airflow/example_dags/example_xcomargs.py took 0.049 seconds
[2024-06-10 10:32:39,580] {scheduler_job.py:181} INFO - Started process (PID=77838) to work on /home/anhcu/Project/Stock_project/airflow_venv/lib/python3.8/site-packages/airflow/example_dags/example_xcomargs.py
[2024-06-10 10:32:39,582] {scheduler_job.py:629} INFO - Processing file /home/anhcu/Project/Stock_project/airflow_venv/lib/python3.8/site-packages/airflow/example_dags/example_xcomargs.py for tasks to queue
[2024-06-10 10:32:39,583] {logging_mixin.py:103} INFO - [2024-06-10 10:32:39,583] {dagbag.py:440} INFO - Filling up the DagBag from /home/anhcu/Project/Stock_project/airflow_venv/lib/python3.8/site-packages/airflow/example_dags/example_xcomargs.py
[2024-06-10 10:32:39,596] {scheduler_job.py:639} INFO - DAG(s) dict_keys(['example_xcom_args', 'example_xcom_args_with_operators']) retrieved from /home/anhcu/Project/Stock_project/airflow_venv/lib/python3.8/site-packages/airflow/example_dags/example_xcomargs.py
[2024-06-10 10:32:39,597] {logging_mixin.py:103} INFO - [2024-06-10 10:32:39,597] {dag.py:1813} INFO - Sync 2 DAGs
[2024-06-10 10:32:39,615] {logging_mixin.py:103} INFO - [2024-06-10 10:32:39,615] {dag.py:2266} INFO - Setting next_dagrun for example_xcom_args to None
[2024-06-10 10:32:39,616] {logging_mixin.py:103} INFO - [2024-06-10 10:32:39,616] {dag.py:2266} INFO - Setting next_dagrun for example_xcom_args_with_operators to None
[2024-06-10 10:32:39,641] {scheduler_job.py:189} INFO - Processing /home/anhcu/Project/Stock_project/airflow_venv/lib/python3.8/site-packages/airflow/example_dags/example_xcomargs.py took 0.065 seconds
[2024-06-10 10:33:06,896] {scheduler_job.py:181} INFO - Started process (PID=78084) to work on /home/anhcu/Project/Stock_project/airflow_venv/lib/python3.8/site-packages/airflow/example_dags/example_xcomargs.py
[2024-06-10 10:33:06,898] {scheduler_job.py:629} INFO - Processing file /home/anhcu/Project/Stock_project/airflow_venv/lib/python3.8/site-packages/airflow/example_dags/example_xcomargs.py for tasks to queue
[2024-06-10 10:33:06,899] {logging_mixin.py:103} INFO - [2024-06-10 10:33:06,898] {dagbag.py:440} INFO - Filling up the DagBag from /home/anhcu/Project/Stock_project/airflow_venv/lib/python3.8/site-packages/airflow/example_dags/example_xcomargs.py
[2024-06-10 10:33:06,911] {scheduler_job.py:639} INFO - DAG(s) dict_keys(['example_xcom_args', 'example_xcom_args_with_operators']) retrieved from /home/anhcu/Project/Stock_project/airflow_venv/lib/python3.8/site-packages/airflow/example_dags/example_xcomargs.py
[2024-06-10 10:33:06,912] {logging_mixin.py:103} INFO - [2024-06-10 10:33:06,912] {dag.py:1813} INFO - Sync 2 DAGs
[2024-06-10 10:33:06,927] {logging_mixin.py:103} INFO - [2024-06-10 10:33:06,927] {dag.py:2266} INFO - Setting next_dagrun for example_xcom_args to None
[2024-06-10 10:33:06,928] {logging_mixin.py:103} INFO - [2024-06-10 10:33:06,928] {dag.py:2266} INFO - Setting next_dagrun for example_xcom_args_with_operators to None
[2024-06-10 10:33:06,940] {scheduler_job.py:189} INFO - Processing /home/anhcu/Project/Stock_project/airflow_venv/lib/python3.8/site-packages/airflow/example_dags/example_xcomargs.py took 0.048 seconds
[2024-06-10 10:33:34,160] {scheduler_job.py:181} INFO - Started process (PID=78258) to work on /home/anhcu/Project/Stock_project/airflow_venv/lib/python3.8/site-packages/airflow/example_dags/example_xcomargs.py
[2024-06-10 10:33:34,162] {scheduler_job.py:629} INFO - Processing file /home/anhcu/Project/Stock_project/airflow_venv/lib/python3.8/site-packages/airflow/example_dags/example_xcomargs.py for tasks to queue
[2024-06-10 10:33:34,163] {logging_mixin.py:103} INFO - [2024-06-10 10:33:34,163] {dagbag.py:440} INFO - Filling up the DagBag from /home/anhcu/Project/Stock_project/airflow_venv/lib/python3.8/site-packages/airflow/example_dags/example_xcomargs.py
[2024-06-10 10:33:34,177] {scheduler_job.py:639} INFO - DAG(s) dict_keys(['example_xcom_args', 'example_xcom_args_with_operators']) retrieved from /home/anhcu/Project/Stock_project/airflow_venv/lib/python3.8/site-packages/airflow/example_dags/example_xcomargs.py
[2024-06-10 10:33:34,178] {logging_mixin.py:103} INFO - [2024-06-10 10:33:34,178] {dag.py:1813} INFO - Sync 2 DAGs
[2024-06-10 10:33:34,197] {logging_mixin.py:103} INFO - [2024-06-10 10:33:34,197] {dag.py:2266} INFO - Setting next_dagrun for example_xcom_args to None
[2024-06-10 10:33:34,198] {logging_mixin.py:103} INFO - [2024-06-10 10:33:34,198] {dag.py:2266} INFO - Setting next_dagrun for example_xcom_args_with_operators to None
[2024-06-10 10:33:34,222] {scheduler_job.py:189} INFO - Processing /home/anhcu/Project/Stock_project/airflow_venv/lib/python3.8/site-packages/airflow/example_dags/example_xcomargs.py took 0.083 seconds
[2024-06-10 10:34:02,476] {scheduler_job.py:181} INFO - Started process (PID=78418) to work on /home/anhcu/Project/Stock_project/airflow_venv/lib/python3.8/site-packages/airflow/example_dags/example_xcomargs.py
[2024-06-10 10:34:02,479] {scheduler_job.py:629} INFO - Processing file /home/anhcu/Project/Stock_project/airflow_venv/lib/python3.8/site-packages/airflow/example_dags/example_xcomargs.py for tasks to queue
[2024-06-10 10:34:02,480] {logging_mixin.py:103} INFO - [2024-06-10 10:34:02,480] {dagbag.py:440} INFO - Filling up the DagBag from /home/anhcu/Project/Stock_project/airflow_venv/lib/python3.8/site-packages/airflow/example_dags/example_xcomargs.py
[2024-06-10 10:34:02,492] {scheduler_job.py:639} INFO - DAG(s) dict_keys(['example_xcom_args', 'example_xcom_args_with_operators']) retrieved from /home/anhcu/Project/Stock_project/airflow_venv/lib/python3.8/site-packages/airflow/example_dags/example_xcomargs.py
[2024-06-10 10:34:02,493] {logging_mixin.py:103} INFO - [2024-06-10 10:34:02,493] {dag.py:1813} INFO - Sync 2 DAGs
[2024-06-10 10:34:02,509] {logging_mixin.py:103} INFO - [2024-06-10 10:34:02,509] {dag.py:2266} INFO - Setting next_dagrun for example_xcom_args to None
[2024-06-10 10:34:02,510] {logging_mixin.py:103} INFO - [2024-06-10 10:34:02,510] {dag.py:2266} INFO - Setting next_dagrun for example_xcom_args_with_operators to None
[2024-06-10 10:34:02,522] {scheduler_job.py:189} INFO - Processing /home/anhcu/Project/Stock_project/airflow_venv/lib/python3.8/site-packages/airflow/example_dags/example_xcomargs.py took 0.049 seconds
[2024-06-10 10:34:30,871] {scheduler_job.py:181} INFO - Started process (PID=78608) to work on /home/anhcu/Project/Stock_project/airflow_venv/lib/python3.8/site-packages/airflow/example_dags/example_xcomargs.py
[2024-06-10 10:34:30,873] {scheduler_job.py:629} INFO - Processing file /home/anhcu/Project/Stock_project/airflow_venv/lib/python3.8/site-packages/airflow/example_dags/example_xcomargs.py for tasks to queue
[2024-06-10 10:34:30,875] {logging_mixin.py:103} INFO - [2024-06-10 10:34:30,875] {dagbag.py:440} INFO - Filling up the DagBag from /home/anhcu/Project/Stock_project/airflow_venv/lib/python3.8/site-packages/airflow/example_dags/example_xcomargs.py
[2024-06-10 10:34:30,887] {scheduler_job.py:639} INFO - DAG(s) dict_keys(['example_xcom_args', 'example_xcom_args_with_operators']) retrieved from /home/anhcu/Project/Stock_project/airflow_venv/lib/python3.8/site-packages/airflow/example_dags/example_xcomargs.py
[2024-06-10 10:34:30,888] {logging_mixin.py:103} INFO - [2024-06-10 10:34:30,887] {dag.py:1813} INFO - Sync 2 DAGs
[2024-06-10 10:34:30,903] {logging_mixin.py:103} INFO - [2024-06-10 10:34:30,903] {dag.py:2266} INFO - Setting next_dagrun for example_xcom_args to None
[2024-06-10 10:34:30,904] {logging_mixin.py:103} INFO - [2024-06-10 10:34:30,904] {dag.py:2266} INFO - Setting next_dagrun for example_xcom_args_with_operators to None
[2024-06-10 10:34:30,928] {scheduler_job.py:189} INFO - Processing /home/anhcu/Project/Stock_project/airflow_venv/lib/python3.8/site-packages/airflow/example_dags/example_xcomargs.py took 0.061 seconds
[2024-06-10 10:34:58,186] {scheduler_job.py:181} INFO - Started process (PID=78808) to work on /home/anhcu/Project/Stock_project/airflow_venv/lib/python3.8/site-packages/airflow/example_dags/example_xcomargs.py
[2024-06-10 10:34:58,188] {scheduler_job.py:629} INFO - Processing file /home/anhcu/Project/Stock_project/airflow_venv/lib/python3.8/site-packages/airflow/example_dags/example_xcomargs.py for tasks to queue
[2024-06-10 10:34:58,189] {logging_mixin.py:103} INFO - [2024-06-10 10:34:58,189] {dagbag.py:440} INFO - Filling up the DagBag from /home/anhcu/Project/Stock_project/airflow_venv/lib/python3.8/site-packages/airflow/example_dags/example_xcomargs.py
[2024-06-10 10:34:58,202] {scheduler_job.py:639} INFO - DAG(s) dict_keys(['example_xcom_args', 'example_xcom_args_with_operators']) retrieved from /home/anhcu/Project/Stock_project/airflow_venv/lib/python3.8/site-packages/airflow/example_dags/example_xcomargs.py
[2024-06-10 10:34:58,203] {logging_mixin.py:103} INFO - [2024-06-10 10:34:58,203] {dag.py:1813} INFO - Sync 2 DAGs
[2024-06-10 10:34:58,219] {logging_mixin.py:103} INFO - [2024-06-10 10:34:58,218] {dag.py:2266} INFO - Setting next_dagrun for example_xcom_args to None
[2024-06-10 10:34:58,219] {logging_mixin.py:103} INFO - [2024-06-10 10:34:58,219] {dag.py:2266} INFO - Setting next_dagrun for example_xcom_args_with_operators to None
[2024-06-10 10:34:58,232] {scheduler_job.py:189} INFO - Processing /home/anhcu/Project/Stock_project/airflow_venv/lib/python3.8/site-packages/airflow/example_dags/example_xcomargs.py took 0.050 seconds
[2024-06-10 10:35:55,408] {scheduler_job.py:181} INFO - Started process (PID=79519) to work on /home/anhcu/Project/Stock_project/airflow_venv/lib/python3.8/site-packages/airflow/example_dags/example_xcomargs.py
[2024-06-10 10:35:55,412] {scheduler_job.py:629} INFO - Processing file /home/anhcu/Project/Stock_project/airflow_venv/lib/python3.8/site-packages/airflow/example_dags/example_xcomargs.py for tasks to queue
[2024-06-10 10:35:55,413] {logging_mixin.py:103} INFO - [2024-06-10 10:35:55,413] {dagbag.py:440} INFO - Filling up the DagBag from /home/anhcu/Project/Stock_project/airflow_venv/lib/python3.8/site-packages/airflow/example_dags/example_xcomargs.py
[2024-06-10 10:35:55,425] {scheduler_job.py:639} INFO - DAG(s) dict_keys(['example_xcom_args', 'example_xcom_args_with_operators']) retrieved from /home/anhcu/Project/Stock_project/airflow_venv/lib/python3.8/site-packages/airflow/example_dags/example_xcomargs.py
[2024-06-10 10:35:55,426] {logging_mixin.py:103} INFO - [2024-06-10 10:35:55,426] {dag.py:1813} INFO - Sync 2 DAGs
[2024-06-10 10:35:55,441] {logging_mixin.py:103} INFO - [2024-06-10 10:35:55,441] {dag.py:2266} INFO - Setting next_dagrun for example_xcom_args to None
[2024-06-10 10:35:55,442] {logging_mixin.py:103} INFO - [2024-06-10 10:35:55,442] {dag.py:2266} INFO - Setting next_dagrun for example_xcom_args_with_operators to None
[2024-06-10 10:35:55,466] {scheduler_job.py:189} INFO - Processing /home/anhcu/Project/Stock_project/airflow_venv/lib/python3.8/site-packages/airflow/example_dags/example_xcomargs.py took 0.062 seconds
