[2024-06-10 09:59:02,130] {scheduler_job.py:181} INFO - Started process (PID=62860) to work on /home/anhcu/Project/Stock_project/airflow_venv/lib/python3.8/site-packages/airflow/example_dags/example_nested_branch_dag.py
[2024-06-10 09:59:02,133] {scheduler_job.py:629} INFO - Processing file /home/anhcu/Project/Stock_project/airflow_venv/lib/python3.8/site-packages/airflow/example_dags/example_nested_branch_dag.py for tasks to queue
[2024-06-10 09:59:02,134] {logging_mixin.py:103} INFO - [2024-06-10 09:59:02,134] {dagbag.py:440} INFO - Filling up the DagBag from /home/anhcu/Project/Stock_project/airflow_venv/lib/python3.8/site-packages/airflow/example_dags/example_nested_branch_dag.py
[2024-06-10 09:59:02,170] {scheduler_job.py:639} INFO - DAG(s) dict_keys(['example_nested_branch_dag']) retrieved from /home/anhcu/Project/Stock_project/airflow_venv/lib/python3.8/site-packages/airflow/example_dags/example_nested_branch_dag.py
[2024-06-10 09:59:02,171] {logging_mixin.py:103} INFO - [2024-06-10 09:59:02,171] {dag.py:1813} INFO - Sync 1 DAGs
[2024-06-10 09:59:02,712] {logging_mixin.py:103} INFO - [2024-06-10 09:59:02,711] {dag.py:2266} INFO - Setting next_dagrun for example_nested_branch_dag to 2024-06-08 00:00:00+00:00
[2024-06-10 09:59:03,391] {scheduler_job.py:189} INFO - Processing /home/anhcu/Project/Stock_project/airflow_venv/lib/python3.8/site-packages/airflow/example_dags/example_nested_branch_dag.py took 1.274 seconds
[2024-06-10 09:59:53,431] {scheduler_job.py:181} INFO - Started process (PID=63237) to work on /home/anhcu/Project/Stock_project/airflow_venv/lib/python3.8/site-packages/airflow/example_dags/example_nested_branch_dag.py
[2024-06-10 09:59:53,449] {scheduler_job.py:629} INFO - Processing file /home/anhcu/Project/Stock_project/airflow_venv/lib/python3.8/site-packages/airflow/example_dags/example_nested_branch_dag.py for tasks to queue
[2024-06-10 09:59:53,451] {logging_mixin.py:103} INFO - [2024-06-10 09:59:53,451] {dagbag.py:440} INFO - Filling up the DagBag from /home/anhcu/Project/Stock_project/airflow_venv/lib/python3.8/site-packages/airflow/example_dags/example_nested_branch_dag.py
[2024-06-10 09:59:53,645] {scheduler_job.py:639} INFO - DAG(s) dict_keys(['example_nested_branch_dag']) retrieved from /home/anhcu/Project/Stock_project/airflow_venv/lib/python3.8/site-packages/airflow/example_dags/example_nested_branch_dag.py
[2024-06-10 09:59:53,647] {logging_mixin.py:103} INFO - [2024-06-10 09:59:53,647] {dag.py:1813} INFO - Sync 1 DAGs
[2024-06-10 09:59:53,716] {logging_mixin.py:103} INFO - [2024-06-10 09:59:53,715] {dag.py:2266} INFO - Setting next_dagrun for example_nested_branch_dag to 2024-06-08 00:00:00+00:00
[2024-06-10 09:59:53,874] {scheduler_job.py:189} INFO - Processing /home/anhcu/Project/Stock_project/airflow_venv/lib/python3.8/site-packages/airflow/example_dags/example_nested_branch_dag.py took 0.447 seconds
[2024-06-10 10:00:40,198] {scheduler_job.py:181} INFO - Started process (PID=63523) to work on /home/anhcu/Project/Stock_project/airflow_venv/lib/python3.8/site-packages/airflow/example_dags/example_nested_branch_dag.py
[2024-06-10 10:00:40,201] {scheduler_job.py:629} INFO - Processing file /home/anhcu/Project/Stock_project/airflow_venv/lib/python3.8/site-packages/airflow/example_dags/example_nested_branch_dag.py for tasks to queue
[2024-06-10 10:00:40,202] {logging_mixin.py:103} INFO - [2024-06-10 10:00:40,201] {dagbag.py:440} INFO - Filling up the DagBag from /home/anhcu/Project/Stock_project/airflow_venv/lib/python3.8/site-packages/airflow/example_dags/example_nested_branch_dag.py
[2024-06-10 10:00:40,232] {scheduler_job.py:639} INFO - DAG(s) dict_keys(['example_nested_branch_dag']) retrieved from /home/anhcu/Project/Stock_project/airflow_venv/lib/python3.8/site-packages/airflow/example_dags/example_nested_branch_dag.py
[2024-06-10 10:00:40,233] {logging_mixin.py:103} INFO - [2024-06-10 10:00:40,233] {dag.py:1813} INFO - Sync 1 DAGs
[2024-06-10 10:00:40,399] {logging_mixin.py:103} INFO - [2024-06-10 10:00:40,399] {dag.py:2266} INFO - Setting next_dagrun for example_nested_branch_dag to 2024-06-08 00:00:00+00:00
[2024-06-10 10:00:40,419] {scheduler_job.py:189} INFO - Processing /home/anhcu/Project/Stock_project/airflow_venv/lib/python3.8/site-packages/airflow/example_dags/example_nested_branch_dag.py took 0.239 seconds
[2024-06-10 10:01:26,190] {scheduler_job.py:181} INFO - Started process (PID=63807) to work on /home/anhcu/Project/Stock_project/airflow_venv/lib/python3.8/site-packages/airflow/example_dags/example_nested_branch_dag.py
[2024-06-10 10:01:26,191] {scheduler_job.py:629} INFO - Processing file /home/anhcu/Project/Stock_project/airflow_venv/lib/python3.8/site-packages/airflow/example_dags/example_nested_branch_dag.py for tasks to queue
[2024-06-10 10:01:26,193] {logging_mixin.py:103} INFO - [2024-06-10 10:01:26,192] {dagbag.py:440} INFO - Filling up the DagBag from /home/anhcu/Project/Stock_project/airflow_venv/lib/python3.8/site-packages/airflow/example_dags/example_nested_branch_dag.py
[2024-06-10 10:01:26,228] {scheduler_job.py:639} INFO - DAG(s) dict_keys(['example_nested_branch_dag']) retrieved from /home/anhcu/Project/Stock_project/airflow_venv/lib/python3.8/site-packages/airflow/example_dags/example_nested_branch_dag.py
[2024-06-10 10:01:26,229] {logging_mixin.py:103} INFO - [2024-06-10 10:01:26,229] {dag.py:1813} INFO - Sync 1 DAGs
[2024-06-10 10:01:26,400] {logging_mixin.py:103} INFO - [2024-06-10 10:01:26,399] {dag.py:2266} INFO - Setting next_dagrun for example_nested_branch_dag to 2024-06-08 00:00:00+00:00
[2024-06-10 10:01:26,418] {scheduler_job.py:189} INFO - Processing /home/anhcu/Project/Stock_project/airflow_venv/lib/python3.8/site-packages/airflow/example_dags/example_nested_branch_dag.py took 0.240 seconds
[2024-06-10 10:02:12,928] {scheduler_job.py:181} INFO - Started process (PID=64068) to work on /home/anhcu/Project/Stock_project/airflow_venv/lib/python3.8/site-packages/airflow/example_dags/example_nested_branch_dag.py
[2024-06-10 10:02:12,939] {scheduler_job.py:629} INFO - Processing file /home/anhcu/Project/Stock_project/airflow_venv/lib/python3.8/site-packages/airflow/example_dags/example_nested_branch_dag.py for tasks to queue
[2024-06-10 10:02:12,940] {logging_mixin.py:103} INFO - [2024-06-10 10:02:12,940] {dagbag.py:440} INFO - Filling up the DagBag from /home/anhcu/Project/Stock_project/airflow_venv/lib/python3.8/site-packages/airflow/example_dags/example_nested_branch_dag.py
[2024-06-10 10:02:12,973] {scheduler_job.py:639} INFO - DAG(s) dict_keys(['example_nested_branch_dag']) retrieved from /home/anhcu/Project/Stock_project/airflow_venv/lib/python3.8/site-packages/airflow/example_dags/example_nested_branch_dag.py
[2024-06-10 10:02:12,977] {logging_mixin.py:103} INFO - [2024-06-10 10:02:12,976] {dag.py:1813} INFO - Sync 1 DAGs
[2024-06-10 10:02:13,373] {logging_mixin.py:103} INFO - [2024-06-10 10:02:13,372] {dag.py:2266} INFO - Setting next_dagrun for example_nested_branch_dag to 2024-06-08 00:00:00+00:00
[2024-06-10 10:02:13,391] {scheduler_job.py:189} INFO - Processing /home/anhcu/Project/Stock_project/airflow_venv/lib/python3.8/site-packages/airflow/example_dags/example_nested_branch_dag.py took 0.468 seconds
[2024-06-10 10:07:35,547] {scheduler_job.py:181} INFO - Started process (PID=67184) to work on /home/anhcu/Project/Stock_project/airflow_venv/lib/python3.8/site-packages/airflow/example_dags/example_nested_branch_dag.py
[2024-06-10 10:07:35,550] {scheduler_job.py:629} INFO - Processing file /home/anhcu/Project/Stock_project/airflow_venv/lib/python3.8/site-packages/airflow/example_dags/example_nested_branch_dag.py for tasks to queue
[2024-06-10 10:07:35,551] {logging_mixin.py:103} INFO - [2024-06-10 10:07:35,551] {dagbag.py:440} INFO - Filling up the DagBag from /home/anhcu/Project/Stock_project/airflow_venv/lib/python3.8/site-packages/airflow/example_dags/example_nested_branch_dag.py
[2024-06-10 10:07:35,560] {scheduler_job.py:639} INFO - DAG(s) dict_keys(['example_nested_branch_dag']) retrieved from /home/anhcu/Project/Stock_project/airflow_venv/lib/python3.8/site-packages/airflow/example_dags/example_nested_branch_dag.py
[2024-06-10 10:07:35,561] {logging_mixin.py:103} INFO - [2024-06-10 10:07:35,561] {dag.py:1813} INFO - Sync 1 DAGs
[2024-06-10 10:07:35,581] {logging_mixin.py:103} INFO - [2024-06-10 10:07:35,581] {dag.py:2266} INFO - Setting next_dagrun for example_nested_branch_dag to 2024-06-08 00:00:00+00:00
[2024-06-10 10:07:35,593] {scheduler_job.py:189} INFO - Processing /home/anhcu/Project/Stock_project/airflow_venv/lib/python3.8/site-packages/airflow/example_dags/example_nested_branch_dag.py took 0.049 seconds
[2024-06-10 10:08:04,259] {scheduler_job.py:181} INFO - Started process (PID=67391) to work on /home/anhcu/Project/Stock_project/airflow_venv/lib/python3.8/site-packages/airflow/example_dags/example_nested_branch_dag.py
[2024-06-10 10:08:04,260] {scheduler_job.py:629} INFO - Processing file /home/anhcu/Project/Stock_project/airflow_venv/lib/python3.8/site-packages/airflow/example_dags/example_nested_branch_dag.py for tasks to queue
[2024-06-10 10:08:04,261] {logging_mixin.py:103} INFO - [2024-06-10 10:08:04,261] {dagbag.py:440} INFO - Filling up the DagBag from /home/anhcu/Project/Stock_project/airflow_venv/lib/python3.8/site-packages/airflow/example_dags/example_nested_branch_dag.py
[2024-06-10 10:08:04,269] {scheduler_job.py:639} INFO - DAG(s) dict_keys(['example_nested_branch_dag']) retrieved from /home/anhcu/Project/Stock_project/airflow_venv/lib/python3.8/site-packages/airflow/example_dags/example_nested_branch_dag.py
[2024-06-10 10:08:04,270] {logging_mixin.py:103} INFO - [2024-06-10 10:08:04,270] {dag.py:1813} INFO - Sync 1 DAGs
[2024-06-10 10:08:04,291] {logging_mixin.py:103} INFO - [2024-06-10 10:08:04,290] {dag.py:2266} INFO - Setting next_dagrun for example_nested_branch_dag to 2024-06-08 00:00:00+00:00
[2024-06-10 10:08:04,303] {scheduler_job.py:189} INFO - Processing /home/anhcu/Project/Stock_project/airflow_venv/lib/python3.8/site-packages/airflow/example_dags/example_nested_branch_dag.py took 0.048 seconds
[2024-06-10 10:08:32,679] {scheduler_job.py:181} INFO - Started process (PID=67591) to work on /home/anhcu/Project/Stock_project/airflow_venv/lib/python3.8/site-packages/airflow/example_dags/example_nested_branch_dag.py
[2024-06-10 10:08:32,680] {scheduler_job.py:629} INFO - Processing file /home/anhcu/Project/Stock_project/airflow_venv/lib/python3.8/site-packages/airflow/example_dags/example_nested_branch_dag.py for tasks to queue
[2024-06-10 10:08:32,681] {logging_mixin.py:103} INFO - [2024-06-10 10:08:32,681] {dagbag.py:440} INFO - Filling up the DagBag from /home/anhcu/Project/Stock_project/airflow_venv/lib/python3.8/site-packages/airflow/example_dags/example_nested_branch_dag.py
[2024-06-10 10:08:32,693] {scheduler_job.py:639} INFO - DAG(s) dict_keys(['example_nested_branch_dag']) retrieved from /home/anhcu/Project/Stock_project/airflow_venv/lib/python3.8/site-packages/airflow/example_dags/example_nested_branch_dag.py
[2024-06-10 10:08:32,695] {logging_mixin.py:103} INFO - [2024-06-10 10:08:32,695] {dag.py:1813} INFO - Sync 1 DAGs
[2024-06-10 10:08:32,719] {logging_mixin.py:103} INFO - [2024-06-10 10:08:32,719] {dag.py:2266} INFO - Setting next_dagrun for example_nested_branch_dag to 2024-06-08 00:00:00+00:00
[2024-06-10 10:08:32,732] {scheduler_job.py:189} INFO - Processing /home/anhcu/Project/Stock_project/airflow_venv/lib/python3.8/site-packages/airflow/example_dags/example_nested_branch_dag.py took 0.057 seconds
[2024-06-10 10:09:00,035] {scheduler_job.py:181} INFO - Started process (PID=67780) to work on /home/anhcu/Project/Stock_project/airflow_venv/lib/python3.8/site-packages/airflow/example_dags/example_nested_branch_dag.py
[2024-06-10 10:09:00,037] {scheduler_job.py:629} INFO - Processing file /home/anhcu/Project/Stock_project/airflow_venv/lib/python3.8/site-packages/airflow/example_dags/example_nested_branch_dag.py for tasks to queue
[2024-06-10 10:09:00,038] {logging_mixin.py:103} INFO - [2024-06-10 10:09:00,038] {dagbag.py:440} INFO - Filling up the DagBag from /home/anhcu/Project/Stock_project/airflow_venv/lib/python3.8/site-packages/airflow/example_dags/example_nested_branch_dag.py
[2024-06-10 10:09:00,048] {scheduler_job.py:639} INFO - DAG(s) dict_keys(['example_nested_branch_dag']) retrieved from /home/anhcu/Project/Stock_project/airflow_venv/lib/python3.8/site-packages/airflow/example_dags/example_nested_branch_dag.py
[2024-06-10 10:09:00,049] {logging_mixin.py:103} INFO - [2024-06-10 10:09:00,049] {dag.py:1813} INFO - Sync 1 DAGs
[2024-06-10 10:09:00,069] {logging_mixin.py:103} INFO - [2024-06-10 10:09:00,069] {dag.py:2266} INFO - Setting next_dagrun for example_nested_branch_dag to 2024-06-08 00:00:00+00:00
[2024-06-10 10:09:00,081] {scheduler_job.py:189} INFO - Processing /home/anhcu/Project/Stock_project/airflow_venv/lib/python3.8/site-packages/airflow/example_dags/example_nested_branch_dag.py took 0.050 seconds
[2024-06-10 10:09:26,598] {scheduler_job.py:181} INFO - Started process (PID=67933) to work on /home/anhcu/Project/Stock_project/airflow_venv/lib/python3.8/site-packages/airflow/example_dags/example_nested_branch_dag.py
[2024-06-10 10:09:26,599] {scheduler_job.py:629} INFO - Processing file /home/anhcu/Project/Stock_project/airflow_venv/lib/python3.8/site-packages/airflow/example_dags/example_nested_branch_dag.py for tasks to queue
[2024-06-10 10:09:26,600] {logging_mixin.py:103} INFO - [2024-06-10 10:09:26,600] {dagbag.py:440} INFO - Filling up the DagBag from /home/anhcu/Project/Stock_project/airflow_venv/lib/python3.8/site-packages/airflow/example_dags/example_nested_branch_dag.py
[2024-06-10 10:09:26,613] {scheduler_job.py:639} INFO - DAG(s) dict_keys(['example_nested_branch_dag']) retrieved from /home/anhcu/Project/Stock_project/airflow_venv/lib/python3.8/site-packages/airflow/example_dags/example_nested_branch_dag.py
[2024-06-10 10:09:26,614] {logging_mixin.py:103} INFO - [2024-06-10 10:09:26,614] {dag.py:1813} INFO - Sync 1 DAGs
[2024-06-10 10:09:26,648] {logging_mixin.py:103} INFO - [2024-06-10 10:09:26,648] {dag.py:2266} INFO - Setting next_dagrun for example_nested_branch_dag to 2024-06-08 00:00:00+00:00
[2024-06-10 10:09:26,666] {scheduler_job.py:189} INFO - Processing /home/anhcu/Project/Stock_project/airflow_venv/lib/python3.8/site-packages/airflow/example_dags/example_nested_branch_dag.py took 0.075 seconds
[2024-06-10 10:09:54,601] {scheduler_job.py:181} INFO - Started process (PID=68092) to work on /home/anhcu/Project/Stock_project/airflow_venv/lib/python3.8/site-packages/airflow/example_dags/example_nested_branch_dag.py
[2024-06-10 10:09:54,602] {scheduler_job.py:629} INFO - Processing file /home/anhcu/Project/Stock_project/airflow_venv/lib/python3.8/site-packages/airflow/example_dags/example_nested_branch_dag.py for tasks to queue
[2024-06-10 10:09:54,603] {logging_mixin.py:103} INFO - [2024-06-10 10:09:54,603] {dagbag.py:440} INFO - Filling up the DagBag from /home/anhcu/Project/Stock_project/airflow_venv/lib/python3.8/site-packages/airflow/example_dags/example_nested_branch_dag.py
[2024-06-10 10:09:54,614] {scheduler_job.py:639} INFO - DAG(s) dict_keys(['example_nested_branch_dag']) retrieved from /home/anhcu/Project/Stock_project/airflow_venv/lib/python3.8/site-packages/airflow/example_dags/example_nested_branch_dag.py
[2024-06-10 10:09:54,615] {logging_mixin.py:103} INFO - [2024-06-10 10:09:54,615] {dag.py:1813} INFO - Sync 1 DAGs
[2024-06-10 10:09:54,635] {logging_mixin.py:103} INFO - [2024-06-10 10:09:54,635] {dag.py:2266} INFO - Setting next_dagrun for example_nested_branch_dag to 2024-06-08 00:00:00+00:00
[2024-06-10 10:09:54,648] {scheduler_job.py:189} INFO - Processing /home/anhcu/Project/Stock_project/airflow_venv/lib/python3.8/site-packages/airflow/example_dags/example_nested_branch_dag.py took 0.052 seconds
[2024-06-10 10:10:23,480] {scheduler_job.py:181} INFO - Started process (PID=68254) to work on /home/anhcu/Project/Stock_project/airflow_venv/lib/python3.8/site-packages/airflow/example_dags/example_nested_branch_dag.py
[2024-06-10 10:10:23,482] {scheduler_job.py:629} INFO - Processing file /home/anhcu/Project/Stock_project/airflow_venv/lib/python3.8/site-packages/airflow/example_dags/example_nested_branch_dag.py for tasks to queue
[2024-06-10 10:10:23,483] {logging_mixin.py:103} INFO - [2024-06-10 10:10:23,483] {dagbag.py:440} INFO - Filling up the DagBag from /home/anhcu/Project/Stock_project/airflow_venv/lib/python3.8/site-packages/airflow/example_dags/example_nested_branch_dag.py
[2024-06-10 10:10:23,493] {scheduler_job.py:639} INFO - DAG(s) dict_keys(['example_nested_branch_dag']) retrieved from /home/anhcu/Project/Stock_project/airflow_venv/lib/python3.8/site-packages/airflow/example_dags/example_nested_branch_dag.py
[2024-06-10 10:10:23,494] {logging_mixin.py:103} INFO - [2024-06-10 10:10:23,494] {dag.py:1813} INFO - Sync 1 DAGs
[2024-06-10 10:10:23,516] {logging_mixin.py:103} INFO - [2024-06-10 10:10:23,516] {dag.py:2266} INFO - Setting next_dagrun for example_nested_branch_dag to 2024-06-08 00:00:00+00:00
[2024-06-10 10:10:23,529] {scheduler_job.py:189} INFO - Processing /home/anhcu/Project/Stock_project/airflow_venv/lib/python3.8/site-packages/airflow/example_dags/example_nested_branch_dag.py took 0.054 seconds
[2024-06-10 10:10:50,747] {scheduler_job.py:181} INFO - Started process (PID=68412) to work on /home/anhcu/Project/Stock_project/airflow_venv/lib/python3.8/site-packages/airflow/example_dags/example_nested_branch_dag.py
[2024-06-10 10:10:50,749] {scheduler_job.py:629} INFO - Processing file /home/anhcu/Project/Stock_project/airflow_venv/lib/python3.8/site-packages/airflow/example_dags/example_nested_branch_dag.py for tasks to queue
[2024-06-10 10:10:50,750] {logging_mixin.py:103} INFO - [2024-06-10 10:10:50,750] {dagbag.py:440} INFO - Filling up the DagBag from /home/anhcu/Project/Stock_project/airflow_venv/lib/python3.8/site-packages/airflow/example_dags/example_nested_branch_dag.py
[2024-06-10 10:10:50,759] {scheduler_job.py:639} INFO - DAG(s) dict_keys(['example_nested_branch_dag']) retrieved from /home/anhcu/Project/Stock_project/airflow_venv/lib/python3.8/site-packages/airflow/example_dags/example_nested_branch_dag.py
[2024-06-10 10:10:50,761] {logging_mixin.py:103} INFO - [2024-06-10 10:10:50,760] {dag.py:1813} INFO - Sync 1 DAGs
[2024-06-10 10:10:50,781] {logging_mixin.py:103} INFO - [2024-06-10 10:10:50,781] {dag.py:2266} INFO - Setting next_dagrun for example_nested_branch_dag to 2024-06-08 00:00:00+00:00
[2024-06-10 10:10:50,792] {scheduler_job.py:189} INFO - Processing /home/anhcu/Project/Stock_project/airflow_venv/lib/python3.8/site-packages/airflow/example_dags/example_nested_branch_dag.py took 0.049 seconds
[2024-06-10 10:11:20,012] {scheduler_job.py:181} INFO - Started process (PID=68641) to work on /home/anhcu/Project/Stock_project/airflow_venv/lib/python3.8/site-packages/airflow/example_dags/example_nested_branch_dag.py
[2024-06-10 10:11:20,014] {scheduler_job.py:629} INFO - Processing file /home/anhcu/Project/Stock_project/airflow_venv/lib/python3.8/site-packages/airflow/example_dags/example_nested_branch_dag.py for tasks to queue
[2024-06-10 10:11:20,016] {logging_mixin.py:103} INFO - [2024-06-10 10:11:20,015] {dagbag.py:440} INFO - Filling up the DagBag from /home/anhcu/Project/Stock_project/airflow_venv/lib/python3.8/site-packages/airflow/example_dags/example_nested_branch_dag.py
[2024-06-10 10:11:20,025] {scheduler_job.py:639} INFO - DAG(s) dict_keys(['example_nested_branch_dag']) retrieved from /home/anhcu/Project/Stock_project/airflow_venv/lib/python3.8/site-packages/airflow/example_dags/example_nested_branch_dag.py
[2024-06-10 10:11:20,026] {logging_mixin.py:103} INFO - [2024-06-10 10:11:20,026] {dag.py:1813} INFO - Sync 1 DAGs
[2024-06-10 10:11:20,055] {logging_mixin.py:103} INFO - [2024-06-10 10:11:20,055] {dag.py:2266} INFO - Setting next_dagrun for example_nested_branch_dag to 2024-06-08 00:00:00+00:00
[2024-06-10 10:11:20,068] {scheduler_job.py:189} INFO - Processing /home/anhcu/Project/Stock_project/airflow_venv/lib/python3.8/site-packages/airflow/example_dags/example_nested_branch_dag.py took 0.060 seconds
[2024-06-10 10:12:02,684] {scheduler_job.py:181} INFO - Started process (PID=68893) to work on /home/anhcu/Project/Stock_project/airflow_venv/lib/python3.8/site-packages/airflow/example_dags/example_nested_branch_dag.py
[2024-06-10 10:12:02,688] {scheduler_job.py:629} INFO - Processing file /home/anhcu/Project/Stock_project/airflow_venv/lib/python3.8/site-packages/airflow/example_dags/example_nested_branch_dag.py for tasks to queue
[2024-06-10 10:12:02,690] {logging_mixin.py:103} INFO - [2024-06-10 10:12:02,690] {dagbag.py:440} INFO - Filling up the DagBag from /home/anhcu/Project/Stock_project/airflow_venv/lib/python3.8/site-packages/airflow/example_dags/example_nested_branch_dag.py
[2024-06-10 10:12:02,708] {scheduler_job.py:639} INFO - DAG(s) dict_keys(['example_nested_branch_dag']) retrieved from /home/anhcu/Project/Stock_project/airflow_venv/lib/python3.8/site-packages/airflow/example_dags/example_nested_branch_dag.py
[2024-06-10 10:12:02,709] {logging_mixin.py:103} INFO - [2024-06-10 10:12:02,709] {dag.py:1813} INFO - Sync 1 DAGs
[2024-06-10 10:12:02,738] {logging_mixin.py:103} INFO - [2024-06-10 10:12:02,738] {dag.py:2266} INFO - Setting next_dagrun for example_nested_branch_dag to 2024-06-08 00:00:00+00:00
[2024-06-10 10:12:02,773] {scheduler_job.py:189} INFO - Processing /home/anhcu/Project/Stock_project/airflow_venv/lib/python3.8/site-packages/airflow/example_dags/example_nested_branch_dag.py took 0.093 seconds
[2024-06-10 10:12:34,863] {scheduler_job.py:181} INFO - Started process (PID=69115) to work on /home/anhcu/Project/Stock_project/airflow_venv/lib/python3.8/site-packages/airflow/example_dags/example_nested_branch_dag.py
[2024-06-10 10:12:34,864] {scheduler_job.py:629} INFO - Processing file /home/anhcu/Project/Stock_project/airflow_venv/lib/python3.8/site-packages/airflow/example_dags/example_nested_branch_dag.py for tasks to queue
[2024-06-10 10:12:34,865] {logging_mixin.py:103} INFO - [2024-06-10 10:12:34,865] {dagbag.py:440} INFO - Filling up the DagBag from /home/anhcu/Project/Stock_project/airflow_venv/lib/python3.8/site-packages/airflow/example_dags/example_nested_branch_dag.py
[2024-06-10 10:12:34,877] {scheduler_job.py:639} INFO - DAG(s) dict_keys(['example_nested_branch_dag']) retrieved from /home/anhcu/Project/Stock_project/airflow_venv/lib/python3.8/site-packages/airflow/example_dags/example_nested_branch_dag.py
[2024-06-10 10:12:34,878] {logging_mixin.py:103} INFO - [2024-06-10 10:12:34,878] {dag.py:1813} INFO - Sync 1 DAGs
[2024-06-10 10:12:34,896] {logging_mixin.py:103} INFO - [2024-06-10 10:12:34,896] {dag.py:2266} INFO - Setting next_dagrun for example_nested_branch_dag to 2024-06-08 00:00:00+00:00
[2024-06-10 10:12:34,910] {scheduler_job.py:189} INFO - Processing /home/anhcu/Project/Stock_project/airflow_venv/lib/python3.8/site-packages/airflow/example_dags/example_nested_branch_dag.py took 0.050 seconds
[2024-06-10 10:13:03,951] {scheduler_job.py:181} INFO - Started process (PID=69286) to work on /home/anhcu/Project/Stock_project/airflow_venv/lib/python3.8/site-packages/airflow/example_dags/example_nested_branch_dag.py
[2024-06-10 10:13:03,953] {scheduler_job.py:629} INFO - Processing file /home/anhcu/Project/Stock_project/airflow_venv/lib/python3.8/site-packages/airflow/example_dags/example_nested_branch_dag.py for tasks to queue
[2024-06-10 10:13:03,954] {logging_mixin.py:103} INFO - [2024-06-10 10:13:03,954] {dagbag.py:440} INFO - Filling up the DagBag from /home/anhcu/Project/Stock_project/airflow_venv/lib/python3.8/site-packages/airflow/example_dags/example_nested_branch_dag.py
[2024-06-10 10:13:03,967] {scheduler_job.py:639} INFO - DAG(s) dict_keys(['example_nested_branch_dag']) retrieved from /home/anhcu/Project/Stock_project/airflow_venv/lib/python3.8/site-packages/airflow/example_dags/example_nested_branch_dag.py
[2024-06-10 10:13:03,968] {logging_mixin.py:103} INFO - [2024-06-10 10:13:03,968] {dag.py:1813} INFO - Sync 1 DAGs
[2024-06-10 10:13:03,991] {logging_mixin.py:103} INFO - [2024-06-10 10:13:03,991] {dag.py:2266} INFO - Setting next_dagrun for example_nested_branch_dag to 2024-06-08 00:00:00+00:00
[2024-06-10 10:13:04,003] {scheduler_job.py:189} INFO - Processing /home/anhcu/Project/Stock_project/airflow_venv/lib/python3.8/site-packages/airflow/example_dags/example_nested_branch_dag.py took 0.056 seconds
[2024-06-10 10:13:33,607] {scheduler_job.py:181} INFO - Started process (PID=69442) to work on /home/anhcu/Project/Stock_project/airflow_venv/lib/python3.8/site-packages/airflow/example_dags/example_nested_branch_dag.py
[2024-06-10 10:13:33,608] {scheduler_job.py:629} INFO - Processing file /home/anhcu/Project/Stock_project/airflow_venv/lib/python3.8/site-packages/airflow/example_dags/example_nested_branch_dag.py for tasks to queue
[2024-06-10 10:13:33,609] {logging_mixin.py:103} INFO - [2024-06-10 10:13:33,609] {dagbag.py:440} INFO - Filling up the DagBag from /home/anhcu/Project/Stock_project/airflow_venv/lib/python3.8/site-packages/airflow/example_dags/example_nested_branch_dag.py
[2024-06-10 10:13:33,622] {scheduler_job.py:639} INFO - DAG(s) dict_keys(['example_nested_branch_dag']) retrieved from /home/anhcu/Project/Stock_project/airflow_venv/lib/python3.8/site-packages/airflow/example_dags/example_nested_branch_dag.py
[2024-06-10 10:13:33,623] {logging_mixin.py:103} INFO - [2024-06-10 10:13:33,623] {dag.py:1813} INFO - Sync 1 DAGs
[2024-06-10 10:13:33,645] {logging_mixin.py:103} INFO - [2024-06-10 10:13:33,645] {dag.py:2266} INFO - Setting next_dagrun for example_nested_branch_dag to 2024-06-08 00:00:00+00:00
[2024-06-10 10:13:33,657] {scheduler_job.py:189} INFO - Processing /home/anhcu/Project/Stock_project/airflow_venv/lib/python3.8/site-packages/airflow/example_dags/example_nested_branch_dag.py took 0.053 seconds
[2024-06-10 10:14:02,615] {scheduler_job.py:181} INFO - Started process (PID=69596) to work on /home/anhcu/Project/Stock_project/airflow_venv/lib/python3.8/site-packages/airflow/example_dags/example_nested_branch_dag.py
[2024-06-10 10:14:02,617] {scheduler_job.py:629} INFO - Processing file /home/anhcu/Project/Stock_project/airflow_venv/lib/python3.8/site-packages/airflow/example_dags/example_nested_branch_dag.py for tasks to queue
[2024-06-10 10:14:02,618] {logging_mixin.py:103} INFO - [2024-06-10 10:14:02,618] {dagbag.py:440} INFO - Filling up the DagBag from /home/anhcu/Project/Stock_project/airflow_venv/lib/python3.8/site-packages/airflow/example_dags/example_nested_branch_dag.py
[2024-06-10 10:14:02,631] {scheduler_job.py:639} INFO - DAG(s) dict_keys(['example_nested_branch_dag']) retrieved from /home/anhcu/Project/Stock_project/airflow_venv/lib/python3.8/site-packages/airflow/example_dags/example_nested_branch_dag.py
[2024-06-10 10:14:02,632] {logging_mixin.py:103} INFO - [2024-06-10 10:14:02,631] {dag.py:1813} INFO - Sync 1 DAGs
[2024-06-10 10:14:02,653] {logging_mixin.py:103} INFO - [2024-06-10 10:14:02,653] {dag.py:2266} INFO - Setting next_dagrun for example_nested_branch_dag to 2024-06-08 00:00:00+00:00
[2024-06-10 10:14:02,665] {scheduler_job.py:189} INFO - Processing /home/anhcu/Project/Stock_project/airflow_venv/lib/python3.8/site-packages/airflow/example_dags/example_nested_branch_dag.py took 0.053 seconds
[2024-06-10 10:14:31,865] {scheduler_job.py:181} INFO - Started process (PID=69755) to work on /home/anhcu/Project/Stock_project/airflow_venv/lib/python3.8/site-packages/airflow/example_dags/example_nested_branch_dag.py
[2024-06-10 10:14:31,866] {scheduler_job.py:629} INFO - Processing file /home/anhcu/Project/Stock_project/airflow_venv/lib/python3.8/site-packages/airflow/example_dags/example_nested_branch_dag.py for tasks to queue
[2024-06-10 10:14:31,867] {logging_mixin.py:103} INFO - [2024-06-10 10:14:31,866] {dagbag.py:440} INFO - Filling up the DagBag from /home/anhcu/Project/Stock_project/airflow_venv/lib/python3.8/site-packages/airflow/example_dags/example_nested_branch_dag.py
[2024-06-10 10:14:31,879] {scheduler_job.py:639} INFO - DAG(s) dict_keys(['example_nested_branch_dag']) retrieved from /home/anhcu/Project/Stock_project/airflow_venv/lib/python3.8/site-packages/airflow/example_dags/example_nested_branch_dag.py
[2024-06-10 10:14:31,880] {logging_mixin.py:103} INFO - [2024-06-10 10:14:31,880] {dag.py:1813} INFO - Sync 1 DAGs
[2024-06-10 10:14:31,903] {logging_mixin.py:103} INFO - [2024-06-10 10:14:31,903] {dag.py:2266} INFO - Setting next_dagrun for example_nested_branch_dag to 2024-06-08 00:00:00+00:00
[2024-06-10 10:14:31,915] {scheduler_job.py:189} INFO - Processing /home/anhcu/Project/Stock_project/airflow_venv/lib/python3.8/site-packages/airflow/example_dags/example_nested_branch_dag.py took 0.054 seconds
[2024-06-10 10:15:16,497] {scheduler_job.py:181} INFO - Started process (PID=69955) to work on /home/anhcu/Project/Stock_project/airflow_venv/lib/python3.8/site-packages/airflow/example_dags/example_nested_branch_dag.py
[2024-06-10 10:15:16,499] {scheduler_job.py:629} INFO - Processing file /home/anhcu/Project/Stock_project/airflow_venv/lib/python3.8/site-packages/airflow/example_dags/example_nested_branch_dag.py for tasks to queue
[2024-06-10 10:15:16,500] {logging_mixin.py:103} INFO - [2024-06-10 10:15:16,500] {dagbag.py:440} INFO - Filling up the DagBag from /home/anhcu/Project/Stock_project/airflow_venv/lib/python3.8/site-packages/airflow/example_dags/example_nested_branch_dag.py
[2024-06-10 10:15:16,515] {scheduler_job.py:639} INFO - DAG(s) dict_keys(['example_nested_branch_dag']) retrieved from /home/anhcu/Project/Stock_project/airflow_venv/lib/python3.8/site-packages/airflow/example_dags/example_nested_branch_dag.py
[2024-06-10 10:15:16,516] {logging_mixin.py:103} INFO - [2024-06-10 10:15:16,516] {dag.py:1813} INFO - Sync 1 DAGs
[2024-06-10 10:15:16,538] {logging_mixin.py:103} INFO - [2024-06-10 10:15:16,538] {dag.py:2266} INFO - Setting next_dagrun for example_nested_branch_dag to 2024-06-08 00:00:00+00:00
[2024-06-10 10:15:16,553] {scheduler_job.py:189} INFO - Processing /home/anhcu/Project/Stock_project/airflow_venv/lib/python3.8/site-packages/airflow/example_dags/example_nested_branch_dag.py took 0.060 seconds
[2024-06-10 10:15:47,832] {scheduler_job.py:181} INFO - Started process (PID=70179) to work on /home/anhcu/Project/Stock_project/airflow_venv/lib/python3.8/site-packages/airflow/example_dags/example_nested_branch_dag.py
[2024-06-10 10:15:47,833] {scheduler_job.py:629} INFO - Processing file /home/anhcu/Project/Stock_project/airflow_venv/lib/python3.8/site-packages/airflow/example_dags/example_nested_branch_dag.py for tasks to queue
[2024-06-10 10:15:47,834] {logging_mixin.py:103} INFO - [2024-06-10 10:15:47,834] {dagbag.py:440} INFO - Filling up the DagBag from /home/anhcu/Project/Stock_project/airflow_venv/lib/python3.8/site-packages/airflow/example_dags/example_nested_branch_dag.py
[2024-06-10 10:15:47,848] {scheduler_job.py:639} INFO - DAG(s) dict_keys(['example_nested_branch_dag']) retrieved from /home/anhcu/Project/Stock_project/airflow_venv/lib/python3.8/site-packages/airflow/example_dags/example_nested_branch_dag.py
[2024-06-10 10:15:47,849] {logging_mixin.py:103} INFO - [2024-06-10 10:15:47,849] {dag.py:1813} INFO - Sync 1 DAGs
[2024-06-10 10:15:47,871] {logging_mixin.py:103} INFO - [2024-06-10 10:15:47,871] {dag.py:2266} INFO - Setting next_dagrun for example_nested_branch_dag to 2024-06-08 00:00:00+00:00
[2024-06-10 10:15:47,884] {scheduler_job.py:189} INFO - Processing /home/anhcu/Project/Stock_project/airflow_venv/lib/python3.8/site-packages/airflow/example_dags/example_nested_branch_dag.py took 0.056 seconds
[2024-06-10 10:16:16,879] {scheduler_job.py:181} INFO - Started process (PID=70373) to work on /home/anhcu/Project/Stock_project/airflow_venv/lib/python3.8/site-packages/airflow/example_dags/example_nested_branch_dag.py
[2024-06-10 10:16:16,880] {scheduler_job.py:629} INFO - Processing file /home/anhcu/Project/Stock_project/airflow_venv/lib/python3.8/site-packages/airflow/example_dags/example_nested_branch_dag.py for tasks to queue
[2024-06-10 10:16:16,881] {logging_mixin.py:103} INFO - [2024-06-10 10:16:16,881] {dagbag.py:440} INFO - Filling up the DagBag from /home/anhcu/Project/Stock_project/airflow_venv/lib/python3.8/site-packages/airflow/example_dags/example_nested_branch_dag.py
[2024-06-10 10:16:16,893] {scheduler_job.py:639} INFO - DAG(s) dict_keys(['example_nested_branch_dag']) retrieved from /home/anhcu/Project/Stock_project/airflow_venv/lib/python3.8/site-packages/airflow/example_dags/example_nested_branch_dag.py
[2024-06-10 10:16:16,894] {logging_mixin.py:103} INFO - [2024-06-10 10:16:16,894] {dag.py:1813} INFO - Sync 1 DAGs
[2024-06-10 10:16:16,917] {logging_mixin.py:103} INFO - [2024-06-10 10:16:16,917] {dag.py:2266} INFO - Setting next_dagrun for example_nested_branch_dag to 2024-06-08 00:00:00+00:00
[2024-06-10 10:16:16,929] {scheduler_job.py:189} INFO - Processing /home/anhcu/Project/Stock_project/airflow_venv/lib/python3.8/site-packages/airflow/example_dags/example_nested_branch_dag.py took 0.053 seconds
[2024-06-10 10:16:46,503] {scheduler_job.py:181} INFO - Started process (PID=70605) to work on /home/anhcu/Project/Stock_project/airflow_venv/lib/python3.8/site-packages/airflow/example_dags/example_nested_branch_dag.py
[2024-06-10 10:16:46,505] {scheduler_job.py:629} INFO - Processing file /home/anhcu/Project/Stock_project/airflow_venv/lib/python3.8/site-packages/airflow/example_dags/example_nested_branch_dag.py for tasks to queue
[2024-06-10 10:16:46,505] {logging_mixin.py:103} INFO - [2024-06-10 10:16:46,505] {dagbag.py:440} INFO - Filling up the DagBag from /home/anhcu/Project/Stock_project/airflow_venv/lib/python3.8/site-packages/airflow/example_dags/example_nested_branch_dag.py
[2024-06-10 10:16:46,518] {scheduler_job.py:639} INFO - DAG(s) dict_keys(['example_nested_branch_dag']) retrieved from /home/anhcu/Project/Stock_project/airflow_venv/lib/python3.8/site-packages/airflow/example_dags/example_nested_branch_dag.py
[2024-06-10 10:16:46,519] {logging_mixin.py:103} INFO - [2024-06-10 10:16:46,519] {dag.py:1813} INFO - Sync 1 DAGs
[2024-06-10 10:16:46,541] {logging_mixin.py:103} INFO - [2024-06-10 10:16:46,541] {dag.py:2266} INFO - Setting next_dagrun for example_nested_branch_dag to 2024-06-08 00:00:00+00:00
[2024-06-10 10:16:46,553] {scheduler_job.py:189} INFO - Processing /home/anhcu/Project/Stock_project/airflow_venv/lib/python3.8/site-packages/airflow/example_dags/example_nested_branch_dag.py took 0.053 seconds
[2024-06-10 10:17:16,137] {scheduler_job.py:181} INFO - Started process (PID=70871) to work on /home/anhcu/Project/Stock_project/airflow_venv/lib/python3.8/site-packages/airflow/example_dags/example_nested_branch_dag.py
[2024-06-10 10:17:16,138] {scheduler_job.py:629} INFO - Processing file /home/anhcu/Project/Stock_project/airflow_venv/lib/python3.8/site-packages/airflow/example_dags/example_nested_branch_dag.py for tasks to queue
[2024-06-10 10:17:16,139] {logging_mixin.py:103} INFO - [2024-06-10 10:17:16,139] {dagbag.py:440} INFO - Filling up the DagBag from /home/anhcu/Project/Stock_project/airflow_venv/lib/python3.8/site-packages/airflow/example_dags/example_nested_branch_dag.py
[2024-06-10 10:17:16,151] {scheduler_job.py:639} INFO - DAG(s) dict_keys(['example_nested_branch_dag']) retrieved from /home/anhcu/Project/Stock_project/airflow_venv/lib/python3.8/site-packages/airflow/example_dags/example_nested_branch_dag.py
[2024-06-10 10:17:16,152] {logging_mixin.py:103} INFO - [2024-06-10 10:17:16,152] {dag.py:1813} INFO - Sync 1 DAGs
[2024-06-10 10:17:16,174] {logging_mixin.py:103} INFO - [2024-06-10 10:17:16,174] {dag.py:2266} INFO - Setting next_dagrun for example_nested_branch_dag to 2024-06-08 00:00:00+00:00
[2024-06-10 10:17:16,186] {scheduler_job.py:189} INFO - Processing /home/anhcu/Project/Stock_project/airflow_venv/lib/python3.8/site-packages/airflow/example_dags/example_nested_branch_dag.py took 0.052 seconds
[2024-06-10 10:17:46,880] {scheduler_job.py:181} INFO - Started process (PID=71027) to work on /home/anhcu/Project/Stock_project/airflow_venv/lib/python3.8/site-packages/airflow/example_dags/example_nested_branch_dag.py
[2024-06-10 10:17:46,882] {scheduler_job.py:629} INFO - Processing file /home/anhcu/Project/Stock_project/airflow_venv/lib/python3.8/site-packages/airflow/example_dags/example_nested_branch_dag.py for tasks to queue
[2024-06-10 10:17:46,883] {logging_mixin.py:103} INFO - [2024-06-10 10:17:46,883] {dagbag.py:440} INFO - Filling up the DagBag from /home/anhcu/Project/Stock_project/airflow_venv/lib/python3.8/site-packages/airflow/example_dags/example_nested_branch_dag.py
[2024-06-10 10:17:46,897] {scheduler_job.py:639} INFO - DAG(s) dict_keys(['example_nested_branch_dag']) retrieved from /home/anhcu/Project/Stock_project/airflow_venv/lib/python3.8/site-packages/airflow/example_dags/example_nested_branch_dag.py
[2024-06-10 10:17:46,898] {logging_mixin.py:103} INFO - [2024-06-10 10:17:46,898] {dag.py:1813} INFO - Sync 1 DAGs
[2024-06-10 10:17:46,923] {logging_mixin.py:103} INFO - [2024-06-10 10:17:46,922] {dag.py:2266} INFO - Setting next_dagrun for example_nested_branch_dag to 2024-06-08 00:00:00+00:00
[2024-06-10 10:17:46,936] {scheduler_job.py:189} INFO - Processing /home/anhcu/Project/Stock_project/airflow_venv/lib/python3.8/site-packages/airflow/example_dags/example_nested_branch_dag.py took 0.060 seconds
[2024-06-10 10:18:17,037] {scheduler_job.py:181} INFO - Started process (PID=71262) to work on /home/anhcu/Project/Stock_project/airflow_venv/lib/python3.8/site-packages/airflow/example_dags/example_nested_branch_dag.py
[2024-06-10 10:18:17,039] {scheduler_job.py:629} INFO - Processing file /home/anhcu/Project/Stock_project/airflow_venv/lib/python3.8/site-packages/airflow/example_dags/example_nested_branch_dag.py for tasks to queue
[2024-06-10 10:18:17,040] {logging_mixin.py:103} INFO - [2024-06-10 10:18:17,040] {dagbag.py:440} INFO - Filling up the DagBag from /home/anhcu/Project/Stock_project/airflow_venv/lib/python3.8/site-packages/airflow/example_dags/example_nested_branch_dag.py
[2024-06-10 10:18:17,052] {scheduler_job.py:639} INFO - DAG(s) dict_keys(['example_nested_branch_dag']) retrieved from /home/anhcu/Project/Stock_project/airflow_venv/lib/python3.8/site-packages/airflow/example_dags/example_nested_branch_dag.py
[2024-06-10 10:18:17,054] {logging_mixin.py:103} INFO - [2024-06-10 10:18:17,053] {dag.py:1813} INFO - Sync 1 DAGs
[2024-06-10 10:18:17,076] {logging_mixin.py:103} INFO - [2024-06-10 10:18:17,076] {dag.py:2266} INFO - Setting next_dagrun for example_nested_branch_dag to 2024-06-08 00:00:00+00:00
[2024-06-10 10:18:17,088] {scheduler_job.py:189} INFO - Processing /home/anhcu/Project/Stock_project/airflow_venv/lib/python3.8/site-packages/airflow/example_dags/example_nested_branch_dag.py took 0.054 seconds
[2024-06-10 10:18:48,461] {scheduler_job.py:181} INFO - Started process (PID=71692) to work on /home/anhcu/Project/Stock_project/airflow_venv/lib/python3.8/site-packages/airflow/example_dags/example_nested_branch_dag.py
[2024-06-10 10:18:48,463] {scheduler_job.py:629} INFO - Processing file /home/anhcu/Project/Stock_project/airflow_venv/lib/python3.8/site-packages/airflow/example_dags/example_nested_branch_dag.py for tasks to queue
[2024-06-10 10:18:48,464] {logging_mixin.py:103} INFO - [2024-06-10 10:18:48,464] {dagbag.py:440} INFO - Filling up the DagBag from /home/anhcu/Project/Stock_project/airflow_venv/lib/python3.8/site-packages/airflow/example_dags/example_nested_branch_dag.py
[2024-06-10 10:18:48,476] {scheduler_job.py:639} INFO - DAG(s) dict_keys(['example_nested_branch_dag']) retrieved from /home/anhcu/Project/Stock_project/airflow_venv/lib/python3.8/site-packages/airflow/example_dags/example_nested_branch_dag.py
[2024-06-10 10:18:48,477] {logging_mixin.py:103} INFO - [2024-06-10 10:18:48,477] {dag.py:1813} INFO - Sync 1 DAGs
[2024-06-10 10:18:48,499] {logging_mixin.py:103} INFO - [2024-06-10 10:18:48,498] {dag.py:2266} INFO - Setting next_dagrun for example_nested_branch_dag to 2024-06-08 00:00:00+00:00
[2024-06-10 10:18:48,514] {scheduler_job.py:189} INFO - Processing /home/anhcu/Project/Stock_project/airflow_venv/lib/python3.8/site-packages/airflow/example_dags/example_nested_branch_dag.py took 0.057 seconds
[2024-06-10 10:19:17,788] {scheduler_job.py:181} INFO - Started process (PID=71884) to work on /home/anhcu/Project/Stock_project/airflow_venv/lib/python3.8/site-packages/airflow/example_dags/example_nested_branch_dag.py
[2024-06-10 10:19:17,790] {scheduler_job.py:629} INFO - Processing file /home/anhcu/Project/Stock_project/airflow_venv/lib/python3.8/site-packages/airflow/example_dags/example_nested_branch_dag.py for tasks to queue
[2024-06-10 10:19:17,791] {logging_mixin.py:103} INFO - [2024-06-10 10:19:17,791] {dagbag.py:440} INFO - Filling up the DagBag from /home/anhcu/Project/Stock_project/airflow_venv/lib/python3.8/site-packages/airflow/example_dags/example_nested_branch_dag.py
[2024-06-10 10:19:17,803] {scheduler_job.py:639} INFO - DAG(s) dict_keys(['example_nested_branch_dag']) retrieved from /home/anhcu/Project/Stock_project/airflow_venv/lib/python3.8/site-packages/airflow/example_dags/example_nested_branch_dag.py
[2024-06-10 10:19:17,804] {logging_mixin.py:103} INFO - [2024-06-10 10:19:17,804] {dag.py:1813} INFO - Sync 1 DAGs
[2024-06-10 10:19:17,826] {logging_mixin.py:103} INFO - [2024-06-10 10:19:17,826] {dag.py:2266} INFO - Setting next_dagrun for example_nested_branch_dag to 2024-06-08 00:00:00+00:00
[2024-06-10 10:19:17,838] {scheduler_job.py:189} INFO - Processing /home/anhcu/Project/Stock_project/airflow_venv/lib/python3.8/site-packages/airflow/example_dags/example_nested_branch_dag.py took 0.053 seconds
[2024-06-10 10:19:59,090] {scheduler_job.py:181} INFO - Started process (PID=72282) to work on /home/anhcu/Project/Stock_project/airflow_venv/lib/python3.8/site-packages/airflow/example_dags/example_nested_branch_dag.py
[2024-06-10 10:19:59,092] {scheduler_job.py:629} INFO - Processing file /home/anhcu/Project/Stock_project/airflow_venv/lib/python3.8/site-packages/airflow/example_dags/example_nested_branch_dag.py for tasks to queue
[2024-06-10 10:19:59,094] {logging_mixin.py:103} INFO - [2024-06-10 10:19:59,094] {dagbag.py:440} INFO - Filling up the DagBag from /home/anhcu/Project/Stock_project/airflow_venv/lib/python3.8/site-packages/airflow/example_dags/example_nested_branch_dag.py
[2024-06-10 10:19:59,114] {scheduler_job.py:639} INFO - DAG(s) dict_keys(['example_nested_branch_dag']) retrieved from /home/anhcu/Project/Stock_project/airflow_venv/lib/python3.8/site-packages/airflow/example_dags/example_nested_branch_dag.py
[2024-06-10 10:19:59,116] {logging_mixin.py:103} INFO - [2024-06-10 10:19:59,116] {dag.py:1813} INFO - Sync 1 DAGs
[2024-06-10 10:19:59,149] {logging_mixin.py:103} INFO - [2024-06-10 10:19:59,149] {dag.py:2266} INFO - Setting next_dagrun for example_nested_branch_dag to 2024-06-08 00:00:00+00:00
[2024-06-10 10:19:59,167] {scheduler_job.py:189} INFO - Processing /home/anhcu/Project/Stock_project/airflow_venv/lib/python3.8/site-packages/airflow/example_dags/example_nested_branch_dag.py took 0.082 seconds
[2024-06-10 10:20:27,675] {scheduler_job.py:181} INFO - Started process (PID=72517) to work on /home/anhcu/Project/Stock_project/airflow_venv/lib/python3.8/site-packages/airflow/example_dags/example_nested_branch_dag.py
[2024-06-10 10:20:27,676] {scheduler_job.py:629} INFO - Processing file /home/anhcu/Project/Stock_project/airflow_venv/lib/python3.8/site-packages/airflow/example_dags/example_nested_branch_dag.py for tasks to queue
[2024-06-10 10:20:27,678] {logging_mixin.py:103} INFO - [2024-06-10 10:20:27,678] {dagbag.py:440} INFO - Filling up the DagBag from /home/anhcu/Project/Stock_project/airflow_venv/lib/python3.8/site-packages/airflow/example_dags/example_nested_branch_dag.py
[2024-06-10 10:20:27,695] {scheduler_job.py:639} INFO - DAG(s) dict_keys(['example_nested_branch_dag']) retrieved from /home/anhcu/Project/Stock_project/airflow_venv/lib/python3.8/site-packages/airflow/example_dags/example_nested_branch_dag.py
[2024-06-10 10:20:27,697] {logging_mixin.py:103} INFO - [2024-06-10 10:20:27,697] {dag.py:1813} INFO - Sync 1 DAGs
[2024-06-10 10:20:27,728] {logging_mixin.py:103} INFO - [2024-06-10 10:20:27,728] {dag.py:2266} INFO - Setting next_dagrun for example_nested_branch_dag to 2024-06-08 00:00:00+00:00
[2024-06-10 10:20:27,746] {scheduler_job.py:189} INFO - Processing /home/anhcu/Project/Stock_project/airflow_venv/lib/python3.8/site-packages/airflow/example_dags/example_nested_branch_dag.py took 0.075 seconds
[2024-06-10 10:20:59,102] {scheduler_job.py:181} INFO - Started process (PID=72767) to work on /home/anhcu/Project/Stock_project/airflow_venv/lib/python3.8/site-packages/airflow/example_dags/example_nested_branch_dag.py
[2024-06-10 10:20:59,104] {scheduler_job.py:629} INFO - Processing file /home/anhcu/Project/Stock_project/airflow_venv/lib/python3.8/site-packages/airflow/example_dags/example_nested_branch_dag.py for tasks to queue
[2024-06-10 10:20:59,105] {logging_mixin.py:103} INFO - [2024-06-10 10:20:59,105] {dagbag.py:440} INFO - Filling up the DagBag from /home/anhcu/Project/Stock_project/airflow_venv/lib/python3.8/site-packages/airflow/example_dags/example_nested_branch_dag.py
[2024-06-10 10:20:59,126] {scheduler_job.py:639} INFO - DAG(s) dict_keys(['example_nested_branch_dag']) retrieved from /home/anhcu/Project/Stock_project/airflow_venv/lib/python3.8/site-packages/airflow/example_dags/example_nested_branch_dag.py
[2024-06-10 10:20:59,127] {logging_mixin.py:103} INFO - [2024-06-10 10:20:59,127] {dag.py:1813} INFO - Sync 1 DAGs
[2024-06-10 10:20:59,156] {logging_mixin.py:103} INFO - [2024-06-10 10:20:59,156] {dag.py:2266} INFO - Setting next_dagrun for example_nested_branch_dag to 2024-06-08 00:00:00+00:00
[2024-06-10 10:20:59,173] {scheduler_job.py:189} INFO - Processing /home/anhcu/Project/Stock_project/airflow_venv/lib/python3.8/site-packages/airflow/example_dags/example_nested_branch_dag.py took 0.075 seconds
[2024-06-10 10:21:30,099] {scheduler_job.py:181} INFO - Started process (PID=72921) to work on /home/anhcu/Project/Stock_project/airflow_venv/lib/python3.8/site-packages/airflow/example_dags/example_nested_branch_dag.py
[2024-06-10 10:21:30,101] {scheduler_job.py:629} INFO - Processing file /home/anhcu/Project/Stock_project/airflow_venv/lib/python3.8/site-packages/airflow/example_dags/example_nested_branch_dag.py for tasks to queue
[2024-06-10 10:21:30,102] {logging_mixin.py:103} INFO - [2024-06-10 10:21:30,102] {dagbag.py:440} INFO - Filling up the DagBag from /home/anhcu/Project/Stock_project/airflow_venv/lib/python3.8/site-packages/airflow/example_dags/example_nested_branch_dag.py
[2024-06-10 10:21:30,123] {scheduler_job.py:639} INFO - DAG(s) dict_keys(['example_nested_branch_dag']) retrieved from /home/anhcu/Project/Stock_project/airflow_venv/lib/python3.8/site-packages/airflow/example_dags/example_nested_branch_dag.py
[2024-06-10 10:21:30,124] {logging_mixin.py:103} INFO - [2024-06-10 10:21:30,124] {dag.py:1813} INFO - Sync 1 DAGs
[2024-06-10 10:21:30,153] {logging_mixin.py:103} INFO - [2024-06-10 10:21:30,153] {dag.py:2266} INFO - Setting next_dagrun for example_nested_branch_dag to 2024-06-08 00:00:00+00:00
[2024-06-10 10:21:30,170] {scheduler_job.py:189} INFO - Processing /home/anhcu/Project/Stock_project/airflow_venv/lib/python3.8/site-packages/airflow/example_dags/example_nested_branch_dag.py took 0.076 seconds
[2024-06-10 10:21:58,779] {scheduler_job.py:181} INFO - Started process (PID=73138) to work on /home/anhcu/Project/Stock_project/airflow_venv/lib/python3.8/site-packages/airflow/example_dags/example_nested_branch_dag.py
[2024-06-10 10:21:58,781] {scheduler_job.py:629} INFO - Processing file /home/anhcu/Project/Stock_project/airflow_venv/lib/python3.8/site-packages/airflow/example_dags/example_nested_branch_dag.py for tasks to queue
[2024-06-10 10:21:58,781] {logging_mixin.py:103} INFO - [2024-06-10 10:21:58,781] {dagbag.py:440} INFO - Filling up the DagBag from /home/anhcu/Project/Stock_project/airflow_venv/lib/python3.8/site-packages/airflow/example_dags/example_nested_branch_dag.py
[2024-06-10 10:21:58,796] {scheduler_job.py:639} INFO - DAG(s) dict_keys(['example_nested_branch_dag']) retrieved from /home/anhcu/Project/Stock_project/airflow_venv/lib/python3.8/site-packages/airflow/example_dags/example_nested_branch_dag.py
[2024-06-10 10:21:58,797] {logging_mixin.py:103} INFO - [2024-06-10 10:21:58,797] {dag.py:1813} INFO - Sync 1 DAGs
[2024-06-10 10:21:58,817] {logging_mixin.py:103} INFO - [2024-06-10 10:21:58,817] {dag.py:2266} INFO - Setting next_dagrun for example_nested_branch_dag to 2024-06-08 00:00:00+00:00
[2024-06-10 10:21:58,829] {scheduler_job.py:189} INFO - Processing /home/anhcu/Project/Stock_project/airflow_venv/lib/python3.8/site-packages/airflow/example_dags/example_nested_branch_dag.py took 0.054 seconds
[2024-06-10 10:22:28,107] {scheduler_job.py:181} INFO - Started process (PID=73294) to work on /home/anhcu/Project/Stock_project/airflow_venv/lib/python3.8/site-packages/airflow/example_dags/example_nested_branch_dag.py
[2024-06-10 10:22:28,119] {scheduler_job.py:629} INFO - Processing file /home/anhcu/Project/Stock_project/airflow_venv/lib/python3.8/site-packages/airflow/example_dags/example_nested_branch_dag.py for tasks to queue
[2024-06-10 10:22:28,123] {logging_mixin.py:103} INFO - [2024-06-10 10:22:28,122] {dagbag.py:440} INFO - Filling up the DagBag from /home/anhcu/Project/Stock_project/airflow_venv/lib/python3.8/site-packages/airflow/example_dags/example_nested_branch_dag.py
[2024-06-10 10:22:28,161] {scheduler_job.py:639} INFO - DAG(s) dict_keys(['example_nested_branch_dag']) retrieved from /home/anhcu/Project/Stock_project/airflow_venv/lib/python3.8/site-packages/airflow/example_dags/example_nested_branch_dag.py
[2024-06-10 10:22:28,171] {logging_mixin.py:103} INFO - [2024-06-10 10:22:28,171] {dag.py:1813} INFO - Sync 1 DAGs
[2024-06-10 10:22:28,200] {logging_mixin.py:103} INFO - [2024-06-10 10:22:28,200] {dag.py:2266} INFO - Setting next_dagrun for example_nested_branch_dag to 2024-06-08 00:00:00+00:00
[2024-06-10 10:22:28,215] {scheduler_job.py:189} INFO - Processing /home/anhcu/Project/Stock_project/airflow_venv/lib/python3.8/site-packages/airflow/example_dags/example_nested_branch_dag.py took 0.112 seconds
[2024-06-10 10:22:55,281] {scheduler_job.py:181} INFO - Started process (PID=73484) to work on /home/anhcu/Project/Stock_project/airflow_venv/lib/python3.8/site-packages/airflow/example_dags/example_nested_branch_dag.py
[2024-06-10 10:22:55,285] {scheduler_job.py:629} INFO - Processing file /home/anhcu/Project/Stock_project/airflow_venv/lib/python3.8/site-packages/airflow/example_dags/example_nested_branch_dag.py for tasks to queue
[2024-06-10 10:22:55,285] {logging_mixin.py:103} INFO - [2024-06-10 10:22:55,285] {dagbag.py:440} INFO - Filling up the DagBag from /home/anhcu/Project/Stock_project/airflow_venv/lib/python3.8/site-packages/airflow/example_dags/example_nested_branch_dag.py
[2024-06-10 10:22:55,302] {scheduler_job.py:639} INFO - DAG(s) dict_keys(['example_nested_branch_dag']) retrieved from /home/anhcu/Project/Stock_project/airflow_venv/lib/python3.8/site-packages/airflow/example_dags/example_nested_branch_dag.py
[2024-06-10 10:22:55,303] {logging_mixin.py:103} INFO - [2024-06-10 10:22:55,303] {dag.py:1813} INFO - Sync 1 DAGs
[2024-06-10 10:22:55,327] {logging_mixin.py:103} INFO - [2024-06-10 10:22:55,327] {dag.py:2266} INFO - Setting next_dagrun for example_nested_branch_dag to 2024-06-08 00:00:00+00:00
[2024-06-10 10:22:55,339] {scheduler_job.py:189} INFO - Processing /home/anhcu/Project/Stock_project/airflow_venv/lib/python3.8/site-packages/airflow/example_dags/example_nested_branch_dag.py took 0.062 seconds
[2024-06-10 10:23:47,231] {scheduler_job.py:181} INFO - Started process (PID=74172) to work on /home/anhcu/Project/Stock_project/airflow_venv/lib/python3.8/site-packages/airflow/example_dags/example_nested_branch_dag.py
[2024-06-10 10:23:47,236] {scheduler_job.py:629} INFO - Processing file /home/anhcu/Project/Stock_project/airflow_venv/lib/python3.8/site-packages/airflow/example_dags/example_nested_branch_dag.py for tasks to queue
[2024-06-10 10:23:47,236] {logging_mixin.py:103} INFO - [2024-06-10 10:23:47,236] {dagbag.py:440} INFO - Filling up the DagBag from /home/anhcu/Project/Stock_project/airflow_venv/lib/python3.8/site-packages/airflow/example_dags/example_nested_branch_dag.py
[2024-06-10 10:23:47,256] {scheduler_job.py:639} INFO - DAG(s) dict_keys(['example_nested_branch_dag']) retrieved from /home/anhcu/Project/Stock_project/airflow_venv/lib/python3.8/site-packages/airflow/example_dags/example_nested_branch_dag.py
[2024-06-10 10:23:47,257] {logging_mixin.py:103} INFO - [2024-06-10 10:23:47,257] {dag.py:1813} INFO - Sync 1 DAGs
[2024-06-10 10:23:47,293] {logging_mixin.py:103} INFO - [2024-06-10 10:23:47,293] {dag.py:2266} INFO - Setting next_dagrun for example_nested_branch_dag to 2024-06-08 00:00:00+00:00
[2024-06-10 10:23:47,308] {scheduler_job.py:189} INFO - Processing /home/anhcu/Project/Stock_project/airflow_venv/lib/python3.8/site-packages/airflow/example_dags/example_nested_branch_dag.py took 0.080 seconds
[2024-06-10 10:24:16,999] {scheduler_job.py:181} INFO - Started process (PID=74440) to work on /home/anhcu/Project/Stock_project/airflow_venv/lib/python3.8/site-packages/airflow/example_dags/example_nested_branch_dag.py
[2024-06-10 10:24:17,003] {scheduler_job.py:629} INFO - Processing file /home/anhcu/Project/Stock_project/airflow_venv/lib/python3.8/site-packages/airflow/example_dags/example_nested_branch_dag.py for tasks to queue
[2024-06-10 10:24:17,004] {logging_mixin.py:103} INFO - [2024-06-10 10:24:17,004] {dagbag.py:440} INFO - Filling up the DagBag from /home/anhcu/Project/Stock_project/airflow_venv/lib/python3.8/site-packages/airflow/example_dags/example_nested_branch_dag.py
[2024-06-10 10:24:17,015] {scheduler_job.py:639} INFO - DAG(s) dict_keys(['example_nested_branch_dag']) retrieved from /home/anhcu/Project/Stock_project/airflow_venv/lib/python3.8/site-packages/airflow/example_dags/example_nested_branch_dag.py
[2024-06-10 10:24:17,016] {logging_mixin.py:103} INFO - [2024-06-10 10:24:17,016] {dag.py:1813} INFO - Sync 1 DAGs
[2024-06-10 10:24:17,037] {logging_mixin.py:103} INFO - [2024-06-10 10:24:17,037] {dag.py:2266} INFO - Setting next_dagrun for example_nested_branch_dag to 2024-06-08 00:00:00+00:00
[2024-06-10 10:24:17,049] {scheduler_job.py:189} INFO - Processing /home/anhcu/Project/Stock_project/airflow_venv/lib/python3.8/site-packages/airflow/example_dags/example_nested_branch_dag.py took 0.054 seconds
[2024-06-10 10:24:47,838] {scheduler_job.py:181} INFO - Started process (PID=74786) to work on /home/anhcu/Project/Stock_project/airflow_venv/lib/python3.8/site-packages/airflow/example_dags/example_nested_branch_dag.py
[2024-06-10 10:24:47,840] {scheduler_job.py:629} INFO - Processing file /home/anhcu/Project/Stock_project/airflow_venv/lib/python3.8/site-packages/airflow/example_dags/example_nested_branch_dag.py for tasks to queue
[2024-06-10 10:24:47,841] {logging_mixin.py:103} INFO - [2024-06-10 10:24:47,840] {dagbag.py:440} INFO - Filling up the DagBag from /home/anhcu/Project/Stock_project/airflow_venv/lib/python3.8/site-packages/airflow/example_dags/example_nested_branch_dag.py
[2024-06-10 10:24:47,853] {scheduler_job.py:639} INFO - DAG(s) dict_keys(['example_nested_branch_dag']) retrieved from /home/anhcu/Project/Stock_project/airflow_venv/lib/python3.8/site-packages/airflow/example_dags/example_nested_branch_dag.py
[2024-06-10 10:24:47,854] {logging_mixin.py:103} INFO - [2024-06-10 10:24:47,854] {dag.py:1813} INFO - Sync 1 DAGs
[2024-06-10 10:24:47,876] {logging_mixin.py:103} INFO - [2024-06-10 10:24:47,876] {dag.py:2266} INFO - Setting next_dagrun for example_nested_branch_dag to 2024-06-08 00:00:00+00:00
[2024-06-10 10:24:47,888] {scheduler_job.py:189} INFO - Processing /home/anhcu/Project/Stock_project/airflow_venv/lib/python3.8/site-packages/airflow/example_dags/example_nested_branch_dag.py took 0.053 seconds
[2024-06-10 10:25:18,309] {scheduler_job.py:181} INFO - Started process (PID=75243) to work on /home/anhcu/Project/Stock_project/airflow_venv/lib/python3.8/site-packages/airflow/example_dags/example_nested_branch_dag.py
[2024-06-10 10:25:18,310] {scheduler_job.py:629} INFO - Processing file /home/anhcu/Project/Stock_project/airflow_venv/lib/python3.8/site-packages/airflow/example_dags/example_nested_branch_dag.py for tasks to queue
[2024-06-10 10:25:18,311] {logging_mixin.py:103} INFO - [2024-06-10 10:25:18,310] {dagbag.py:440} INFO - Filling up the DagBag from /home/anhcu/Project/Stock_project/airflow_venv/lib/python3.8/site-packages/airflow/example_dags/example_nested_branch_dag.py
[2024-06-10 10:25:18,323] {scheduler_job.py:639} INFO - DAG(s) dict_keys(['example_nested_branch_dag']) retrieved from /home/anhcu/Project/Stock_project/airflow_venv/lib/python3.8/site-packages/airflow/example_dags/example_nested_branch_dag.py
[2024-06-10 10:25:18,324] {logging_mixin.py:103} INFO - [2024-06-10 10:25:18,324] {dag.py:1813} INFO - Sync 1 DAGs
[2024-06-10 10:25:18,345] {logging_mixin.py:103} INFO - [2024-06-10 10:25:18,345] {dag.py:2266} INFO - Setting next_dagrun for example_nested_branch_dag to 2024-06-08 00:00:00+00:00
[2024-06-10 10:25:18,357] {scheduler_job.py:189} INFO - Processing /home/anhcu/Project/Stock_project/airflow_venv/lib/python3.8/site-packages/airflow/example_dags/example_nested_branch_dag.py took 0.051 seconds
[2024-06-10 10:25:49,199] {scheduler_job.py:181} INFO - Started process (PID=75514) to work on /home/anhcu/Project/Stock_project/airflow_venv/lib/python3.8/site-packages/airflow/example_dags/example_nested_branch_dag.py
[2024-06-10 10:25:49,201] {scheduler_job.py:629} INFO - Processing file /home/anhcu/Project/Stock_project/airflow_venv/lib/python3.8/site-packages/airflow/example_dags/example_nested_branch_dag.py for tasks to queue
[2024-06-10 10:25:49,201] {logging_mixin.py:103} INFO - [2024-06-10 10:25:49,201] {dagbag.py:440} INFO - Filling up the DagBag from /home/anhcu/Project/Stock_project/airflow_venv/lib/python3.8/site-packages/airflow/example_dags/example_nested_branch_dag.py
[2024-06-10 10:25:49,214] {scheduler_job.py:639} INFO - DAG(s) dict_keys(['example_nested_branch_dag']) retrieved from /home/anhcu/Project/Stock_project/airflow_venv/lib/python3.8/site-packages/airflow/example_dags/example_nested_branch_dag.py
[2024-06-10 10:25:49,215] {logging_mixin.py:103} INFO - [2024-06-10 10:25:49,215] {dag.py:1813} INFO - Sync 1 DAGs
[2024-06-10 10:25:49,236] {logging_mixin.py:103} INFO - [2024-06-10 10:25:49,236] {dag.py:2266} INFO - Setting next_dagrun for example_nested_branch_dag to 2024-06-08 00:00:00+00:00
[2024-06-10 10:25:49,248] {scheduler_job.py:189} INFO - Processing /home/anhcu/Project/Stock_project/airflow_venv/lib/python3.8/site-packages/airflow/example_dags/example_nested_branch_dag.py took 0.052 seconds
[2024-06-10 10:26:17,149] {scheduler_job.py:181} INFO - Started process (PID=75746) to work on /home/anhcu/Project/Stock_project/airflow_venv/lib/python3.8/site-packages/airflow/example_dags/example_nested_branch_dag.py
[2024-06-10 10:26:17,151] {scheduler_job.py:629} INFO - Processing file /home/anhcu/Project/Stock_project/airflow_venv/lib/python3.8/site-packages/airflow/example_dags/example_nested_branch_dag.py for tasks to queue
[2024-06-10 10:26:17,152] {logging_mixin.py:103} INFO - [2024-06-10 10:26:17,152] {dagbag.py:440} INFO - Filling up the DagBag from /home/anhcu/Project/Stock_project/airflow_venv/lib/python3.8/site-packages/airflow/example_dags/example_nested_branch_dag.py
[2024-06-10 10:26:17,165] {scheduler_job.py:639} INFO - DAG(s) dict_keys(['example_nested_branch_dag']) retrieved from /home/anhcu/Project/Stock_project/airflow_venv/lib/python3.8/site-packages/airflow/example_dags/example_nested_branch_dag.py
[2024-06-10 10:26:17,166] {logging_mixin.py:103} INFO - [2024-06-10 10:26:17,166] {dag.py:1813} INFO - Sync 1 DAGs
[2024-06-10 10:26:17,186] {logging_mixin.py:103} INFO - [2024-06-10 10:26:17,186] {dag.py:2266} INFO - Setting next_dagrun for example_nested_branch_dag to 2024-06-08 00:00:00+00:00
[2024-06-10 10:26:17,197] {scheduler_job.py:189} INFO - Processing /home/anhcu/Project/Stock_project/airflow_venv/lib/python3.8/site-packages/airflow/example_dags/example_nested_branch_dag.py took 0.053 seconds
[2024-06-10 10:26:44,862] {scheduler_job.py:181} INFO - Started process (PID=75902) to work on /home/anhcu/Project/Stock_project/airflow_venv/lib/python3.8/site-packages/airflow/example_dags/example_nested_branch_dag.py
[2024-06-10 10:26:44,864] {scheduler_job.py:629} INFO - Processing file /home/anhcu/Project/Stock_project/airflow_venv/lib/python3.8/site-packages/airflow/example_dags/example_nested_branch_dag.py for tasks to queue
[2024-06-10 10:26:44,864] {logging_mixin.py:103} INFO - [2024-06-10 10:26:44,864] {dagbag.py:440} INFO - Filling up the DagBag from /home/anhcu/Project/Stock_project/airflow_venv/lib/python3.8/site-packages/airflow/example_dags/example_nested_branch_dag.py
[2024-06-10 10:26:44,878] {scheduler_job.py:639} INFO - DAG(s) dict_keys(['example_nested_branch_dag']) retrieved from /home/anhcu/Project/Stock_project/airflow_venv/lib/python3.8/site-packages/airflow/example_dags/example_nested_branch_dag.py
[2024-06-10 10:26:44,879] {logging_mixin.py:103} INFO - [2024-06-10 10:26:44,879] {dag.py:1813} INFO - Sync 1 DAGs
[2024-06-10 10:26:44,902] {logging_mixin.py:103} INFO - [2024-06-10 10:26:44,902] {dag.py:2266} INFO - Setting next_dagrun for example_nested_branch_dag to 2024-06-08 00:00:00+00:00
[2024-06-10 10:26:44,914] {scheduler_job.py:189} INFO - Processing /home/anhcu/Project/Stock_project/airflow_venv/lib/python3.8/site-packages/airflow/example_dags/example_nested_branch_dag.py took 0.057 seconds
[2024-06-10 10:27:12,199] {scheduler_job.py:181} INFO - Started process (PID=76038) to work on /home/anhcu/Project/Stock_project/airflow_venv/lib/python3.8/site-packages/airflow/example_dags/example_nested_branch_dag.py
[2024-06-10 10:27:12,201] {scheduler_job.py:629} INFO - Processing file /home/anhcu/Project/Stock_project/airflow_venv/lib/python3.8/site-packages/airflow/example_dags/example_nested_branch_dag.py for tasks to queue
[2024-06-10 10:27:12,203] {logging_mixin.py:103} INFO - [2024-06-10 10:27:12,202] {dagbag.py:440} INFO - Filling up the DagBag from /home/anhcu/Project/Stock_project/airflow_venv/lib/python3.8/site-packages/airflow/example_dags/example_nested_branch_dag.py
[2024-06-10 10:27:12,215] {scheduler_job.py:639} INFO - DAG(s) dict_keys(['example_nested_branch_dag']) retrieved from /home/anhcu/Project/Stock_project/airflow_venv/lib/python3.8/site-packages/airflow/example_dags/example_nested_branch_dag.py
[2024-06-10 10:27:12,216] {logging_mixin.py:103} INFO - [2024-06-10 10:27:12,216] {dag.py:1813} INFO - Sync 1 DAGs
[2024-06-10 10:27:12,236] {logging_mixin.py:103} INFO - [2024-06-10 10:27:12,236] {dag.py:2266} INFO - Setting next_dagrun for example_nested_branch_dag to 2024-06-08 00:00:00+00:00
[2024-06-10 10:27:12,248] {scheduler_job.py:189} INFO - Processing /home/anhcu/Project/Stock_project/airflow_venv/lib/python3.8/site-packages/airflow/example_dags/example_nested_branch_dag.py took 0.053 seconds
[2024-06-10 10:27:40,453] {scheduler_job.py:181} INFO - Started process (PID=76177) to work on /home/anhcu/Project/Stock_project/airflow_venv/lib/python3.8/site-packages/airflow/example_dags/example_nested_branch_dag.py
[2024-06-10 10:27:40,455] {scheduler_job.py:629} INFO - Processing file /home/anhcu/Project/Stock_project/airflow_venv/lib/python3.8/site-packages/airflow/example_dags/example_nested_branch_dag.py for tasks to queue
[2024-06-10 10:27:40,456] {logging_mixin.py:103} INFO - [2024-06-10 10:27:40,456] {dagbag.py:440} INFO - Filling up the DagBag from /home/anhcu/Project/Stock_project/airflow_venv/lib/python3.8/site-packages/airflow/example_dags/example_nested_branch_dag.py
[2024-06-10 10:27:40,468] {scheduler_job.py:639} INFO - DAG(s) dict_keys(['example_nested_branch_dag']) retrieved from /home/anhcu/Project/Stock_project/airflow_venv/lib/python3.8/site-packages/airflow/example_dags/example_nested_branch_dag.py
[2024-06-10 10:27:40,469] {logging_mixin.py:103} INFO - [2024-06-10 10:27:40,469] {dag.py:1813} INFO - Sync 1 DAGs
[2024-06-10 10:27:40,489] {logging_mixin.py:103} INFO - [2024-06-10 10:27:40,489] {dag.py:2266} INFO - Setting next_dagrun for example_nested_branch_dag to 2024-06-08 00:00:00+00:00
[2024-06-10 10:27:40,501] {scheduler_job.py:189} INFO - Processing /home/anhcu/Project/Stock_project/airflow_venv/lib/python3.8/site-packages/airflow/example_dags/example_nested_branch_dag.py took 0.053 seconds
[2024-06-10 10:28:08,806] {scheduler_job.py:181} INFO - Started process (PID=76311) to work on /home/anhcu/Project/Stock_project/airflow_venv/lib/python3.8/site-packages/airflow/example_dags/example_nested_branch_dag.py
[2024-06-10 10:28:08,808] {scheduler_job.py:629} INFO - Processing file /home/anhcu/Project/Stock_project/airflow_venv/lib/python3.8/site-packages/airflow/example_dags/example_nested_branch_dag.py for tasks to queue
[2024-06-10 10:28:08,809] {logging_mixin.py:103} INFO - [2024-06-10 10:28:08,809] {dagbag.py:440} INFO - Filling up the DagBag from /home/anhcu/Project/Stock_project/airflow_venv/lib/python3.8/site-packages/airflow/example_dags/example_nested_branch_dag.py
[2024-06-10 10:28:08,827] {scheduler_job.py:639} INFO - DAG(s) dict_keys(['example_nested_branch_dag']) retrieved from /home/anhcu/Project/Stock_project/airflow_venv/lib/python3.8/site-packages/airflow/example_dags/example_nested_branch_dag.py
[2024-06-10 10:28:08,829] {logging_mixin.py:103} INFO - [2024-06-10 10:28:08,829] {dag.py:1813} INFO - Sync 1 DAGs
[2024-06-10 10:28:08,858] {logging_mixin.py:103} INFO - [2024-06-10 10:28:08,858] {dag.py:2266} INFO - Setting next_dagrun for example_nested_branch_dag to 2024-06-08 00:00:00+00:00
[2024-06-10 10:28:08,876] {scheduler_job.py:189} INFO - Processing /home/anhcu/Project/Stock_project/airflow_venv/lib/python3.8/site-packages/airflow/example_dags/example_nested_branch_dag.py took 0.073 seconds
[2024-06-10 10:28:36,008] {scheduler_job.py:181} INFO - Started process (PID=76446) to work on /home/anhcu/Project/Stock_project/airflow_venv/lib/python3.8/site-packages/airflow/example_dags/example_nested_branch_dag.py
[2024-06-10 10:28:36,009] {scheduler_job.py:629} INFO - Processing file /home/anhcu/Project/Stock_project/airflow_venv/lib/python3.8/site-packages/airflow/example_dags/example_nested_branch_dag.py for tasks to queue
[2024-06-10 10:28:36,010] {logging_mixin.py:103} INFO - [2024-06-10 10:28:36,010] {dagbag.py:440} INFO - Filling up the DagBag from /home/anhcu/Project/Stock_project/airflow_venv/lib/python3.8/site-packages/airflow/example_dags/example_nested_branch_dag.py
[2024-06-10 10:28:36,024] {scheduler_job.py:639} INFO - DAG(s) dict_keys(['example_nested_branch_dag']) retrieved from /home/anhcu/Project/Stock_project/airflow_venv/lib/python3.8/site-packages/airflow/example_dags/example_nested_branch_dag.py
[2024-06-10 10:28:36,025] {logging_mixin.py:103} INFO - [2024-06-10 10:28:36,025] {dag.py:1813} INFO - Sync 1 DAGs
[2024-06-10 10:28:36,048] {logging_mixin.py:103} INFO - [2024-06-10 10:28:36,048] {dag.py:2266} INFO - Setting next_dagrun for example_nested_branch_dag to 2024-06-08 00:00:00+00:00
[2024-06-10 10:28:36,061] {scheduler_job.py:189} INFO - Processing /home/anhcu/Project/Stock_project/airflow_venv/lib/python3.8/site-packages/airflow/example_dags/example_nested_branch_dag.py took 0.057 seconds
[2024-06-10 10:29:03,700] {scheduler_job.py:181} INFO - Started process (PID=76672) to work on /home/anhcu/Project/Stock_project/airflow_venv/lib/python3.8/site-packages/airflow/example_dags/example_nested_branch_dag.py
[2024-06-10 10:29:03,701] {scheduler_job.py:629} INFO - Processing file /home/anhcu/Project/Stock_project/airflow_venv/lib/python3.8/site-packages/airflow/example_dags/example_nested_branch_dag.py for tasks to queue
[2024-06-10 10:29:03,702] {logging_mixin.py:103} INFO - [2024-06-10 10:29:03,702] {dagbag.py:440} INFO - Filling up the DagBag from /home/anhcu/Project/Stock_project/airflow_venv/lib/python3.8/site-packages/airflow/example_dags/example_nested_branch_dag.py
[2024-06-10 10:29:03,715] {scheduler_job.py:639} INFO - DAG(s) dict_keys(['example_nested_branch_dag']) retrieved from /home/anhcu/Project/Stock_project/airflow_venv/lib/python3.8/site-packages/airflow/example_dags/example_nested_branch_dag.py
[2024-06-10 10:29:03,717] {logging_mixin.py:103} INFO - [2024-06-10 10:29:03,717] {dag.py:1813} INFO - Sync 1 DAGs
[2024-06-10 10:29:03,737] {logging_mixin.py:103} INFO - [2024-06-10 10:29:03,737] {dag.py:2266} INFO - Setting next_dagrun for example_nested_branch_dag to 2024-06-08 00:00:00+00:00
[2024-06-10 10:29:03,748] {scheduler_job.py:189} INFO - Processing /home/anhcu/Project/Stock_project/airflow_venv/lib/python3.8/site-packages/airflow/example_dags/example_nested_branch_dag.py took 0.053 seconds
[2024-06-10 10:29:30,675] {scheduler_job.py:181} INFO - Started process (PID=76828) to work on /home/anhcu/Project/Stock_project/airflow_venv/lib/python3.8/site-packages/airflow/example_dags/example_nested_branch_dag.py
[2024-06-10 10:29:30,677] {scheduler_job.py:629} INFO - Processing file /home/anhcu/Project/Stock_project/airflow_venv/lib/python3.8/site-packages/airflow/example_dags/example_nested_branch_dag.py for tasks to queue
[2024-06-10 10:29:30,678] {logging_mixin.py:103} INFO - [2024-06-10 10:29:30,678] {dagbag.py:440} INFO - Filling up the DagBag from /home/anhcu/Project/Stock_project/airflow_venv/lib/python3.8/site-packages/airflow/example_dags/example_nested_branch_dag.py
[2024-06-10 10:29:30,690] {scheduler_job.py:639} INFO - DAG(s) dict_keys(['example_nested_branch_dag']) retrieved from /home/anhcu/Project/Stock_project/airflow_venv/lib/python3.8/site-packages/airflow/example_dags/example_nested_branch_dag.py
[2024-06-10 10:29:30,691] {logging_mixin.py:103} INFO - [2024-06-10 10:29:30,691] {dag.py:1813} INFO - Sync 1 DAGs
[2024-06-10 10:29:30,713] {logging_mixin.py:103} INFO - [2024-06-10 10:29:30,713] {dag.py:2266} INFO - Setting next_dagrun for example_nested_branch_dag to 2024-06-08 00:00:00+00:00
[2024-06-10 10:29:30,725] {scheduler_job.py:189} INFO - Processing /home/anhcu/Project/Stock_project/airflow_venv/lib/python3.8/site-packages/airflow/example_dags/example_nested_branch_dag.py took 0.055 seconds
[2024-06-10 10:29:59,915] {scheduler_job.py:181} INFO - Started process (PID=76982) to work on /home/anhcu/Project/Stock_project/airflow_venv/lib/python3.8/site-packages/airflow/example_dags/example_nested_branch_dag.py
[2024-06-10 10:29:59,917] {scheduler_job.py:629} INFO - Processing file /home/anhcu/Project/Stock_project/airflow_venv/lib/python3.8/site-packages/airflow/example_dags/example_nested_branch_dag.py for tasks to queue
[2024-06-10 10:29:59,917] {logging_mixin.py:103} INFO - [2024-06-10 10:29:59,917] {dagbag.py:440} INFO - Filling up the DagBag from /home/anhcu/Project/Stock_project/airflow_venv/lib/python3.8/site-packages/airflow/example_dags/example_nested_branch_dag.py
[2024-06-10 10:29:59,930] {scheduler_job.py:639} INFO - DAG(s) dict_keys(['example_nested_branch_dag']) retrieved from /home/anhcu/Project/Stock_project/airflow_venv/lib/python3.8/site-packages/airflow/example_dags/example_nested_branch_dag.py
[2024-06-10 10:29:59,931] {logging_mixin.py:103} INFO - [2024-06-10 10:29:59,931] {dag.py:1813} INFO - Sync 1 DAGs
[2024-06-10 10:29:59,951] {logging_mixin.py:103} INFO - [2024-06-10 10:29:59,951] {dag.py:2266} INFO - Setting next_dagrun for example_nested_branch_dag to 2024-06-08 00:00:00+00:00
[2024-06-10 10:29:59,963] {scheduler_job.py:189} INFO - Processing /home/anhcu/Project/Stock_project/airflow_venv/lib/python3.8/site-packages/airflow/example_dags/example_nested_branch_dag.py took 0.052 seconds
[2024-06-10 10:30:26,098] {scheduler_job.py:181} INFO - Started process (PID=77140) to work on /home/anhcu/Project/Stock_project/airflow_venv/lib/python3.8/site-packages/airflow/example_dags/example_nested_branch_dag.py
[2024-06-10 10:30:26,102] {scheduler_job.py:629} INFO - Processing file /home/anhcu/Project/Stock_project/airflow_venv/lib/python3.8/site-packages/airflow/example_dags/example_nested_branch_dag.py for tasks to queue
[2024-06-10 10:30:26,103] {logging_mixin.py:103} INFO - [2024-06-10 10:30:26,103] {dagbag.py:440} INFO - Filling up the DagBag from /home/anhcu/Project/Stock_project/airflow_venv/lib/python3.8/site-packages/airflow/example_dags/example_nested_branch_dag.py
[2024-06-10 10:30:26,117] {scheduler_job.py:639} INFO - DAG(s) dict_keys(['example_nested_branch_dag']) retrieved from /home/anhcu/Project/Stock_project/airflow_venv/lib/python3.8/site-packages/airflow/example_dags/example_nested_branch_dag.py
[2024-06-10 10:30:26,119] {logging_mixin.py:103} INFO - [2024-06-10 10:30:26,118] {dag.py:1813} INFO - Sync 1 DAGs
[2024-06-10 10:30:26,142] {logging_mixin.py:103} INFO - [2024-06-10 10:30:26,141] {dag.py:2266} INFO - Setting next_dagrun for example_nested_branch_dag to 2024-06-08 00:00:00+00:00
[2024-06-10 10:30:26,153] {scheduler_job.py:189} INFO - Processing /home/anhcu/Project/Stock_project/airflow_venv/lib/python3.8/site-packages/airflow/example_dags/example_nested_branch_dag.py took 0.059 seconds
[2024-06-10 10:30:53,457] {scheduler_job.py:181} INFO - Started process (PID=77296) to work on /home/anhcu/Project/Stock_project/airflow_venv/lib/python3.8/site-packages/airflow/example_dags/example_nested_branch_dag.py
[2024-06-10 10:30:53,459] {scheduler_job.py:629} INFO - Processing file /home/anhcu/Project/Stock_project/airflow_venv/lib/python3.8/site-packages/airflow/example_dags/example_nested_branch_dag.py for tasks to queue
[2024-06-10 10:30:53,460] {logging_mixin.py:103} INFO - [2024-06-10 10:30:53,460] {dagbag.py:440} INFO - Filling up the DagBag from /home/anhcu/Project/Stock_project/airflow_venv/lib/python3.8/site-packages/airflow/example_dags/example_nested_branch_dag.py
[2024-06-10 10:30:53,473] {scheduler_job.py:639} INFO - DAG(s) dict_keys(['example_nested_branch_dag']) retrieved from /home/anhcu/Project/Stock_project/airflow_venv/lib/python3.8/site-packages/airflow/example_dags/example_nested_branch_dag.py
[2024-06-10 10:30:53,474] {logging_mixin.py:103} INFO - [2024-06-10 10:30:53,474] {dag.py:1813} INFO - Sync 1 DAGs
[2024-06-10 10:30:53,494] {logging_mixin.py:103} INFO - [2024-06-10 10:30:53,494] {dag.py:2266} INFO - Setting next_dagrun for example_nested_branch_dag to 2024-06-08 00:00:00+00:00
[2024-06-10 10:30:53,506] {scheduler_job.py:189} INFO - Processing /home/anhcu/Project/Stock_project/airflow_venv/lib/python3.8/site-packages/airflow/example_dags/example_nested_branch_dag.py took 0.054 seconds
[2024-06-10 10:31:20,786] {scheduler_job.py:181} INFO - Started process (PID=77416) to work on /home/anhcu/Project/Stock_project/airflow_venv/lib/python3.8/site-packages/airflow/example_dags/example_nested_branch_dag.py
[2024-06-10 10:31:20,788] {scheduler_job.py:629} INFO - Processing file /home/anhcu/Project/Stock_project/airflow_venv/lib/python3.8/site-packages/airflow/example_dags/example_nested_branch_dag.py for tasks to queue
[2024-06-10 10:31:20,789] {logging_mixin.py:103} INFO - [2024-06-10 10:31:20,788] {dagbag.py:440} INFO - Filling up the DagBag from /home/anhcu/Project/Stock_project/airflow_venv/lib/python3.8/site-packages/airflow/example_dags/example_nested_branch_dag.py
[2024-06-10 10:31:20,801] {scheduler_job.py:639} INFO - DAG(s) dict_keys(['example_nested_branch_dag']) retrieved from /home/anhcu/Project/Stock_project/airflow_venv/lib/python3.8/site-packages/airflow/example_dags/example_nested_branch_dag.py
[2024-06-10 10:31:20,802] {logging_mixin.py:103} INFO - [2024-06-10 10:31:20,802] {dag.py:1813} INFO - Sync 1 DAGs
[2024-06-10 10:31:20,823] {logging_mixin.py:103} INFO - [2024-06-10 10:31:20,823] {dag.py:2266} INFO - Setting next_dagrun for example_nested_branch_dag to 2024-06-08 00:00:00+00:00
[2024-06-10 10:31:20,835] {scheduler_job.py:189} INFO - Processing /home/anhcu/Project/Stock_project/airflow_venv/lib/python3.8/site-packages/airflow/example_dags/example_nested_branch_dag.py took 0.054 seconds
[2024-06-10 10:31:49,026] {scheduler_job.py:181} INFO - Started process (PID=77551) to work on /home/anhcu/Project/Stock_project/airflow_venv/lib/python3.8/site-packages/airflow/example_dags/example_nested_branch_dag.py
[2024-06-10 10:31:49,029] {scheduler_job.py:629} INFO - Processing file /home/anhcu/Project/Stock_project/airflow_venv/lib/python3.8/site-packages/airflow/example_dags/example_nested_branch_dag.py for tasks to queue
[2024-06-10 10:31:49,030] {logging_mixin.py:103} INFO - [2024-06-10 10:31:49,030] {dagbag.py:440} INFO - Filling up the DagBag from /home/anhcu/Project/Stock_project/airflow_venv/lib/python3.8/site-packages/airflow/example_dags/example_nested_branch_dag.py
[2024-06-10 10:31:49,042] {scheduler_job.py:639} INFO - DAG(s) dict_keys(['example_nested_branch_dag']) retrieved from /home/anhcu/Project/Stock_project/airflow_venv/lib/python3.8/site-packages/airflow/example_dags/example_nested_branch_dag.py
[2024-06-10 10:31:49,043] {logging_mixin.py:103} INFO - [2024-06-10 10:31:49,043] {dag.py:1813} INFO - Sync 1 DAGs
[2024-06-10 10:31:49,063] {logging_mixin.py:103} INFO - [2024-06-10 10:31:49,063] {dag.py:2266} INFO - Setting next_dagrun for example_nested_branch_dag to 2024-06-08 00:00:00+00:00
[2024-06-10 10:31:49,076] {scheduler_job.py:189} INFO - Processing /home/anhcu/Project/Stock_project/airflow_venv/lib/python3.8/site-packages/airflow/example_dags/example_nested_branch_dag.py took 0.054 seconds
[2024-06-10 10:32:17,281] {scheduler_job.py:181} INFO - Started process (PID=77690) to work on /home/anhcu/Project/Stock_project/airflow_venv/lib/python3.8/site-packages/airflow/example_dags/example_nested_branch_dag.py
[2024-06-10 10:32:17,283] {scheduler_job.py:629} INFO - Processing file /home/anhcu/Project/Stock_project/airflow_venv/lib/python3.8/site-packages/airflow/example_dags/example_nested_branch_dag.py for tasks to queue
[2024-06-10 10:32:17,284] {logging_mixin.py:103} INFO - [2024-06-10 10:32:17,284] {dagbag.py:440} INFO - Filling up the DagBag from /home/anhcu/Project/Stock_project/airflow_venv/lib/python3.8/site-packages/airflow/example_dags/example_nested_branch_dag.py
[2024-06-10 10:32:17,298] {scheduler_job.py:639} INFO - DAG(s) dict_keys(['example_nested_branch_dag']) retrieved from /home/anhcu/Project/Stock_project/airflow_venv/lib/python3.8/site-packages/airflow/example_dags/example_nested_branch_dag.py
[2024-06-10 10:32:17,299] {logging_mixin.py:103} INFO - [2024-06-10 10:32:17,299] {dag.py:1813} INFO - Sync 1 DAGs
[2024-06-10 10:32:17,322] {logging_mixin.py:103} INFO - [2024-06-10 10:32:17,322] {dag.py:2266} INFO - Setting next_dagrun for example_nested_branch_dag to 2024-06-08 00:00:00+00:00
[2024-06-10 10:32:17,334] {scheduler_job.py:189} INFO - Processing /home/anhcu/Project/Stock_project/airflow_venv/lib/python3.8/site-packages/airflow/example_dags/example_nested_branch_dag.py took 0.058 seconds
[2024-06-10 10:32:45,686] {scheduler_job.py:181} INFO - Started process (PID=77884) to work on /home/anhcu/Project/Stock_project/airflow_venv/lib/python3.8/site-packages/airflow/example_dags/example_nested_branch_dag.py
[2024-06-10 10:32:45,688] {scheduler_job.py:629} INFO - Processing file /home/anhcu/Project/Stock_project/airflow_venv/lib/python3.8/site-packages/airflow/example_dags/example_nested_branch_dag.py for tasks to queue
[2024-06-10 10:32:45,689] {logging_mixin.py:103} INFO - [2024-06-10 10:32:45,689] {dagbag.py:440} INFO - Filling up the DagBag from /home/anhcu/Project/Stock_project/airflow_venv/lib/python3.8/site-packages/airflow/example_dags/example_nested_branch_dag.py
[2024-06-10 10:32:45,709] {scheduler_job.py:639} INFO - DAG(s) dict_keys(['example_nested_branch_dag']) retrieved from /home/anhcu/Project/Stock_project/airflow_venv/lib/python3.8/site-packages/airflow/example_dags/example_nested_branch_dag.py
[2024-06-10 10:32:45,711] {logging_mixin.py:103} INFO - [2024-06-10 10:32:45,711] {dag.py:1813} INFO - Sync 1 DAGs
[2024-06-10 10:32:45,744] {logging_mixin.py:103} INFO - [2024-06-10 10:32:45,744] {dag.py:2266} INFO - Setting next_dagrun for example_nested_branch_dag to 2024-06-08 00:00:00+00:00
[2024-06-10 10:32:45,761] {scheduler_job.py:189} INFO - Processing /home/anhcu/Project/Stock_project/airflow_venv/lib/python3.8/site-packages/airflow/example_dags/example_nested_branch_dag.py took 0.085 seconds
[2024-06-10 10:33:12,866] {scheduler_job.py:181} INFO - Started process (PID=78112) to work on /home/anhcu/Project/Stock_project/airflow_venv/lib/python3.8/site-packages/airflow/example_dags/example_nested_branch_dag.py
[2024-06-10 10:33:12,868] {scheduler_job.py:629} INFO - Processing file /home/anhcu/Project/Stock_project/airflow_venv/lib/python3.8/site-packages/airflow/example_dags/example_nested_branch_dag.py for tasks to queue
[2024-06-10 10:33:12,868] {logging_mixin.py:103} INFO - [2024-06-10 10:33:12,868] {dagbag.py:440} INFO - Filling up the DagBag from /home/anhcu/Project/Stock_project/airflow_venv/lib/python3.8/site-packages/airflow/example_dags/example_nested_branch_dag.py
[2024-06-10 10:33:12,885] {scheduler_job.py:639} INFO - DAG(s) dict_keys(['example_nested_branch_dag']) retrieved from /home/anhcu/Project/Stock_project/airflow_venv/lib/python3.8/site-packages/airflow/example_dags/example_nested_branch_dag.py
[2024-06-10 10:33:12,886] {logging_mixin.py:103} INFO - [2024-06-10 10:33:12,886] {dag.py:1813} INFO - Sync 1 DAGs
[2024-06-10 10:33:12,906] {logging_mixin.py:103} INFO - [2024-06-10 10:33:12,906] {dag.py:2266} INFO - Setting next_dagrun for example_nested_branch_dag to 2024-06-08 00:00:00+00:00
[2024-06-10 10:33:12,918] {scheduler_job.py:189} INFO - Processing /home/anhcu/Project/Stock_project/airflow_venv/lib/python3.8/site-packages/airflow/example_dags/example_nested_branch_dag.py took 0.055 seconds
[2024-06-10 10:33:40,199] {scheduler_job.py:181} INFO - Started process (PID=78266) to work on /home/anhcu/Project/Stock_project/airflow_venv/lib/python3.8/site-packages/airflow/example_dags/example_nested_branch_dag.py
[2024-06-10 10:33:40,201] {scheduler_job.py:629} INFO - Processing file /home/anhcu/Project/Stock_project/airflow_venv/lib/python3.8/site-packages/airflow/example_dags/example_nested_branch_dag.py for tasks to queue
[2024-06-10 10:33:40,202] {logging_mixin.py:103} INFO - [2024-06-10 10:33:40,202] {dagbag.py:440} INFO - Filling up the DagBag from /home/anhcu/Project/Stock_project/airflow_venv/lib/python3.8/site-packages/airflow/example_dags/example_nested_branch_dag.py
[2024-06-10 10:33:40,215] {scheduler_job.py:639} INFO - DAG(s) dict_keys(['example_nested_branch_dag']) retrieved from /home/anhcu/Project/Stock_project/airflow_venv/lib/python3.8/site-packages/airflow/example_dags/example_nested_branch_dag.py
[2024-06-10 10:33:40,216] {logging_mixin.py:103} INFO - [2024-06-10 10:33:40,216] {dag.py:1813} INFO - Sync 1 DAGs
[2024-06-10 10:33:40,237] {logging_mixin.py:103} INFO - [2024-06-10 10:33:40,237] {dag.py:2266} INFO - Setting next_dagrun for example_nested_branch_dag to 2024-06-08 00:00:00+00:00
[2024-06-10 10:33:40,249] {scheduler_job.py:189} INFO - Processing /home/anhcu/Project/Stock_project/airflow_venv/lib/python3.8/site-packages/airflow/example_dags/example_nested_branch_dag.py took 0.055 seconds
[2024-06-10 10:34:08,539] {scheduler_job.py:181} INFO - Started process (PID=78429) to work on /home/anhcu/Project/Stock_project/airflow_venv/lib/python3.8/site-packages/airflow/example_dags/example_nested_branch_dag.py
[2024-06-10 10:34:08,540] {scheduler_job.py:629} INFO - Processing file /home/anhcu/Project/Stock_project/airflow_venv/lib/python3.8/site-packages/airflow/example_dags/example_nested_branch_dag.py for tasks to queue
[2024-06-10 10:34:08,541] {logging_mixin.py:103} INFO - [2024-06-10 10:34:08,541] {dagbag.py:440} INFO - Filling up the DagBag from /home/anhcu/Project/Stock_project/airflow_venv/lib/python3.8/site-packages/airflow/example_dags/example_nested_branch_dag.py
[2024-06-10 10:34:08,559] {scheduler_job.py:639} INFO - DAG(s) dict_keys(['example_nested_branch_dag']) retrieved from /home/anhcu/Project/Stock_project/airflow_venv/lib/python3.8/site-packages/airflow/example_dags/example_nested_branch_dag.py
[2024-06-10 10:34:08,561] {logging_mixin.py:103} INFO - [2024-06-10 10:34:08,561] {dag.py:1813} INFO - Sync 1 DAGs
[2024-06-10 10:34:08,586] {logging_mixin.py:103} INFO - [2024-06-10 10:34:08,586] {dag.py:2266} INFO - Setting next_dagrun for example_nested_branch_dag to 2024-06-08 00:00:00+00:00
[2024-06-10 10:34:08,599] {scheduler_job.py:189} INFO - Processing /home/anhcu/Project/Stock_project/airflow_venv/lib/python3.8/site-packages/airflow/example_dags/example_nested_branch_dag.py took 0.064 seconds
[2024-06-10 10:34:35,919] {scheduler_job.py:181} INFO - Started process (PID=78655) to work on /home/anhcu/Project/Stock_project/airflow_venv/lib/python3.8/site-packages/airflow/example_dags/example_nested_branch_dag.py
[2024-06-10 10:34:35,922] {scheduler_job.py:629} INFO - Processing file /home/anhcu/Project/Stock_project/airflow_venv/lib/python3.8/site-packages/airflow/example_dags/example_nested_branch_dag.py for tasks to queue
[2024-06-10 10:34:35,923] {logging_mixin.py:103} INFO - [2024-06-10 10:34:35,923] {dagbag.py:440} INFO - Filling up the DagBag from /home/anhcu/Project/Stock_project/airflow_venv/lib/python3.8/site-packages/airflow/example_dags/example_nested_branch_dag.py
[2024-06-10 10:34:35,935] {scheduler_job.py:639} INFO - DAG(s) dict_keys(['example_nested_branch_dag']) retrieved from /home/anhcu/Project/Stock_project/airflow_venv/lib/python3.8/site-packages/airflow/example_dags/example_nested_branch_dag.py
[2024-06-10 10:34:35,936] {logging_mixin.py:103} INFO - [2024-06-10 10:34:35,936] {dag.py:1813} INFO - Sync 1 DAGs
[2024-06-10 10:34:35,956] {logging_mixin.py:103} INFO - [2024-06-10 10:34:35,956] {dag.py:2266} INFO - Setting next_dagrun for example_nested_branch_dag to 2024-06-08 00:00:00+00:00
[2024-06-10 10:34:35,968] {scheduler_job.py:189} INFO - Processing /home/anhcu/Project/Stock_project/airflow_venv/lib/python3.8/site-packages/airflow/example_dags/example_nested_branch_dag.py took 0.053 seconds
[2024-06-10 10:35:03,670] {scheduler_job.py:181} INFO - Started process (PID=78856) to work on /home/anhcu/Project/Stock_project/airflow_venv/lib/python3.8/site-packages/airflow/example_dags/example_nested_branch_dag.py
[2024-06-10 10:35:03,673] {scheduler_job.py:629} INFO - Processing file /home/anhcu/Project/Stock_project/airflow_venv/lib/python3.8/site-packages/airflow/example_dags/example_nested_branch_dag.py for tasks to queue
[2024-06-10 10:35:03,674] {logging_mixin.py:103} INFO - [2024-06-10 10:35:03,674] {dagbag.py:440} INFO - Filling up the DagBag from /home/anhcu/Project/Stock_project/airflow_venv/lib/python3.8/site-packages/airflow/example_dags/example_nested_branch_dag.py
[2024-06-10 10:35:03,688] {scheduler_job.py:639} INFO - DAG(s) dict_keys(['example_nested_branch_dag']) retrieved from /home/anhcu/Project/Stock_project/airflow_venv/lib/python3.8/site-packages/airflow/example_dags/example_nested_branch_dag.py
[2024-06-10 10:35:03,690] {logging_mixin.py:103} INFO - [2024-06-10 10:35:03,690] {dag.py:1813} INFO - Sync 1 DAGs
[2024-06-10 10:35:03,712] {logging_mixin.py:103} INFO - [2024-06-10 10:35:03,712] {dag.py:2266} INFO - Setting next_dagrun for example_nested_branch_dag to 2024-06-08 00:00:00+00:00
[2024-06-10 10:35:03,725] {scheduler_job.py:189} INFO - Processing /home/anhcu/Project/Stock_project/airflow_venv/lib/python3.8/site-packages/airflow/example_dags/example_nested_branch_dag.py took 0.060 seconds
[2024-06-10 10:36:01,095] {scheduler_job.py:181} INFO - Started process (PID=79563) to work on /home/anhcu/Project/Stock_project/airflow_venv/lib/python3.8/site-packages/airflow/example_dags/example_nested_branch_dag.py
[2024-06-10 10:36:01,098] {scheduler_job.py:629} INFO - Processing file /home/anhcu/Project/Stock_project/airflow_venv/lib/python3.8/site-packages/airflow/example_dags/example_nested_branch_dag.py for tasks to queue
[2024-06-10 10:36:01,099] {logging_mixin.py:103} INFO - [2024-06-10 10:36:01,099] {dagbag.py:440} INFO - Filling up the DagBag from /home/anhcu/Project/Stock_project/airflow_venv/lib/python3.8/site-packages/airflow/example_dags/example_nested_branch_dag.py
[2024-06-10 10:36:01,111] {scheduler_job.py:639} INFO - DAG(s) dict_keys(['example_nested_branch_dag']) retrieved from /home/anhcu/Project/Stock_project/airflow_venv/lib/python3.8/site-packages/airflow/example_dags/example_nested_branch_dag.py
[2024-06-10 10:36:01,112] {logging_mixin.py:103} INFO - [2024-06-10 10:36:01,112] {dag.py:1813} INFO - Sync 1 DAGs
[2024-06-10 10:36:01,135] {logging_mixin.py:103} INFO - [2024-06-10 10:36:01,135] {dag.py:2266} INFO - Setting next_dagrun for example_nested_branch_dag to 2024-06-08 00:00:00+00:00
[2024-06-10 10:36:01,148] {scheduler_job.py:189} INFO - Processing /home/anhcu/Project/Stock_project/airflow_venv/lib/python3.8/site-packages/airflow/example_dags/example_nested_branch_dag.py took 0.056 seconds
