[2024-06-10 09:58:17,972] {scheduler_job.py:181} INFO - Started process (PID=62722) to work on /home/anhcu/Project/Stock_project/airflow_venv/lib/python3.8/site-packages/airflow/example_dags/tutorial_etl_dag.py
[2024-06-10 09:58:17,983] {scheduler_job.py:629} INFO - Processing file /home/anhcu/Project/Stock_project/airflow_venv/lib/python3.8/site-packages/airflow/example_dags/tutorial_etl_dag.py for tasks to queue
[2024-06-10 09:58:17,985] {logging_mixin.py:103} INFO - [2024-06-10 09:58:17,984] {dagbag.py:440} INFO - Filling up the DagBag from /home/anhcu/Project/Stock_project/airflow_venv/lib/python3.8/site-packages/airflow/example_dags/tutorial_etl_dag.py
[2024-06-10 09:58:18,376] {scheduler_job.py:639} INFO - DAG(s) dict_keys(['tutorial_etl_dag']) retrieved from /home/anhcu/Project/Stock_project/airflow_venv/lib/python3.8/site-packages/airflow/example_dags/tutorial_etl_dag.py
[2024-06-10 09:58:18,378] {logging_mixin.py:103} INFO - [2024-06-10 09:58:18,378] {dag.py:1813} INFO - Sync 1 DAGs
[2024-06-10 09:58:18,404] {logging_mixin.py:103} INFO - [2024-06-10 09:58:18,404] {dag.py:2266} INFO - Setting next_dagrun for tutorial_etl_dag to None
[2024-06-10 09:58:18,443] {scheduler_job.py:189} INFO - Processing /home/anhcu/Project/Stock_project/airflow_venv/lib/python3.8/site-packages/airflow/example_dags/tutorial_etl_dag.py took 0.476 seconds
[2024-06-10 09:59:13,968] {scheduler_job.py:181} INFO - Started process (PID=62912) to work on /home/anhcu/Project/Stock_project/airflow_venv/lib/python3.8/site-packages/airflow/example_dags/tutorial_etl_dag.py
[2024-06-10 09:59:13,972] {scheduler_job.py:629} INFO - Processing file /home/anhcu/Project/Stock_project/airflow_venv/lib/python3.8/site-packages/airflow/example_dags/tutorial_etl_dag.py for tasks to queue
[2024-06-10 09:59:13,979] {logging_mixin.py:103} INFO - [2024-06-10 09:59:13,978] {dagbag.py:440} INFO - Filling up the DagBag from /home/anhcu/Project/Stock_project/airflow_venv/lib/python3.8/site-packages/airflow/example_dags/tutorial_etl_dag.py
[2024-06-10 09:59:14,141] {scheduler_job.py:639} INFO - DAG(s) dict_keys(['tutorial_etl_dag']) retrieved from /home/anhcu/Project/Stock_project/airflow_venv/lib/python3.8/site-packages/airflow/example_dags/tutorial_etl_dag.py
[2024-06-10 09:59:14,143] {logging_mixin.py:103} INFO - [2024-06-10 09:59:14,143] {dag.py:1813} INFO - Sync 1 DAGs
[2024-06-10 09:59:14,183] {logging_mixin.py:103} INFO - [2024-06-10 09:59:14,183] {dag.py:2266} INFO - Setting next_dagrun for tutorial_etl_dag to None
[2024-06-10 09:59:14,231] {scheduler_job.py:189} INFO - Processing /home/anhcu/Project/Stock_project/airflow_venv/lib/python3.8/site-packages/airflow/example_dags/tutorial_etl_dag.py took 0.283 seconds
[2024-06-10 10:00:05,180] {scheduler_job.py:181} INFO - Started process (PID=63269) to work on /home/anhcu/Project/Stock_project/airflow_venv/lib/python3.8/site-packages/airflow/example_dags/tutorial_etl_dag.py
[2024-06-10 10:00:05,182] {scheduler_job.py:629} INFO - Processing file /home/anhcu/Project/Stock_project/airflow_venv/lib/python3.8/site-packages/airflow/example_dags/tutorial_etl_dag.py for tasks to queue
[2024-06-10 10:00:05,183] {logging_mixin.py:103} INFO - [2024-06-10 10:00:05,183] {dagbag.py:440} INFO - Filling up the DagBag from /home/anhcu/Project/Stock_project/airflow_venv/lib/python3.8/site-packages/airflow/example_dags/tutorial_etl_dag.py
[2024-06-10 10:00:05,215] {scheduler_job.py:639} INFO - DAG(s) dict_keys(['tutorial_etl_dag']) retrieved from /home/anhcu/Project/Stock_project/airflow_venv/lib/python3.8/site-packages/airflow/example_dags/tutorial_etl_dag.py
[2024-06-10 10:00:05,216] {logging_mixin.py:103} INFO - [2024-06-10 10:00:05,216] {dag.py:1813} INFO - Sync 1 DAGs
[2024-06-10 10:00:05,385] {logging_mixin.py:103} INFO - [2024-06-10 10:00:05,384] {dag.py:2266} INFO - Setting next_dagrun for tutorial_etl_dag to None
[2024-06-10 10:00:05,411] {scheduler_job.py:189} INFO - Processing /home/anhcu/Project/Stock_project/airflow_venv/lib/python3.8/site-packages/airflow/example_dags/tutorial_etl_dag.py took 0.236 seconds
[2024-06-10 10:00:49,934] {scheduler_job.py:181} INFO - Started process (PID=63601) to work on /home/anhcu/Project/Stock_project/airflow_venv/lib/python3.8/site-packages/airflow/example_dags/tutorial_etl_dag.py
[2024-06-10 10:00:49,939] {scheduler_job.py:629} INFO - Processing file /home/anhcu/Project/Stock_project/airflow_venv/lib/python3.8/site-packages/airflow/example_dags/tutorial_etl_dag.py for tasks to queue
[2024-06-10 10:00:49,940] {logging_mixin.py:103} INFO - [2024-06-10 10:00:49,940] {dagbag.py:440} INFO - Filling up the DagBag from /home/anhcu/Project/Stock_project/airflow_venv/lib/python3.8/site-packages/airflow/example_dags/tutorial_etl_dag.py
[2024-06-10 10:00:49,980] {scheduler_job.py:639} INFO - DAG(s) dict_keys(['tutorial_etl_dag']) retrieved from /home/anhcu/Project/Stock_project/airflow_venv/lib/python3.8/site-packages/airflow/example_dags/tutorial_etl_dag.py
[2024-06-10 10:00:49,987] {logging_mixin.py:103} INFO - [2024-06-10 10:00:49,987] {dag.py:1813} INFO - Sync 1 DAGs
[2024-06-10 10:00:50,476] {logging_mixin.py:103} INFO - [2024-06-10 10:00:50,475] {dag.py:2266} INFO - Setting next_dagrun for tutorial_etl_dag to None
[2024-06-10 10:00:50,623] {scheduler_job.py:189} INFO - Processing /home/anhcu/Project/Stock_project/airflow_venv/lib/python3.8/site-packages/airflow/example_dags/tutorial_etl_dag.py took 0.705 seconds
[2024-06-10 10:01:36,966] {scheduler_job.py:181} INFO - Started process (PID=63861) to work on /home/anhcu/Project/Stock_project/airflow_venv/lib/python3.8/site-packages/airflow/example_dags/tutorial_etl_dag.py
[2024-06-10 10:01:36,967] {scheduler_job.py:629} INFO - Processing file /home/anhcu/Project/Stock_project/airflow_venv/lib/python3.8/site-packages/airflow/example_dags/tutorial_etl_dag.py for tasks to queue
[2024-06-10 10:01:36,968] {logging_mixin.py:103} INFO - [2024-06-10 10:01:36,968] {dagbag.py:440} INFO - Filling up the DagBag from /home/anhcu/Project/Stock_project/airflow_venv/lib/python3.8/site-packages/airflow/example_dags/tutorial_etl_dag.py
[2024-06-10 10:01:37,121] {scheduler_job.py:639} INFO - DAG(s) dict_keys(['tutorial_etl_dag']) retrieved from /home/anhcu/Project/Stock_project/airflow_venv/lib/python3.8/site-packages/airflow/example_dags/tutorial_etl_dag.py
[2024-06-10 10:01:37,122] {logging_mixin.py:103} INFO - [2024-06-10 10:01:37,122] {dag.py:1813} INFO - Sync 1 DAGs
[2024-06-10 10:01:37,147] {logging_mixin.py:103} INFO - [2024-06-10 10:01:37,147] {dag.py:2266} INFO - Setting next_dagrun for tutorial_etl_dag to None
[2024-06-10 10:01:37,163] {scheduler_job.py:189} INFO - Processing /home/anhcu/Project/Stock_project/airflow_venv/lib/python3.8/site-packages/airflow/example_dags/tutorial_etl_dag.py took 0.210 seconds
[2024-06-10 10:07:13,630] {scheduler_job.py:181} INFO - Started process (PID=67004) to work on /home/anhcu/Project/Stock_project/airflow_venv/lib/python3.8/site-packages/airflow/example_dags/tutorial_etl_dag.py
[2024-06-10 10:07:13,633] {scheduler_job.py:629} INFO - Processing file /home/anhcu/Project/Stock_project/airflow_venv/lib/python3.8/site-packages/airflow/example_dags/tutorial_etl_dag.py for tasks to queue
[2024-06-10 10:07:13,633] {logging_mixin.py:103} INFO - [2024-06-10 10:07:13,633] {dagbag.py:440} INFO - Filling up the DagBag from /home/anhcu/Project/Stock_project/airflow_venv/lib/python3.8/site-packages/airflow/example_dags/tutorial_etl_dag.py
[2024-06-10 10:07:13,640] {scheduler_job.py:639} INFO - DAG(s) dict_keys(['tutorial_etl_dag']) retrieved from /home/anhcu/Project/Stock_project/airflow_venv/lib/python3.8/site-packages/airflow/example_dags/tutorial_etl_dag.py
[2024-06-10 10:07:13,641] {logging_mixin.py:103} INFO - [2024-06-10 10:07:13,641] {dag.py:1813} INFO - Sync 1 DAGs
[2024-06-10 10:07:13,656] {logging_mixin.py:103} INFO - [2024-06-10 10:07:13,656] {dag.py:2266} INFO - Setting next_dagrun for tutorial_etl_dag to None
[2024-06-10 10:07:13,672] {scheduler_job.py:189} INFO - Processing /home/anhcu/Project/Stock_project/airflow_venv/lib/python3.8/site-packages/airflow/example_dags/tutorial_etl_dag.py took 0.046 seconds
[2024-06-10 10:07:41,280] {scheduler_job.py:181} INFO - Started process (PID=67212) to work on /home/anhcu/Project/Stock_project/airflow_venv/lib/python3.8/site-packages/airflow/example_dags/tutorial_etl_dag.py
[2024-06-10 10:07:41,281] {scheduler_job.py:629} INFO - Processing file /home/anhcu/Project/Stock_project/airflow_venv/lib/python3.8/site-packages/airflow/example_dags/tutorial_etl_dag.py for tasks to queue
[2024-06-10 10:07:41,282] {logging_mixin.py:103} INFO - [2024-06-10 10:07:41,282] {dagbag.py:440} INFO - Filling up the DagBag from /home/anhcu/Project/Stock_project/airflow_venv/lib/python3.8/site-packages/airflow/example_dags/tutorial_etl_dag.py
[2024-06-10 10:07:41,289] {scheduler_job.py:639} INFO - DAG(s) dict_keys(['tutorial_etl_dag']) retrieved from /home/anhcu/Project/Stock_project/airflow_venv/lib/python3.8/site-packages/airflow/example_dags/tutorial_etl_dag.py
[2024-06-10 10:07:41,290] {logging_mixin.py:103} INFO - [2024-06-10 10:07:41,290] {dag.py:1813} INFO - Sync 1 DAGs
[2024-06-10 10:07:41,305] {logging_mixin.py:103} INFO - [2024-06-10 10:07:41,305] {dag.py:2266} INFO - Setting next_dagrun for tutorial_etl_dag to None
[2024-06-10 10:07:41,316] {scheduler_job.py:189} INFO - Processing /home/anhcu/Project/Stock_project/airflow_venv/lib/python3.8/site-packages/airflow/example_dags/tutorial_etl_dag.py took 0.040 seconds
[2024-06-10 10:08:11,396] {scheduler_job.py:181} INFO - Started process (PID=67403) to work on /home/anhcu/Project/Stock_project/airflow_venv/lib/python3.8/site-packages/airflow/example_dags/tutorial_etl_dag.py
[2024-06-10 10:08:11,397] {scheduler_job.py:629} INFO - Processing file /home/anhcu/Project/Stock_project/airflow_venv/lib/python3.8/site-packages/airflow/example_dags/tutorial_etl_dag.py for tasks to queue
[2024-06-10 10:08:11,398] {logging_mixin.py:103} INFO - [2024-06-10 10:08:11,398] {dagbag.py:440} INFO - Filling up the DagBag from /home/anhcu/Project/Stock_project/airflow_venv/lib/python3.8/site-packages/airflow/example_dags/tutorial_etl_dag.py
[2024-06-10 10:08:11,405] {scheduler_job.py:639} INFO - DAG(s) dict_keys(['tutorial_etl_dag']) retrieved from /home/anhcu/Project/Stock_project/airflow_venv/lib/python3.8/site-packages/airflow/example_dags/tutorial_etl_dag.py
[2024-06-10 10:08:11,406] {logging_mixin.py:103} INFO - [2024-06-10 10:08:11,406] {dag.py:1813} INFO - Sync 1 DAGs
[2024-06-10 10:08:11,421] {logging_mixin.py:103} INFO - [2024-06-10 10:08:11,421] {dag.py:2266} INFO - Setting next_dagrun for tutorial_etl_dag to None
[2024-06-10 10:08:11,434] {scheduler_job.py:189} INFO - Processing /home/anhcu/Project/Stock_project/airflow_venv/lib/python3.8/site-packages/airflow/example_dags/tutorial_etl_dag.py took 0.041 seconds
[2024-06-10 10:08:39,822] {scheduler_job.py:181} INFO - Started process (PID=67636) to work on /home/anhcu/Project/Stock_project/airflow_venv/lib/python3.8/site-packages/airflow/example_dags/tutorial_etl_dag.py
[2024-06-10 10:08:39,824] {scheduler_job.py:629} INFO - Processing file /home/anhcu/Project/Stock_project/airflow_venv/lib/python3.8/site-packages/airflow/example_dags/tutorial_etl_dag.py for tasks to queue
[2024-06-10 10:08:39,825] {logging_mixin.py:103} INFO - [2024-06-10 10:08:39,825] {dagbag.py:440} INFO - Filling up the DagBag from /home/anhcu/Project/Stock_project/airflow_venv/lib/python3.8/site-packages/airflow/example_dags/tutorial_etl_dag.py
[2024-06-10 10:08:39,834] {scheduler_job.py:639} INFO - DAG(s) dict_keys(['tutorial_etl_dag']) retrieved from /home/anhcu/Project/Stock_project/airflow_venv/lib/python3.8/site-packages/airflow/example_dags/tutorial_etl_dag.py
[2024-06-10 10:08:39,836] {logging_mixin.py:103} INFO - [2024-06-10 10:08:39,836] {dag.py:1813} INFO - Sync 1 DAGs
[2024-06-10 10:08:39,856] {logging_mixin.py:103} INFO - [2024-06-10 10:08:39,855] {dag.py:2266} INFO - Setting next_dagrun for tutorial_etl_dag to None
[2024-06-10 10:08:39,871] {scheduler_job.py:189} INFO - Processing /home/anhcu/Project/Stock_project/airflow_venv/lib/python3.8/site-packages/airflow/example_dags/tutorial_etl_dag.py took 0.060 seconds
[2024-06-10 10:09:07,143] {scheduler_job.py:181} INFO - Started process (PID=67843) to work on /home/anhcu/Project/Stock_project/airflow_venv/lib/python3.8/site-packages/airflow/example_dags/tutorial_etl_dag.py
[2024-06-10 10:09:07,145] {scheduler_job.py:629} INFO - Processing file /home/anhcu/Project/Stock_project/airflow_venv/lib/python3.8/site-packages/airflow/example_dags/tutorial_etl_dag.py for tasks to queue
[2024-06-10 10:09:07,146] {logging_mixin.py:103} INFO - [2024-06-10 10:09:07,146] {dagbag.py:440} INFO - Filling up the DagBag from /home/anhcu/Project/Stock_project/airflow_venv/lib/python3.8/site-packages/airflow/example_dags/tutorial_etl_dag.py
[2024-06-10 10:09:07,152] {scheduler_job.py:639} INFO - DAG(s) dict_keys(['tutorial_etl_dag']) retrieved from /home/anhcu/Project/Stock_project/airflow_venv/lib/python3.8/site-packages/airflow/example_dags/tutorial_etl_dag.py
[2024-06-10 10:09:07,154] {logging_mixin.py:103} INFO - [2024-06-10 10:09:07,154] {dag.py:1813} INFO - Sync 1 DAGs
[2024-06-10 10:09:07,171] {logging_mixin.py:103} INFO - [2024-06-10 10:09:07,171] {dag.py:2266} INFO - Setting next_dagrun for tutorial_etl_dag to None
[2024-06-10 10:09:07,183] {scheduler_job.py:189} INFO - Processing /home/anhcu/Project/Stock_project/airflow_venv/lib/python3.8/site-packages/airflow/example_dags/tutorial_etl_dag.py took 0.045 seconds
[2024-06-10 10:09:33,357] {scheduler_job.py:181} INFO - Started process (PID=68001) to work on /home/anhcu/Project/Stock_project/airflow_venv/lib/python3.8/site-packages/airflow/example_dags/tutorial_etl_dag.py
[2024-06-10 10:09:33,359] {scheduler_job.py:629} INFO - Processing file /home/anhcu/Project/Stock_project/airflow_venv/lib/python3.8/site-packages/airflow/example_dags/tutorial_etl_dag.py for tasks to queue
[2024-06-10 10:09:33,360] {logging_mixin.py:103} INFO - [2024-06-10 10:09:33,360] {dagbag.py:440} INFO - Filling up the DagBag from /home/anhcu/Project/Stock_project/airflow_venv/lib/python3.8/site-packages/airflow/example_dags/tutorial_etl_dag.py
[2024-06-10 10:09:33,370] {scheduler_job.py:639} INFO - DAG(s) dict_keys(['tutorial_etl_dag']) retrieved from /home/anhcu/Project/Stock_project/airflow_venv/lib/python3.8/site-packages/airflow/example_dags/tutorial_etl_dag.py
[2024-06-10 10:09:33,371] {logging_mixin.py:103} INFO - [2024-06-10 10:09:33,371] {dag.py:1813} INFO - Sync 1 DAGs
[2024-06-10 10:09:33,388] {logging_mixin.py:103} INFO - [2024-06-10 10:09:33,388] {dag.py:2266} INFO - Setting next_dagrun for tutorial_etl_dag to None
[2024-06-10 10:09:33,399] {scheduler_job.py:189} INFO - Processing /home/anhcu/Project/Stock_project/airflow_venv/lib/python3.8/site-packages/airflow/example_dags/tutorial_etl_dag.py took 0.046 seconds
[2024-06-10 10:10:01,749] {scheduler_job.py:181} INFO - Started process (PID=68142) to work on /home/anhcu/Project/Stock_project/airflow_venv/lib/python3.8/site-packages/airflow/example_dags/tutorial_etl_dag.py
[2024-06-10 10:10:01,751] {scheduler_job.py:629} INFO - Processing file /home/anhcu/Project/Stock_project/airflow_venv/lib/python3.8/site-packages/airflow/example_dags/tutorial_etl_dag.py for tasks to queue
[2024-06-10 10:10:01,752] {logging_mixin.py:103} INFO - [2024-06-10 10:10:01,752] {dagbag.py:440} INFO - Filling up the DagBag from /home/anhcu/Project/Stock_project/airflow_venv/lib/python3.8/site-packages/airflow/example_dags/tutorial_etl_dag.py
[2024-06-10 10:10:01,760] {scheduler_job.py:639} INFO - DAG(s) dict_keys(['tutorial_etl_dag']) retrieved from /home/anhcu/Project/Stock_project/airflow_venv/lib/python3.8/site-packages/airflow/example_dags/tutorial_etl_dag.py
[2024-06-10 10:10:01,761] {logging_mixin.py:103} INFO - [2024-06-10 10:10:01,761] {dag.py:1813} INFO - Sync 1 DAGs
[2024-06-10 10:10:01,779] {logging_mixin.py:103} INFO - [2024-06-10 10:10:01,779] {dag.py:2266} INFO - Setting next_dagrun for tutorial_etl_dag to None
[2024-06-10 10:10:01,790] {scheduler_job.py:189} INFO - Processing /home/anhcu/Project/Stock_project/airflow_venv/lib/python3.8/site-packages/airflow/example_dags/tutorial_etl_dag.py took 0.046 seconds
[2024-06-10 10:10:29,458] {scheduler_job.py:181} INFO - Started process (PID=68282) to work on /home/anhcu/Project/Stock_project/airflow_venv/lib/python3.8/site-packages/airflow/example_dags/tutorial_etl_dag.py
[2024-06-10 10:10:29,463] {scheduler_job.py:629} INFO - Processing file /home/anhcu/Project/Stock_project/airflow_venv/lib/python3.8/site-packages/airflow/example_dags/tutorial_etl_dag.py for tasks to queue
[2024-06-10 10:10:29,468] {logging_mixin.py:103} INFO - [2024-06-10 10:10:29,468] {dagbag.py:440} INFO - Filling up the DagBag from /home/anhcu/Project/Stock_project/airflow_venv/lib/python3.8/site-packages/airflow/example_dags/tutorial_etl_dag.py
[2024-06-10 10:10:29,480] {scheduler_job.py:639} INFO - DAG(s) dict_keys(['tutorial_etl_dag']) retrieved from /home/anhcu/Project/Stock_project/airflow_venv/lib/python3.8/site-packages/airflow/example_dags/tutorial_etl_dag.py
[2024-06-10 10:10:29,481] {logging_mixin.py:103} INFO - [2024-06-10 10:10:29,481] {dag.py:1813} INFO - Sync 1 DAGs
[2024-06-10 10:10:29,500] {logging_mixin.py:103} INFO - [2024-06-10 10:10:29,500] {dag.py:2266} INFO - Setting next_dagrun for tutorial_etl_dag to None
[2024-06-10 10:10:29,517] {scheduler_job.py:189} INFO - Processing /home/anhcu/Project/Stock_project/airflow_venv/lib/python3.8/site-packages/airflow/example_dags/tutorial_etl_dag.py took 0.069 seconds
[2024-06-10 10:10:57,859] {scheduler_job.py:181} INFO - Started process (PID=68474) to work on /home/anhcu/Project/Stock_project/airflow_venv/lib/python3.8/site-packages/airflow/example_dags/tutorial_etl_dag.py
[2024-06-10 10:10:57,860] {scheduler_job.py:629} INFO - Processing file /home/anhcu/Project/Stock_project/airflow_venv/lib/python3.8/site-packages/airflow/example_dags/tutorial_etl_dag.py for tasks to queue
[2024-06-10 10:10:57,861] {logging_mixin.py:103} INFO - [2024-06-10 10:10:57,861] {dagbag.py:440} INFO - Filling up the DagBag from /home/anhcu/Project/Stock_project/airflow_venv/lib/python3.8/site-packages/airflow/example_dags/tutorial_etl_dag.py
[2024-06-10 10:10:57,869] {scheduler_job.py:639} INFO - DAG(s) dict_keys(['tutorial_etl_dag']) retrieved from /home/anhcu/Project/Stock_project/airflow_venv/lib/python3.8/site-packages/airflow/example_dags/tutorial_etl_dag.py
[2024-06-10 10:10:57,870] {logging_mixin.py:103} INFO - [2024-06-10 10:10:57,870] {dag.py:1813} INFO - Sync 1 DAGs
[2024-06-10 10:10:57,888] {logging_mixin.py:103} INFO - [2024-06-10 10:10:57,887] {dag.py:2266} INFO - Setting next_dagrun for tutorial_etl_dag to None
[2024-06-10 10:10:57,900] {scheduler_job.py:189} INFO - Processing /home/anhcu/Project/Stock_project/airflow_venv/lib/python3.8/site-packages/airflow/example_dags/tutorial_etl_dag.py took 0.047 seconds
[2024-06-10 10:11:26,900] {scheduler_job.py:181} INFO - Started process (PID=68650) to work on /home/anhcu/Project/Stock_project/airflow_venv/lib/python3.8/site-packages/airflow/example_dags/tutorial_etl_dag.py
[2024-06-10 10:11:26,902] {scheduler_job.py:629} INFO - Processing file /home/anhcu/Project/Stock_project/airflow_venv/lib/python3.8/site-packages/airflow/example_dags/tutorial_etl_dag.py for tasks to queue
[2024-06-10 10:11:26,902] {logging_mixin.py:103} INFO - [2024-06-10 10:11:26,902] {dagbag.py:440} INFO - Filling up the DagBag from /home/anhcu/Project/Stock_project/airflow_venv/lib/python3.8/site-packages/airflow/example_dags/tutorial_etl_dag.py
[2024-06-10 10:11:26,910] {scheduler_job.py:639} INFO - DAG(s) dict_keys(['tutorial_etl_dag']) retrieved from /home/anhcu/Project/Stock_project/airflow_venv/lib/python3.8/site-packages/airflow/example_dags/tutorial_etl_dag.py
[2024-06-10 10:11:26,911] {logging_mixin.py:103} INFO - [2024-06-10 10:11:26,911] {dag.py:1813} INFO - Sync 1 DAGs
[2024-06-10 10:11:26,926] {logging_mixin.py:103} INFO - [2024-06-10 10:11:26,926] {dag.py:2266} INFO - Setting next_dagrun for tutorial_etl_dag to None
[2024-06-10 10:11:26,937] {scheduler_job.py:189} INFO - Processing /home/anhcu/Project/Stock_project/airflow_venv/lib/python3.8/site-packages/airflow/example_dags/tutorial_etl_dag.py took 0.041 seconds
[2024-06-10 10:12:00,936] {scheduler_job.py:181} INFO - Started process (PID=68888) to work on /home/anhcu/Project/Stock_project/airflow_venv/lib/python3.8/site-packages/airflow/example_dags/tutorial_etl_dag.py
[2024-06-10 10:12:00,937] {scheduler_job.py:629} INFO - Processing file /home/anhcu/Project/Stock_project/airflow_venv/lib/python3.8/site-packages/airflow/example_dags/tutorial_etl_dag.py for tasks to queue
[2024-06-10 10:12:00,938] {logging_mixin.py:103} INFO - [2024-06-10 10:12:00,938] {dagbag.py:440} INFO - Filling up the DagBag from /home/anhcu/Project/Stock_project/airflow_venv/lib/python3.8/site-packages/airflow/example_dags/tutorial_etl_dag.py
[2024-06-10 10:12:00,948] {scheduler_job.py:639} INFO - DAG(s) dict_keys(['tutorial_etl_dag']) retrieved from /home/anhcu/Project/Stock_project/airflow_venv/lib/python3.8/site-packages/airflow/example_dags/tutorial_etl_dag.py
[2024-06-10 10:12:00,950] {logging_mixin.py:103} INFO - [2024-06-10 10:12:00,949] {dag.py:1813} INFO - Sync 1 DAGs
[2024-06-10 10:12:00,965] {logging_mixin.py:103} INFO - [2024-06-10 10:12:00,965] {dag.py:2266} INFO - Setting next_dagrun for tutorial_etl_dag to None
[2024-06-10 10:12:00,978] {scheduler_job.py:189} INFO - Processing /home/anhcu/Project/Stock_project/airflow_venv/lib/python3.8/site-packages/airflow/example_dags/tutorial_etl_dag.py took 0.046 seconds
[2024-06-10 10:12:33,100] {scheduler_job.py:181} INFO - Started process (PID=69096) to work on /home/anhcu/Project/Stock_project/airflow_venv/lib/python3.8/site-packages/airflow/example_dags/tutorial_etl_dag.py
[2024-06-10 10:12:33,102] {scheduler_job.py:629} INFO - Processing file /home/anhcu/Project/Stock_project/airflow_venv/lib/python3.8/site-packages/airflow/example_dags/tutorial_etl_dag.py for tasks to queue
[2024-06-10 10:12:33,103] {logging_mixin.py:103} INFO - [2024-06-10 10:12:33,103] {dagbag.py:440} INFO - Filling up the DagBag from /home/anhcu/Project/Stock_project/airflow_venv/lib/python3.8/site-packages/airflow/example_dags/tutorial_etl_dag.py
[2024-06-10 10:12:33,113] {scheduler_job.py:639} INFO - DAG(s) dict_keys(['tutorial_etl_dag']) retrieved from /home/anhcu/Project/Stock_project/airflow_venv/lib/python3.8/site-packages/airflow/example_dags/tutorial_etl_dag.py
[2024-06-10 10:12:33,114] {logging_mixin.py:103} INFO - [2024-06-10 10:12:33,114] {dag.py:1813} INFO - Sync 1 DAGs
[2024-06-10 10:12:33,129] {logging_mixin.py:103} INFO - [2024-06-10 10:12:33,129] {dag.py:2266} INFO - Setting next_dagrun for tutorial_etl_dag to None
[2024-06-10 10:12:33,142] {scheduler_job.py:189} INFO - Processing /home/anhcu/Project/Stock_project/airflow_venv/lib/python3.8/site-packages/airflow/example_dags/tutorial_etl_dag.py took 0.045 seconds
[2024-06-10 10:13:01,689] {scheduler_job.py:181} INFO - Started process (PID=69284) to work on /home/anhcu/Project/Stock_project/airflow_venv/lib/python3.8/site-packages/airflow/example_dags/tutorial_etl_dag.py
[2024-06-10 10:13:01,691] {scheduler_job.py:629} INFO - Processing file /home/anhcu/Project/Stock_project/airflow_venv/lib/python3.8/site-packages/airflow/example_dags/tutorial_etl_dag.py for tasks to queue
[2024-06-10 10:13:01,692] {logging_mixin.py:103} INFO - [2024-06-10 10:13:01,691] {dagbag.py:440} INFO - Filling up the DagBag from /home/anhcu/Project/Stock_project/airflow_venv/lib/python3.8/site-packages/airflow/example_dags/tutorial_etl_dag.py
[2024-06-10 10:13:01,702] {scheduler_job.py:639} INFO - DAG(s) dict_keys(['tutorial_etl_dag']) retrieved from /home/anhcu/Project/Stock_project/airflow_venv/lib/python3.8/site-packages/airflow/example_dags/tutorial_etl_dag.py
[2024-06-10 10:13:01,703] {logging_mixin.py:103} INFO - [2024-06-10 10:13:01,703] {dag.py:1813} INFO - Sync 1 DAGs
[2024-06-10 10:13:01,718] {logging_mixin.py:103} INFO - [2024-06-10 10:13:01,718] {dag.py:2266} INFO - Setting next_dagrun for tutorial_etl_dag to None
[2024-06-10 10:13:01,731] {scheduler_job.py:189} INFO - Processing /home/anhcu/Project/Stock_project/airflow_venv/lib/python3.8/site-packages/airflow/example_dags/tutorial_etl_dag.py took 0.045 seconds
[2024-06-10 10:13:31,350] {scheduler_job.py:181} INFO - Started process (PID=69437) to work on /home/anhcu/Project/Stock_project/airflow_venv/lib/python3.8/site-packages/airflow/example_dags/tutorial_etl_dag.py
[2024-06-10 10:13:31,352] {scheduler_job.py:629} INFO - Processing file /home/anhcu/Project/Stock_project/airflow_venv/lib/python3.8/site-packages/airflow/example_dags/tutorial_etl_dag.py for tasks to queue
[2024-06-10 10:13:31,353] {logging_mixin.py:103} INFO - [2024-06-10 10:13:31,353] {dagbag.py:440} INFO - Filling up the DagBag from /home/anhcu/Project/Stock_project/airflow_venv/lib/python3.8/site-packages/airflow/example_dags/tutorial_etl_dag.py
[2024-06-10 10:13:31,363] {scheduler_job.py:639} INFO - DAG(s) dict_keys(['tutorial_etl_dag']) retrieved from /home/anhcu/Project/Stock_project/airflow_venv/lib/python3.8/site-packages/airflow/example_dags/tutorial_etl_dag.py
[2024-06-10 10:13:31,364] {logging_mixin.py:103} INFO - [2024-06-10 10:13:31,364] {dag.py:1813} INFO - Sync 1 DAGs
[2024-06-10 10:13:31,379] {logging_mixin.py:103} INFO - [2024-06-10 10:13:31,379] {dag.py:2266} INFO - Setting next_dagrun for tutorial_etl_dag to None
[2024-06-10 10:13:31,393] {scheduler_job.py:189} INFO - Processing /home/anhcu/Project/Stock_project/airflow_venv/lib/python3.8/site-packages/airflow/example_dags/tutorial_etl_dag.py took 0.046 seconds
[2024-06-10 10:14:00,472] {scheduler_job.py:181} INFO - Started process (PID=69591) to work on /home/anhcu/Project/Stock_project/airflow_venv/lib/python3.8/site-packages/airflow/example_dags/tutorial_etl_dag.py
[2024-06-10 10:14:00,474] {scheduler_job.py:629} INFO - Processing file /home/anhcu/Project/Stock_project/airflow_venv/lib/python3.8/site-packages/airflow/example_dags/tutorial_etl_dag.py for tasks to queue
[2024-06-10 10:14:00,475] {logging_mixin.py:103} INFO - [2024-06-10 10:14:00,474] {dagbag.py:440} INFO - Filling up the DagBag from /home/anhcu/Project/Stock_project/airflow_venv/lib/python3.8/site-packages/airflow/example_dags/tutorial_etl_dag.py
[2024-06-10 10:14:00,485] {scheduler_job.py:639} INFO - DAG(s) dict_keys(['tutorial_etl_dag']) retrieved from /home/anhcu/Project/Stock_project/airflow_venv/lib/python3.8/site-packages/airflow/example_dags/tutorial_etl_dag.py
[2024-06-10 10:14:00,486] {logging_mixin.py:103} INFO - [2024-06-10 10:14:00,486] {dag.py:1813} INFO - Sync 1 DAGs
[2024-06-10 10:14:00,503] {logging_mixin.py:103} INFO - [2024-06-10 10:14:00,503] {dag.py:2266} INFO - Setting next_dagrun for tutorial_etl_dag to None
[2024-06-10 10:14:00,514] {scheduler_job.py:189} INFO - Processing /home/anhcu/Project/Stock_project/airflow_venv/lib/python3.8/site-packages/airflow/example_dags/tutorial_etl_dag.py took 0.045 seconds
[2024-06-10 10:14:29,610] {scheduler_job.py:181} INFO - Started process (PID=69750) to work on /home/anhcu/Project/Stock_project/airflow_venv/lib/python3.8/site-packages/airflow/example_dags/tutorial_etl_dag.py
[2024-06-10 10:14:29,611] {scheduler_job.py:629} INFO - Processing file /home/anhcu/Project/Stock_project/airflow_venv/lib/python3.8/site-packages/airflow/example_dags/tutorial_etl_dag.py for tasks to queue
[2024-06-10 10:14:29,612] {logging_mixin.py:103} INFO - [2024-06-10 10:14:29,612] {dagbag.py:440} INFO - Filling up the DagBag from /home/anhcu/Project/Stock_project/airflow_venv/lib/python3.8/site-packages/airflow/example_dags/tutorial_etl_dag.py
[2024-06-10 10:14:29,622] {scheduler_job.py:639} INFO - DAG(s) dict_keys(['tutorial_etl_dag']) retrieved from /home/anhcu/Project/Stock_project/airflow_venv/lib/python3.8/site-packages/airflow/example_dags/tutorial_etl_dag.py
[2024-06-10 10:14:29,623] {logging_mixin.py:103} INFO - [2024-06-10 10:14:29,623] {dag.py:1813} INFO - Sync 1 DAGs
[2024-06-10 10:14:29,640] {logging_mixin.py:103} INFO - [2024-06-10 10:14:29,640] {dag.py:2266} INFO - Setting next_dagrun for tutorial_etl_dag to None
[2024-06-10 10:14:29,651] {scheduler_job.py:189} INFO - Processing /home/anhcu/Project/Stock_project/airflow_venv/lib/python3.8/site-packages/airflow/example_dags/tutorial_etl_dag.py took 0.045 seconds
[2024-06-10 10:15:38,157] {scheduler_job.py:181} INFO - Started process (PID=70128) to work on /home/anhcu/Project/Stock_project/airflow_venv/lib/python3.8/site-packages/airflow/example_dags/tutorial_etl_dag.py
[2024-06-10 10:15:38,159] {scheduler_job.py:629} INFO - Processing file /home/anhcu/Project/Stock_project/airflow_venv/lib/python3.8/site-packages/airflow/example_dags/tutorial_etl_dag.py for tasks to queue
[2024-06-10 10:15:38,160] {logging_mixin.py:103} INFO - [2024-06-10 10:15:38,160] {dagbag.py:440} INFO - Filling up the DagBag from /home/anhcu/Project/Stock_project/airflow_venv/lib/python3.8/site-packages/airflow/example_dags/tutorial_etl_dag.py
[2024-06-10 10:15:38,170] {scheduler_job.py:639} INFO - DAG(s) dict_keys(['tutorial_etl_dag']) retrieved from /home/anhcu/Project/Stock_project/airflow_venv/lib/python3.8/site-packages/airflow/example_dags/tutorial_etl_dag.py
[2024-06-10 10:15:38,171] {logging_mixin.py:103} INFO - [2024-06-10 10:15:38,171] {dag.py:1813} INFO - Sync 1 DAGs
[2024-06-10 10:15:38,186] {logging_mixin.py:103} INFO - [2024-06-10 10:15:38,186] {dag.py:2266} INFO - Setting next_dagrun for tutorial_etl_dag to None
[2024-06-10 10:15:38,199] {scheduler_job.py:189} INFO - Processing /home/anhcu/Project/Stock_project/airflow_venv/lib/python3.8/site-packages/airflow/example_dags/tutorial_etl_dag.py took 0.045 seconds
[2024-06-10 10:16:07,337] {scheduler_job.py:181} INFO - Started process (PID=70339) to work on /home/anhcu/Project/Stock_project/airflow_venv/lib/python3.8/site-packages/airflow/example_dags/tutorial_etl_dag.py
[2024-06-10 10:16:07,339] {scheduler_job.py:629} INFO - Processing file /home/anhcu/Project/Stock_project/airflow_venv/lib/python3.8/site-packages/airflow/example_dags/tutorial_etl_dag.py for tasks to queue
[2024-06-10 10:16:07,339] {logging_mixin.py:103} INFO - [2024-06-10 10:16:07,339] {dagbag.py:440} INFO - Filling up the DagBag from /home/anhcu/Project/Stock_project/airflow_venv/lib/python3.8/site-packages/airflow/example_dags/tutorial_etl_dag.py
[2024-06-10 10:16:07,349] {scheduler_job.py:639} INFO - DAG(s) dict_keys(['tutorial_etl_dag']) retrieved from /home/anhcu/Project/Stock_project/airflow_venv/lib/python3.8/site-packages/airflow/example_dags/tutorial_etl_dag.py
[2024-06-10 10:16:07,350] {logging_mixin.py:103} INFO - [2024-06-10 10:16:07,350] {dag.py:1813} INFO - Sync 1 DAGs
[2024-06-10 10:16:07,365] {logging_mixin.py:103} INFO - [2024-06-10 10:16:07,365] {dag.py:2266} INFO - Setting next_dagrun for tutorial_etl_dag to None
[2024-06-10 10:16:07,378] {scheduler_job.py:189} INFO - Processing /home/anhcu/Project/Stock_project/airflow_venv/lib/python3.8/site-packages/airflow/example_dags/tutorial_etl_dag.py took 0.045 seconds
[2024-06-10 10:16:37,461] {scheduler_job.py:181} INFO - Started process (PID=70532) to work on /home/anhcu/Project/Stock_project/airflow_venv/lib/python3.8/site-packages/airflow/example_dags/tutorial_etl_dag.py
[2024-06-10 10:16:37,463] {scheduler_job.py:629} INFO - Processing file /home/anhcu/Project/Stock_project/airflow_venv/lib/python3.8/site-packages/airflow/example_dags/tutorial_etl_dag.py for tasks to queue
[2024-06-10 10:16:37,464] {logging_mixin.py:103} INFO - [2024-06-10 10:16:37,464] {dagbag.py:440} INFO - Filling up the DagBag from /home/anhcu/Project/Stock_project/airflow_venv/lib/python3.8/site-packages/airflow/example_dags/tutorial_etl_dag.py
[2024-06-10 10:16:37,474] {scheduler_job.py:639} INFO - DAG(s) dict_keys(['tutorial_etl_dag']) retrieved from /home/anhcu/Project/Stock_project/airflow_venv/lib/python3.8/site-packages/airflow/example_dags/tutorial_etl_dag.py
[2024-06-10 10:16:37,475] {logging_mixin.py:103} INFO - [2024-06-10 10:16:37,475] {dag.py:1813} INFO - Sync 1 DAGs
[2024-06-10 10:16:37,493] {logging_mixin.py:103} INFO - [2024-06-10 10:16:37,493] {dag.py:2266} INFO - Setting next_dagrun for tutorial_etl_dag to None
[2024-06-10 10:16:37,507] {scheduler_job.py:189} INFO - Processing /home/anhcu/Project/Stock_project/airflow_venv/lib/python3.8/site-packages/airflow/example_dags/tutorial_etl_dag.py took 0.049 seconds
[2024-06-10 10:17:05,946] {scheduler_job.py:181} INFO - Started process (PID=70786) to work on /home/anhcu/Project/Stock_project/airflow_venv/lib/python3.8/site-packages/airflow/example_dags/tutorial_etl_dag.py
[2024-06-10 10:17:05,947] {scheduler_job.py:629} INFO - Processing file /home/anhcu/Project/Stock_project/airflow_venv/lib/python3.8/site-packages/airflow/example_dags/tutorial_etl_dag.py for tasks to queue
[2024-06-10 10:17:05,948] {logging_mixin.py:103} INFO - [2024-06-10 10:17:05,948] {dagbag.py:440} INFO - Filling up the DagBag from /home/anhcu/Project/Stock_project/airflow_venv/lib/python3.8/site-packages/airflow/example_dags/tutorial_etl_dag.py
[2024-06-10 10:17:05,958] {scheduler_job.py:639} INFO - DAG(s) dict_keys(['tutorial_etl_dag']) retrieved from /home/anhcu/Project/Stock_project/airflow_venv/lib/python3.8/site-packages/airflow/example_dags/tutorial_etl_dag.py
[2024-06-10 10:17:05,959] {logging_mixin.py:103} INFO - [2024-06-10 10:17:05,959] {dag.py:1813} INFO - Sync 1 DAGs
[2024-06-10 10:17:05,974] {logging_mixin.py:103} INFO - [2024-06-10 10:17:05,973] {dag.py:2266} INFO - Setting next_dagrun for tutorial_etl_dag to None
[2024-06-10 10:17:05,987] {scheduler_job.py:189} INFO - Processing /home/anhcu/Project/Stock_project/airflow_venv/lib/python3.8/site-packages/airflow/example_dags/tutorial_etl_dag.py took 0.045 seconds
[2024-06-10 10:17:36,737] {scheduler_job.py:181} INFO - Started process (PID=71012) to work on /home/anhcu/Project/Stock_project/airflow_venv/lib/python3.8/site-packages/airflow/example_dags/tutorial_etl_dag.py
[2024-06-10 10:17:36,738] {scheduler_job.py:629} INFO - Processing file /home/anhcu/Project/Stock_project/airflow_venv/lib/python3.8/site-packages/airflow/example_dags/tutorial_etl_dag.py for tasks to queue
[2024-06-10 10:17:36,739] {logging_mixin.py:103} INFO - [2024-06-10 10:17:36,739] {dagbag.py:440} INFO - Filling up the DagBag from /home/anhcu/Project/Stock_project/airflow_venv/lib/python3.8/site-packages/airflow/example_dags/tutorial_etl_dag.py
[2024-06-10 10:17:36,750] {scheduler_job.py:639} INFO - DAG(s) dict_keys(['tutorial_etl_dag']) retrieved from /home/anhcu/Project/Stock_project/airflow_venv/lib/python3.8/site-packages/airflow/example_dags/tutorial_etl_dag.py
[2024-06-10 10:17:36,751] {logging_mixin.py:103} INFO - [2024-06-10 10:17:36,751] {dag.py:1813} INFO - Sync 1 DAGs
[2024-06-10 10:17:36,768] {logging_mixin.py:103} INFO - [2024-06-10 10:17:36,768] {dag.py:2266} INFO - Setting next_dagrun for tutorial_etl_dag to None
[2024-06-10 10:17:36,779] {scheduler_job.py:189} INFO - Processing /home/anhcu/Project/Stock_project/airflow_venv/lib/python3.8/site-packages/airflow/example_dags/tutorial_etl_dag.py took 0.047 seconds
[2024-06-10 10:18:06,840] {scheduler_job.py:181} INFO - Started process (PID=71169) to work on /home/anhcu/Project/Stock_project/airflow_venv/lib/python3.8/site-packages/airflow/example_dags/tutorial_etl_dag.py
[2024-06-10 10:18:06,841] {scheduler_job.py:629} INFO - Processing file /home/anhcu/Project/Stock_project/airflow_venv/lib/python3.8/site-packages/airflow/example_dags/tutorial_etl_dag.py for tasks to queue
[2024-06-10 10:18:06,842] {logging_mixin.py:103} INFO - [2024-06-10 10:18:06,842] {dagbag.py:440} INFO - Filling up the DagBag from /home/anhcu/Project/Stock_project/airflow_venv/lib/python3.8/site-packages/airflow/example_dags/tutorial_etl_dag.py
[2024-06-10 10:18:06,852] {scheduler_job.py:639} INFO - DAG(s) dict_keys(['tutorial_etl_dag']) retrieved from /home/anhcu/Project/Stock_project/airflow_venv/lib/python3.8/site-packages/airflow/example_dags/tutorial_etl_dag.py
[2024-06-10 10:18:06,853] {logging_mixin.py:103} INFO - [2024-06-10 10:18:06,853] {dag.py:1813} INFO - Sync 1 DAGs
[2024-06-10 10:18:06,870] {logging_mixin.py:103} INFO - [2024-06-10 10:18:06,870] {dag.py:2266} INFO - Setting next_dagrun for tutorial_etl_dag to None
[2024-06-10 10:18:06,881] {scheduler_job.py:189} INFO - Processing /home/anhcu/Project/Stock_project/airflow_venv/lib/python3.8/site-packages/airflow/example_dags/tutorial_etl_dag.py took 0.044 seconds
[2024-06-10 10:18:38,367] {scheduler_job.py:181} INFO - Started process (PID=71647) to work on /home/anhcu/Project/Stock_project/airflow_venv/lib/python3.8/site-packages/airflow/example_dags/tutorial_etl_dag.py
[2024-06-10 10:18:38,371] {scheduler_job.py:629} INFO - Processing file /home/anhcu/Project/Stock_project/airflow_venv/lib/python3.8/site-packages/airflow/example_dags/tutorial_etl_dag.py for tasks to queue
[2024-06-10 10:18:38,382] {logging_mixin.py:103} INFO - [2024-06-10 10:18:38,382] {dagbag.py:440} INFO - Filling up the DagBag from /home/anhcu/Project/Stock_project/airflow_venv/lib/python3.8/site-packages/airflow/example_dags/tutorial_etl_dag.py
[2024-06-10 10:18:38,397] {scheduler_job.py:639} INFO - DAG(s) dict_keys(['tutorial_etl_dag']) retrieved from /home/anhcu/Project/Stock_project/airflow_venv/lib/python3.8/site-packages/airflow/example_dags/tutorial_etl_dag.py
[2024-06-10 10:18:38,399] {logging_mixin.py:103} INFO - [2024-06-10 10:18:38,398] {dag.py:1813} INFO - Sync 1 DAGs
[2024-06-10 10:18:38,424] {logging_mixin.py:103} INFO - [2024-06-10 10:18:38,424] {dag.py:2266} INFO - Setting next_dagrun for tutorial_etl_dag to None
[2024-06-10 10:18:38,446] {scheduler_job.py:189} INFO - Processing /home/anhcu/Project/Stock_project/airflow_venv/lib/python3.8/site-packages/airflow/example_dags/tutorial_etl_dag.py took 0.086 seconds
[2024-06-10 10:19:08,620] {scheduler_job.py:181} INFO - Started process (PID=71833) to work on /home/anhcu/Project/Stock_project/airflow_venv/lib/python3.8/site-packages/airflow/example_dags/tutorial_etl_dag.py
[2024-06-10 10:19:08,622] {scheduler_job.py:629} INFO - Processing file /home/anhcu/Project/Stock_project/airflow_venv/lib/python3.8/site-packages/airflow/example_dags/tutorial_etl_dag.py for tasks to queue
[2024-06-10 10:19:08,623] {logging_mixin.py:103} INFO - [2024-06-10 10:19:08,623] {dagbag.py:440} INFO - Filling up the DagBag from /home/anhcu/Project/Stock_project/airflow_venv/lib/python3.8/site-packages/airflow/example_dags/tutorial_etl_dag.py
[2024-06-10 10:19:08,633] {scheduler_job.py:639} INFO - DAG(s) dict_keys(['tutorial_etl_dag']) retrieved from /home/anhcu/Project/Stock_project/airflow_venv/lib/python3.8/site-packages/airflow/example_dags/tutorial_etl_dag.py
[2024-06-10 10:19:08,634] {logging_mixin.py:103} INFO - [2024-06-10 10:19:08,634] {dag.py:1813} INFO - Sync 1 DAGs
[2024-06-10 10:19:08,652] {logging_mixin.py:103} INFO - [2024-06-10 10:19:08,652] {dag.py:2266} INFO - Setting next_dagrun for tutorial_etl_dag to None
[2024-06-10 10:19:08,663] {scheduler_job.py:189} INFO - Processing /home/anhcu/Project/Stock_project/airflow_venv/lib/python3.8/site-packages/airflow/example_dags/tutorial_etl_dag.py took 0.046 seconds
[2024-06-10 10:19:48,614] {scheduler_job.py:181} INFO - Started process (PID=72191) to work on /home/anhcu/Project/Stock_project/airflow_venv/lib/python3.8/site-packages/airflow/example_dags/tutorial_etl_dag.py
[2024-06-10 10:19:48,616] {scheduler_job.py:629} INFO - Processing file /home/anhcu/Project/Stock_project/airflow_venv/lib/python3.8/site-packages/airflow/example_dags/tutorial_etl_dag.py for tasks to queue
[2024-06-10 10:19:48,617] {logging_mixin.py:103} INFO - [2024-06-10 10:19:48,617] {dagbag.py:440} INFO - Filling up the DagBag from /home/anhcu/Project/Stock_project/airflow_venv/lib/python3.8/site-packages/airflow/example_dags/tutorial_etl_dag.py
[2024-06-10 10:19:48,627] {scheduler_job.py:639} INFO - DAG(s) dict_keys(['tutorial_etl_dag']) retrieved from /home/anhcu/Project/Stock_project/airflow_venv/lib/python3.8/site-packages/airflow/example_dags/tutorial_etl_dag.py
[2024-06-10 10:19:48,628] {logging_mixin.py:103} INFO - [2024-06-10 10:19:48,628] {dag.py:1813} INFO - Sync 1 DAGs
[2024-06-10 10:19:48,645] {logging_mixin.py:103} INFO - [2024-06-10 10:19:48,645] {dag.py:2266} INFO - Setting next_dagrun for tutorial_etl_dag to None
[2024-06-10 10:19:48,656] {scheduler_job.py:189} INFO - Processing /home/anhcu/Project/Stock_project/airflow_venv/lib/python3.8/site-packages/airflow/example_dags/tutorial_etl_dag.py took 0.045 seconds
[2024-06-10 10:20:17,429] {scheduler_job.py:181} INFO - Started process (PID=72464) to work on /home/anhcu/Project/Stock_project/airflow_venv/lib/python3.8/site-packages/airflow/example_dags/tutorial_etl_dag.py
[2024-06-10 10:20:17,430] {scheduler_job.py:629} INFO - Processing file /home/anhcu/Project/Stock_project/airflow_venv/lib/python3.8/site-packages/airflow/example_dags/tutorial_etl_dag.py for tasks to queue
[2024-06-10 10:20:17,431] {logging_mixin.py:103} INFO - [2024-06-10 10:20:17,431] {dagbag.py:440} INFO - Filling up the DagBag from /home/anhcu/Project/Stock_project/airflow_venv/lib/python3.8/site-packages/airflow/example_dags/tutorial_etl_dag.py
[2024-06-10 10:20:17,441] {scheduler_job.py:639} INFO - DAG(s) dict_keys(['tutorial_etl_dag']) retrieved from /home/anhcu/Project/Stock_project/airflow_venv/lib/python3.8/site-packages/airflow/example_dags/tutorial_etl_dag.py
[2024-06-10 10:20:17,442] {logging_mixin.py:103} INFO - [2024-06-10 10:20:17,442] {dag.py:1813} INFO - Sync 1 DAGs
[2024-06-10 10:20:17,461] {logging_mixin.py:103} INFO - [2024-06-10 10:20:17,460] {dag.py:2266} INFO - Setting next_dagrun for tutorial_etl_dag to None
[2024-06-10 10:20:17,472] {scheduler_job.py:189} INFO - Processing /home/anhcu/Project/Stock_project/airflow_venv/lib/python3.8/site-packages/airflow/example_dags/tutorial_etl_dag.py took 0.047 seconds
[2024-06-10 10:20:48,914] {scheduler_job.py:181} INFO - Started process (PID=72697) to work on /home/anhcu/Project/Stock_project/airflow_venv/lib/python3.8/site-packages/airflow/example_dags/tutorial_etl_dag.py
[2024-06-10 10:20:48,915] {scheduler_job.py:629} INFO - Processing file /home/anhcu/Project/Stock_project/airflow_venv/lib/python3.8/site-packages/airflow/example_dags/tutorial_etl_dag.py for tasks to queue
[2024-06-10 10:20:48,916] {logging_mixin.py:103} INFO - [2024-06-10 10:20:48,916] {dagbag.py:440} INFO - Filling up the DagBag from /home/anhcu/Project/Stock_project/airflow_venv/lib/python3.8/site-packages/airflow/example_dags/tutorial_etl_dag.py
[2024-06-10 10:20:48,926] {scheduler_job.py:639} INFO - DAG(s) dict_keys(['tutorial_etl_dag']) retrieved from /home/anhcu/Project/Stock_project/airflow_venv/lib/python3.8/site-packages/airflow/example_dags/tutorial_etl_dag.py
[2024-06-10 10:20:48,927] {logging_mixin.py:103} INFO - [2024-06-10 10:20:48,927] {dag.py:1813} INFO - Sync 1 DAGs
[2024-06-10 10:20:48,944] {logging_mixin.py:103} INFO - [2024-06-10 10:20:48,944] {dag.py:2266} INFO - Setting next_dagrun for tutorial_etl_dag to None
[2024-06-10 10:20:48,955] {scheduler_job.py:189} INFO - Processing /home/anhcu/Project/Stock_project/airflow_venv/lib/python3.8/site-packages/airflow/example_dags/tutorial_etl_dag.py took 0.045 seconds
[2024-06-10 10:21:19,734] {scheduler_job.py:181} INFO - Started process (PID=72887) to work on /home/anhcu/Project/Stock_project/airflow_venv/lib/python3.8/site-packages/airflow/example_dags/tutorial_etl_dag.py
[2024-06-10 10:21:19,736] {scheduler_job.py:629} INFO - Processing file /home/anhcu/Project/Stock_project/airflow_venv/lib/python3.8/site-packages/airflow/example_dags/tutorial_etl_dag.py for tasks to queue
[2024-06-10 10:21:19,737] {logging_mixin.py:103} INFO - [2024-06-10 10:21:19,737] {dagbag.py:440} INFO - Filling up the DagBag from /home/anhcu/Project/Stock_project/airflow_venv/lib/python3.8/site-packages/airflow/example_dags/tutorial_etl_dag.py
[2024-06-10 10:21:19,752] {scheduler_job.py:639} INFO - DAG(s) dict_keys(['tutorial_etl_dag']) retrieved from /home/anhcu/Project/Stock_project/airflow_venv/lib/python3.8/site-packages/airflow/example_dags/tutorial_etl_dag.py
[2024-06-10 10:21:19,753] {logging_mixin.py:103} INFO - [2024-06-10 10:21:19,753] {dag.py:1813} INFO - Sync 1 DAGs
[2024-06-10 10:21:19,769] {logging_mixin.py:103} INFO - [2024-06-10 10:21:19,769] {dag.py:2266} INFO - Setting next_dagrun for tutorial_etl_dag to None
[2024-06-10 10:21:19,781] {scheduler_job.py:189} INFO - Processing /home/anhcu/Project/Stock_project/airflow_venv/lib/python3.8/site-packages/airflow/example_dags/tutorial_etl_dag.py took 0.050 seconds
[2024-06-10 10:21:50,764] {scheduler_job.py:181} INFO - Started process (PID=73087) to work on /home/anhcu/Project/Stock_project/airflow_venv/lib/python3.8/site-packages/airflow/example_dags/tutorial_etl_dag.py
[2024-06-10 10:21:50,765] {scheduler_job.py:629} INFO - Processing file /home/anhcu/Project/Stock_project/airflow_venv/lib/python3.8/site-packages/airflow/example_dags/tutorial_etl_dag.py for tasks to queue
[2024-06-10 10:21:50,766] {logging_mixin.py:103} INFO - [2024-06-10 10:21:50,766] {dagbag.py:440} INFO - Filling up the DagBag from /home/anhcu/Project/Stock_project/airflow_venv/lib/python3.8/site-packages/airflow/example_dags/tutorial_etl_dag.py
[2024-06-10 10:21:50,779] {scheduler_job.py:639} INFO - DAG(s) dict_keys(['tutorial_etl_dag']) retrieved from /home/anhcu/Project/Stock_project/airflow_venv/lib/python3.8/site-packages/airflow/example_dags/tutorial_etl_dag.py
[2024-06-10 10:21:50,779] {logging_mixin.py:103} INFO - [2024-06-10 10:21:50,779] {dag.py:1813} INFO - Sync 1 DAGs
[2024-06-10 10:21:50,794] {logging_mixin.py:103} INFO - [2024-06-10 10:21:50,794] {dag.py:2266} INFO - Setting next_dagrun for tutorial_etl_dag to None
[2024-06-10 10:21:50,806] {scheduler_job.py:189} INFO - Processing /home/anhcu/Project/Stock_project/airflow_venv/lib/python3.8/site-packages/airflow/example_dags/tutorial_etl_dag.py took 0.045 seconds
[2024-06-10 10:22:18,850] {scheduler_job.py:181} INFO - Started process (PID=73278) to work on /home/anhcu/Project/Stock_project/airflow_venv/lib/python3.8/site-packages/airflow/example_dags/tutorial_etl_dag.py
[2024-06-10 10:22:18,851] {scheduler_job.py:629} INFO - Processing file /home/anhcu/Project/Stock_project/airflow_venv/lib/python3.8/site-packages/airflow/example_dags/tutorial_etl_dag.py for tasks to queue
[2024-06-10 10:22:18,852] {logging_mixin.py:103} INFO - [2024-06-10 10:22:18,852] {dagbag.py:440} INFO - Filling up the DagBag from /home/anhcu/Project/Stock_project/airflow_venv/lib/python3.8/site-packages/airflow/example_dags/tutorial_etl_dag.py
[2024-06-10 10:22:18,865] {scheduler_job.py:639} INFO - DAG(s) dict_keys(['tutorial_etl_dag']) retrieved from /home/anhcu/Project/Stock_project/airflow_venv/lib/python3.8/site-packages/airflow/example_dags/tutorial_etl_dag.py
[2024-06-10 10:22:18,866] {logging_mixin.py:103} INFO - [2024-06-10 10:22:18,866] {dag.py:1813} INFO - Sync 1 DAGs
[2024-06-10 10:22:18,883] {logging_mixin.py:103} INFO - [2024-06-10 10:22:18,883] {dag.py:2266} INFO - Setting next_dagrun for tutorial_etl_dag to None
[2024-06-10 10:22:18,896] {scheduler_job.py:189} INFO - Processing /home/anhcu/Project/Stock_project/airflow_venv/lib/python3.8/site-packages/airflow/example_dags/tutorial_etl_dag.py took 0.050 seconds
[2024-06-10 10:22:46,869] {scheduler_job.py:181} INFO - Started process (PID=73435) to work on /home/anhcu/Project/Stock_project/airflow_venv/lib/python3.8/site-packages/airflow/example_dags/tutorial_etl_dag.py
[2024-06-10 10:22:46,871] {scheduler_job.py:629} INFO - Processing file /home/anhcu/Project/Stock_project/airflow_venv/lib/python3.8/site-packages/airflow/example_dags/tutorial_etl_dag.py for tasks to queue
[2024-06-10 10:22:46,871] {logging_mixin.py:103} INFO - [2024-06-10 10:22:46,871] {dagbag.py:440} INFO - Filling up the DagBag from /home/anhcu/Project/Stock_project/airflow_venv/lib/python3.8/site-packages/airflow/example_dags/tutorial_etl_dag.py
[2024-06-10 10:22:46,884] {scheduler_job.py:639} INFO - DAG(s) dict_keys(['tutorial_etl_dag']) retrieved from /home/anhcu/Project/Stock_project/airflow_venv/lib/python3.8/site-packages/airflow/example_dags/tutorial_etl_dag.py
[2024-06-10 10:22:46,885] {logging_mixin.py:103} INFO - [2024-06-10 10:22:46,885] {dag.py:1813} INFO - Sync 1 DAGs
[2024-06-10 10:22:46,900] {logging_mixin.py:103} INFO - [2024-06-10 10:22:46,900] {dag.py:2266} INFO - Setting next_dagrun for tutorial_etl_dag to None
[2024-06-10 10:22:46,910] {scheduler_job.py:189} INFO - Processing /home/anhcu/Project/Stock_project/airflow_venv/lib/python3.8/site-packages/airflow/example_dags/tutorial_etl_dag.py took 0.046 seconds
[2024-06-10 10:23:14,575] {scheduler_job.py:181} INFO - Started process (PID=73663) to work on /home/anhcu/Project/Stock_project/airflow_venv/lib/python3.8/site-packages/airflow/example_dags/tutorial_etl_dag.py
[2024-06-10 10:23:14,577] {scheduler_job.py:629} INFO - Processing file /home/anhcu/Project/Stock_project/airflow_venv/lib/python3.8/site-packages/airflow/example_dags/tutorial_etl_dag.py for tasks to queue
[2024-06-10 10:23:14,578] {logging_mixin.py:103} INFO - [2024-06-10 10:23:14,578] {dagbag.py:440} INFO - Filling up the DagBag from /home/anhcu/Project/Stock_project/airflow_venv/lib/python3.8/site-packages/airflow/example_dags/tutorial_etl_dag.py
[2024-06-10 10:23:14,590] {scheduler_job.py:639} INFO - DAG(s) dict_keys(['tutorial_etl_dag']) retrieved from /home/anhcu/Project/Stock_project/airflow_venv/lib/python3.8/site-packages/airflow/example_dags/tutorial_etl_dag.py
[2024-06-10 10:23:14,592] {logging_mixin.py:103} INFO - [2024-06-10 10:23:14,591] {dag.py:1813} INFO - Sync 1 DAGs
[2024-06-10 10:23:14,606] {logging_mixin.py:103} INFO - [2024-06-10 10:23:14,606] {dag.py:2266} INFO - Setting next_dagrun for tutorial_etl_dag to None
[2024-06-10 10:23:14,617] {scheduler_job.py:189} INFO - Processing /home/anhcu/Project/Stock_project/airflow_venv/lib/python3.8/site-packages/airflow/example_dags/tutorial_etl_dag.py took 0.046 seconds
[2024-06-10 10:24:06,743] {scheduler_job.py:181} INFO - Started process (PID=74352) to work on /home/anhcu/Project/Stock_project/airflow_venv/lib/python3.8/site-packages/airflow/example_dags/tutorial_etl_dag.py
[2024-06-10 10:24:06,747] {scheduler_job.py:629} INFO - Processing file /home/anhcu/Project/Stock_project/airflow_venv/lib/python3.8/site-packages/airflow/example_dags/tutorial_etl_dag.py for tasks to queue
[2024-06-10 10:24:06,747] {logging_mixin.py:103} INFO - [2024-06-10 10:24:06,747] {dagbag.py:440} INFO - Filling up the DagBag from /home/anhcu/Project/Stock_project/airflow_venv/lib/python3.8/site-packages/airflow/example_dags/tutorial_etl_dag.py
[2024-06-10 10:24:06,760] {scheduler_job.py:639} INFO - DAG(s) dict_keys(['tutorial_etl_dag']) retrieved from /home/anhcu/Project/Stock_project/airflow_venv/lib/python3.8/site-packages/airflow/example_dags/tutorial_etl_dag.py
[2024-06-10 10:24:06,762] {logging_mixin.py:103} INFO - [2024-06-10 10:24:06,762] {dag.py:1813} INFO - Sync 1 DAGs
[2024-06-10 10:24:06,777] {logging_mixin.py:103} INFO - [2024-06-10 10:24:06,777] {dag.py:2266} INFO - Setting next_dagrun for tutorial_etl_dag to None
[2024-06-10 10:24:06,789] {scheduler_job.py:189} INFO - Processing /home/anhcu/Project/Stock_project/airflow_venv/lib/python3.8/site-packages/airflow/example_dags/tutorial_etl_dag.py took 0.050 seconds
[2024-06-10 10:24:37,658] {scheduler_job.py:181} INFO - Started process (PID=74618) to work on /home/anhcu/Project/Stock_project/airflow_venv/lib/python3.8/site-packages/airflow/example_dags/tutorial_etl_dag.py
[2024-06-10 10:24:37,660] {scheduler_job.py:629} INFO - Processing file /home/anhcu/Project/Stock_project/airflow_venv/lib/python3.8/site-packages/airflow/example_dags/tutorial_etl_dag.py for tasks to queue
[2024-06-10 10:24:37,661] {logging_mixin.py:103} INFO - [2024-06-10 10:24:37,661] {dagbag.py:440} INFO - Filling up the DagBag from /home/anhcu/Project/Stock_project/airflow_venv/lib/python3.8/site-packages/airflow/example_dags/tutorial_etl_dag.py
[2024-06-10 10:24:37,675] {scheduler_job.py:639} INFO - DAG(s) dict_keys(['tutorial_etl_dag']) retrieved from /home/anhcu/Project/Stock_project/airflow_venv/lib/python3.8/site-packages/airflow/example_dags/tutorial_etl_dag.py
[2024-06-10 10:24:37,676] {logging_mixin.py:103} INFO - [2024-06-10 10:24:37,676] {dag.py:1813} INFO - Sync 1 DAGs
[2024-06-10 10:24:37,698] {logging_mixin.py:103} INFO - [2024-06-10 10:24:37,697] {dag.py:2266} INFO - Setting next_dagrun for tutorial_etl_dag to None
[2024-06-10 10:24:37,715] {scheduler_job.py:189} INFO - Processing /home/anhcu/Project/Stock_project/airflow_venv/lib/python3.8/site-packages/airflow/example_dags/tutorial_etl_dag.py took 0.062 seconds
[2024-06-10 10:25:09,796] {scheduler_job.py:181} INFO - Started process (PID=75153) to work on /home/anhcu/Project/Stock_project/airflow_venv/lib/python3.8/site-packages/airflow/example_dags/tutorial_etl_dag.py
[2024-06-10 10:25:09,797] {scheduler_job.py:629} INFO - Processing file /home/anhcu/Project/Stock_project/airflow_venv/lib/python3.8/site-packages/airflow/example_dags/tutorial_etl_dag.py for tasks to queue
[2024-06-10 10:25:09,798] {logging_mixin.py:103} INFO - [2024-06-10 10:25:09,798] {dagbag.py:440} INFO - Filling up the DagBag from /home/anhcu/Project/Stock_project/airflow_venv/lib/python3.8/site-packages/airflow/example_dags/tutorial_etl_dag.py
[2024-06-10 10:25:09,808] {scheduler_job.py:639} INFO - DAG(s) dict_keys(['tutorial_etl_dag']) retrieved from /home/anhcu/Project/Stock_project/airflow_venv/lib/python3.8/site-packages/airflow/example_dags/tutorial_etl_dag.py
[2024-06-10 10:25:09,809] {logging_mixin.py:103} INFO - [2024-06-10 10:25:09,809] {dag.py:1813} INFO - Sync 1 DAGs
[2024-06-10 10:25:09,825] {logging_mixin.py:103} INFO - [2024-06-10 10:25:09,825] {dag.py:2266} INFO - Setting next_dagrun for tutorial_etl_dag to None
[2024-06-10 10:25:09,836] {scheduler_job.py:189} INFO - Processing /home/anhcu/Project/Stock_project/airflow_venv/lib/python3.8/site-packages/airflow/example_dags/tutorial_etl_dag.py took 0.044 seconds
[2024-06-10 10:25:38,946] {scheduler_job.py:181} INFO - Started process (PID=75425) to work on /home/anhcu/Project/Stock_project/airflow_venv/lib/python3.8/site-packages/airflow/example_dags/tutorial_etl_dag.py
[2024-06-10 10:25:38,948] {scheduler_job.py:629} INFO - Processing file /home/anhcu/Project/Stock_project/airflow_venv/lib/python3.8/site-packages/airflow/example_dags/tutorial_etl_dag.py for tasks to queue
[2024-06-10 10:25:38,948] {logging_mixin.py:103} INFO - [2024-06-10 10:25:38,948] {dagbag.py:440} INFO - Filling up the DagBag from /home/anhcu/Project/Stock_project/airflow_venv/lib/python3.8/site-packages/airflow/example_dags/tutorial_etl_dag.py
[2024-06-10 10:25:38,958] {scheduler_job.py:639} INFO - DAG(s) dict_keys(['tutorial_etl_dag']) retrieved from /home/anhcu/Project/Stock_project/airflow_venv/lib/python3.8/site-packages/airflow/example_dags/tutorial_etl_dag.py
[2024-06-10 10:25:38,959] {logging_mixin.py:103} INFO - [2024-06-10 10:25:38,959] {dag.py:1813} INFO - Sync 1 DAGs
[2024-06-10 10:25:38,975] {logging_mixin.py:103} INFO - [2024-06-10 10:25:38,975] {dag.py:2266} INFO - Setting next_dagrun for tutorial_etl_dag to None
[2024-06-10 10:25:38,989] {scheduler_job.py:189} INFO - Processing /home/anhcu/Project/Stock_project/airflow_venv/lib/python3.8/site-packages/airflow/example_dags/tutorial_etl_dag.py took 0.046 seconds
[2024-06-10 10:26:09,404] {scheduler_job.py:181} INFO - Started process (PID=75662) to work on /home/anhcu/Project/Stock_project/airflow_venv/lib/python3.8/site-packages/airflow/example_dags/tutorial_etl_dag.py
[2024-06-10 10:26:09,406] {scheduler_job.py:629} INFO - Processing file /home/anhcu/Project/Stock_project/airflow_venv/lib/python3.8/site-packages/airflow/example_dags/tutorial_etl_dag.py for tasks to queue
[2024-06-10 10:26:09,406] {logging_mixin.py:103} INFO - [2024-06-10 10:26:09,406] {dagbag.py:440} INFO - Filling up the DagBag from /home/anhcu/Project/Stock_project/airflow_venv/lib/python3.8/site-packages/airflow/example_dags/tutorial_etl_dag.py
[2024-06-10 10:26:09,418] {scheduler_job.py:639} INFO - DAG(s) dict_keys(['tutorial_etl_dag']) retrieved from /home/anhcu/Project/Stock_project/airflow_venv/lib/python3.8/site-packages/airflow/example_dags/tutorial_etl_dag.py
[2024-06-10 10:26:09,419] {logging_mixin.py:103} INFO - [2024-06-10 10:26:09,419] {dag.py:1813} INFO - Sync 1 DAGs
[2024-06-10 10:26:09,434] {logging_mixin.py:103} INFO - [2024-06-10 10:26:09,434] {dag.py:2266} INFO - Setting next_dagrun for tutorial_etl_dag to None
[2024-06-10 10:26:09,445] {scheduler_job.py:189} INFO - Processing /home/anhcu/Project/Stock_project/airflow_venv/lib/python3.8/site-packages/airflow/example_dags/tutorial_etl_dag.py took 0.047 seconds
[2024-06-10 10:26:35,692] {scheduler_job.py:181} INFO - Started process (PID=75830) to work on /home/anhcu/Project/Stock_project/airflow_venv/lib/python3.8/site-packages/airflow/example_dags/tutorial_etl_dag.py
[2024-06-10 10:26:35,696] {scheduler_job.py:629} INFO - Processing file /home/anhcu/Project/Stock_project/airflow_venv/lib/python3.8/site-packages/airflow/example_dags/tutorial_etl_dag.py for tasks to queue
[2024-06-10 10:26:35,697] {logging_mixin.py:103} INFO - [2024-06-10 10:26:35,697] {dagbag.py:440} INFO - Filling up the DagBag from /home/anhcu/Project/Stock_project/airflow_venv/lib/python3.8/site-packages/airflow/example_dags/tutorial_etl_dag.py
[2024-06-10 10:26:35,711] {scheduler_job.py:639} INFO - DAG(s) dict_keys(['tutorial_etl_dag']) retrieved from /home/anhcu/Project/Stock_project/airflow_venv/lib/python3.8/site-packages/airflow/example_dags/tutorial_etl_dag.py
[2024-06-10 10:26:35,713] {logging_mixin.py:103} INFO - [2024-06-10 10:26:35,713] {dag.py:1813} INFO - Sync 1 DAGs
[2024-06-10 10:26:35,737] {logging_mixin.py:103} INFO - [2024-06-10 10:26:35,736] {dag.py:2266} INFO - Setting next_dagrun for tutorial_etl_dag to None
[2024-06-10 10:26:35,754] {scheduler_job.py:189} INFO - Processing /home/anhcu/Project/Stock_project/airflow_venv/lib/python3.8/site-packages/airflow/example_dags/tutorial_etl_dag.py took 0.067 seconds
[2024-06-10 10:27:03,291] {scheduler_job.py:181} INFO - Started process (PID=75968) to work on /home/anhcu/Project/Stock_project/airflow_venv/lib/python3.8/site-packages/airflow/example_dags/tutorial_etl_dag.py
[2024-06-10 10:27:03,293] {scheduler_job.py:629} INFO - Processing file /home/anhcu/Project/Stock_project/airflow_venv/lib/python3.8/site-packages/airflow/example_dags/tutorial_etl_dag.py for tasks to queue
[2024-06-10 10:27:03,294] {logging_mixin.py:103} INFO - [2024-06-10 10:27:03,294] {dagbag.py:440} INFO - Filling up the DagBag from /home/anhcu/Project/Stock_project/airflow_venv/lib/python3.8/site-packages/airflow/example_dags/tutorial_etl_dag.py
[2024-06-10 10:27:03,306] {scheduler_job.py:639} INFO - DAG(s) dict_keys(['tutorial_etl_dag']) retrieved from /home/anhcu/Project/Stock_project/airflow_venv/lib/python3.8/site-packages/airflow/example_dags/tutorial_etl_dag.py
[2024-06-10 10:27:03,307] {logging_mixin.py:103} INFO - [2024-06-10 10:27:03,307] {dag.py:1813} INFO - Sync 1 DAGs
[2024-06-10 10:27:03,325] {logging_mixin.py:103} INFO - [2024-06-10 10:27:03,325] {dag.py:2266} INFO - Setting next_dagrun for tutorial_etl_dag to None
[2024-06-10 10:27:03,336] {scheduler_job.py:189} INFO - Processing /home/anhcu/Project/Stock_project/airflow_venv/lib/python3.8/site-packages/airflow/example_dags/tutorial_etl_dag.py took 0.050 seconds
[2024-06-10 10:27:31,363] {scheduler_job.py:181} INFO - Started process (PID=76121) to work on /home/anhcu/Project/Stock_project/airflow_venv/lib/python3.8/site-packages/airflow/example_dags/tutorial_etl_dag.py
[2024-06-10 10:27:31,364] {scheduler_job.py:629} INFO - Processing file /home/anhcu/Project/Stock_project/airflow_venv/lib/python3.8/site-packages/airflow/example_dags/tutorial_etl_dag.py for tasks to queue
[2024-06-10 10:27:31,365] {logging_mixin.py:103} INFO - [2024-06-10 10:27:31,365] {dagbag.py:440} INFO - Filling up the DagBag from /home/anhcu/Project/Stock_project/airflow_venv/lib/python3.8/site-packages/airflow/example_dags/tutorial_etl_dag.py
[2024-06-10 10:27:31,376] {scheduler_job.py:639} INFO - DAG(s) dict_keys(['tutorial_etl_dag']) retrieved from /home/anhcu/Project/Stock_project/airflow_venv/lib/python3.8/site-packages/airflow/example_dags/tutorial_etl_dag.py
[2024-06-10 10:27:31,377] {logging_mixin.py:103} INFO - [2024-06-10 10:27:31,377] {dag.py:1813} INFO - Sync 1 DAGs
[2024-06-10 10:27:31,393] {logging_mixin.py:103} INFO - [2024-06-10 10:27:31,393] {dag.py:2266} INFO - Setting next_dagrun for tutorial_etl_dag to None
[2024-06-10 10:27:31,404] {scheduler_job.py:189} INFO - Processing /home/anhcu/Project/Stock_project/airflow_venv/lib/python3.8/site-packages/airflow/example_dags/tutorial_etl_dag.py took 0.046 seconds
[2024-06-10 10:28:00,398] {scheduler_job.py:181} INFO - Started process (PID=76276) to work on /home/anhcu/Project/Stock_project/airflow_venv/lib/python3.8/site-packages/airflow/example_dags/tutorial_etl_dag.py
[2024-06-10 10:28:00,400] {scheduler_job.py:629} INFO - Processing file /home/anhcu/Project/Stock_project/airflow_venv/lib/python3.8/site-packages/airflow/example_dags/tutorial_etl_dag.py for tasks to queue
[2024-06-10 10:28:00,400] {logging_mixin.py:103} INFO - [2024-06-10 10:28:00,400] {dagbag.py:440} INFO - Filling up the DagBag from /home/anhcu/Project/Stock_project/airflow_venv/lib/python3.8/site-packages/airflow/example_dags/tutorial_etl_dag.py
[2024-06-10 10:28:00,411] {scheduler_job.py:639} INFO - DAG(s) dict_keys(['tutorial_etl_dag']) retrieved from /home/anhcu/Project/Stock_project/airflow_venv/lib/python3.8/site-packages/airflow/example_dags/tutorial_etl_dag.py
[2024-06-10 10:28:00,412] {logging_mixin.py:103} INFO - [2024-06-10 10:28:00,412] {dag.py:1813} INFO - Sync 1 DAGs
[2024-06-10 10:28:00,429] {logging_mixin.py:103} INFO - [2024-06-10 10:28:00,429] {dag.py:2266} INFO - Setting next_dagrun for tutorial_etl_dag to None
[2024-06-10 10:28:00,440] {scheduler_job.py:189} INFO - Processing /home/anhcu/Project/Stock_project/airflow_venv/lib/python3.8/site-packages/airflow/example_dags/tutorial_etl_dag.py took 0.047 seconds
[2024-06-10 10:28:27,966] {scheduler_job.py:181} INFO - Started process (PID=76430) to work on /home/anhcu/Project/Stock_project/airflow_venv/lib/python3.8/site-packages/airflow/example_dags/tutorial_etl_dag.py
[2024-06-10 10:28:27,968] {scheduler_job.py:629} INFO - Processing file /home/anhcu/Project/Stock_project/airflow_venv/lib/python3.8/site-packages/airflow/example_dags/tutorial_etl_dag.py for tasks to queue
[2024-06-10 10:28:27,969] {logging_mixin.py:103} INFO - [2024-06-10 10:28:27,968] {dagbag.py:440} INFO - Filling up the DagBag from /home/anhcu/Project/Stock_project/airflow_venv/lib/python3.8/site-packages/airflow/example_dags/tutorial_etl_dag.py
[2024-06-10 10:28:27,981] {scheduler_job.py:639} INFO - DAG(s) dict_keys(['tutorial_etl_dag']) retrieved from /home/anhcu/Project/Stock_project/airflow_venv/lib/python3.8/site-packages/airflow/example_dags/tutorial_etl_dag.py
[2024-06-10 10:28:27,982] {logging_mixin.py:103} INFO - [2024-06-10 10:28:27,982] {dag.py:1813} INFO - Sync 1 DAGs
[2024-06-10 10:28:27,999] {logging_mixin.py:103} INFO - [2024-06-10 10:28:27,999] {dag.py:2266} INFO - Setting next_dagrun for tutorial_etl_dag to None
[2024-06-10 10:28:28,011] {scheduler_job.py:189} INFO - Processing /home/anhcu/Project/Stock_project/airflow_venv/lib/python3.8/site-packages/airflow/example_dags/tutorial_etl_dag.py took 0.050 seconds
[2024-06-10 10:28:55,163] {scheduler_job.py:181} INFO - Started process (PID=76587) to work on /home/anhcu/Project/Stock_project/airflow_venv/lib/python3.8/site-packages/airflow/example_dags/tutorial_etl_dag.py
[2024-06-10 10:28:55,165] {scheduler_job.py:629} INFO - Processing file /home/anhcu/Project/Stock_project/airflow_venv/lib/python3.8/site-packages/airflow/example_dags/tutorial_etl_dag.py for tasks to queue
[2024-06-10 10:28:55,167] {logging_mixin.py:103} INFO - [2024-06-10 10:28:55,167] {dagbag.py:440} INFO - Filling up the DagBag from /home/anhcu/Project/Stock_project/airflow_venv/lib/python3.8/site-packages/airflow/example_dags/tutorial_etl_dag.py
[2024-06-10 10:28:55,185] {scheduler_job.py:639} INFO - DAG(s) dict_keys(['tutorial_etl_dag']) retrieved from /home/anhcu/Project/Stock_project/airflow_venv/lib/python3.8/site-packages/airflow/example_dags/tutorial_etl_dag.py
[2024-06-10 10:28:55,186] {logging_mixin.py:103} INFO - [2024-06-10 10:28:55,186] {dag.py:1813} INFO - Sync 1 DAGs
[2024-06-10 10:28:55,209] {logging_mixin.py:103} INFO - [2024-06-10 10:28:55,209] {dag.py:2266} INFO - Setting next_dagrun for tutorial_etl_dag to None
[2024-06-10 10:28:55,223] {scheduler_job.py:189} INFO - Processing /home/anhcu/Project/Stock_project/airflow_venv/lib/python3.8/site-packages/airflow/example_dags/tutorial_etl_dag.py took 0.064 seconds
[2024-06-10 10:29:22,495] {scheduler_job.py:181} INFO - Started process (PID=76813) to work on /home/anhcu/Project/Stock_project/airflow_venv/lib/python3.8/site-packages/airflow/example_dags/tutorial_etl_dag.py
[2024-06-10 10:29:22,497] {scheduler_job.py:629} INFO - Processing file /home/anhcu/Project/Stock_project/airflow_venv/lib/python3.8/site-packages/airflow/example_dags/tutorial_etl_dag.py for tasks to queue
[2024-06-10 10:29:22,499] {logging_mixin.py:103} INFO - [2024-06-10 10:29:22,499] {dagbag.py:440} INFO - Filling up the DagBag from /home/anhcu/Project/Stock_project/airflow_venv/lib/python3.8/site-packages/airflow/example_dags/tutorial_etl_dag.py
[2024-06-10 10:29:22,509] {scheduler_job.py:639} INFO - DAG(s) dict_keys(['tutorial_etl_dag']) retrieved from /home/anhcu/Project/Stock_project/airflow_venv/lib/python3.8/site-packages/airflow/example_dags/tutorial_etl_dag.py
[2024-06-10 10:29:22,510] {logging_mixin.py:103} INFO - [2024-06-10 10:29:22,510] {dag.py:1813} INFO - Sync 1 DAGs
[2024-06-10 10:29:22,525] {logging_mixin.py:103} INFO - [2024-06-10 10:29:22,525] {dag.py:2266} INFO - Setting next_dagrun for tutorial_etl_dag to None
[2024-06-10 10:29:22,536] {scheduler_job.py:189} INFO - Processing /home/anhcu/Project/Stock_project/airflow_venv/lib/python3.8/site-packages/airflow/example_dags/tutorial_etl_dag.py took 0.045 seconds
[2024-06-10 10:29:50,731] {scheduler_job.py:181} INFO - Started process (PID=76948) to work on /home/anhcu/Project/Stock_project/airflow_venv/lib/python3.8/site-packages/airflow/example_dags/tutorial_etl_dag.py
[2024-06-10 10:29:50,732] {scheduler_job.py:629} INFO - Processing file /home/anhcu/Project/Stock_project/airflow_venv/lib/python3.8/site-packages/airflow/example_dags/tutorial_etl_dag.py for tasks to queue
[2024-06-10 10:29:50,733] {logging_mixin.py:103} INFO - [2024-06-10 10:29:50,733] {dagbag.py:440} INFO - Filling up the DagBag from /home/anhcu/Project/Stock_project/airflow_venv/lib/python3.8/site-packages/airflow/example_dags/tutorial_etl_dag.py
[2024-06-10 10:29:50,745] {scheduler_job.py:639} INFO - DAG(s) dict_keys(['tutorial_etl_dag']) retrieved from /home/anhcu/Project/Stock_project/airflow_venv/lib/python3.8/site-packages/airflow/example_dags/tutorial_etl_dag.py
[2024-06-10 10:29:50,746] {logging_mixin.py:103} INFO - [2024-06-10 10:29:50,746] {dag.py:1813} INFO - Sync 1 DAGs
[2024-06-10 10:29:50,763] {logging_mixin.py:103} INFO - [2024-06-10 10:29:50,763] {dag.py:2266} INFO - Setting next_dagrun for tutorial_etl_dag to None
[2024-06-10 10:29:50,775] {scheduler_job.py:189} INFO - Processing /home/anhcu/Project/Stock_project/airflow_venv/lib/python3.8/site-packages/airflow/example_dags/tutorial_etl_dag.py took 0.047 seconds
[2024-06-10 10:30:17,047] {scheduler_job.py:181} INFO - Started process (PID=77064) to work on /home/anhcu/Project/Stock_project/airflow_venv/lib/python3.8/site-packages/airflow/example_dags/tutorial_etl_dag.py
[2024-06-10 10:30:17,049] {scheduler_job.py:629} INFO - Processing file /home/anhcu/Project/Stock_project/airflow_venv/lib/python3.8/site-packages/airflow/example_dags/tutorial_etl_dag.py for tasks to queue
[2024-06-10 10:30:17,050] {logging_mixin.py:103} INFO - [2024-06-10 10:30:17,050] {dagbag.py:440} INFO - Filling up the DagBag from /home/anhcu/Project/Stock_project/airflow_venv/lib/python3.8/site-packages/airflow/example_dags/tutorial_etl_dag.py
[2024-06-10 10:30:17,060] {scheduler_job.py:639} INFO - DAG(s) dict_keys(['tutorial_etl_dag']) retrieved from /home/anhcu/Project/Stock_project/airflow_venv/lib/python3.8/site-packages/airflow/example_dags/tutorial_etl_dag.py
[2024-06-10 10:30:17,061] {logging_mixin.py:103} INFO - [2024-06-10 10:30:17,061] {dag.py:1813} INFO - Sync 1 DAGs
[2024-06-10 10:30:17,077] {logging_mixin.py:103} INFO - [2024-06-10 10:30:17,077] {dag.py:2266} INFO - Setting next_dagrun for tutorial_etl_dag to None
[2024-06-10 10:30:17,088] {scheduler_job.py:189} INFO - Processing /home/anhcu/Project/Stock_project/airflow_venv/lib/python3.8/site-packages/airflow/example_dags/tutorial_etl_dag.py took 0.045 seconds
[2024-06-10 10:30:45,436] {scheduler_job.py:181} INFO - Started process (PID=77209) to work on /home/anhcu/Project/Stock_project/airflow_venv/lib/python3.8/site-packages/airflow/example_dags/tutorial_etl_dag.py
[2024-06-10 10:30:45,438] {scheduler_job.py:629} INFO - Processing file /home/anhcu/Project/Stock_project/airflow_venv/lib/python3.8/site-packages/airflow/example_dags/tutorial_etl_dag.py for tasks to queue
[2024-06-10 10:30:45,439] {logging_mixin.py:103} INFO - [2024-06-10 10:30:45,439] {dagbag.py:440} INFO - Filling up the DagBag from /home/anhcu/Project/Stock_project/airflow_venv/lib/python3.8/site-packages/airflow/example_dags/tutorial_etl_dag.py
[2024-06-10 10:30:45,450] {scheduler_job.py:639} INFO - DAG(s) dict_keys(['tutorial_etl_dag']) retrieved from /home/anhcu/Project/Stock_project/airflow_venv/lib/python3.8/site-packages/airflow/example_dags/tutorial_etl_dag.py
[2024-06-10 10:30:45,451] {logging_mixin.py:103} INFO - [2024-06-10 10:30:45,451] {dag.py:1813} INFO - Sync 1 DAGs
[2024-06-10 10:30:45,467] {logging_mixin.py:103} INFO - [2024-06-10 10:30:45,466] {dag.py:2266} INFO - Setting next_dagrun for tutorial_etl_dag to None
[2024-06-10 10:30:45,478] {scheduler_job.py:189} INFO - Processing /home/anhcu/Project/Stock_project/airflow_venv/lib/python3.8/site-packages/airflow/example_dags/tutorial_etl_dag.py took 0.045 seconds
[2024-06-10 10:31:12,652] {scheduler_job.py:181} INFO - Started process (PID=77327) to work on /home/anhcu/Project/Stock_project/airflow_venv/lib/python3.8/site-packages/airflow/example_dags/tutorial_etl_dag.py
[2024-06-10 10:31:12,654] {scheduler_job.py:629} INFO - Processing file /home/anhcu/Project/Stock_project/airflow_venv/lib/python3.8/site-packages/airflow/example_dags/tutorial_etl_dag.py for tasks to queue
[2024-06-10 10:31:12,655] {logging_mixin.py:103} INFO - [2024-06-10 10:31:12,655] {dagbag.py:440} INFO - Filling up the DagBag from /home/anhcu/Project/Stock_project/airflow_venv/lib/python3.8/site-packages/airflow/example_dags/tutorial_etl_dag.py
[2024-06-10 10:31:12,669] {scheduler_job.py:639} INFO - DAG(s) dict_keys(['tutorial_etl_dag']) retrieved from /home/anhcu/Project/Stock_project/airflow_venv/lib/python3.8/site-packages/airflow/example_dags/tutorial_etl_dag.py
[2024-06-10 10:31:12,671] {logging_mixin.py:103} INFO - [2024-06-10 10:31:12,671] {dag.py:1813} INFO - Sync 1 DAGs
[2024-06-10 10:31:12,693] {logging_mixin.py:103} INFO - [2024-06-10 10:31:12,693] {dag.py:2266} INFO - Setting next_dagrun for tutorial_etl_dag to None
[2024-06-10 10:31:12,711] {scheduler_job.py:189} INFO - Processing /home/anhcu/Project/Stock_project/airflow_venv/lib/python3.8/site-packages/airflow/example_dags/tutorial_etl_dag.py took 0.068 seconds
[2024-06-10 10:31:39,950] {scheduler_job.py:181} INFO - Started process (PID=77481) to work on /home/anhcu/Project/Stock_project/airflow_venv/lib/python3.8/site-packages/airflow/example_dags/tutorial_etl_dag.py
[2024-06-10 10:31:39,953] {scheduler_job.py:629} INFO - Processing file /home/anhcu/Project/Stock_project/airflow_venv/lib/python3.8/site-packages/airflow/example_dags/tutorial_etl_dag.py for tasks to queue
[2024-06-10 10:31:39,954] {logging_mixin.py:103} INFO - [2024-06-10 10:31:39,954] {dagbag.py:440} INFO - Filling up the DagBag from /home/anhcu/Project/Stock_project/airflow_venv/lib/python3.8/site-packages/airflow/example_dags/tutorial_etl_dag.py
[2024-06-10 10:31:39,964] {scheduler_job.py:639} INFO - DAG(s) dict_keys(['tutorial_etl_dag']) retrieved from /home/anhcu/Project/Stock_project/airflow_venv/lib/python3.8/site-packages/airflow/example_dags/tutorial_etl_dag.py
[2024-06-10 10:31:39,965] {logging_mixin.py:103} INFO - [2024-06-10 10:31:39,965] {dag.py:1813} INFO - Sync 1 DAGs
[2024-06-10 10:31:39,980] {logging_mixin.py:103} INFO - [2024-06-10 10:31:39,980] {dag.py:2266} INFO - Setting next_dagrun for tutorial_etl_dag to None
[2024-06-10 10:31:39,991] {scheduler_job.py:189} INFO - Processing /home/anhcu/Project/Stock_project/airflow_venv/lib/python3.8/site-packages/airflow/example_dags/tutorial_etl_dag.py took 0.045 seconds
[2024-06-10 10:32:09,235] {scheduler_job.py:181} INFO - Started process (PID=77639) to work on /home/anhcu/Project/Stock_project/airflow_venv/lib/python3.8/site-packages/airflow/example_dags/tutorial_etl_dag.py
[2024-06-10 10:32:09,237] {scheduler_job.py:629} INFO - Processing file /home/anhcu/Project/Stock_project/airflow_venv/lib/python3.8/site-packages/airflow/example_dags/tutorial_etl_dag.py for tasks to queue
[2024-06-10 10:32:09,238] {logging_mixin.py:103} INFO - [2024-06-10 10:32:09,238] {dagbag.py:440} INFO - Filling up the DagBag from /home/anhcu/Project/Stock_project/airflow_venv/lib/python3.8/site-packages/airflow/example_dags/tutorial_etl_dag.py
[2024-06-10 10:32:09,248] {scheduler_job.py:639} INFO - DAG(s) dict_keys(['tutorial_etl_dag']) retrieved from /home/anhcu/Project/Stock_project/airflow_venv/lib/python3.8/site-packages/airflow/example_dags/tutorial_etl_dag.py
[2024-06-10 10:32:09,249] {logging_mixin.py:103} INFO - [2024-06-10 10:32:09,249] {dag.py:1813} INFO - Sync 1 DAGs
[2024-06-10 10:32:09,267] {logging_mixin.py:103} INFO - [2024-06-10 10:32:09,267] {dag.py:2266} INFO - Setting next_dagrun for tutorial_etl_dag to None
[2024-06-10 10:32:09,280] {scheduler_job.py:189} INFO - Processing /home/anhcu/Project/Stock_project/airflow_venv/lib/python3.8/site-packages/airflow/example_dags/tutorial_etl_dag.py took 0.049 seconds
[2024-06-10 10:32:36,588] {scheduler_job.py:181} INFO - Started process (PID=77812) to work on /home/anhcu/Project/Stock_project/airflow_venv/lib/python3.8/site-packages/airflow/example_dags/tutorial_etl_dag.py
[2024-06-10 10:32:36,590] {scheduler_job.py:629} INFO - Processing file /home/anhcu/Project/Stock_project/airflow_venv/lib/python3.8/site-packages/airflow/example_dags/tutorial_etl_dag.py for tasks to queue
[2024-06-10 10:32:36,592] {logging_mixin.py:103} INFO - [2024-06-10 10:32:36,591] {dagbag.py:440} INFO - Filling up the DagBag from /home/anhcu/Project/Stock_project/airflow_venv/lib/python3.8/site-packages/airflow/example_dags/tutorial_etl_dag.py
[2024-06-10 10:32:36,605] {scheduler_job.py:639} INFO - DAG(s) dict_keys(['tutorial_etl_dag']) retrieved from /home/anhcu/Project/Stock_project/airflow_venv/lib/python3.8/site-packages/airflow/example_dags/tutorial_etl_dag.py
[2024-06-10 10:32:36,607] {logging_mixin.py:103} INFO - [2024-06-10 10:32:36,607] {dag.py:1813} INFO - Sync 1 DAGs
[2024-06-10 10:32:36,626] {logging_mixin.py:103} INFO - [2024-06-10 10:32:36,626] {dag.py:2266} INFO - Setting next_dagrun for tutorial_etl_dag to None
[2024-06-10 10:32:36,639] {scheduler_job.py:189} INFO - Processing /home/anhcu/Project/Stock_project/airflow_venv/lib/python3.8/site-packages/airflow/example_dags/tutorial_etl_dag.py took 0.056 seconds
[2024-06-10 10:33:03,808] {scheduler_job.py:181} INFO - Started process (PID=78059) to work on /home/anhcu/Project/Stock_project/airflow_venv/lib/python3.8/site-packages/airflow/example_dags/tutorial_etl_dag.py
[2024-06-10 10:33:03,810] {scheduler_job.py:629} INFO - Processing file /home/anhcu/Project/Stock_project/airflow_venv/lib/python3.8/site-packages/airflow/example_dags/tutorial_etl_dag.py for tasks to queue
[2024-06-10 10:33:03,811] {logging_mixin.py:103} INFO - [2024-06-10 10:33:03,811] {dagbag.py:440} INFO - Filling up the DagBag from /home/anhcu/Project/Stock_project/airflow_venv/lib/python3.8/site-packages/airflow/example_dags/tutorial_etl_dag.py
[2024-06-10 10:33:03,821] {scheduler_job.py:639} INFO - DAG(s) dict_keys(['tutorial_etl_dag']) retrieved from /home/anhcu/Project/Stock_project/airflow_venv/lib/python3.8/site-packages/airflow/example_dags/tutorial_etl_dag.py
[2024-06-10 10:33:03,823] {logging_mixin.py:103} INFO - [2024-06-10 10:33:03,822] {dag.py:1813} INFO - Sync 1 DAGs
[2024-06-10 10:33:03,839] {logging_mixin.py:103} INFO - [2024-06-10 10:33:03,839] {dag.py:2266} INFO - Setting next_dagrun for tutorial_etl_dag to None
[2024-06-10 10:33:03,850] {scheduler_job.py:189} INFO - Processing /home/anhcu/Project/Stock_project/airflow_venv/lib/python3.8/site-packages/airflow/example_dags/tutorial_etl_dag.py took 0.047 seconds
[2024-06-10 10:33:31,332] {scheduler_job.py:181} INFO - Started process (PID=78248) to work on /home/anhcu/Project/Stock_project/airflow_venv/lib/python3.8/site-packages/airflow/example_dags/tutorial_etl_dag.py
[2024-06-10 10:33:31,333] {scheduler_job.py:629} INFO - Processing file /home/anhcu/Project/Stock_project/airflow_venv/lib/python3.8/site-packages/airflow/example_dags/tutorial_etl_dag.py for tasks to queue
[2024-06-10 10:33:31,334] {logging_mixin.py:103} INFO - [2024-06-10 10:33:31,334] {dagbag.py:440} INFO - Filling up the DagBag from /home/anhcu/Project/Stock_project/airflow_venv/lib/python3.8/site-packages/airflow/example_dags/tutorial_etl_dag.py
[2024-06-10 10:33:31,345] {scheduler_job.py:639} INFO - DAG(s) dict_keys(['tutorial_etl_dag']) retrieved from /home/anhcu/Project/Stock_project/airflow_venv/lib/python3.8/site-packages/airflow/example_dags/tutorial_etl_dag.py
[2024-06-10 10:33:31,347] {logging_mixin.py:103} INFO - [2024-06-10 10:33:31,346] {dag.py:1813} INFO - Sync 1 DAGs
[2024-06-10 10:33:31,365] {logging_mixin.py:103} INFO - [2024-06-10 10:33:31,365] {dag.py:2266} INFO - Setting next_dagrun for tutorial_etl_dag to None
[2024-06-10 10:33:31,377] {scheduler_job.py:189} INFO - Processing /home/anhcu/Project/Stock_project/airflow_venv/lib/python3.8/site-packages/airflow/example_dags/tutorial_etl_dag.py took 0.050 seconds
[2024-06-10 10:33:59,487] {scheduler_job.py:181} INFO - Started process (PID=78412) to work on /home/anhcu/Project/Stock_project/airflow_venv/lib/python3.8/site-packages/airflow/example_dags/tutorial_etl_dag.py
[2024-06-10 10:33:59,489] {scheduler_job.py:629} INFO - Processing file /home/anhcu/Project/Stock_project/airflow_venv/lib/python3.8/site-packages/airflow/example_dags/tutorial_etl_dag.py for tasks to queue
[2024-06-10 10:33:59,490] {logging_mixin.py:103} INFO - [2024-06-10 10:33:59,490] {dagbag.py:440} INFO - Filling up the DagBag from /home/anhcu/Project/Stock_project/airflow_venv/lib/python3.8/site-packages/airflow/example_dags/tutorial_etl_dag.py
[2024-06-10 10:33:59,501] {scheduler_job.py:639} INFO - DAG(s) dict_keys(['tutorial_etl_dag']) retrieved from /home/anhcu/Project/Stock_project/airflow_venv/lib/python3.8/site-packages/airflow/example_dags/tutorial_etl_dag.py
[2024-06-10 10:33:59,502] {logging_mixin.py:103} INFO - [2024-06-10 10:33:59,502] {dag.py:1813} INFO - Sync 1 DAGs
[2024-06-10 10:33:59,517] {logging_mixin.py:103} INFO - [2024-06-10 10:33:59,517] {dag.py:2266} INFO - Setting next_dagrun for tutorial_etl_dag to None
[2024-06-10 10:33:59,529] {scheduler_job.py:189} INFO - Processing /home/anhcu/Project/Stock_project/airflow_venv/lib/python3.8/site-packages/airflow/example_dags/tutorial_etl_dag.py took 0.046 seconds
[2024-06-10 10:34:27,884] {scheduler_job.py:181} INFO - Started process (PID=78565) to work on /home/anhcu/Project/Stock_project/airflow_venv/lib/python3.8/site-packages/airflow/example_dags/tutorial_etl_dag.py
[2024-06-10 10:34:27,885] {scheduler_job.py:629} INFO - Processing file /home/anhcu/Project/Stock_project/airflow_venv/lib/python3.8/site-packages/airflow/example_dags/tutorial_etl_dag.py for tasks to queue
[2024-06-10 10:34:27,887] {logging_mixin.py:103} INFO - [2024-06-10 10:34:27,887] {dagbag.py:440} INFO - Filling up the DagBag from /home/anhcu/Project/Stock_project/airflow_venv/lib/python3.8/site-packages/airflow/example_dags/tutorial_etl_dag.py
[2024-06-10 10:34:27,896] {scheduler_job.py:639} INFO - DAG(s) dict_keys(['tutorial_etl_dag']) retrieved from /home/anhcu/Project/Stock_project/airflow_venv/lib/python3.8/site-packages/airflow/example_dags/tutorial_etl_dag.py
[2024-06-10 10:34:27,897] {logging_mixin.py:103} INFO - [2024-06-10 10:34:27,897] {dag.py:1813} INFO - Sync 1 DAGs
[2024-06-10 10:34:27,913] {logging_mixin.py:103} INFO - [2024-06-10 10:34:27,912] {dag.py:2266} INFO - Setting next_dagrun for tutorial_etl_dag to None
[2024-06-10 10:34:27,924] {scheduler_job.py:189} INFO - Processing /home/anhcu/Project/Stock_project/airflow_venv/lib/python3.8/site-packages/airflow/example_dags/tutorial_etl_dag.py took 0.044 seconds
[2024-06-10 10:34:55,094] {scheduler_job.py:181} INFO - Started process (PID=78765) to work on /home/anhcu/Project/Stock_project/airflow_venv/lib/python3.8/site-packages/airflow/example_dags/tutorial_etl_dag.py
[2024-06-10 10:34:55,096] {scheduler_job.py:629} INFO - Processing file /home/anhcu/Project/Stock_project/airflow_venv/lib/python3.8/site-packages/airflow/example_dags/tutorial_etl_dag.py for tasks to queue
[2024-06-10 10:34:55,097] {logging_mixin.py:103} INFO - [2024-06-10 10:34:55,097] {dagbag.py:440} INFO - Filling up the DagBag from /home/anhcu/Project/Stock_project/airflow_venv/lib/python3.8/site-packages/airflow/example_dags/tutorial_etl_dag.py
[2024-06-10 10:34:55,108] {scheduler_job.py:639} INFO - DAG(s) dict_keys(['tutorial_etl_dag']) retrieved from /home/anhcu/Project/Stock_project/airflow_venv/lib/python3.8/site-packages/airflow/example_dags/tutorial_etl_dag.py
[2024-06-10 10:34:55,109] {logging_mixin.py:103} INFO - [2024-06-10 10:34:55,109] {dag.py:1813} INFO - Sync 1 DAGs
[2024-06-10 10:34:55,125] {logging_mixin.py:103} INFO - [2024-06-10 10:34:55,125] {dag.py:2266} INFO - Setting next_dagrun for tutorial_etl_dag to None
[2024-06-10 10:34:55,136] {scheduler_job.py:189} INFO - Processing /home/anhcu/Project/Stock_project/airflow_venv/lib/python3.8/site-packages/airflow/example_dags/tutorial_etl_dag.py took 0.046 seconds
[2024-06-10 10:35:51,353] {scheduler_job.py:181} INFO - Started process (PID=79473) to work on /home/anhcu/Project/Stock_project/airflow_venv/lib/python3.8/site-packages/airflow/example_dags/tutorial_etl_dag.py
[2024-06-10 10:35:51,357] {scheduler_job.py:629} INFO - Processing file /home/anhcu/Project/Stock_project/airflow_venv/lib/python3.8/site-packages/airflow/example_dags/tutorial_etl_dag.py for tasks to queue
[2024-06-10 10:35:51,358] {logging_mixin.py:103} INFO - [2024-06-10 10:35:51,358] {dagbag.py:440} INFO - Filling up the DagBag from /home/anhcu/Project/Stock_project/airflow_venv/lib/python3.8/site-packages/airflow/example_dags/tutorial_etl_dag.py
[2024-06-10 10:35:51,372] {scheduler_job.py:639} INFO - DAG(s) dict_keys(['tutorial_etl_dag']) retrieved from /home/anhcu/Project/Stock_project/airflow_venv/lib/python3.8/site-packages/airflow/example_dags/tutorial_etl_dag.py
[2024-06-10 10:35:51,374] {logging_mixin.py:103} INFO - [2024-06-10 10:35:51,374] {dag.py:1813} INFO - Sync 1 DAGs
[2024-06-10 10:35:51,397] {logging_mixin.py:103} INFO - [2024-06-10 10:35:51,397] {dag.py:2266} INFO - Setting next_dagrun for tutorial_etl_dag to None
[2024-06-10 10:35:51,414] {scheduler_job.py:189} INFO - Processing /home/anhcu/Project/Stock_project/airflow_venv/lib/python3.8/site-packages/airflow/example_dags/tutorial_etl_dag.py took 0.065 seconds
[2024-06-10 10:36:21,759] {scheduler_job.py:181} INFO - Started process (PID=79703) to work on /home/anhcu/Project/Stock_project/airflow_venv/lib/python3.8/site-packages/airflow/example_dags/tutorial_etl_dag.py
[2024-06-10 10:36:21,761] {scheduler_job.py:629} INFO - Processing file /home/anhcu/Project/Stock_project/airflow_venv/lib/python3.8/site-packages/airflow/example_dags/tutorial_etl_dag.py for tasks to queue
[2024-06-10 10:36:21,763] {logging_mixin.py:103} INFO - [2024-06-10 10:36:21,762] {dagbag.py:440} INFO - Filling up the DagBag from /home/anhcu/Project/Stock_project/airflow_venv/lib/python3.8/site-packages/airflow/example_dags/tutorial_etl_dag.py
[2024-06-10 10:36:21,779] {scheduler_job.py:639} INFO - DAG(s) dict_keys(['tutorial_etl_dag']) retrieved from /home/anhcu/Project/Stock_project/airflow_venv/lib/python3.8/site-packages/airflow/example_dags/tutorial_etl_dag.py
[2024-06-10 10:36:21,781] {logging_mixin.py:103} INFO - [2024-06-10 10:36:21,781] {dag.py:1813} INFO - Sync 1 DAGs
[2024-06-10 10:36:21,803] {logging_mixin.py:103} INFO - [2024-06-10 10:36:21,803] {dag.py:2266} INFO - Setting next_dagrun for tutorial_etl_dag to None
[2024-06-10 10:36:21,820] {scheduler_job.py:189} INFO - Processing /home/anhcu/Project/Stock_project/airflow_venv/lib/python3.8/site-packages/airflow/example_dags/tutorial_etl_dag.py took 0.065 seconds
