[2024-06-10 09:58:23,483] {scheduler_job.py:181} INFO - Started process (PID=62749) to work on /home/anhcu/Project/Stock_project/airflow_venv/lib/python3.8/site-packages/airflow/example_dags/tutorial_taskflow_api_etl.py
[2024-06-10 09:58:23,616] {scheduler_job.py:629} INFO - Processing file /home/anhcu/Project/Stock_project/airflow_venv/lib/python3.8/site-packages/airflow/example_dags/tutorial_taskflow_api_etl.py for tasks to queue
[2024-06-10 09:58:23,618] {logging_mixin.py:103} INFO - [2024-06-10 09:58:23,617] {dagbag.py:440} INFO - Filling up the DagBag from /home/anhcu/Project/Stock_project/airflow_venv/lib/python3.8/site-packages/airflow/example_dags/tutorial_taskflow_api_etl.py
[2024-06-10 09:58:23,633] {scheduler_job.py:639} INFO - DAG(s) dict_keys(['tutorial_taskflow_api_etl']) retrieved from /home/anhcu/Project/Stock_project/airflow_venv/lib/python3.8/site-packages/airflow/example_dags/tutorial_taskflow_api_etl.py
[2024-06-10 09:58:23,635] {logging_mixin.py:103} INFO - [2024-06-10 09:58:23,635] {dag.py:1813} INFO - Sync 1 DAGs
[2024-06-10 09:58:23,657] {logging_mixin.py:103} INFO - [2024-06-10 09:58:23,657] {dag.py:2266} INFO - Setting next_dagrun for tutorial_taskflow_api_etl to None
[2024-06-10 09:58:23,689] {scheduler_job.py:189} INFO - Processing /home/anhcu/Project/Stock_project/airflow_venv/lib/python3.8/site-packages/airflow/example_dags/tutorial_taskflow_api_etl.py took 0.210 seconds
[2024-06-10 09:59:21,179] {scheduler_job.py:181} INFO - Started process (PID=62975) to work on /home/anhcu/Project/Stock_project/airflow_venv/lib/python3.8/site-packages/airflow/example_dags/tutorial_taskflow_api_etl.py
[2024-06-10 09:59:21,187] {scheduler_job.py:629} INFO - Processing file /home/anhcu/Project/Stock_project/airflow_venv/lib/python3.8/site-packages/airflow/example_dags/tutorial_taskflow_api_etl.py for tasks to queue
[2024-06-10 09:59:21,189] {logging_mixin.py:103} INFO - [2024-06-10 09:59:21,189] {dagbag.py:440} INFO - Filling up the DagBag from /home/anhcu/Project/Stock_project/airflow_venv/lib/python3.8/site-packages/airflow/example_dags/tutorial_taskflow_api_etl.py
[2024-06-10 09:59:21,218] {scheduler_job.py:639} INFO - DAG(s) dict_keys(['tutorial_taskflow_api_etl']) retrieved from /home/anhcu/Project/Stock_project/airflow_venv/lib/python3.8/site-packages/airflow/example_dags/tutorial_taskflow_api_etl.py
[2024-06-10 09:59:21,226] {logging_mixin.py:103} INFO - [2024-06-10 09:59:21,226] {dag.py:1813} INFO - Sync 1 DAGs
[2024-06-10 09:59:21,380] {logging_mixin.py:103} INFO - [2024-06-10 09:59:21,380] {dag.py:2266} INFO - Setting next_dagrun for tutorial_taskflow_api_etl to None
[2024-06-10 09:59:21,412] {scheduler_job.py:189} INFO - Processing /home/anhcu/Project/Stock_project/airflow_venv/lib/python3.8/site-packages/airflow/example_dags/tutorial_taskflow_api_etl.py took 0.239 seconds
[2024-06-10 10:00:10,684] {scheduler_job.py:181} INFO - Started process (PID=63322) to work on /home/anhcu/Project/Stock_project/airflow_venv/lib/python3.8/site-packages/airflow/example_dags/tutorial_taskflow_api_etl.py
[2024-06-10 10:00:10,690] {scheduler_job.py:629} INFO - Processing file /home/anhcu/Project/Stock_project/airflow_venv/lib/python3.8/site-packages/airflow/example_dags/tutorial_taskflow_api_etl.py for tasks to queue
[2024-06-10 10:00:10,691] {logging_mixin.py:103} INFO - [2024-06-10 10:00:10,691] {dagbag.py:440} INFO - Filling up the DagBag from /home/anhcu/Project/Stock_project/airflow_venv/lib/python3.8/site-packages/airflow/example_dags/tutorial_taskflow_api_etl.py
[2024-06-10 10:00:10,726] {scheduler_job.py:639} INFO - DAG(s) dict_keys(['tutorial_taskflow_api_etl']) retrieved from /home/anhcu/Project/Stock_project/airflow_venv/lib/python3.8/site-packages/airflow/example_dags/tutorial_taskflow_api_etl.py
[2024-06-10 10:00:10,728] {logging_mixin.py:103} INFO - [2024-06-10 10:00:10,728] {dag.py:1813} INFO - Sync 1 DAGs
[2024-06-10 10:00:10,896] {logging_mixin.py:103} INFO - [2024-06-10 10:00:10,896] {dag.py:2266} INFO - Setting next_dagrun for tutorial_taskflow_api_etl to None
[2024-06-10 10:00:10,928] {scheduler_job.py:189} INFO - Processing /home/anhcu/Project/Stock_project/airflow_venv/lib/python3.8/site-packages/airflow/example_dags/tutorial_taskflow_api_etl.py took 0.257 seconds
[2024-06-10 10:00:57,198] {scheduler_job.py:181} INFO - Started process (PID=63650) to work on /home/anhcu/Project/Stock_project/airflow_venv/lib/python3.8/site-packages/airflow/example_dags/tutorial_taskflow_api_etl.py
[2024-06-10 10:00:57,215] {scheduler_job.py:629} INFO - Processing file /home/anhcu/Project/Stock_project/airflow_venv/lib/python3.8/site-packages/airflow/example_dags/tutorial_taskflow_api_etl.py for tasks to queue
[2024-06-10 10:00:57,217] {logging_mixin.py:103} INFO - [2024-06-10 10:00:57,217] {dagbag.py:440} INFO - Filling up the DagBag from /home/anhcu/Project/Stock_project/airflow_venv/lib/python3.8/site-packages/airflow/example_dags/tutorial_taskflow_api_etl.py
[2024-06-10 10:00:57,377] {scheduler_job.py:639} INFO - DAG(s) dict_keys(['tutorial_taskflow_api_etl']) retrieved from /home/anhcu/Project/Stock_project/airflow_venv/lib/python3.8/site-packages/airflow/example_dags/tutorial_taskflow_api_etl.py
[2024-06-10 10:00:57,380] {logging_mixin.py:103} INFO - [2024-06-10 10:00:57,379] {dag.py:1813} INFO - Sync 1 DAGs
[2024-06-10 10:00:57,438] {logging_mixin.py:103} INFO - [2024-06-10 10:00:57,438] {dag.py:2266} INFO - Setting next_dagrun for tutorial_taskflow_api_etl to None
[2024-06-10 10:00:57,477] {scheduler_job.py:189} INFO - Processing /home/anhcu/Project/Stock_project/airflow_venv/lib/python3.8/site-packages/airflow/example_dags/tutorial_taskflow_api_etl.py took 0.283 seconds
[2024-06-10 10:01:42,929] {scheduler_job.py:181} INFO - Started process (PID=63905) to work on /home/anhcu/Project/Stock_project/airflow_venv/lib/python3.8/site-packages/airflow/example_dags/tutorial_taskflow_api_etl.py
[2024-06-10 10:01:42,931] {scheduler_job.py:629} INFO - Processing file /home/anhcu/Project/Stock_project/airflow_venv/lib/python3.8/site-packages/airflow/example_dags/tutorial_taskflow_api_etl.py for tasks to queue
[2024-06-10 10:01:42,932] {logging_mixin.py:103} INFO - [2024-06-10 10:01:42,932] {dagbag.py:440} INFO - Filling up the DagBag from /home/anhcu/Project/Stock_project/airflow_venv/lib/python3.8/site-packages/airflow/example_dags/tutorial_taskflow_api_etl.py
[2024-06-10 10:01:42,947] {scheduler_job.py:639} INFO - DAG(s) dict_keys(['tutorial_taskflow_api_etl']) retrieved from /home/anhcu/Project/Stock_project/airflow_venv/lib/python3.8/site-packages/airflow/example_dags/tutorial_taskflow_api_etl.py
[2024-06-10 10:01:42,949] {logging_mixin.py:103} INFO - [2024-06-10 10:01:42,949] {dag.py:1813} INFO - Sync 1 DAGs
[2024-06-10 10:01:42,971] {logging_mixin.py:103} INFO - [2024-06-10 10:01:42,971] {dag.py:2266} INFO - Setting next_dagrun for tutorial_taskflow_api_etl to None
[2024-06-10 10:01:43,174] {scheduler_job.py:189} INFO - Processing /home/anhcu/Project/Stock_project/airflow_venv/lib/python3.8/site-packages/airflow/example_dags/tutorial_taskflow_api_etl.py took 0.249 seconds
[2024-06-10 10:07:18,204] {scheduler_job.py:181} INFO - Started process (PID=67046) to work on /home/anhcu/Project/Stock_project/airflow_venv/lib/python3.8/site-packages/airflow/example_dags/tutorial_taskflow_api_etl.py
[2024-06-10 10:07:18,207] {scheduler_job.py:629} INFO - Processing file /home/anhcu/Project/Stock_project/airflow_venv/lib/python3.8/site-packages/airflow/example_dags/tutorial_taskflow_api_etl.py for tasks to queue
[2024-06-10 10:07:18,208] {logging_mixin.py:103} INFO - [2024-06-10 10:07:18,208] {dagbag.py:440} INFO - Filling up the DagBag from /home/anhcu/Project/Stock_project/airflow_venv/lib/python3.8/site-packages/airflow/example_dags/tutorial_taskflow_api_etl.py
[2024-06-10 10:07:18,216] {scheduler_job.py:639} INFO - DAG(s) dict_keys(['tutorial_taskflow_api_etl']) retrieved from /home/anhcu/Project/Stock_project/airflow_venv/lib/python3.8/site-packages/airflow/example_dags/tutorial_taskflow_api_etl.py
[2024-06-10 10:07:18,217] {logging_mixin.py:103} INFO - [2024-06-10 10:07:18,217] {dag.py:1813} INFO - Sync 1 DAGs
[2024-06-10 10:07:18,232] {logging_mixin.py:103} INFO - [2024-06-10 10:07:18,232] {dag.py:2266} INFO - Setting next_dagrun for tutorial_taskflow_api_etl to None
[2024-06-10 10:07:18,256] {scheduler_job.py:189} INFO - Processing /home/anhcu/Project/Stock_project/airflow_venv/lib/python3.8/site-packages/airflow/example_dags/tutorial_taskflow_api_etl.py took 0.056 seconds
[2024-06-10 10:07:45,868] {scheduler_job.py:181} INFO - Started process (PID=67218) to work on /home/anhcu/Project/Stock_project/airflow_venv/lib/python3.8/site-packages/airflow/example_dags/tutorial_taskflow_api_etl.py
[2024-06-10 10:07:45,870] {scheduler_job.py:629} INFO - Processing file /home/anhcu/Project/Stock_project/airflow_venv/lib/python3.8/site-packages/airflow/example_dags/tutorial_taskflow_api_etl.py for tasks to queue
[2024-06-10 10:07:45,871] {logging_mixin.py:103} INFO - [2024-06-10 10:07:45,871] {dagbag.py:440} INFO - Filling up the DagBag from /home/anhcu/Project/Stock_project/airflow_venv/lib/python3.8/site-packages/airflow/example_dags/tutorial_taskflow_api_etl.py
[2024-06-10 10:07:45,878] {scheduler_job.py:639} INFO - DAG(s) dict_keys(['tutorial_taskflow_api_etl']) retrieved from /home/anhcu/Project/Stock_project/airflow_venv/lib/python3.8/site-packages/airflow/example_dags/tutorial_taskflow_api_etl.py
[2024-06-10 10:07:45,879] {logging_mixin.py:103} INFO - [2024-06-10 10:07:45,879] {dag.py:1813} INFO - Sync 1 DAGs
[2024-06-10 10:07:45,894] {logging_mixin.py:103} INFO - [2024-06-10 10:07:45,894] {dag.py:2266} INFO - Setting next_dagrun for tutorial_taskflow_api_etl to None
[2024-06-10 10:07:45,901] {scheduler_job.py:189} INFO - Processing /home/anhcu/Project/Stock_project/airflow_venv/lib/python3.8/site-packages/airflow/example_dags/tutorial_taskflow_api_etl.py took 0.036 seconds
[2024-06-10 10:08:16,356] {scheduler_job.py:181} INFO - Started process (PID=67450) to work on /home/anhcu/Project/Stock_project/airflow_venv/lib/python3.8/site-packages/airflow/example_dags/tutorial_taskflow_api_etl.py
[2024-06-10 10:08:16,358] {scheduler_job.py:629} INFO - Processing file /home/anhcu/Project/Stock_project/airflow_venv/lib/python3.8/site-packages/airflow/example_dags/tutorial_taskflow_api_etl.py for tasks to queue
[2024-06-10 10:08:16,358] {logging_mixin.py:103} INFO - [2024-06-10 10:08:16,358] {dagbag.py:440} INFO - Filling up the DagBag from /home/anhcu/Project/Stock_project/airflow_venv/lib/python3.8/site-packages/airflow/example_dags/tutorial_taskflow_api_etl.py
[2024-06-10 10:08:16,366] {scheduler_job.py:639} INFO - DAG(s) dict_keys(['tutorial_taskflow_api_etl']) retrieved from /home/anhcu/Project/Stock_project/airflow_venv/lib/python3.8/site-packages/airflow/example_dags/tutorial_taskflow_api_etl.py
[2024-06-10 10:08:16,367] {logging_mixin.py:103} INFO - [2024-06-10 10:08:16,367] {dag.py:1813} INFO - Sync 1 DAGs
[2024-06-10 10:08:16,382] {logging_mixin.py:103} INFO - [2024-06-10 10:08:16,382] {dag.py:2266} INFO - Setting next_dagrun for tutorial_taskflow_api_etl to None
[2024-06-10 10:08:16,402] {scheduler_job.py:189} INFO - Processing /home/anhcu/Project/Stock_project/airflow_venv/lib/python3.8/site-packages/airflow/example_dags/tutorial_taskflow_api_etl.py took 0.051 seconds
[2024-06-10 10:08:42,780] {scheduler_job.py:181} INFO - Started process (PID=67678) to work on /home/anhcu/Project/Stock_project/airflow_venv/lib/python3.8/site-packages/airflow/example_dags/tutorial_taskflow_api_etl.py
[2024-06-10 10:08:42,782] {scheduler_job.py:629} INFO - Processing file /home/anhcu/Project/Stock_project/airflow_venv/lib/python3.8/site-packages/airflow/example_dags/tutorial_taskflow_api_etl.py for tasks to queue
[2024-06-10 10:08:42,783] {logging_mixin.py:103} INFO - [2024-06-10 10:08:42,782] {dagbag.py:440} INFO - Filling up the DagBag from /home/anhcu/Project/Stock_project/airflow_venv/lib/python3.8/site-packages/airflow/example_dags/tutorial_taskflow_api_etl.py
[2024-06-10 10:08:42,792] {scheduler_job.py:639} INFO - DAG(s) dict_keys(['tutorial_taskflow_api_etl']) retrieved from /home/anhcu/Project/Stock_project/airflow_venv/lib/python3.8/site-packages/airflow/example_dags/tutorial_taskflow_api_etl.py
[2024-06-10 10:08:42,793] {logging_mixin.py:103} INFO - [2024-06-10 10:08:42,793] {dag.py:1813} INFO - Sync 1 DAGs
[2024-06-10 10:08:42,812] {logging_mixin.py:103} INFO - [2024-06-10 10:08:42,812] {dag.py:2266} INFO - Setting next_dagrun for tutorial_taskflow_api_etl to None
[2024-06-10 10:08:42,819] {scheduler_job.py:189} INFO - Processing /home/anhcu/Project/Stock_project/airflow_venv/lib/python3.8/site-packages/airflow/example_dags/tutorial_taskflow_api_etl.py took 0.042 seconds
[2024-06-10 10:09:10,521] {scheduler_job.py:181} INFO - Started process (PID=67868) to work on /home/anhcu/Project/Stock_project/airflow_venv/lib/python3.8/site-packages/airflow/example_dags/tutorial_taskflow_api_etl.py
[2024-06-10 10:09:10,522] {scheduler_job.py:629} INFO - Processing file /home/anhcu/Project/Stock_project/airflow_venv/lib/python3.8/site-packages/airflow/example_dags/tutorial_taskflow_api_etl.py for tasks to queue
[2024-06-10 10:09:10,523] {logging_mixin.py:103} INFO - [2024-06-10 10:09:10,523] {dagbag.py:440} INFO - Filling up the DagBag from /home/anhcu/Project/Stock_project/airflow_venv/lib/python3.8/site-packages/airflow/example_dags/tutorial_taskflow_api_etl.py
[2024-06-10 10:09:10,531] {scheduler_job.py:639} INFO - DAG(s) dict_keys(['tutorial_taskflow_api_etl']) retrieved from /home/anhcu/Project/Stock_project/airflow_venv/lib/python3.8/site-packages/airflow/example_dags/tutorial_taskflow_api_etl.py
[2024-06-10 10:09:10,532] {logging_mixin.py:103} INFO - [2024-06-10 10:09:10,532] {dag.py:1813} INFO - Sync 1 DAGs
[2024-06-10 10:09:10,549] {logging_mixin.py:103} INFO - [2024-06-10 10:09:10,549] {dag.py:2266} INFO - Setting next_dagrun for tutorial_taskflow_api_etl to None
[2024-06-10 10:09:10,571] {scheduler_job.py:189} INFO - Processing /home/anhcu/Project/Stock_project/airflow_venv/lib/python3.8/site-packages/airflow/example_dags/tutorial_taskflow_api_etl.py took 0.054 seconds
[2024-06-10 10:09:37,493] {scheduler_job.py:181} INFO - Started process (PID=68026) to work on /home/anhcu/Project/Stock_project/airflow_venv/lib/python3.8/site-packages/airflow/example_dags/tutorial_taskflow_api_etl.py
[2024-06-10 10:09:37,495] {scheduler_job.py:629} INFO - Processing file /home/anhcu/Project/Stock_project/airflow_venv/lib/python3.8/site-packages/airflow/example_dags/tutorial_taskflow_api_etl.py for tasks to queue
[2024-06-10 10:09:37,496] {logging_mixin.py:103} INFO - [2024-06-10 10:09:37,496] {dagbag.py:440} INFO - Filling up the DagBag from /home/anhcu/Project/Stock_project/airflow_venv/lib/python3.8/site-packages/airflow/example_dags/tutorial_taskflow_api_etl.py
[2024-06-10 10:09:37,505] {scheduler_job.py:639} INFO - DAG(s) dict_keys(['tutorial_taskflow_api_etl']) retrieved from /home/anhcu/Project/Stock_project/airflow_venv/lib/python3.8/site-packages/airflow/example_dags/tutorial_taskflow_api_etl.py
[2024-06-10 10:09:37,506] {logging_mixin.py:103} INFO - [2024-06-10 10:09:37,506] {dag.py:1813} INFO - Sync 1 DAGs
[2024-06-10 10:09:37,522] {logging_mixin.py:103} INFO - [2024-06-10 10:09:37,522] {dag.py:2266} INFO - Setting next_dagrun for tutorial_taskflow_api_etl to None
[2024-06-10 10:09:37,530] {scheduler_job.py:189} INFO - Processing /home/anhcu/Project/Stock_project/airflow_venv/lib/python3.8/site-packages/airflow/example_dags/tutorial_taskflow_api_etl.py took 0.042 seconds
[2024-06-10 10:10:05,757] {scheduler_job.py:181} INFO - Started process (PID=68184) to work on /home/anhcu/Project/Stock_project/airflow_venv/lib/python3.8/site-packages/airflow/example_dags/tutorial_taskflow_api_etl.py
[2024-06-10 10:10:05,758] {scheduler_job.py:629} INFO - Processing file /home/anhcu/Project/Stock_project/airflow_venv/lib/python3.8/site-packages/airflow/example_dags/tutorial_taskflow_api_etl.py for tasks to queue
[2024-06-10 10:10:05,759] {logging_mixin.py:103} INFO - [2024-06-10 10:10:05,759] {dagbag.py:440} INFO - Filling up the DagBag from /home/anhcu/Project/Stock_project/airflow_venv/lib/python3.8/site-packages/airflow/example_dags/tutorial_taskflow_api_etl.py
[2024-06-10 10:10:05,767] {scheduler_job.py:639} INFO - DAG(s) dict_keys(['tutorial_taskflow_api_etl']) retrieved from /home/anhcu/Project/Stock_project/airflow_venv/lib/python3.8/site-packages/airflow/example_dags/tutorial_taskflow_api_etl.py
[2024-06-10 10:10:05,768] {logging_mixin.py:103} INFO - [2024-06-10 10:10:05,768] {dag.py:1813} INFO - Sync 1 DAGs
[2024-06-10 10:10:05,783] {logging_mixin.py:103} INFO - [2024-06-10 10:10:05,783] {dag.py:2266} INFO - Setting next_dagrun for tutorial_taskflow_api_etl to None
[2024-06-10 10:10:05,804] {scheduler_job.py:189} INFO - Processing /home/anhcu/Project/Stock_project/airflow_venv/lib/python3.8/site-packages/airflow/example_dags/tutorial_taskflow_api_etl.py took 0.052 seconds
[2024-06-10 10:10:33,616] {scheduler_job.py:181} INFO - Started process (PID=68310) to work on /home/anhcu/Project/Stock_project/airflow_venv/lib/python3.8/site-packages/airflow/example_dags/tutorial_taskflow_api_etl.py
[2024-06-10 10:10:33,617] {scheduler_job.py:629} INFO - Processing file /home/anhcu/Project/Stock_project/airflow_venv/lib/python3.8/site-packages/airflow/example_dags/tutorial_taskflow_api_etl.py for tasks to queue
[2024-06-10 10:10:33,618] {logging_mixin.py:103} INFO - [2024-06-10 10:10:33,618] {dagbag.py:440} INFO - Filling up the DagBag from /home/anhcu/Project/Stock_project/airflow_venv/lib/python3.8/site-packages/airflow/example_dags/tutorial_taskflow_api_etl.py
[2024-06-10 10:10:33,626] {scheduler_job.py:639} INFO - DAG(s) dict_keys(['tutorial_taskflow_api_etl']) retrieved from /home/anhcu/Project/Stock_project/airflow_venv/lib/python3.8/site-packages/airflow/example_dags/tutorial_taskflow_api_etl.py
[2024-06-10 10:10:33,627] {logging_mixin.py:103} INFO - [2024-06-10 10:10:33,627] {dag.py:1813} INFO - Sync 1 DAGs
[2024-06-10 10:10:33,643] {logging_mixin.py:103} INFO - [2024-06-10 10:10:33,642] {dag.py:2266} INFO - Setting next_dagrun for tutorial_taskflow_api_etl to None
[2024-06-10 10:10:33,650] {scheduler_job.py:189} INFO - Processing /home/anhcu/Project/Stock_project/airflow_venv/lib/python3.8/site-packages/airflow/example_dags/tutorial_taskflow_api_etl.py took 0.039 seconds
[2024-06-10 10:11:01,916] {scheduler_job.py:181} INFO - Started process (PID=68502) to work on /home/anhcu/Project/Stock_project/airflow_venv/lib/python3.8/site-packages/airflow/example_dags/tutorial_taskflow_api_etl.py
[2024-06-10 10:11:01,919] {scheduler_job.py:629} INFO - Processing file /home/anhcu/Project/Stock_project/airflow_venv/lib/python3.8/site-packages/airflow/example_dags/tutorial_taskflow_api_etl.py for tasks to queue
[2024-06-10 10:11:01,920] {logging_mixin.py:103} INFO - [2024-06-10 10:11:01,920] {dagbag.py:440} INFO - Filling up the DagBag from /home/anhcu/Project/Stock_project/airflow_venv/lib/python3.8/site-packages/airflow/example_dags/tutorial_taskflow_api_etl.py
[2024-06-10 10:11:01,931] {scheduler_job.py:639} INFO - DAG(s) dict_keys(['tutorial_taskflow_api_etl']) retrieved from /home/anhcu/Project/Stock_project/airflow_venv/lib/python3.8/site-packages/airflow/example_dags/tutorial_taskflow_api_etl.py
[2024-06-10 10:11:01,933] {logging_mixin.py:103} INFO - [2024-06-10 10:11:01,932] {dag.py:1813} INFO - Sync 1 DAGs
[2024-06-10 10:11:01,954] {logging_mixin.py:103} INFO - [2024-06-10 10:11:01,954] {dag.py:2266} INFO - Setting next_dagrun for tutorial_taskflow_api_etl to None
[2024-06-10 10:11:01,983] {scheduler_job.py:189} INFO - Processing /home/anhcu/Project/Stock_project/airflow_venv/lib/python3.8/site-packages/airflow/example_dags/tutorial_taskflow_api_etl.py took 0.071 seconds
[2024-06-10 10:11:46,776] {scheduler_job.py:181} INFO - Started process (PID=68808) to work on /home/anhcu/Project/Stock_project/airflow_venv/lib/python3.8/site-packages/airflow/example_dags/tutorial_taskflow_api_etl.py
[2024-06-10 10:11:46,778] {scheduler_job.py:629} INFO - Processing file /home/anhcu/Project/Stock_project/airflow_venv/lib/python3.8/site-packages/airflow/example_dags/tutorial_taskflow_api_etl.py for tasks to queue
[2024-06-10 10:11:46,778] {logging_mixin.py:103} INFO - [2024-06-10 10:11:46,778] {dagbag.py:440} INFO - Filling up the DagBag from /home/anhcu/Project/Stock_project/airflow_venv/lib/python3.8/site-packages/airflow/example_dags/tutorial_taskflow_api_etl.py
[2024-06-10 10:11:46,790] {scheduler_job.py:639} INFO - DAG(s) dict_keys(['tutorial_taskflow_api_etl']) retrieved from /home/anhcu/Project/Stock_project/airflow_venv/lib/python3.8/site-packages/airflow/example_dags/tutorial_taskflow_api_etl.py
[2024-06-10 10:11:46,791] {logging_mixin.py:103} INFO - [2024-06-10 10:11:46,791] {dag.py:1813} INFO - Sync 1 DAGs
[2024-06-10 10:11:46,807] {logging_mixin.py:103} INFO - [2024-06-10 10:11:46,806] {dag.py:2266} INFO - Setting next_dagrun for tutorial_taskflow_api_etl to None
[2024-06-10 10:11:46,829] {scheduler_job.py:189} INFO - Processing /home/anhcu/Project/Stock_project/airflow_venv/lib/python3.8/site-packages/airflow/example_dags/tutorial_taskflow_api_etl.py took 0.056 seconds
[2024-06-10 10:12:16,427] {scheduler_job.py:181} INFO - Started process (PID=68995) to work on /home/anhcu/Project/Stock_project/airflow_venv/lib/python3.8/site-packages/airflow/example_dags/tutorial_taskflow_api_etl.py
[2024-06-10 10:12:16,435] {scheduler_job.py:629} INFO - Processing file /home/anhcu/Project/Stock_project/airflow_venv/lib/python3.8/site-packages/airflow/example_dags/tutorial_taskflow_api_etl.py for tasks to queue
[2024-06-10 10:12:16,437] {logging_mixin.py:103} INFO - [2024-06-10 10:12:16,436] {dagbag.py:440} INFO - Filling up the DagBag from /home/anhcu/Project/Stock_project/airflow_venv/lib/python3.8/site-packages/airflow/example_dags/tutorial_taskflow_api_etl.py
[2024-06-10 10:12:16,482] {scheduler_job.py:639} INFO - DAG(s) dict_keys(['tutorial_taskflow_api_etl']) retrieved from /home/anhcu/Project/Stock_project/airflow_venv/lib/python3.8/site-packages/airflow/example_dags/tutorial_taskflow_api_etl.py
[2024-06-10 10:12:16,484] {logging_mixin.py:103} INFO - [2024-06-10 10:12:16,484] {dag.py:1813} INFO - Sync 1 DAGs
[2024-06-10 10:12:16,558] {logging_mixin.py:103} INFO - [2024-06-10 10:12:16,542] {dag.py:2266} INFO - Setting next_dagrun for tutorial_taskflow_api_etl to None
[2024-06-10 10:12:16,577] {scheduler_job.py:189} INFO - Processing /home/anhcu/Project/Stock_project/airflow_venv/lib/python3.8/site-packages/airflow/example_dags/tutorial_taskflow_api_etl.py took 0.169 seconds
[2024-06-10 10:12:47,418] {scheduler_job.py:181} INFO - Started process (PID=69189) to work on /home/anhcu/Project/Stock_project/airflow_venv/lib/python3.8/site-packages/airflow/example_dags/tutorial_taskflow_api_etl.py
[2024-06-10 10:12:47,420] {scheduler_job.py:629} INFO - Processing file /home/anhcu/Project/Stock_project/airflow_venv/lib/python3.8/site-packages/airflow/example_dags/tutorial_taskflow_api_etl.py for tasks to queue
[2024-06-10 10:12:47,422] {logging_mixin.py:103} INFO - [2024-06-10 10:12:47,422] {dagbag.py:440} INFO - Filling up the DagBag from /home/anhcu/Project/Stock_project/airflow_venv/lib/python3.8/site-packages/airflow/example_dags/tutorial_taskflow_api_etl.py
[2024-06-10 10:12:47,436] {scheduler_job.py:639} INFO - DAG(s) dict_keys(['tutorial_taskflow_api_etl']) retrieved from /home/anhcu/Project/Stock_project/airflow_venv/lib/python3.8/site-packages/airflow/example_dags/tutorial_taskflow_api_etl.py
[2024-06-10 10:12:47,438] {logging_mixin.py:103} INFO - [2024-06-10 10:12:47,438] {dag.py:1813} INFO - Sync 1 DAGs
[2024-06-10 10:12:47,459] {logging_mixin.py:103} INFO - [2024-06-10 10:12:47,459] {dag.py:2266} INFO - Setting next_dagrun for tutorial_taskflow_api_etl to None
[2024-06-10 10:12:47,491] {scheduler_job.py:189} INFO - Processing /home/anhcu/Project/Stock_project/airflow_venv/lib/python3.8/site-packages/airflow/example_dags/tutorial_taskflow_api_etl.py took 0.077 seconds
[2024-06-10 10:13:17,139] {scheduler_job.py:181} INFO - Started process (PID=69324) to work on /home/anhcu/Project/Stock_project/airflow_venv/lib/python3.8/site-packages/airflow/example_dags/tutorial_taskflow_api_etl.py
[2024-06-10 10:13:17,140] {scheduler_job.py:629} INFO - Processing file /home/anhcu/Project/Stock_project/airflow_venv/lib/python3.8/site-packages/airflow/example_dags/tutorial_taskflow_api_etl.py for tasks to queue
[2024-06-10 10:13:17,142] {logging_mixin.py:103} INFO - [2024-06-10 10:13:17,142] {dagbag.py:440} INFO - Filling up the DagBag from /home/anhcu/Project/Stock_project/airflow_venv/lib/python3.8/site-packages/airflow/example_dags/tutorial_taskflow_api_etl.py
[2024-06-10 10:13:17,157] {scheduler_job.py:639} INFO - DAG(s) dict_keys(['tutorial_taskflow_api_etl']) retrieved from /home/anhcu/Project/Stock_project/airflow_venv/lib/python3.8/site-packages/airflow/example_dags/tutorial_taskflow_api_etl.py
[2024-06-10 10:13:17,159] {logging_mixin.py:103} INFO - [2024-06-10 10:13:17,159] {dag.py:1813} INFO - Sync 1 DAGs
[2024-06-10 10:13:17,180] {logging_mixin.py:103} INFO - [2024-06-10 10:13:17,180] {dag.py:2266} INFO - Setting next_dagrun for tutorial_taskflow_api_etl to None
[2024-06-10 10:13:17,193] {scheduler_job.py:189} INFO - Processing /home/anhcu/Project/Stock_project/airflow_venv/lib/python3.8/site-packages/airflow/example_dags/tutorial_taskflow_api_etl.py took 0.058 seconds
[2024-06-10 10:13:45,638] {scheduler_job.py:181} INFO - Started process (PID=69459) to work on /home/anhcu/Project/Stock_project/airflow_venv/lib/python3.8/site-packages/airflow/example_dags/tutorial_taskflow_api_etl.py
[2024-06-10 10:13:45,642] {scheduler_job.py:629} INFO - Processing file /home/anhcu/Project/Stock_project/airflow_venv/lib/python3.8/site-packages/airflow/example_dags/tutorial_taskflow_api_etl.py for tasks to queue
[2024-06-10 10:13:45,642] {logging_mixin.py:103} INFO - [2024-06-10 10:13:45,642] {dagbag.py:440} INFO - Filling up the DagBag from /home/anhcu/Project/Stock_project/airflow_venv/lib/python3.8/site-packages/airflow/example_dags/tutorial_taskflow_api_etl.py
[2024-06-10 10:13:45,653] {scheduler_job.py:639} INFO - DAG(s) dict_keys(['tutorial_taskflow_api_etl']) retrieved from /home/anhcu/Project/Stock_project/airflow_venv/lib/python3.8/site-packages/airflow/example_dags/tutorial_taskflow_api_etl.py
[2024-06-10 10:13:45,655] {logging_mixin.py:103} INFO - [2024-06-10 10:13:45,655] {dag.py:1813} INFO - Sync 1 DAGs
[2024-06-10 10:13:45,672] {logging_mixin.py:103} INFO - [2024-06-10 10:13:45,672] {dag.py:2266} INFO - Setting next_dagrun for tutorial_taskflow_api_etl to None
[2024-06-10 10:13:45,692] {scheduler_job.py:189} INFO - Processing /home/anhcu/Project/Stock_project/airflow_venv/lib/python3.8/site-packages/airflow/example_dags/tutorial_taskflow_api_etl.py took 0.058 seconds
[2024-06-10 10:14:15,605] {scheduler_job.py:181} INFO - Started process (PID=69614) to work on /home/anhcu/Project/Stock_project/airflow_venv/lib/python3.8/site-packages/airflow/example_dags/tutorial_taskflow_api_etl.py
[2024-06-10 10:14:15,607] {scheduler_job.py:629} INFO - Processing file /home/anhcu/Project/Stock_project/airflow_venv/lib/python3.8/site-packages/airflow/example_dags/tutorial_taskflow_api_etl.py for tasks to queue
[2024-06-10 10:14:15,608] {logging_mixin.py:103} INFO - [2024-06-10 10:14:15,608] {dagbag.py:440} INFO - Filling up the DagBag from /home/anhcu/Project/Stock_project/airflow_venv/lib/python3.8/site-packages/airflow/example_dags/tutorial_taskflow_api_etl.py
[2024-06-10 10:14:15,619] {scheduler_job.py:639} INFO - DAG(s) dict_keys(['tutorial_taskflow_api_etl']) retrieved from /home/anhcu/Project/Stock_project/airflow_venv/lib/python3.8/site-packages/airflow/example_dags/tutorial_taskflow_api_etl.py
[2024-06-10 10:14:15,620] {logging_mixin.py:103} INFO - [2024-06-10 10:14:15,619] {dag.py:1813} INFO - Sync 1 DAGs
[2024-06-10 10:14:15,637] {logging_mixin.py:103} INFO - [2024-06-10 10:14:15,637] {dag.py:2266} INFO - Setting next_dagrun for tutorial_taskflow_api_etl to None
[2024-06-10 10:14:15,643] {scheduler_job.py:189} INFO - Processing /home/anhcu/Project/Stock_project/airflow_venv/lib/python3.8/site-packages/airflow/example_dags/tutorial_taskflow_api_etl.py took 0.041 seconds
[2024-06-10 10:14:44,751] {scheduler_job.py:181} INFO - Started process (PID=69777) to work on /home/anhcu/Project/Stock_project/airflow_venv/lib/python3.8/site-packages/airflow/example_dags/tutorial_taskflow_api_etl.py
[2024-06-10 10:14:44,752] {scheduler_job.py:629} INFO - Processing file /home/anhcu/Project/Stock_project/airflow_venv/lib/python3.8/site-packages/airflow/example_dags/tutorial_taskflow_api_etl.py for tasks to queue
[2024-06-10 10:14:44,753] {logging_mixin.py:103} INFO - [2024-06-10 10:14:44,753] {dagbag.py:440} INFO - Filling up the DagBag from /home/anhcu/Project/Stock_project/airflow_venv/lib/python3.8/site-packages/airflow/example_dags/tutorial_taskflow_api_etl.py
[2024-06-10 10:14:44,764] {scheduler_job.py:639} INFO - DAG(s) dict_keys(['tutorial_taskflow_api_etl']) retrieved from /home/anhcu/Project/Stock_project/airflow_venv/lib/python3.8/site-packages/airflow/example_dags/tutorial_taskflow_api_etl.py
[2024-06-10 10:14:44,765] {logging_mixin.py:103} INFO - [2024-06-10 10:14:44,765] {dag.py:1813} INFO - Sync 1 DAGs
[2024-06-10 10:14:44,782] {logging_mixin.py:103} INFO - [2024-06-10 10:14:44,782] {dag.py:2266} INFO - Setting next_dagrun for tutorial_taskflow_api_etl to None
[2024-06-10 10:14:44,802] {scheduler_job.py:189} INFO - Processing /home/anhcu/Project/Stock_project/airflow_venv/lib/python3.8/site-packages/airflow/example_dags/tutorial_taskflow_api_etl.py took 0.055 seconds
[2024-06-10 10:15:16,943] {scheduler_job.py:181} INFO - Started process (PID=69960) to work on /home/anhcu/Project/Stock_project/airflow_venv/lib/python3.8/site-packages/airflow/example_dags/tutorial_taskflow_api_etl.py
[2024-06-10 10:15:16,945] {scheduler_job.py:629} INFO - Processing file /home/anhcu/Project/Stock_project/airflow_venv/lib/python3.8/site-packages/airflow/example_dags/tutorial_taskflow_api_etl.py for tasks to queue
[2024-06-10 10:15:16,946] {logging_mixin.py:103} INFO - [2024-06-10 10:15:16,946] {dagbag.py:440} INFO - Filling up the DagBag from /home/anhcu/Project/Stock_project/airflow_venv/lib/python3.8/site-packages/airflow/example_dags/tutorial_taskflow_api_etl.py
[2024-06-10 10:15:16,961] {scheduler_job.py:639} INFO - DAG(s) dict_keys(['tutorial_taskflow_api_etl']) retrieved from /home/anhcu/Project/Stock_project/airflow_venv/lib/python3.8/site-packages/airflow/example_dags/tutorial_taskflow_api_etl.py
[2024-06-10 10:15:16,962] {logging_mixin.py:103} INFO - [2024-06-10 10:15:16,962] {dag.py:1813} INFO - Sync 1 DAGs
[2024-06-10 10:15:16,984] {logging_mixin.py:103} INFO - [2024-06-10 10:15:16,984] {dag.py:2266} INFO - Setting next_dagrun for tutorial_taskflow_api_etl to None
[2024-06-10 10:15:17,017] {scheduler_job.py:189} INFO - Processing /home/anhcu/Project/Stock_project/airflow_venv/lib/python3.8/site-packages/airflow/example_dags/tutorial_taskflow_api_etl.py took 0.079 seconds
[2024-06-10 10:15:48,449] {scheduler_job.py:181} INFO - Started process (PID=70180) to work on /home/anhcu/Project/Stock_project/airflow_venv/lib/python3.8/site-packages/airflow/example_dags/tutorial_taskflow_api_etl.py
[2024-06-10 10:15:48,451] {scheduler_job.py:629} INFO - Processing file /home/anhcu/Project/Stock_project/airflow_venv/lib/python3.8/site-packages/airflow/example_dags/tutorial_taskflow_api_etl.py for tasks to queue
[2024-06-10 10:15:48,452] {logging_mixin.py:103} INFO - [2024-06-10 10:15:48,452] {dagbag.py:440} INFO - Filling up the DagBag from /home/anhcu/Project/Stock_project/airflow_venv/lib/python3.8/site-packages/airflow/example_dags/tutorial_taskflow_api_etl.py
[2024-06-10 10:15:48,463] {scheduler_job.py:639} INFO - DAG(s) dict_keys(['tutorial_taskflow_api_etl']) retrieved from /home/anhcu/Project/Stock_project/airflow_venv/lib/python3.8/site-packages/airflow/example_dags/tutorial_taskflow_api_etl.py
[2024-06-10 10:15:48,464] {logging_mixin.py:103} INFO - [2024-06-10 10:15:48,464] {dag.py:1813} INFO - Sync 1 DAGs
[2024-06-10 10:15:48,480] {logging_mixin.py:103} INFO - [2024-06-10 10:15:48,480] {dag.py:2266} INFO - Setting next_dagrun for tutorial_taskflow_api_etl to None
[2024-06-10 10:15:48,502] {scheduler_job.py:189} INFO - Processing /home/anhcu/Project/Stock_project/airflow_venv/lib/python3.8/site-packages/airflow/example_dags/tutorial_taskflow_api_etl.py took 0.056 seconds
[2024-06-10 10:16:18,007] {scheduler_job.py:181} INFO - Started process (PID=70374) to work on /home/anhcu/Project/Stock_project/airflow_venv/lib/python3.8/site-packages/airflow/example_dags/tutorial_taskflow_api_etl.py
[2024-06-10 10:16:18,009] {scheduler_job.py:629} INFO - Processing file /home/anhcu/Project/Stock_project/airflow_venv/lib/python3.8/site-packages/airflow/example_dags/tutorial_taskflow_api_etl.py for tasks to queue
[2024-06-10 10:16:18,009] {logging_mixin.py:103} INFO - [2024-06-10 10:16:18,009] {dagbag.py:440} INFO - Filling up the DagBag from /home/anhcu/Project/Stock_project/airflow_venv/lib/python3.8/site-packages/airflow/example_dags/tutorial_taskflow_api_etl.py
[2024-06-10 10:16:18,020] {scheduler_job.py:639} INFO - DAG(s) dict_keys(['tutorial_taskflow_api_etl']) retrieved from /home/anhcu/Project/Stock_project/airflow_venv/lib/python3.8/site-packages/airflow/example_dags/tutorial_taskflow_api_etl.py
[2024-06-10 10:16:18,021] {logging_mixin.py:103} INFO - [2024-06-10 10:16:18,021] {dag.py:1813} INFO - Sync 1 DAGs
[2024-06-10 10:16:18,037] {logging_mixin.py:103} INFO - [2024-06-10 10:16:18,037] {dag.py:2266} INFO - Setting next_dagrun for tutorial_taskflow_api_etl to None
[2024-06-10 10:16:18,046] {scheduler_job.py:189} INFO - Processing /home/anhcu/Project/Stock_project/airflow_venv/lib/python3.8/site-packages/airflow/example_dags/tutorial_taskflow_api_etl.py took 0.042 seconds
[2024-06-10 10:16:47,631] {scheduler_job.py:181} INFO - Started process (PID=70623) to work on /home/anhcu/Project/Stock_project/airflow_venv/lib/python3.8/site-packages/airflow/example_dags/tutorial_taskflow_api_etl.py
[2024-06-10 10:16:47,632] {scheduler_job.py:629} INFO - Processing file /home/anhcu/Project/Stock_project/airflow_venv/lib/python3.8/site-packages/airflow/example_dags/tutorial_taskflow_api_etl.py for tasks to queue
[2024-06-10 10:16:47,633] {logging_mixin.py:103} INFO - [2024-06-10 10:16:47,633] {dagbag.py:440} INFO - Filling up the DagBag from /home/anhcu/Project/Stock_project/airflow_venv/lib/python3.8/site-packages/airflow/example_dags/tutorial_taskflow_api_etl.py
[2024-06-10 10:16:47,644] {scheduler_job.py:639} INFO - DAG(s) dict_keys(['tutorial_taskflow_api_etl']) retrieved from /home/anhcu/Project/Stock_project/airflow_venv/lib/python3.8/site-packages/airflow/example_dags/tutorial_taskflow_api_etl.py
[2024-06-10 10:16:47,645] {logging_mixin.py:103} INFO - [2024-06-10 10:16:47,645] {dag.py:1813} INFO - Sync 1 DAGs
[2024-06-10 10:16:47,660] {logging_mixin.py:103} INFO - [2024-06-10 10:16:47,660] {dag.py:2266} INFO - Setting next_dagrun for tutorial_taskflow_api_etl to None
[2024-06-10 10:16:47,683] {scheduler_job.py:189} INFO - Processing /home/anhcu/Project/Stock_project/airflow_venv/lib/python3.8/site-packages/airflow/example_dags/tutorial_taskflow_api_etl.py took 0.055 seconds
[2024-06-10 10:17:17,288] {scheduler_job.py:181} INFO - Started process (PID=70874) to work on /home/anhcu/Project/Stock_project/airflow_venv/lib/python3.8/site-packages/airflow/example_dags/tutorial_taskflow_api_etl.py
[2024-06-10 10:17:17,290] {scheduler_job.py:629} INFO - Processing file /home/anhcu/Project/Stock_project/airflow_venv/lib/python3.8/site-packages/airflow/example_dags/tutorial_taskflow_api_etl.py for tasks to queue
[2024-06-10 10:17:17,290] {logging_mixin.py:103} INFO - [2024-06-10 10:17:17,290] {dagbag.py:440} INFO - Filling up the DagBag from /home/anhcu/Project/Stock_project/airflow_venv/lib/python3.8/site-packages/airflow/example_dags/tutorial_taskflow_api_etl.py
[2024-06-10 10:17:17,301] {scheduler_job.py:639} INFO - DAG(s) dict_keys(['tutorial_taskflow_api_etl']) retrieved from /home/anhcu/Project/Stock_project/airflow_venv/lib/python3.8/site-packages/airflow/example_dags/tutorial_taskflow_api_etl.py
[2024-06-10 10:17:17,302] {logging_mixin.py:103} INFO - [2024-06-10 10:17:17,302] {dag.py:1813} INFO - Sync 1 DAGs
[2024-06-10 10:17:17,319] {logging_mixin.py:103} INFO - [2024-06-10 10:17:17,318] {dag.py:2266} INFO - Setting next_dagrun for tutorial_taskflow_api_etl to None
[2024-06-10 10:17:17,325] {scheduler_job.py:189} INFO - Processing /home/anhcu/Project/Stock_project/airflow_venv/lib/python3.8/site-packages/airflow/example_dags/tutorial_taskflow_api_etl.py took 0.040 seconds
[2024-06-10 10:17:48,023] {scheduler_job.py:181} INFO - Started process (PID=71030) to work on /home/anhcu/Project/Stock_project/airflow_venv/lib/python3.8/site-packages/airflow/example_dags/tutorial_taskflow_api_etl.py
[2024-06-10 10:17:48,025] {scheduler_job.py:629} INFO - Processing file /home/anhcu/Project/Stock_project/airflow_venv/lib/python3.8/site-packages/airflow/example_dags/tutorial_taskflow_api_etl.py for tasks to queue
[2024-06-10 10:17:48,026] {logging_mixin.py:103} INFO - [2024-06-10 10:17:48,026] {dagbag.py:440} INFO - Filling up the DagBag from /home/anhcu/Project/Stock_project/airflow_venv/lib/python3.8/site-packages/airflow/example_dags/tutorial_taskflow_api_etl.py
[2024-06-10 10:17:48,038] {scheduler_job.py:639} INFO - DAG(s) dict_keys(['tutorial_taskflow_api_etl']) retrieved from /home/anhcu/Project/Stock_project/airflow_venv/lib/python3.8/site-packages/airflow/example_dags/tutorial_taskflow_api_etl.py
[2024-06-10 10:17:48,040] {logging_mixin.py:103} INFO - [2024-06-10 10:17:48,039] {dag.py:1813} INFO - Sync 1 DAGs
[2024-06-10 10:17:48,058] {logging_mixin.py:103} INFO - [2024-06-10 10:17:48,058] {dag.py:2266} INFO - Setting next_dagrun for tutorial_taskflow_api_etl to None
[2024-06-10 10:17:48,080] {scheduler_job.py:189} INFO - Processing /home/anhcu/Project/Stock_project/airflow_venv/lib/python3.8/site-packages/airflow/example_dags/tutorial_taskflow_api_etl.py took 0.061 seconds
[2024-06-10 10:18:17,646] {scheduler_job.py:181} INFO - Started process (PID=71263) to work on /home/anhcu/Project/Stock_project/airflow_venv/lib/python3.8/site-packages/airflow/example_dags/tutorial_taskflow_api_etl.py
[2024-06-10 10:18:17,647] {scheduler_job.py:629} INFO - Processing file /home/anhcu/Project/Stock_project/airflow_venv/lib/python3.8/site-packages/airflow/example_dags/tutorial_taskflow_api_etl.py for tasks to queue
[2024-06-10 10:18:17,648] {logging_mixin.py:103} INFO - [2024-06-10 10:18:17,648] {dagbag.py:440} INFO - Filling up the DagBag from /home/anhcu/Project/Stock_project/airflow_venv/lib/python3.8/site-packages/airflow/example_dags/tutorial_taskflow_api_etl.py
[2024-06-10 10:18:17,659] {scheduler_job.py:639} INFO - DAG(s) dict_keys(['tutorial_taskflow_api_etl']) retrieved from /home/anhcu/Project/Stock_project/airflow_venv/lib/python3.8/site-packages/airflow/example_dags/tutorial_taskflow_api_etl.py
[2024-06-10 10:18:17,660] {logging_mixin.py:103} INFO - [2024-06-10 10:18:17,660] {dag.py:1813} INFO - Sync 1 DAGs
[2024-06-10 10:18:17,676] {logging_mixin.py:103} INFO - [2024-06-10 10:18:17,676] {dag.py:2266} INFO - Setting next_dagrun for tutorial_taskflow_api_etl to None
[2024-06-10 10:18:17,683] {scheduler_job.py:189} INFO - Processing /home/anhcu/Project/Stock_project/airflow_venv/lib/python3.8/site-packages/airflow/example_dags/tutorial_taskflow_api_etl.py took 0.041 seconds
[2024-06-10 10:18:48,662] {scheduler_job.py:181} INFO - Started process (PID=71693) to work on /home/anhcu/Project/Stock_project/airflow_venv/lib/python3.8/site-packages/airflow/example_dags/tutorial_taskflow_api_etl.py
[2024-06-10 10:18:48,665] {scheduler_job.py:629} INFO - Processing file /home/anhcu/Project/Stock_project/airflow_venv/lib/python3.8/site-packages/airflow/example_dags/tutorial_taskflow_api_etl.py for tasks to queue
[2024-06-10 10:18:48,666] {logging_mixin.py:103} INFO - [2024-06-10 10:18:48,666] {dagbag.py:440} INFO - Filling up the DagBag from /home/anhcu/Project/Stock_project/airflow_venv/lib/python3.8/site-packages/airflow/example_dags/tutorial_taskflow_api_etl.py
[2024-06-10 10:18:48,679] {scheduler_job.py:639} INFO - DAG(s) dict_keys(['tutorial_taskflow_api_etl']) retrieved from /home/anhcu/Project/Stock_project/airflow_venv/lib/python3.8/site-packages/airflow/example_dags/tutorial_taskflow_api_etl.py
[2024-06-10 10:18:48,680] {logging_mixin.py:103} INFO - [2024-06-10 10:18:48,680] {dag.py:1813} INFO - Sync 1 DAGs
[2024-06-10 10:18:48,698] {logging_mixin.py:103} INFO - [2024-06-10 10:18:48,697] {dag.py:2266} INFO - Setting next_dagrun for tutorial_taskflow_api_etl to None
[2024-06-10 10:18:48,718] {scheduler_job.py:189} INFO - Processing /home/anhcu/Project/Stock_project/airflow_venv/lib/python3.8/site-packages/airflow/example_dags/tutorial_taskflow_api_etl.py took 0.060 seconds
[2024-06-10 10:19:18,916] {scheduler_job.py:181} INFO - Started process (PID=71885) to work on /home/anhcu/Project/Stock_project/airflow_venv/lib/python3.8/site-packages/airflow/example_dags/tutorial_taskflow_api_etl.py
[2024-06-10 10:19:18,918] {scheduler_job.py:629} INFO - Processing file /home/anhcu/Project/Stock_project/airflow_venv/lib/python3.8/site-packages/airflow/example_dags/tutorial_taskflow_api_etl.py for tasks to queue
[2024-06-10 10:19:18,919] {logging_mixin.py:103} INFO - [2024-06-10 10:19:18,919] {dagbag.py:440} INFO - Filling up the DagBag from /home/anhcu/Project/Stock_project/airflow_venv/lib/python3.8/site-packages/airflow/example_dags/tutorial_taskflow_api_etl.py
[2024-06-10 10:19:18,929] {scheduler_job.py:639} INFO - DAG(s) dict_keys(['tutorial_taskflow_api_etl']) retrieved from /home/anhcu/Project/Stock_project/airflow_venv/lib/python3.8/site-packages/airflow/example_dags/tutorial_taskflow_api_etl.py
[2024-06-10 10:19:18,930] {logging_mixin.py:103} INFO - [2024-06-10 10:19:18,930] {dag.py:1813} INFO - Sync 1 DAGs
[2024-06-10 10:19:18,947] {logging_mixin.py:103} INFO - [2024-06-10 10:19:18,947] {dag.py:2266} INFO - Setting next_dagrun for tutorial_taskflow_api_etl to None
[2024-06-10 10:19:18,968] {scheduler_job.py:189} INFO - Processing /home/anhcu/Project/Stock_project/airflow_venv/lib/python3.8/site-packages/airflow/example_dags/tutorial_taskflow_api_etl.py took 0.055 seconds
[2024-06-10 10:19:59,391] {scheduler_job.py:181} INFO - Started process (PID=72283) to work on /home/anhcu/Project/Stock_project/airflow_venv/lib/python3.8/site-packages/airflow/example_dags/tutorial_taskflow_api_etl.py
[2024-06-10 10:19:59,393] {scheduler_job.py:629} INFO - Processing file /home/anhcu/Project/Stock_project/airflow_venv/lib/python3.8/site-packages/airflow/example_dags/tutorial_taskflow_api_etl.py for tasks to queue
[2024-06-10 10:19:59,395] {logging_mixin.py:103} INFO - [2024-06-10 10:19:59,395] {dagbag.py:440} INFO - Filling up the DagBag from /home/anhcu/Project/Stock_project/airflow_venv/lib/python3.8/site-packages/airflow/example_dags/tutorial_taskflow_api_etl.py
[2024-06-10 10:19:59,411] {scheduler_job.py:639} INFO - DAG(s) dict_keys(['tutorial_taskflow_api_etl']) retrieved from /home/anhcu/Project/Stock_project/airflow_venv/lib/python3.8/site-packages/airflow/example_dags/tutorial_taskflow_api_etl.py
[2024-06-10 10:19:59,413] {logging_mixin.py:103} INFO - [2024-06-10 10:19:59,413] {dag.py:1813} INFO - Sync 1 DAGs
[2024-06-10 10:19:59,437] {logging_mixin.py:103} INFO - [2024-06-10 10:19:59,437] {dag.py:2266} INFO - Setting next_dagrun for tutorial_taskflow_api_etl to None
[2024-06-10 10:19:59,467] {scheduler_job.py:189} INFO - Processing /home/anhcu/Project/Stock_project/airflow_venv/lib/python3.8/site-packages/airflow/example_dags/tutorial_taskflow_api_etl.py took 0.080 seconds
[2024-06-10 10:20:28,829] {scheduler_job.py:181} INFO - Started process (PID=72535) to work on /home/anhcu/Project/Stock_project/airflow_venv/lib/python3.8/site-packages/airflow/example_dags/tutorial_taskflow_api_etl.py
[2024-06-10 10:20:28,832] {scheduler_job.py:629} INFO - Processing file /home/anhcu/Project/Stock_project/airflow_venv/lib/python3.8/site-packages/airflow/example_dags/tutorial_taskflow_api_etl.py for tasks to queue
[2024-06-10 10:20:28,833] {logging_mixin.py:103} INFO - [2024-06-10 10:20:28,833] {dagbag.py:440} INFO - Filling up the DagBag from /home/anhcu/Project/Stock_project/airflow_venv/lib/python3.8/site-packages/airflow/example_dags/tutorial_taskflow_api_etl.py
[2024-06-10 10:20:28,848] {scheduler_job.py:639} INFO - DAG(s) dict_keys(['tutorial_taskflow_api_etl']) retrieved from /home/anhcu/Project/Stock_project/airflow_venv/lib/python3.8/site-packages/airflow/example_dags/tutorial_taskflow_api_etl.py
[2024-06-10 10:20:28,850] {logging_mixin.py:103} INFO - [2024-06-10 10:20:28,850] {dag.py:1813} INFO - Sync 1 DAGs
[2024-06-10 10:20:28,874] {logging_mixin.py:103} INFO - [2024-06-10 10:20:28,874] {dag.py:2266} INFO - Setting next_dagrun for tutorial_taskflow_api_etl to None
[2024-06-10 10:20:28,885] {scheduler_job.py:189} INFO - Processing /home/anhcu/Project/Stock_project/airflow_venv/lib/python3.8/site-packages/airflow/example_dags/tutorial_taskflow_api_etl.py took 0.060 seconds
[2024-06-10 10:21:00,010] {scheduler_job.py:181} INFO - Started process (PID=72787) to work on /home/anhcu/Project/Stock_project/airflow_venv/lib/python3.8/site-packages/airflow/example_dags/tutorial_taskflow_api_etl.py
[2024-06-10 10:21:00,012] {scheduler_job.py:629} INFO - Processing file /home/anhcu/Project/Stock_project/airflow_venv/lib/python3.8/site-packages/airflow/example_dags/tutorial_taskflow_api_etl.py for tasks to queue
[2024-06-10 10:21:00,013] {logging_mixin.py:103} INFO - [2024-06-10 10:21:00,013] {dagbag.py:440} INFO - Filling up the DagBag from /home/anhcu/Project/Stock_project/airflow_venv/lib/python3.8/site-packages/airflow/example_dags/tutorial_taskflow_api_etl.py
[2024-06-10 10:21:00,028] {scheduler_job.py:639} INFO - DAG(s) dict_keys(['tutorial_taskflow_api_etl']) retrieved from /home/anhcu/Project/Stock_project/airflow_venv/lib/python3.8/site-packages/airflow/example_dags/tutorial_taskflow_api_etl.py
[2024-06-10 10:21:00,033] {logging_mixin.py:103} INFO - [2024-06-10 10:21:00,033] {dag.py:1813} INFO - Sync 1 DAGs
[2024-06-10 10:21:00,052] {logging_mixin.py:103} INFO - [2024-06-10 10:21:00,052] {dag.py:2266} INFO - Setting next_dagrun for tutorial_taskflow_api_etl to None
[2024-06-10 10:21:00,083] {scheduler_job.py:189} INFO - Processing /home/anhcu/Project/Stock_project/airflow_venv/lib/python3.8/site-packages/airflow/example_dags/tutorial_taskflow_api_etl.py took 0.077 seconds
[2024-06-10 10:21:30,312] {scheduler_job.py:181} INFO - Started process (PID=72922) to work on /home/anhcu/Project/Stock_project/airflow_venv/lib/python3.8/site-packages/airflow/example_dags/tutorial_taskflow_api_etl.py
[2024-06-10 10:21:30,314] {scheduler_job.py:629} INFO - Processing file /home/anhcu/Project/Stock_project/airflow_venv/lib/python3.8/site-packages/airflow/example_dags/tutorial_taskflow_api_etl.py for tasks to queue
[2024-06-10 10:21:30,315] {logging_mixin.py:103} INFO - [2024-06-10 10:21:30,315] {dagbag.py:440} INFO - Filling up the DagBag from /home/anhcu/Project/Stock_project/airflow_venv/lib/python3.8/site-packages/airflow/example_dags/tutorial_taskflow_api_etl.py
[2024-06-10 10:21:30,332] {scheduler_job.py:639} INFO - DAG(s) dict_keys(['tutorial_taskflow_api_etl']) retrieved from /home/anhcu/Project/Stock_project/airflow_venv/lib/python3.8/site-packages/airflow/example_dags/tutorial_taskflow_api_etl.py
[2024-06-10 10:21:30,334] {logging_mixin.py:103} INFO - [2024-06-10 10:21:30,334] {dag.py:1813} INFO - Sync 1 DAGs
[2024-06-10 10:21:30,380] {logging_mixin.py:103} INFO - [2024-06-10 10:21:30,380] {dag.py:2266} INFO - Setting next_dagrun for tutorial_taskflow_api_etl to None
[2024-06-10 10:21:30,413] {scheduler_job.py:189} INFO - Processing /home/anhcu/Project/Stock_project/airflow_venv/lib/python3.8/site-packages/airflow/example_dags/tutorial_taskflow_api_etl.py took 0.106 seconds
[2024-06-10 10:21:59,688] {scheduler_job.py:181} INFO - Started process (PID=73143) to work on /home/anhcu/Project/Stock_project/airflow_venv/lib/python3.8/site-packages/airflow/example_dags/tutorial_taskflow_api_etl.py
[2024-06-10 10:21:59,690] {scheduler_job.py:629} INFO - Processing file /home/anhcu/Project/Stock_project/airflow_venv/lib/python3.8/site-packages/airflow/example_dags/tutorial_taskflow_api_etl.py for tasks to queue
[2024-06-10 10:21:59,692] {logging_mixin.py:103} INFO - [2024-06-10 10:21:59,692] {dagbag.py:440} INFO - Filling up the DagBag from /home/anhcu/Project/Stock_project/airflow_venv/lib/python3.8/site-packages/airflow/example_dags/tutorial_taskflow_api_etl.py
[2024-06-10 10:21:59,717] {scheduler_job.py:639} INFO - DAG(s) dict_keys(['tutorial_taskflow_api_etl']) retrieved from /home/anhcu/Project/Stock_project/airflow_venv/lib/python3.8/site-packages/airflow/example_dags/tutorial_taskflow_api_etl.py
[2024-06-10 10:21:59,719] {logging_mixin.py:103} INFO - [2024-06-10 10:21:59,719] {dag.py:1813} INFO - Sync 1 DAGs
[2024-06-10 10:21:59,740] {logging_mixin.py:103} INFO - [2024-06-10 10:21:59,740] {dag.py:2266} INFO - Setting next_dagrun for tutorial_taskflow_api_etl to None
[2024-06-10 10:21:59,750] {scheduler_job.py:189} INFO - Processing /home/anhcu/Project/Stock_project/airflow_venv/lib/python3.8/site-packages/airflow/example_dags/tutorial_taskflow_api_etl.py took 0.075 seconds
[2024-06-10 10:22:29,123] {scheduler_job.py:181} INFO - Started process (PID=73295) to work on /home/anhcu/Project/Stock_project/airflow_venv/lib/python3.8/site-packages/airflow/example_dags/tutorial_taskflow_api_etl.py
[2024-06-10 10:22:29,124] {scheduler_job.py:629} INFO - Processing file /home/anhcu/Project/Stock_project/airflow_venv/lib/python3.8/site-packages/airflow/example_dags/tutorial_taskflow_api_etl.py for tasks to queue
[2024-06-10 10:22:29,126] {logging_mixin.py:103} INFO - [2024-06-10 10:22:29,125] {dagbag.py:440} INFO - Filling up the DagBag from /home/anhcu/Project/Stock_project/airflow_venv/lib/python3.8/site-packages/airflow/example_dags/tutorial_taskflow_api_etl.py
[2024-06-10 10:22:29,139] {scheduler_job.py:639} INFO - DAG(s) dict_keys(['tutorial_taskflow_api_etl']) retrieved from /home/anhcu/Project/Stock_project/airflow_venv/lib/python3.8/site-packages/airflow/example_dags/tutorial_taskflow_api_etl.py
[2024-06-10 10:22:29,140] {logging_mixin.py:103} INFO - [2024-06-10 10:22:29,140] {dag.py:1813} INFO - Sync 1 DAGs
[2024-06-10 10:22:29,155] {logging_mixin.py:103} INFO - [2024-06-10 10:22:29,155] {dag.py:2266} INFO - Setting next_dagrun for tutorial_taskflow_api_etl to None
[2024-06-10 10:22:29,176] {scheduler_job.py:189} INFO - Processing /home/anhcu/Project/Stock_project/airflow_venv/lib/python3.8/site-packages/airflow/example_dags/tutorial_taskflow_api_etl.py took 0.058 seconds
[2024-06-10 10:22:56,335] {scheduler_job.py:181} INFO - Started process (PID=73485) to work on /home/anhcu/Project/Stock_project/airflow_venv/lib/python3.8/site-packages/airflow/example_dags/tutorial_taskflow_api_etl.py
[2024-06-10 10:22:56,337] {scheduler_job.py:629} INFO - Processing file /home/anhcu/Project/Stock_project/airflow_venv/lib/python3.8/site-packages/airflow/example_dags/tutorial_taskflow_api_etl.py for tasks to queue
[2024-06-10 10:22:56,338] {logging_mixin.py:103} INFO - [2024-06-10 10:22:56,338] {dagbag.py:440} INFO - Filling up the DagBag from /home/anhcu/Project/Stock_project/airflow_venv/lib/python3.8/site-packages/airflow/example_dags/tutorial_taskflow_api_etl.py
[2024-06-10 10:22:56,351] {scheduler_job.py:639} INFO - DAG(s) dict_keys(['tutorial_taskflow_api_etl']) retrieved from /home/anhcu/Project/Stock_project/airflow_venv/lib/python3.8/site-packages/airflow/example_dags/tutorial_taskflow_api_etl.py
[2024-06-10 10:22:56,352] {logging_mixin.py:103} INFO - [2024-06-10 10:22:56,352] {dag.py:1813} INFO - Sync 1 DAGs
[2024-06-10 10:22:56,366] {logging_mixin.py:103} INFO - [2024-06-10 10:22:56,366] {dag.py:2266} INFO - Setting next_dagrun for tutorial_taskflow_api_etl to None
[2024-06-10 10:22:56,373] {scheduler_job.py:189} INFO - Processing /home/anhcu/Project/Stock_project/airflow_venv/lib/python3.8/site-packages/airflow/example_dags/tutorial_taskflow_api_etl.py took 0.042 seconds
[2024-06-10 10:23:48,377] {scheduler_job.py:181} INFO - Started process (PID=74193) to work on /home/anhcu/Project/Stock_project/airflow_venv/lib/python3.8/site-packages/airflow/example_dags/tutorial_taskflow_api_etl.py
[2024-06-10 10:23:48,382] {scheduler_job.py:629} INFO - Processing file /home/anhcu/Project/Stock_project/airflow_venv/lib/python3.8/site-packages/airflow/example_dags/tutorial_taskflow_api_etl.py for tasks to queue
[2024-06-10 10:23:48,383] {logging_mixin.py:103} INFO - [2024-06-10 10:23:48,383] {dagbag.py:440} INFO - Filling up the DagBag from /home/anhcu/Project/Stock_project/airflow_venv/lib/python3.8/site-packages/airflow/example_dags/tutorial_taskflow_api_etl.py
[2024-06-10 10:23:48,396] {scheduler_job.py:639} INFO - DAG(s) dict_keys(['tutorial_taskflow_api_etl']) retrieved from /home/anhcu/Project/Stock_project/airflow_venv/lib/python3.8/site-packages/airflow/example_dags/tutorial_taskflow_api_etl.py
[2024-06-10 10:23:48,397] {logging_mixin.py:103} INFO - [2024-06-10 10:23:48,396] {dag.py:1813} INFO - Sync 1 DAGs
[2024-06-10 10:23:48,411] {logging_mixin.py:103} INFO - [2024-06-10 10:23:48,411] {dag.py:2266} INFO - Setting next_dagrun for tutorial_taskflow_api_etl to None
[2024-06-10 10:23:48,431] {scheduler_job.py:189} INFO - Processing /home/anhcu/Project/Stock_project/airflow_venv/lib/python3.8/site-packages/airflow/example_dags/tutorial_taskflow_api_etl.py took 0.057 seconds
[2024-06-10 10:24:18,139] {scheduler_job.py:181} INFO - Started process (PID=74460) to work on /home/anhcu/Project/Stock_project/airflow_venv/lib/python3.8/site-packages/airflow/example_dags/tutorial_taskflow_api_etl.py
[2024-06-10 10:24:18,144] {scheduler_job.py:629} INFO - Processing file /home/anhcu/Project/Stock_project/airflow_venv/lib/python3.8/site-packages/airflow/example_dags/tutorial_taskflow_api_etl.py for tasks to queue
[2024-06-10 10:24:18,145] {logging_mixin.py:103} INFO - [2024-06-10 10:24:18,145] {dagbag.py:440} INFO - Filling up the DagBag from /home/anhcu/Project/Stock_project/airflow_venv/lib/python3.8/site-packages/airflow/example_dags/tutorial_taskflow_api_etl.py
[2024-06-10 10:24:18,154] {scheduler_job.py:639} INFO - DAG(s) dict_keys(['tutorial_taskflow_api_etl']) retrieved from /home/anhcu/Project/Stock_project/airflow_venv/lib/python3.8/site-packages/airflow/example_dags/tutorial_taskflow_api_etl.py
[2024-06-10 10:24:18,155] {logging_mixin.py:103} INFO - [2024-06-10 10:24:18,155] {dag.py:1813} INFO - Sync 1 DAGs
[2024-06-10 10:24:18,170] {logging_mixin.py:103} INFO - [2024-06-10 10:24:18,170] {dag.py:2266} INFO - Setting next_dagrun for tutorial_taskflow_api_etl to None
[2024-06-10 10:24:18,177] {scheduler_job.py:189} INFO - Processing /home/anhcu/Project/Stock_project/airflow_venv/lib/python3.8/site-packages/airflow/example_dags/tutorial_taskflow_api_etl.py took 0.041 seconds
[2024-06-10 10:24:50,405] {scheduler_job.py:181} INFO - Started process (PID=74843) to work on /home/anhcu/Project/Stock_project/airflow_venv/lib/python3.8/site-packages/airflow/example_dags/tutorial_taskflow_api_etl.py
[2024-06-10 10:24:50,411] {scheduler_job.py:629} INFO - Processing file /home/anhcu/Project/Stock_project/airflow_venv/lib/python3.8/site-packages/airflow/example_dags/tutorial_taskflow_api_etl.py for tasks to queue
[2024-06-10 10:24:50,418] {logging_mixin.py:103} INFO - [2024-06-10 10:24:50,418] {dagbag.py:440} INFO - Filling up the DagBag from /home/anhcu/Project/Stock_project/airflow_venv/lib/python3.8/site-packages/airflow/example_dags/tutorial_taskflow_api_etl.py
[2024-06-10 10:24:50,446] {scheduler_job.py:639} INFO - DAG(s) dict_keys(['tutorial_taskflow_api_etl']) retrieved from /home/anhcu/Project/Stock_project/airflow_venv/lib/python3.8/site-packages/airflow/example_dags/tutorial_taskflow_api_etl.py
[2024-06-10 10:24:50,447] {logging_mixin.py:103} INFO - [2024-06-10 10:24:50,447] {dag.py:1813} INFO - Sync 1 DAGs
[2024-06-10 10:24:50,491] {logging_mixin.py:103} INFO - [2024-06-10 10:24:50,491] {dag.py:2266} INFO - Setting next_dagrun for tutorial_taskflow_api_etl to None
[2024-06-10 10:24:50,522] {scheduler_job.py:189} INFO - Processing /home/anhcu/Project/Stock_project/airflow_venv/lib/python3.8/site-packages/airflow/example_dags/tutorial_taskflow_api_etl.py took 0.121 seconds
[2024-06-10 10:25:19,450] {scheduler_job.py:181} INFO - Started process (PID=75246) to work on /home/anhcu/Project/Stock_project/airflow_venv/lib/python3.8/site-packages/airflow/example_dags/tutorial_taskflow_api_etl.py
[2024-06-10 10:25:19,451] {scheduler_job.py:629} INFO - Processing file /home/anhcu/Project/Stock_project/airflow_venv/lib/python3.8/site-packages/airflow/example_dags/tutorial_taskflow_api_etl.py for tasks to queue
[2024-06-10 10:25:19,452] {logging_mixin.py:103} INFO - [2024-06-10 10:25:19,451] {dagbag.py:440} INFO - Filling up the DagBag from /home/anhcu/Project/Stock_project/airflow_venv/lib/python3.8/site-packages/airflow/example_dags/tutorial_taskflow_api_etl.py
[2024-06-10 10:25:19,463] {scheduler_job.py:639} INFO - DAG(s) dict_keys(['tutorial_taskflow_api_etl']) retrieved from /home/anhcu/Project/Stock_project/airflow_venv/lib/python3.8/site-packages/airflow/example_dags/tutorial_taskflow_api_etl.py
[2024-06-10 10:25:19,464] {logging_mixin.py:103} INFO - [2024-06-10 10:25:19,464] {dag.py:1813} INFO - Sync 1 DAGs
[2024-06-10 10:25:19,480] {logging_mixin.py:103} INFO - [2024-06-10 10:25:19,479] {dag.py:2266} INFO - Setting next_dagrun for tutorial_taskflow_api_etl to None
[2024-06-10 10:25:19,486] {scheduler_job.py:189} INFO - Processing /home/anhcu/Project/Stock_project/airflow_venv/lib/python3.8/site-packages/airflow/example_dags/tutorial_taskflow_api_etl.py took 0.040 seconds
[2024-06-10 10:25:50,342] {scheduler_job.py:181} INFO - Started process (PID=75517) to work on /home/anhcu/Project/Stock_project/airflow_venv/lib/python3.8/site-packages/airflow/example_dags/tutorial_taskflow_api_etl.py
[2024-06-10 10:25:50,343] {scheduler_job.py:629} INFO - Processing file /home/anhcu/Project/Stock_project/airflow_venv/lib/python3.8/site-packages/airflow/example_dags/tutorial_taskflow_api_etl.py for tasks to queue
[2024-06-10 10:25:50,344] {logging_mixin.py:103} INFO - [2024-06-10 10:25:50,344] {dagbag.py:440} INFO - Filling up the DagBag from /home/anhcu/Project/Stock_project/airflow_venv/lib/python3.8/site-packages/airflow/example_dags/tutorial_taskflow_api_etl.py
[2024-06-10 10:25:50,355] {scheduler_job.py:639} INFO - DAG(s) dict_keys(['tutorial_taskflow_api_etl']) retrieved from /home/anhcu/Project/Stock_project/airflow_venv/lib/python3.8/site-packages/airflow/example_dags/tutorial_taskflow_api_etl.py
[2024-06-10 10:25:50,356] {logging_mixin.py:103} INFO - [2024-06-10 10:25:50,356] {dag.py:1813} INFO - Sync 1 DAGs
[2024-06-10 10:25:50,372] {logging_mixin.py:103} INFO - [2024-06-10 10:25:50,372] {dag.py:2266} INFO - Setting next_dagrun for tutorial_taskflow_api_etl to None
[2024-06-10 10:25:50,392] {scheduler_job.py:189} INFO - Processing /home/anhcu/Project/Stock_project/airflow_venv/lib/python3.8/site-packages/airflow/example_dags/tutorial_taskflow_api_etl.py took 0.054 seconds
[2024-06-10 10:26:18,181] {scheduler_job.py:181} INFO - Started process (PID=75747) to work on /home/anhcu/Project/Stock_project/airflow_venv/lib/python3.8/site-packages/airflow/example_dags/tutorial_taskflow_api_etl.py
[2024-06-10 10:26:18,183] {scheduler_job.py:629} INFO - Processing file /home/anhcu/Project/Stock_project/airflow_venv/lib/python3.8/site-packages/airflow/example_dags/tutorial_taskflow_api_etl.py for tasks to queue
[2024-06-10 10:26:18,184] {logging_mixin.py:103} INFO - [2024-06-10 10:26:18,183] {dagbag.py:440} INFO - Filling up the DagBag from /home/anhcu/Project/Stock_project/airflow_venv/lib/python3.8/site-packages/airflow/example_dags/tutorial_taskflow_api_etl.py
[2024-06-10 10:26:18,196] {scheduler_job.py:639} INFO - DAG(s) dict_keys(['tutorial_taskflow_api_etl']) retrieved from /home/anhcu/Project/Stock_project/airflow_venv/lib/python3.8/site-packages/airflow/example_dags/tutorial_taskflow_api_etl.py
[2024-06-10 10:26:18,198] {logging_mixin.py:103} INFO - [2024-06-10 10:26:18,197] {dag.py:1813} INFO - Sync 1 DAGs
[2024-06-10 10:26:18,215] {logging_mixin.py:103} INFO - [2024-06-10 10:26:18,215] {dag.py:2266} INFO - Setting next_dagrun for tutorial_taskflow_api_etl to None
[2024-06-10 10:26:18,222] {scheduler_job.py:189} INFO - Processing /home/anhcu/Project/Stock_project/airflow_venv/lib/python3.8/site-packages/airflow/example_dags/tutorial_taskflow_api_etl.py took 0.046 seconds
[2024-06-10 10:26:45,154] {scheduler_job.py:181} INFO - Started process (PID=75903) to work on /home/anhcu/Project/Stock_project/airflow_venv/lib/python3.8/site-packages/airflow/example_dags/tutorial_taskflow_api_etl.py
[2024-06-10 10:26:45,155] {scheduler_job.py:629} INFO - Processing file /home/anhcu/Project/Stock_project/airflow_venv/lib/python3.8/site-packages/airflow/example_dags/tutorial_taskflow_api_etl.py for tasks to queue
[2024-06-10 10:26:45,156] {logging_mixin.py:103} INFO - [2024-06-10 10:26:45,156] {dagbag.py:440} INFO - Filling up the DagBag from /home/anhcu/Project/Stock_project/airflow_venv/lib/python3.8/site-packages/airflow/example_dags/tutorial_taskflow_api_etl.py
[2024-06-10 10:26:45,170] {scheduler_job.py:639} INFO - DAG(s) dict_keys(['tutorial_taskflow_api_etl']) retrieved from /home/anhcu/Project/Stock_project/airflow_venv/lib/python3.8/site-packages/airflow/example_dags/tutorial_taskflow_api_etl.py
[2024-06-10 10:26:45,171] {logging_mixin.py:103} INFO - [2024-06-10 10:26:45,171] {dag.py:1813} INFO - Sync 1 DAGs
[2024-06-10 10:26:45,188] {logging_mixin.py:103} INFO - [2024-06-10 10:26:45,188] {dag.py:2266} INFO - Setting next_dagrun for tutorial_taskflow_api_etl to None
[2024-06-10 10:26:45,209] {scheduler_job.py:189} INFO - Processing /home/anhcu/Project/Stock_project/airflow_venv/lib/python3.8/site-packages/airflow/example_dags/tutorial_taskflow_api_etl.py took 0.060 seconds
[2024-06-10 10:27:13,229] {scheduler_job.py:181} INFO - Started process (PID=76058) to work on /home/anhcu/Project/Stock_project/airflow_venv/lib/python3.8/site-packages/airflow/example_dags/tutorial_taskflow_api_etl.py
[2024-06-10 10:27:13,231] {scheduler_job.py:629} INFO - Processing file /home/anhcu/Project/Stock_project/airflow_venv/lib/python3.8/site-packages/airflow/example_dags/tutorial_taskflow_api_etl.py for tasks to queue
[2024-06-10 10:27:13,232] {logging_mixin.py:103} INFO - [2024-06-10 10:27:13,231] {dagbag.py:440} INFO - Filling up the DagBag from /home/anhcu/Project/Stock_project/airflow_venv/lib/python3.8/site-packages/airflow/example_dags/tutorial_taskflow_api_etl.py
[2024-06-10 10:27:13,243] {scheduler_job.py:639} INFO - DAG(s) dict_keys(['tutorial_taskflow_api_etl']) retrieved from /home/anhcu/Project/Stock_project/airflow_venv/lib/python3.8/site-packages/airflow/example_dags/tutorial_taskflow_api_etl.py
[2024-06-10 10:27:13,244] {logging_mixin.py:103} INFO - [2024-06-10 10:27:13,244] {dag.py:1813} INFO - Sync 1 DAGs
[2024-06-10 10:27:13,259] {logging_mixin.py:103} INFO - [2024-06-10 10:27:13,259] {dag.py:2266} INFO - Setting next_dagrun for tutorial_taskflow_api_etl to None
[2024-06-10 10:27:13,266] {scheduler_job.py:189} INFO - Processing /home/anhcu/Project/Stock_project/airflow_venv/lib/python3.8/site-packages/airflow/example_dags/tutorial_taskflow_api_etl.py took 0.041 seconds
[2024-06-10 10:27:41,480] {scheduler_job.py:181} INFO - Started process (PID=76178) to work on /home/anhcu/Project/Stock_project/airflow_venv/lib/python3.8/site-packages/airflow/example_dags/tutorial_taskflow_api_etl.py
[2024-06-10 10:27:41,482] {scheduler_job.py:629} INFO - Processing file /home/anhcu/Project/Stock_project/airflow_venv/lib/python3.8/site-packages/airflow/example_dags/tutorial_taskflow_api_etl.py for tasks to queue
[2024-06-10 10:27:41,483] {logging_mixin.py:103} INFO - [2024-06-10 10:27:41,483] {dagbag.py:440} INFO - Filling up the DagBag from /home/anhcu/Project/Stock_project/airflow_venv/lib/python3.8/site-packages/airflow/example_dags/tutorial_taskflow_api_etl.py
[2024-06-10 10:27:41,494] {scheduler_job.py:639} INFO - DAG(s) dict_keys(['tutorial_taskflow_api_etl']) retrieved from /home/anhcu/Project/Stock_project/airflow_venv/lib/python3.8/site-packages/airflow/example_dags/tutorial_taskflow_api_etl.py
[2024-06-10 10:27:41,495] {logging_mixin.py:103} INFO - [2024-06-10 10:27:41,495] {dag.py:1813} INFO - Sync 1 DAGs
[2024-06-10 10:27:41,510] {logging_mixin.py:103} INFO - [2024-06-10 10:27:41,510] {dag.py:2266} INFO - Setting next_dagrun for tutorial_taskflow_api_etl to None
[2024-06-10 10:27:41,530] {scheduler_job.py:189} INFO - Processing /home/anhcu/Project/Stock_project/airflow_venv/lib/python3.8/site-packages/airflow/example_dags/tutorial_taskflow_api_etl.py took 0.054 seconds
[2024-06-10 10:28:09,724] {scheduler_job.py:181} INFO - Started process (PID=76331) to work on /home/anhcu/Project/Stock_project/airflow_venv/lib/python3.8/site-packages/airflow/example_dags/tutorial_taskflow_api_etl.py
[2024-06-10 10:28:09,726] {scheduler_job.py:629} INFO - Processing file /home/anhcu/Project/Stock_project/airflow_venv/lib/python3.8/site-packages/airflow/example_dags/tutorial_taskflow_api_etl.py for tasks to queue
[2024-06-10 10:28:09,728] {logging_mixin.py:103} INFO - [2024-06-10 10:28:09,727] {dagbag.py:440} INFO - Filling up the DagBag from /home/anhcu/Project/Stock_project/airflow_venv/lib/python3.8/site-packages/airflow/example_dags/tutorial_taskflow_api_etl.py
[2024-06-10 10:28:09,751] {scheduler_job.py:639} INFO - DAG(s) dict_keys(['tutorial_taskflow_api_etl']) retrieved from /home/anhcu/Project/Stock_project/airflow_venv/lib/python3.8/site-packages/airflow/example_dags/tutorial_taskflow_api_etl.py
[2024-06-10 10:28:09,752] {logging_mixin.py:103} INFO - [2024-06-10 10:28:09,752] {dag.py:1813} INFO - Sync 1 DAGs
[2024-06-10 10:28:09,772] {logging_mixin.py:103} INFO - [2024-06-10 10:28:09,772] {dag.py:2266} INFO - Setting next_dagrun for tutorial_taskflow_api_etl to None
[2024-06-10 10:28:09,782] {scheduler_job.py:189} INFO - Processing /home/anhcu/Project/Stock_project/airflow_venv/lib/python3.8/site-packages/airflow/example_dags/tutorial_taskflow_api_etl.py took 0.069 seconds
[2024-06-10 10:28:37,050] {scheduler_job.py:181} INFO - Started process (PID=76447) to work on /home/anhcu/Project/Stock_project/airflow_venv/lib/python3.8/site-packages/airflow/example_dags/tutorial_taskflow_api_etl.py
[2024-06-10 10:28:37,052] {scheduler_job.py:629} INFO - Processing file /home/anhcu/Project/Stock_project/airflow_venv/lib/python3.8/site-packages/airflow/example_dags/tutorial_taskflow_api_etl.py for tasks to queue
[2024-06-10 10:28:37,053] {logging_mixin.py:103} INFO - [2024-06-10 10:28:37,053] {dagbag.py:440} INFO - Filling up the DagBag from /home/anhcu/Project/Stock_project/airflow_venv/lib/python3.8/site-packages/airflow/example_dags/tutorial_taskflow_api_etl.py
[2024-06-10 10:28:37,068] {scheduler_job.py:639} INFO - DAG(s) dict_keys(['tutorial_taskflow_api_etl']) retrieved from /home/anhcu/Project/Stock_project/airflow_venv/lib/python3.8/site-packages/airflow/example_dags/tutorial_taskflow_api_etl.py
[2024-06-10 10:28:37,069] {logging_mixin.py:103} INFO - [2024-06-10 10:28:37,069] {dag.py:1813} INFO - Sync 1 DAGs
[2024-06-10 10:28:37,085] {logging_mixin.py:103} INFO - [2024-06-10 10:28:37,085] {dag.py:2266} INFO - Setting next_dagrun for tutorial_taskflow_api_etl to None
[2024-06-10 10:28:37,106] {scheduler_job.py:189} INFO - Processing /home/anhcu/Project/Stock_project/airflow_venv/lib/python3.8/site-packages/airflow/example_dags/tutorial_taskflow_api_etl.py took 0.061 seconds
[2024-06-10 10:29:04,730] {scheduler_job.py:181} INFO - Started process (PID=76676) to work on /home/anhcu/Project/Stock_project/airflow_venv/lib/python3.8/site-packages/airflow/example_dags/tutorial_taskflow_api_etl.py
[2024-06-10 10:29:04,732] {scheduler_job.py:629} INFO - Processing file /home/anhcu/Project/Stock_project/airflow_venv/lib/python3.8/site-packages/airflow/example_dags/tutorial_taskflow_api_etl.py for tasks to queue
[2024-06-10 10:29:04,733] {logging_mixin.py:103} INFO - [2024-06-10 10:29:04,733] {dagbag.py:440} INFO - Filling up the DagBag from /home/anhcu/Project/Stock_project/airflow_venv/lib/python3.8/site-packages/airflow/example_dags/tutorial_taskflow_api_etl.py
[2024-06-10 10:29:04,744] {scheduler_job.py:639} INFO - DAG(s) dict_keys(['tutorial_taskflow_api_etl']) retrieved from /home/anhcu/Project/Stock_project/airflow_venv/lib/python3.8/site-packages/airflow/example_dags/tutorial_taskflow_api_etl.py
[2024-06-10 10:29:04,745] {logging_mixin.py:103} INFO - [2024-06-10 10:29:04,745] {dag.py:1813} INFO - Sync 1 DAGs
[2024-06-10 10:29:04,760] {logging_mixin.py:103} INFO - [2024-06-10 10:29:04,760] {dag.py:2266} INFO - Setting next_dagrun for tutorial_taskflow_api_etl to None
[2024-06-10 10:29:04,767] {scheduler_job.py:189} INFO - Processing /home/anhcu/Project/Stock_project/airflow_venv/lib/python3.8/site-packages/airflow/example_dags/tutorial_taskflow_api_etl.py took 0.041 seconds
[2024-06-10 10:29:31,713] {scheduler_job.py:181} INFO - Started process (PID=76829) to work on /home/anhcu/Project/Stock_project/airflow_venv/lib/python3.8/site-packages/airflow/example_dags/tutorial_taskflow_api_etl.py
[2024-06-10 10:29:31,716] {scheduler_job.py:629} INFO - Processing file /home/anhcu/Project/Stock_project/airflow_venv/lib/python3.8/site-packages/airflow/example_dags/tutorial_taskflow_api_etl.py for tasks to queue
[2024-06-10 10:29:31,717] {logging_mixin.py:103} INFO - [2024-06-10 10:29:31,717] {dagbag.py:440} INFO - Filling up the DagBag from /home/anhcu/Project/Stock_project/airflow_venv/lib/python3.8/site-packages/airflow/example_dags/tutorial_taskflow_api_etl.py
[2024-06-10 10:29:31,727] {scheduler_job.py:639} INFO - DAG(s) dict_keys(['tutorial_taskflow_api_etl']) retrieved from /home/anhcu/Project/Stock_project/airflow_venv/lib/python3.8/site-packages/airflow/example_dags/tutorial_taskflow_api_etl.py
[2024-06-10 10:29:31,728] {logging_mixin.py:103} INFO - [2024-06-10 10:29:31,728] {dag.py:1813} INFO - Sync 1 DAGs
[2024-06-10 10:29:31,743] {logging_mixin.py:103} INFO - [2024-06-10 10:29:31,743] {dag.py:2266} INFO - Setting next_dagrun for tutorial_taskflow_api_etl to None
[2024-06-10 10:29:31,764] {scheduler_job.py:189} INFO - Processing /home/anhcu/Project/Stock_project/airflow_venv/lib/python3.8/site-packages/airflow/example_dags/tutorial_taskflow_api_etl.py took 0.055 seconds
[2024-06-10 10:30:00,726] {scheduler_job.py:181} INFO - Started process (PID=76983) to work on /home/anhcu/Project/Stock_project/airflow_venv/lib/python3.8/site-packages/airflow/example_dags/tutorial_taskflow_api_etl.py
[2024-06-10 10:30:00,727] {scheduler_job.py:629} INFO - Processing file /home/anhcu/Project/Stock_project/airflow_venv/lib/python3.8/site-packages/airflow/example_dags/tutorial_taskflow_api_etl.py for tasks to queue
[2024-06-10 10:30:00,728] {logging_mixin.py:103} INFO - [2024-06-10 10:30:00,728] {dagbag.py:440} INFO - Filling up the DagBag from /home/anhcu/Project/Stock_project/airflow_venv/lib/python3.8/site-packages/airflow/example_dags/tutorial_taskflow_api_etl.py
[2024-06-10 10:30:00,739] {scheduler_job.py:639} INFO - DAG(s) dict_keys(['tutorial_taskflow_api_etl']) retrieved from /home/anhcu/Project/Stock_project/airflow_venv/lib/python3.8/site-packages/airflow/example_dags/tutorial_taskflow_api_etl.py
[2024-06-10 10:30:00,740] {logging_mixin.py:103} INFO - [2024-06-10 10:30:00,740] {dag.py:1813} INFO - Sync 1 DAGs
[2024-06-10 10:30:00,757] {logging_mixin.py:103} INFO - [2024-06-10 10:30:00,757] {dag.py:2266} INFO - Setting next_dagrun for tutorial_taskflow_api_etl to None
[2024-06-10 10:30:00,764] {scheduler_job.py:189} INFO - Processing /home/anhcu/Project/Stock_project/airflow_venv/lib/python3.8/site-packages/airflow/example_dags/tutorial_taskflow_api_etl.py took 0.042 seconds
[2024-06-10 10:30:27,148] {scheduler_job.py:181} INFO - Started process (PID=77141) to work on /home/anhcu/Project/Stock_project/airflow_venv/lib/python3.8/site-packages/airflow/example_dags/tutorial_taskflow_api_etl.py
[2024-06-10 10:30:27,150] {scheduler_job.py:629} INFO - Processing file /home/anhcu/Project/Stock_project/airflow_venv/lib/python3.8/site-packages/airflow/example_dags/tutorial_taskflow_api_etl.py for tasks to queue
[2024-06-10 10:30:27,152] {logging_mixin.py:103} INFO - [2024-06-10 10:30:27,152] {dagbag.py:440} INFO - Filling up the DagBag from /home/anhcu/Project/Stock_project/airflow_venv/lib/python3.8/site-packages/airflow/example_dags/tutorial_taskflow_api_etl.py
[2024-06-10 10:30:27,163] {scheduler_job.py:639} INFO - DAG(s) dict_keys(['tutorial_taskflow_api_etl']) retrieved from /home/anhcu/Project/Stock_project/airflow_venv/lib/python3.8/site-packages/airflow/example_dags/tutorial_taskflow_api_etl.py
[2024-06-10 10:30:27,164] {logging_mixin.py:103} INFO - [2024-06-10 10:30:27,164] {dag.py:1813} INFO - Sync 1 DAGs
[2024-06-10 10:30:27,179] {logging_mixin.py:103} INFO - [2024-06-10 10:30:27,178] {dag.py:2266} INFO - Setting next_dagrun for tutorial_taskflow_api_etl to None
[2024-06-10 10:30:27,199] {scheduler_job.py:189} INFO - Processing /home/anhcu/Project/Stock_project/airflow_venv/lib/python3.8/site-packages/airflow/example_dags/tutorial_taskflow_api_etl.py took 0.055 seconds
[2024-06-10 10:30:54,488] {scheduler_job.py:181} INFO - Started process (PID=77299) to work on /home/anhcu/Project/Stock_project/airflow_venv/lib/python3.8/site-packages/airflow/example_dags/tutorial_taskflow_api_etl.py
[2024-06-10 10:30:54,489] {scheduler_job.py:629} INFO - Processing file /home/anhcu/Project/Stock_project/airflow_venv/lib/python3.8/site-packages/airflow/example_dags/tutorial_taskflow_api_etl.py for tasks to queue
[2024-06-10 10:30:54,490] {logging_mixin.py:103} INFO - [2024-06-10 10:30:54,490] {dagbag.py:440} INFO - Filling up the DagBag from /home/anhcu/Project/Stock_project/airflow_venv/lib/python3.8/site-packages/airflow/example_dags/tutorial_taskflow_api_etl.py
[2024-06-10 10:30:54,501] {scheduler_job.py:639} INFO - DAG(s) dict_keys(['tutorial_taskflow_api_etl']) retrieved from /home/anhcu/Project/Stock_project/airflow_venv/lib/python3.8/site-packages/airflow/example_dags/tutorial_taskflow_api_etl.py
[2024-06-10 10:30:54,502] {logging_mixin.py:103} INFO - [2024-06-10 10:30:54,502] {dag.py:1813} INFO - Sync 1 DAGs
[2024-06-10 10:30:54,517] {logging_mixin.py:103} INFO - [2024-06-10 10:30:54,517] {dag.py:2266} INFO - Setting next_dagrun for tutorial_taskflow_api_etl to None
[2024-06-10 10:30:54,527] {scheduler_job.py:189} INFO - Processing /home/anhcu/Project/Stock_project/airflow_venv/lib/python3.8/site-packages/airflow/example_dags/tutorial_taskflow_api_etl.py took 0.043 seconds
[2024-06-10 10:31:21,709] {scheduler_job.py:181} INFO - Started process (PID=77417) to work on /home/anhcu/Project/Stock_project/airflow_venv/lib/python3.8/site-packages/airflow/example_dags/tutorial_taskflow_api_etl.py
[2024-06-10 10:31:21,711] {scheduler_job.py:629} INFO - Processing file /home/anhcu/Project/Stock_project/airflow_venv/lib/python3.8/site-packages/airflow/example_dags/tutorial_taskflow_api_etl.py for tasks to queue
[2024-06-10 10:31:21,712] {logging_mixin.py:103} INFO - [2024-06-10 10:31:21,712] {dagbag.py:440} INFO - Filling up the DagBag from /home/anhcu/Project/Stock_project/airflow_venv/lib/python3.8/site-packages/airflow/example_dags/tutorial_taskflow_api_etl.py
[2024-06-10 10:31:21,727] {scheduler_job.py:639} INFO - DAG(s) dict_keys(['tutorial_taskflow_api_etl']) retrieved from /home/anhcu/Project/Stock_project/airflow_venv/lib/python3.8/site-packages/airflow/example_dags/tutorial_taskflow_api_etl.py
[2024-06-10 10:31:21,728] {logging_mixin.py:103} INFO - [2024-06-10 10:31:21,728] {dag.py:1813} INFO - Sync 1 DAGs
[2024-06-10 10:31:21,743] {logging_mixin.py:103} INFO - [2024-06-10 10:31:21,742] {dag.py:2266} INFO - Setting next_dagrun for tutorial_taskflow_api_etl to None
[2024-06-10 10:31:21,763] {scheduler_job.py:189} INFO - Processing /home/anhcu/Project/Stock_project/airflow_venv/lib/python3.8/site-packages/airflow/example_dags/tutorial_taskflow_api_etl.py took 0.057 seconds
[2024-06-10 10:31:50,056] {scheduler_job.py:181} INFO - Started process (PID=77571) to work on /home/anhcu/Project/Stock_project/airflow_venv/lib/python3.8/site-packages/airflow/example_dags/tutorial_taskflow_api_etl.py
[2024-06-10 10:31:50,058] {scheduler_job.py:629} INFO - Processing file /home/anhcu/Project/Stock_project/airflow_venv/lib/python3.8/site-packages/airflow/example_dags/tutorial_taskflow_api_etl.py for tasks to queue
[2024-06-10 10:31:50,059] {logging_mixin.py:103} INFO - [2024-06-10 10:31:50,058] {dagbag.py:440} INFO - Filling up the DagBag from /home/anhcu/Project/Stock_project/airflow_venv/lib/python3.8/site-packages/airflow/example_dags/tutorial_taskflow_api_etl.py
[2024-06-10 10:31:50,069] {scheduler_job.py:639} INFO - DAG(s) dict_keys(['tutorial_taskflow_api_etl']) retrieved from /home/anhcu/Project/Stock_project/airflow_venv/lib/python3.8/site-packages/airflow/example_dags/tutorial_taskflow_api_etl.py
[2024-06-10 10:31:50,070] {logging_mixin.py:103} INFO - [2024-06-10 10:31:50,070] {dag.py:1813} INFO - Sync 1 DAGs
[2024-06-10 10:31:50,086] {logging_mixin.py:103} INFO - [2024-06-10 10:31:50,086] {dag.py:2266} INFO - Setting next_dagrun for tutorial_taskflow_api_etl to None
[2024-06-10 10:31:50,093] {scheduler_job.py:189} INFO - Processing /home/anhcu/Project/Stock_project/airflow_venv/lib/python3.8/site-packages/airflow/example_dags/tutorial_taskflow_api_etl.py took 0.042 seconds
[2024-06-10 10:32:18,331] {scheduler_job.py:181} INFO - Started process (PID=77693) to work on /home/anhcu/Project/Stock_project/airflow_venv/lib/python3.8/site-packages/airflow/example_dags/tutorial_taskflow_api_etl.py
[2024-06-10 10:32:18,333] {scheduler_job.py:629} INFO - Processing file /home/anhcu/Project/Stock_project/airflow_venv/lib/python3.8/site-packages/airflow/example_dags/tutorial_taskflow_api_etl.py for tasks to queue
[2024-06-10 10:32:18,333] {logging_mixin.py:103} INFO - [2024-06-10 10:32:18,333] {dagbag.py:440} INFO - Filling up the DagBag from /home/anhcu/Project/Stock_project/airflow_venv/lib/python3.8/site-packages/airflow/example_dags/tutorial_taskflow_api_etl.py
[2024-06-10 10:32:18,344] {scheduler_job.py:639} INFO - DAG(s) dict_keys(['tutorial_taskflow_api_etl']) retrieved from /home/anhcu/Project/Stock_project/airflow_venv/lib/python3.8/site-packages/airflow/example_dags/tutorial_taskflow_api_etl.py
[2024-06-10 10:32:18,345] {logging_mixin.py:103} INFO - [2024-06-10 10:32:18,345] {dag.py:1813} INFO - Sync 1 DAGs
[2024-06-10 10:32:18,360] {logging_mixin.py:103} INFO - [2024-06-10 10:32:18,360] {dag.py:2266} INFO - Setting next_dagrun for tutorial_taskflow_api_etl to None
[2024-06-10 10:32:18,381] {scheduler_job.py:189} INFO - Processing /home/anhcu/Project/Stock_project/airflow_venv/lib/python3.8/site-packages/airflow/example_dags/tutorial_taskflow_api_etl.py took 0.054 seconds
[2024-06-10 10:32:46,225] {scheduler_job.py:181} INFO - Started process (PID=77903) to work on /home/anhcu/Project/Stock_project/airflow_venv/lib/python3.8/site-packages/airflow/example_dags/tutorial_taskflow_api_etl.py
[2024-06-10 10:32:46,226] {scheduler_job.py:629} INFO - Processing file /home/anhcu/Project/Stock_project/airflow_venv/lib/python3.8/site-packages/airflow/example_dags/tutorial_taskflow_api_etl.py for tasks to queue
[2024-06-10 10:32:46,227] {logging_mixin.py:103} INFO - [2024-06-10 10:32:46,227] {dagbag.py:440} INFO - Filling up the DagBag from /home/anhcu/Project/Stock_project/airflow_venv/lib/python3.8/site-packages/airflow/example_dags/tutorial_taskflow_api_etl.py
[2024-06-10 10:32:46,249] {scheduler_job.py:639} INFO - DAG(s) dict_keys(['tutorial_taskflow_api_etl']) retrieved from /home/anhcu/Project/Stock_project/airflow_venv/lib/python3.8/site-packages/airflow/example_dags/tutorial_taskflow_api_etl.py
[2024-06-10 10:32:46,250] {logging_mixin.py:103} INFO - [2024-06-10 10:32:46,250] {dag.py:1813} INFO - Sync 1 DAGs
[2024-06-10 10:32:46,271] {logging_mixin.py:103} INFO - [2024-06-10 10:32:46,271] {dag.py:2266} INFO - Setting next_dagrun for tutorial_taskflow_api_etl to None
[2024-06-10 10:32:46,280] {scheduler_job.py:189} INFO - Processing /home/anhcu/Project/Stock_project/airflow_venv/lib/python3.8/site-packages/airflow/example_dags/tutorial_taskflow_api_etl.py took 0.062 seconds
[2024-06-10 10:33:13,905] {scheduler_job.py:181} INFO - Started process (PID=78113) to work on /home/anhcu/Project/Stock_project/airflow_venv/lib/python3.8/site-packages/airflow/example_dags/tutorial_taskflow_api_etl.py
[2024-06-10 10:33:13,907] {scheduler_job.py:629} INFO - Processing file /home/anhcu/Project/Stock_project/airflow_venv/lib/python3.8/site-packages/airflow/example_dags/tutorial_taskflow_api_etl.py for tasks to queue
[2024-06-10 10:33:13,908] {logging_mixin.py:103} INFO - [2024-06-10 10:33:13,908] {dagbag.py:440} INFO - Filling up the DagBag from /home/anhcu/Project/Stock_project/airflow_venv/lib/python3.8/site-packages/airflow/example_dags/tutorial_taskflow_api_etl.py
[2024-06-10 10:33:13,919] {scheduler_job.py:639} INFO - DAG(s) dict_keys(['tutorial_taskflow_api_etl']) retrieved from /home/anhcu/Project/Stock_project/airflow_venv/lib/python3.8/site-packages/airflow/example_dags/tutorial_taskflow_api_etl.py
[2024-06-10 10:33:13,921] {logging_mixin.py:103} INFO - [2024-06-10 10:33:13,921] {dag.py:1813} INFO - Sync 1 DAGs
[2024-06-10 10:33:13,936] {logging_mixin.py:103} INFO - [2024-06-10 10:33:13,936] {dag.py:2266} INFO - Setting next_dagrun for tutorial_taskflow_api_etl to None
[2024-06-10 10:33:13,956] {scheduler_job.py:189} INFO - Processing /home/anhcu/Project/Stock_project/airflow_venv/lib/python3.8/site-packages/airflow/example_dags/tutorial_taskflow_api_etl.py took 0.055 seconds
[2024-06-10 10:33:41,228] {scheduler_job.py:181} INFO - Started process (PID=78270) to work on /home/anhcu/Project/Stock_project/airflow_venv/lib/python3.8/site-packages/airflow/example_dags/tutorial_taskflow_api_etl.py
[2024-06-10 10:33:41,229] {scheduler_job.py:629} INFO - Processing file /home/anhcu/Project/Stock_project/airflow_venv/lib/python3.8/site-packages/airflow/example_dags/tutorial_taskflow_api_etl.py for tasks to queue
[2024-06-10 10:33:41,230] {logging_mixin.py:103} INFO - [2024-06-10 10:33:41,230] {dagbag.py:440} INFO - Filling up the DagBag from /home/anhcu/Project/Stock_project/airflow_venv/lib/python3.8/site-packages/airflow/example_dags/tutorial_taskflow_api_etl.py
[2024-06-10 10:33:41,241] {scheduler_job.py:639} INFO - DAG(s) dict_keys(['tutorial_taskflow_api_etl']) retrieved from /home/anhcu/Project/Stock_project/airflow_venv/lib/python3.8/site-packages/airflow/example_dags/tutorial_taskflow_api_etl.py
[2024-06-10 10:33:41,242] {logging_mixin.py:103} INFO - [2024-06-10 10:33:41,242] {dag.py:1813} INFO - Sync 1 DAGs
[2024-06-10 10:33:41,258] {logging_mixin.py:103} INFO - [2024-06-10 10:33:41,258] {dag.py:2266} INFO - Setting next_dagrun for tutorial_taskflow_api_etl to None
[2024-06-10 10:33:41,264] {scheduler_job.py:189} INFO - Processing /home/anhcu/Project/Stock_project/airflow_venv/lib/python3.8/site-packages/airflow/example_dags/tutorial_taskflow_api_etl.py took 0.041 seconds
[2024-06-10 10:34:09,592] {scheduler_job.py:181} INFO - Started process (PID=78430) to work on /home/anhcu/Project/Stock_project/airflow_venv/lib/python3.8/site-packages/airflow/example_dags/tutorial_taskflow_api_etl.py
[2024-06-10 10:34:09,594] {scheduler_job.py:629} INFO - Processing file /home/anhcu/Project/Stock_project/airflow_venv/lib/python3.8/site-packages/airflow/example_dags/tutorial_taskflow_api_etl.py for tasks to queue
[2024-06-10 10:34:09,595] {logging_mixin.py:103} INFO - [2024-06-10 10:34:09,595] {dagbag.py:440} INFO - Filling up the DagBag from /home/anhcu/Project/Stock_project/airflow_venv/lib/python3.8/site-packages/airflow/example_dags/tutorial_taskflow_api_etl.py
[2024-06-10 10:34:09,607] {scheduler_job.py:639} INFO - DAG(s) dict_keys(['tutorial_taskflow_api_etl']) retrieved from /home/anhcu/Project/Stock_project/airflow_venv/lib/python3.8/site-packages/airflow/example_dags/tutorial_taskflow_api_etl.py
[2024-06-10 10:34:09,608] {logging_mixin.py:103} INFO - [2024-06-10 10:34:09,608] {dag.py:1813} INFO - Sync 1 DAGs
[2024-06-10 10:34:09,623] {logging_mixin.py:103} INFO - [2024-06-10 10:34:09,623] {dag.py:2266} INFO - Setting next_dagrun for tutorial_taskflow_api_etl to None
[2024-06-10 10:34:09,646] {scheduler_job.py:189} INFO - Processing /home/anhcu/Project/Stock_project/airflow_venv/lib/python3.8/site-packages/airflow/example_dags/tutorial_taskflow_api_etl.py took 0.058 seconds
[2024-06-10 10:34:36,948] {scheduler_job.py:181} INFO - Started process (PID=78656) to work on /home/anhcu/Project/Stock_project/airflow_venv/lib/python3.8/site-packages/airflow/example_dags/tutorial_taskflow_api_etl.py
[2024-06-10 10:34:36,951] {scheduler_job.py:629} INFO - Processing file /home/anhcu/Project/Stock_project/airflow_venv/lib/python3.8/site-packages/airflow/example_dags/tutorial_taskflow_api_etl.py for tasks to queue
[2024-06-10 10:34:36,951] {logging_mixin.py:103} INFO - [2024-06-10 10:34:36,951] {dagbag.py:440} INFO - Filling up the DagBag from /home/anhcu/Project/Stock_project/airflow_venv/lib/python3.8/site-packages/airflow/example_dags/tutorial_taskflow_api_etl.py
[2024-06-10 10:34:36,962] {scheduler_job.py:639} INFO - DAG(s) dict_keys(['tutorial_taskflow_api_etl']) retrieved from /home/anhcu/Project/Stock_project/airflow_venv/lib/python3.8/site-packages/airflow/example_dags/tutorial_taskflow_api_etl.py
[2024-06-10 10:34:36,963] {logging_mixin.py:103} INFO - [2024-06-10 10:34:36,963] {dag.py:1813} INFO - Sync 1 DAGs
[2024-06-10 10:34:36,978] {logging_mixin.py:103} INFO - [2024-06-10 10:34:36,978] {dag.py:2266} INFO - Setting next_dagrun for tutorial_taskflow_api_etl to None
[2024-06-10 10:34:36,984] {scheduler_job.py:189} INFO - Processing /home/anhcu/Project/Stock_project/airflow_venv/lib/python3.8/site-packages/airflow/example_dags/tutorial_taskflow_api_etl.py took 0.040 seconds
[2024-06-10 10:35:04,153] {scheduler_job.py:181} INFO - Started process (PID=78857) to work on /home/anhcu/Project/Stock_project/airflow_venv/lib/python3.8/site-packages/airflow/example_dags/tutorial_taskflow_api_etl.py
[2024-06-10 10:35:04,155] {scheduler_job.py:629} INFO - Processing file /home/anhcu/Project/Stock_project/airflow_venv/lib/python3.8/site-packages/airflow/example_dags/tutorial_taskflow_api_etl.py for tasks to queue
[2024-06-10 10:35:04,155] {logging_mixin.py:103} INFO - [2024-06-10 10:35:04,155] {dagbag.py:440} INFO - Filling up the DagBag from /home/anhcu/Project/Stock_project/airflow_venv/lib/python3.8/site-packages/airflow/example_dags/tutorial_taskflow_api_etl.py
[2024-06-10 10:35:04,168] {scheduler_job.py:639} INFO - DAG(s) dict_keys(['tutorial_taskflow_api_etl']) retrieved from /home/anhcu/Project/Stock_project/airflow_venv/lib/python3.8/site-packages/airflow/example_dags/tutorial_taskflow_api_etl.py
[2024-06-10 10:35:04,169] {logging_mixin.py:103} INFO - [2024-06-10 10:35:04,169] {dag.py:1813} INFO - Sync 1 DAGs
[2024-06-10 10:35:04,184] {logging_mixin.py:103} INFO - [2024-06-10 10:35:04,184] {dag.py:2266} INFO - Setting next_dagrun for tutorial_taskflow_api_etl to None
[2024-06-10 10:35:04,204] {scheduler_job.py:189} INFO - Processing /home/anhcu/Project/Stock_project/airflow_venv/lib/python3.8/site-packages/airflow/example_dags/tutorial_taskflow_api_etl.py took 0.054 seconds
[2024-06-10 10:36:01,678] {scheduler_job.py:181} INFO - Started process (PID=79564) to work on /home/anhcu/Project/Stock_project/airflow_venv/lib/python3.8/site-packages/airflow/example_dags/tutorial_taskflow_api_etl.py
[2024-06-10 10:36:01,681] {scheduler_job.py:629} INFO - Processing file /home/anhcu/Project/Stock_project/airflow_venv/lib/python3.8/site-packages/airflow/example_dags/tutorial_taskflow_api_etl.py for tasks to queue
[2024-06-10 10:36:01,682] {logging_mixin.py:103} INFO - [2024-06-10 10:36:01,682] {dagbag.py:440} INFO - Filling up the DagBag from /home/anhcu/Project/Stock_project/airflow_venv/lib/python3.8/site-packages/airflow/example_dags/tutorial_taskflow_api_etl.py
[2024-06-10 10:36:01,693] {scheduler_job.py:639} INFO - DAG(s) dict_keys(['tutorial_taskflow_api_etl']) retrieved from /home/anhcu/Project/Stock_project/airflow_venv/lib/python3.8/site-packages/airflow/example_dags/tutorial_taskflow_api_etl.py
[2024-06-10 10:36:01,694] {logging_mixin.py:103} INFO - [2024-06-10 10:36:01,694] {dag.py:1813} INFO - Sync 1 DAGs
[2024-06-10 10:36:01,709] {logging_mixin.py:103} INFO - [2024-06-10 10:36:01,709] {dag.py:2266} INFO - Setting next_dagrun for tutorial_taskflow_api_etl to None
[2024-06-10 10:36:01,731] {scheduler_job.py:189} INFO - Processing /home/anhcu/Project/Stock_project/airflow_venv/lib/python3.8/site-packages/airflow/example_dags/tutorial_taskflow_api_etl.py took 0.056 seconds
